[2024-09-25T13:53:27.761+0000] {processor.py:186} INFO - Started process (PID=248) to work on /home/airflow/.local/lib/python3.12/site-packages/airflow/example_dags/example_complex.py
[2024-09-25T13:53:27.762+0000] {processor.py:914} INFO - Processing file /home/airflow/.local/lib/python3.12/site-packages/airflow/example_dags/example_complex.py for tasks to queue
[2024-09-25T13:53:27.764+0000] {logging_mixin.py:190} INFO - [2024-09-25T13:53:27.764+0000] {dagbag.py:588} INFO - Filling up the DagBag from /home/airflow/.local/lib/python3.12/site-packages/airflow/example_dags/example_complex.py
[2024-09-25T13:53:27.775+0000] {processor.py:925} INFO - DAG(s) 'example_complex' retrieved from /home/airflow/.local/lib/python3.12/site-packages/airflow/example_dags/example_complex.py
[2024-09-25T13:53:27.808+0000] {logging_mixin.py:190} INFO - [2024-09-25T13:53:27.808+0000] {dag.py:3239} INFO - Sync 1 DAGs
[2024-09-25T13:53:27.824+0000] {logging_mixin.py:190} INFO - [2024-09-25T13:53:27.823+0000] {dag.py:4180} INFO - Setting next_dagrun for example_complex to None, run_after=None
[2024-09-25T13:53:27.844+0000] {processor.py:208} INFO - Processing /home/airflow/.local/lib/python3.12/site-packages/airflow/example_dags/example_complex.py took 0.089 seconds
[2024-09-25T13:53:58.234+0000] {processor.py:186} INFO - Started process (PID=547) to work on /home/airflow/.local/lib/python3.12/site-packages/airflow/example_dags/example_complex.py
[2024-09-25T13:53:58.235+0000] {processor.py:914} INFO - Processing file /home/airflow/.local/lib/python3.12/site-packages/airflow/example_dags/example_complex.py for tasks to queue
[2024-09-25T13:53:58.237+0000] {logging_mixin.py:190} INFO - [2024-09-25T13:53:58.237+0000] {dagbag.py:588} INFO - Filling up the DagBag from /home/airflow/.local/lib/python3.12/site-packages/airflow/example_dags/example_complex.py
[2024-09-25T13:53:58.247+0000] {processor.py:925} INFO - DAG(s) 'example_complex' retrieved from /home/airflow/.local/lib/python3.12/site-packages/airflow/example_dags/example_complex.py
[2024-09-25T13:53:58.275+0000] {logging_mixin.py:190} INFO - [2024-09-25T13:53:58.275+0000] {dag.py:3239} INFO - Sync 1 DAGs
[2024-09-25T13:53:58.288+0000] {logging_mixin.py:190} INFO - [2024-09-25T13:53:58.288+0000] {dag.py:4180} INFO - Setting next_dagrun for example_complex to None, run_after=None
[2024-09-25T13:53:58.302+0000] {processor.py:208} INFO - Processing /home/airflow/.local/lib/python3.12/site-packages/airflow/example_dags/example_complex.py took 0.073 seconds
[2024-09-25T13:54:28.389+0000] {processor.py:186} INFO - Started process (PID=831) to work on /home/airflow/.local/lib/python3.12/site-packages/airflow/example_dags/example_complex.py
[2024-09-25T13:54:28.390+0000] {processor.py:914} INFO - Processing file /home/airflow/.local/lib/python3.12/site-packages/airflow/example_dags/example_complex.py for tasks to queue
[2024-09-25T13:54:28.392+0000] {logging_mixin.py:190} INFO - [2024-09-25T13:54:28.392+0000] {dagbag.py:588} INFO - Filling up the DagBag from /home/airflow/.local/lib/python3.12/site-packages/airflow/example_dags/example_complex.py
[2024-09-25T13:54:28.402+0000] {processor.py:925} INFO - DAG(s) 'example_complex' retrieved from /home/airflow/.local/lib/python3.12/site-packages/airflow/example_dags/example_complex.py
[2024-09-25T13:54:28.430+0000] {logging_mixin.py:190} INFO - [2024-09-25T13:54:28.430+0000] {dag.py:3239} INFO - Sync 1 DAGs
[2024-09-25T13:54:28.443+0000] {logging_mixin.py:190} INFO - [2024-09-25T13:54:28.443+0000] {dag.py:4180} INFO - Setting next_dagrun for example_complex to None, run_after=None
[2024-09-25T13:54:28.459+0000] {processor.py:208} INFO - Processing /home/airflow/.local/lib/python3.12/site-packages/airflow/example_dags/example_complex.py took 0.075 seconds
[2024-09-25T13:54:59.051+0000] {processor.py:186} INFO - Started process (PID=1119) to work on /home/airflow/.local/lib/python3.12/site-packages/airflow/example_dags/example_complex.py
[2024-09-25T13:54:59.052+0000] {processor.py:914} INFO - Processing file /home/airflow/.local/lib/python3.12/site-packages/airflow/example_dags/example_complex.py for tasks to queue
[2024-09-25T13:54:59.054+0000] {logging_mixin.py:190} INFO - [2024-09-25T13:54:59.054+0000] {dagbag.py:588} INFO - Filling up the DagBag from /home/airflow/.local/lib/python3.12/site-packages/airflow/example_dags/example_complex.py
[2024-09-25T13:54:59.064+0000] {processor.py:925} INFO - DAG(s) 'example_complex' retrieved from /home/airflow/.local/lib/python3.12/site-packages/airflow/example_dags/example_complex.py
[2024-09-25T13:54:59.094+0000] {logging_mixin.py:190} INFO - [2024-09-25T13:54:59.094+0000] {dag.py:3239} INFO - Sync 1 DAGs
[2024-09-25T13:54:59.107+0000] {logging_mixin.py:190} INFO - [2024-09-25T13:54:59.107+0000] {dag.py:4180} INFO - Setting next_dagrun for example_complex to None, run_after=None
[2024-09-25T13:54:59.122+0000] {processor.py:208} INFO - Processing /home/airflow/.local/lib/python3.12/site-packages/airflow/example_dags/example_complex.py took 0.076 seconds
[2024-09-25T13:55:29.441+0000] {processor.py:186} INFO - Started process (PID=1403) to work on /home/airflow/.local/lib/python3.12/site-packages/airflow/example_dags/example_complex.py
[2024-09-25T13:55:29.442+0000] {processor.py:914} INFO - Processing file /home/airflow/.local/lib/python3.12/site-packages/airflow/example_dags/example_complex.py for tasks to queue
[2024-09-25T13:55:29.444+0000] {logging_mixin.py:190} INFO - [2024-09-25T13:55:29.444+0000] {dagbag.py:588} INFO - Filling up the DagBag from /home/airflow/.local/lib/python3.12/site-packages/airflow/example_dags/example_complex.py
[2024-09-25T13:55:29.455+0000] {processor.py:925} INFO - DAG(s) 'example_complex' retrieved from /home/airflow/.local/lib/python3.12/site-packages/airflow/example_dags/example_complex.py
[2024-09-25T13:55:29.484+0000] {logging_mixin.py:190} INFO - [2024-09-25T13:55:29.484+0000] {dag.py:3239} INFO - Sync 1 DAGs
[2024-09-25T13:55:29.497+0000] {logging_mixin.py:190} INFO - [2024-09-25T13:55:29.497+0000] {dag.py:4180} INFO - Setting next_dagrun for example_complex to None, run_after=None
[2024-09-25T13:55:29.512+0000] {processor.py:208} INFO - Processing /home/airflow/.local/lib/python3.12/site-packages/airflow/example_dags/example_complex.py took 0.077 seconds
[2024-09-25T13:55:59.717+0000] {processor.py:186} INFO - Started process (PID=1697) to work on /home/airflow/.local/lib/python3.12/site-packages/airflow/example_dags/example_complex.py
[2024-09-25T13:55:59.718+0000] {processor.py:914} INFO - Processing file /home/airflow/.local/lib/python3.12/site-packages/airflow/example_dags/example_complex.py for tasks to queue
[2024-09-25T13:55:59.720+0000] {logging_mixin.py:190} INFO - [2024-09-25T13:55:59.720+0000] {dagbag.py:588} INFO - Filling up the DagBag from /home/airflow/.local/lib/python3.12/site-packages/airflow/example_dags/example_complex.py
[2024-09-25T13:55:59.731+0000] {processor.py:925} INFO - DAG(s) 'example_complex' retrieved from /home/airflow/.local/lib/python3.12/site-packages/airflow/example_dags/example_complex.py
[2024-09-25T13:55:59.761+0000] {logging_mixin.py:190} INFO - [2024-09-25T13:55:59.761+0000] {dag.py:3239} INFO - Sync 1 DAGs
[2024-09-25T13:55:59.774+0000] {logging_mixin.py:190} INFO - [2024-09-25T13:55:59.774+0000] {dag.py:4180} INFO - Setting next_dagrun for example_complex to None, run_after=None
[2024-09-25T13:55:59.789+0000] {processor.py:208} INFO - Processing /home/airflow/.local/lib/python3.12/site-packages/airflow/example_dags/example_complex.py took 0.077 seconds
[2024-09-25T13:56:30.077+0000] {processor.py:186} INFO - Started process (PID=1983) to work on /home/airflow/.local/lib/python3.12/site-packages/airflow/example_dags/example_complex.py
[2024-09-25T13:56:30.078+0000] {processor.py:914} INFO - Processing file /home/airflow/.local/lib/python3.12/site-packages/airflow/example_dags/example_complex.py for tasks to queue
[2024-09-25T13:56:30.080+0000] {logging_mixin.py:190} INFO - [2024-09-25T13:56:30.080+0000] {dagbag.py:588} INFO - Filling up the DagBag from /home/airflow/.local/lib/python3.12/site-packages/airflow/example_dags/example_complex.py
[2024-09-25T13:56:30.091+0000] {processor.py:925} INFO - DAG(s) 'example_complex' retrieved from /home/airflow/.local/lib/python3.12/site-packages/airflow/example_dags/example_complex.py
[2024-09-25T13:56:30.119+0000] {logging_mixin.py:190} INFO - [2024-09-25T13:56:30.119+0000] {dag.py:3239} INFO - Sync 1 DAGs
[2024-09-25T13:56:30.132+0000] {logging_mixin.py:190} INFO - [2024-09-25T13:56:30.131+0000] {dag.py:4180} INFO - Setting next_dagrun for example_complex to None, run_after=None
[2024-09-25T13:56:30.148+0000] {processor.py:208} INFO - Processing /home/airflow/.local/lib/python3.12/site-packages/airflow/example_dags/example_complex.py took 0.075 seconds
[2024-09-25T13:57:00.408+0000] {processor.py:186} INFO - Started process (PID=2269) to work on /home/airflow/.local/lib/python3.12/site-packages/airflow/example_dags/example_complex.py
[2024-09-25T13:57:00.409+0000] {processor.py:914} INFO - Processing file /home/airflow/.local/lib/python3.12/site-packages/airflow/example_dags/example_complex.py for tasks to queue
[2024-09-25T13:57:00.410+0000] {logging_mixin.py:190} INFO - [2024-09-25T13:57:00.410+0000] {dagbag.py:588} INFO - Filling up the DagBag from /home/airflow/.local/lib/python3.12/site-packages/airflow/example_dags/example_complex.py
[2024-09-25T13:57:00.421+0000] {processor.py:925} INFO - DAG(s) 'example_complex' retrieved from /home/airflow/.local/lib/python3.12/site-packages/airflow/example_dags/example_complex.py
[2024-09-25T13:57:00.452+0000] {logging_mixin.py:190} INFO - [2024-09-25T13:57:00.451+0000] {dag.py:3239} INFO - Sync 1 DAGs
[2024-09-25T13:57:00.464+0000] {logging_mixin.py:190} INFO - [2024-09-25T13:57:00.464+0000] {dag.py:4180} INFO - Setting next_dagrun for example_complex to None, run_after=None
[2024-09-25T13:57:00.480+0000] {processor.py:208} INFO - Processing /home/airflow/.local/lib/python3.12/site-packages/airflow/example_dags/example_complex.py took 0.077 seconds
[2024-09-25T13:57:30.663+0000] {processor.py:186} INFO - Started process (PID=2556) to work on /home/airflow/.local/lib/python3.12/site-packages/airflow/example_dags/example_complex.py
[2024-09-25T13:57:30.664+0000] {processor.py:914} INFO - Processing file /home/airflow/.local/lib/python3.12/site-packages/airflow/example_dags/example_complex.py for tasks to queue
[2024-09-25T13:57:30.666+0000] {logging_mixin.py:190} INFO - [2024-09-25T13:57:30.666+0000] {dagbag.py:588} INFO - Filling up the DagBag from /home/airflow/.local/lib/python3.12/site-packages/airflow/example_dags/example_complex.py
[2024-09-25T13:57:30.679+0000] {processor.py:925} INFO - DAG(s) 'example_complex' retrieved from /home/airflow/.local/lib/python3.12/site-packages/airflow/example_dags/example_complex.py
[2024-09-25T13:57:30.707+0000] {logging_mixin.py:190} INFO - [2024-09-25T13:57:30.707+0000] {dag.py:3239} INFO - Sync 1 DAGs
[2024-09-25T13:57:30.720+0000] {logging_mixin.py:190} INFO - [2024-09-25T13:57:30.720+0000] {dag.py:4180} INFO - Setting next_dagrun for example_complex to None, run_after=None
[2024-09-25T13:57:30.735+0000] {processor.py:208} INFO - Processing /home/airflow/.local/lib/python3.12/site-packages/airflow/example_dags/example_complex.py took 0.078 seconds
[2024-09-25T13:58:00.890+0000] {processor.py:186} INFO - Started process (PID=2844) to work on /home/airflow/.local/lib/python3.12/site-packages/airflow/example_dags/example_complex.py
[2024-09-25T13:58:00.891+0000] {processor.py:914} INFO - Processing file /home/airflow/.local/lib/python3.12/site-packages/airflow/example_dags/example_complex.py for tasks to queue
[2024-09-25T13:58:00.892+0000] {logging_mixin.py:190} INFO - [2024-09-25T13:58:00.892+0000] {dagbag.py:588} INFO - Filling up the DagBag from /home/airflow/.local/lib/python3.12/site-packages/airflow/example_dags/example_complex.py
[2024-09-25T13:58:00.903+0000] {processor.py:925} INFO - DAG(s) 'example_complex' retrieved from /home/airflow/.local/lib/python3.12/site-packages/airflow/example_dags/example_complex.py
[2024-09-25T13:58:00.931+0000] {logging_mixin.py:190} INFO - [2024-09-25T13:58:00.931+0000] {dag.py:3239} INFO - Sync 1 DAGs
[2024-09-25T13:58:00.944+0000] {logging_mixin.py:190} INFO - [2024-09-25T13:58:00.944+0000] {dag.py:4180} INFO - Setting next_dagrun for example_complex to None, run_after=None
[2024-09-25T13:58:00.959+0000] {processor.py:208} INFO - Processing /home/airflow/.local/lib/python3.12/site-packages/airflow/example_dags/example_complex.py took 0.074 seconds
[2024-09-25T13:58:31.335+0000] {processor.py:186} INFO - Started process (PID=3142) to work on /home/airflow/.local/lib/python3.12/site-packages/airflow/example_dags/example_complex.py
[2024-09-25T13:58:31.336+0000] {processor.py:914} INFO - Processing file /home/airflow/.local/lib/python3.12/site-packages/airflow/example_dags/example_complex.py for tasks to queue
[2024-09-25T13:58:31.338+0000] {logging_mixin.py:190} INFO - [2024-09-25T13:58:31.338+0000] {dagbag.py:588} INFO - Filling up the DagBag from /home/airflow/.local/lib/python3.12/site-packages/airflow/example_dags/example_complex.py
[2024-09-25T13:58:31.348+0000] {processor.py:925} INFO - DAG(s) 'example_complex' retrieved from /home/airflow/.local/lib/python3.12/site-packages/airflow/example_dags/example_complex.py
[2024-09-25T13:58:31.377+0000] {logging_mixin.py:190} INFO - [2024-09-25T13:58:31.377+0000] {dag.py:3239} INFO - Sync 1 DAGs
[2024-09-25T13:58:31.390+0000] {logging_mixin.py:190} INFO - [2024-09-25T13:58:31.390+0000] {dag.py:4180} INFO - Setting next_dagrun for example_complex to None, run_after=None
[2024-09-25T13:58:31.405+0000] {processor.py:208} INFO - Processing /home/airflow/.local/lib/python3.12/site-packages/airflow/example_dags/example_complex.py took 0.075 seconds
[2024-09-25T13:59:01.573+0000] {processor.py:186} INFO - Started process (PID=3428) to work on /home/airflow/.local/lib/python3.12/site-packages/airflow/example_dags/example_complex.py
[2024-09-25T13:59:01.574+0000] {processor.py:914} INFO - Processing file /home/airflow/.local/lib/python3.12/site-packages/airflow/example_dags/example_complex.py for tasks to queue
[2024-09-25T13:59:01.576+0000] {logging_mixin.py:190} INFO - [2024-09-25T13:59:01.576+0000] {dagbag.py:588} INFO - Filling up the DagBag from /home/airflow/.local/lib/python3.12/site-packages/airflow/example_dags/example_complex.py
[2024-09-25T13:59:01.587+0000] {processor.py:925} INFO - DAG(s) 'example_complex' retrieved from /home/airflow/.local/lib/python3.12/site-packages/airflow/example_dags/example_complex.py
[2024-09-25T13:59:01.615+0000] {logging_mixin.py:190} INFO - [2024-09-25T13:59:01.615+0000] {dag.py:3239} INFO - Sync 1 DAGs
[2024-09-25T13:59:01.628+0000] {logging_mixin.py:190} INFO - [2024-09-25T13:59:01.628+0000] {dag.py:4180} INFO - Setting next_dagrun for example_complex to None, run_after=None
[2024-09-25T13:59:01.644+0000] {processor.py:208} INFO - Processing /home/airflow/.local/lib/python3.12/site-packages/airflow/example_dags/example_complex.py took 0.076 seconds
[2024-09-25T13:59:31.841+0000] {processor.py:186} INFO - Started process (PID=3714) to work on /home/airflow/.local/lib/python3.12/site-packages/airflow/example_dags/example_complex.py
[2024-09-25T13:59:31.842+0000] {processor.py:914} INFO - Processing file /home/airflow/.local/lib/python3.12/site-packages/airflow/example_dags/example_complex.py for tasks to queue
[2024-09-25T13:59:31.844+0000] {logging_mixin.py:190} INFO - [2024-09-25T13:59:31.844+0000] {dagbag.py:588} INFO - Filling up the DagBag from /home/airflow/.local/lib/python3.12/site-packages/airflow/example_dags/example_complex.py
[2024-09-25T13:59:31.857+0000] {processor.py:925} INFO - DAG(s) 'example_complex' retrieved from /home/airflow/.local/lib/python3.12/site-packages/airflow/example_dags/example_complex.py
[2024-09-25T13:59:31.885+0000] {logging_mixin.py:190} INFO - [2024-09-25T13:59:31.885+0000] {dag.py:3239} INFO - Sync 1 DAGs
[2024-09-25T13:59:31.899+0000] {logging_mixin.py:190} INFO - [2024-09-25T13:59:31.899+0000] {dag.py:4180} INFO - Setting next_dagrun for example_complex to None, run_after=None
[2024-09-25T13:59:31.916+0000] {processor.py:208} INFO - Processing /home/airflow/.local/lib/python3.12/site-packages/airflow/example_dags/example_complex.py took 0.080 seconds
[2024-09-25T14:00:02.178+0000] {processor.py:186} INFO - Started process (PID=4000) to work on /home/airflow/.local/lib/python3.12/site-packages/airflow/example_dags/example_complex.py
[2024-09-25T14:00:02.179+0000] {processor.py:914} INFO - Processing file /home/airflow/.local/lib/python3.12/site-packages/airflow/example_dags/example_complex.py for tasks to queue
[2024-09-25T14:00:02.181+0000] {logging_mixin.py:190} INFO - [2024-09-25T14:00:02.180+0000] {dagbag.py:588} INFO - Filling up the DagBag from /home/airflow/.local/lib/python3.12/site-packages/airflow/example_dags/example_complex.py
[2024-09-25T14:00:02.191+0000] {processor.py:925} INFO - DAG(s) 'example_complex' retrieved from /home/airflow/.local/lib/python3.12/site-packages/airflow/example_dags/example_complex.py
[2024-09-25T14:00:02.219+0000] {logging_mixin.py:190} INFO - [2024-09-25T14:00:02.219+0000] {dag.py:3239} INFO - Sync 1 DAGs
[2024-09-25T14:00:02.232+0000] {logging_mixin.py:190} INFO - [2024-09-25T14:00:02.232+0000] {dag.py:4180} INFO - Setting next_dagrun for example_complex to None, run_after=None
[2024-09-25T14:00:02.247+0000] {processor.py:208} INFO - Processing /home/airflow/.local/lib/python3.12/site-packages/airflow/example_dags/example_complex.py took 0.074 seconds
[2024-09-25T14:00:32.414+0000] {processor.py:186} INFO - Started process (PID=4286) to work on /home/airflow/.local/lib/python3.12/site-packages/airflow/example_dags/example_complex.py
[2024-09-25T14:00:32.415+0000] {processor.py:914} INFO - Processing file /home/airflow/.local/lib/python3.12/site-packages/airflow/example_dags/example_complex.py for tasks to queue
[2024-09-25T14:00:32.417+0000] {logging_mixin.py:190} INFO - [2024-09-25T14:00:32.417+0000] {dagbag.py:588} INFO - Filling up the DagBag from /home/airflow/.local/lib/python3.12/site-packages/airflow/example_dags/example_complex.py
[2024-09-25T14:00:32.427+0000] {processor.py:925} INFO - DAG(s) 'example_complex' retrieved from /home/airflow/.local/lib/python3.12/site-packages/airflow/example_dags/example_complex.py
[2024-09-25T14:00:32.456+0000] {logging_mixin.py:190} INFO - [2024-09-25T14:00:32.456+0000] {dag.py:3239} INFO - Sync 1 DAGs
[2024-09-25T14:00:32.469+0000] {logging_mixin.py:190} INFO - [2024-09-25T14:00:32.469+0000] {dag.py:4180} INFO - Setting next_dagrun for example_complex to None, run_after=None
[2024-09-25T14:00:32.485+0000] {processor.py:208} INFO - Processing /home/airflow/.local/lib/python3.12/site-packages/airflow/example_dags/example_complex.py took 0.076 seconds
[2024-09-25T14:01:02.679+0000] {processor.py:186} INFO - Started process (PID=4572) to work on /home/airflow/.local/lib/python3.12/site-packages/airflow/example_dags/example_complex.py
[2024-09-25T14:01:02.680+0000] {processor.py:914} INFO - Processing file /home/airflow/.local/lib/python3.12/site-packages/airflow/example_dags/example_complex.py for tasks to queue
[2024-09-25T14:01:02.682+0000] {logging_mixin.py:190} INFO - [2024-09-25T14:01:02.682+0000] {dagbag.py:588} INFO - Filling up the DagBag from /home/airflow/.local/lib/python3.12/site-packages/airflow/example_dags/example_complex.py
[2024-09-25T14:01:02.692+0000] {processor.py:925} INFO - DAG(s) 'example_complex' retrieved from /home/airflow/.local/lib/python3.12/site-packages/airflow/example_dags/example_complex.py
[2024-09-25T14:01:02.721+0000] {logging_mixin.py:190} INFO - [2024-09-25T14:01:02.720+0000] {dag.py:3239} INFO - Sync 1 DAGs
[2024-09-25T14:01:02.733+0000] {logging_mixin.py:190} INFO - [2024-09-25T14:01:02.733+0000] {dag.py:4180} INFO - Setting next_dagrun for example_complex to None, run_after=None
[2024-09-25T14:01:02.749+0000] {processor.py:208} INFO - Processing /home/airflow/.local/lib/python3.12/site-packages/airflow/example_dags/example_complex.py took 0.075 seconds
[2024-09-25T14:01:33.757+0000] {processor.py:186} INFO - Started process (PID=4858) to work on /home/airflow/.local/lib/python3.12/site-packages/airflow/example_dags/example_complex.py
[2024-09-25T14:01:33.757+0000] {processor.py:914} INFO - Processing file /home/airflow/.local/lib/python3.12/site-packages/airflow/example_dags/example_complex.py for tasks to queue
[2024-09-25T14:01:33.759+0000] {logging_mixin.py:190} INFO - [2024-09-25T14:01:33.759+0000] {dagbag.py:588} INFO - Filling up the DagBag from /home/airflow/.local/lib/python3.12/site-packages/airflow/example_dags/example_complex.py
[2024-09-25T14:01:33.770+0000] {processor.py:925} INFO - DAG(s) 'example_complex' retrieved from /home/airflow/.local/lib/python3.12/site-packages/airflow/example_dags/example_complex.py
[2024-09-25T14:01:33.799+0000] {logging_mixin.py:190} INFO - [2024-09-25T14:01:33.799+0000] {dag.py:3239} INFO - Sync 1 DAGs
[2024-09-25T14:01:33.812+0000] {logging_mixin.py:190} INFO - [2024-09-25T14:01:33.811+0000] {dag.py:4180} INFO - Setting next_dagrun for example_complex to None, run_after=None
[2024-09-25T14:01:33.827+0000] {processor.py:208} INFO - Processing /home/airflow/.local/lib/python3.12/site-packages/airflow/example_dags/example_complex.py took 0.076 seconds
[2024-09-25T14:02:04.030+0000] {processor.py:186} INFO - Started process (PID=5146) to work on /home/airflow/.local/lib/python3.12/site-packages/airflow/example_dags/example_complex.py
[2024-09-25T14:02:04.031+0000] {processor.py:914} INFO - Processing file /home/airflow/.local/lib/python3.12/site-packages/airflow/example_dags/example_complex.py for tasks to queue
[2024-09-25T14:02:04.033+0000] {logging_mixin.py:190} INFO - [2024-09-25T14:02:04.033+0000] {dagbag.py:588} INFO - Filling up the DagBag from /home/airflow/.local/lib/python3.12/site-packages/airflow/example_dags/example_complex.py
[2024-09-25T14:02:04.043+0000] {processor.py:925} INFO - DAG(s) 'example_complex' retrieved from /home/airflow/.local/lib/python3.12/site-packages/airflow/example_dags/example_complex.py
[2024-09-25T14:02:04.072+0000] {logging_mixin.py:190} INFO - [2024-09-25T14:02:04.072+0000] {dag.py:3239} INFO - Sync 1 DAGs
[2024-09-25T14:02:04.085+0000] {logging_mixin.py:190} INFO - [2024-09-25T14:02:04.085+0000] {dag.py:4180} INFO - Setting next_dagrun for example_complex to None, run_after=None
[2024-09-25T14:02:04.100+0000] {processor.py:208} INFO - Processing /home/airflow/.local/lib/python3.12/site-packages/airflow/example_dags/example_complex.py took 0.075 seconds
[2024-09-25T14:03:06.855+0000] {processor.py:186} INFO - Started process (PID=233) to work on /home/airflow/.local/lib/python3.12/site-packages/airflow/example_dags/example_complex.py
[2024-09-25T14:03:06.856+0000] {processor.py:914} INFO - Processing file /home/airflow/.local/lib/python3.12/site-packages/airflow/example_dags/example_complex.py for tasks to queue
[2024-09-25T14:03:06.858+0000] {logging_mixin.py:190} INFO - [2024-09-25T14:03:06.858+0000] {dagbag.py:588} INFO - Filling up the DagBag from /home/airflow/.local/lib/python3.12/site-packages/airflow/example_dags/example_complex.py
[2024-09-25T14:03:06.869+0000] {processor.py:925} INFO - DAG(s) 'example_complex' retrieved from /home/airflow/.local/lib/python3.12/site-packages/airflow/example_dags/example_complex.py
[2024-09-25T14:03:06.902+0000] {logging_mixin.py:190} INFO - [2024-09-25T14:03:06.902+0000] {dag.py:3239} INFO - Sync 1 DAGs
[2024-09-25T14:03:06.919+0000] {logging_mixin.py:190} INFO - [2024-09-25T14:03:06.919+0000] {dag.py:4180} INFO - Setting next_dagrun for example_complex to None, run_after=None
[2024-09-25T14:03:06.934+0000] {processor.py:208} INFO - Processing /home/airflow/.local/lib/python3.12/site-packages/airflow/example_dags/example_complex.py took 0.084 seconds
[2024-09-25T14:03:37.230+0000] {processor.py:186} INFO - Started process (PID=543) to work on /home/airflow/.local/lib/python3.12/site-packages/airflow/example_dags/example_complex.py
[2024-09-25T14:03:37.231+0000] {processor.py:914} INFO - Processing file /home/airflow/.local/lib/python3.12/site-packages/airflow/example_dags/example_complex.py for tasks to queue
[2024-09-25T14:03:37.233+0000] {logging_mixin.py:190} INFO - [2024-09-25T14:03:37.233+0000] {dagbag.py:588} INFO - Filling up the DagBag from /home/airflow/.local/lib/python3.12/site-packages/airflow/example_dags/example_complex.py
[2024-09-25T14:03:37.243+0000] {processor.py:925} INFO - DAG(s) 'example_complex' retrieved from /home/airflow/.local/lib/python3.12/site-packages/airflow/example_dags/example_complex.py
[2024-09-25T14:03:37.272+0000] {logging_mixin.py:190} INFO - [2024-09-25T14:03:37.272+0000] {dag.py:3239} INFO - Sync 1 DAGs
[2024-09-25T14:03:37.286+0000] {logging_mixin.py:190} INFO - [2024-09-25T14:03:37.286+0000] {dag.py:4180} INFO - Setting next_dagrun for example_complex to None, run_after=None
[2024-09-25T14:03:37.301+0000] {processor.py:208} INFO - Processing /home/airflow/.local/lib/python3.12/site-packages/airflow/example_dags/example_complex.py took 0.076 seconds
