[2024-09-25T13:53:27.421+0000] {processor.py:186} INFO - Started process (PID=226) to work on /home/airflow/.local/lib/python3.12/site-packages/airflow/example_dags/example_branch_operator.py
[2024-09-25T13:53:27.422+0000] {processor.py:914} INFO - Processing file /home/airflow/.local/lib/python3.12/site-packages/airflow/example_dags/example_branch_operator.py for tasks to queue
[2024-09-25T13:53:27.424+0000] {logging_mixin.py:190} INFO - [2024-09-25T13:53:27.424+0000] {dagbag.py:588} INFO - Filling up the DagBag from /home/airflow/.local/lib/python3.12/site-packages/airflow/example_dags/example_branch_operator.py
[2024-09-25T13:53:27.445+0000] {processor.py:925} INFO - DAG(s) 'example_branch_operator' retrieved from /home/airflow/.local/lib/python3.12/site-packages/airflow/example_dags/example_branch_operator.py
[2024-09-25T13:53:27.579+0000] {logging_mixin.py:190} INFO - [2024-09-25T13:53:27.579+0000] {dag.py:3239} INFO - Sync 1 DAGs
[2024-09-25T13:53:27.602+0000] {logging_mixin.py:190} INFO - [2024-09-25T13:53:27.601+0000] {dag.py:4180} INFO - Setting next_dagrun for example_branch_operator to 2024-09-24 00:00:00+00:00, run_after=2024-09-25 00:00:00+00:00
[2024-09-25T13:53:27.620+0000] {processor.py:208} INFO - Processing /home/airflow/.local/lib/python3.12/site-packages/airflow/example_dags/example_branch_operator.py took 0.204 seconds
[2024-09-25T13:53:58.033+0000] {processor.py:186} INFO - Started process (PID=532) to work on /home/airflow/.local/lib/python3.12/site-packages/airflow/example_dags/example_branch_operator.py
[2024-09-25T13:53:58.034+0000] {processor.py:914} INFO - Processing file /home/airflow/.local/lib/python3.12/site-packages/airflow/example_dags/example_branch_operator.py for tasks to queue
[2024-09-25T13:53:58.035+0000] {logging_mixin.py:190} INFO - [2024-09-25T13:53:58.035+0000] {dagbag.py:588} INFO - Filling up the DagBag from /home/airflow/.local/lib/python3.12/site-packages/airflow/example_dags/example_branch_operator.py
[2024-09-25T13:53:58.050+0000] {processor.py:925} INFO - DAG(s) 'example_branch_operator' retrieved from /home/airflow/.local/lib/python3.12/site-packages/airflow/example_dags/example_branch_operator.py
[2024-09-25T13:53:58.075+0000] {logging_mixin.py:190} INFO - [2024-09-25T13:53:58.075+0000] {dag.py:3239} INFO - Sync 1 DAGs
[2024-09-25T13:53:58.096+0000] {logging_mixin.py:190} INFO - [2024-09-25T13:53:58.096+0000] {dag.py:4180} INFO - Setting next_dagrun for example_branch_operator to 2024-09-24 00:00:00+00:00, run_after=2024-09-25 00:00:00+00:00
[2024-09-25T13:53:58.111+0000] {processor.py:208} INFO - Processing /home/airflow/.local/lib/python3.12/site-packages/airflow/example_dags/example_branch_operator.py took 0.083 seconds
[2024-09-25T13:54:28.231+0000] {processor.py:186} INFO - Started process (PID=816) to work on /home/airflow/.local/lib/python3.12/site-packages/airflow/example_dags/example_branch_operator.py
[2024-09-25T13:54:28.232+0000] {processor.py:914} INFO - Processing file /home/airflow/.local/lib/python3.12/site-packages/airflow/example_dags/example_branch_operator.py for tasks to queue
[2024-09-25T13:54:28.234+0000] {logging_mixin.py:190} INFO - [2024-09-25T13:54:28.233+0000] {dagbag.py:588} INFO - Filling up the DagBag from /home/airflow/.local/lib/python3.12/site-packages/airflow/example_dags/example_branch_operator.py
[2024-09-25T13:54:28.249+0000] {processor.py:925} INFO - DAG(s) 'example_branch_operator' retrieved from /home/airflow/.local/lib/python3.12/site-packages/airflow/example_dags/example_branch_operator.py
[2024-09-25T13:54:28.274+0000] {logging_mixin.py:190} INFO - [2024-09-25T13:54:28.274+0000] {dag.py:3239} INFO - Sync 1 DAGs
[2024-09-25T13:54:28.296+0000] {logging_mixin.py:190} INFO - [2024-09-25T13:54:28.296+0000] {dag.py:4180} INFO - Setting next_dagrun for example_branch_operator to 2024-09-24 00:00:00+00:00, run_after=2024-09-25 00:00:00+00:00
[2024-09-25T13:54:28.311+0000] {processor.py:208} INFO - Processing /home/airflow/.local/lib/python3.12/site-packages/airflow/example_dags/example_branch_operator.py took 0.085 seconds
[2024-09-25T13:54:58.845+0000] {processor.py:186} INFO - Started process (PID=1104) to work on /home/airflow/.local/lib/python3.12/site-packages/airflow/example_dags/example_branch_operator.py
[2024-09-25T13:54:58.846+0000] {processor.py:914} INFO - Processing file /home/airflow/.local/lib/python3.12/site-packages/airflow/example_dags/example_branch_operator.py for tasks to queue
[2024-09-25T13:54:58.848+0000] {logging_mixin.py:190} INFO - [2024-09-25T13:54:58.848+0000] {dagbag.py:588} INFO - Filling up the DagBag from /home/airflow/.local/lib/python3.12/site-packages/airflow/example_dags/example_branch_operator.py
[2024-09-25T13:54:58.864+0000] {processor.py:925} INFO - DAG(s) 'example_branch_operator' retrieved from /home/airflow/.local/lib/python3.12/site-packages/airflow/example_dags/example_branch_operator.py
[2024-09-25T13:54:58.889+0000] {logging_mixin.py:190} INFO - [2024-09-25T13:54:58.889+0000] {dag.py:3239} INFO - Sync 1 DAGs
[2024-09-25T13:54:58.911+0000] {logging_mixin.py:190} INFO - [2024-09-25T13:54:58.911+0000] {dag.py:4180} INFO - Setting next_dagrun for example_branch_operator to 2024-09-24 00:00:00+00:00, run_after=2024-09-25 00:00:00+00:00
[2024-09-25T13:54:58.928+0000] {processor.py:208} INFO - Processing /home/airflow/.local/lib/python3.12/site-packages/airflow/example_dags/example_branch_operator.py took 0.088 seconds
[2024-09-25T13:55:29.223+0000] {processor.py:186} INFO - Started process (PID=1383) to work on /home/airflow/.local/lib/python3.12/site-packages/airflow/example_dags/example_branch_operator.py
[2024-09-25T13:55:29.224+0000] {processor.py:914} INFO - Processing file /home/airflow/.local/lib/python3.12/site-packages/airflow/example_dags/example_branch_operator.py for tasks to queue
[2024-09-25T13:55:29.226+0000] {logging_mixin.py:190} INFO - [2024-09-25T13:55:29.226+0000] {dagbag.py:588} INFO - Filling up the DagBag from /home/airflow/.local/lib/python3.12/site-packages/airflow/example_dags/example_branch_operator.py
[2024-09-25T13:55:29.241+0000] {processor.py:925} INFO - DAG(s) 'example_branch_operator' retrieved from /home/airflow/.local/lib/python3.12/site-packages/airflow/example_dags/example_branch_operator.py
[2024-09-25T13:55:29.266+0000] {logging_mixin.py:190} INFO - [2024-09-25T13:55:29.266+0000] {dag.py:3239} INFO - Sync 1 DAGs
[2024-09-25T13:55:29.289+0000] {logging_mixin.py:190} INFO - [2024-09-25T13:55:29.288+0000] {dag.py:4180} INFO - Setting next_dagrun for example_branch_operator to 2024-09-24 00:00:00+00:00, run_after=2024-09-25 00:00:00+00:00
[2024-09-25T13:55:29.304+0000] {processor.py:208} INFO - Processing /home/airflow/.local/lib/python3.12/site-packages/airflow/example_dags/example_branch_operator.py took 0.086 seconds
[2024-09-25T13:55:59.510+0000] {processor.py:186} INFO - Started process (PID=1677) to work on /home/airflow/.local/lib/python3.12/site-packages/airflow/example_dags/example_branch_operator.py
[2024-09-25T13:55:59.511+0000] {processor.py:914} INFO - Processing file /home/airflow/.local/lib/python3.12/site-packages/airflow/example_dags/example_branch_operator.py for tasks to queue
[2024-09-25T13:55:59.513+0000] {logging_mixin.py:190} INFO - [2024-09-25T13:55:59.512+0000] {dagbag.py:588} INFO - Filling up the DagBag from /home/airflow/.local/lib/python3.12/site-packages/airflow/example_dags/example_branch_operator.py
[2024-09-25T13:55:59.528+0000] {processor.py:925} INFO - DAG(s) 'example_branch_operator' retrieved from /home/airflow/.local/lib/python3.12/site-packages/airflow/example_dags/example_branch_operator.py
[2024-09-25T13:55:59.553+0000] {logging_mixin.py:190} INFO - [2024-09-25T13:55:59.553+0000] {dag.py:3239} INFO - Sync 1 DAGs
[2024-09-25T13:55:59.576+0000] {logging_mixin.py:190} INFO - [2024-09-25T13:55:59.576+0000] {dag.py:4180} INFO - Setting next_dagrun for example_branch_operator to 2024-09-24 00:00:00+00:00, run_after=2024-09-25 00:00:00+00:00
[2024-09-25T13:55:59.591+0000] {processor.py:208} INFO - Processing /home/airflow/.local/lib/python3.12/site-packages/airflow/example_dags/example_branch_operator.py took 0.087 seconds
[2024-09-25T13:56:29.903+0000] {processor.py:186} INFO - Started process (PID=1965) to work on /home/airflow/.local/lib/python3.12/site-packages/airflow/example_dags/example_branch_operator.py
[2024-09-25T13:56:29.904+0000] {processor.py:914} INFO - Processing file /home/airflow/.local/lib/python3.12/site-packages/airflow/example_dags/example_branch_operator.py for tasks to queue
[2024-09-25T13:56:29.905+0000] {logging_mixin.py:190} INFO - [2024-09-25T13:56:29.905+0000] {dagbag.py:588} INFO - Filling up the DagBag from /home/airflow/.local/lib/python3.12/site-packages/airflow/example_dags/example_branch_operator.py
[2024-09-25T13:56:29.921+0000] {processor.py:925} INFO - DAG(s) 'example_branch_operator' retrieved from /home/airflow/.local/lib/python3.12/site-packages/airflow/example_dags/example_branch_operator.py
[2024-09-25T13:56:29.946+0000] {logging_mixin.py:190} INFO - [2024-09-25T13:56:29.946+0000] {dag.py:3239} INFO - Sync 1 DAGs
[2024-09-25T13:56:29.971+0000] {logging_mixin.py:190} INFO - [2024-09-25T13:56:29.971+0000] {dag.py:4180} INFO - Setting next_dagrun for example_branch_operator to 2024-09-24 00:00:00+00:00, run_after=2024-09-25 00:00:00+00:00
[2024-09-25T13:56:29.988+0000] {processor.py:208} INFO - Processing /home/airflow/.local/lib/python3.12/site-packages/airflow/example_dags/example_branch_operator.py took 0.090 seconds
[2024-09-25T13:57:00.206+0000] {processor.py:186} INFO - Started process (PID=2249) to work on /home/airflow/.local/lib/python3.12/site-packages/airflow/example_dags/example_branch_operator.py
[2024-09-25T13:57:00.207+0000] {processor.py:914} INFO - Processing file /home/airflow/.local/lib/python3.12/site-packages/airflow/example_dags/example_branch_operator.py for tasks to queue
[2024-09-25T13:57:00.209+0000] {logging_mixin.py:190} INFO - [2024-09-25T13:57:00.208+0000] {dagbag.py:588} INFO - Filling up the DagBag from /home/airflow/.local/lib/python3.12/site-packages/airflow/example_dags/example_branch_operator.py
[2024-09-25T13:57:00.224+0000] {processor.py:925} INFO - DAG(s) 'example_branch_operator' retrieved from /home/airflow/.local/lib/python3.12/site-packages/airflow/example_dags/example_branch_operator.py
[2024-09-25T13:57:00.249+0000] {logging_mixin.py:190} INFO - [2024-09-25T13:57:00.249+0000] {dag.py:3239} INFO - Sync 1 DAGs
[2024-09-25T13:57:00.271+0000] {logging_mixin.py:190} INFO - [2024-09-25T13:57:00.271+0000] {dag.py:4180} INFO - Setting next_dagrun for example_branch_operator to 2024-09-24 00:00:00+00:00, run_after=2024-09-25 00:00:00+00:00
[2024-09-25T13:57:00.286+0000] {processor.py:208} INFO - Processing /home/airflow/.local/lib/python3.12/site-packages/airflow/example_dags/example_branch_operator.py took 0.085 seconds
[2024-09-25T13:57:30.460+0000] {processor.py:186} INFO - Started process (PID=2536) to work on /home/airflow/.local/lib/python3.12/site-packages/airflow/example_dags/example_branch_operator.py
[2024-09-25T13:57:30.461+0000] {processor.py:914} INFO - Processing file /home/airflow/.local/lib/python3.12/site-packages/airflow/example_dags/example_branch_operator.py for tasks to queue
[2024-09-25T13:57:30.463+0000] {logging_mixin.py:190} INFO - [2024-09-25T13:57:30.462+0000] {dagbag.py:588} INFO - Filling up the DagBag from /home/airflow/.local/lib/python3.12/site-packages/airflow/example_dags/example_branch_operator.py
[2024-09-25T13:57:30.478+0000] {processor.py:925} INFO - DAG(s) 'example_branch_operator' retrieved from /home/airflow/.local/lib/python3.12/site-packages/airflow/example_dags/example_branch_operator.py
[2024-09-25T13:57:30.503+0000] {logging_mixin.py:190} INFO - [2024-09-25T13:57:30.503+0000] {dag.py:3239} INFO - Sync 1 DAGs
[2024-09-25T13:57:30.525+0000] {logging_mixin.py:190} INFO - [2024-09-25T13:57:30.525+0000] {dag.py:4180} INFO - Setting next_dagrun for example_branch_operator to 2024-09-24 00:00:00+00:00, run_after=2024-09-25 00:00:00+00:00
[2024-09-25T13:57:30.540+0000] {processor.py:208} INFO - Processing /home/airflow/.local/lib/python3.12/site-packages/airflow/example_dags/example_branch_operator.py took 0.085 seconds
[2024-09-25T13:58:00.684+0000] {processor.py:186} INFO - Started process (PID=2822) to work on /home/airflow/.local/lib/python3.12/site-packages/airflow/example_dags/example_branch_operator.py
[2024-09-25T13:58:00.685+0000] {processor.py:914} INFO - Processing file /home/airflow/.local/lib/python3.12/site-packages/airflow/example_dags/example_branch_operator.py for tasks to queue
[2024-09-25T13:58:00.687+0000] {logging_mixin.py:190} INFO - [2024-09-25T13:58:00.687+0000] {dagbag.py:588} INFO - Filling up the DagBag from /home/airflow/.local/lib/python3.12/site-packages/airflow/example_dags/example_branch_operator.py
[2024-09-25T13:58:00.703+0000] {processor.py:925} INFO - DAG(s) 'example_branch_operator' retrieved from /home/airflow/.local/lib/python3.12/site-packages/airflow/example_dags/example_branch_operator.py
[2024-09-25T13:58:00.728+0000] {logging_mixin.py:190} INFO - [2024-09-25T13:58:00.728+0000] {dag.py:3239} INFO - Sync 1 DAGs
[2024-09-25T13:58:00.750+0000] {logging_mixin.py:190} INFO - [2024-09-25T13:58:00.750+0000] {dag.py:4180} INFO - Setting next_dagrun for example_branch_operator to 2024-09-24 00:00:00+00:00, run_after=2024-09-25 00:00:00+00:00
[2024-09-25T13:58:00.765+0000] {processor.py:208} INFO - Processing /home/airflow/.local/lib/python3.12/site-packages/airflow/example_dags/example_branch_operator.py took 0.086 seconds
[2024-09-25T13:58:31.119+0000] {processor.py:186} INFO - Started process (PID=3122) to work on /home/airflow/.local/lib/python3.12/site-packages/airflow/example_dags/example_branch_operator.py
[2024-09-25T13:58:31.120+0000] {processor.py:914} INFO - Processing file /home/airflow/.local/lib/python3.12/site-packages/airflow/example_dags/example_branch_operator.py for tasks to queue
[2024-09-25T13:58:31.122+0000] {logging_mixin.py:190} INFO - [2024-09-25T13:58:31.122+0000] {dagbag.py:588} INFO - Filling up the DagBag from /home/airflow/.local/lib/python3.12/site-packages/airflow/example_dags/example_branch_operator.py
[2024-09-25T13:58:31.138+0000] {processor.py:925} INFO - DAG(s) 'example_branch_operator' retrieved from /home/airflow/.local/lib/python3.12/site-packages/airflow/example_dags/example_branch_operator.py
[2024-09-25T13:58:31.170+0000] {logging_mixin.py:190} INFO - [2024-09-25T13:58:31.170+0000] {dag.py:3239} INFO - Sync 1 DAGs
[2024-09-25T13:58:31.195+0000] {logging_mixin.py:190} INFO - [2024-09-25T13:58:31.195+0000] {dag.py:4180} INFO - Setting next_dagrun for example_branch_operator to 2024-09-24 00:00:00+00:00, run_after=2024-09-25 00:00:00+00:00
[2024-09-25T13:58:31.211+0000] {processor.py:208} INFO - Processing /home/airflow/.local/lib/python3.12/site-packages/airflow/example_dags/example_branch_operator.py took 0.096 seconds
[2024-09-25T13:59:01.365+0000] {processor.py:186} INFO - Started process (PID=3408) to work on /home/airflow/.local/lib/python3.12/site-packages/airflow/example_dags/example_branch_operator.py
[2024-09-25T13:59:01.366+0000] {processor.py:914} INFO - Processing file /home/airflow/.local/lib/python3.12/site-packages/airflow/example_dags/example_branch_operator.py for tasks to queue
[2024-09-25T13:59:01.368+0000] {logging_mixin.py:190} INFO - [2024-09-25T13:59:01.367+0000] {dagbag.py:588} INFO - Filling up the DagBag from /home/airflow/.local/lib/python3.12/site-packages/airflow/example_dags/example_branch_operator.py
[2024-09-25T13:59:01.383+0000] {processor.py:925} INFO - DAG(s) 'example_branch_operator' retrieved from /home/airflow/.local/lib/python3.12/site-packages/airflow/example_dags/example_branch_operator.py
[2024-09-25T13:59:01.408+0000] {logging_mixin.py:190} INFO - [2024-09-25T13:59:01.408+0000] {dag.py:3239} INFO - Sync 1 DAGs
[2024-09-25T13:59:01.430+0000] {logging_mixin.py:190} INFO - [2024-09-25T13:59:01.430+0000] {dag.py:4180} INFO - Setting next_dagrun for example_branch_operator to 2024-09-24 00:00:00+00:00, run_after=2024-09-25 00:00:00+00:00
[2024-09-25T13:59:01.445+0000] {processor.py:208} INFO - Processing /home/airflow/.local/lib/python3.12/site-packages/airflow/example_dags/example_branch_operator.py took 0.086 seconds
[2024-09-25T13:59:31.636+0000] {processor.py:186} INFO - Started process (PID=3694) to work on /home/airflow/.local/lib/python3.12/site-packages/airflow/example_dags/example_branch_operator.py
[2024-09-25T13:59:31.637+0000] {processor.py:914} INFO - Processing file /home/airflow/.local/lib/python3.12/site-packages/airflow/example_dags/example_branch_operator.py for tasks to queue
[2024-09-25T13:59:31.638+0000] {logging_mixin.py:190} INFO - [2024-09-25T13:59:31.638+0000] {dagbag.py:588} INFO - Filling up the DagBag from /home/airflow/.local/lib/python3.12/site-packages/airflow/example_dags/example_branch_operator.py
[2024-09-25T13:59:31.654+0000] {processor.py:925} INFO - DAG(s) 'example_branch_operator' retrieved from /home/airflow/.local/lib/python3.12/site-packages/airflow/example_dags/example_branch_operator.py
[2024-09-25T13:59:31.679+0000] {logging_mixin.py:190} INFO - [2024-09-25T13:59:31.679+0000] {dag.py:3239} INFO - Sync 1 DAGs
[2024-09-25T13:59:31.701+0000] {logging_mixin.py:190} INFO - [2024-09-25T13:59:31.701+0000] {dag.py:4180} INFO - Setting next_dagrun for example_branch_operator to 2024-09-24 00:00:00+00:00, run_after=2024-09-25 00:00:00+00:00
[2024-09-25T13:59:31.716+0000] {processor.py:208} INFO - Processing /home/airflow/.local/lib/python3.12/site-packages/airflow/example_dags/example_branch_operator.py took 0.086 seconds
[2024-09-25T14:00:01.969+0000] {processor.py:186} INFO - Started process (PID=3980) to work on /home/airflow/.local/lib/python3.12/site-packages/airflow/example_dags/example_branch_operator.py
[2024-09-25T14:00:01.970+0000] {processor.py:914} INFO - Processing file /home/airflow/.local/lib/python3.12/site-packages/airflow/example_dags/example_branch_operator.py for tasks to queue
[2024-09-25T14:00:01.972+0000] {logging_mixin.py:190} INFO - [2024-09-25T14:00:01.971+0000] {dagbag.py:588} INFO - Filling up the DagBag from /home/airflow/.local/lib/python3.12/site-packages/airflow/example_dags/example_branch_operator.py
[2024-09-25T14:00:01.987+0000] {processor.py:925} INFO - DAG(s) 'example_branch_operator' retrieved from /home/airflow/.local/lib/python3.12/site-packages/airflow/example_dags/example_branch_operator.py
[2024-09-25T14:00:02.012+0000] {logging_mixin.py:190} INFO - [2024-09-25T14:00:02.012+0000] {dag.py:3239} INFO - Sync 1 DAGs
[2024-09-25T14:00:02.034+0000] {logging_mixin.py:190} INFO - [2024-09-25T14:00:02.034+0000] {dag.py:4180} INFO - Setting next_dagrun for example_branch_operator to 2024-09-24 00:00:00+00:00, run_after=2024-09-25 00:00:00+00:00
[2024-09-25T14:00:02.049+0000] {processor.py:208} INFO - Processing /home/airflow/.local/lib/python3.12/site-packages/airflow/example_dags/example_branch_operator.py took 0.085 seconds
[2024-09-25T14:00:32.206+0000] {processor.py:186} INFO - Started process (PID=4266) to work on /home/airflow/.local/lib/python3.12/site-packages/airflow/example_dags/example_branch_operator.py
[2024-09-25T14:00:32.207+0000] {processor.py:914} INFO - Processing file /home/airflow/.local/lib/python3.12/site-packages/airflow/example_dags/example_branch_operator.py for tasks to queue
[2024-09-25T14:00:32.209+0000] {logging_mixin.py:190} INFO - [2024-09-25T14:00:32.208+0000] {dagbag.py:588} INFO - Filling up the DagBag from /home/airflow/.local/lib/python3.12/site-packages/airflow/example_dags/example_branch_operator.py
[2024-09-25T14:00:32.224+0000] {processor.py:925} INFO - DAG(s) 'example_branch_operator' retrieved from /home/airflow/.local/lib/python3.12/site-packages/airflow/example_dags/example_branch_operator.py
[2024-09-25T14:00:32.250+0000] {logging_mixin.py:190} INFO - [2024-09-25T14:00:32.250+0000] {dag.py:3239} INFO - Sync 1 DAGs
[2024-09-25T14:00:32.272+0000] {logging_mixin.py:190} INFO - [2024-09-25T14:00:32.272+0000] {dag.py:4180} INFO - Setting next_dagrun for example_branch_operator to 2024-09-24 00:00:00+00:00, run_after=2024-09-25 00:00:00+00:00
[2024-09-25T14:00:32.288+0000] {processor.py:208} INFO - Processing /home/airflow/.local/lib/python3.12/site-packages/airflow/example_dags/example_branch_operator.py took 0.087 seconds
[2024-09-25T14:01:02.476+0000] {processor.py:186} INFO - Started process (PID=4552) to work on /home/airflow/.local/lib/python3.12/site-packages/airflow/example_dags/example_branch_operator.py
[2024-09-25T14:01:02.477+0000] {processor.py:914} INFO - Processing file /home/airflow/.local/lib/python3.12/site-packages/airflow/example_dags/example_branch_operator.py for tasks to queue
[2024-09-25T14:01:02.479+0000] {logging_mixin.py:190} INFO - [2024-09-25T14:01:02.478+0000] {dagbag.py:588} INFO - Filling up the DagBag from /home/airflow/.local/lib/python3.12/site-packages/airflow/example_dags/example_branch_operator.py
[2024-09-25T14:01:02.494+0000] {processor.py:925} INFO - DAG(s) 'example_branch_operator' retrieved from /home/airflow/.local/lib/python3.12/site-packages/airflow/example_dags/example_branch_operator.py
[2024-09-25T14:01:02.519+0000] {logging_mixin.py:190} INFO - [2024-09-25T14:01:02.519+0000] {dag.py:3239} INFO - Sync 1 DAGs
[2024-09-25T14:01:02.542+0000] {logging_mixin.py:190} INFO - [2024-09-25T14:01:02.542+0000] {dag.py:4180} INFO - Setting next_dagrun for example_branch_operator to 2024-09-24 00:00:00+00:00, run_after=2024-09-25 00:00:00+00:00
[2024-09-25T14:01:02.557+0000] {processor.py:208} INFO - Processing /home/airflow/.local/lib/python3.12/site-packages/airflow/example_dags/example_branch_operator.py took 0.087 seconds
[2024-09-25T14:01:33.553+0000] {processor.py:186} INFO - Started process (PID=4838) to work on /home/airflow/.local/lib/python3.12/site-packages/airflow/example_dags/example_branch_operator.py
[2024-09-25T14:01:33.554+0000] {processor.py:914} INFO - Processing file /home/airflow/.local/lib/python3.12/site-packages/airflow/example_dags/example_branch_operator.py for tasks to queue
[2024-09-25T14:01:33.556+0000] {logging_mixin.py:190} INFO - [2024-09-25T14:01:33.555+0000] {dagbag.py:588} INFO - Filling up the DagBag from /home/airflow/.local/lib/python3.12/site-packages/airflow/example_dags/example_branch_operator.py
[2024-09-25T14:01:33.571+0000] {processor.py:925} INFO - DAG(s) 'example_branch_operator' retrieved from /home/airflow/.local/lib/python3.12/site-packages/airflow/example_dags/example_branch_operator.py
[2024-09-25T14:01:33.596+0000] {logging_mixin.py:190} INFO - [2024-09-25T14:01:33.596+0000] {dag.py:3239} INFO - Sync 1 DAGs
[2024-09-25T14:01:33.618+0000] {logging_mixin.py:190} INFO - [2024-09-25T14:01:33.618+0000] {dag.py:4180} INFO - Setting next_dagrun for example_branch_operator to 2024-09-24 00:00:00+00:00, run_after=2024-09-25 00:00:00+00:00
[2024-09-25T14:01:33.633+0000] {processor.py:208} INFO - Processing /home/airflow/.local/lib/python3.12/site-packages/airflow/example_dags/example_branch_operator.py took 0.086 seconds
[2024-09-25T14:02:03.833+0000] {processor.py:186} INFO - Started process (PID=5124) to work on /home/airflow/.local/lib/python3.12/site-packages/airflow/example_dags/example_branch_operator.py
[2024-09-25T14:02:03.834+0000] {processor.py:914} INFO - Processing file /home/airflow/.local/lib/python3.12/site-packages/airflow/example_dags/example_branch_operator.py for tasks to queue
[2024-09-25T14:02:03.837+0000] {logging_mixin.py:190} INFO - [2024-09-25T14:02:03.836+0000] {dagbag.py:588} INFO - Filling up the DagBag from /home/airflow/.local/lib/python3.12/site-packages/airflow/example_dags/example_branch_operator.py
[2024-09-25T14:02:03.855+0000] {processor.py:925} INFO - DAG(s) 'example_branch_operator' retrieved from /home/airflow/.local/lib/python3.12/site-packages/airflow/example_dags/example_branch_operator.py
[2024-09-25T14:02:03.881+0000] {logging_mixin.py:190} INFO - [2024-09-25T14:02:03.881+0000] {dag.py:3239} INFO - Sync 1 DAGs
[2024-09-25T14:02:03.901+0000] {logging_mixin.py:190} INFO - [2024-09-25T14:02:03.901+0000] {dag.py:4180} INFO - Setting next_dagrun for example_branch_operator to 2024-09-24 00:00:00+00:00, run_after=2024-09-25 00:00:00+00:00
[2024-09-25T14:02:03.917+0000] {processor.py:208} INFO - Processing /home/airflow/.local/lib/python3.12/site-packages/airflow/example_dags/example_branch_operator.py took 0.090 seconds
[2024-09-25T14:03:06.600+0000] {processor.py:186} INFO - Started process (PID=213) to work on /home/airflow/.local/lib/python3.12/site-packages/airflow/example_dags/example_branch_operator.py
[2024-09-25T14:03:06.600+0000] {processor.py:914} INFO - Processing file /home/airflow/.local/lib/python3.12/site-packages/airflow/example_dags/example_branch_operator.py for tasks to queue
[2024-09-25T14:03:06.602+0000] {logging_mixin.py:190} INFO - [2024-09-25T14:03:06.602+0000] {dagbag.py:588} INFO - Filling up the DagBag from /home/airflow/.local/lib/python3.12/site-packages/airflow/example_dags/example_branch_operator.py
[2024-09-25T14:03:06.617+0000] {processor.py:925} INFO - DAG(s) 'example_branch_operator' retrieved from /home/airflow/.local/lib/python3.12/site-packages/airflow/example_dags/example_branch_operator.py
[2024-09-25T14:03:06.730+0000] {logging_mixin.py:190} INFO - [2024-09-25T14:03:06.729+0000] {dag.py:3239} INFO - Sync 1 DAGs
[2024-09-25T14:03:06.749+0000] {logging_mixin.py:190} INFO - [2024-09-25T14:03:06.749+0000] {dag.py:4180} INFO - Setting next_dagrun for example_branch_operator to 2024-09-24 00:00:00+00:00, run_after=2024-09-25 00:00:00+00:00
[2024-09-25T14:03:06.764+0000] {processor.py:208} INFO - Processing /home/airflow/.local/lib/python3.12/site-packages/airflow/example_dags/example_branch_operator.py took 0.169 seconds
[2024-09-25T14:03:37.028+0000] {processor.py:186} INFO - Started process (PID=523) to work on /home/airflow/.local/lib/python3.12/site-packages/airflow/example_dags/example_branch_operator.py
[2024-09-25T14:03:37.029+0000] {processor.py:914} INFO - Processing file /home/airflow/.local/lib/python3.12/site-packages/airflow/example_dags/example_branch_operator.py for tasks to queue
[2024-09-25T14:03:37.031+0000] {logging_mixin.py:190} INFO - [2024-09-25T14:03:37.031+0000] {dagbag.py:588} INFO - Filling up the DagBag from /home/airflow/.local/lib/python3.12/site-packages/airflow/example_dags/example_branch_operator.py
[2024-09-25T14:03:37.046+0000] {processor.py:925} INFO - DAG(s) 'example_branch_operator' retrieved from /home/airflow/.local/lib/python3.12/site-packages/airflow/example_dags/example_branch_operator.py
[2024-09-25T14:03:37.071+0000] {logging_mixin.py:190} INFO - [2024-09-25T14:03:37.071+0000] {dag.py:3239} INFO - Sync 1 DAGs
[2024-09-25T14:03:37.093+0000] {logging_mixin.py:190} INFO - [2024-09-25T14:03:37.093+0000] {dag.py:4180} INFO - Setting next_dagrun for example_branch_operator to 2024-09-24 00:00:00+00:00, run_after=2024-09-25 00:00:00+00:00
[2024-09-25T14:03:37.109+0000] {processor.py:208} INFO - Processing /home/airflow/.local/lib/python3.12/site-packages/airflow/example_dags/example_branch_operator.py took 0.085 seconds
