[2024-09-25T13:53:29.576+0000] {processor.py:186} INFO - Started process (PID=381) to work on /home/airflow/.local/lib/python3.12/site-packages/airflow/example_dags/example_branch_datetime_operator.py
[2024-09-25T13:53:29.577+0000] {processor.py:914} INFO - Processing file /home/airflow/.local/lib/python3.12/site-packages/airflow/example_dags/example_branch_datetime_operator.py for tasks to queue
[2024-09-25T13:53:29.579+0000] {logging_mixin.py:190} INFO - [2024-09-25T13:53:29.579+0000] {dagbag.py:588} INFO - Filling up the DagBag from /home/airflow/.local/lib/python3.12/site-packages/airflow/example_dags/example_branch_datetime_operator.py
[2024-09-25T13:53:29.591+0000] {processor.py:925} INFO - DAG(s) 'example_branch_datetime_operator', 'example_branch_datetime_operator_3', 'example_branch_datetime_operator_2' retrieved from /home/airflow/.local/lib/python3.12/site-packages/airflow/example_dags/example_branch_datetime_operator.py
[2024-09-25T13:53:29.615+0000] {logging_mixin.py:190} INFO - [2024-09-25T13:53:29.615+0000] {dag.py:3239} INFO - Sync 3 DAGs
[2024-09-25T13:53:29.638+0000] {logging_mixin.py:190} INFO - [2024-09-25T13:53:29.638+0000] {dag.py:4180} INFO - Setting next_dagrun for example_branch_datetime_operator to 2024-09-24 00:00:00+00:00, run_after=2024-09-25 00:00:00+00:00
[2024-09-25T13:53:29.643+0000] {logging_mixin.py:190} INFO - [2024-09-25T13:53:29.643+0000] {dag.py:4180} INFO - Setting next_dagrun for example_branch_datetime_operator_2 to 2024-09-24 00:00:00+00:00, run_after=2024-09-25 00:00:00+00:00
[2024-09-25T13:53:29.647+0000] {logging_mixin.py:190} INFO - [2024-09-25T13:53:29.647+0000] {dag.py:4180} INFO - Setting next_dagrun for example_branch_datetime_operator_3 to 2024-09-24 00:00:00+00:00, run_after=2024-09-25 00:00:00+00:00
[2024-09-25T13:53:29.662+0000] {processor.py:208} INFO - Processing /home/airflow/.local/lib/python3.12/site-packages/airflow/example_dags/example_branch_datetime_operator.py took 0.091 seconds
[2024-09-25T13:53:59.756+0000] {processor.py:186} INFO - Started process (PID=680) to work on /home/airflow/.local/lib/python3.12/site-packages/airflow/example_dags/example_branch_datetime_operator.py
[2024-09-25T13:53:59.756+0000] {processor.py:914} INFO - Processing file /home/airflow/.local/lib/python3.12/site-packages/airflow/example_dags/example_branch_datetime_operator.py for tasks to queue
[2024-09-25T13:53:59.758+0000] {logging_mixin.py:190} INFO - [2024-09-25T13:53:59.758+0000] {dagbag.py:588} INFO - Filling up the DagBag from /home/airflow/.local/lib/python3.12/site-packages/airflow/example_dags/example_branch_datetime_operator.py
[2024-09-25T13:53:59.768+0000] {processor.py:925} INFO - DAG(s) 'example_branch_datetime_operator', 'example_branch_datetime_operator_3', 'example_branch_datetime_operator_2' retrieved from /home/airflow/.local/lib/python3.12/site-packages/airflow/example_dags/example_branch_datetime_operator.py
[2024-09-25T13:53:59.792+0000] {logging_mixin.py:190} INFO - [2024-09-25T13:53:59.791+0000] {dag.py:3239} INFO - Sync 3 DAGs
[2024-09-25T13:53:59.815+0000] {logging_mixin.py:190} INFO - [2024-09-25T13:53:59.815+0000] {dag.py:4180} INFO - Setting next_dagrun for example_branch_datetime_operator to 2024-09-24 00:00:00+00:00, run_after=2024-09-25 00:00:00+00:00
[2024-09-25T13:53:59.819+0000] {logging_mixin.py:190} INFO - [2024-09-25T13:53:59.819+0000] {dag.py:4180} INFO - Setting next_dagrun for example_branch_datetime_operator_2 to 2024-09-24 00:00:00+00:00, run_after=2024-09-25 00:00:00+00:00
[2024-09-25T13:53:59.822+0000] {logging_mixin.py:190} INFO - [2024-09-25T13:53:59.822+0000] {dag.py:4180} INFO - Setting next_dagrun for example_branch_datetime_operator_3 to 2024-09-24 00:00:00+00:00, run_after=2024-09-25 00:00:00+00:00
[2024-09-25T13:53:59.837+0000] {processor.py:208} INFO - Processing /home/airflow/.local/lib/python3.12/site-packages/airflow/example_dags/example_branch_datetime_operator.py took 0.087 seconds
[2024-09-25T13:54:30.284+0000] {processor.py:186} INFO - Started process (PID=966) to work on /home/airflow/.local/lib/python3.12/site-packages/airflow/example_dags/example_branch_datetime_operator.py
[2024-09-25T13:54:30.285+0000] {processor.py:914} INFO - Processing file /home/airflow/.local/lib/python3.12/site-packages/airflow/example_dags/example_branch_datetime_operator.py for tasks to queue
[2024-09-25T13:54:30.287+0000] {logging_mixin.py:190} INFO - [2024-09-25T13:54:30.287+0000] {dagbag.py:588} INFO - Filling up the DagBag from /home/airflow/.local/lib/python3.12/site-packages/airflow/example_dags/example_branch_datetime_operator.py
[2024-09-25T13:54:30.297+0000] {processor.py:925} INFO - DAG(s) 'example_branch_datetime_operator', 'example_branch_datetime_operator_2', 'example_branch_datetime_operator_3' retrieved from /home/airflow/.local/lib/python3.12/site-packages/airflow/example_dags/example_branch_datetime_operator.py
[2024-09-25T13:54:30.319+0000] {logging_mixin.py:190} INFO - [2024-09-25T13:54:30.319+0000] {dag.py:3239} INFO - Sync 3 DAGs
[2024-09-25T13:54:30.343+0000] {logging_mixin.py:190} INFO - [2024-09-25T13:54:30.343+0000] {dag.py:4180} INFO - Setting next_dagrun for example_branch_datetime_operator to 2024-09-24 00:00:00+00:00, run_after=2024-09-25 00:00:00+00:00
[2024-09-25T13:54:30.348+0000] {logging_mixin.py:190} INFO - [2024-09-25T13:54:30.348+0000] {dag.py:4180} INFO - Setting next_dagrun for example_branch_datetime_operator_2 to 2024-09-24 00:00:00+00:00, run_after=2024-09-25 00:00:00+00:00
[2024-09-25T13:54:30.351+0000] {logging_mixin.py:190} INFO - [2024-09-25T13:54:30.351+0000] {dag.py:4180} INFO - Setting next_dagrun for example_branch_datetime_operator_3 to 2024-09-24 00:00:00+00:00, run_after=2024-09-25 00:00:00+00:00
[2024-09-25T13:54:30.366+0000] {processor.py:208} INFO - Processing /home/airflow/.local/lib/python3.12/site-packages/airflow/example_dags/example_branch_datetime_operator.py took 0.087 seconds
[2024-09-25T13:55:00.812+0000] {processor.py:186} INFO - Started process (PID=1254) to work on /home/airflow/.local/lib/python3.12/site-packages/airflow/example_dags/example_branch_datetime_operator.py
[2024-09-25T13:55:00.813+0000] {processor.py:914} INFO - Processing file /home/airflow/.local/lib/python3.12/site-packages/airflow/example_dags/example_branch_datetime_operator.py for tasks to queue
[2024-09-25T13:55:00.815+0000] {logging_mixin.py:190} INFO - [2024-09-25T13:55:00.814+0000] {dagbag.py:588} INFO - Filling up the DagBag from /home/airflow/.local/lib/python3.12/site-packages/airflow/example_dags/example_branch_datetime_operator.py
[2024-09-25T13:55:00.825+0000] {processor.py:925} INFO - DAG(s) 'example_branch_datetime_operator_2', 'example_branch_datetime_operator_3', 'example_branch_datetime_operator' retrieved from /home/airflow/.local/lib/python3.12/site-packages/airflow/example_dags/example_branch_datetime_operator.py
[2024-09-25T13:55:00.845+0000] {logging_mixin.py:190} INFO - [2024-09-25T13:55:00.845+0000] {dag.py:3239} INFO - Sync 3 DAGs
[2024-09-25T13:55:00.868+0000] {logging_mixin.py:190} INFO - [2024-09-25T13:55:00.868+0000] {dag.py:4180} INFO - Setting next_dagrun for example_branch_datetime_operator to 2024-09-24 00:00:00+00:00, run_after=2024-09-25 00:00:00+00:00
[2024-09-25T13:55:00.874+0000] {logging_mixin.py:190} INFO - [2024-09-25T13:55:00.874+0000] {dag.py:4180} INFO - Setting next_dagrun for example_branch_datetime_operator_2 to 2024-09-24 00:00:00+00:00, run_after=2024-09-25 00:00:00+00:00
[2024-09-25T13:55:00.876+0000] {logging_mixin.py:190} INFO - [2024-09-25T13:55:00.876+0000] {dag.py:4180} INFO - Setting next_dagrun for example_branch_datetime_operator_3 to 2024-09-24 00:00:00+00:00, run_after=2024-09-25 00:00:00+00:00
[2024-09-25T13:55:00.890+0000] {processor.py:208} INFO - Processing /home/airflow/.local/lib/python3.12/site-packages/airflow/example_dags/example_branch_datetime_operator.py took 0.083 seconds
[2024-09-25T13:55:31.088+0000] {processor.py:186} INFO - Started process (PID=1538) to work on /home/airflow/.local/lib/python3.12/site-packages/airflow/example_dags/example_branch_datetime_operator.py
[2024-09-25T13:55:31.089+0000] {processor.py:914} INFO - Processing file /home/airflow/.local/lib/python3.12/site-packages/airflow/example_dags/example_branch_datetime_operator.py for tasks to queue
[2024-09-25T13:55:31.091+0000] {logging_mixin.py:190} INFO - [2024-09-25T13:55:31.091+0000] {dagbag.py:588} INFO - Filling up the DagBag from /home/airflow/.local/lib/python3.12/site-packages/airflow/example_dags/example_branch_datetime_operator.py
[2024-09-25T13:55:31.103+0000] {processor.py:925} INFO - DAG(s) 'example_branch_datetime_operator_2', 'example_branch_datetime_operator', 'example_branch_datetime_operator_3' retrieved from /home/airflow/.local/lib/python3.12/site-packages/airflow/example_dags/example_branch_datetime_operator.py
[2024-09-25T13:55:31.125+0000] {logging_mixin.py:190} INFO - [2024-09-25T13:55:31.125+0000] {dag.py:3239} INFO - Sync 3 DAGs
[2024-09-25T13:55:31.148+0000] {logging_mixin.py:190} INFO - [2024-09-25T13:55:31.147+0000] {dag.py:4180} INFO - Setting next_dagrun for example_branch_datetime_operator to 2024-09-24 00:00:00+00:00, run_after=2024-09-25 00:00:00+00:00
[2024-09-25T13:55:31.152+0000] {logging_mixin.py:190} INFO - [2024-09-25T13:55:31.152+0000] {dag.py:4180} INFO - Setting next_dagrun for example_branch_datetime_operator_2 to 2024-09-24 00:00:00+00:00, run_after=2024-09-25 00:00:00+00:00
[2024-09-25T13:55:31.155+0000] {logging_mixin.py:190} INFO - [2024-09-25T13:55:31.155+0000] {dag.py:4180} INFO - Setting next_dagrun for example_branch_datetime_operator_3 to 2024-09-24 00:00:00+00:00, run_after=2024-09-25 00:00:00+00:00
[2024-09-25T13:55:31.168+0000] {processor.py:208} INFO - Processing /home/airflow/.local/lib/python3.12/site-packages/airflow/example_dags/example_branch_datetime_operator.py took 0.085 seconds
[2024-09-25T13:56:01.371+0000] {processor.py:186} INFO - Started process (PID=1834) to work on /home/airflow/.local/lib/python3.12/site-packages/airflow/example_dags/example_branch_datetime_operator.py
[2024-09-25T13:56:01.372+0000] {processor.py:914} INFO - Processing file /home/airflow/.local/lib/python3.12/site-packages/airflow/example_dags/example_branch_datetime_operator.py for tasks to queue
[2024-09-25T13:56:01.374+0000] {logging_mixin.py:190} INFO - [2024-09-25T13:56:01.374+0000] {dagbag.py:588} INFO - Filling up the DagBag from /home/airflow/.local/lib/python3.12/site-packages/airflow/example_dags/example_branch_datetime_operator.py
[2024-09-25T13:56:01.385+0000] {processor.py:925} INFO - DAG(s) 'example_branch_datetime_operator_2', 'example_branch_datetime_operator_3', 'example_branch_datetime_operator' retrieved from /home/airflow/.local/lib/python3.12/site-packages/airflow/example_dags/example_branch_datetime_operator.py
[2024-09-25T13:56:01.408+0000] {logging_mixin.py:190} INFO - [2024-09-25T13:56:01.408+0000] {dag.py:3239} INFO - Sync 3 DAGs
[2024-09-25T13:56:01.430+0000] {logging_mixin.py:190} INFO - [2024-09-25T13:56:01.430+0000] {dag.py:4180} INFO - Setting next_dagrun for example_branch_datetime_operator to 2024-09-24 00:00:00+00:00, run_after=2024-09-25 00:00:00+00:00
[2024-09-25T13:56:01.435+0000] {logging_mixin.py:190} INFO - [2024-09-25T13:56:01.435+0000] {dag.py:4180} INFO - Setting next_dagrun for example_branch_datetime_operator_2 to 2024-09-24 00:00:00+00:00, run_after=2024-09-25 00:00:00+00:00
[2024-09-25T13:56:01.437+0000] {logging_mixin.py:190} INFO - [2024-09-25T13:56:01.437+0000] {dag.py:4180} INFO - Setting next_dagrun for example_branch_datetime_operator_3 to 2024-09-24 00:00:00+00:00, run_after=2024-09-25 00:00:00+00:00
[2024-09-25T13:56:01.452+0000] {processor.py:208} INFO - Processing /home/airflow/.local/lib/python3.12/site-packages/airflow/example_dags/example_branch_datetime_operator.py took 0.085 seconds
[2024-09-25T13:56:31.671+0000] {processor.py:186} INFO - Started process (PID=2118) to work on /home/airflow/.local/lib/python3.12/site-packages/airflow/example_dags/example_branch_datetime_operator.py
[2024-09-25T13:56:31.672+0000] {processor.py:914} INFO - Processing file /home/airflow/.local/lib/python3.12/site-packages/airflow/example_dags/example_branch_datetime_operator.py for tasks to queue
[2024-09-25T13:56:31.674+0000] {logging_mixin.py:190} INFO - [2024-09-25T13:56:31.673+0000] {dagbag.py:588} INFO - Filling up the DagBag from /home/airflow/.local/lib/python3.12/site-packages/airflow/example_dags/example_branch_datetime_operator.py
[2024-09-25T13:56:31.684+0000] {processor.py:925} INFO - DAG(s) 'example_branch_datetime_operator_2', 'example_branch_datetime_operator', 'example_branch_datetime_operator_3' retrieved from /home/airflow/.local/lib/python3.12/site-packages/airflow/example_dags/example_branch_datetime_operator.py
[2024-09-25T13:56:31.707+0000] {logging_mixin.py:190} INFO - [2024-09-25T13:56:31.706+0000] {dag.py:3239} INFO - Sync 3 DAGs
[2024-09-25T13:56:31.729+0000] {logging_mixin.py:190} INFO - [2024-09-25T13:56:31.729+0000] {dag.py:4180} INFO - Setting next_dagrun for example_branch_datetime_operator to 2024-09-24 00:00:00+00:00, run_after=2024-09-25 00:00:00+00:00
[2024-09-25T13:56:31.734+0000] {logging_mixin.py:190} INFO - [2024-09-25T13:56:31.734+0000] {dag.py:4180} INFO - Setting next_dagrun for example_branch_datetime_operator_2 to 2024-09-24 00:00:00+00:00, run_after=2024-09-25 00:00:00+00:00
[2024-09-25T13:56:31.737+0000] {logging_mixin.py:190} INFO - [2024-09-25T13:56:31.737+0000] {dag.py:4180} INFO - Setting next_dagrun for example_branch_datetime_operator_3 to 2024-09-24 00:00:00+00:00, run_after=2024-09-25 00:00:00+00:00
[2024-09-25T13:56:31.752+0000] {processor.py:208} INFO - Processing /home/airflow/.local/lib/python3.12/site-packages/airflow/example_dags/example_branch_datetime_operator.py took 0.086 seconds
[2024-09-25T13:57:02.140+0000] {processor.py:186} INFO - Started process (PID=2404) to work on /home/airflow/.local/lib/python3.12/site-packages/airflow/example_dags/example_branch_datetime_operator.py
[2024-09-25T13:57:02.141+0000] {processor.py:914} INFO - Processing file /home/airflow/.local/lib/python3.12/site-packages/airflow/example_dags/example_branch_datetime_operator.py for tasks to queue
[2024-09-25T13:57:02.143+0000] {logging_mixin.py:190} INFO - [2024-09-25T13:57:02.143+0000] {dagbag.py:588} INFO - Filling up the DagBag from /home/airflow/.local/lib/python3.12/site-packages/airflow/example_dags/example_branch_datetime_operator.py
[2024-09-25T13:57:02.154+0000] {processor.py:925} INFO - DAG(s) 'example_branch_datetime_operator_3', 'example_branch_datetime_operator', 'example_branch_datetime_operator_2' retrieved from /home/airflow/.local/lib/python3.12/site-packages/airflow/example_dags/example_branch_datetime_operator.py
[2024-09-25T13:57:02.176+0000] {logging_mixin.py:190} INFO - [2024-09-25T13:57:02.176+0000] {dag.py:3239} INFO - Sync 3 DAGs
[2024-09-25T13:57:02.199+0000] {logging_mixin.py:190} INFO - [2024-09-25T13:57:02.199+0000] {dag.py:4180} INFO - Setting next_dagrun for example_branch_datetime_operator to 2024-09-24 00:00:00+00:00, run_after=2024-09-25 00:00:00+00:00
[2024-09-25T13:57:02.204+0000] {logging_mixin.py:190} INFO - [2024-09-25T13:57:02.204+0000] {dag.py:4180} INFO - Setting next_dagrun for example_branch_datetime_operator_2 to 2024-09-24 00:00:00+00:00, run_after=2024-09-25 00:00:00+00:00
[2024-09-25T13:57:02.206+0000] {logging_mixin.py:190} INFO - [2024-09-25T13:57:02.206+0000] {dag.py:4180} INFO - Setting next_dagrun for example_branch_datetime_operator_3 to 2024-09-24 00:00:00+00:00, run_after=2024-09-25 00:00:00+00:00
[2024-09-25T13:57:02.220+0000] {processor.py:208} INFO - Processing /home/airflow/.local/lib/python3.12/site-packages/airflow/example_dags/example_branch_datetime_operator.py took 0.085 seconds
[2024-09-25T13:57:32.323+0000] {processor.py:186} INFO - Started process (PID=2691) to work on /home/airflow/.local/lib/python3.12/site-packages/airflow/example_dags/example_branch_datetime_operator.py
[2024-09-25T13:57:32.324+0000] {processor.py:914} INFO - Processing file /home/airflow/.local/lib/python3.12/site-packages/airflow/example_dags/example_branch_datetime_operator.py for tasks to queue
[2024-09-25T13:57:32.325+0000] {logging_mixin.py:190} INFO - [2024-09-25T13:57:32.325+0000] {dagbag.py:588} INFO - Filling up the DagBag from /home/airflow/.local/lib/python3.12/site-packages/airflow/example_dags/example_branch_datetime_operator.py
[2024-09-25T13:57:32.335+0000] {processor.py:925} INFO - DAG(s) 'example_branch_datetime_operator_2', 'example_branch_datetime_operator', 'example_branch_datetime_operator_3' retrieved from /home/airflow/.local/lib/python3.12/site-packages/airflow/example_dags/example_branch_datetime_operator.py
[2024-09-25T13:57:32.358+0000] {logging_mixin.py:190} INFO - [2024-09-25T13:57:32.358+0000] {dag.py:3239} INFO - Sync 3 DAGs
[2024-09-25T13:57:32.380+0000] {logging_mixin.py:190} INFO - [2024-09-25T13:57:32.380+0000] {dag.py:4180} INFO - Setting next_dagrun for example_branch_datetime_operator to 2024-09-24 00:00:00+00:00, run_after=2024-09-25 00:00:00+00:00
[2024-09-25T13:57:32.386+0000] {logging_mixin.py:190} INFO - [2024-09-25T13:57:32.386+0000] {dag.py:4180} INFO - Setting next_dagrun for example_branch_datetime_operator_2 to 2024-09-24 00:00:00+00:00, run_after=2024-09-25 00:00:00+00:00
[2024-09-25T13:57:32.388+0000] {logging_mixin.py:190} INFO - [2024-09-25T13:57:32.388+0000] {dag.py:4180} INFO - Setting next_dagrun for example_branch_datetime_operator_3 to 2024-09-24 00:00:00+00:00, run_after=2024-09-25 00:00:00+00:00
[2024-09-25T13:57:32.401+0000] {processor.py:208} INFO - Processing /home/airflow/.local/lib/python3.12/site-packages/airflow/example_dags/example_branch_datetime_operator.py took 0.084 seconds
[2024-09-25T13:58:02.767+0000] {processor.py:186} INFO - Started process (PID=2977) to work on /home/airflow/.local/lib/python3.12/site-packages/airflow/example_dags/example_branch_datetime_operator.py
[2024-09-25T13:58:02.768+0000] {processor.py:914} INFO - Processing file /home/airflow/.local/lib/python3.12/site-packages/airflow/example_dags/example_branch_datetime_operator.py for tasks to queue
[2024-09-25T13:58:02.769+0000] {logging_mixin.py:190} INFO - [2024-09-25T13:58:02.769+0000] {dagbag.py:588} INFO - Filling up the DagBag from /home/airflow/.local/lib/python3.12/site-packages/airflow/example_dags/example_branch_datetime_operator.py
[2024-09-25T13:58:02.779+0000] {processor.py:925} INFO - DAG(s) 'example_branch_datetime_operator_2', 'example_branch_datetime_operator', 'example_branch_datetime_operator_3' retrieved from /home/airflow/.local/lib/python3.12/site-packages/airflow/example_dags/example_branch_datetime_operator.py
[2024-09-25T13:58:02.802+0000] {logging_mixin.py:190} INFO - [2024-09-25T13:58:02.802+0000] {dag.py:3239} INFO - Sync 3 DAGs
[2024-09-25T13:58:02.826+0000] {logging_mixin.py:190} INFO - [2024-09-25T13:58:02.826+0000] {dag.py:4180} INFO - Setting next_dagrun for example_branch_datetime_operator to 2024-09-24 00:00:00+00:00, run_after=2024-09-25 00:00:00+00:00
[2024-09-25T13:58:02.831+0000] {logging_mixin.py:190} INFO - [2024-09-25T13:58:02.830+0000] {dag.py:4180} INFO - Setting next_dagrun for example_branch_datetime_operator_2 to 2024-09-24 00:00:00+00:00, run_after=2024-09-25 00:00:00+00:00
[2024-09-25T13:58:02.833+0000] {logging_mixin.py:190} INFO - [2024-09-25T13:58:02.833+0000] {dag.py:4180} INFO - Setting next_dagrun for example_branch_datetime_operator_3 to 2024-09-24 00:00:00+00:00, run_after=2024-09-25 00:00:00+00:00
[2024-09-25T13:58:02.849+0000] {processor.py:208} INFO - Processing /home/airflow/.local/lib/python3.12/site-packages/airflow/example_dags/example_branch_datetime_operator.py took 0.087 seconds
[2024-09-25T13:58:32.988+0000] {processor.py:186} INFO - Started process (PID=3277) to work on /home/airflow/.local/lib/python3.12/site-packages/airflow/example_dags/example_branch_datetime_operator.py
[2024-09-25T13:58:32.989+0000] {processor.py:914} INFO - Processing file /home/airflow/.local/lib/python3.12/site-packages/airflow/example_dags/example_branch_datetime_operator.py for tasks to queue
[2024-09-25T13:58:32.990+0000] {logging_mixin.py:190} INFO - [2024-09-25T13:58:32.990+0000] {dagbag.py:588} INFO - Filling up the DagBag from /home/airflow/.local/lib/python3.12/site-packages/airflow/example_dags/example_branch_datetime_operator.py
[2024-09-25T13:58:33.001+0000] {processor.py:925} INFO - DAG(s) 'example_branch_datetime_operator_2', 'example_branch_datetime_operator_3', 'example_branch_datetime_operator' retrieved from /home/airflow/.local/lib/python3.12/site-packages/airflow/example_dags/example_branch_datetime_operator.py
[2024-09-25T13:58:33.024+0000] {logging_mixin.py:190} INFO - [2024-09-25T13:58:33.024+0000] {dag.py:3239} INFO - Sync 3 DAGs
[2024-09-25T13:58:33.049+0000] {logging_mixin.py:190} INFO - [2024-09-25T13:58:33.049+0000] {dag.py:4180} INFO - Setting next_dagrun for example_branch_datetime_operator to 2024-09-24 00:00:00+00:00, run_after=2024-09-25 00:00:00+00:00
[2024-09-25T13:58:33.054+0000] {logging_mixin.py:190} INFO - [2024-09-25T13:58:33.054+0000] {dag.py:4180} INFO - Setting next_dagrun for example_branch_datetime_operator_2 to 2024-09-24 00:00:00+00:00, run_after=2024-09-25 00:00:00+00:00
[2024-09-25T13:58:33.057+0000] {logging_mixin.py:190} INFO - [2024-09-25T13:58:33.057+0000] {dag.py:4180} INFO - Setting next_dagrun for example_branch_datetime_operator_3 to 2024-09-24 00:00:00+00:00, run_after=2024-09-25 00:00:00+00:00
[2024-09-25T13:58:33.071+0000] {processor.py:208} INFO - Processing /home/airflow/.local/lib/python3.12/site-packages/airflow/example_dags/example_branch_datetime_operator.py took 0.088 seconds
[2024-09-25T13:59:03.276+0000] {processor.py:186} INFO - Started process (PID=3565) to work on /home/airflow/.local/lib/python3.12/site-packages/airflow/example_dags/example_branch_datetime_operator.py
[2024-09-25T13:59:03.276+0000] {processor.py:914} INFO - Processing file /home/airflow/.local/lib/python3.12/site-packages/airflow/example_dags/example_branch_datetime_operator.py for tasks to queue
[2024-09-25T13:59:03.278+0000] {logging_mixin.py:190} INFO - [2024-09-25T13:59:03.278+0000] {dagbag.py:588} INFO - Filling up the DagBag from /home/airflow/.local/lib/python3.12/site-packages/airflow/example_dags/example_branch_datetime_operator.py
[2024-09-25T13:59:03.288+0000] {processor.py:925} INFO - DAG(s) 'example_branch_datetime_operator', 'example_branch_datetime_operator_3', 'example_branch_datetime_operator_2' retrieved from /home/airflow/.local/lib/python3.12/site-packages/airflow/example_dags/example_branch_datetime_operator.py
[2024-09-25T13:59:03.311+0000] {logging_mixin.py:190} INFO - [2024-09-25T13:59:03.311+0000] {dag.py:3239} INFO - Sync 3 DAGs
[2024-09-25T13:59:03.333+0000] {logging_mixin.py:190} INFO - [2024-09-25T13:59:03.332+0000] {dag.py:4180} INFO - Setting next_dagrun for example_branch_datetime_operator to 2024-09-24 00:00:00+00:00, run_after=2024-09-25 00:00:00+00:00
[2024-09-25T13:59:03.337+0000] {logging_mixin.py:190} INFO - [2024-09-25T13:59:03.337+0000] {dag.py:4180} INFO - Setting next_dagrun for example_branch_datetime_operator_2 to 2024-09-24 00:00:00+00:00, run_after=2024-09-25 00:00:00+00:00
[2024-09-25T13:59:03.340+0000] {logging_mixin.py:190} INFO - [2024-09-25T13:59:03.340+0000] {dag.py:4180} INFO - Setting next_dagrun for example_branch_datetime_operator_3 to 2024-09-24 00:00:00+00:00, run_after=2024-09-25 00:00:00+00:00
[2024-09-25T13:59:03.354+0000] {processor.py:208} INFO - Processing /home/airflow/.local/lib/python3.12/site-packages/airflow/example_dags/example_branch_datetime_operator.py took 0.083 seconds
[2024-09-25T13:59:33.661+0000] {processor.py:186} INFO - Started process (PID=3849) to work on /home/airflow/.local/lib/python3.12/site-packages/airflow/example_dags/example_branch_datetime_operator.py
[2024-09-25T13:59:33.662+0000] {processor.py:914} INFO - Processing file /home/airflow/.local/lib/python3.12/site-packages/airflow/example_dags/example_branch_datetime_operator.py for tasks to queue
[2024-09-25T13:59:33.664+0000] {logging_mixin.py:190} INFO - [2024-09-25T13:59:33.664+0000] {dagbag.py:588} INFO - Filling up the DagBag from /home/airflow/.local/lib/python3.12/site-packages/airflow/example_dags/example_branch_datetime_operator.py
[2024-09-25T13:59:33.674+0000] {processor.py:925} INFO - DAG(s) 'example_branch_datetime_operator_2', 'example_branch_datetime_operator', 'example_branch_datetime_operator_3' retrieved from /home/airflow/.local/lib/python3.12/site-packages/airflow/example_dags/example_branch_datetime_operator.py
[2024-09-25T13:59:33.698+0000] {logging_mixin.py:190} INFO - [2024-09-25T13:59:33.697+0000] {dag.py:3239} INFO - Sync 3 DAGs
[2024-09-25T13:59:33.721+0000] {logging_mixin.py:190} INFO - [2024-09-25T13:59:33.721+0000] {dag.py:4180} INFO - Setting next_dagrun for example_branch_datetime_operator to 2024-09-24 00:00:00+00:00, run_after=2024-09-25 00:00:00+00:00
[2024-09-25T13:59:33.726+0000] {logging_mixin.py:190} INFO - [2024-09-25T13:59:33.725+0000] {dag.py:4180} INFO - Setting next_dagrun for example_branch_datetime_operator_2 to 2024-09-24 00:00:00+00:00, run_after=2024-09-25 00:00:00+00:00
[2024-09-25T13:59:33.728+0000] {logging_mixin.py:190} INFO - [2024-09-25T13:59:33.728+0000] {dag.py:4180} INFO - Setting next_dagrun for example_branch_datetime_operator_3 to 2024-09-24 00:00:00+00:00, run_after=2024-09-25 00:00:00+00:00
[2024-09-25T13:59:33.742+0000] {processor.py:208} INFO - Processing /home/airflow/.local/lib/python3.12/site-packages/airflow/example_dags/example_branch_datetime_operator.py took 0.086 seconds
[2024-09-25T14:00:03.869+0000] {processor.py:186} INFO - Started process (PID=4135) to work on /home/airflow/.local/lib/python3.12/site-packages/airflow/example_dags/example_branch_datetime_operator.py
[2024-09-25T14:00:03.870+0000] {processor.py:914} INFO - Processing file /home/airflow/.local/lib/python3.12/site-packages/airflow/example_dags/example_branch_datetime_operator.py for tasks to queue
[2024-09-25T14:00:03.872+0000] {logging_mixin.py:190} INFO - [2024-09-25T14:00:03.872+0000] {dagbag.py:588} INFO - Filling up the DagBag from /home/airflow/.local/lib/python3.12/site-packages/airflow/example_dags/example_branch_datetime_operator.py
[2024-09-25T14:00:03.882+0000] {processor.py:925} INFO - DAG(s) 'example_branch_datetime_operator_2', 'example_branch_datetime_operator_3', 'example_branch_datetime_operator' retrieved from /home/airflow/.local/lib/python3.12/site-packages/airflow/example_dags/example_branch_datetime_operator.py
[2024-09-25T14:00:03.903+0000] {logging_mixin.py:190} INFO - [2024-09-25T14:00:03.903+0000] {dag.py:3239} INFO - Sync 3 DAGs
[2024-09-25T14:00:03.925+0000] {logging_mixin.py:190} INFO - [2024-09-25T14:00:03.925+0000] {dag.py:4180} INFO - Setting next_dagrun for example_branch_datetime_operator to 2024-09-24 00:00:00+00:00, run_after=2024-09-25 00:00:00+00:00
[2024-09-25T14:00:03.929+0000] {logging_mixin.py:190} INFO - [2024-09-25T14:00:03.929+0000] {dag.py:4180} INFO - Setting next_dagrun for example_branch_datetime_operator_2 to 2024-09-24 00:00:00+00:00, run_after=2024-09-25 00:00:00+00:00
[2024-09-25T14:00:03.931+0000] {logging_mixin.py:190} INFO - [2024-09-25T14:00:03.931+0000] {dag.py:4180} INFO - Setting next_dagrun for example_branch_datetime_operator_3 to 2024-09-24 00:00:00+00:00, run_after=2024-09-25 00:00:00+00:00
[2024-09-25T14:00:03.944+0000] {processor.py:208} INFO - Processing /home/airflow/.local/lib/python3.12/site-packages/airflow/example_dags/example_branch_datetime_operator.py took 0.080 seconds
[2024-09-25T14:00:34.162+0000] {processor.py:186} INFO - Started process (PID=4421) to work on /home/airflow/.local/lib/python3.12/site-packages/airflow/example_dags/example_branch_datetime_operator.py
[2024-09-25T14:00:34.163+0000] {processor.py:914} INFO - Processing file /home/airflow/.local/lib/python3.12/site-packages/airflow/example_dags/example_branch_datetime_operator.py for tasks to queue
[2024-09-25T14:00:34.165+0000] {logging_mixin.py:190} INFO - [2024-09-25T14:00:34.165+0000] {dagbag.py:588} INFO - Filling up the DagBag from /home/airflow/.local/lib/python3.12/site-packages/airflow/example_dags/example_branch_datetime_operator.py
[2024-09-25T14:00:34.175+0000] {processor.py:925} INFO - DAG(s) 'example_branch_datetime_operator', 'example_branch_datetime_operator_2', 'example_branch_datetime_operator_3' retrieved from /home/airflow/.local/lib/python3.12/site-packages/airflow/example_dags/example_branch_datetime_operator.py
[2024-09-25T14:00:34.198+0000] {logging_mixin.py:190} INFO - [2024-09-25T14:00:34.197+0000] {dag.py:3239} INFO - Sync 3 DAGs
[2024-09-25T14:00:34.220+0000] {logging_mixin.py:190} INFO - [2024-09-25T14:00:34.219+0000] {dag.py:4180} INFO - Setting next_dagrun for example_branch_datetime_operator to 2024-09-24 00:00:00+00:00, run_after=2024-09-25 00:00:00+00:00
[2024-09-25T14:00:34.224+0000] {logging_mixin.py:190} INFO - [2024-09-25T14:00:34.224+0000] {dag.py:4180} INFO - Setting next_dagrun for example_branch_datetime_operator_2 to 2024-09-24 00:00:00+00:00, run_after=2024-09-25 00:00:00+00:00
[2024-09-25T14:00:34.227+0000] {logging_mixin.py:190} INFO - [2024-09-25T14:00:34.227+0000] {dag.py:4180} INFO - Setting next_dagrun for example_branch_datetime_operator_3 to 2024-09-24 00:00:00+00:00, run_after=2024-09-25 00:00:00+00:00
[2024-09-25T14:00:34.241+0000] {processor.py:208} INFO - Processing /home/airflow/.local/lib/python3.12/site-packages/airflow/example_dags/example_branch_datetime_operator.py took 0.084 seconds
[2024-09-25T14:01:04.310+0000] {processor.py:186} INFO - Started process (PID=4707) to work on /home/airflow/.local/lib/python3.12/site-packages/airflow/example_dags/example_branch_datetime_operator.py
[2024-09-25T14:01:04.311+0000] {processor.py:914} INFO - Processing file /home/airflow/.local/lib/python3.12/site-packages/airflow/example_dags/example_branch_datetime_operator.py for tasks to queue
[2024-09-25T14:01:04.313+0000] {logging_mixin.py:190} INFO - [2024-09-25T14:01:04.313+0000] {dagbag.py:588} INFO - Filling up the DagBag from /home/airflow/.local/lib/python3.12/site-packages/airflow/example_dags/example_branch_datetime_operator.py
[2024-09-25T14:01:04.323+0000] {processor.py:925} INFO - DAG(s) 'example_branch_datetime_operator_3', 'example_branch_datetime_operator_2', 'example_branch_datetime_operator' retrieved from /home/airflow/.local/lib/python3.12/site-packages/airflow/example_dags/example_branch_datetime_operator.py
[2024-09-25T14:01:04.346+0000] {logging_mixin.py:190} INFO - [2024-09-25T14:01:04.346+0000] {dag.py:3239} INFO - Sync 3 DAGs
[2024-09-25T14:01:04.369+0000] {logging_mixin.py:190} INFO - [2024-09-25T14:01:04.369+0000] {dag.py:4180} INFO - Setting next_dagrun for example_branch_datetime_operator to 2024-09-24 00:00:00+00:00, run_after=2024-09-25 00:00:00+00:00
[2024-09-25T14:01:04.374+0000] {logging_mixin.py:190} INFO - [2024-09-25T14:01:04.373+0000] {dag.py:4180} INFO - Setting next_dagrun for example_branch_datetime_operator_2 to 2024-09-24 00:00:00+00:00, run_after=2024-09-25 00:00:00+00:00
[2024-09-25T14:01:04.376+0000] {logging_mixin.py:190} INFO - [2024-09-25T14:01:04.376+0000] {dag.py:4180} INFO - Setting next_dagrun for example_branch_datetime_operator_3 to 2024-09-24 00:00:00+00:00, run_after=2024-09-25 00:00:00+00:00
[2024-09-25T14:01:04.389+0000] {processor.py:208} INFO - Processing /home/airflow/.local/lib/python3.12/site-packages/airflow/example_dags/example_branch_datetime_operator.py took 0.084 seconds
[2024-09-25T14:01:35.487+0000] {processor.py:186} INFO - Started process (PID=4993) to work on /home/airflow/.local/lib/python3.12/site-packages/airflow/example_dags/example_branch_datetime_operator.py
[2024-09-25T14:01:35.488+0000] {processor.py:914} INFO - Processing file /home/airflow/.local/lib/python3.12/site-packages/airflow/example_dags/example_branch_datetime_operator.py for tasks to queue
[2024-09-25T14:01:35.489+0000] {logging_mixin.py:190} INFO - [2024-09-25T14:01:35.489+0000] {dagbag.py:588} INFO - Filling up the DagBag from /home/airflow/.local/lib/python3.12/site-packages/airflow/example_dags/example_branch_datetime_operator.py
[2024-09-25T14:01:35.499+0000] {processor.py:925} INFO - DAG(s) 'example_branch_datetime_operator', 'example_branch_datetime_operator_2', 'example_branch_datetime_operator_3' retrieved from /home/airflow/.local/lib/python3.12/site-packages/airflow/example_dags/example_branch_datetime_operator.py
[2024-09-25T14:01:35.522+0000] {logging_mixin.py:190} INFO - [2024-09-25T14:01:35.522+0000] {dag.py:3239} INFO - Sync 3 DAGs
[2024-09-25T14:01:35.546+0000] {logging_mixin.py:190} INFO - [2024-09-25T14:01:35.546+0000] {dag.py:4180} INFO - Setting next_dagrun for example_branch_datetime_operator to 2024-09-24 00:00:00+00:00, run_after=2024-09-25 00:00:00+00:00
[2024-09-25T14:01:35.550+0000] {logging_mixin.py:190} INFO - [2024-09-25T14:01:35.550+0000] {dag.py:4180} INFO - Setting next_dagrun for example_branch_datetime_operator_2 to 2024-09-24 00:00:00+00:00, run_after=2024-09-25 00:00:00+00:00
[2024-09-25T14:01:35.553+0000] {logging_mixin.py:190} INFO - [2024-09-25T14:01:35.553+0000] {dag.py:4180} INFO - Setting next_dagrun for example_branch_datetime_operator_3 to 2024-09-24 00:00:00+00:00, run_after=2024-09-25 00:00:00+00:00
[2024-09-25T14:01:35.567+0000] {processor.py:208} INFO - Processing /home/airflow/.local/lib/python3.12/site-packages/airflow/example_dags/example_branch_datetime_operator.py took 0.086 seconds
[2024-09-25T14:02:06.648+0000] {processor.py:186} INFO - Started process (PID=5279) to work on /home/airflow/.local/lib/python3.12/site-packages/airflow/example_dags/example_branch_datetime_operator.py
[2024-09-25T14:02:06.649+0000] {processor.py:914} INFO - Processing file /home/airflow/.local/lib/python3.12/site-packages/airflow/example_dags/example_branch_datetime_operator.py for tasks to queue
[2024-09-25T14:02:06.651+0000] {logging_mixin.py:190} INFO - [2024-09-25T14:02:06.650+0000] {dagbag.py:588} INFO - Filling up the DagBag from /home/airflow/.local/lib/python3.12/site-packages/airflow/example_dags/example_branch_datetime_operator.py
[2024-09-25T14:02:06.661+0000] {processor.py:925} INFO - DAG(s) 'example_branch_datetime_operator', 'example_branch_datetime_operator_2', 'example_branch_datetime_operator_3' retrieved from /home/airflow/.local/lib/python3.12/site-packages/airflow/example_dags/example_branch_datetime_operator.py
[2024-09-25T14:02:06.684+0000] {logging_mixin.py:190} INFO - [2024-09-25T14:02:06.684+0000] {dag.py:3239} INFO - Sync 3 DAGs
[2024-09-25T14:02:06.706+0000] {logging_mixin.py:190} INFO - [2024-09-25T14:02:06.706+0000] {dag.py:4180} INFO - Setting next_dagrun for example_branch_datetime_operator to 2024-09-24 00:00:00+00:00, run_after=2024-09-25 00:00:00+00:00
[2024-09-25T14:02:06.711+0000] {logging_mixin.py:190} INFO - [2024-09-25T14:02:06.711+0000] {dag.py:4180} INFO - Setting next_dagrun for example_branch_datetime_operator_2 to 2024-09-24 00:00:00+00:00, run_after=2024-09-25 00:00:00+00:00
[2024-09-25T14:02:06.713+0000] {logging_mixin.py:190} INFO - [2024-09-25T14:02:06.713+0000] {dag.py:4180} INFO - Setting next_dagrun for example_branch_datetime_operator_3 to 2024-09-24 00:00:00+00:00, run_after=2024-09-25 00:00:00+00:00
[2024-09-25T14:02:06.727+0000] {processor.py:208} INFO - Processing /home/airflow/.local/lib/python3.12/site-packages/airflow/example_dags/example_branch_datetime_operator.py took 0.084 seconds
[2024-09-25T14:03:08.618+0000] {processor.py:186} INFO - Started process (PID=374) to work on /home/airflow/.local/lib/python3.12/site-packages/airflow/example_dags/example_branch_datetime_operator.py
[2024-09-25T14:03:08.619+0000] {processor.py:914} INFO - Processing file /home/airflow/.local/lib/python3.12/site-packages/airflow/example_dags/example_branch_datetime_operator.py for tasks to queue
[2024-09-25T14:03:08.620+0000] {logging_mixin.py:190} INFO - [2024-09-25T14:03:08.620+0000] {dagbag.py:588} INFO - Filling up the DagBag from /home/airflow/.local/lib/python3.12/site-packages/airflow/example_dags/example_branch_datetime_operator.py
[2024-09-25T14:03:08.631+0000] {processor.py:925} INFO - DAG(s) 'example_branch_datetime_operator', 'example_branch_datetime_operator_2', 'example_branch_datetime_operator_3' retrieved from /home/airflow/.local/lib/python3.12/site-packages/airflow/example_dags/example_branch_datetime_operator.py
[2024-09-25T14:03:08.653+0000] {logging_mixin.py:190} INFO - [2024-09-25T14:03:08.653+0000] {dag.py:3239} INFO - Sync 3 DAGs
[2024-09-25T14:03:08.677+0000] {logging_mixin.py:190} INFO - [2024-09-25T14:03:08.677+0000] {dag.py:4180} INFO - Setting next_dagrun for example_branch_datetime_operator to 2024-09-24 00:00:00+00:00, run_after=2024-09-25 00:00:00+00:00
[2024-09-25T14:03:08.682+0000] {logging_mixin.py:190} INFO - [2024-09-25T14:03:08.682+0000] {dag.py:4180} INFO - Setting next_dagrun for example_branch_datetime_operator_2 to 2024-09-24 00:00:00+00:00, run_after=2024-09-25 00:00:00+00:00
[2024-09-25T14:03:08.684+0000] {logging_mixin.py:190} INFO - [2024-09-25T14:03:08.684+0000] {dag.py:4180} INFO - Setting next_dagrun for example_branch_datetime_operator_3 to 2024-09-24 00:00:00+00:00, run_after=2024-09-25 00:00:00+00:00
[2024-09-25T14:03:08.699+0000] {processor.py:208} INFO - Processing /home/airflow/.local/lib/python3.12/site-packages/airflow/example_dags/example_branch_datetime_operator.py took 0.085 seconds
[2024-09-25T14:03:38.768+0000] {processor.py:186} INFO - Started process (PID=675) to work on /home/airflow/.local/lib/python3.12/site-packages/airflow/example_dags/example_branch_datetime_operator.py
[2024-09-25T14:03:38.769+0000] {processor.py:914} INFO - Processing file /home/airflow/.local/lib/python3.12/site-packages/airflow/example_dags/example_branch_datetime_operator.py for tasks to queue
[2024-09-25T14:03:38.771+0000] {logging_mixin.py:190} INFO - [2024-09-25T14:03:38.770+0000] {dagbag.py:588} INFO - Filling up the DagBag from /home/airflow/.local/lib/python3.12/site-packages/airflow/example_dags/example_branch_datetime_operator.py
[2024-09-25T14:03:38.780+0000] {processor.py:925} INFO - DAG(s) 'example_branch_datetime_operator_2', 'example_branch_datetime_operator_3', 'example_branch_datetime_operator' retrieved from /home/airflow/.local/lib/python3.12/site-packages/airflow/example_dags/example_branch_datetime_operator.py
[2024-09-25T14:03:38.803+0000] {logging_mixin.py:190} INFO - [2024-09-25T14:03:38.803+0000] {dag.py:3239} INFO - Sync 3 DAGs
[2024-09-25T14:03:38.826+0000] {logging_mixin.py:190} INFO - [2024-09-25T14:03:38.825+0000] {dag.py:4180} INFO - Setting next_dagrun for example_branch_datetime_operator to 2024-09-24 00:00:00+00:00, run_after=2024-09-25 00:00:00+00:00
[2024-09-25T14:03:38.830+0000] {logging_mixin.py:190} INFO - [2024-09-25T14:03:38.830+0000] {dag.py:4180} INFO - Setting next_dagrun for example_branch_datetime_operator_2 to 2024-09-24 00:00:00+00:00, run_after=2024-09-25 00:00:00+00:00
[2024-09-25T14:03:38.833+0000] {logging_mixin.py:190} INFO - [2024-09-25T14:03:38.832+0000] {dag.py:4180} INFO - Setting next_dagrun for example_branch_datetime_operator_3 to 2024-09-24 00:00:00+00:00, run_after=2024-09-25 00:00:00+00:00
[2024-09-25T14:03:38.845+0000] {processor.py:208} INFO - Processing /home/airflow/.local/lib/python3.12/site-packages/airflow/example_dags/example_branch_datetime_operator.py took 0.082 seconds
