[2024-09-25T13:53:28.114+0000] {processor.py:186} INFO - Started process (PID=273) to work on /home/airflow/.local/lib/python3.12/site-packages/airflow/example_dags/example_inlet_event_extra.py
[2024-09-25T13:53:28.114+0000] {processor.py:914} INFO - Processing file /home/airflow/.local/lib/python3.12/site-packages/airflow/example_dags/example_inlet_event_extra.py for tasks to queue
[2024-09-25T13:53:28.116+0000] {logging_mixin.py:190} INFO - [2024-09-25T13:53:28.116+0000] {dagbag.py:588} INFO - Filling up the DagBag from /home/airflow/.local/lib/python3.12/site-packages/airflow/example_dags/example_inlet_event_extra.py
[2024-09-25T13:53:28.236+0000] {processor.py:925} INFO - DAG(s) 'read_dataset_event_from_classic', 'read_dataset_event' retrieved from /home/airflow/.local/lib/python3.12/site-packages/airflow/example_dags/example_inlet_event_extra.py
[2024-09-25T13:53:28.257+0000] {logging_mixin.py:190} INFO - [2024-09-25T13:53:28.257+0000] {dag.py:3239} INFO - Sync 2 DAGs
[2024-09-25T13:53:28.280+0000] {logging_mixin.py:190} INFO - [2024-09-25T13:53:28.280+0000] {dag.py:4180} INFO - Setting next_dagrun for read_dataset_event to 2024-09-24 00:00:00+00:00, run_after=2024-09-25 00:00:00+00:00
[2024-09-25T13:53:28.285+0000] {logging_mixin.py:190} INFO - [2024-09-25T13:53:28.285+0000] {dag.py:4180} INFO - Setting next_dagrun for read_dataset_event_from_classic to 2024-09-24 00:00:00+00:00, run_after=2024-09-25 00:00:00+00:00
[2024-09-25T13:53:28.301+0000] {processor.py:208} INFO - Processing /home/airflow/.local/lib/python3.12/site-packages/airflow/example_dags/example_inlet_event_extra.py took 0.193 seconds
[2024-09-25T13:53:58.518+0000] {processor.py:186} INFO - Started process (PID=570) to work on /home/airflow/.local/lib/python3.12/site-packages/airflow/example_dags/example_inlet_event_extra.py
[2024-09-25T13:53:58.519+0000] {processor.py:914} INFO - Processing file /home/airflow/.local/lib/python3.12/site-packages/airflow/example_dags/example_inlet_event_extra.py for tasks to queue
[2024-09-25T13:53:58.521+0000] {logging_mixin.py:190} INFO - [2024-09-25T13:53:58.520+0000] {dagbag.py:588} INFO - Filling up the DagBag from /home/airflow/.local/lib/python3.12/site-packages/airflow/example_dags/example_inlet_event_extra.py
[2024-09-25T13:53:58.641+0000] {processor.py:925} INFO - DAG(s) 'read_dataset_event', 'read_dataset_event_from_classic' retrieved from /home/airflow/.local/lib/python3.12/site-packages/airflow/example_dags/example_inlet_event_extra.py
[2024-09-25T13:53:58.657+0000] {logging_mixin.py:190} INFO - [2024-09-25T13:53:58.657+0000] {dag.py:3239} INFO - Sync 2 DAGs
[2024-09-25T13:53:58.681+0000] {logging_mixin.py:190} INFO - [2024-09-25T13:53:58.680+0000] {dag.py:4180} INFO - Setting next_dagrun for read_dataset_event to 2024-09-24 00:00:00+00:00, run_after=2024-09-25 00:00:00+00:00
[2024-09-25T13:53:58.685+0000] {logging_mixin.py:190} INFO - [2024-09-25T13:53:58.685+0000] {dag.py:4180} INFO - Setting next_dagrun for read_dataset_event_from_classic to 2024-09-24 00:00:00+00:00, run_after=2024-09-25 00:00:00+00:00
[2024-09-25T13:53:58.697+0000] {processor.py:208} INFO - Processing /home/airflow/.local/lib/python3.12/site-packages/airflow/example_dags/example_inlet_event_extra.py took 0.184 seconds
[2024-09-25T13:54:28.905+0000] {processor.py:186} INFO - Started process (PID=858) to work on /home/airflow/.local/lib/python3.12/site-packages/airflow/example_dags/example_inlet_event_extra.py
[2024-09-25T13:54:28.906+0000] {processor.py:914} INFO - Processing file /home/airflow/.local/lib/python3.12/site-packages/airflow/example_dags/example_inlet_event_extra.py for tasks to queue
[2024-09-25T13:54:28.908+0000] {logging_mixin.py:190} INFO - [2024-09-25T13:54:28.908+0000] {dagbag.py:588} INFO - Filling up the DagBag from /home/airflow/.local/lib/python3.12/site-packages/airflow/example_dags/example_inlet_event_extra.py
[2024-09-25T13:54:29.020+0000] {processor.py:925} INFO - DAG(s) 'read_dataset_event_from_classic', 'read_dataset_event' retrieved from /home/airflow/.local/lib/python3.12/site-packages/airflow/example_dags/example_inlet_event_extra.py
[2024-09-25T13:54:29.038+0000] {logging_mixin.py:190} INFO - [2024-09-25T13:54:29.038+0000] {dag.py:3239} INFO - Sync 2 DAGs
[2024-09-25T13:54:29.060+0000] {logging_mixin.py:190} INFO - [2024-09-25T13:54:29.060+0000] {dag.py:4180} INFO - Setting next_dagrun for read_dataset_event to 2024-09-24 00:00:00+00:00, run_after=2024-09-25 00:00:00+00:00
[2024-09-25T13:54:29.065+0000] {logging_mixin.py:190} INFO - [2024-09-25T13:54:29.065+0000] {dag.py:4180} INFO - Setting next_dagrun for read_dataset_event_from_classic to 2024-09-24 00:00:00+00:00, run_after=2024-09-25 00:00:00+00:00
[2024-09-25T13:54:29.080+0000] {processor.py:208} INFO - Processing /home/airflow/.local/lib/python3.12/site-packages/airflow/example_dags/example_inlet_event_extra.py took 0.181 seconds
[2024-09-25T13:54:59.335+0000] {processor.py:186} INFO - Started process (PID=1142) to work on /home/airflow/.local/lib/python3.12/site-packages/airflow/example_dags/example_inlet_event_extra.py
[2024-09-25T13:54:59.336+0000] {processor.py:914} INFO - Processing file /home/airflow/.local/lib/python3.12/site-packages/airflow/example_dags/example_inlet_event_extra.py for tasks to queue
[2024-09-25T13:54:59.338+0000] {logging_mixin.py:190} INFO - [2024-09-25T13:54:59.338+0000] {dagbag.py:588} INFO - Filling up the DagBag from /home/airflow/.local/lib/python3.12/site-packages/airflow/example_dags/example_inlet_event_extra.py
[2024-09-25T13:54:59.454+0000] {processor.py:925} INFO - DAG(s) 'read_dataset_event_from_classic', 'read_dataset_event' retrieved from /home/airflow/.local/lib/python3.12/site-packages/airflow/example_dags/example_inlet_event_extra.py
[2024-09-25T13:54:59.473+0000] {logging_mixin.py:190} INFO - [2024-09-25T13:54:59.473+0000] {dag.py:3239} INFO - Sync 2 DAGs
[2024-09-25T13:54:59.498+0000] {logging_mixin.py:190} INFO - [2024-09-25T13:54:59.498+0000] {dag.py:4180} INFO - Setting next_dagrun for read_dataset_event to 2024-09-24 00:00:00+00:00, run_after=2024-09-25 00:00:00+00:00
[2024-09-25T13:54:59.504+0000] {logging_mixin.py:190} INFO - [2024-09-25T13:54:59.503+0000] {dag.py:4180} INFO - Setting next_dagrun for read_dataset_event_from_classic to 2024-09-24 00:00:00+00:00, run_after=2024-09-25 00:00:00+00:00
[2024-09-25T13:54:59.519+0000] {processor.py:208} INFO - Processing /home/airflow/.local/lib/python3.12/site-packages/airflow/example_dags/example_inlet_event_extra.py took 0.191 seconds
[2024-09-25T13:55:29.850+0000] {processor.py:186} INFO - Started process (PID=1430) to work on /home/airflow/.local/lib/python3.12/site-packages/airflow/example_dags/example_inlet_event_extra.py
[2024-09-25T13:55:29.851+0000] {processor.py:914} INFO - Processing file /home/airflow/.local/lib/python3.12/site-packages/airflow/example_dags/example_inlet_event_extra.py for tasks to queue
[2024-09-25T13:55:29.853+0000] {logging_mixin.py:190} INFO - [2024-09-25T13:55:29.853+0000] {dagbag.py:588} INFO - Filling up the DagBag from /home/airflow/.local/lib/python3.12/site-packages/airflow/example_dags/example_inlet_event_extra.py
[2024-09-25T13:55:29.958+0000] {processor.py:925} INFO - DAG(s) 'read_dataset_event', 'read_dataset_event_from_classic' retrieved from /home/airflow/.local/lib/python3.12/site-packages/airflow/example_dags/example_inlet_event_extra.py
[2024-09-25T13:55:29.976+0000] {logging_mixin.py:190} INFO - [2024-09-25T13:55:29.975+0000] {dag.py:3239} INFO - Sync 2 DAGs
[2024-09-25T13:55:29.996+0000] {logging_mixin.py:190} INFO - [2024-09-25T13:55:29.996+0000] {dag.py:4180} INFO - Setting next_dagrun for read_dataset_event to 2024-09-24 00:00:00+00:00, run_after=2024-09-25 00:00:00+00:00
[2024-09-25T13:55:30.003+0000] {logging_mixin.py:190} INFO - [2024-09-25T13:55:30.002+0000] {dag.py:4180} INFO - Setting next_dagrun for read_dataset_event_from_classic to 2024-09-24 00:00:00+00:00, run_after=2024-09-25 00:00:00+00:00
[2024-09-25T13:55:30.016+0000] {processor.py:208} INFO - Processing /home/airflow/.local/lib/python3.12/site-packages/airflow/example_dags/example_inlet_event_extra.py took 0.171 seconds
[2024-09-25T13:56:00.127+0000] {processor.py:186} INFO - Started process (PID=1724) to work on /home/airflow/.local/lib/python3.12/site-packages/airflow/example_dags/example_inlet_event_extra.py
[2024-09-25T13:56:00.128+0000] {processor.py:914} INFO - Processing file /home/airflow/.local/lib/python3.12/site-packages/airflow/example_dags/example_inlet_event_extra.py for tasks to queue
[2024-09-25T13:56:00.130+0000] {logging_mixin.py:190} INFO - [2024-09-25T13:56:00.130+0000] {dagbag.py:588} INFO - Filling up the DagBag from /home/airflow/.local/lib/python3.12/site-packages/airflow/example_dags/example_inlet_event_extra.py
[2024-09-25T13:56:00.234+0000] {processor.py:925} INFO - DAG(s) 'read_dataset_event', 'read_dataset_event_from_classic' retrieved from /home/airflow/.local/lib/python3.12/site-packages/airflow/example_dags/example_inlet_event_extra.py
[2024-09-25T13:56:00.251+0000] {logging_mixin.py:190} INFO - [2024-09-25T13:56:00.251+0000] {dag.py:3239} INFO - Sync 2 DAGs
[2024-09-25T13:56:00.273+0000] {logging_mixin.py:190} INFO - [2024-09-25T13:56:00.273+0000] {dag.py:4180} INFO - Setting next_dagrun for read_dataset_event to 2024-09-24 00:00:00+00:00, run_after=2024-09-25 00:00:00+00:00
[2024-09-25T13:56:00.277+0000] {logging_mixin.py:190} INFO - [2024-09-25T13:56:00.277+0000] {dag.py:4180} INFO - Setting next_dagrun for read_dataset_event_from_classic to 2024-09-24 00:00:00+00:00, run_after=2024-09-25 00:00:00+00:00
[2024-09-25T13:56:00.292+0000] {processor.py:208} INFO - Processing /home/airflow/.local/lib/python3.12/site-packages/airflow/example_dags/example_inlet_event_extra.py took 0.170 seconds
[2024-09-25T13:56:30.372+0000] {processor.py:186} INFO - Started process (PID=2013) to work on /home/airflow/.local/lib/python3.12/site-packages/airflow/example_dags/example_inlet_event_extra.py
[2024-09-25T13:56:30.373+0000] {processor.py:914} INFO - Processing file /home/airflow/.local/lib/python3.12/site-packages/airflow/example_dags/example_inlet_event_extra.py for tasks to queue
[2024-09-25T13:56:30.375+0000] {logging_mixin.py:190} INFO - [2024-09-25T13:56:30.375+0000] {dagbag.py:588} INFO - Filling up the DagBag from /home/airflow/.local/lib/python3.12/site-packages/airflow/example_dags/example_inlet_event_extra.py
[2024-09-25T13:56:30.478+0000] {processor.py:925} INFO - DAG(s) 'read_dataset_event_from_classic', 'read_dataset_event' retrieved from /home/airflow/.local/lib/python3.12/site-packages/airflow/example_dags/example_inlet_event_extra.py
[2024-09-25T13:56:30.496+0000] {logging_mixin.py:190} INFO - [2024-09-25T13:56:30.496+0000] {dag.py:3239} INFO - Sync 2 DAGs
[2024-09-25T13:56:30.517+0000] {logging_mixin.py:190} INFO - [2024-09-25T13:56:30.517+0000] {dag.py:4180} INFO - Setting next_dagrun for read_dataset_event to 2024-09-24 00:00:00+00:00, run_after=2024-09-25 00:00:00+00:00
[2024-09-25T13:56:30.522+0000] {logging_mixin.py:190} INFO - [2024-09-25T13:56:30.521+0000] {dag.py:4180} INFO - Setting next_dagrun for read_dataset_event_from_classic to 2024-09-24 00:00:00+00:00, run_after=2024-09-25 00:00:00+00:00
[2024-09-25T13:56:30.535+0000] {processor.py:208} INFO - Processing /home/airflow/.local/lib/python3.12/site-packages/airflow/example_dags/example_inlet_event_extra.py took 0.168 seconds
[2024-09-25T13:57:00.707+0000] {processor.py:186} INFO - Started process (PID=2299) to work on /home/airflow/.local/lib/python3.12/site-packages/airflow/example_dags/example_inlet_event_extra.py
[2024-09-25T13:57:00.708+0000] {processor.py:914} INFO - Processing file /home/airflow/.local/lib/python3.12/site-packages/airflow/example_dags/example_inlet_event_extra.py for tasks to queue
[2024-09-25T13:57:00.709+0000] {logging_mixin.py:190} INFO - [2024-09-25T13:57:00.709+0000] {dagbag.py:588} INFO - Filling up the DagBag from /home/airflow/.local/lib/python3.12/site-packages/airflow/example_dags/example_inlet_event_extra.py
[2024-09-25T13:57:00.815+0000] {processor.py:925} INFO - DAG(s) 'read_dataset_event', 'read_dataset_event_from_classic' retrieved from /home/airflow/.local/lib/python3.12/site-packages/airflow/example_dags/example_inlet_event_extra.py
[2024-09-25T13:57:00.833+0000] {logging_mixin.py:190} INFO - [2024-09-25T13:57:00.833+0000] {dag.py:3239} INFO - Sync 2 DAGs
[2024-09-25T13:57:00.854+0000] {logging_mixin.py:190} INFO - [2024-09-25T13:57:00.854+0000] {dag.py:4180} INFO - Setting next_dagrun for read_dataset_event to 2024-09-24 00:00:00+00:00, run_after=2024-09-25 00:00:00+00:00
[2024-09-25T13:57:00.859+0000] {logging_mixin.py:190} INFO - [2024-09-25T13:57:00.858+0000] {dag.py:4180} INFO - Setting next_dagrun for read_dataset_event_from_classic to 2024-09-24 00:00:00+00:00, run_after=2024-09-25 00:00:00+00:00
[2024-09-25T13:57:00.872+0000] {processor.py:208} INFO - Processing /home/airflow/.local/lib/python3.12/site-packages/airflow/example_dags/example_inlet_event_extra.py took 0.170 seconds
[2024-09-25T13:57:30.962+0000] {processor.py:186} INFO - Started process (PID=2586) to work on /home/airflow/.local/lib/python3.12/site-packages/airflow/example_dags/example_inlet_event_extra.py
[2024-09-25T13:57:30.962+0000] {processor.py:914} INFO - Processing file /home/airflow/.local/lib/python3.12/site-packages/airflow/example_dags/example_inlet_event_extra.py for tasks to queue
[2024-09-25T13:57:30.964+0000] {logging_mixin.py:190} INFO - [2024-09-25T13:57:30.964+0000] {dagbag.py:588} INFO - Filling up the DagBag from /home/airflow/.local/lib/python3.12/site-packages/airflow/example_dags/example_inlet_event_extra.py
[2024-09-25T13:57:31.065+0000] {processor.py:925} INFO - DAG(s) 'read_dataset_event_from_classic', 'read_dataset_event' retrieved from /home/airflow/.local/lib/python3.12/site-packages/airflow/example_dags/example_inlet_event_extra.py
[2024-09-25T13:57:31.084+0000] {logging_mixin.py:190} INFO - [2024-09-25T13:57:31.083+0000] {dag.py:3239} INFO - Sync 2 DAGs
[2024-09-25T13:57:31.105+0000] {logging_mixin.py:190} INFO - [2024-09-25T13:57:31.105+0000] {dag.py:4180} INFO - Setting next_dagrun for read_dataset_event to 2024-09-24 00:00:00+00:00, run_after=2024-09-25 00:00:00+00:00
[2024-09-25T13:57:31.109+0000] {logging_mixin.py:190} INFO - [2024-09-25T13:57:31.109+0000] {dag.py:4180} INFO - Setting next_dagrun for read_dataset_event_from_classic to 2024-09-24 00:00:00+00:00, run_after=2024-09-25 00:00:00+00:00
[2024-09-25T13:57:31.122+0000] {processor.py:208} INFO - Processing /home/airflow/.local/lib/python3.12/site-packages/airflow/example_dags/example_inlet_event_extra.py took 0.166 seconds
[2024-09-25T13:58:01.245+0000] {processor.py:186} INFO - Started process (PID=2872) to work on /home/airflow/.local/lib/python3.12/site-packages/airflow/example_dags/example_inlet_event_extra.py
[2024-09-25T13:58:01.246+0000] {processor.py:914} INFO - Processing file /home/airflow/.local/lib/python3.12/site-packages/airflow/example_dags/example_inlet_event_extra.py for tasks to queue
[2024-09-25T13:58:01.247+0000] {logging_mixin.py:190} INFO - [2024-09-25T13:58:01.247+0000] {dagbag.py:588} INFO - Filling up the DagBag from /home/airflow/.local/lib/python3.12/site-packages/airflow/example_dags/example_inlet_event_extra.py
[2024-09-25T13:58:01.351+0000] {processor.py:925} INFO - DAG(s) 'read_dataset_event_from_classic', 'read_dataset_event' retrieved from /home/airflow/.local/lib/python3.12/site-packages/airflow/example_dags/example_inlet_event_extra.py
[2024-09-25T13:58:01.371+0000] {logging_mixin.py:190} INFO - [2024-09-25T13:58:01.371+0000] {dag.py:3239} INFO - Sync 2 DAGs
[2024-09-25T13:58:01.393+0000] {logging_mixin.py:190} INFO - [2024-09-25T13:58:01.392+0000] {dag.py:4180} INFO - Setting next_dagrun for read_dataset_event to 2024-09-24 00:00:00+00:00, run_after=2024-09-25 00:00:00+00:00
[2024-09-25T13:58:01.397+0000] {logging_mixin.py:190} INFO - [2024-09-25T13:58:01.397+0000] {dag.py:4180} INFO - Setting next_dagrun for read_dataset_event_from_classic to 2024-09-24 00:00:00+00:00, run_after=2024-09-25 00:00:00+00:00
[2024-09-25T13:58:01.410+0000] {processor.py:208} INFO - Processing /home/airflow/.local/lib/python3.12/site-packages/airflow/example_dags/example_inlet_event_extra.py took 0.170 seconds
[2024-09-25T13:58:31.737+0000] {processor.py:186} INFO - Started process (PID=3174) to work on /home/airflow/.local/lib/python3.12/site-packages/airflow/example_dags/example_inlet_event_extra.py
[2024-09-25T13:58:31.738+0000] {processor.py:914} INFO - Processing file /home/airflow/.local/lib/python3.12/site-packages/airflow/example_dags/example_inlet_event_extra.py for tasks to queue
[2024-09-25T13:58:31.740+0000] {logging_mixin.py:190} INFO - [2024-09-25T13:58:31.740+0000] {dagbag.py:588} INFO - Filling up the DagBag from /home/airflow/.local/lib/python3.12/site-packages/airflow/example_dags/example_inlet_event_extra.py
[2024-09-25T13:58:31.844+0000] {processor.py:925} INFO - DAG(s) 'read_dataset_event_from_classic', 'read_dataset_event' retrieved from /home/airflow/.local/lib/python3.12/site-packages/airflow/example_dags/example_inlet_event_extra.py
[2024-09-25T13:58:31.866+0000] {logging_mixin.py:190} INFO - [2024-09-25T13:58:31.866+0000] {dag.py:3239} INFO - Sync 2 DAGs
[2024-09-25T13:58:31.889+0000] {logging_mixin.py:190} INFO - [2024-09-25T13:58:31.889+0000] {dag.py:4180} INFO - Setting next_dagrun for read_dataset_event to 2024-09-24 00:00:00+00:00, run_after=2024-09-25 00:00:00+00:00
[2024-09-25T13:58:31.894+0000] {logging_mixin.py:190} INFO - [2024-09-25T13:58:31.894+0000] {dag.py:4180} INFO - Setting next_dagrun for read_dataset_event_from_classic to 2024-09-24 00:00:00+00:00, run_after=2024-09-25 00:00:00+00:00
[2024-09-25T13:58:31.908+0000] {processor.py:208} INFO - Processing /home/airflow/.local/lib/python3.12/site-packages/airflow/example_dags/example_inlet_event_extra.py took 0.175 seconds
[2024-09-25T13:59:01.970+0000] {processor.py:186} INFO - Started process (PID=3460) to work on /home/airflow/.local/lib/python3.12/site-packages/airflow/example_dags/example_inlet_event_extra.py
[2024-09-25T13:59:01.971+0000] {processor.py:914} INFO - Processing file /home/airflow/.local/lib/python3.12/site-packages/airflow/example_dags/example_inlet_event_extra.py for tasks to queue
[2024-09-25T13:59:01.973+0000] {logging_mixin.py:190} INFO - [2024-09-25T13:59:01.973+0000] {dagbag.py:588} INFO - Filling up the DagBag from /home/airflow/.local/lib/python3.12/site-packages/airflow/example_dags/example_inlet_event_extra.py
[2024-09-25T13:59:02.074+0000] {processor.py:925} INFO - DAG(s) 'read_dataset_event', 'read_dataset_event_from_classic' retrieved from /home/airflow/.local/lib/python3.12/site-packages/airflow/example_dags/example_inlet_event_extra.py
[2024-09-25T13:59:02.091+0000] {logging_mixin.py:190} INFO - [2024-09-25T13:59:02.090+0000] {dag.py:3239} INFO - Sync 2 DAGs
[2024-09-25T13:59:02.113+0000] {logging_mixin.py:190} INFO - [2024-09-25T13:59:02.113+0000] {dag.py:4180} INFO - Setting next_dagrun for read_dataset_event to 2024-09-24 00:00:00+00:00, run_after=2024-09-25 00:00:00+00:00
[2024-09-25T13:59:02.117+0000] {logging_mixin.py:190} INFO - [2024-09-25T13:59:02.117+0000] {dag.py:4180} INFO - Setting next_dagrun for read_dataset_event_from_classic to 2024-09-24 00:00:00+00:00, run_after=2024-09-25 00:00:00+00:00
[2024-09-25T13:59:02.130+0000] {processor.py:208} INFO - Processing /home/airflow/.local/lib/python3.12/site-packages/airflow/example_dags/example_inlet_event_extra.py took 0.164 seconds
[2024-09-25T13:59:32.170+0000] {processor.py:186} INFO - Started process (PID=3744) to work on /home/airflow/.local/lib/python3.12/site-packages/airflow/example_dags/example_inlet_event_extra.py
[2024-09-25T13:59:32.171+0000] {processor.py:914} INFO - Processing file /home/airflow/.local/lib/python3.12/site-packages/airflow/example_dags/example_inlet_event_extra.py for tasks to queue
[2024-09-25T13:59:32.173+0000] {logging_mixin.py:190} INFO - [2024-09-25T13:59:32.172+0000] {dagbag.py:588} INFO - Filling up the DagBag from /home/airflow/.local/lib/python3.12/site-packages/airflow/example_dags/example_inlet_event_extra.py
[2024-09-25T13:59:32.274+0000] {processor.py:925} INFO - DAG(s) 'read_dataset_event_from_classic', 'read_dataset_event' retrieved from /home/airflow/.local/lib/python3.12/site-packages/airflow/example_dags/example_inlet_event_extra.py
[2024-09-25T13:59:32.292+0000] {logging_mixin.py:190} INFO - [2024-09-25T13:59:32.291+0000] {dag.py:3239} INFO - Sync 2 DAGs
[2024-09-25T13:59:32.316+0000] {logging_mixin.py:190} INFO - [2024-09-25T13:59:32.316+0000] {dag.py:4180} INFO - Setting next_dagrun for read_dataset_event to 2024-09-24 00:00:00+00:00, run_after=2024-09-25 00:00:00+00:00
[2024-09-25T13:59:32.321+0000] {logging_mixin.py:190} INFO - [2024-09-25T13:59:32.320+0000] {dag.py:4180} INFO - Setting next_dagrun for read_dataset_event_from_classic to 2024-09-24 00:00:00+00:00, run_after=2024-09-25 00:00:00+00:00
[2024-09-25T13:59:32.335+0000] {processor.py:208} INFO - Processing /home/airflow/.local/lib/python3.12/site-packages/airflow/example_dags/example_inlet_event_extra.py took 0.171 seconds
[2024-09-25T14:00:02.495+0000] {processor.py:186} INFO - Started process (PID=4030) to work on /home/airflow/.local/lib/python3.12/site-packages/airflow/example_dags/example_inlet_event_extra.py
[2024-09-25T14:00:02.496+0000] {processor.py:914} INFO - Processing file /home/airflow/.local/lib/python3.12/site-packages/airflow/example_dags/example_inlet_event_extra.py for tasks to queue
[2024-09-25T14:00:02.498+0000] {logging_mixin.py:190} INFO - [2024-09-25T14:00:02.498+0000] {dagbag.py:588} INFO - Filling up the DagBag from /home/airflow/.local/lib/python3.12/site-packages/airflow/example_dags/example_inlet_event_extra.py
[2024-09-25T14:00:02.608+0000] {processor.py:925} INFO - DAG(s) 'read_dataset_event', 'read_dataset_event_from_classic' retrieved from /home/airflow/.local/lib/python3.12/site-packages/airflow/example_dags/example_inlet_event_extra.py
[2024-09-25T14:00:02.625+0000] {logging_mixin.py:190} INFO - [2024-09-25T14:00:02.625+0000] {dag.py:3239} INFO - Sync 2 DAGs
[2024-09-25T14:00:02.647+0000] {logging_mixin.py:190} INFO - [2024-09-25T14:00:02.646+0000] {dag.py:4180} INFO - Setting next_dagrun for read_dataset_event to 2024-09-24 00:00:00+00:00, run_after=2024-09-25 00:00:00+00:00
[2024-09-25T14:00:02.652+0000] {logging_mixin.py:190} INFO - [2024-09-25T14:00:02.652+0000] {dag.py:4180} INFO - Setting next_dagrun for read_dataset_event_from_classic to 2024-09-24 00:00:00+00:00, run_after=2024-09-25 00:00:00+00:00
[2024-09-25T14:00:02.665+0000] {processor.py:208} INFO - Processing /home/airflow/.local/lib/python3.12/site-packages/airflow/example_dags/example_inlet_event_extra.py took 0.175 seconds
[2024-09-25T14:00:32.756+0000] {processor.py:186} INFO - Started process (PID=4316) to work on /home/airflow/.local/lib/python3.12/site-packages/airflow/example_dags/example_inlet_event_extra.py
[2024-09-25T14:00:32.757+0000] {processor.py:914} INFO - Processing file /home/airflow/.local/lib/python3.12/site-packages/airflow/example_dags/example_inlet_event_extra.py for tasks to queue
[2024-09-25T14:00:32.759+0000] {logging_mixin.py:190} INFO - [2024-09-25T14:00:32.759+0000] {dagbag.py:588} INFO - Filling up the DagBag from /home/airflow/.local/lib/python3.12/site-packages/airflow/example_dags/example_inlet_event_extra.py
[2024-09-25T14:00:32.865+0000] {processor.py:925} INFO - DAG(s) 'read_dataset_event_from_classic', 'read_dataset_event' retrieved from /home/airflow/.local/lib/python3.12/site-packages/airflow/example_dags/example_inlet_event_extra.py
[2024-09-25T14:00:32.883+0000] {logging_mixin.py:190} INFO - [2024-09-25T14:00:32.883+0000] {dag.py:3239} INFO - Sync 2 DAGs
[2024-09-25T14:00:32.905+0000] {logging_mixin.py:190} INFO - [2024-09-25T14:00:32.905+0000] {dag.py:4180} INFO - Setting next_dagrun for read_dataset_event to 2024-09-24 00:00:00+00:00, run_after=2024-09-25 00:00:00+00:00
[2024-09-25T14:00:32.910+0000] {logging_mixin.py:190} INFO - [2024-09-25T14:00:32.910+0000] {dag.py:4180} INFO - Setting next_dagrun for read_dataset_event_from_classic to 2024-09-24 00:00:00+00:00, run_after=2024-09-25 00:00:00+00:00
[2024-09-25T14:00:32.926+0000] {processor.py:208} INFO - Processing /home/airflow/.local/lib/python3.12/site-packages/airflow/example_dags/example_inlet_event_extra.py took 0.174 seconds
[2024-09-25T14:01:03.019+0000] {processor.py:186} INFO - Started process (PID=4602) to work on /home/airflow/.local/lib/python3.12/site-packages/airflow/example_dags/example_inlet_event_extra.py
[2024-09-25T14:01:03.020+0000] {processor.py:914} INFO - Processing file /home/airflow/.local/lib/python3.12/site-packages/airflow/example_dags/example_inlet_event_extra.py for tasks to queue
[2024-09-25T14:01:03.022+0000] {logging_mixin.py:190} INFO - [2024-09-25T14:01:03.022+0000] {dagbag.py:588} INFO - Filling up the DagBag from /home/airflow/.local/lib/python3.12/site-packages/airflow/example_dags/example_inlet_event_extra.py
[2024-09-25T14:01:03.128+0000] {processor.py:925} INFO - DAG(s) 'read_dataset_event_from_classic', 'read_dataset_event' retrieved from /home/airflow/.local/lib/python3.12/site-packages/airflow/example_dags/example_inlet_event_extra.py
[2024-09-25T14:01:03.145+0000] {logging_mixin.py:190} INFO - [2024-09-25T14:01:03.145+0000] {dag.py:3239} INFO - Sync 2 DAGs
[2024-09-25T14:01:03.167+0000] {logging_mixin.py:190} INFO - [2024-09-25T14:01:03.167+0000] {dag.py:4180} INFO - Setting next_dagrun for read_dataset_event to 2024-09-24 00:00:00+00:00, run_after=2024-09-25 00:00:00+00:00
[2024-09-25T14:01:03.171+0000] {logging_mixin.py:190} INFO - [2024-09-25T14:01:03.171+0000] {dag.py:4180} INFO - Setting next_dagrun for read_dataset_event_from_classic to 2024-09-24 00:00:00+00:00, run_after=2024-09-25 00:00:00+00:00
[2024-09-25T14:01:03.185+0000] {processor.py:208} INFO - Processing /home/airflow/.local/lib/python3.12/site-packages/airflow/example_dags/example_inlet_event_extra.py took 0.170 seconds
[2024-09-25T14:01:34.175+0000] {processor.py:186} INFO - Started process (PID=4895) to work on /home/airflow/.local/lib/python3.12/site-packages/airflow/example_dags/example_inlet_event_extra.py
[2024-09-25T14:01:34.176+0000] {processor.py:914} INFO - Processing file /home/airflow/.local/lib/python3.12/site-packages/airflow/example_dags/example_inlet_event_extra.py for tasks to queue
[2024-09-25T14:01:34.178+0000] {logging_mixin.py:190} INFO - [2024-09-25T14:01:34.178+0000] {dagbag.py:588} INFO - Filling up the DagBag from /home/airflow/.local/lib/python3.12/site-packages/airflow/example_dags/example_inlet_event_extra.py
[2024-09-25T14:01:34.293+0000] {processor.py:925} INFO - DAG(s) 'read_dataset_event_from_classic', 'read_dataset_event' retrieved from /home/airflow/.local/lib/python3.12/site-packages/airflow/example_dags/example_inlet_event_extra.py
[2024-09-25T14:01:34.312+0000] {logging_mixin.py:190} INFO - [2024-09-25T14:01:34.312+0000] {dag.py:3239} INFO - Sync 2 DAGs
[2024-09-25T14:01:34.336+0000] {logging_mixin.py:190} INFO - [2024-09-25T14:01:34.335+0000] {dag.py:4180} INFO - Setting next_dagrun for read_dataset_event to 2024-09-24 00:00:00+00:00, run_after=2024-09-25 00:00:00+00:00
[2024-09-25T14:01:34.340+0000] {logging_mixin.py:190} INFO - [2024-09-25T14:01:34.340+0000] {dag.py:4180} INFO - Setting next_dagrun for read_dataset_event_from_classic to 2024-09-24 00:00:00+00:00, run_after=2024-09-25 00:00:00+00:00
[2024-09-25T14:01:34.354+0000] {processor.py:208} INFO - Processing /home/airflow/.local/lib/python3.12/site-packages/airflow/example_dags/example_inlet_event_extra.py took 0.184 seconds
[2024-09-25T14:02:04.421+0000] {processor.py:186} INFO - Started process (PID=5179) to work on /home/airflow/.local/lib/python3.12/site-packages/airflow/example_dags/example_inlet_event_extra.py
[2024-09-25T14:02:04.422+0000] {processor.py:914} INFO - Processing file /home/airflow/.local/lib/python3.12/site-packages/airflow/example_dags/example_inlet_event_extra.py for tasks to queue
[2024-09-25T14:02:04.424+0000] {logging_mixin.py:190} INFO - [2024-09-25T14:02:04.423+0000] {dagbag.py:588} INFO - Filling up the DagBag from /home/airflow/.local/lib/python3.12/site-packages/airflow/example_dags/example_inlet_event_extra.py
[2024-09-25T14:02:04.527+0000] {processor.py:925} INFO - DAG(s) 'read_dataset_event_from_classic', 'read_dataset_event' retrieved from /home/airflow/.local/lib/python3.12/site-packages/airflow/example_dags/example_inlet_event_extra.py
[2024-09-25T14:02:04.547+0000] {logging_mixin.py:190} INFO - [2024-09-25T14:02:04.546+0000] {dag.py:3239} INFO - Sync 2 DAGs
[2024-09-25T14:02:04.570+0000] {logging_mixin.py:190} INFO - [2024-09-25T14:02:04.570+0000] {dag.py:4180} INFO - Setting next_dagrun for read_dataset_event to 2024-09-24 00:00:00+00:00, run_after=2024-09-25 00:00:00+00:00
[2024-09-25T14:02:04.575+0000] {logging_mixin.py:190} INFO - [2024-09-25T14:02:04.575+0000] {dag.py:4180} INFO - Setting next_dagrun for read_dataset_event_from_classic to 2024-09-24 00:00:00+00:00, run_after=2024-09-25 00:00:00+00:00
[2024-09-25T14:02:04.588+0000] {processor.py:208} INFO - Processing /home/airflow/.local/lib/python3.12/site-packages/airflow/example_dags/example_inlet_event_extra.py took 0.173 seconds
[2024-09-25T14:03:07.175+0000] {processor.py:186} INFO - Started process (PID=266) to work on /home/airflow/.local/lib/python3.12/site-packages/airflow/example_dags/example_inlet_event_extra.py
[2024-09-25T14:03:07.176+0000] {processor.py:914} INFO - Processing file /home/airflow/.local/lib/python3.12/site-packages/airflow/example_dags/example_inlet_event_extra.py for tasks to queue
[2024-09-25T14:03:07.178+0000] {logging_mixin.py:190} INFO - [2024-09-25T14:03:07.177+0000] {dagbag.py:588} INFO - Filling up the DagBag from /home/airflow/.local/lib/python3.12/site-packages/airflow/example_dags/example_inlet_event_extra.py
[2024-09-25T14:03:07.281+0000] {processor.py:925} INFO - DAG(s) 'read_dataset_event', 'read_dataset_event_from_classic' retrieved from /home/airflow/.local/lib/python3.12/site-packages/airflow/example_dags/example_inlet_event_extra.py
[2024-09-25T14:03:07.300+0000] {logging_mixin.py:190} INFO - [2024-09-25T14:03:07.300+0000] {dag.py:3239} INFO - Sync 2 DAGs
[2024-09-25T14:03:07.322+0000] {logging_mixin.py:190} INFO - [2024-09-25T14:03:07.322+0000] {dag.py:4180} INFO - Setting next_dagrun for read_dataset_event to 2024-09-24 00:00:00+00:00, run_after=2024-09-25 00:00:00+00:00
[2024-09-25T14:03:07.326+0000] {logging_mixin.py:190} INFO - [2024-09-25T14:03:07.326+0000] {dag.py:4180} INFO - Setting next_dagrun for read_dataset_event_from_classic to 2024-09-24 00:00:00+00:00, run_after=2024-09-25 00:00:00+00:00
[2024-09-25T14:03:07.340+0000] {processor.py:208} INFO - Processing /home/airflow/.local/lib/python3.12/site-packages/airflow/example_dags/example_inlet_event_extra.py took 0.169 seconds
[2024-09-25T14:03:37.539+0000] {processor.py:186} INFO - Started process (PID=570) to work on /home/airflow/.local/lib/python3.12/site-packages/airflow/example_dags/example_inlet_event_extra.py
[2024-09-25T14:03:37.540+0000] {processor.py:914} INFO - Processing file /home/airflow/.local/lib/python3.12/site-packages/airflow/example_dags/example_inlet_event_extra.py for tasks to queue
[2024-09-25T14:03:37.541+0000] {logging_mixin.py:190} INFO - [2024-09-25T14:03:37.541+0000] {dagbag.py:588} INFO - Filling up the DagBag from /home/airflow/.local/lib/python3.12/site-packages/airflow/example_dags/example_inlet_event_extra.py
[2024-09-25T14:03:37.641+0000] {processor.py:925} INFO - DAG(s) 'read_dataset_event_from_classic', 'read_dataset_event' retrieved from /home/airflow/.local/lib/python3.12/site-packages/airflow/example_dags/example_inlet_event_extra.py
[2024-09-25T14:03:37.657+0000] {logging_mixin.py:190} INFO - [2024-09-25T14:03:37.657+0000] {dag.py:3239} INFO - Sync 2 DAGs
[2024-09-25T14:03:37.679+0000] {logging_mixin.py:190} INFO - [2024-09-25T14:03:37.679+0000] {dag.py:4180} INFO - Setting next_dagrun for read_dataset_event to 2024-09-24 00:00:00+00:00, run_after=2024-09-25 00:00:00+00:00
[2024-09-25T14:03:37.684+0000] {logging_mixin.py:190} INFO - [2024-09-25T14:03:37.684+0000] {dag.py:4180} INFO - Setting next_dagrun for read_dataset_event_from_classic to 2024-09-24 00:00:00+00:00, run_after=2024-09-25 00:00:00+00:00
[2024-09-25T14:03:37.697+0000] {processor.py:208} INFO - Processing /home/airflow/.local/lib/python3.12/site-packages/airflow/example_dags/example_inlet_event_extra.py took 0.163 seconds
