[2024-09-25T13:53:29.849+0000] {processor.py:186} INFO - Started process (PID=406) to work on /home/airflow/.local/lib/python3.12/site-packages/airflow/example_dags/example_dag_decorator.py
[2024-09-25T13:53:29.850+0000] {processor.py:914} INFO - Processing file /home/airflow/.local/lib/python3.12/site-packages/airflow/example_dags/example_dag_decorator.py for tasks to queue
[2024-09-25T13:53:29.853+0000] {logging_mixin.py:190} INFO - [2024-09-25T13:53:29.852+0000] {dagbag.py:588} INFO - Filling up the DagBag from /home/airflow/.local/lib/python3.12/site-packages/airflow/example_dags/example_dag_decorator.py
[2024-09-25T13:53:29.863+0000] {processor.py:925} INFO - DAG(s) 'example_dag_decorator' retrieved from /home/airflow/.local/lib/python3.12/site-packages/airflow/example_dags/example_dag_decorator.py
[2024-09-25T13:53:29.960+0000] {logging_mixin.py:190} INFO - [2024-09-25T13:53:29.960+0000] {dag.py:3239} INFO - Sync 1 DAGs
[2024-09-25T13:53:29.972+0000] {logging_mixin.py:190} INFO - [2024-09-25T13:53:29.972+0000] {dag.py:4180} INFO - Setting next_dagrun for example_dag_decorator to None, run_after=None
[2024-09-25T13:53:29.990+0000] {processor.py:208} INFO - Processing /home/airflow/.local/lib/python3.12/site-packages/airflow/example_dags/example_dag_decorator.py took 0.146 seconds
[2024-09-25T13:54:00.042+0000] {processor.py:186} INFO - Started process (PID=710) to work on /home/airflow/.local/lib/python3.12/site-packages/airflow/example_dags/example_dag_decorator.py
[2024-09-25T13:54:00.043+0000] {processor.py:914} INFO - Processing file /home/airflow/.local/lib/python3.12/site-packages/airflow/example_dags/example_dag_decorator.py for tasks to queue
[2024-09-25T13:54:00.045+0000] {logging_mixin.py:190} INFO - [2024-09-25T13:54:00.044+0000] {dagbag.py:588} INFO - Filling up the DagBag from /home/airflow/.local/lib/python3.12/site-packages/airflow/example_dags/example_dag_decorator.py
[2024-09-25T13:54:00.055+0000] {processor.py:925} INFO - DAG(s) 'example_dag_decorator' retrieved from /home/airflow/.local/lib/python3.12/site-packages/airflow/example_dags/example_dag_decorator.py
[2024-09-25T13:54:00.149+0000] {logging_mixin.py:190} INFO - [2024-09-25T13:54:00.149+0000] {dag.py:3239} INFO - Sync 1 DAGs
[2024-09-25T13:54:00.160+0000] {logging_mixin.py:190} INFO - [2024-09-25T13:54:00.160+0000] {dag.py:4180} INFO - Setting next_dagrun for example_dag_decorator to None, run_after=None
[2024-09-25T13:54:00.175+0000] {processor.py:208} INFO - Processing /home/airflow/.local/lib/python3.12/site-packages/airflow/example_dags/example_dag_decorator.py took 0.138 seconds
[2024-09-25T13:54:30.517+0000] {processor.py:186} INFO - Started process (PID=991) to work on /home/airflow/.local/lib/python3.12/site-packages/airflow/example_dags/example_dag_decorator.py
[2024-09-25T13:54:30.518+0000] {processor.py:914} INFO - Processing file /home/airflow/.local/lib/python3.12/site-packages/airflow/example_dags/example_dag_decorator.py for tasks to queue
[2024-09-25T13:54:30.520+0000] {logging_mixin.py:190} INFO - [2024-09-25T13:54:30.520+0000] {dagbag.py:588} INFO - Filling up the DagBag from /home/airflow/.local/lib/python3.12/site-packages/airflow/example_dags/example_dag_decorator.py
[2024-09-25T13:54:30.530+0000] {processor.py:925} INFO - DAG(s) 'example_dag_decorator' retrieved from /home/airflow/.local/lib/python3.12/site-packages/airflow/example_dags/example_dag_decorator.py
[2024-09-25T13:54:30.626+0000] {logging_mixin.py:190} INFO - [2024-09-25T13:54:30.626+0000] {dag.py:3239} INFO - Sync 1 DAGs
[2024-09-25T13:54:30.638+0000] {logging_mixin.py:190} INFO - [2024-09-25T13:54:30.638+0000] {dag.py:4180} INFO - Setting next_dagrun for example_dag_decorator to None, run_after=None
[2024-09-25T13:54:30.667+0000] {processor.py:208} INFO - Processing /home/airflow/.local/lib/python3.12/site-packages/airflow/example_dags/example_dag_decorator.py took 0.155 seconds
[2024-09-25T13:55:01.096+0000] {processor.py:186} INFO - Started process (PID=1279) to work on /home/airflow/.local/lib/python3.12/site-packages/airflow/example_dags/example_dag_decorator.py
[2024-09-25T13:55:01.097+0000] {processor.py:914} INFO - Processing file /home/airflow/.local/lib/python3.12/site-packages/airflow/example_dags/example_dag_decorator.py for tasks to queue
[2024-09-25T13:55:01.099+0000] {logging_mixin.py:190} INFO - [2024-09-25T13:55:01.099+0000] {dagbag.py:588} INFO - Filling up the DagBag from /home/airflow/.local/lib/python3.12/site-packages/airflow/example_dags/example_dag_decorator.py
[2024-09-25T13:55:01.109+0000] {processor.py:925} INFO - DAG(s) 'example_dag_decorator' retrieved from /home/airflow/.local/lib/python3.12/site-packages/airflow/example_dags/example_dag_decorator.py
[2024-09-25T13:55:01.128+0000] {logging_mixin.py:190} INFO - [2024-09-25T13:55:01.128+0000] {dag.py:3239} INFO - Sync 1 DAGs
[2024-09-25T13:55:01.142+0000] {logging_mixin.py:190} INFO - [2024-09-25T13:55:01.141+0000] {dag.py:4180} INFO - Setting next_dagrun for example_dag_decorator to None, run_after=None
[2024-09-25T13:55:01.157+0000] {processor.py:208} INFO - Processing /home/airflow/.local/lib/python3.12/site-packages/airflow/example_dags/example_dag_decorator.py took 0.066 seconds
[2024-09-25T13:55:31.377+0000] {processor.py:186} INFO - Started process (PID=1565) to work on /home/airflow/.local/lib/python3.12/site-packages/airflow/example_dags/example_dag_decorator.py
[2024-09-25T13:55:31.378+0000] {processor.py:914} INFO - Processing file /home/airflow/.local/lib/python3.12/site-packages/airflow/example_dags/example_dag_decorator.py for tasks to queue
[2024-09-25T13:55:31.380+0000] {logging_mixin.py:190} INFO - [2024-09-25T13:55:31.380+0000] {dagbag.py:588} INFO - Filling up the DagBag from /home/airflow/.local/lib/python3.12/site-packages/airflow/example_dags/example_dag_decorator.py
[2024-09-25T13:55:31.390+0000] {processor.py:925} INFO - DAG(s) 'example_dag_decorator' retrieved from /home/airflow/.local/lib/python3.12/site-packages/airflow/example_dags/example_dag_decorator.py
[2024-09-25T13:55:31.490+0000] {logging_mixin.py:190} INFO - [2024-09-25T13:55:31.489+0000] {dag.py:3239} INFO - Sync 1 DAGs
[2024-09-25T13:55:31.501+0000] {logging_mixin.py:190} INFO - [2024-09-25T13:55:31.501+0000] {dag.py:4180} INFO - Setting next_dagrun for example_dag_decorator to None, run_after=None
[2024-09-25T13:55:31.516+0000] {processor.py:208} INFO - Processing /home/airflow/.local/lib/python3.12/site-packages/airflow/example_dags/example_dag_decorator.py took 0.146 seconds
[2024-09-25T13:56:01.666+0000] {processor.py:186} INFO - Started process (PID=1857) to work on /home/airflow/.local/lib/python3.12/site-packages/airflow/example_dags/example_dag_decorator.py
[2024-09-25T13:56:01.666+0000] {processor.py:914} INFO - Processing file /home/airflow/.local/lib/python3.12/site-packages/airflow/example_dags/example_dag_decorator.py for tasks to queue
[2024-09-25T13:56:01.668+0000] {logging_mixin.py:190} INFO - [2024-09-25T13:56:01.668+0000] {dagbag.py:588} INFO - Filling up the DagBag from /home/airflow/.local/lib/python3.12/site-packages/airflow/example_dags/example_dag_decorator.py
[2024-09-25T13:56:01.678+0000] {processor.py:925} INFO - DAG(s) 'example_dag_decorator' retrieved from /home/airflow/.local/lib/python3.12/site-packages/airflow/example_dags/example_dag_decorator.py
[2024-09-25T13:56:01.696+0000] {logging_mixin.py:190} INFO - [2024-09-25T13:56:01.696+0000] {dag.py:3239} INFO - Sync 1 DAGs
[2024-09-25T13:56:01.709+0000] {logging_mixin.py:190} INFO - [2024-09-25T13:56:01.709+0000] {dag.py:4180} INFO - Setting next_dagrun for example_dag_decorator to None, run_after=None
[2024-09-25T13:56:01.724+0000] {processor.py:208} INFO - Processing /home/airflow/.local/lib/python3.12/site-packages/airflow/example_dags/example_dag_decorator.py took 0.064 seconds
[2024-09-25T13:56:31.974+0000] {processor.py:186} INFO - Started process (PID=2143) to work on /home/airflow/.local/lib/python3.12/site-packages/airflow/example_dags/example_dag_decorator.py
[2024-09-25T13:56:31.975+0000] {processor.py:914} INFO - Processing file /home/airflow/.local/lib/python3.12/site-packages/airflow/example_dags/example_dag_decorator.py for tasks to queue
[2024-09-25T13:56:31.977+0000] {logging_mixin.py:190} INFO - [2024-09-25T13:56:31.976+0000] {dagbag.py:588} INFO - Filling up the DagBag from /home/airflow/.local/lib/python3.12/site-packages/airflow/example_dags/example_dag_decorator.py
[2024-09-25T13:56:31.987+0000] {processor.py:925} INFO - DAG(s) 'example_dag_decorator' retrieved from /home/airflow/.local/lib/python3.12/site-packages/airflow/example_dags/example_dag_decorator.py
[2024-09-25T13:56:32.092+0000] {logging_mixin.py:190} INFO - [2024-09-25T13:56:32.091+0000] {dag.py:3239} INFO - Sync 1 DAGs
[2024-09-25T13:56:32.107+0000] {logging_mixin.py:190} INFO - [2024-09-25T13:56:32.106+0000] {dag.py:4180} INFO - Setting next_dagrun for example_dag_decorator to None, run_after=None
[2024-09-25T13:56:32.123+0000] {processor.py:208} INFO - Processing /home/airflow/.local/lib/python3.12/site-packages/airflow/example_dags/example_dag_decorator.py took 0.154 seconds
[2024-09-25T13:57:02.430+0000] {processor.py:186} INFO - Started process (PID=2431) to work on /home/airflow/.local/lib/python3.12/site-packages/airflow/example_dags/example_dag_decorator.py
[2024-09-25T13:57:02.431+0000] {processor.py:914} INFO - Processing file /home/airflow/.local/lib/python3.12/site-packages/airflow/example_dags/example_dag_decorator.py for tasks to queue
[2024-09-25T13:57:02.433+0000] {logging_mixin.py:190} INFO - [2024-09-25T13:57:02.433+0000] {dagbag.py:588} INFO - Filling up the DagBag from /home/airflow/.local/lib/python3.12/site-packages/airflow/example_dags/example_dag_decorator.py
[2024-09-25T13:57:02.442+0000] {processor.py:925} INFO - DAG(s) 'example_dag_decorator' retrieved from /home/airflow/.local/lib/python3.12/site-packages/airflow/example_dags/example_dag_decorator.py
[2024-09-25T13:57:02.539+0000] {logging_mixin.py:190} INFO - [2024-09-25T13:57:02.539+0000] {dag.py:3239} INFO - Sync 1 DAGs
[2024-09-25T13:57:02.552+0000] {logging_mixin.py:190} INFO - [2024-09-25T13:57:02.552+0000] {dag.py:4180} INFO - Setting next_dagrun for example_dag_decorator to None, run_after=None
[2024-09-25T13:57:02.569+0000] {processor.py:208} INFO - Processing /home/airflow/.local/lib/python3.12/site-packages/airflow/example_dags/example_dag_decorator.py took 0.144 seconds
[2024-09-25T13:57:32.600+0000] {processor.py:186} INFO - Started process (PID=2721) to work on /home/airflow/.local/lib/python3.12/site-packages/airflow/example_dags/example_dag_decorator.py
[2024-09-25T13:57:32.601+0000] {processor.py:914} INFO - Processing file /home/airflow/.local/lib/python3.12/site-packages/airflow/example_dags/example_dag_decorator.py for tasks to queue
[2024-09-25T13:57:32.603+0000] {logging_mixin.py:190} INFO - [2024-09-25T13:57:32.603+0000] {dagbag.py:588} INFO - Filling up the DagBag from /home/airflow/.local/lib/python3.12/site-packages/airflow/example_dags/example_dag_decorator.py
[2024-09-25T13:57:32.613+0000] {processor.py:925} INFO - DAG(s) 'example_dag_decorator' retrieved from /home/airflow/.local/lib/python3.12/site-packages/airflow/example_dags/example_dag_decorator.py
[2024-09-25T13:57:32.710+0000] {logging_mixin.py:190} INFO - [2024-09-25T13:57:32.710+0000] {dag.py:3239} INFO - Sync 1 DAGs
[2024-09-25T13:57:32.723+0000] {logging_mixin.py:190} INFO - [2024-09-25T13:57:32.723+0000] {dag.py:4180} INFO - Setting next_dagrun for example_dag_decorator to None, run_after=None
[2024-09-25T13:57:32.746+0000] {processor.py:208} INFO - Processing /home/airflow/.local/lib/python3.12/site-packages/airflow/example_dags/example_dag_decorator.py took 0.151 seconds
[2024-09-25T13:58:03.108+0000] {processor.py:186} INFO - Started process (PID=3012) to work on /home/airflow/.local/lib/python3.12/site-packages/airflow/example_dags/example_dag_decorator.py
[2024-09-25T13:58:03.109+0000] {processor.py:914} INFO - Processing file /home/airflow/.local/lib/python3.12/site-packages/airflow/example_dags/example_dag_decorator.py for tasks to queue
[2024-09-25T13:58:03.111+0000] {logging_mixin.py:190} INFO - [2024-09-25T13:58:03.111+0000] {dagbag.py:588} INFO - Filling up the DagBag from /home/airflow/.local/lib/python3.12/site-packages/airflow/example_dags/example_dag_decorator.py
[2024-09-25T13:58:03.120+0000] {processor.py:925} INFO - DAG(s) 'example_dag_decorator' retrieved from /home/airflow/.local/lib/python3.12/site-packages/airflow/example_dags/example_dag_decorator.py
[2024-09-25T13:58:03.220+0000] {logging_mixin.py:190} INFO - [2024-09-25T13:58:03.220+0000] {dag.py:3239} INFO - Sync 1 DAGs
[2024-09-25T13:58:03.232+0000] {logging_mixin.py:190} INFO - [2024-09-25T13:58:03.232+0000] {dag.py:4180} INFO - Setting next_dagrun for example_dag_decorator to None, run_after=None
[2024-09-25T13:58:03.251+0000] {processor.py:208} INFO - Processing /home/airflow/.local/lib/python3.12/site-packages/airflow/example_dags/example_dag_decorator.py took 0.148 seconds
[2024-09-25T13:58:33.380+0000] {processor.py:186} INFO - Started process (PID=3319) to work on /home/airflow/.local/lib/python3.12/site-packages/airflow/example_dags/example_dag_decorator.py
[2024-09-25T13:58:33.381+0000] {processor.py:914} INFO - Processing file /home/airflow/.local/lib/python3.12/site-packages/airflow/example_dags/example_dag_decorator.py for tasks to queue
[2024-09-25T13:58:33.383+0000] {logging_mixin.py:190} INFO - [2024-09-25T13:58:33.383+0000] {dagbag.py:588} INFO - Filling up the DagBag from /home/airflow/.local/lib/python3.12/site-packages/airflow/example_dags/example_dag_decorator.py
[2024-09-25T13:58:33.394+0000] {processor.py:925} INFO - DAG(s) 'example_dag_decorator' retrieved from /home/airflow/.local/lib/python3.12/site-packages/airflow/example_dags/example_dag_decorator.py
[2024-09-25T13:58:33.493+0000] {logging_mixin.py:190} INFO - [2024-09-25T13:58:33.492+0000] {dag.py:3239} INFO - Sync 1 DAGs
[2024-09-25T13:58:33.503+0000] {logging_mixin.py:190} INFO - [2024-09-25T13:58:33.503+0000] {dag.py:4180} INFO - Setting next_dagrun for example_dag_decorator to None, run_after=None
[2024-09-25T13:58:33.521+0000] {processor.py:208} INFO - Processing /home/airflow/.local/lib/python3.12/site-packages/airflow/example_dags/example_dag_decorator.py took 0.145 seconds
[2024-09-25T13:59:03.554+0000] {processor.py:186} INFO - Started process (PID=3590) to work on /home/airflow/.local/lib/python3.12/site-packages/airflow/example_dags/example_dag_decorator.py
[2024-09-25T13:59:03.555+0000] {processor.py:914} INFO - Processing file /home/airflow/.local/lib/python3.12/site-packages/airflow/example_dags/example_dag_decorator.py for tasks to queue
[2024-09-25T13:59:03.557+0000] {logging_mixin.py:190} INFO - [2024-09-25T13:59:03.556+0000] {dagbag.py:588} INFO - Filling up the DagBag from /home/airflow/.local/lib/python3.12/site-packages/airflow/example_dags/example_dag_decorator.py
[2024-09-25T13:59:03.566+0000] {processor.py:925} INFO - DAG(s) 'example_dag_decorator' retrieved from /home/airflow/.local/lib/python3.12/site-packages/airflow/example_dags/example_dag_decorator.py
[2024-09-25T13:59:03.660+0000] {logging_mixin.py:190} INFO - [2024-09-25T13:59:03.660+0000] {dag.py:3239} INFO - Sync 1 DAGs
[2024-09-25T13:59:03.671+0000] {logging_mixin.py:190} INFO - [2024-09-25T13:59:03.670+0000] {dag.py:4180} INFO - Setting next_dagrun for example_dag_decorator to None, run_after=None
[2024-09-25T13:59:03.686+0000] {processor.py:208} INFO - Processing /home/airflow/.local/lib/python3.12/site-packages/airflow/example_dags/example_dag_decorator.py took 0.137 seconds
[2024-09-25T13:59:33.887+0000] {processor.py:186} INFO - Started process (PID=3874) to work on /home/airflow/.local/lib/python3.12/site-packages/airflow/example_dags/example_dag_decorator.py
[2024-09-25T13:59:33.888+0000] {processor.py:914} INFO - Processing file /home/airflow/.local/lib/python3.12/site-packages/airflow/example_dags/example_dag_decorator.py for tasks to queue
[2024-09-25T13:59:33.889+0000] {logging_mixin.py:190} INFO - [2024-09-25T13:59:33.889+0000] {dagbag.py:588} INFO - Filling up the DagBag from /home/airflow/.local/lib/python3.12/site-packages/airflow/example_dags/example_dag_decorator.py
[2024-09-25T13:59:33.899+0000] {processor.py:925} INFO - DAG(s) 'example_dag_decorator' retrieved from /home/airflow/.local/lib/python3.12/site-packages/airflow/example_dags/example_dag_decorator.py
[2024-09-25T13:59:33.998+0000] {logging_mixin.py:190} INFO - [2024-09-25T13:59:33.998+0000] {dag.py:3239} INFO - Sync 1 DAGs
[2024-09-25T13:59:34.011+0000] {logging_mixin.py:190} INFO - [2024-09-25T13:59:34.010+0000] {dag.py:4180} INFO - Setting next_dagrun for example_dag_decorator to None, run_after=None
[2024-09-25T13:59:34.027+0000] {processor.py:208} INFO - Processing /home/airflow/.local/lib/python3.12/site-packages/airflow/example_dags/example_dag_decorator.py took 0.145 seconds
[2024-09-25T14:00:04.149+0000] {processor.py:186} INFO - Started process (PID=4162) to work on /home/airflow/.local/lib/python3.12/site-packages/airflow/example_dags/example_dag_decorator.py
[2024-09-25T14:00:04.149+0000] {processor.py:914} INFO - Processing file /home/airflow/.local/lib/python3.12/site-packages/airflow/example_dags/example_dag_decorator.py for tasks to queue
[2024-09-25T14:00:04.151+0000] {logging_mixin.py:190} INFO - [2024-09-25T14:00:04.151+0000] {dagbag.py:588} INFO - Filling up the DagBag from /home/airflow/.local/lib/python3.12/site-packages/airflow/example_dags/example_dag_decorator.py
[2024-09-25T14:00:04.161+0000] {processor.py:925} INFO - DAG(s) 'example_dag_decorator' retrieved from /home/airflow/.local/lib/python3.12/site-packages/airflow/example_dags/example_dag_decorator.py
[2024-09-25T14:00:04.257+0000] {logging_mixin.py:190} INFO - [2024-09-25T14:00:04.257+0000] {dag.py:3239} INFO - Sync 1 DAGs
[2024-09-25T14:00:04.268+0000] {logging_mixin.py:190} INFO - [2024-09-25T14:00:04.268+0000] {dag.py:4180} INFO - Setting next_dagrun for example_dag_decorator to None, run_after=None
[2024-09-25T14:00:04.284+0000] {processor.py:208} INFO - Processing /home/airflow/.local/lib/python3.12/site-packages/airflow/example_dags/example_dag_decorator.py took 0.141 seconds
[2024-09-25T14:00:34.524+0000] {processor.py:186} INFO - Started process (PID=4453) to work on /home/airflow/.local/lib/python3.12/site-packages/airflow/example_dags/example_dag_decorator.py
[2024-09-25T14:00:34.525+0000] {processor.py:914} INFO - Processing file /home/airflow/.local/lib/python3.12/site-packages/airflow/example_dags/example_dag_decorator.py for tasks to queue
[2024-09-25T14:00:34.527+0000] {logging_mixin.py:190} INFO - [2024-09-25T14:00:34.527+0000] {dagbag.py:588} INFO - Filling up the DagBag from /home/airflow/.local/lib/python3.12/site-packages/airflow/example_dags/example_dag_decorator.py
[2024-09-25T14:00:34.536+0000] {processor.py:925} INFO - DAG(s) 'example_dag_decorator' retrieved from /home/airflow/.local/lib/python3.12/site-packages/airflow/example_dags/example_dag_decorator.py
[2024-09-25T14:00:34.633+0000] {logging_mixin.py:190} INFO - [2024-09-25T14:00:34.633+0000] {dag.py:3239} INFO - Sync 1 DAGs
[2024-09-25T14:00:34.644+0000] {logging_mixin.py:190} INFO - [2024-09-25T14:00:34.644+0000] {dag.py:4180} INFO - Setting next_dagrun for example_dag_decorator to None, run_after=None
[2024-09-25T14:00:34.659+0000] {processor.py:208} INFO - Processing /home/airflow/.local/lib/python3.12/site-packages/airflow/example_dags/example_dag_decorator.py took 0.140 seconds
[2024-09-25T14:01:05.596+0000] {processor.py:186} INFO - Started process (PID=4739) to work on /home/airflow/.local/lib/python3.12/site-packages/airflow/example_dags/example_dag_decorator.py
[2024-09-25T14:01:05.597+0000] {processor.py:914} INFO - Processing file /home/airflow/.local/lib/python3.12/site-packages/airflow/example_dags/example_dag_decorator.py for tasks to queue
[2024-09-25T14:01:05.599+0000] {logging_mixin.py:190} INFO - [2024-09-25T14:01:05.599+0000] {dagbag.py:588} INFO - Filling up the DagBag from /home/airflow/.local/lib/python3.12/site-packages/airflow/example_dags/example_dag_decorator.py
[2024-09-25T14:01:05.609+0000] {processor.py:925} INFO - DAG(s) 'example_dag_decorator' retrieved from /home/airflow/.local/lib/python3.12/site-packages/airflow/example_dags/example_dag_decorator.py
[2024-09-25T14:01:05.705+0000] {logging_mixin.py:190} INFO - [2024-09-25T14:01:05.705+0000] {dag.py:3239} INFO - Sync 1 DAGs
[2024-09-25T14:01:05.716+0000] {logging_mixin.py:190} INFO - [2024-09-25T14:01:05.715+0000] {dag.py:4180} INFO - Setting next_dagrun for example_dag_decorator to None, run_after=None
[2024-09-25T14:01:05.731+0000] {processor.py:208} INFO - Processing /home/airflow/.local/lib/python3.12/site-packages/airflow/example_dags/example_dag_decorator.py took 0.139 seconds
[2024-09-25T14:01:35.770+0000] {processor.py:186} INFO - Started process (PID=5023) to work on /home/airflow/.local/lib/python3.12/site-packages/airflow/example_dags/example_dag_decorator.py
[2024-09-25T14:01:35.771+0000] {processor.py:914} INFO - Processing file /home/airflow/.local/lib/python3.12/site-packages/airflow/example_dags/example_dag_decorator.py for tasks to queue
[2024-09-25T14:01:35.773+0000] {logging_mixin.py:190} INFO - [2024-09-25T14:01:35.772+0000] {dagbag.py:588} INFO - Filling up the DagBag from /home/airflow/.local/lib/python3.12/site-packages/airflow/example_dags/example_dag_decorator.py
[2024-09-25T14:01:35.783+0000] {processor.py:925} INFO - DAG(s) 'example_dag_decorator' retrieved from /home/airflow/.local/lib/python3.12/site-packages/airflow/example_dags/example_dag_decorator.py
[2024-09-25T14:01:35.883+0000] {logging_mixin.py:190} INFO - [2024-09-25T14:01:35.883+0000] {dag.py:3239} INFO - Sync 1 DAGs
[2024-09-25T14:01:35.895+0000] {logging_mixin.py:190} INFO - [2024-09-25T14:01:35.895+0000] {dag.py:4180} INFO - Setting next_dagrun for example_dag_decorator to None, run_after=None
[2024-09-25T14:01:35.912+0000] {processor.py:208} INFO - Processing /home/airflow/.local/lib/python3.12/site-packages/airflow/example_dags/example_dag_decorator.py took 0.147 seconds
[2024-09-25T14:02:06.866+0000] {processor.py:186} INFO - Started process (PID=5304) to work on /home/airflow/.local/lib/python3.12/site-packages/airflow/example_dags/example_dag_decorator.py
[2024-09-25T14:02:06.867+0000] {processor.py:914} INFO - Processing file /home/airflow/.local/lib/python3.12/site-packages/airflow/example_dags/example_dag_decorator.py for tasks to queue
[2024-09-25T14:02:06.868+0000] {logging_mixin.py:190} INFO - [2024-09-25T14:02:06.868+0000] {dagbag.py:588} INFO - Filling up the DagBag from /home/airflow/.local/lib/python3.12/site-packages/airflow/example_dags/example_dag_decorator.py
[2024-09-25T14:02:06.878+0000] {processor.py:925} INFO - DAG(s) 'example_dag_decorator' retrieved from /home/airflow/.local/lib/python3.12/site-packages/airflow/example_dags/example_dag_decorator.py
[2024-09-25T14:02:06.974+0000] {logging_mixin.py:190} INFO - [2024-09-25T14:02:06.974+0000] {dag.py:3239} INFO - Sync 1 DAGs
[2024-09-25T14:02:06.985+0000] {logging_mixin.py:190} INFO - [2024-09-25T14:02:06.985+0000] {dag.py:4180} INFO - Setting next_dagrun for example_dag_decorator to None, run_after=None
[2024-09-25T14:02:07.003+0000] {processor.py:208} INFO - Processing /home/airflow/.local/lib/python3.12/site-packages/airflow/example_dags/example_dag_decorator.py took 0.142 seconds
[2024-09-25T14:03:08.902+0000] {processor.py:186} INFO - Started process (PID=399) to work on /home/airflow/.local/lib/python3.12/site-packages/airflow/example_dags/example_dag_decorator.py
[2024-09-25T14:03:08.903+0000] {processor.py:914} INFO - Processing file /home/airflow/.local/lib/python3.12/site-packages/airflow/example_dags/example_dag_decorator.py for tasks to queue
[2024-09-25T14:03:08.907+0000] {logging_mixin.py:190} INFO - [2024-09-25T14:03:08.907+0000] {dagbag.py:588} INFO - Filling up the DagBag from /home/airflow/.local/lib/python3.12/site-packages/airflow/example_dags/example_dag_decorator.py
[2024-09-25T14:03:08.918+0000] {processor.py:925} INFO - DAG(s) 'example_dag_decorator' retrieved from /home/airflow/.local/lib/python3.12/site-packages/airflow/example_dags/example_dag_decorator.py
[2024-09-25T14:03:09.020+0000] {logging_mixin.py:190} INFO - [2024-09-25T14:03:09.020+0000] {dag.py:3239} INFO - Sync 1 DAGs
[2024-09-25T14:03:09.031+0000] {logging_mixin.py:190} INFO - [2024-09-25T14:03:09.031+0000] {dag.py:4180} INFO - Setting next_dagrun for example_dag_decorator to None, run_after=None
[2024-09-25T14:03:09.048+0000] {processor.py:208} INFO - Processing /home/airflow/.local/lib/python3.12/site-packages/airflow/example_dags/example_dag_decorator.py took 0.151 seconds
[2024-09-25T14:03:39.144+0000] {processor.py:186} INFO - Started process (PID=705) to work on /home/airflow/.local/lib/python3.12/site-packages/airflow/example_dags/example_dag_decorator.py
[2024-09-25T14:03:39.145+0000] {processor.py:914} INFO - Processing file /home/airflow/.local/lib/python3.12/site-packages/airflow/example_dags/example_dag_decorator.py for tasks to queue
[2024-09-25T14:03:39.147+0000] {logging_mixin.py:190} INFO - [2024-09-25T14:03:39.146+0000] {dagbag.py:588} INFO - Filling up the DagBag from /home/airflow/.local/lib/python3.12/site-packages/airflow/example_dags/example_dag_decorator.py
[2024-09-25T14:03:39.156+0000] {processor.py:925} INFO - DAG(s) 'example_dag_decorator' retrieved from /home/airflow/.local/lib/python3.12/site-packages/airflow/example_dags/example_dag_decorator.py
[2024-09-25T14:03:39.251+0000] {logging_mixin.py:190} INFO - [2024-09-25T14:03:39.251+0000] {dag.py:3239} INFO - Sync 1 DAGs
[2024-09-25T14:03:39.262+0000] {logging_mixin.py:190} INFO - [2024-09-25T14:03:39.262+0000] {dag.py:4180} INFO - Setting next_dagrun for example_dag_decorator to None, run_after=None
[2024-09-25T14:03:39.278+0000] {processor.py:208} INFO - Processing /home/airflow/.local/lib/python3.12/site-packages/airflow/example_dags/example_dag_decorator.py took 0.139 seconds
