[2024-09-25T13:53:28.898+0000] {processor.py:186} INFO - Started process (PID=321) to work on /home/airflow/.local/lib/python3.12/site-packages/airflow/example_dags/example_nested_branch_dag.py
[2024-09-25T13:53:28.899+0000] {processor.py:914} INFO - Processing file /home/airflow/.local/lib/python3.12/site-packages/airflow/example_dags/example_nested_branch_dag.py for tasks to queue
[2024-09-25T13:53:28.901+0000] {logging_mixin.py:190} INFO - [2024-09-25T13:53:28.901+0000] {dagbag.py:588} INFO - Filling up the DagBag from /home/airflow/.local/lib/python3.12/site-packages/airflow/example_dags/example_nested_branch_dag.py
[2024-09-25T13:53:28.913+0000] {processor.py:925} INFO - DAG(s) 'example_nested_branch_dag' retrieved from /home/airflow/.local/lib/python3.12/site-packages/airflow/example_dags/example_nested_branch_dag.py
[2024-09-25T13:53:28.933+0000] {logging_mixin.py:190} INFO - [2024-09-25T13:53:28.933+0000] {dag.py:3239} INFO - Sync 1 DAGs
[2024-09-25T13:53:28.956+0000] {logging_mixin.py:190} INFO - [2024-09-25T13:53:28.956+0000] {dag.py:4180} INFO - Setting next_dagrun for example_nested_branch_dag to 2024-09-24 00:00:00+00:00, run_after=2024-09-25 00:00:00+00:00
[2024-09-25T13:53:28.973+0000] {processor.py:208} INFO - Processing /home/airflow/.local/lib/python3.12/site-packages/airflow/example_dags/example_nested_branch_dag.py took 0.080 seconds
[2024-09-25T13:53:59.178+0000] {processor.py:186} INFO - Started process (PID=620) to work on /home/airflow/.local/lib/python3.12/site-packages/airflow/example_dags/example_nested_branch_dag.py
[2024-09-25T13:53:59.179+0000] {processor.py:914} INFO - Processing file /home/airflow/.local/lib/python3.12/site-packages/airflow/example_dags/example_nested_branch_dag.py for tasks to queue
[2024-09-25T13:53:59.181+0000] {logging_mixin.py:190} INFO - [2024-09-25T13:53:59.180+0000] {dagbag.py:588} INFO - Filling up the DagBag from /home/airflow/.local/lib/python3.12/site-packages/airflow/example_dags/example_nested_branch_dag.py
[2024-09-25T13:53:59.190+0000] {processor.py:925} INFO - DAG(s) 'example_nested_branch_dag' retrieved from /home/airflow/.local/lib/python3.12/site-packages/airflow/example_dags/example_nested_branch_dag.py
[2024-09-25T13:53:59.208+0000] {logging_mixin.py:190} INFO - [2024-09-25T13:53:59.208+0000] {dag.py:3239} INFO - Sync 1 DAGs
[2024-09-25T13:53:59.229+0000] {logging_mixin.py:190} INFO - [2024-09-25T13:53:59.229+0000] {dag.py:4180} INFO - Setting next_dagrun for example_nested_branch_dag to 2024-09-24 00:00:00+00:00, run_after=2024-09-25 00:00:00+00:00
[2024-09-25T13:53:59.246+0000] {processor.py:208} INFO - Processing /home/airflow/.local/lib/python3.12/site-packages/airflow/example_dags/example_nested_branch_dag.py took 0.073 seconds
[2024-09-25T13:54:29.668+0000] {processor.py:186} INFO - Started process (PID=908) to work on /home/airflow/.local/lib/python3.12/site-packages/airflow/example_dags/example_nested_branch_dag.py
[2024-09-25T13:54:29.669+0000] {processor.py:914} INFO - Processing file /home/airflow/.local/lib/python3.12/site-packages/airflow/example_dags/example_nested_branch_dag.py for tasks to queue
[2024-09-25T13:54:29.671+0000] {logging_mixin.py:190} INFO - [2024-09-25T13:54:29.670+0000] {dagbag.py:588} INFO - Filling up the DagBag from /home/airflow/.local/lib/python3.12/site-packages/airflow/example_dags/example_nested_branch_dag.py
[2024-09-25T13:54:29.680+0000] {processor.py:925} INFO - DAG(s) 'example_nested_branch_dag' retrieved from /home/airflow/.local/lib/python3.12/site-packages/airflow/example_dags/example_nested_branch_dag.py
[2024-09-25T13:54:29.699+0000] {logging_mixin.py:190} INFO - [2024-09-25T13:54:29.698+0000] {dag.py:3239} INFO - Sync 1 DAGs
[2024-09-25T13:54:29.720+0000] {logging_mixin.py:190} INFO - [2024-09-25T13:54:29.720+0000] {dag.py:4180} INFO - Setting next_dagrun for example_nested_branch_dag to 2024-09-24 00:00:00+00:00, run_after=2024-09-25 00:00:00+00:00
[2024-09-25T13:54:29.736+0000] {processor.py:208} INFO - Processing /home/airflow/.local/lib/python3.12/site-packages/airflow/example_dags/example_nested_branch_dag.py took 0.073 seconds
[2024-09-25T13:55:00.155+0000] {processor.py:186} INFO - Started process (PID=1194) to work on /home/airflow/.local/lib/python3.12/site-packages/airflow/example_dags/example_nested_branch_dag.py
[2024-09-25T13:55:00.156+0000] {processor.py:914} INFO - Processing file /home/airflow/.local/lib/python3.12/site-packages/airflow/example_dags/example_nested_branch_dag.py for tasks to queue
[2024-09-25T13:55:00.157+0000] {logging_mixin.py:190} INFO - [2024-09-25T13:55:00.157+0000] {dagbag.py:588} INFO - Filling up the DagBag from /home/airflow/.local/lib/python3.12/site-packages/airflow/example_dags/example_nested_branch_dag.py
[2024-09-25T13:55:00.167+0000] {processor.py:925} INFO - DAG(s) 'example_nested_branch_dag' retrieved from /home/airflow/.local/lib/python3.12/site-packages/airflow/example_dags/example_nested_branch_dag.py
[2024-09-25T13:55:00.186+0000] {logging_mixin.py:190} INFO - [2024-09-25T13:55:00.185+0000] {dag.py:3239} INFO - Sync 1 DAGs
[2024-09-25T13:55:00.207+0000] {logging_mixin.py:190} INFO - [2024-09-25T13:55:00.207+0000] {dag.py:4180} INFO - Setting next_dagrun for example_nested_branch_dag to 2024-09-24 00:00:00+00:00, run_after=2024-09-25 00:00:00+00:00
[2024-09-25T13:55:00.222+0000] {processor.py:208} INFO - Processing /home/airflow/.local/lib/python3.12/site-packages/airflow/example_dags/example_nested_branch_dag.py took 0.073 seconds
[2024-09-25T13:55:30.446+0000] {processor.py:186} INFO - Started process (PID=1478) to work on /home/airflow/.local/lib/python3.12/site-packages/airflow/example_dags/example_nested_branch_dag.py
[2024-09-25T13:55:30.446+0000] {processor.py:914} INFO - Processing file /home/airflow/.local/lib/python3.12/site-packages/airflow/example_dags/example_nested_branch_dag.py for tasks to queue
[2024-09-25T13:55:30.448+0000] {logging_mixin.py:190} INFO - [2024-09-25T13:55:30.448+0000] {dagbag.py:588} INFO - Filling up the DagBag from /home/airflow/.local/lib/python3.12/site-packages/airflow/example_dags/example_nested_branch_dag.py
[2024-09-25T13:55:30.458+0000] {processor.py:925} INFO - DAG(s) 'example_nested_branch_dag' retrieved from /home/airflow/.local/lib/python3.12/site-packages/airflow/example_dags/example_nested_branch_dag.py
[2024-09-25T13:55:30.476+0000] {logging_mixin.py:190} INFO - [2024-09-25T13:55:30.476+0000] {dag.py:3239} INFO - Sync 1 DAGs
[2024-09-25T13:55:30.498+0000] {logging_mixin.py:190} INFO - [2024-09-25T13:55:30.498+0000] {dag.py:4180} INFO - Setting next_dagrun for example_nested_branch_dag to 2024-09-24 00:00:00+00:00, run_after=2024-09-25 00:00:00+00:00
[2024-09-25T13:55:30.513+0000] {processor.py:208} INFO - Processing /home/airflow/.local/lib/python3.12/site-packages/airflow/example_dags/example_nested_branch_dag.py took 0.072 seconds
[2024-09-25T13:56:00.722+0000] {processor.py:186} INFO - Started process (PID=1772) to work on /home/airflow/.local/lib/python3.12/site-packages/airflow/example_dags/example_nested_branch_dag.py
[2024-09-25T13:56:00.723+0000] {processor.py:914} INFO - Processing file /home/airflow/.local/lib/python3.12/site-packages/airflow/example_dags/example_nested_branch_dag.py for tasks to queue
[2024-09-25T13:56:00.724+0000] {logging_mixin.py:190} INFO - [2024-09-25T13:56:00.724+0000] {dagbag.py:588} INFO - Filling up the DagBag from /home/airflow/.local/lib/python3.12/site-packages/airflow/example_dags/example_nested_branch_dag.py
[2024-09-25T13:56:00.734+0000] {processor.py:925} INFO - DAG(s) 'example_nested_branch_dag' retrieved from /home/airflow/.local/lib/python3.12/site-packages/airflow/example_dags/example_nested_branch_dag.py
[2024-09-25T13:56:00.752+0000] {logging_mixin.py:190} INFO - [2024-09-25T13:56:00.752+0000] {dag.py:3239} INFO - Sync 1 DAGs
[2024-09-25T13:56:00.774+0000] {logging_mixin.py:190} INFO - [2024-09-25T13:56:00.774+0000] {dag.py:4180} INFO - Setting next_dagrun for example_nested_branch_dag to 2024-09-24 00:00:00+00:00, run_after=2024-09-25 00:00:00+00:00
[2024-09-25T13:56:00.790+0000] {processor.py:208} INFO - Processing /home/airflow/.local/lib/python3.12/site-packages/airflow/example_dags/example_nested_branch_dag.py took 0.073 seconds
[2024-09-25T13:56:30.980+0000] {processor.py:186} INFO - Started process (PID=2058) to work on /home/airflow/.local/lib/python3.12/site-packages/airflow/example_dags/example_nested_branch_dag.py
[2024-09-25T13:56:30.981+0000] {processor.py:914} INFO - Processing file /home/airflow/.local/lib/python3.12/site-packages/airflow/example_dags/example_nested_branch_dag.py for tasks to queue
[2024-09-25T13:56:30.983+0000] {logging_mixin.py:190} INFO - [2024-09-25T13:56:30.983+0000] {dagbag.py:588} INFO - Filling up the DagBag from /home/airflow/.local/lib/python3.12/site-packages/airflow/example_dags/example_nested_branch_dag.py
[2024-09-25T13:56:30.993+0000] {processor.py:925} INFO - DAG(s) 'example_nested_branch_dag' retrieved from /home/airflow/.local/lib/python3.12/site-packages/airflow/example_dags/example_nested_branch_dag.py
[2024-09-25T13:56:31.010+0000] {logging_mixin.py:190} INFO - [2024-09-25T13:56:31.010+0000] {dag.py:3239} INFO - Sync 1 DAGs
[2024-09-25T13:56:31.034+0000] {logging_mixin.py:190} INFO - [2024-09-25T13:56:31.034+0000] {dag.py:4180} INFO - Setting next_dagrun for example_nested_branch_dag to 2024-09-24 00:00:00+00:00, run_after=2024-09-25 00:00:00+00:00
[2024-09-25T13:56:31.051+0000] {processor.py:208} INFO - Processing /home/airflow/.local/lib/python3.12/site-packages/airflow/example_dags/example_nested_branch_dag.py took 0.076 seconds
[2024-09-25T13:57:01.500+0000] {processor.py:186} INFO - Started process (PID=2344) to work on /home/airflow/.local/lib/python3.12/site-packages/airflow/example_dags/example_nested_branch_dag.py
[2024-09-25T13:57:01.501+0000] {processor.py:914} INFO - Processing file /home/airflow/.local/lib/python3.12/site-packages/airflow/example_dags/example_nested_branch_dag.py for tasks to queue
[2024-09-25T13:57:01.502+0000] {logging_mixin.py:190} INFO - [2024-09-25T13:57:01.502+0000] {dagbag.py:588} INFO - Filling up the DagBag from /home/airflow/.local/lib/python3.12/site-packages/airflow/example_dags/example_nested_branch_dag.py
[2024-09-25T13:57:01.512+0000] {processor.py:925} INFO - DAG(s) 'example_nested_branch_dag' retrieved from /home/airflow/.local/lib/python3.12/site-packages/airflow/example_dags/example_nested_branch_dag.py
[2024-09-25T13:57:01.530+0000] {logging_mixin.py:190} INFO - [2024-09-25T13:57:01.530+0000] {dag.py:3239} INFO - Sync 1 DAGs
[2024-09-25T13:57:01.552+0000] {logging_mixin.py:190} INFO - [2024-09-25T13:57:01.552+0000] {dag.py:4180} INFO - Setting next_dagrun for example_nested_branch_dag to 2024-09-24 00:00:00+00:00, run_after=2024-09-25 00:00:00+00:00
[2024-09-25T13:57:01.567+0000] {processor.py:208} INFO - Processing /home/airflow/.local/lib/python3.12/site-packages/airflow/example_dags/example_nested_branch_dag.py took 0.072 seconds
[2024-09-25T13:57:31.737+0000] {processor.py:186} INFO - Started process (PID=2631) to work on /home/airflow/.local/lib/python3.12/site-packages/airflow/example_dags/example_nested_branch_dag.py
[2024-09-25T13:57:31.738+0000] {processor.py:914} INFO - Processing file /home/airflow/.local/lib/python3.12/site-packages/airflow/example_dags/example_nested_branch_dag.py for tasks to queue
[2024-09-25T13:57:31.740+0000] {logging_mixin.py:190} INFO - [2024-09-25T13:57:31.739+0000] {dagbag.py:588} INFO - Filling up the DagBag from /home/airflow/.local/lib/python3.12/site-packages/airflow/example_dags/example_nested_branch_dag.py
[2024-09-25T13:57:31.750+0000] {processor.py:925} INFO - DAG(s) 'example_nested_branch_dag' retrieved from /home/airflow/.local/lib/python3.12/site-packages/airflow/example_dags/example_nested_branch_dag.py
[2024-09-25T13:57:31.768+0000] {logging_mixin.py:190} INFO - [2024-09-25T13:57:31.768+0000] {dag.py:3239} INFO - Sync 1 DAGs
[2024-09-25T13:57:31.791+0000] {logging_mixin.py:190} INFO - [2024-09-25T13:57:31.791+0000] {dag.py:4180} INFO - Setting next_dagrun for example_nested_branch_dag to 2024-09-24 00:00:00+00:00, run_after=2024-09-25 00:00:00+00:00
[2024-09-25T13:57:31.809+0000] {processor.py:208} INFO - Processing /home/airflow/.local/lib/python3.12/site-packages/airflow/example_dags/example_nested_branch_dag.py took 0.077 seconds
[2024-09-25T13:58:01.978+0000] {processor.py:186} INFO - Started process (PID=2917) to work on /home/airflow/.local/lib/python3.12/site-packages/airflow/example_dags/example_nested_branch_dag.py
[2024-09-25T13:58:01.979+0000] {processor.py:914} INFO - Processing file /home/airflow/.local/lib/python3.12/site-packages/airflow/example_dags/example_nested_branch_dag.py for tasks to queue
[2024-09-25T13:58:01.981+0000] {logging_mixin.py:190} INFO - [2024-09-25T13:58:01.981+0000] {dagbag.py:588} INFO - Filling up the DagBag from /home/airflow/.local/lib/python3.12/site-packages/airflow/example_dags/example_nested_branch_dag.py
[2024-09-25T13:58:01.991+0000] {processor.py:925} INFO - DAG(s) 'example_nested_branch_dag' retrieved from /home/airflow/.local/lib/python3.12/site-packages/airflow/example_dags/example_nested_branch_dag.py
[2024-09-25T13:58:02.011+0000] {logging_mixin.py:190} INFO - [2024-09-25T13:58:02.011+0000] {dag.py:3239} INFO - Sync 1 DAGs
[2024-09-25T13:58:02.035+0000] {logging_mixin.py:190} INFO - [2024-09-25T13:58:02.035+0000] {dag.py:4180} INFO - Setting next_dagrun for example_nested_branch_dag to 2024-09-24 00:00:00+00:00, run_after=2024-09-25 00:00:00+00:00
[2024-09-25T13:58:02.052+0000] {processor.py:208} INFO - Processing /home/airflow/.local/lib/python3.12/site-packages/airflow/example_dags/example_nested_branch_dag.py took 0.079 seconds
[2024-09-25T13:58:32.328+0000] {processor.py:186} INFO - Started process (PID=3217) to work on /home/airflow/.local/lib/python3.12/site-packages/airflow/example_dags/example_nested_branch_dag.py
[2024-09-25T13:58:32.328+0000] {processor.py:914} INFO - Processing file /home/airflow/.local/lib/python3.12/site-packages/airflow/example_dags/example_nested_branch_dag.py for tasks to queue
[2024-09-25T13:58:32.330+0000] {logging_mixin.py:190} INFO - [2024-09-25T13:58:32.330+0000] {dagbag.py:588} INFO - Filling up the DagBag from /home/airflow/.local/lib/python3.12/site-packages/airflow/example_dags/example_nested_branch_dag.py
[2024-09-25T13:58:32.339+0000] {processor.py:925} INFO - DAG(s) 'example_nested_branch_dag' retrieved from /home/airflow/.local/lib/python3.12/site-packages/airflow/example_dags/example_nested_branch_dag.py
[2024-09-25T13:58:32.357+0000] {logging_mixin.py:190} INFO - [2024-09-25T13:58:32.357+0000] {dag.py:3239} INFO - Sync 1 DAGs
[2024-09-25T13:58:32.378+0000] {logging_mixin.py:190} INFO - [2024-09-25T13:58:32.378+0000] {dag.py:4180} INFO - Setting next_dagrun for example_nested_branch_dag to 2024-09-24 00:00:00+00:00, run_after=2024-09-25 00:00:00+00:00
[2024-09-25T13:58:32.393+0000] {processor.py:208} INFO - Processing /home/airflow/.local/lib/python3.12/site-packages/airflow/example_dags/example_nested_branch_dag.py took 0.070 seconds
[2024-09-25T13:59:02.619+0000] {processor.py:186} INFO - Started process (PID=3503) to work on /home/airflow/.local/lib/python3.12/site-packages/airflow/example_dags/example_nested_branch_dag.py
[2024-09-25T13:59:02.620+0000] {processor.py:914} INFO - Processing file /home/airflow/.local/lib/python3.12/site-packages/airflow/example_dags/example_nested_branch_dag.py for tasks to queue
[2024-09-25T13:59:02.622+0000] {logging_mixin.py:190} INFO - [2024-09-25T13:59:02.621+0000] {dagbag.py:588} INFO - Filling up the DagBag from /home/airflow/.local/lib/python3.12/site-packages/airflow/example_dags/example_nested_branch_dag.py
[2024-09-25T13:59:02.631+0000] {processor.py:925} INFO - DAG(s) 'example_nested_branch_dag' retrieved from /home/airflow/.local/lib/python3.12/site-packages/airflow/example_dags/example_nested_branch_dag.py
[2024-09-25T13:59:02.649+0000] {logging_mixin.py:190} INFO - [2024-09-25T13:59:02.649+0000] {dag.py:3239} INFO - Sync 1 DAGs
[2024-09-25T13:59:02.670+0000] {logging_mixin.py:190} INFO - [2024-09-25T13:59:02.670+0000] {dag.py:4180} INFO - Setting next_dagrun for example_nested_branch_dag to 2024-09-24 00:00:00+00:00, run_after=2024-09-25 00:00:00+00:00
[2024-09-25T13:59:02.687+0000] {processor.py:208} INFO - Processing /home/airflow/.local/lib/python3.12/site-packages/airflow/example_dags/example_nested_branch_dag.py took 0.072 seconds
[2024-09-25T13:59:32.995+0000] {processor.py:186} INFO - Started process (PID=3789) to work on /home/airflow/.local/lib/python3.12/site-packages/airflow/example_dags/example_nested_branch_dag.py
[2024-09-25T13:59:32.996+0000] {processor.py:914} INFO - Processing file /home/airflow/.local/lib/python3.12/site-packages/airflow/example_dags/example_nested_branch_dag.py for tasks to queue
[2024-09-25T13:59:32.998+0000] {logging_mixin.py:190} INFO - [2024-09-25T13:59:32.998+0000] {dagbag.py:588} INFO - Filling up the DagBag from /home/airflow/.local/lib/python3.12/site-packages/airflow/example_dags/example_nested_branch_dag.py
[2024-09-25T13:59:33.008+0000] {processor.py:925} INFO - DAG(s) 'example_nested_branch_dag' retrieved from /home/airflow/.local/lib/python3.12/site-packages/airflow/example_dags/example_nested_branch_dag.py
[2024-09-25T13:59:33.025+0000] {logging_mixin.py:190} INFO - [2024-09-25T13:59:33.025+0000] {dag.py:3239} INFO - Sync 1 DAGs
[2024-09-25T13:59:33.047+0000] {logging_mixin.py:190} INFO - [2024-09-25T13:59:33.047+0000] {dag.py:4180} INFO - Setting next_dagrun for example_nested_branch_dag to 2024-09-24 00:00:00+00:00, run_after=2024-09-25 00:00:00+00:00
[2024-09-25T13:59:33.063+0000] {processor.py:208} INFO - Processing /home/airflow/.local/lib/python3.12/site-packages/airflow/example_dags/example_nested_branch_dag.py took 0.073 seconds
[2024-09-25T14:00:03.231+0000] {processor.py:186} INFO - Started process (PID=4075) to work on /home/airflow/.local/lib/python3.12/site-packages/airflow/example_dags/example_nested_branch_dag.py
[2024-09-25T14:00:03.232+0000] {processor.py:914} INFO - Processing file /home/airflow/.local/lib/python3.12/site-packages/airflow/example_dags/example_nested_branch_dag.py for tasks to queue
[2024-09-25T14:00:03.233+0000] {logging_mixin.py:190} INFO - [2024-09-25T14:00:03.233+0000] {dagbag.py:588} INFO - Filling up the DagBag from /home/airflow/.local/lib/python3.12/site-packages/airflow/example_dags/example_nested_branch_dag.py
[2024-09-25T14:00:03.243+0000] {processor.py:925} INFO - DAG(s) 'example_nested_branch_dag' retrieved from /home/airflow/.local/lib/python3.12/site-packages/airflow/example_dags/example_nested_branch_dag.py
[2024-09-25T14:00:03.262+0000] {logging_mixin.py:190} INFO - [2024-09-25T14:00:03.261+0000] {dag.py:3239} INFO - Sync 1 DAGs
[2024-09-25T14:00:03.284+0000] {logging_mixin.py:190} INFO - [2024-09-25T14:00:03.284+0000] {dag.py:4180} INFO - Setting next_dagrun for example_nested_branch_dag to 2024-09-24 00:00:00+00:00, run_after=2024-09-25 00:00:00+00:00
[2024-09-25T14:00:03.300+0000] {processor.py:208} INFO - Processing /home/airflow/.local/lib/python3.12/site-packages/airflow/example_dags/example_nested_branch_dag.py took 0.074 seconds
[2024-09-25T14:00:33.489+0000] {processor.py:186} INFO - Started process (PID=4361) to work on /home/airflow/.local/lib/python3.12/site-packages/airflow/example_dags/example_nested_branch_dag.py
[2024-09-25T14:00:33.490+0000] {processor.py:914} INFO - Processing file /home/airflow/.local/lib/python3.12/site-packages/airflow/example_dags/example_nested_branch_dag.py for tasks to queue
[2024-09-25T14:00:33.492+0000] {logging_mixin.py:190} INFO - [2024-09-25T14:00:33.491+0000] {dagbag.py:588} INFO - Filling up the DagBag from /home/airflow/.local/lib/python3.12/site-packages/airflow/example_dags/example_nested_branch_dag.py
[2024-09-25T14:00:33.502+0000] {processor.py:925} INFO - DAG(s) 'example_nested_branch_dag' retrieved from /home/airflow/.local/lib/python3.12/site-packages/airflow/example_dags/example_nested_branch_dag.py
[2024-09-25T14:00:33.520+0000] {logging_mixin.py:190} INFO - [2024-09-25T14:00:33.520+0000] {dag.py:3239} INFO - Sync 1 DAGs
[2024-09-25T14:00:33.542+0000] {logging_mixin.py:190} INFO - [2024-09-25T14:00:33.542+0000] {dag.py:4180} INFO - Setting next_dagrun for example_nested_branch_dag to 2024-09-24 00:00:00+00:00, run_after=2024-09-25 00:00:00+00:00
[2024-09-25T14:00:33.557+0000] {processor.py:208} INFO - Processing /home/airflow/.local/lib/python3.12/site-packages/airflow/example_dags/example_nested_branch_dag.py took 0.073 seconds
[2024-09-25T14:01:03.658+0000] {processor.py:186} INFO - Started process (PID=4647) to work on /home/airflow/.local/lib/python3.12/site-packages/airflow/example_dags/example_nested_branch_dag.py
[2024-09-25T14:01:03.659+0000] {processor.py:914} INFO - Processing file /home/airflow/.local/lib/python3.12/site-packages/airflow/example_dags/example_nested_branch_dag.py for tasks to queue
[2024-09-25T14:01:03.661+0000] {logging_mixin.py:190} INFO - [2024-09-25T14:01:03.661+0000] {dagbag.py:588} INFO - Filling up the DagBag from /home/airflow/.local/lib/python3.12/site-packages/airflow/example_dags/example_nested_branch_dag.py
[2024-09-25T14:01:03.670+0000] {processor.py:925} INFO - DAG(s) 'example_nested_branch_dag' retrieved from /home/airflow/.local/lib/python3.12/site-packages/airflow/example_dags/example_nested_branch_dag.py
[2024-09-25T14:01:03.689+0000] {logging_mixin.py:190} INFO - [2024-09-25T14:01:03.689+0000] {dag.py:3239} INFO - Sync 1 DAGs
[2024-09-25T14:01:03.711+0000] {logging_mixin.py:190} INFO - [2024-09-25T14:01:03.711+0000] {dag.py:4180} INFO - Setting next_dagrun for example_nested_branch_dag to 2024-09-24 00:00:00+00:00, run_after=2024-09-25 00:00:00+00:00
[2024-09-25T14:01:03.727+0000] {processor.py:208} INFO - Processing /home/airflow/.local/lib/python3.12/site-packages/airflow/example_dags/example_nested_branch_dag.py took 0.074 seconds
[2024-09-25T14:01:34.806+0000] {processor.py:186} INFO - Started process (PID=4933) to work on /home/airflow/.local/lib/python3.12/site-packages/airflow/example_dags/example_nested_branch_dag.py
[2024-09-25T14:01:34.807+0000] {processor.py:914} INFO - Processing file /home/airflow/.local/lib/python3.12/site-packages/airflow/example_dags/example_nested_branch_dag.py for tasks to queue
[2024-09-25T14:01:34.809+0000] {logging_mixin.py:190} INFO - [2024-09-25T14:01:34.808+0000] {dagbag.py:588} INFO - Filling up the DagBag from /home/airflow/.local/lib/python3.12/site-packages/airflow/example_dags/example_nested_branch_dag.py
[2024-09-25T14:01:34.818+0000] {processor.py:925} INFO - DAG(s) 'example_nested_branch_dag' retrieved from /home/airflow/.local/lib/python3.12/site-packages/airflow/example_dags/example_nested_branch_dag.py
[2024-09-25T14:01:34.836+0000] {logging_mixin.py:190} INFO - [2024-09-25T14:01:34.835+0000] {dag.py:3239} INFO - Sync 1 DAGs
[2024-09-25T14:01:34.858+0000] {logging_mixin.py:190} INFO - [2024-09-25T14:01:34.857+0000] {dag.py:4180} INFO - Setting next_dagrun for example_nested_branch_dag to 2024-09-24 00:00:00+00:00, run_after=2024-09-25 00:00:00+00:00
[2024-09-25T14:01:34.874+0000] {processor.py:208} INFO - Processing /home/airflow/.local/lib/python3.12/site-packages/airflow/example_dags/example_nested_branch_dag.py took 0.072 seconds
[2024-09-25T14:02:05.960+0000] {processor.py:186} INFO - Started process (PID=5219) to work on /home/airflow/.local/lib/python3.12/site-packages/airflow/example_dags/example_nested_branch_dag.py
[2024-09-25T14:02:05.961+0000] {processor.py:914} INFO - Processing file /home/airflow/.local/lib/python3.12/site-packages/airflow/example_dags/example_nested_branch_dag.py for tasks to queue
[2024-09-25T14:02:05.963+0000] {logging_mixin.py:190} INFO - [2024-09-25T14:02:05.962+0000] {dagbag.py:588} INFO - Filling up the DagBag from /home/airflow/.local/lib/python3.12/site-packages/airflow/example_dags/example_nested_branch_dag.py
[2024-09-25T14:02:05.973+0000] {processor.py:925} INFO - DAG(s) 'example_nested_branch_dag' retrieved from /home/airflow/.local/lib/python3.12/site-packages/airflow/example_dags/example_nested_branch_dag.py
[2024-09-25T14:02:05.992+0000] {logging_mixin.py:190} INFO - [2024-09-25T14:02:05.991+0000] {dag.py:3239} INFO - Sync 1 DAGs
[2024-09-25T14:02:06.014+0000] {logging_mixin.py:190} INFO - [2024-09-25T14:02:06.013+0000] {dag.py:4180} INFO - Setting next_dagrun for example_nested_branch_dag to 2024-09-24 00:00:00+00:00, run_after=2024-09-25 00:00:00+00:00
[2024-09-25T14:02:06.029+0000] {processor.py:208} INFO - Processing /home/airflow/.local/lib/python3.12/site-packages/airflow/example_dags/example_nested_branch_dag.py took 0.074 seconds
[2024-09-25T14:03:07.955+0000] {processor.py:186} INFO - Started process (PID=314) to work on /home/airflow/.local/lib/python3.12/site-packages/airflow/example_dags/example_nested_branch_dag.py
[2024-09-25T14:03:07.956+0000] {processor.py:914} INFO - Processing file /home/airflow/.local/lib/python3.12/site-packages/airflow/example_dags/example_nested_branch_dag.py for tasks to queue
[2024-09-25T14:03:07.958+0000] {logging_mixin.py:190} INFO - [2024-09-25T14:03:07.958+0000] {dagbag.py:588} INFO - Filling up the DagBag from /home/airflow/.local/lib/python3.12/site-packages/airflow/example_dags/example_nested_branch_dag.py
[2024-09-25T14:03:07.967+0000] {processor.py:925} INFO - DAG(s) 'example_nested_branch_dag' retrieved from /home/airflow/.local/lib/python3.12/site-packages/airflow/example_dags/example_nested_branch_dag.py
[2024-09-25T14:03:07.988+0000] {logging_mixin.py:190} INFO - [2024-09-25T14:03:07.987+0000] {dag.py:3239} INFO - Sync 1 DAGs
[2024-09-25T14:03:08.008+0000] {logging_mixin.py:190} INFO - [2024-09-25T14:03:08.008+0000] {dag.py:4180} INFO - Setting next_dagrun for example_nested_branch_dag to 2024-09-24 00:00:00+00:00, run_after=2024-09-25 00:00:00+00:00
[2024-09-25T14:03:08.023+0000] {processor.py:208} INFO - Processing /home/airflow/.local/lib/python3.12/site-packages/airflow/example_dags/example_nested_branch_dag.py took 0.073 seconds
[2024-09-25T14:03:38.145+0000] {processor.py:186} INFO - Started process (PID=618) to work on /home/airflow/.local/lib/python3.12/site-packages/airflow/example_dags/example_nested_branch_dag.py
[2024-09-25T14:03:38.146+0000] {processor.py:914} INFO - Processing file /home/airflow/.local/lib/python3.12/site-packages/airflow/example_dags/example_nested_branch_dag.py for tasks to queue
[2024-09-25T14:03:38.148+0000] {logging_mixin.py:190} INFO - [2024-09-25T14:03:38.148+0000] {dagbag.py:588} INFO - Filling up the DagBag from /home/airflow/.local/lib/python3.12/site-packages/airflow/example_dags/example_nested_branch_dag.py
[2024-09-25T14:03:38.157+0000] {processor.py:925} INFO - DAG(s) 'example_nested_branch_dag' retrieved from /home/airflow/.local/lib/python3.12/site-packages/airflow/example_dags/example_nested_branch_dag.py
[2024-09-25T14:03:38.175+0000] {logging_mixin.py:190} INFO - [2024-09-25T14:03:38.175+0000] {dag.py:3239} INFO - Sync 1 DAGs
[2024-09-25T14:03:38.196+0000] {logging_mixin.py:190} INFO - [2024-09-25T14:03:38.196+0000] {dag.py:4180} INFO - Setting next_dagrun for example_nested_branch_dag to 2024-09-24 00:00:00+00:00, run_after=2024-09-25 00:00:00+00:00
[2024-09-25T14:03:38.211+0000] {processor.py:208} INFO - Processing /home/airflow/.local/lib/python3.12/site-packages/airflow/example_dags/example_nested_branch_dag.py took 0.071 seconds
