[2024-09-25T13:53:28.228+0000] {processor.py:186} INFO - Started process (PID=281) to work on /home/airflow/.local/lib/python3.12/site-packages/airflow/example_dags/example_datasets.py
[2024-09-25T13:53:28.229+0000] {processor.py:914} INFO - Processing file /home/airflow/.local/lib/python3.12/site-packages/airflow/example_dags/example_datasets.py for tasks to queue
[2024-09-25T13:53:28.231+0000] {logging_mixin.py:190} INFO - [2024-09-25T13:53:28.230+0000] {dagbag.py:588} INFO - Filling up the DagBag from /home/airflow/.local/lib/python3.12/site-packages/airflow/example_dags/example_datasets.py
[2024-09-25T13:53:28.362+0000] {processor.py:925} INFO - DAG(s) 'dataset_produces_1', 'consume_1_or_both_2_and_3_with_dataset_expressions', 'conditional_dataset_and_time_based_timetable', 'dataset_produces_2', 'consume_1_and_2_with_dataset_expressions', 'dataset_consumes_1', 'consume_1_or_2_with_dataset_expressions', 'dataset_consumes_1_and_2', 'dataset_consumes_1_never_scheduled', 'dataset_consumes_unknown_never_scheduled' retrieved from /home/airflow/.local/lib/python3.12/site-packages/airflow/example_dags/example_datasets.py
[2024-09-25T13:53:28.402+0000] {logging_mixin.py:190} INFO - [2024-09-25T13:53:28.401+0000] {dag.py:3239} INFO - Sync 10 DAGs
[2024-09-25T13:53:28.426+0000] {logging_mixin.py:190} INFO - [2024-09-25T13:53:28.425+0000] {dag.py:4180} INFO - Setting next_dagrun for conditional_dataset_and_time_based_timetable to 2024-09-25 01:00:00+00:00, run_after=2024-09-25 01:00:00+00:00
[2024-09-25T13:53:28.430+0000] {logging_mixin.py:190} INFO - [2024-09-25T13:53:28.430+0000] {dag.py:4180} INFO - Setting next_dagrun for consume_1_and_2_with_dataset_expressions to None, run_after=None
[2024-09-25T13:53:28.432+0000] {logging_mixin.py:190} INFO - [2024-09-25T13:53:28.431+0000] {dag.py:4180} INFO - Setting next_dagrun for consume_1_or_2_with_dataset_expressions to None, run_after=None
[2024-09-25T13:53:28.433+0000] {logging_mixin.py:190} INFO - [2024-09-25T13:53:28.433+0000] {dag.py:4180} INFO - Setting next_dagrun for consume_1_or_both_2_and_3_with_dataset_expressions to None, run_after=None
[2024-09-25T13:53:28.434+0000] {logging_mixin.py:190} INFO - [2024-09-25T13:53:28.434+0000] {dag.py:4180} INFO - Setting next_dagrun for dataset_consumes_1 to None, run_after=None
[2024-09-25T13:53:28.435+0000] {logging_mixin.py:190} INFO - [2024-09-25T13:53:28.435+0000] {dag.py:4180} INFO - Setting next_dagrun for dataset_consumes_1_and_2 to None, run_after=None
[2024-09-25T13:53:28.436+0000] {logging_mixin.py:190} INFO - [2024-09-25T13:53:28.436+0000] {dag.py:4180} INFO - Setting next_dagrun for dataset_consumes_1_never_scheduled to None, run_after=None
[2024-09-25T13:53:28.438+0000] {logging_mixin.py:190} INFO - [2024-09-25T13:53:28.437+0000] {dag.py:4180} INFO - Setting next_dagrun for dataset_consumes_unknown_never_scheduled to None, run_after=None
[2024-09-25T13:53:28.440+0000] {logging_mixin.py:190} INFO - [2024-09-25T13:53:28.440+0000] {dag.py:4180} INFO - Setting next_dagrun for dataset_produces_1 to 2024-09-24 00:00:00+00:00, run_after=2024-09-25 00:00:00+00:00
[2024-09-25T13:53:28.442+0000] {logging_mixin.py:190} INFO - [2024-09-25T13:53:28.441+0000] {dag.py:4180} INFO - Setting next_dagrun for dataset_produces_2 to None, run_after=None
[2024-09-25T13:53:28.477+0000] {processor.py:208} INFO - Processing /home/airflow/.local/lib/python3.12/site-packages/airflow/example_dags/example_datasets.py took 0.254 seconds
[2024-09-25T13:53:58.728+0000] {processor.py:186} INFO - Started process (PID=582) to work on /home/airflow/.local/lib/python3.12/site-packages/airflow/example_dags/example_datasets.py
[2024-09-25T13:53:58.729+0000] {processor.py:914} INFO - Processing file /home/airflow/.local/lib/python3.12/site-packages/airflow/example_dags/example_datasets.py for tasks to queue
[2024-09-25T13:53:58.731+0000] {logging_mixin.py:190} INFO - [2024-09-25T13:53:58.731+0000] {dagbag.py:588} INFO - Filling up the DagBag from /home/airflow/.local/lib/python3.12/site-packages/airflow/example_dags/example_datasets.py
[2024-09-25T13:53:58.847+0000] {processor.py:925} INFO - DAG(s) 'dataset_produces_1', 'dataset_consumes_1_and_2', 'consume_1_or_both_2_and_3_with_dataset_expressions', 'consume_1_or_2_with_dataset_expressions', 'dataset_produces_2', 'dataset_consumes_1', 'dataset_consumes_1_never_scheduled', 'dataset_consumes_unknown_never_scheduled', 'conditional_dataset_and_time_based_timetable', 'consume_1_and_2_with_dataset_expressions' retrieved from /home/airflow/.local/lib/python3.12/site-packages/airflow/example_dags/example_datasets.py
[2024-09-25T13:53:58.883+0000] {logging_mixin.py:190} INFO - [2024-09-25T13:53:58.883+0000] {dag.py:3239} INFO - Sync 10 DAGs
[2024-09-25T13:53:58.907+0000] {logging_mixin.py:190} INFO - [2024-09-25T13:53:58.907+0000] {dag.py:4180} INFO - Setting next_dagrun for conditional_dataset_and_time_based_timetable to 2024-09-25 01:00:00+00:00, run_after=2024-09-25 01:00:00+00:00
[2024-09-25T13:53:58.911+0000] {logging_mixin.py:190} INFO - [2024-09-25T13:53:58.911+0000] {dag.py:4180} INFO - Setting next_dagrun for consume_1_and_2_with_dataset_expressions to None, run_after=None
[2024-09-25T13:53:58.912+0000] {logging_mixin.py:190} INFO - [2024-09-25T13:53:58.912+0000] {dag.py:4180} INFO - Setting next_dagrun for consume_1_or_2_with_dataset_expressions to None, run_after=None
[2024-09-25T13:53:58.913+0000] {logging_mixin.py:190} INFO - [2024-09-25T13:53:58.913+0000] {dag.py:4180} INFO - Setting next_dagrun for consume_1_or_both_2_and_3_with_dataset_expressions to None, run_after=None
[2024-09-25T13:53:58.915+0000] {logging_mixin.py:190} INFO - [2024-09-25T13:53:58.914+0000] {dag.py:4180} INFO - Setting next_dagrun for dataset_consumes_1 to None, run_after=None
[2024-09-25T13:53:58.916+0000] {logging_mixin.py:190} INFO - [2024-09-25T13:53:58.916+0000] {dag.py:4180} INFO - Setting next_dagrun for dataset_consumes_1_and_2 to None, run_after=None
[2024-09-25T13:53:58.917+0000] {logging_mixin.py:190} INFO - [2024-09-25T13:53:58.917+0000] {dag.py:4180} INFO - Setting next_dagrun for dataset_consumes_1_never_scheduled to None, run_after=None
[2024-09-25T13:53:58.918+0000] {logging_mixin.py:190} INFO - [2024-09-25T13:53:58.918+0000] {dag.py:4180} INFO - Setting next_dagrun for dataset_consumes_unknown_never_scheduled to None, run_after=None
[2024-09-25T13:53:58.920+0000] {logging_mixin.py:190} INFO - [2024-09-25T13:53:58.920+0000] {dag.py:4180} INFO - Setting next_dagrun for dataset_produces_1 to 2024-09-24 00:00:00+00:00, run_after=2024-09-25 00:00:00+00:00
[2024-09-25T13:53:58.921+0000] {logging_mixin.py:190} INFO - [2024-09-25T13:53:58.921+0000] {dag.py:4180} INFO - Setting next_dagrun for dataset_produces_2 to None, run_after=None
[2024-09-25T13:53:58.946+0000] {processor.py:208} INFO - Processing /home/airflow/.local/lib/python3.12/site-packages/airflow/example_dags/example_datasets.py took 0.223 seconds
[2024-09-25T13:54:29.093+0000] {processor.py:186} INFO - Started process (PID=871) to work on /home/airflow/.local/lib/python3.12/site-packages/airflow/example_dags/example_datasets.py
[2024-09-25T13:54:29.094+0000] {processor.py:914} INFO - Processing file /home/airflow/.local/lib/python3.12/site-packages/airflow/example_dags/example_datasets.py for tasks to queue
[2024-09-25T13:54:29.096+0000] {logging_mixin.py:190} INFO - [2024-09-25T13:54:29.096+0000] {dagbag.py:588} INFO - Filling up the DagBag from /home/airflow/.local/lib/python3.12/site-packages/airflow/example_dags/example_datasets.py
[2024-09-25T13:54:29.214+0000] {processor.py:925} INFO - DAG(s) 'consume_1_and_2_with_dataset_expressions', 'consume_1_or_both_2_and_3_with_dataset_expressions', 'dataset_produces_2', 'dataset_consumes_1', 'dataset_consumes_1_and_2', 'dataset_produces_1', 'conditional_dataset_and_time_based_timetable', 'consume_1_or_2_with_dataset_expressions', 'dataset_consumes_unknown_never_scheduled', 'dataset_consumes_1_never_scheduled' retrieved from /home/airflow/.local/lib/python3.12/site-packages/airflow/example_dags/example_datasets.py
[2024-09-25T13:54:29.254+0000] {logging_mixin.py:190} INFO - [2024-09-25T13:54:29.254+0000] {dag.py:3239} INFO - Sync 10 DAGs
[2024-09-25T13:54:29.283+0000] {logging_mixin.py:190} INFO - [2024-09-25T13:54:29.282+0000] {dag.py:4180} INFO - Setting next_dagrun for conditional_dataset_and_time_based_timetable to 2024-09-25 01:00:00+00:00, run_after=2024-09-25 01:00:00+00:00
[2024-09-25T13:54:29.286+0000] {logging_mixin.py:190} INFO - [2024-09-25T13:54:29.286+0000] {dag.py:4180} INFO - Setting next_dagrun for consume_1_and_2_with_dataset_expressions to None, run_after=None
[2024-09-25T13:54:29.287+0000] {logging_mixin.py:190} INFO - [2024-09-25T13:54:29.287+0000] {dag.py:4180} INFO - Setting next_dagrun for consume_1_or_2_with_dataset_expressions to None, run_after=None
[2024-09-25T13:54:29.288+0000] {logging_mixin.py:190} INFO - [2024-09-25T13:54:29.288+0000] {dag.py:4180} INFO - Setting next_dagrun for consume_1_or_both_2_and_3_with_dataset_expressions to None, run_after=None
[2024-09-25T13:54:29.289+0000] {logging_mixin.py:190} INFO - [2024-09-25T13:54:29.289+0000] {dag.py:4180} INFO - Setting next_dagrun for dataset_consumes_1 to None, run_after=None
[2024-09-25T13:54:29.291+0000] {logging_mixin.py:190} INFO - [2024-09-25T13:54:29.291+0000] {dag.py:4180} INFO - Setting next_dagrun for dataset_consumes_1_and_2 to None, run_after=None
[2024-09-25T13:54:29.292+0000] {logging_mixin.py:190} INFO - [2024-09-25T13:54:29.292+0000] {dag.py:4180} INFO - Setting next_dagrun for dataset_consumes_1_never_scheduled to None, run_after=None
[2024-09-25T13:54:29.293+0000] {logging_mixin.py:190} INFO - [2024-09-25T13:54:29.293+0000] {dag.py:4180} INFO - Setting next_dagrun for dataset_consumes_unknown_never_scheduled to None, run_after=None
[2024-09-25T13:54:29.296+0000] {logging_mixin.py:190} INFO - [2024-09-25T13:54:29.295+0000] {dag.py:4180} INFO - Setting next_dagrun for dataset_produces_1 to 2024-09-24 00:00:00+00:00, run_after=2024-09-25 00:00:00+00:00
[2024-09-25T13:54:29.297+0000] {logging_mixin.py:190} INFO - [2024-09-25T13:54:29.297+0000] {dag.py:4180} INFO - Setting next_dagrun for dataset_produces_2 to None, run_after=None
[2024-09-25T13:54:29.328+0000] {processor.py:208} INFO - Processing /home/airflow/.local/lib/python3.12/site-packages/airflow/example_dags/example_datasets.py took 0.241 seconds
[2024-09-25T13:54:59.647+0000] {processor.py:186} INFO - Started process (PID=1162) to work on /home/airflow/.local/lib/python3.12/site-packages/airflow/example_dags/example_datasets.py
[2024-09-25T13:54:59.648+0000] {processor.py:914} INFO - Processing file /home/airflow/.local/lib/python3.12/site-packages/airflow/example_dags/example_datasets.py for tasks to queue
[2024-09-25T13:54:59.650+0000] {logging_mixin.py:190} INFO - [2024-09-25T13:54:59.650+0000] {dagbag.py:588} INFO - Filling up the DagBag from /home/airflow/.local/lib/python3.12/site-packages/airflow/example_dags/example_datasets.py
[2024-09-25T13:54:59.761+0000] {processor.py:925} INFO - DAG(s) 'consume_1_or_2_with_dataset_expressions', 'dataset_produces_1', 'dataset_consumes_1_and_2', 'consume_1_and_2_with_dataset_expressions', 'dataset_produces_2', 'conditional_dataset_and_time_based_timetable', 'consume_1_or_both_2_and_3_with_dataset_expressions', 'dataset_consumes_unknown_never_scheduled', 'dataset_consumes_1_never_scheduled', 'dataset_consumes_1' retrieved from /home/airflow/.local/lib/python3.12/site-packages/airflow/example_dags/example_datasets.py
[2024-09-25T13:54:59.797+0000] {logging_mixin.py:190} INFO - [2024-09-25T13:54:59.796+0000] {dag.py:3239} INFO - Sync 10 DAGs
[2024-09-25T13:54:59.822+0000] {logging_mixin.py:190} INFO - [2024-09-25T13:54:59.822+0000] {dag.py:4180} INFO - Setting next_dagrun for conditional_dataset_and_time_based_timetable to 2024-09-25 01:00:00+00:00, run_after=2024-09-25 01:00:00+00:00
[2024-09-25T13:54:59.825+0000] {logging_mixin.py:190} INFO - [2024-09-25T13:54:59.825+0000] {dag.py:4180} INFO - Setting next_dagrun for consume_1_and_2_with_dataset_expressions to None, run_after=None
[2024-09-25T13:54:59.826+0000] {logging_mixin.py:190} INFO - [2024-09-25T13:54:59.826+0000] {dag.py:4180} INFO - Setting next_dagrun for consume_1_or_2_with_dataset_expressions to None, run_after=None
[2024-09-25T13:54:59.827+0000] {logging_mixin.py:190} INFO - [2024-09-25T13:54:59.827+0000] {dag.py:4180} INFO - Setting next_dagrun for consume_1_or_both_2_and_3_with_dataset_expressions to None, run_after=None
[2024-09-25T13:54:59.828+0000] {logging_mixin.py:190} INFO - [2024-09-25T13:54:59.828+0000] {dag.py:4180} INFO - Setting next_dagrun for dataset_consumes_1 to None, run_after=None
[2024-09-25T13:54:59.830+0000] {logging_mixin.py:190} INFO - [2024-09-25T13:54:59.830+0000] {dag.py:4180} INFO - Setting next_dagrun for dataset_consumes_1_and_2 to None, run_after=None
[2024-09-25T13:54:59.831+0000] {logging_mixin.py:190} INFO - [2024-09-25T13:54:59.831+0000] {dag.py:4180} INFO - Setting next_dagrun for dataset_consumes_1_never_scheduled to None, run_after=None
[2024-09-25T13:54:59.832+0000] {logging_mixin.py:190} INFO - [2024-09-25T13:54:59.832+0000] {dag.py:4180} INFO - Setting next_dagrun for dataset_consumes_unknown_never_scheduled to None, run_after=None
[2024-09-25T13:54:59.835+0000] {logging_mixin.py:190} INFO - [2024-09-25T13:54:59.835+0000] {dag.py:4180} INFO - Setting next_dagrun for dataset_produces_1 to 2024-09-24 00:00:00+00:00, run_after=2024-09-25 00:00:00+00:00
[2024-09-25T13:54:59.836+0000] {logging_mixin.py:190} INFO - [2024-09-25T13:54:59.836+0000] {dag.py:4180} INFO - Setting next_dagrun for dataset_produces_2 to None, run_after=None
[2024-09-25T13:54:59.863+0000] {processor.py:208} INFO - Processing /home/airflow/.local/lib/python3.12/site-packages/airflow/example_dags/example_datasets.py took 0.222 seconds
[2024-09-25T13:55:30.032+0000] {processor.py:186} INFO - Started process (PID=1445) to work on /home/airflow/.local/lib/python3.12/site-packages/airflow/example_dags/example_datasets.py
[2024-09-25T13:55:30.033+0000] {processor.py:914} INFO - Processing file /home/airflow/.local/lib/python3.12/site-packages/airflow/example_dags/example_datasets.py for tasks to queue
[2024-09-25T13:55:30.035+0000] {logging_mixin.py:190} INFO - [2024-09-25T13:55:30.034+0000] {dagbag.py:588} INFO - Filling up the DagBag from /home/airflow/.local/lib/python3.12/site-packages/airflow/example_dags/example_datasets.py
[2024-09-25T13:55:30.145+0000] {processor.py:925} INFO - DAG(s) 'dataset_produces_2', 'consume_1_or_2_with_dataset_expressions', 'consume_1_and_2_with_dataset_expressions', 'conditional_dataset_and_time_based_timetable', 'consume_1_or_both_2_and_3_with_dataset_expressions', 'dataset_consumes_1_and_2', 'dataset_consumes_unknown_never_scheduled', 'dataset_consumes_1', 'dataset_produces_1', 'dataset_consumes_1_never_scheduled' retrieved from /home/airflow/.local/lib/python3.12/site-packages/airflow/example_dags/example_datasets.py
[2024-09-25T13:55:30.181+0000] {logging_mixin.py:190} INFO - [2024-09-25T13:55:30.181+0000] {dag.py:3239} INFO - Sync 10 DAGs
[2024-09-25T13:55:30.205+0000] {logging_mixin.py:190} INFO - [2024-09-25T13:55:30.205+0000] {dag.py:4180} INFO - Setting next_dagrun for conditional_dataset_and_time_based_timetable to 2024-09-25 01:00:00+00:00, run_after=2024-09-25 01:00:00+00:00
[2024-09-25T13:55:30.209+0000] {logging_mixin.py:190} INFO - [2024-09-25T13:55:30.209+0000] {dag.py:4180} INFO - Setting next_dagrun for consume_1_and_2_with_dataset_expressions to None, run_after=None
[2024-09-25T13:55:30.210+0000] {logging_mixin.py:190} INFO - [2024-09-25T13:55:30.210+0000] {dag.py:4180} INFO - Setting next_dagrun for consume_1_or_2_with_dataset_expressions to None, run_after=None
[2024-09-25T13:55:30.211+0000] {logging_mixin.py:190} INFO - [2024-09-25T13:55:30.211+0000] {dag.py:4180} INFO - Setting next_dagrun for consume_1_or_both_2_and_3_with_dataset_expressions to None, run_after=None
[2024-09-25T13:55:30.213+0000] {logging_mixin.py:190} INFO - [2024-09-25T13:55:30.212+0000] {dag.py:4180} INFO - Setting next_dagrun for dataset_consumes_1 to None, run_after=None
[2024-09-25T13:55:30.214+0000] {logging_mixin.py:190} INFO - [2024-09-25T13:55:30.214+0000] {dag.py:4180} INFO - Setting next_dagrun for dataset_consumes_1_and_2 to None, run_after=None
[2024-09-25T13:55:30.215+0000] {logging_mixin.py:190} INFO - [2024-09-25T13:55:30.215+0000] {dag.py:4180} INFO - Setting next_dagrun for dataset_consumes_1_never_scheduled to None, run_after=None
[2024-09-25T13:55:30.216+0000] {logging_mixin.py:190} INFO - [2024-09-25T13:55:30.216+0000] {dag.py:4180} INFO - Setting next_dagrun for dataset_consumes_unknown_never_scheduled to None, run_after=None
[2024-09-25T13:55:30.218+0000] {logging_mixin.py:190} INFO - [2024-09-25T13:55:30.218+0000] {dag.py:4180} INFO - Setting next_dagrun for dataset_produces_1 to 2024-09-24 00:00:00+00:00, run_after=2024-09-25 00:00:00+00:00
[2024-09-25T13:55:30.219+0000] {logging_mixin.py:190} INFO - [2024-09-25T13:55:30.219+0000] {dag.py:4180} INFO - Setting next_dagrun for dataset_produces_2 to None, run_after=None
[2024-09-25T13:55:30.246+0000] {processor.py:208} INFO - Processing /home/airflow/.local/lib/python3.12/site-packages/airflow/example_dags/example_datasets.py took 0.219 seconds
[2024-09-25T13:56:00.314+0000] {processor.py:186} INFO - Started process (PID=1739) to work on /home/airflow/.local/lib/python3.12/site-packages/airflow/example_dags/example_datasets.py
[2024-09-25T13:56:00.314+0000] {processor.py:914} INFO - Processing file /home/airflow/.local/lib/python3.12/site-packages/airflow/example_dags/example_datasets.py for tasks to queue
[2024-09-25T13:56:00.316+0000] {logging_mixin.py:190} INFO - [2024-09-25T13:56:00.316+0000] {dagbag.py:588} INFO - Filling up the DagBag from /home/airflow/.local/lib/python3.12/site-packages/airflow/example_dags/example_datasets.py
[2024-09-25T13:56:00.426+0000] {processor.py:925} INFO - DAG(s) 'dataset_produces_2', 'dataset_produces_1', 'consume_1_or_2_with_dataset_expressions', 'dataset_consumes_1_never_scheduled', 'consume_1_or_both_2_and_3_with_dataset_expressions', 'dataset_consumes_1_and_2', 'dataset_consumes_1', 'conditional_dataset_and_time_based_timetable', 'consume_1_and_2_with_dataset_expressions', 'dataset_consumes_unknown_never_scheduled' retrieved from /home/airflow/.local/lib/python3.12/site-packages/airflow/example_dags/example_datasets.py
[2024-09-25T13:56:00.462+0000] {logging_mixin.py:190} INFO - [2024-09-25T13:56:00.462+0000] {dag.py:3239} INFO - Sync 10 DAGs
[2024-09-25T13:56:00.486+0000] {logging_mixin.py:190} INFO - [2024-09-25T13:56:00.485+0000] {dag.py:4180} INFO - Setting next_dagrun for conditional_dataset_and_time_based_timetable to 2024-09-25 01:00:00+00:00, run_after=2024-09-25 01:00:00+00:00
[2024-09-25T13:56:00.489+0000] {logging_mixin.py:190} INFO - [2024-09-25T13:56:00.489+0000] {dag.py:4180} INFO - Setting next_dagrun for consume_1_and_2_with_dataset_expressions to None, run_after=None
[2024-09-25T13:56:00.490+0000] {logging_mixin.py:190} INFO - [2024-09-25T13:56:00.490+0000] {dag.py:4180} INFO - Setting next_dagrun for consume_1_or_2_with_dataset_expressions to None, run_after=None
[2024-09-25T13:56:00.491+0000] {logging_mixin.py:190} INFO - [2024-09-25T13:56:00.491+0000] {dag.py:4180} INFO - Setting next_dagrun for consume_1_or_both_2_and_3_with_dataset_expressions to None, run_after=None
[2024-09-25T13:56:00.492+0000] {logging_mixin.py:190} INFO - [2024-09-25T13:56:00.492+0000] {dag.py:4180} INFO - Setting next_dagrun for dataset_consumes_1 to None, run_after=None
[2024-09-25T13:56:00.494+0000] {logging_mixin.py:190} INFO - [2024-09-25T13:56:00.493+0000] {dag.py:4180} INFO - Setting next_dagrun for dataset_consumes_1_and_2 to None, run_after=None
[2024-09-25T13:56:00.495+0000] {logging_mixin.py:190} INFO - [2024-09-25T13:56:00.494+0000] {dag.py:4180} INFO - Setting next_dagrun for dataset_consumes_1_never_scheduled to None, run_after=None
[2024-09-25T13:56:00.496+0000] {logging_mixin.py:190} INFO - [2024-09-25T13:56:00.495+0000] {dag.py:4180} INFO - Setting next_dagrun for dataset_consumes_unknown_never_scheduled to None, run_after=None
[2024-09-25T13:56:00.498+0000] {logging_mixin.py:190} INFO - [2024-09-25T13:56:00.498+0000] {dag.py:4180} INFO - Setting next_dagrun for dataset_produces_1 to 2024-09-24 00:00:00+00:00, run_after=2024-09-25 00:00:00+00:00
[2024-09-25T13:56:00.499+0000] {logging_mixin.py:190} INFO - [2024-09-25T13:56:00.499+0000] {dag.py:4180} INFO - Setting next_dagrun for dataset_produces_2 to None, run_after=None
[2024-09-25T13:56:00.526+0000] {processor.py:208} INFO - Processing /home/airflow/.local/lib/python3.12/site-packages/airflow/example_dags/example_datasets.py took 0.217 seconds
[2024-09-25T13:56:30.566+0000] {processor.py:186} INFO - Started process (PID=2025) to work on /home/airflow/.local/lib/python3.12/site-packages/airflow/example_dags/example_datasets.py
[2024-09-25T13:56:30.567+0000] {processor.py:914} INFO - Processing file /home/airflow/.local/lib/python3.12/site-packages/airflow/example_dags/example_datasets.py for tasks to queue
[2024-09-25T13:56:30.569+0000] {logging_mixin.py:190} INFO - [2024-09-25T13:56:30.568+0000] {dagbag.py:588} INFO - Filling up the DagBag from /home/airflow/.local/lib/python3.12/site-packages/airflow/example_dags/example_datasets.py
[2024-09-25T13:56:30.684+0000] {processor.py:925} INFO - DAG(s) 'conditional_dataset_and_time_based_timetable', 'consume_1_or_both_2_and_3_with_dataset_expressions', 'dataset_produces_1', 'dataset_produces_2', 'dataset_consumes_unknown_never_scheduled', 'dataset_consumes_1_and_2', 'dataset_consumes_1_never_scheduled', 'dataset_consumes_1', 'consume_1_or_2_with_dataset_expressions', 'consume_1_and_2_with_dataset_expressions' retrieved from /home/airflow/.local/lib/python3.12/site-packages/airflow/example_dags/example_datasets.py
[2024-09-25T13:56:30.720+0000] {logging_mixin.py:190} INFO - [2024-09-25T13:56:30.720+0000] {dag.py:3239} INFO - Sync 10 DAGs
[2024-09-25T13:56:30.743+0000] {logging_mixin.py:190} INFO - [2024-09-25T13:56:30.743+0000] {dag.py:4180} INFO - Setting next_dagrun for conditional_dataset_and_time_based_timetable to 2024-09-25 01:00:00+00:00, run_after=2024-09-25 01:00:00+00:00
[2024-09-25T13:56:30.747+0000] {logging_mixin.py:190} INFO - [2024-09-25T13:56:30.746+0000] {dag.py:4180} INFO - Setting next_dagrun for consume_1_and_2_with_dataset_expressions to None, run_after=None
[2024-09-25T13:56:30.748+0000] {logging_mixin.py:190} INFO - [2024-09-25T13:56:30.748+0000] {dag.py:4180} INFO - Setting next_dagrun for consume_1_or_2_with_dataset_expressions to None, run_after=None
[2024-09-25T13:56:30.749+0000] {logging_mixin.py:190} INFO - [2024-09-25T13:56:30.749+0000] {dag.py:4180} INFO - Setting next_dagrun for consume_1_or_both_2_and_3_with_dataset_expressions to None, run_after=None
[2024-09-25T13:56:30.750+0000] {logging_mixin.py:190} INFO - [2024-09-25T13:56:30.750+0000] {dag.py:4180} INFO - Setting next_dagrun for dataset_consumes_1 to None, run_after=None
[2024-09-25T13:56:30.753+0000] {logging_mixin.py:190} INFO - [2024-09-25T13:56:30.752+0000] {dag.py:4180} INFO - Setting next_dagrun for dataset_consumes_1_and_2 to None, run_after=None
[2024-09-25T13:56:30.754+0000] {logging_mixin.py:190} INFO - [2024-09-25T13:56:30.754+0000] {dag.py:4180} INFO - Setting next_dagrun for dataset_consumes_1_never_scheduled to None, run_after=None
[2024-09-25T13:56:30.755+0000] {logging_mixin.py:190} INFO - [2024-09-25T13:56:30.755+0000] {dag.py:4180} INFO - Setting next_dagrun for dataset_consumes_unknown_never_scheduled to None, run_after=None
[2024-09-25T13:56:30.757+0000] {logging_mixin.py:190} INFO - [2024-09-25T13:56:30.757+0000] {dag.py:4180} INFO - Setting next_dagrun for dataset_produces_1 to 2024-09-24 00:00:00+00:00, run_after=2024-09-25 00:00:00+00:00
[2024-09-25T13:56:30.758+0000] {logging_mixin.py:190} INFO - [2024-09-25T13:56:30.758+0000] {dag.py:4180} INFO - Setting next_dagrun for dataset_produces_2 to None, run_after=None
[2024-09-25T13:56:30.784+0000] {processor.py:208} INFO - Processing /home/airflow/.local/lib/python3.12/site-packages/airflow/example_dags/example_datasets.py took 0.223 seconds
[2024-09-25T13:57:00.995+0000] {processor.py:186} INFO - Started process (PID=2316) to work on /home/airflow/.local/lib/python3.12/site-packages/airflow/example_dags/example_datasets.py
[2024-09-25T13:57:00.996+0000] {processor.py:914} INFO - Processing file /home/airflow/.local/lib/python3.12/site-packages/airflow/example_dags/example_datasets.py for tasks to queue
[2024-09-25T13:57:00.998+0000] {logging_mixin.py:190} INFO - [2024-09-25T13:57:00.998+0000] {dagbag.py:588} INFO - Filling up the DagBag from /home/airflow/.local/lib/python3.12/site-packages/airflow/example_dags/example_datasets.py
[2024-09-25T13:57:01.112+0000] {processor.py:925} INFO - DAG(s) 'dataset_consumes_1_and_2', 'dataset_produces_2', 'conditional_dataset_and_time_based_timetable', 'dataset_consumes_1', 'consume_1_and_2_with_dataset_expressions', 'dataset_produces_1', 'dataset_consumes_unknown_never_scheduled', 'consume_1_or_2_with_dataset_expressions', 'dataset_consumes_1_never_scheduled', 'consume_1_or_both_2_and_3_with_dataset_expressions' retrieved from /home/airflow/.local/lib/python3.12/site-packages/airflow/example_dags/example_datasets.py
[2024-09-25T13:57:01.146+0000] {logging_mixin.py:190} INFO - [2024-09-25T13:57:01.146+0000] {dag.py:3239} INFO - Sync 10 DAGs
[2024-09-25T13:57:01.169+0000] {logging_mixin.py:190} INFO - [2024-09-25T13:57:01.169+0000] {dag.py:4180} INFO - Setting next_dagrun for conditional_dataset_and_time_based_timetable to 2024-09-25 01:00:00+00:00, run_after=2024-09-25 01:00:00+00:00
[2024-09-25T13:57:01.172+0000] {logging_mixin.py:190} INFO - [2024-09-25T13:57:01.172+0000] {dag.py:4180} INFO - Setting next_dagrun for consume_1_and_2_with_dataset_expressions to None, run_after=None
[2024-09-25T13:57:01.173+0000] {logging_mixin.py:190} INFO - [2024-09-25T13:57:01.173+0000] {dag.py:4180} INFO - Setting next_dagrun for consume_1_or_2_with_dataset_expressions to None, run_after=None
[2024-09-25T13:57:01.174+0000] {logging_mixin.py:190} INFO - [2024-09-25T13:57:01.174+0000] {dag.py:4180} INFO - Setting next_dagrun for consume_1_or_both_2_and_3_with_dataset_expressions to None, run_after=None
[2024-09-25T13:57:01.175+0000] {logging_mixin.py:190} INFO - [2024-09-25T13:57:01.175+0000] {dag.py:4180} INFO - Setting next_dagrun for dataset_consumes_1 to None, run_after=None
[2024-09-25T13:57:01.176+0000] {logging_mixin.py:190} INFO - [2024-09-25T13:57:01.176+0000] {dag.py:4180} INFO - Setting next_dagrun for dataset_consumes_1_and_2 to None, run_after=None
[2024-09-25T13:57:01.177+0000] {logging_mixin.py:190} INFO - [2024-09-25T13:57:01.177+0000] {dag.py:4180} INFO - Setting next_dagrun for dataset_consumes_1_never_scheduled to None, run_after=None
[2024-09-25T13:57:01.178+0000] {logging_mixin.py:190} INFO - [2024-09-25T13:57:01.178+0000] {dag.py:4180} INFO - Setting next_dagrun for dataset_consumes_unknown_never_scheduled to None, run_after=None
[2024-09-25T13:57:01.180+0000] {logging_mixin.py:190} INFO - [2024-09-25T13:57:01.180+0000] {dag.py:4180} INFO - Setting next_dagrun for dataset_produces_1 to 2024-09-24 00:00:00+00:00, run_after=2024-09-25 00:00:00+00:00
[2024-09-25T13:57:01.181+0000] {logging_mixin.py:190} INFO - [2024-09-25T13:57:01.181+0000] {dag.py:4180} INFO - Setting next_dagrun for dataset_produces_2 to None, run_after=None
[2024-09-25T13:57:01.209+0000] {processor.py:208} INFO - Processing /home/airflow/.local/lib/python3.12/site-packages/airflow/example_dags/example_datasets.py took 0.219 seconds
[2024-09-25T13:57:31.242+0000] {processor.py:186} INFO - Started process (PID=2603) to work on /home/airflow/.local/lib/python3.12/site-packages/airflow/example_dags/example_datasets.py
[2024-09-25T13:57:31.242+0000] {processor.py:914} INFO - Processing file /home/airflow/.local/lib/python3.12/site-packages/airflow/example_dags/example_datasets.py for tasks to queue
[2024-09-25T13:57:31.244+0000] {logging_mixin.py:190} INFO - [2024-09-25T13:57:31.244+0000] {dagbag.py:588} INFO - Filling up the DagBag from /home/airflow/.local/lib/python3.12/site-packages/airflow/example_dags/example_datasets.py
[2024-09-25T13:57:31.352+0000] {processor.py:925} INFO - DAG(s) 'dataset_consumes_1_and_2', 'dataset_produces_2', 'consume_1_or_2_with_dataset_expressions', 'conditional_dataset_and_time_based_timetable', 'dataset_consumes_1_never_scheduled', 'dataset_produces_1', 'consume_1_and_2_with_dataset_expressions', 'consume_1_or_both_2_and_3_with_dataset_expressions', 'dataset_consumes_unknown_never_scheduled', 'dataset_consumes_1' retrieved from /home/airflow/.local/lib/python3.12/site-packages/airflow/example_dags/example_datasets.py
[2024-09-25T13:57:31.385+0000] {logging_mixin.py:190} INFO - [2024-09-25T13:57:31.385+0000] {dag.py:3239} INFO - Sync 10 DAGs
[2024-09-25T13:57:31.407+0000] {logging_mixin.py:190} INFO - [2024-09-25T13:57:31.407+0000] {dag.py:4180} INFO - Setting next_dagrun for conditional_dataset_and_time_based_timetable to 2024-09-25 01:00:00+00:00, run_after=2024-09-25 01:00:00+00:00
[2024-09-25T13:57:31.410+0000] {logging_mixin.py:190} INFO - [2024-09-25T13:57:31.410+0000] {dag.py:4180} INFO - Setting next_dagrun for consume_1_and_2_with_dataset_expressions to None, run_after=None
[2024-09-25T13:57:31.411+0000] {logging_mixin.py:190} INFO - [2024-09-25T13:57:31.411+0000] {dag.py:4180} INFO - Setting next_dagrun for consume_1_or_2_with_dataset_expressions to None, run_after=None
[2024-09-25T13:57:31.412+0000] {logging_mixin.py:190} INFO - [2024-09-25T13:57:31.412+0000] {dag.py:4180} INFO - Setting next_dagrun for consume_1_or_both_2_and_3_with_dataset_expressions to None, run_after=None
[2024-09-25T13:57:31.413+0000] {logging_mixin.py:190} INFO - [2024-09-25T13:57:31.413+0000] {dag.py:4180} INFO - Setting next_dagrun for dataset_consumes_1 to None, run_after=None
[2024-09-25T13:57:31.415+0000] {logging_mixin.py:190} INFO - [2024-09-25T13:57:31.414+0000] {dag.py:4180} INFO - Setting next_dagrun for dataset_consumes_1_and_2 to None, run_after=None
[2024-09-25T13:57:31.416+0000] {logging_mixin.py:190} INFO - [2024-09-25T13:57:31.415+0000] {dag.py:4180} INFO - Setting next_dagrun for dataset_consumes_1_never_scheduled to None, run_after=None
[2024-09-25T13:57:31.417+0000] {logging_mixin.py:190} INFO - [2024-09-25T13:57:31.416+0000] {dag.py:4180} INFO - Setting next_dagrun for dataset_consumes_unknown_never_scheduled to None, run_after=None
[2024-09-25T13:57:31.418+0000] {logging_mixin.py:190} INFO - [2024-09-25T13:57:31.418+0000] {dag.py:4180} INFO - Setting next_dagrun for dataset_produces_1 to 2024-09-24 00:00:00+00:00, run_after=2024-09-25 00:00:00+00:00
[2024-09-25T13:57:31.419+0000] {logging_mixin.py:190} INFO - [2024-09-25T13:57:31.419+0000] {dag.py:4180} INFO - Setting next_dagrun for dataset_produces_2 to None, run_after=None
[2024-09-25T13:57:31.445+0000] {processor.py:208} INFO - Processing /home/airflow/.local/lib/python3.12/site-packages/airflow/example_dags/example_datasets.py took 0.209 seconds
[2024-09-25T13:58:01.474+0000] {processor.py:186} INFO - Started process (PID=2887) to work on /home/airflow/.local/lib/python3.12/site-packages/airflow/example_dags/example_datasets.py
[2024-09-25T13:58:01.475+0000] {processor.py:914} INFO - Processing file /home/airflow/.local/lib/python3.12/site-packages/airflow/example_dags/example_datasets.py for tasks to queue
[2024-09-25T13:58:01.477+0000] {logging_mixin.py:190} INFO - [2024-09-25T13:58:01.477+0000] {dagbag.py:588} INFO - Filling up the DagBag from /home/airflow/.local/lib/python3.12/site-packages/airflow/example_dags/example_datasets.py
[2024-09-25T13:58:01.588+0000] {processor.py:925} INFO - DAG(s) 'dataset_consumes_unknown_never_scheduled', 'dataset_consumes_1_never_scheduled', 'dataset_produces_2', 'consume_1_or_2_with_dataset_expressions', 'consume_1_and_2_with_dataset_expressions', 'consume_1_or_both_2_and_3_with_dataset_expressions', 'dataset_consumes_1_and_2', 'dataset_produces_1', 'conditional_dataset_and_time_based_timetable', 'dataset_consumes_1' retrieved from /home/airflow/.local/lib/python3.12/site-packages/airflow/example_dags/example_datasets.py
[2024-09-25T13:58:01.623+0000] {logging_mixin.py:190} INFO - [2024-09-25T13:58:01.623+0000] {dag.py:3239} INFO - Sync 10 DAGs
[2024-09-25T13:58:01.646+0000] {logging_mixin.py:190} INFO - [2024-09-25T13:58:01.646+0000] {dag.py:4180} INFO - Setting next_dagrun for conditional_dataset_and_time_based_timetable to 2024-09-25 01:00:00+00:00, run_after=2024-09-25 01:00:00+00:00
[2024-09-25T13:58:01.649+0000] {logging_mixin.py:190} INFO - [2024-09-25T13:58:01.649+0000] {dag.py:4180} INFO - Setting next_dagrun for consume_1_and_2_with_dataset_expressions to None, run_after=None
[2024-09-25T13:58:01.651+0000] {logging_mixin.py:190} INFO - [2024-09-25T13:58:01.650+0000] {dag.py:4180} INFO - Setting next_dagrun for consume_1_or_2_with_dataset_expressions to None, run_after=None
[2024-09-25T13:58:01.652+0000] {logging_mixin.py:190} INFO - [2024-09-25T13:58:01.652+0000] {dag.py:4180} INFO - Setting next_dagrun for consume_1_or_both_2_and_3_with_dataset_expressions to None, run_after=None
[2024-09-25T13:58:01.653+0000] {logging_mixin.py:190} INFO - [2024-09-25T13:58:01.653+0000] {dag.py:4180} INFO - Setting next_dagrun for dataset_consumes_1 to None, run_after=None
[2024-09-25T13:58:01.654+0000] {logging_mixin.py:190} INFO - [2024-09-25T13:58:01.654+0000] {dag.py:4180} INFO - Setting next_dagrun for dataset_consumes_1_and_2 to None, run_after=None
[2024-09-25T13:58:01.655+0000] {logging_mixin.py:190} INFO - [2024-09-25T13:58:01.655+0000] {dag.py:4180} INFO - Setting next_dagrun for dataset_consumes_1_never_scheduled to None, run_after=None
[2024-09-25T13:58:01.656+0000] {logging_mixin.py:190} INFO - [2024-09-25T13:58:01.656+0000] {dag.py:4180} INFO - Setting next_dagrun for dataset_consumes_unknown_never_scheduled to None, run_after=None
[2024-09-25T13:58:01.658+0000] {logging_mixin.py:190} INFO - [2024-09-25T13:58:01.658+0000] {dag.py:4180} INFO - Setting next_dagrun for dataset_produces_1 to 2024-09-24 00:00:00+00:00, run_after=2024-09-25 00:00:00+00:00
[2024-09-25T13:58:01.659+0000] {logging_mixin.py:190} INFO - [2024-09-25T13:58:01.659+0000] {dag.py:4180} INFO - Setting next_dagrun for dataset_produces_2 to None, run_after=None
[2024-09-25T13:58:01.684+0000] {processor.py:208} INFO - Processing /home/airflow/.local/lib/python3.12/site-packages/airflow/example_dags/example_datasets.py took 0.215 seconds
[2024-09-25T13:58:31.741+0000] {processor.py:186} INFO - Started process (PID=3177) to work on /home/airflow/.local/lib/python3.12/site-packages/airflow/example_dags/example_datasets.py
[2024-09-25T13:58:31.742+0000] {processor.py:914} INFO - Processing file /home/airflow/.local/lib/python3.12/site-packages/airflow/example_dags/example_datasets.py for tasks to queue
[2024-09-25T13:58:31.743+0000] {logging_mixin.py:190} INFO - [2024-09-25T13:58:31.743+0000] {dagbag.py:588} INFO - Filling up the DagBag from /home/airflow/.local/lib/python3.12/site-packages/airflow/example_dags/example_datasets.py
[2024-09-25T13:58:31.850+0000] {processor.py:925} INFO - DAG(s) 'conditional_dataset_and_time_based_timetable', 'consume_1_or_2_with_dataset_expressions', 'dataset_consumes_1', 'dataset_consumes_1_never_scheduled', 'dataset_consumes_unknown_never_scheduled', 'dataset_produces_2', 'dataset_produces_1', 'consume_1_and_2_with_dataset_expressions', 'dataset_consumes_1_and_2', 'consume_1_or_both_2_and_3_with_dataset_expressions' retrieved from /home/airflow/.local/lib/python3.12/site-packages/airflow/example_dags/example_datasets.py
[2024-09-25T13:58:31.886+0000] {logging_mixin.py:190} INFO - [2024-09-25T13:58:31.886+0000] {dag.py:3239} INFO - Sync 10 DAGs
[2024-09-25T13:58:31.910+0000] {logging_mixin.py:190} INFO - [2024-09-25T13:58:31.910+0000] {dag.py:4180} INFO - Setting next_dagrun for conditional_dataset_and_time_based_timetable to 2024-09-25 01:00:00+00:00, run_after=2024-09-25 01:00:00+00:00
[2024-09-25T13:58:31.913+0000] {logging_mixin.py:190} INFO - [2024-09-25T13:58:31.913+0000] {dag.py:4180} INFO - Setting next_dagrun for consume_1_and_2_with_dataset_expressions to None, run_after=None
[2024-09-25T13:58:31.915+0000] {logging_mixin.py:190} INFO - [2024-09-25T13:58:31.915+0000] {dag.py:4180} INFO - Setting next_dagrun for consume_1_or_2_with_dataset_expressions to None, run_after=None
[2024-09-25T13:58:31.917+0000] {logging_mixin.py:190} INFO - [2024-09-25T13:58:31.916+0000] {dag.py:4180} INFO - Setting next_dagrun for consume_1_or_both_2_and_3_with_dataset_expressions to None, run_after=None
[2024-09-25T13:58:31.918+0000] {logging_mixin.py:190} INFO - [2024-09-25T13:58:31.918+0000] {dag.py:4180} INFO - Setting next_dagrun for dataset_consumes_1 to None, run_after=None
[2024-09-25T13:58:31.919+0000] {logging_mixin.py:190} INFO - [2024-09-25T13:58:31.919+0000] {dag.py:4180} INFO - Setting next_dagrun for dataset_consumes_1_and_2 to None, run_after=None
[2024-09-25T13:58:31.920+0000] {logging_mixin.py:190} INFO - [2024-09-25T13:58:31.920+0000] {dag.py:4180} INFO - Setting next_dagrun for dataset_consumes_1_never_scheduled to None, run_after=None
[2024-09-25T13:58:31.922+0000] {logging_mixin.py:190} INFO - [2024-09-25T13:58:31.921+0000] {dag.py:4180} INFO - Setting next_dagrun for dataset_consumes_unknown_never_scheduled to None, run_after=None
[2024-09-25T13:58:31.924+0000] {logging_mixin.py:190} INFO - [2024-09-25T13:58:31.924+0000] {dag.py:4180} INFO - Setting next_dagrun for dataset_produces_1 to 2024-09-24 00:00:00+00:00, run_after=2024-09-25 00:00:00+00:00
[2024-09-25T13:58:31.925+0000] {logging_mixin.py:190} INFO - [2024-09-25T13:58:31.925+0000] {dag.py:4180} INFO - Setting next_dagrun for dataset_produces_2 to None, run_after=None
[2024-09-25T13:58:31.953+0000] {processor.py:208} INFO - Processing /home/airflow/.local/lib/python3.12/site-packages/airflow/example_dags/example_datasets.py took 0.217 seconds
[2024-09-25T13:59:02.162+0000] {processor.py:186} INFO - Started process (PID=3465) to work on /home/airflow/.local/lib/python3.12/site-packages/airflow/example_dags/example_datasets.py
[2024-09-25T13:59:02.163+0000] {processor.py:914} INFO - Processing file /home/airflow/.local/lib/python3.12/site-packages/airflow/example_dags/example_datasets.py for tasks to queue
[2024-09-25T13:59:02.165+0000] {logging_mixin.py:190} INFO - [2024-09-25T13:59:02.165+0000] {dagbag.py:588} INFO - Filling up the DagBag from /home/airflow/.local/lib/python3.12/site-packages/airflow/example_dags/example_datasets.py
[2024-09-25T13:59:02.279+0000] {processor.py:925} INFO - DAG(s) 'dataset_consumes_unknown_never_scheduled', 'conditional_dataset_and_time_based_timetable', 'dataset_consumes_1_never_scheduled', 'dataset_produces_1', 'dataset_consumes_1_and_2', 'consume_1_and_2_with_dataset_expressions', 'consume_1_or_both_2_and_3_with_dataset_expressions', 'dataset_consumes_1', 'dataset_produces_2', 'consume_1_or_2_with_dataset_expressions' retrieved from /home/airflow/.local/lib/python3.12/site-packages/airflow/example_dags/example_datasets.py
[2024-09-25T13:59:02.319+0000] {logging_mixin.py:190} INFO - [2024-09-25T13:59:02.319+0000] {dag.py:3239} INFO - Sync 10 DAGs
[2024-09-25T13:59:02.343+0000] {logging_mixin.py:190} INFO - [2024-09-25T13:59:02.343+0000] {dag.py:4180} INFO - Setting next_dagrun for conditional_dataset_and_time_based_timetable to 2024-09-25 01:00:00+00:00, run_after=2024-09-25 01:00:00+00:00
[2024-09-25T13:59:02.346+0000] {logging_mixin.py:190} INFO - [2024-09-25T13:59:02.346+0000] {dag.py:4180} INFO - Setting next_dagrun for consume_1_and_2_with_dataset_expressions to None, run_after=None
[2024-09-25T13:59:02.348+0000] {logging_mixin.py:190} INFO - [2024-09-25T13:59:02.347+0000] {dag.py:4180} INFO - Setting next_dagrun for consume_1_or_2_with_dataset_expressions to None, run_after=None
[2024-09-25T13:59:02.349+0000] {logging_mixin.py:190} INFO - [2024-09-25T13:59:02.348+0000] {dag.py:4180} INFO - Setting next_dagrun for consume_1_or_both_2_and_3_with_dataset_expressions to None, run_after=None
[2024-09-25T13:59:02.350+0000] {logging_mixin.py:190} INFO - [2024-09-25T13:59:02.349+0000] {dag.py:4180} INFO - Setting next_dagrun for dataset_consumes_1 to None, run_after=None
[2024-09-25T13:59:02.351+0000] {logging_mixin.py:190} INFO - [2024-09-25T13:59:02.351+0000] {dag.py:4180} INFO - Setting next_dagrun for dataset_consumes_1_and_2 to None, run_after=None
[2024-09-25T13:59:02.352+0000] {logging_mixin.py:190} INFO - [2024-09-25T13:59:02.352+0000] {dag.py:4180} INFO - Setting next_dagrun for dataset_consumes_1_never_scheduled to None, run_after=None
[2024-09-25T13:59:02.353+0000] {logging_mixin.py:190} INFO - [2024-09-25T13:59:02.353+0000] {dag.py:4180} INFO - Setting next_dagrun for dataset_consumes_unknown_never_scheduled to None, run_after=None
[2024-09-25T13:59:02.355+0000] {logging_mixin.py:190} INFO - [2024-09-25T13:59:02.355+0000] {dag.py:4180} INFO - Setting next_dagrun for dataset_produces_1 to 2024-09-24 00:00:00+00:00, run_after=2024-09-25 00:00:00+00:00
[2024-09-25T13:59:02.356+0000] {logging_mixin.py:190} INFO - [2024-09-25T13:59:02.356+0000] {dag.py:4180} INFO - Setting next_dagrun for dataset_produces_2 to None, run_after=None
[2024-09-25T13:59:02.383+0000] {processor.py:208} INFO - Processing /home/airflow/.local/lib/python3.12/site-packages/airflow/example_dags/example_datasets.py took 0.226 seconds
[2024-09-25T13:59:32.458+0000] {processor.py:186} INFO - Started process (PID=3761) to work on /home/airflow/.local/lib/python3.12/site-packages/airflow/example_dags/example_datasets.py
[2024-09-25T13:59:32.459+0000] {processor.py:914} INFO - Processing file /home/airflow/.local/lib/python3.12/site-packages/airflow/example_dags/example_datasets.py for tasks to queue
[2024-09-25T13:59:32.461+0000] {logging_mixin.py:190} INFO - [2024-09-25T13:59:32.461+0000] {dagbag.py:588} INFO - Filling up the DagBag from /home/airflow/.local/lib/python3.12/site-packages/airflow/example_dags/example_datasets.py
[2024-09-25T13:59:32.570+0000] {processor.py:925} INFO - DAG(s) 'dataset_produces_2', 'consume_1_or_2_with_dataset_expressions', 'consume_1_and_2_with_dataset_expressions', 'dataset_consumes_1_and_2', 'dataset_consumes_1_never_scheduled', 'dataset_consumes_unknown_never_scheduled', 'dataset_produces_1', 'conditional_dataset_and_time_based_timetable', 'consume_1_or_both_2_and_3_with_dataset_expressions', 'dataset_consumes_1' retrieved from /home/airflow/.local/lib/python3.12/site-packages/airflow/example_dags/example_datasets.py
[2024-09-25T13:59:32.605+0000] {logging_mixin.py:190} INFO - [2024-09-25T13:59:32.605+0000] {dag.py:3239} INFO - Sync 10 DAGs
[2024-09-25T13:59:32.630+0000] {logging_mixin.py:190} INFO - [2024-09-25T13:59:32.630+0000] {dag.py:4180} INFO - Setting next_dagrun for conditional_dataset_and_time_based_timetable to 2024-09-25 01:00:00+00:00, run_after=2024-09-25 01:00:00+00:00
[2024-09-25T13:59:32.634+0000] {logging_mixin.py:190} INFO - [2024-09-25T13:59:32.634+0000] {dag.py:4180} INFO - Setting next_dagrun for consume_1_and_2_with_dataset_expressions to None, run_after=None
[2024-09-25T13:59:32.636+0000] {logging_mixin.py:190} INFO - [2024-09-25T13:59:32.635+0000] {dag.py:4180} INFO - Setting next_dagrun for consume_1_or_2_with_dataset_expressions to None, run_after=None
[2024-09-25T13:59:32.637+0000] {logging_mixin.py:190} INFO - [2024-09-25T13:59:32.637+0000] {dag.py:4180} INFO - Setting next_dagrun for consume_1_or_both_2_and_3_with_dataset_expressions to None, run_after=None
[2024-09-25T13:59:32.638+0000] {logging_mixin.py:190} INFO - [2024-09-25T13:59:32.638+0000] {dag.py:4180} INFO - Setting next_dagrun for dataset_consumes_1 to None, run_after=None
[2024-09-25T13:59:32.639+0000] {logging_mixin.py:190} INFO - [2024-09-25T13:59:32.639+0000] {dag.py:4180} INFO - Setting next_dagrun for dataset_consumes_1_and_2 to None, run_after=None
[2024-09-25T13:59:32.641+0000] {logging_mixin.py:190} INFO - [2024-09-25T13:59:32.641+0000] {dag.py:4180} INFO - Setting next_dagrun for dataset_consumes_1_never_scheduled to None, run_after=None
[2024-09-25T13:59:32.642+0000] {logging_mixin.py:190} INFO - [2024-09-25T13:59:32.642+0000] {dag.py:4180} INFO - Setting next_dagrun for dataset_consumes_unknown_never_scheduled to None, run_after=None
[2024-09-25T13:59:32.644+0000] {logging_mixin.py:190} INFO - [2024-09-25T13:59:32.644+0000] {dag.py:4180} INFO - Setting next_dagrun for dataset_produces_1 to 2024-09-24 00:00:00+00:00, run_after=2024-09-25 00:00:00+00:00
[2024-09-25T13:59:32.645+0000] {logging_mixin.py:190} INFO - [2024-09-25T13:59:32.645+0000] {dag.py:4180} INFO - Setting next_dagrun for dataset_produces_2 to None, run_after=None
[2024-09-25T13:59:32.674+0000] {processor.py:208} INFO - Processing /home/airflow/.local/lib/python3.12/site-packages/airflow/example_dags/example_datasets.py took 0.221 seconds
[2024-09-25T14:00:02.725+0000] {processor.py:186} INFO - Started process (PID=4047) to work on /home/airflow/.local/lib/python3.12/site-packages/airflow/example_dags/example_datasets.py
[2024-09-25T14:00:02.726+0000] {processor.py:914} INFO - Processing file /home/airflow/.local/lib/python3.12/site-packages/airflow/example_dags/example_datasets.py for tasks to queue
[2024-09-25T14:00:02.728+0000] {logging_mixin.py:190} INFO - [2024-09-25T14:00:02.727+0000] {dagbag.py:588} INFO - Filling up the DagBag from /home/airflow/.local/lib/python3.12/site-packages/airflow/example_dags/example_datasets.py
[2024-09-25T14:00:02.837+0000] {processor.py:925} INFO - DAG(s) 'dataset_produces_2', 'conditional_dataset_and_time_based_timetable', 'consume_1_or_2_with_dataset_expressions', 'dataset_consumes_1_and_2', 'dataset_consumes_1_never_scheduled', 'dataset_produces_1', 'dataset_consumes_1', 'consume_1_or_both_2_and_3_with_dataset_expressions', 'consume_1_and_2_with_dataset_expressions', 'dataset_consumes_unknown_never_scheduled' retrieved from /home/airflow/.local/lib/python3.12/site-packages/airflow/example_dags/example_datasets.py
[2024-09-25T14:00:02.872+0000] {logging_mixin.py:190} INFO - [2024-09-25T14:00:02.872+0000] {dag.py:3239} INFO - Sync 10 DAGs
[2024-09-25T14:00:02.896+0000] {logging_mixin.py:190} INFO - [2024-09-25T14:00:02.896+0000] {dag.py:4180} INFO - Setting next_dagrun for conditional_dataset_and_time_based_timetable to 2024-09-25 01:00:00+00:00, run_after=2024-09-25 01:00:00+00:00
[2024-09-25T14:00:02.899+0000] {logging_mixin.py:190} INFO - [2024-09-25T14:00:02.899+0000] {dag.py:4180} INFO - Setting next_dagrun for consume_1_and_2_with_dataset_expressions to None, run_after=None
[2024-09-25T14:00:02.901+0000] {logging_mixin.py:190} INFO - [2024-09-25T14:00:02.900+0000] {dag.py:4180} INFO - Setting next_dagrun for consume_1_or_2_with_dataset_expressions to None, run_after=None
[2024-09-25T14:00:02.902+0000] {logging_mixin.py:190} INFO - [2024-09-25T14:00:02.902+0000] {dag.py:4180} INFO - Setting next_dagrun for consume_1_or_both_2_and_3_with_dataset_expressions to None, run_after=None
[2024-09-25T14:00:02.903+0000] {logging_mixin.py:190} INFO - [2024-09-25T14:00:02.903+0000] {dag.py:4180} INFO - Setting next_dagrun for dataset_consumes_1 to None, run_after=None
[2024-09-25T14:00:02.904+0000] {logging_mixin.py:190} INFO - [2024-09-25T14:00:02.904+0000] {dag.py:4180} INFO - Setting next_dagrun for dataset_consumes_1_and_2 to None, run_after=None
[2024-09-25T14:00:02.906+0000] {logging_mixin.py:190} INFO - [2024-09-25T14:00:02.905+0000] {dag.py:4180} INFO - Setting next_dagrun for dataset_consumes_1_never_scheduled to None, run_after=None
[2024-09-25T14:00:02.907+0000] {logging_mixin.py:190} INFO - [2024-09-25T14:00:02.906+0000] {dag.py:4180} INFO - Setting next_dagrun for dataset_consumes_unknown_never_scheduled to None, run_after=None
[2024-09-25T14:00:02.909+0000] {logging_mixin.py:190} INFO - [2024-09-25T14:00:02.909+0000] {dag.py:4180} INFO - Setting next_dagrun for dataset_produces_1 to 2024-09-24 00:00:00+00:00, run_after=2024-09-25 00:00:00+00:00
[2024-09-25T14:00:02.910+0000] {logging_mixin.py:190} INFO - [2024-09-25T14:00:02.910+0000] {dag.py:4180} INFO - Setting next_dagrun for dataset_produces_2 to None, run_after=None
[2024-09-25T14:00:02.937+0000] {processor.py:208} INFO - Processing /home/airflow/.local/lib/python3.12/site-packages/airflow/example_dags/example_datasets.py took 0.218 seconds
[2024-09-25T14:00:32.973+0000] {processor.py:186} INFO - Started process (PID=4333) to work on /home/airflow/.local/lib/python3.12/site-packages/airflow/example_dags/example_datasets.py
[2024-09-25T14:00:32.974+0000] {processor.py:914} INFO - Processing file /home/airflow/.local/lib/python3.12/site-packages/airflow/example_dags/example_datasets.py for tasks to queue
[2024-09-25T14:00:32.976+0000] {logging_mixin.py:190} INFO - [2024-09-25T14:00:32.975+0000] {dagbag.py:588} INFO - Filling up the DagBag from /home/airflow/.local/lib/python3.12/site-packages/airflow/example_dags/example_datasets.py
[2024-09-25T14:00:33.084+0000] {processor.py:925} INFO - DAG(s) 'consume_1_or_2_with_dataset_expressions', 'dataset_consumes_unknown_never_scheduled', 'dataset_consumes_1_and_2', 'dataset_consumes_1_never_scheduled', 'consume_1_or_both_2_and_3_with_dataset_expressions', 'consume_1_and_2_with_dataset_expressions', 'conditional_dataset_and_time_based_timetable', 'dataset_produces_2', 'dataset_consumes_1', 'dataset_produces_1' retrieved from /home/airflow/.local/lib/python3.12/site-packages/airflow/example_dags/example_datasets.py
[2024-09-25T14:00:33.119+0000] {logging_mixin.py:190} INFO - [2024-09-25T14:00:33.119+0000] {dag.py:3239} INFO - Sync 10 DAGs
[2024-09-25T14:00:33.142+0000] {logging_mixin.py:190} INFO - [2024-09-25T14:00:33.142+0000] {dag.py:4180} INFO - Setting next_dagrun for conditional_dataset_and_time_based_timetable to 2024-09-25 01:00:00+00:00, run_after=2024-09-25 01:00:00+00:00
[2024-09-25T14:00:33.146+0000] {logging_mixin.py:190} INFO - [2024-09-25T14:00:33.145+0000] {dag.py:4180} INFO - Setting next_dagrun for consume_1_and_2_with_dataset_expressions to None, run_after=None
[2024-09-25T14:00:33.147+0000] {logging_mixin.py:190} INFO - [2024-09-25T14:00:33.147+0000] {dag.py:4180} INFO - Setting next_dagrun for consume_1_or_2_with_dataset_expressions to None, run_after=None
[2024-09-25T14:00:33.148+0000] {logging_mixin.py:190} INFO - [2024-09-25T14:00:33.148+0000] {dag.py:4180} INFO - Setting next_dagrun for consume_1_or_both_2_and_3_with_dataset_expressions to None, run_after=None
[2024-09-25T14:00:33.149+0000] {logging_mixin.py:190} INFO - [2024-09-25T14:00:33.149+0000] {dag.py:4180} INFO - Setting next_dagrun for dataset_consumes_1 to None, run_after=None
[2024-09-25T14:00:33.150+0000] {logging_mixin.py:190} INFO - [2024-09-25T14:00:33.150+0000] {dag.py:4180} INFO - Setting next_dagrun for dataset_consumes_1_and_2 to None, run_after=None
[2024-09-25T14:00:33.152+0000] {logging_mixin.py:190} INFO - [2024-09-25T14:00:33.151+0000] {dag.py:4180} INFO - Setting next_dagrun for dataset_consumes_1_never_scheduled to None, run_after=None
[2024-09-25T14:00:33.153+0000] {logging_mixin.py:190} INFO - [2024-09-25T14:00:33.153+0000] {dag.py:4180} INFO - Setting next_dagrun for dataset_consumes_unknown_never_scheduled to None, run_after=None
[2024-09-25T14:00:33.155+0000] {logging_mixin.py:190} INFO - [2024-09-25T14:00:33.155+0000] {dag.py:4180} INFO - Setting next_dagrun for dataset_produces_1 to 2024-09-24 00:00:00+00:00, run_after=2024-09-25 00:00:00+00:00
[2024-09-25T14:00:33.156+0000] {logging_mixin.py:190} INFO - [2024-09-25T14:00:33.156+0000] {dag.py:4180} INFO - Setting next_dagrun for dataset_produces_2 to None, run_after=None
[2024-09-25T14:00:33.182+0000] {processor.py:208} INFO - Processing /home/airflow/.local/lib/python3.12/site-packages/airflow/example_dags/example_datasets.py took 0.214 seconds
[2024-09-25T14:01:03.216+0000] {processor.py:186} INFO - Started process (PID=4617) to work on /home/airflow/.local/lib/python3.12/site-packages/airflow/example_dags/example_datasets.py
[2024-09-25T14:01:03.216+0000] {processor.py:914} INFO - Processing file /home/airflow/.local/lib/python3.12/site-packages/airflow/example_dags/example_datasets.py for tasks to queue
[2024-09-25T14:01:03.218+0000] {logging_mixin.py:190} INFO - [2024-09-25T14:01:03.218+0000] {dagbag.py:588} INFO - Filling up the DagBag from /home/airflow/.local/lib/python3.12/site-packages/airflow/example_dags/example_datasets.py
[2024-09-25T14:01:03.334+0000] {processor.py:925} INFO - DAG(s) 'dataset_consumes_1_never_scheduled', 'dataset_consumes_1', 'dataset_consumes_unknown_never_scheduled', 'dataset_consumes_1_and_2', 'consume_1_or_both_2_and_3_with_dataset_expressions', 'consume_1_or_2_with_dataset_expressions', 'consume_1_and_2_with_dataset_expressions', 'dataset_produces_1', 'conditional_dataset_and_time_based_timetable', 'dataset_produces_2' retrieved from /home/airflow/.local/lib/python3.12/site-packages/airflow/example_dags/example_datasets.py
[2024-09-25T14:01:03.370+0000] {logging_mixin.py:190} INFO - [2024-09-25T14:01:03.370+0000] {dag.py:3239} INFO - Sync 10 DAGs
[2024-09-25T14:01:03.394+0000] {logging_mixin.py:190} INFO - [2024-09-25T14:01:03.394+0000] {dag.py:4180} INFO - Setting next_dagrun for conditional_dataset_and_time_based_timetable to 2024-09-25 01:00:00+00:00, run_after=2024-09-25 01:00:00+00:00
[2024-09-25T14:01:03.398+0000] {logging_mixin.py:190} INFO - [2024-09-25T14:01:03.398+0000] {dag.py:4180} INFO - Setting next_dagrun for consume_1_and_2_with_dataset_expressions to None, run_after=None
[2024-09-25T14:01:03.399+0000] {logging_mixin.py:190} INFO - [2024-09-25T14:01:03.399+0000] {dag.py:4180} INFO - Setting next_dagrun for consume_1_or_2_with_dataset_expressions to None, run_after=None
[2024-09-25T14:01:03.401+0000] {logging_mixin.py:190} INFO - [2024-09-25T14:01:03.401+0000] {dag.py:4180} INFO - Setting next_dagrun for consume_1_or_both_2_and_3_with_dataset_expressions to None, run_after=None
[2024-09-25T14:01:03.402+0000] {logging_mixin.py:190} INFO - [2024-09-25T14:01:03.402+0000] {dag.py:4180} INFO - Setting next_dagrun for dataset_consumes_1 to None, run_after=None
[2024-09-25T14:01:03.404+0000] {logging_mixin.py:190} INFO - [2024-09-25T14:01:03.404+0000] {dag.py:4180} INFO - Setting next_dagrun for dataset_consumes_1_and_2 to None, run_after=None
[2024-09-25T14:01:03.406+0000] {logging_mixin.py:190} INFO - [2024-09-25T14:01:03.405+0000] {dag.py:4180} INFO - Setting next_dagrun for dataset_consumes_1_never_scheduled to None, run_after=None
[2024-09-25T14:01:03.407+0000] {logging_mixin.py:190} INFO - [2024-09-25T14:01:03.407+0000] {dag.py:4180} INFO - Setting next_dagrun for dataset_consumes_unknown_never_scheduled to None, run_after=None
[2024-09-25T14:01:03.409+0000] {logging_mixin.py:190} INFO - [2024-09-25T14:01:03.409+0000] {dag.py:4180} INFO - Setting next_dagrun for dataset_produces_1 to 2024-09-24 00:00:00+00:00, run_after=2024-09-25 00:00:00+00:00
[2024-09-25T14:01:03.410+0000] {logging_mixin.py:190} INFO - [2024-09-25T14:01:03.410+0000] {dag.py:4180} INFO - Setting next_dagrun for dataset_produces_2 to None, run_after=None
[2024-09-25T14:01:03.437+0000] {processor.py:208} INFO - Processing /home/airflow/.local/lib/python3.12/site-packages/airflow/example_dags/example_datasets.py took 0.227 seconds
[2024-09-25T14:01:34.387+0000] {processor.py:186} INFO - Started process (PID=4900) to work on /home/airflow/.local/lib/python3.12/site-packages/airflow/example_dags/example_datasets.py
[2024-09-25T14:01:34.388+0000] {processor.py:914} INFO - Processing file /home/airflow/.local/lib/python3.12/site-packages/airflow/example_dags/example_datasets.py for tasks to queue
[2024-09-25T14:01:34.390+0000] {logging_mixin.py:190} INFO - [2024-09-25T14:01:34.390+0000] {dagbag.py:588} INFO - Filling up the DagBag from /home/airflow/.local/lib/python3.12/site-packages/airflow/example_dags/example_datasets.py
[2024-09-25T14:01:34.508+0000] {processor.py:925} INFO - DAG(s) 'dataset_consumes_1_and_2', 'consume_1_and_2_with_dataset_expressions', 'consume_1_or_2_with_dataset_expressions', 'dataset_produces_2', 'dataset_consumes_1', 'dataset_produces_1', 'dataset_consumes_1_never_scheduled', 'conditional_dataset_and_time_based_timetable', 'dataset_consumes_unknown_never_scheduled', 'consume_1_or_both_2_and_3_with_dataset_expressions' retrieved from /home/airflow/.local/lib/python3.12/site-packages/airflow/example_dags/example_datasets.py
[2024-09-25T14:01:34.543+0000] {logging_mixin.py:190} INFO - [2024-09-25T14:01:34.543+0000] {dag.py:3239} INFO - Sync 10 DAGs
[2024-09-25T14:01:34.566+0000] {logging_mixin.py:190} INFO - [2024-09-25T14:01:34.566+0000] {dag.py:4180} INFO - Setting next_dagrun for conditional_dataset_and_time_based_timetable to 2024-09-25 01:00:00+00:00, run_after=2024-09-25 01:00:00+00:00
[2024-09-25T14:01:34.570+0000] {logging_mixin.py:190} INFO - [2024-09-25T14:01:34.569+0000] {dag.py:4180} INFO - Setting next_dagrun for consume_1_and_2_with_dataset_expressions to None, run_after=None
[2024-09-25T14:01:34.571+0000] {logging_mixin.py:190} INFO - [2024-09-25T14:01:34.571+0000] {dag.py:4180} INFO - Setting next_dagrun for consume_1_or_2_with_dataset_expressions to None, run_after=None
[2024-09-25T14:01:34.572+0000] {logging_mixin.py:190} INFO - [2024-09-25T14:01:34.572+0000] {dag.py:4180} INFO - Setting next_dagrun for consume_1_or_both_2_and_3_with_dataset_expressions to None, run_after=None
[2024-09-25T14:01:34.573+0000] {logging_mixin.py:190} INFO - [2024-09-25T14:01:34.573+0000] {dag.py:4180} INFO - Setting next_dagrun for dataset_consumes_1 to None, run_after=None
[2024-09-25T14:01:34.575+0000] {logging_mixin.py:190} INFO - [2024-09-25T14:01:34.575+0000] {dag.py:4180} INFO - Setting next_dagrun for dataset_consumes_1_and_2 to None, run_after=None
[2024-09-25T14:01:34.576+0000] {logging_mixin.py:190} INFO - [2024-09-25T14:01:34.576+0000] {dag.py:4180} INFO - Setting next_dagrun for dataset_consumes_1_never_scheduled to None, run_after=None
[2024-09-25T14:01:34.577+0000] {logging_mixin.py:190} INFO - [2024-09-25T14:01:34.577+0000] {dag.py:4180} INFO - Setting next_dagrun for dataset_consumes_unknown_never_scheduled to None, run_after=None
[2024-09-25T14:01:34.580+0000] {logging_mixin.py:190} INFO - [2024-09-25T14:01:34.579+0000] {dag.py:4180} INFO - Setting next_dagrun for dataset_produces_1 to 2024-09-24 00:00:00+00:00, run_after=2024-09-25 00:00:00+00:00
[2024-09-25T14:01:34.581+0000] {logging_mixin.py:190} INFO - [2024-09-25T14:01:34.581+0000] {dag.py:4180} INFO - Setting next_dagrun for dataset_produces_2 to None, run_after=None
[2024-09-25T14:01:34.609+0000] {processor.py:208} INFO - Processing /home/airflow/.local/lib/python3.12/site-packages/airflow/example_dags/example_datasets.py took 0.227 seconds
[2024-09-25T14:02:05.587+0000] {processor.py:186} INFO - Started process (PID=5191) to work on /home/airflow/.local/lib/python3.12/site-packages/airflow/example_dags/example_datasets.py
[2024-09-25T14:02:05.588+0000] {processor.py:914} INFO - Processing file /home/airflow/.local/lib/python3.12/site-packages/airflow/example_dags/example_datasets.py for tasks to queue
[2024-09-25T14:02:05.590+0000] {logging_mixin.py:190} INFO - [2024-09-25T14:02:05.589+0000] {dagbag.py:588} INFO - Filling up the DagBag from /home/airflow/.local/lib/python3.12/site-packages/airflow/example_dags/example_datasets.py
[2024-09-25T14:02:05.697+0000] {processor.py:925} INFO - DAG(s) 'consume_1_or_both_2_and_3_with_dataset_expressions', 'consume_1_and_2_with_dataset_expressions', 'dataset_consumes_1', 'dataset_produces_2', 'conditional_dataset_and_time_based_timetable', 'dataset_produces_1', 'dataset_consumes_1_never_scheduled', 'dataset_consumes_1_and_2', 'consume_1_or_2_with_dataset_expressions', 'dataset_consumes_unknown_never_scheduled' retrieved from /home/airflow/.local/lib/python3.12/site-packages/airflow/example_dags/example_datasets.py
[2024-09-25T14:02:05.733+0000] {logging_mixin.py:190} INFO - [2024-09-25T14:02:05.733+0000] {dag.py:3239} INFO - Sync 10 DAGs
[2024-09-25T14:02:05.755+0000] {logging_mixin.py:190} INFO - [2024-09-25T14:02:05.755+0000] {dag.py:4180} INFO - Setting next_dagrun for conditional_dataset_and_time_based_timetable to 2024-09-25 01:00:00+00:00, run_after=2024-09-25 01:00:00+00:00
[2024-09-25T14:02:05.759+0000] {logging_mixin.py:190} INFO - [2024-09-25T14:02:05.759+0000] {dag.py:4180} INFO - Setting next_dagrun for consume_1_and_2_with_dataset_expressions to None, run_after=None
[2024-09-25T14:02:05.760+0000] {logging_mixin.py:190} INFO - [2024-09-25T14:02:05.760+0000] {dag.py:4180} INFO - Setting next_dagrun for consume_1_or_2_with_dataset_expressions to None, run_after=None
[2024-09-25T14:02:05.761+0000] {logging_mixin.py:190} INFO - [2024-09-25T14:02:05.761+0000] {dag.py:4180} INFO - Setting next_dagrun for consume_1_or_both_2_and_3_with_dataset_expressions to None, run_after=None
[2024-09-25T14:02:05.762+0000] {logging_mixin.py:190} INFO - [2024-09-25T14:02:05.762+0000] {dag.py:4180} INFO - Setting next_dagrun for dataset_consumes_1 to None, run_after=None
[2024-09-25T14:02:05.764+0000] {logging_mixin.py:190} INFO - [2024-09-25T14:02:05.764+0000] {dag.py:4180} INFO - Setting next_dagrun for dataset_consumes_1_and_2 to None, run_after=None
[2024-09-25T14:02:05.765+0000] {logging_mixin.py:190} INFO - [2024-09-25T14:02:05.765+0000] {dag.py:4180} INFO - Setting next_dagrun for dataset_consumes_1_never_scheduled to None, run_after=None
[2024-09-25T14:02:05.766+0000] {logging_mixin.py:190} INFO - [2024-09-25T14:02:05.766+0000] {dag.py:4180} INFO - Setting next_dagrun for dataset_consumes_unknown_never_scheduled to None, run_after=None
[2024-09-25T14:02:05.768+0000] {logging_mixin.py:190} INFO - [2024-09-25T14:02:05.768+0000] {dag.py:4180} INFO - Setting next_dagrun for dataset_produces_1 to 2024-09-24 00:00:00+00:00, run_after=2024-09-25 00:00:00+00:00
[2024-09-25T14:02:05.769+0000] {logging_mixin.py:190} INFO - [2024-09-25T14:02:05.769+0000] {dag.py:4180} INFO - Setting next_dagrun for dataset_produces_2 to None, run_after=None
[2024-09-25T14:02:05.796+0000] {processor.py:208} INFO - Processing /home/airflow/.local/lib/python3.12/site-packages/airflow/example_dags/example_datasets.py took 0.214 seconds
[2024-09-25T14:03:07.373+0000] {processor.py:186} INFO - Started process (PID=274) to work on /home/airflow/.local/lib/python3.12/site-packages/airflow/example_dags/example_datasets.py
[2024-09-25T14:03:07.374+0000] {processor.py:914} INFO - Processing file /home/airflow/.local/lib/python3.12/site-packages/airflow/example_dags/example_datasets.py for tasks to queue
[2024-09-25T14:03:07.376+0000] {logging_mixin.py:190} INFO - [2024-09-25T14:03:07.376+0000] {dagbag.py:588} INFO - Filling up the DagBag from /home/airflow/.local/lib/python3.12/site-packages/airflow/example_dags/example_datasets.py
[2024-09-25T14:03:07.492+0000] {processor.py:925} INFO - DAG(s) 'dataset_produces_1', 'dataset_consumes_1_never_scheduled', 'dataset_consumes_1_and_2', 'dataset_consumes_unknown_never_scheduled', 'conditional_dataset_and_time_based_timetable', 'dataset_consumes_1', 'consume_1_or_both_2_and_3_with_dataset_expressions', 'dataset_produces_2', 'consume_1_and_2_with_dataset_expressions', 'consume_1_or_2_with_dataset_expressions' retrieved from /home/airflow/.local/lib/python3.12/site-packages/airflow/example_dags/example_datasets.py
[2024-09-25T14:03:07.529+0000] {logging_mixin.py:190} INFO - [2024-09-25T14:03:07.529+0000] {dag.py:3239} INFO - Sync 10 DAGs
[2024-09-25T14:03:07.554+0000] {logging_mixin.py:190} INFO - [2024-09-25T14:03:07.554+0000] {dag.py:4180} INFO - Setting next_dagrun for conditional_dataset_and_time_based_timetable to 2024-09-25 01:00:00+00:00, run_after=2024-09-25 01:00:00+00:00
[2024-09-25T14:03:07.557+0000] {logging_mixin.py:190} INFO - [2024-09-25T14:03:07.557+0000] {dag.py:4180} INFO - Setting next_dagrun for consume_1_and_2_with_dataset_expressions to None, run_after=None
[2024-09-25T14:03:07.558+0000] {logging_mixin.py:190} INFO - [2024-09-25T14:03:07.558+0000] {dag.py:4180} INFO - Setting next_dagrun for consume_1_or_2_with_dataset_expressions to None, run_after=None
[2024-09-25T14:03:07.560+0000] {logging_mixin.py:190} INFO - [2024-09-25T14:03:07.559+0000] {dag.py:4180} INFO - Setting next_dagrun for consume_1_or_both_2_and_3_with_dataset_expressions to None, run_after=None
[2024-09-25T14:03:07.561+0000] {logging_mixin.py:190} INFO - [2024-09-25T14:03:07.561+0000] {dag.py:4180} INFO - Setting next_dagrun for dataset_consumes_1 to None, run_after=None
[2024-09-25T14:03:07.562+0000] {logging_mixin.py:190} INFO - [2024-09-25T14:03:07.562+0000] {dag.py:4180} INFO - Setting next_dagrun for dataset_consumes_1_and_2 to None, run_after=None
[2024-09-25T14:03:07.563+0000] {logging_mixin.py:190} INFO - [2024-09-25T14:03:07.563+0000] {dag.py:4180} INFO - Setting next_dagrun for dataset_consumes_1_never_scheduled to None, run_after=None
[2024-09-25T14:03:07.564+0000] {logging_mixin.py:190} INFO - [2024-09-25T14:03:07.564+0000] {dag.py:4180} INFO - Setting next_dagrun for dataset_consumes_unknown_never_scheduled to None, run_after=None
[2024-09-25T14:03:07.566+0000] {logging_mixin.py:190} INFO - [2024-09-25T14:03:07.566+0000] {dag.py:4180} INFO - Setting next_dagrun for dataset_produces_1 to 2024-09-24 00:00:00+00:00, run_after=2024-09-25 00:00:00+00:00
[2024-09-25T14:03:07.568+0000] {logging_mixin.py:190} INFO - [2024-09-25T14:03:07.567+0000] {dag.py:4180} INFO - Setting next_dagrun for dataset_produces_2 to None, run_after=None
[2024-09-25T14:03:07.595+0000] {processor.py:208} INFO - Processing /home/airflow/.local/lib/python3.12/site-packages/airflow/example_dags/example_datasets.py took 0.226 seconds
[2024-09-25T14:03:37.637+0000] {processor.py:186} INFO - Started process (PID=578) to work on /home/airflow/.local/lib/python3.12/site-packages/airflow/example_dags/example_datasets.py
[2024-09-25T14:03:37.638+0000] {processor.py:914} INFO - Processing file /home/airflow/.local/lib/python3.12/site-packages/airflow/example_dags/example_datasets.py for tasks to queue
[2024-09-25T14:03:37.640+0000] {logging_mixin.py:190} INFO - [2024-09-25T14:03:37.640+0000] {dagbag.py:588} INFO - Filling up the DagBag from /home/airflow/.local/lib/python3.12/site-packages/airflow/example_dags/example_datasets.py
[2024-09-25T14:03:37.746+0000] {processor.py:925} INFO - DAG(s) 'conditional_dataset_and_time_based_timetable', 'dataset_consumes_1_and_2', 'consume_1_or_2_with_dataset_expressions', 'dataset_consumes_1_never_scheduled', 'consume_1_and_2_with_dataset_expressions', 'dataset_consumes_1', 'dataset_consumes_unknown_never_scheduled', 'consume_1_or_both_2_and_3_with_dataset_expressions', 'dataset_produces_1', 'dataset_produces_2' retrieved from /home/airflow/.local/lib/python3.12/site-packages/airflow/example_dags/example_datasets.py
[2024-09-25T14:03:37.780+0000] {logging_mixin.py:190} INFO - [2024-09-25T14:03:37.780+0000] {dag.py:3239} INFO - Sync 10 DAGs
[2024-09-25T14:03:37.807+0000] {logging_mixin.py:190} INFO - [2024-09-25T14:03:37.806+0000] {dag.py:4180} INFO - Setting next_dagrun for conditional_dataset_and_time_based_timetable to 2024-09-25 01:00:00+00:00, run_after=2024-09-25 01:00:00+00:00
[2024-09-25T14:03:37.810+0000] {logging_mixin.py:190} INFO - [2024-09-25T14:03:37.810+0000] {dag.py:4180} INFO - Setting next_dagrun for consume_1_and_2_with_dataset_expressions to None, run_after=None
[2024-09-25T14:03:37.812+0000] {logging_mixin.py:190} INFO - [2024-09-25T14:03:37.811+0000] {dag.py:4180} INFO - Setting next_dagrun for consume_1_or_2_with_dataset_expressions to None, run_after=None
[2024-09-25T14:03:37.813+0000] {logging_mixin.py:190} INFO - [2024-09-25T14:03:37.813+0000] {dag.py:4180} INFO - Setting next_dagrun for consume_1_or_both_2_and_3_with_dataset_expressions to None, run_after=None
[2024-09-25T14:03:37.814+0000] {logging_mixin.py:190} INFO - [2024-09-25T14:03:37.814+0000] {dag.py:4180} INFO - Setting next_dagrun for dataset_consumes_1 to None, run_after=None
[2024-09-25T14:03:37.815+0000] {logging_mixin.py:190} INFO - [2024-09-25T14:03:37.815+0000] {dag.py:4180} INFO - Setting next_dagrun for dataset_consumes_1_and_2 to None, run_after=None
[2024-09-25T14:03:37.816+0000] {logging_mixin.py:190} INFO - [2024-09-25T14:03:37.816+0000] {dag.py:4180} INFO - Setting next_dagrun for dataset_consumes_1_never_scheduled to None, run_after=None
[2024-09-25T14:03:37.817+0000] {logging_mixin.py:190} INFO - [2024-09-25T14:03:37.817+0000] {dag.py:4180} INFO - Setting next_dagrun for dataset_consumes_unknown_never_scheduled to None, run_after=None
[2024-09-25T14:03:37.819+0000] {logging_mixin.py:190} INFO - [2024-09-25T14:03:37.819+0000] {dag.py:4180} INFO - Setting next_dagrun for dataset_produces_1 to 2024-09-24 00:00:00+00:00, run_after=2024-09-25 00:00:00+00:00
[2024-09-25T14:03:37.821+0000] {logging_mixin.py:190} INFO - [2024-09-25T14:03:37.820+0000] {dag.py:4180} INFO - Setting next_dagrun for dataset_produces_2 to None, run_after=None
[2024-09-25T14:03:37.849+0000] {processor.py:208} INFO - Processing /home/airflow/.local/lib/python3.12/site-packages/airflow/example_dags/example_datasets.py took 0.217 seconds
