[2024-09-25T13:53:29.289+0000] {processor.py:186} INFO - Started process (PID=353) to work on /home/airflow/.local/lib/python3.12/site-packages/airflow/example_dags/example_short_circuit_decorator.py
[2024-09-25T13:53:29.290+0000] {processor.py:914} INFO - Processing file /home/airflow/.local/lib/python3.12/site-packages/airflow/example_dags/example_short_circuit_decorator.py for tasks to queue
[2024-09-25T13:53:29.292+0000] {logging_mixin.py:190} INFO - [2024-09-25T13:53:29.291+0000] {dagbag.py:588} INFO - Filling up the DagBag from /home/airflow/.local/lib/python3.12/site-packages/airflow/example_dags/example_short_circuit_decorator.py
[2024-09-25T13:53:29.301+0000] {processor.py:925} INFO - DAG(s) 'example_short_circuit_decorator' retrieved from /home/airflow/.local/lib/python3.12/site-packages/airflow/example_dags/example_short_circuit_decorator.py
[2024-09-25T13:53:29.323+0000] {logging_mixin.py:190} INFO - [2024-09-25T13:53:29.323+0000] {dag.py:3239} INFO - Sync 1 DAGs
[2024-09-25T13:53:29.336+0000] {logging_mixin.py:190} INFO - [2024-09-25T13:53:29.336+0000] {dag.py:4180} INFO - Setting next_dagrun for example_short_circuit_decorator to None, run_after=None
[2024-09-25T13:53:29.352+0000] {processor.py:208} INFO - Processing /home/airflow/.local/lib/python3.12/site-packages/airflow/example_dags/example_short_circuit_decorator.py took 0.068 seconds
[2024-09-25T13:53:59.470+0000] {processor.py:186} INFO - Started process (PID=650) to work on /home/airflow/.local/lib/python3.12/site-packages/airflow/example_dags/example_short_circuit_decorator.py
[2024-09-25T13:53:59.470+0000] {processor.py:914} INFO - Processing file /home/airflow/.local/lib/python3.12/site-packages/airflow/example_dags/example_short_circuit_decorator.py for tasks to queue
[2024-09-25T13:53:59.473+0000] {logging_mixin.py:190} INFO - [2024-09-25T13:53:59.472+0000] {dagbag.py:588} INFO - Filling up the DagBag from /home/airflow/.local/lib/python3.12/site-packages/airflow/example_dags/example_short_circuit_decorator.py
[2024-09-25T13:53:59.481+0000] {processor.py:925} INFO - DAG(s) 'example_short_circuit_decorator' retrieved from /home/airflow/.local/lib/python3.12/site-packages/airflow/example_dags/example_short_circuit_decorator.py
[2024-09-25T13:53:59.500+0000] {logging_mixin.py:190} INFO - [2024-09-25T13:53:59.499+0000] {dag.py:3239} INFO - Sync 1 DAGs
[2024-09-25T13:53:59.512+0000] {logging_mixin.py:190} INFO - [2024-09-25T13:53:59.512+0000] {dag.py:4180} INFO - Setting next_dagrun for example_short_circuit_decorator to None, run_after=None
[2024-09-25T13:53:59.528+0000] {processor.py:208} INFO - Processing /home/airflow/.local/lib/python3.12/site-packages/airflow/example_dags/example_short_circuit_decorator.py took 0.063 seconds
[2024-09-25T13:54:29.992+0000] {processor.py:186} INFO - Started process (PID=936) to work on /home/airflow/.local/lib/python3.12/site-packages/airflow/example_dags/example_short_circuit_decorator.py
[2024-09-25T13:54:29.993+0000] {processor.py:914} INFO - Processing file /home/airflow/.local/lib/python3.12/site-packages/airflow/example_dags/example_short_circuit_decorator.py for tasks to queue
[2024-09-25T13:54:29.995+0000] {logging_mixin.py:190} INFO - [2024-09-25T13:54:29.995+0000] {dagbag.py:588} INFO - Filling up the DagBag from /home/airflow/.local/lib/python3.12/site-packages/airflow/example_dags/example_short_circuit_decorator.py
[2024-09-25T13:54:30.006+0000] {processor.py:925} INFO - DAG(s) 'example_short_circuit_decorator' retrieved from /home/airflow/.local/lib/python3.12/site-packages/airflow/example_dags/example_short_circuit_decorator.py
[2024-09-25T13:54:30.027+0000] {logging_mixin.py:190} INFO - [2024-09-25T13:54:30.026+0000] {dag.py:3239} INFO - Sync 1 DAGs
[2024-09-25T13:54:30.040+0000] {logging_mixin.py:190} INFO - [2024-09-25T13:54:30.039+0000] {dag.py:4180} INFO - Setting next_dagrun for example_short_circuit_decorator to None, run_after=None
[2024-09-25T13:54:30.056+0000] {processor.py:208} INFO - Processing /home/airflow/.local/lib/python3.12/site-packages/airflow/example_dags/example_short_circuit_decorator.py took 0.069 seconds
[2024-09-25T13:55:00.464+0000] {processor.py:186} INFO - Started process (PID=1222) to work on /home/airflow/.local/lib/python3.12/site-packages/airflow/example_dags/example_short_circuit_decorator.py
[2024-09-25T13:55:00.465+0000] {processor.py:914} INFO - Processing file /home/airflow/.local/lib/python3.12/site-packages/airflow/example_dags/example_short_circuit_decorator.py for tasks to queue
[2024-09-25T13:55:00.467+0000] {logging_mixin.py:190} INFO - [2024-09-25T13:55:00.467+0000] {dagbag.py:588} INFO - Filling up the DagBag from /home/airflow/.local/lib/python3.12/site-packages/airflow/example_dags/example_short_circuit_decorator.py
[2024-09-25T13:55:00.475+0000] {processor.py:925} INFO - DAG(s) 'example_short_circuit_decorator' retrieved from /home/airflow/.local/lib/python3.12/site-packages/airflow/example_dags/example_short_circuit_decorator.py
[2024-09-25T13:55:00.496+0000] {logging_mixin.py:190} INFO - [2024-09-25T13:55:00.496+0000] {dag.py:3239} INFO - Sync 1 DAGs
[2024-09-25T13:55:00.509+0000] {logging_mixin.py:190} INFO - [2024-09-25T13:55:00.509+0000] {dag.py:4180} INFO - Setting next_dagrun for example_short_circuit_decorator to None, run_after=None
[2024-09-25T13:55:00.525+0000] {processor.py:208} INFO - Processing /home/airflow/.local/lib/python3.12/site-packages/airflow/example_dags/example_short_circuit_decorator.py took 0.066 seconds
[2024-09-25T13:55:30.819+0000] {processor.py:186} INFO - Started process (PID=1510) to work on /home/airflow/.local/lib/python3.12/site-packages/airflow/example_dags/example_short_circuit_decorator.py
[2024-09-25T13:55:30.820+0000] {processor.py:914} INFO - Processing file /home/airflow/.local/lib/python3.12/site-packages/airflow/example_dags/example_short_circuit_decorator.py for tasks to queue
[2024-09-25T13:55:30.822+0000] {logging_mixin.py:190} INFO - [2024-09-25T13:55:30.822+0000] {dagbag.py:588} INFO - Filling up the DagBag from /home/airflow/.local/lib/python3.12/site-packages/airflow/example_dags/example_short_circuit_decorator.py
[2024-09-25T13:55:30.830+0000] {processor.py:925} INFO - DAG(s) 'example_short_circuit_decorator' retrieved from /home/airflow/.local/lib/python3.12/site-packages/airflow/example_dags/example_short_circuit_decorator.py
[2024-09-25T13:55:30.850+0000] {logging_mixin.py:190} INFO - [2024-09-25T13:55:30.850+0000] {dag.py:3239} INFO - Sync 1 DAGs
[2024-09-25T13:55:30.863+0000] {logging_mixin.py:190} INFO - [2024-09-25T13:55:30.863+0000] {dag.py:4180} INFO - Setting next_dagrun for example_short_circuit_decorator to None, run_after=None
[2024-09-25T13:55:30.879+0000] {processor.py:208} INFO - Processing /home/airflow/.local/lib/python3.12/site-packages/airflow/example_dags/example_short_circuit_decorator.py took 0.065 seconds
[2024-09-25T13:56:01.012+0000] {processor.py:186} INFO - Started process (PID=1802) to work on /home/airflow/.local/lib/python3.12/site-packages/airflow/example_dags/example_short_circuit_decorator.py
[2024-09-25T13:56:01.012+0000] {processor.py:914} INFO - Processing file /home/airflow/.local/lib/python3.12/site-packages/airflow/example_dags/example_short_circuit_decorator.py for tasks to queue
[2024-09-25T13:56:01.015+0000] {logging_mixin.py:190} INFO - [2024-09-25T13:56:01.014+0000] {dagbag.py:588} INFO - Filling up the DagBag from /home/airflow/.local/lib/python3.12/site-packages/airflow/example_dags/example_short_circuit_decorator.py
[2024-09-25T13:56:01.023+0000] {processor.py:925} INFO - DAG(s) 'example_short_circuit_decorator' retrieved from /home/airflow/.local/lib/python3.12/site-packages/airflow/example_dags/example_short_circuit_decorator.py
[2024-09-25T13:56:01.043+0000] {logging_mixin.py:190} INFO - [2024-09-25T13:56:01.042+0000] {dag.py:3239} INFO - Sync 1 DAGs
[2024-09-25T13:56:01.055+0000] {logging_mixin.py:190} INFO - [2024-09-25T13:56:01.055+0000] {dag.py:4180} INFO - Setting next_dagrun for example_short_circuit_decorator to None, run_after=None
[2024-09-25T13:56:01.072+0000] {processor.py:208} INFO - Processing /home/airflow/.local/lib/python3.12/site-packages/airflow/example_dags/example_short_circuit_decorator.py took 0.065 seconds
[2024-09-25T13:56:31.387+0000] {processor.py:186} INFO - Started process (PID=2090) to work on /home/airflow/.local/lib/python3.12/site-packages/airflow/example_dags/example_short_circuit_decorator.py
[2024-09-25T13:56:31.388+0000] {processor.py:914} INFO - Processing file /home/airflow/.local/lib/python3.12/site-packages/airflow/example_dags/example_short_circuit_decorator.py for tasks to queue
[2024-09-25T13:56:31.391+0000] {logging_mixin.py:190} INFO - [2024-09-25T13:56:31.391+0000] {dagbag.py:588} INFO - Filling up the DagBag from /home/airflow/.local/lib/python3.12/site-packages/airflow/example_dags/example_short_circuit_decorator.py
[2024-09-25T13:56:31.401+0000] {processor.py:925} INFO - DAG(s) 'example_short_circuit_decorator' retrieved from /home/airflow/.local/lib/python3.12/site-packages/airflow/example_dags/example_short_circuit_decorator.py
[2024-09-25T13:56:31.421+0000] {logging_mixin.py:190} INFO - [2024-09-25T13:56:31.421+0000] {dag.py:3239} INFO - Sync 1 DAGs
[2024-09-25T13:56:31.434+0000] {logging_mixin.py:190} INFO - [2024-09-25T13:56:31.434+0000] {dag.py:4180} INFO - Setting next_dagrun for example_short_circuit_decorator to None, run_after=None
[2024-09-25T13:56:31.449+0000] {processor.py:208} INFO - Processing /home/airflow/.local/lib/python3.12/site-packages/airflow/example_dags/example_short_circuit_decorator.py took 0.069 seconds
[2024-09-25T13:57:01.869+0000] {processor.py:186} INFO - Started process (PID=2376) to work on /home/airflow/.local/lib/python3.12/site-packages/airflow/example_dags/example_short_circuit_decorator.py
[2024-09-25T13:57:01.870+0000] {processor.py:914} INFO - Processing file /home/airflow/.local/lib/python3.12/site-packages/airflow/example_dags/example_short_circuit_decorator.py for tasks to queue
[2024-09-25T13:57:01.872+0000] {logging_mixin.py:190} INFO - [2024-09-25T13:57:01.872+0000] {dagbag.py:588} INFO - Filling up the DagBag from /home/airflow/.local/lib/python3.12/site-packages/airflow/example_dags/example_short_circuit_decorator.py
[2024-09-25T13:57:01.880+0000] {processor.py:925} INFO - DAG(s) 'example_short_circuit_decorator' retrieved from /home/airflow/.local/lib/python3.12/site-packages/airflow/example_dags/example_short_circuit_decorator.py
[2024-09-25T13:57:01.899+0000] {logging_mixin.py:190} INFO - [2024-09-25T13:57:01.899+0000] {dag.py:3239} INFO - Sync 1 DAGs
[2024-09-25T13:57:01.913+0000] {logging_mixin.py:190} INFO - [2024-09-25T13:57:01.912+0000] {dag.py:4180} INFO - Setting next_dagrun for example_short_circuit_decorator to None, run_after=None
[2024-09-25T13:57:01.929+0000] {processor.py:208} INFO - Processing /home/airflow/.local/lib/python3.12/site-packages/airflow/example_dags/example_short_circuit_decorator.py took 0.065 seconds
[2024-09-25T13:57:32.031+0000] {processor.py:186} INFO - Started process (PID=2661) to work on /home/airflow/.local/lib/python3.12/site-packages/airflow/example_dags/example_short_circuit_decorator.py
[2024-09-25T13:57:32.031+0000] {processor.py:914} INFO - Processing file /home/airflow/.local/lib/python3.12/site-packages/airflow/example_dags/example_short_circuit_decorator.py for tasks to queue
[2024-09-25T13:57:32.033+0000] {logging_mixin.py:190} INFO - [2024-09-25T13:57:32.033+0000] {dagbag.py:588} INFO - Filling up the DagBag from /home/airflow/.local/lib/python3.12/site-packages/airflow/example_dags/example_short_circuit_decorator.py
[2024-09-25T13:57:32.043+0000] {processor.py:925} INFO - DAG(s) 'example_short_circuit_decorator' retrieved from /home/airflow/.local/lib/python3.12/site-packages/airflow/example_dags/example_short_circuit_decorator.py
[2024-09-25T13:57:32.065+0000] {logging_mixin.py:190} INFO - [2024-09-25T13:57:32.064+0000] {dag.py:3239} INFO - Sync 1 DAGs
[2024-09-25T13:57:32.079+0000] {logging_mixin.py:190} INFO - [2024-09-25T13:57:32.078+0000] {dag.py:4180} INFO - Setting next_dagrun for example_short_circuit_decorator to None, run_after=None
[2024-09-25T13:57:32.095+0000] {processor.py:208} INFO - Processing /home/airflow/.local/lib/python3.12/site-packages/airflow/example_dags/example_short_circuit_decorator.py took 0.070 seconds
[2024-09-25T13:58:02.375+0000] {processor.py:186} INFO - Started process (PID=2947) to work on /home/airflow/.local/lib/python3.12/site-packages/airflow/example_dags/example_short_circuit_decorator.py
[2024-09-25T13:58:02.376+0000] {processor.py:914} INFO - Processing file /home/airflow/.local/lib/python3.12/site-packages/airflow/example_dags/example_short_circuit_decorator.py for tasks to queue
[2024-09-25T13:58:02.379+0000] {logging_mixin.py:190} INFO - [2024-09-25T13:58:02.379+0000] {dagbag.py:588} INFO - Filling up the DagBag from /home/airflow/.local/lib/python3.12/site-packages/airflow/example_dags/example_short_circuit_decorator.py
[2024-09-25T13:58:02.388+0000] {processor.py:925} INFO - DAG(s) 'example_short_circuit_decorator' retrieved from /home/airflow/.local/lib/python3.12/site-packages/airflow/example_dags/example_short_circuit_decorator.py
[2024-09-25T13:58:02.407+0000] {logging_mixin.py:190} INFO - [2024-09-25T13:58:02.407+0000] {dag.py:3239} INFO - Sync 1 DAGs
[2024-09-25T13:58:02.420+0000] {logging_mixin.py:190} INFO - [2024-09-25T13:58:02.420+0000] {dag.py:4180} INFO - Setting next_dagrun for example_short_circuit_decorator to None, run_after=None
[2024-09-25T13:58:02.434+0000] {processor.py:208} INFO - Processing /home/airflow/.local/lib/python3.12/site-packages/airflow/example_dags/example_short_circuit_decorator.py took 0.065 seconds
[2024-09-25T13:58:32.717+0000] {processor.py:186} INFO - Started process (PID=3247) to work on /home/airflow/.local/lib/python3.12/site-packages/airflow/example_dags/example_short_circuit_decorator.py
[2024-09-25T13:58:32.718+0000] {processor.py:914} INFO - Processing file /home/airflow/.local/lib/python3.12/site-packages/airflow/example_dags/example_short_circuit_decorator.py for tasks to queue
[2024-09-25T13:58:32.720+0000] {logging_mixin.py:190} INFO - [2024-09-25T13:58:32.719+0000] {dagbag.py:588} INFO - Filling up the DagBag from /home/airflow/.local/lib/python3.12/site-packages/airflow/example_dags/example_short_circuit_decorator.py
[2024-09-25T13:58:32.728+0000] {processor.py:925} INFO - DAG(s) 'example_short_circuit_decorator' retrieved from /home/airflow/.local/lib/python3.12/site-packages/airflow/example_dags/example_short_circuit_decorator.py
[2024-09-25T13:58:32.748+0000] {logging_mixin.py:190} INFO - [2024-09-25T13:58:32.748+0000] {dag.py:3239} INFO - Sync 1 DAGs
[2024-09-25T13:58:32.761+0000] {logging_mixin.py:190} INFO - [2024-09-25T13:58:32.760+0000] {dag.py:4180} INFO - Setting next_dagrun for example_short_circuit_decorator to None, run_after=None
[2024-09-25T13:58:32.775+0000] {processor.py:208} INFO - Processing /home/airflow/.local/lib/python3.12/site-packages/airflow/example_dags/example_short_circuit_decorator.py took 0.063 seconds
[2024-09-25T13:59:02.920+0000] {processor.py:186} INFO - Started process (PID=3533) to work on /home/airflow/.local/lib/python3.12/site-packages/airflow/example_dags/example_short_circuit_decorator.py
[2024-09-25T13:59:02.921+0000] {processor.py:914} INFO - Processing file /home/airflow/.local/lib/python3.12/site-packages/airflow/example_dags/example_short_circuit_decorator.py for tasks to queue
[2024-09-25T13:59:02.923+0000] {logging_mixin.py:190} INFO - [2024-09-25T13:59:02.922+0000] {dagbag.py:588} INFO - Filling up the DagBag from /home/airflow/.local/lib/python3.12/site-packages/airflow/example_dags/example_short_circuit_decorator.py
[2024-09-25T13:59:02.931+0000] {processor.py:925} INFO - DAG(s) 'example_short_circuit_decorator' retrieved from /home/airflow/.local/lib/python3.12/site-packages/airflow/example_dags/example_short_circuit_decorator.py
[2024-09-25T13:59:02.950+0000] {logging_mixin.py:190} INFO - [2024-09-25T13:59:02.950+0000] {dag.py:3239} INFO - Sync 1 DAGs
[2024-09-25T13:59:02.963+0000] {logging_mixin.py:190} INFO - [2024-09-25T13:59:02.963+0000] {dag.py:4180} INFO - Setting next_dagrun for example_short_circuit_decorator to None, run_after=None
[2024-09-25T13:59:02.979+0000] {processor.py:208} INFO - Processing /home/airflow/.local/lib/python3.12/site-packages/airflow/example_dags/example_short_circuit_decorator.py took 0.064 seconds
[2024-09-25T13:59:33.365+0000] {processor.py:186} INFO - Started process (PID=3821) to work on /home/airflow/.local/lib/python3.12/site-packages/airflow/example_dags/example_short_circuit_decorator.py
[2024-09-25T13:59:33.366+0000] {processor.py:914} INFO - Processing file /home/airflow/.local/lib/python3.12/site-packages/airflow/example_dags/example_short_circuit_decorator.py for tasks to queue
[2024-09-25T13:59:33.368+0000] {logging_mixin.py:190} INFO - [2024-09-25T13:59:33.368+0000] {dagbag.py:588} INFO - Filling up the DagBag from /home/airflow/.local/lib/python3.12/site-packages/airflow/example_dags/example_short_circuit_decorator.py
[2024-09-25T13:59:33.377+0000] {processor.py:925} INFO - DAG(s) 'example_short_circuit_decorator' retrieved from /home/airflow/.local/lib/python3.12/site-packages/airflow/example_dags/example_short_circuit_decorator.py
[2024-09-25T13:59:33.397+0000] {logging_mixin.py:190} INFO - [2024-09-25T13:59:33.397+0000] {dag.py:3239} INFO - Sync 1 DAGs
[2024-09-25T13:59:33.409+0000] {logging_mixin.py:190} INFO - [2024-09-25T13:59:33.409+0000] {dag.py:4180} INFO - Setting next_dagrun for example_short_circuit_decorator to None, run_after=None
[2024-09-25T13:59:33.424+0000] {processor.py:208} INFO - Processing /home/airflow/.local/lib/python3.12/site-packages/airflow/example_dags/example_short_circuit_decorator.py took 0.065 seconds
[2024-09-25T14:00:03.596+0000] {processor.py:186} INFO - Started process (PID=4107) to work on /home/airflow/.local/lib/python3.12/site-packages/airflow/example_dags/example_short_circuit_decorator.py
[2024-09-25T14:00:03.597+0000] {processor.py:914} INFO - Processing file /home/airflow/.local/lib/python3.12/site-packages/airflow/example_dags/example_short_circuit_decorator.py for tasks to queue
[2024-09-25T14:00:03.599+0000] {logging_mixin.py:190} INFO - [2024-09-25T14:00:03.598+0000] {dagbag.py:588} INFO - Filling up the DagBag from /home/airflow/.local/lib/python3.12/site-packages/airflow/example_dags/example_short_circuit_decorator.py
[2024-09-25T14:00:03.607+0000] {processor.py:925} INFO - DAG(s) 'example_short_circuit_decorator' retrieved from /home/airflow/.local/lib/python3.12/site-packages/airflow/example_dags/example_short_circuit_decorator.py
[2024-09-25T14:00:03.626+0000] {logging_mixin.py:190} INFO - [2024-09-25T14:00:03.626+0000] {dag.py:3239} INFO - Sync 1 DAGs
[2024-09-25T14:00:03.638+0000] {logging_mixin.py:190} INFO - [2024-09-25T14:00:03.638+0000] {dag.py:4180} INFO - Setting next_dagrun for example_short_circuit_decorator to None, run_after=None
[2024-09-25T14:00:03.656+0000] {processor.py:208} INFO - Processing /home/airflow/.local/lib/python3.12/site-packages/airflow/example_dags/example_short_circuit_decorator.py took 0.065 seconds
[2024-09-25T14:00:33.893+0000] {processor.py:186} INFO - Started process (PID=4393) to work on /home/airflow/.local/lib/python3.12/site-packages/airflow/example_dags/example_short_circuit_decorator.py
[2024-09-25T14:00:33.894+0000] {processor.py:914} INFO - Processing file /home/airflow/.local/lib/python3.12/site-packages/airflow/example_dags/example_short_circuit_decorator.py for tasks to queue
[2024-09-25T14:00:33.896+0000] {logging_mixin.py:190} INFO - [2024-09-25T14:00:33.896+0000] {dagbag.py:588} INFO - Filling up the DagBag from /home/airflow/.local/lib/python3.12/site-packages/airflow/example_dags/example_short_circuit_decorator.py
[2024-09-25T14:00:33.904+0000] {processor.py:925} INFO - DAG(s) 'example_short_circuit_decorator' retrieved from /home/airflow/.local/lib/python3.12/site-packages/airflow/example_dags/example_short_circuit_decorator.py
[2024-09-25T14:00:33.923+0000] {logging_mixin.py:190} INFO - [2024-09-25T14:00:33.923+0000] {dag.py:3239} INFO - Sync 1 DAGs
[2024-09-25T14:00:33.936+0000] {logging_mixin.py:190} INFO - [2024-09-25T14:00:33.936+0000] {dag.py:4180} INFO - Setting next_dagrun for example_short_circuit_decorator to None, run_after=None
[2024-09-25T14:00:33.951+0000] {processor.py:208} INFO - Processing /home/airflow/.local/lib/python3.12/site-packages/airflow/example_dags/example_short_circuit_decorator.py took 0.063 seconds
[2024-09-25T14:01:04.034+0000] {processor.py:186} INFO - Started process (PID=4677) to work on /home/airflow/.local/lib/python3.12/site-packages/airflow/example_dags/example_short_circuit_decorator.py
[2024-09-25T14:01:04.035+0000] {processor.py:914} INFO - Processing file /home/airflow/.local/lib/python3.12/site-packages/airflow/example_dags/example_short_circuit_decorator.py for tasks to queue
[2024-09-25T14:01:04.037+0000] {logging_mixin.py:190} INFO - [2024-09-25T14:01:04.037+0000] {dagbag.py:588} INFO - Filling up the DagBag from /home/airflow/.local/lib/python3.12/site-packages/airflow/example_dags/example_short_circuit_decorator.py
[2024-09-25T14:01:04.046+0000] {processor.py:925} INFO - DAG(s) 'example_short_circuit_decorator' retrieved from /home/airflow/.local/lib/python3.12/site-packages/airflow/example_dags/example_short_circuit_decorator.py
[2024-09-25T14:01:04.065+0000] {logging_mixin.py:190} INFO - [2024-09-25T14:01:04.065+0000] {dag.py:3239} INFO - Sync 1 DAGs
[2024-09-25T14:01:04.079+0000] {logging_mixin.py:190} INFO - [2024-09-25T14:01:04.079+0000] {dag.py:4180} INFO - Setting next_dagrun for example_short_circuit_decorator to None, run_after=None
[2024-09-25T14:01:04.094+0000] {processor.py:208} INFO - Processing /home/airflow/.local/lib/python3.12/site-packages/airflow/example_dags/example_short_circuit_decorator.py took 0.065 seconds
[2024-09-25T14:01:35.184+0000] {processor.py:186} INFO - Started process (PID=4965) to work on /home/airflow/.local/lib/python3.12/site-packages/airflow/example_dags/example_short_circuit_decorator.py
[2024-09-25T14:01:35.185+0000] {processor.py:914} INFO - Processing file /home/airflow/.local/lib/python3.12/site-packages/airflow/example_dags/example_short_circuit_decorator.py for tasks to queue
[2024-09-25T14:01:35.187+0000] {logging_mixin.py:190} INFO - [2024-09-25T14:01:35.187+0000] {dagbag.py:588} INFO - Filling up the DagBag from /home/airflow/.local/lib/python3.12/site-packages/airflow/example_dags/example_short_circuit_decorator.py
[2024-09-25T14:01:35.195+0000] {processor.py:925} INFO - DAG(s) 'example_short_circuit_decorator' retrieved from /home/airflow/.local/lib/python3.12/site-packages/airflow/example_dags/example_short_circuit_decorator.py
[2024-09-25T14:01:35.215+0000] {logging_mixin.py:190} INFO - [2024-09-25T14:01:35.215+0000] {dag.py:3239} INFO - Sync 1 DAGs
[2024-09-25T14:01:35.228+0000] {logging_mixin.py:190} INFO - [2024-09-25T14:01:35.228+0000] {dag.py:4180} INFO - Setting next_dagrun for example_short_circuit_decorator to None, run_after=None
[2024-09-25T14:01:35.244+0000] {processor.py:208} INFO - Processing /home/airflow/.local/lib/python3.12/site-packages/airflow/example_dags/example_short_circuit_decorator.py took 0.065 seconds
[2024-09-25T14:02:06.343+0000] {processor.py:186} INFO - Started process (PID=5251) to work on /home/airflow/.local/lib/python3.12/site-packages/airflow/example_dags/example_short_circuit_decorator.py
[2024-09-25T14:02:06.344+0000] {processor.py:914} INFO - Processing file /home/airflow/.local/lib/python3.12/site-packages/airflow/example_dags/example_short_circuit_decorator.py for tasks to queue
[2024-09-25T14:02:06.346+0000] {logging_mixin.py:190} INFO - [2024-09-25T14:02:06.346+0000] {dagbag.py:588} INFO - Filling up the DagBag from /home/airflow/.local/lib/python3.12/site-packages/airflow/example_dags/example_short_circuit_decorator.py
[2024-09-25T14:02:06.358+0000] {processor.py:925} INFO - DAG(s) 'example_short_circuit_decorator' retrieved from /home/airflow/.local/lib/python3.12/site-packages/airflow/example_dags/example_short_circuit_decorator.py
[2024-09-25T14:02:06.379+0000] {logging_mixin.py:190} INFO - [2024-09-25T14:02:06.379+0000] {dag.py:3239} INFO - Sync 1 DAGs
[2024-09-25T14:02:06.392+0000] {logging_mixin.py:190} INFO - [2024-09-25T14:02:06.392+0000] {dag.py:4180} INFO - Setting next_dagrun for example_short_circuit_decorator to None, run_after=None
[2024-09-25T14:02:06.408+0000] {processor.py:208} INFO - Processing /home/airflow/.local/lib/python3.12/site-packages/airflow/example_dags/example_short_circuit_decorator.py took 0.072 seconds
[2024-09-25T14:03:08.233+0000] {processor.py:186} INFO - Started process (PID=344) to work on /home/airflow/.local/lib/python3.12/site-packages/airflow/example_dags/example_short_circuit_decorator.py
[2024-09-25T14:03:08.234+0000] {processor.py:914} INFO - Processing file /home/airflow/.local/lib/python3.12/site-packages/airflow/example_dags/example_short_circuit_decorator.py for tasks to queue
[2024-09-25T14:03:08.236+0000] {logging_mixin.py:190} INFO - [2024-09-25T14:03:08.236+0000] {dagbag.py:588} INFO - Filling up the DagBag from /home/airflow/.local/lib/python3.12/site-packages/airflow/example_dags/example_short_circuit_decorator.py
[2024-09-25T14:03:08.244+0000] {processor.py:925} INFO - DAG(s) 'example_short_circuit_decorator' retrieved from /home/airflow/.local/lib/python3.12/site-packages/airflow/example_dags/example_short_circuit_decorator.py
[2024-09-25T14:03:08.265+0000] {logging_mixin.py:190} INFO - [2024-09-25T14:03:08.265+0000] {dag.py:3239} INFO - Sync 1 DAGs
[2024-09-25T14:03:08.279+0000] {logging_mixin.py:190} INFO - [2024-09-25T14:03:08.279+0000] {dag.py:4180} INFO - Setting next_dagrun for example_short_circuit_decorator to None, run_after=None
[2024-09-25T14:03:08.295+0000] {processor.py:208} INFO - Processing /home/airflow/.local/lib/python3.12/site-packages/airflow/example_dags/example_short_circuit_decorator.py took 0.067 seconds
[2024-09-25T14:03:38.409+0000] {processor.py:186} INFO - Started process (PID=648) to work on /home/airflow/.local/lib/python3.12/site-packages/airflow/example_dags/example_short_circuit_decorator.py
[2024-09-25T14:03:38.410+0000] {processor.py:914} INFO - Processing file /home/airflow/.local/lib/python3.12/site-packages/airflow/example_dags/example_short_circuit_decorator.py for tasks to queue
[2024-09-25T14:03:38.412+0000] {logging_mixin.py:190} INFO - [2024-09-25T14:03:38.412+0000] {dagbag.py:588} INFO - Filling up the DagBag from /home/airflow/.local/lib/python3.12/site-packages/airflow/example_dags/example_short_circuit_decorator.py
[2024-09-25T14:03:38.420+0000] {processor.py:925} INFO - DAG(s) 'example_short_circuit_decorator' retrieved from /home/airflow/.local/lib/python3.12/site-packages/airflow/example_dags/example_short_circuit_decorator.py
[2024-09-25T14:03:38.440+0000] {logging_mixin.py:190} INFO - [2024-09-25T14:03:38.440+0000] {dag.py:3239} INFO - Sync 1 DAGs
[2024-09-25T14:03:38.452+0000] {logging_mixin.py:190} INFO - [2024-09-25T14:03:38.452+0000] {dag.py:4180} INFO - Setting next_dagrun for example_short_circuit_decorator to None, run_after=None
[2024-09-25T14:03:38.468+0000] {processor.py:208} INFO - Processing /home/airflow/.local/lib/python3.12/site-packages/airflow/example_dags/example_short_circuit_decorator.py took 0.063 seconds
