[2024-09-25T13:53:28.730+0000] {processor.py:186} INFO - Started process (PID=306) to work on /home/airflow/.local/lib/python3.12/site-packages/airflow/example_dags/example_latest_only_with_trigger.py
[2024-09-25T13:53:28.730+0000] {processor.py:914} INFO - Processing file /home/airflow/.local/lib/python3.12/site-packages/airflow/example_dags/example_latest_only_with_trigger.py for tasks to queue
[2024-09-25T13:53:28.732+0000] {logging_mixin.py:190} INFO - [2024-09-25T13:53:28.732+0000] {dagbag.py:588} INFO - Filling up the DagBag from /home/airflow/.local/lib/python3.12/site-packages/airflow/example_dags/example_latest_only_with_trigger.py
[2024-09-25T13:53:28.740+0000] {processor.py:925} INFO - DAG(s) 'latest_only_with_trigger' retrieved from /home/airflow/.local/lib/python3.12/site-packages/airflow/example_dags/example_latest_only_with_trigger.py
[2024-09-25T13:53:28.764+0000] {logging_mixin.py:190} INFO - [2024-09-25T13:53:28.763+0000] {dag.py:3239} INFO - Sync 1 DAGs
[2024-09-25T13:53:28.787+0000] {logging_mixin.py:190} INFO - [2024-09-25T13:53:28.787+0000] {dag.py:4180} INFO - Setting next_dagrun for latest_only_with_trigger to 2024-09-25 08:00:00+00:00, run_after=2024-09-25 12:00:00+00:00
[2024-09-25T13:53:28.808+0000] {processor.py:208} INFO - Processing /home/airflow/.local/lib/python3.12/site-packages/airflow/example_dags/example_latest_only_with_trigger.py took 0.084 seconds
[2024-09-25T13:53:58.987+0000] {processor.py:186} INFO - Started process (PID=605) to work on /home/airflow/.local/lib/python3.12/site-packages/airflow/example_dags/example_latest_only_with_trigger.py
[2024-09-25T13:53:58.988+0000] {processor.py:914} INFO - Processing file /home/airflow/.local/lib/python3.12/site-packages/airflow/example_dags/example_latest_only_with_trigger.py for tasks to queue
[2024-09-25T13:53:58.989+0000] {logging_mixin.py:190} INFO - [2024-09-25T13:53:58.989+0000] {dagbag.py:588} INFO - Filling up the DagBag from /home/airflow/.local/lib/python3.12/site-packages/airflow/example_dags/example_latest_only_with_trigger.py
[2024-09-25T13:53:58.996+0000] {processor.py:925} INFO - DAG(s) 'latest_only_with_trigger' retrieved from /home/airflow/.local/lib/python3.12/site-packages/airflow/example_dags/example_latest_only_with_trigger.py
[2024-09-25T13:53:59.013+0000] {logging_mixin.py:190} INFO - [2024-09-25T13:53:59.012+0000] {dag.py:3239} INFO - Sync 1 DAGs
[2024-09-25T13:53:59.033+0000] {logging_mixin.py:190} INFO - [2024-09-25T13:53:59.032+0000] {dag.py:4180} INFO - Setting next_dagrun for latest_only_with_trigger to 2024-09-25 08:00:00+00:00, run_after=2024-09-25 12:00:00+00:00
[2024-09-25T13:53:59.049+0000] {processor.py:208} INFO - Processing /home/airflow/.local/lib/python3.12/site-packages/airflow/example_dags/example_latest_only_with_trigger.py took 0.067 seconds
[2024-09-25T13:54:29.269+0000] {processor.py:186} INFO - Started process (PID=886) to work on /home/airflow/.local/lib/python3.12/site-packages/airflow/example_dags/example_latest_only_with_trigger.py
[2024-09-25T13:54:29.270+0000] {processor.py:914} INFO - Processing file /home/airflow/.local/lib/python3.12/site-packages/airflow/example_dags/example_latest_only_with_trigger.py for tasks to queue
[2024-09-25T13:54:29.272+0000] {logging_mixin.py:190} INFO - [2024-09-25T13:54:29.271+0000] {dagbag.py:588} INFO - Filling up the DagBag from /home/airflow/.local/lib/python3.12/site-packages/airflow/example_dags/example_latest_only_with_trigger.py
[2024-09-25T13:54:29.279+0000] {processor.py:925} INFO - DAG(s) 'latest_only_with_trigger' retrieved from /home/airflow/.local/lib/python3.12/site-packages/airflow/example_dags/example_latest_only_with_trigger.py
[2024-09-25T13:54:29.296+0000] {logging_mixin.py:190} INFO - [2024-09-25T13:54:29.296+0000] {dag.py:3239} INFO - Sync 1 DAGs
[2024-09-25T13:54:29.319+0000] {logging_mixin.py:190} INFO - [2024-09-25T13:54:29.319+0000] {dag.py:4180} INFO - Setting next_dagrun for latest_only_with_trigger to 2024-09-25 08:00:00+00:00, run_after=2024-09-25 12:00:00+00:00
[2024-09-25T13:54:29.336+0000] {processor.py:208} INFO - Processing /home/airflow/.local/lib/python3.12/site-packages/airflow/example_dags/example_latest_only_with_trigger.py took 0.073 seconds
[2024-09-25T13:54:59.971+0000] {processor.py:186} INFO - Started process (PID=1179) to work on /home/airflow/.local/lib/python3.12/site-packages/airflow/example_dags/example_latest_only_with_trigger.py
[2024-09-25T13:54:59.972+0000] {processor.py:914} INFO - Processing file /home/airflow/.local/lib/python3.12/site-packages/airflow/example_dags/example_latest_only_with_trigger.py for tasks to queue
[2024-09-25T13:54:59.974+0000] {logging_mixin.py:190} INFO - [2024-09-25T13:54:59.974+0000] {dagbag.py:588} INFO - Filling up the DagBag from /home/airflow/.local/lib/python3.12/site-packages/airflow/example_dags/example_latest_only_with_trigger.py
[2024-09-25T13:54:59.980+0000] {processor.py:925} INFO - DAG(s) 'latest_only_with_trigger' retrieved from /home/airflow/.local/lib/python3.12/site-packages/airflow/example_dags/example_latest_only_with_trigger.py
[2024-09-25T13:54:59.996+0000] {logging_mixin.py:190} INFO - [2024-09-25T13:54:59.996+0000] {dag.py:3239} INFO - Sync 1 DAGs
[2024-09-25T13:55:00.018+0000] {logging_mixin.py:190} INFO - [2024-09-25T13:55:00.018+0000] {dag.py:4180} INFO - Setting next_dagrun for latest_only_with_trigger to 2024-09-25 08:00:00+00:00, run_after=2024-09-25 12:00:00+00:00
[2024-09-25T13:55:00.033+0000] {processor.py:208} INFO - Processing /home/airflow/.local/lib/python3.12/site-packages/airflow/example_dags/example_latest_only_with_trigger.py took 0.066 seconds
[2024-09-25T13:55:30.331+0000] {processor.py:186} INFO - Started process (PID=1463) to work on /home/airflow/.local/lib/python3.12/site-packages/airflow/example_dags/example_latest_only_with_trigger.py
[2024-09-25T13:55:30.332+0000] {processor.py:914} INFO - Processing file /home/airflow/.local/lib/python3.12/site-packages/airflow/example_dags/example_latest_only_with_trigger.py for tasks to queue
[2024-09-25T13:55:30.334+0000] {logging_mixin.py:190} INFO - [2024-09-25T13:55:30.333+0000] {dagbag.py:588} INFO - Filling up the DagBag from /home/airflow/.local/lib/python3.12/site-packages/airflow/example_dags/example_latest_only_with_trigger.py
[2024-09-25T13:55:30.340+0000] {processor.py:925} INFO - DAG(s) 'latest_only_with_trigger' retrieved from /home/airflow/.local/lib/python3.12/site-packages/airflow/example_dags/example_latest_only_with_trigger.py
[2024-09-25T13:55:30.357+0000] {logging_mixin.py:190} INFO - [2024-09-25T13:55:30.356+0000] {dag.py:3239} INFO - Sync 1 DAGs
[2024-09-25T13:55:30.378+0000] {logging_mixin.py:190} INFO - [2024-09-25T13:55:30.378+0000] {dag.py:4180} INFO - Setting next_dagrun for latest_only_with_trigger to 2024-09-25 08:00:00+00:00, run_after=2024-09-25 12:00:00+00:00
[2024-09-25T13:55:30.393+0000] {processor.py:208} INFO - Processing /home/airflow/.local/lib/python3.12/site-packages/airflow/example_dags/example_latest_only_with_trigger.py took 0.068 seconds
[2024-09-25T13:56:00.613+0000] {processor.py:186} INFO - Started process (PID=1757) to work on /home/airflow/.local/lib/python3.12/site-packages/airflow/example_dags/example_latest_only_with_trigger.py
[2024-09-25T13:56:00.613+0000] {processor.py:914} INFO - Processing file /home/airflow/.local/lib/python3.12/site-packages/airflow/example_dags/example_latest_only_with_trigger.py for tasks to queue
[2024-09-25T13:56:00.615+0000] {logging_mixin.py:190} INFO - [2024-09-25T13:56:00.615+0000] {dagbag.py:588} INFO - Filling up the DagBag from /home/airflow/.local/lib/python3.12/site-packages/airflow/example_dags/example_latest_only_with_trigger.py
[2024-09-25T13:56:00.621+0000] {processor.py:925} INFO - DAG(s) 'latest_only_with_trigger' retrieved from /home/airflow/.local/lib/python3.12/site-packages/airflow/example_dags/example_latest_only_with_trigger.py
[2024-09-25T13:56:00.638+0000] {logging_mixin.py:190} INFO - [2024-09-25T13:56:00.638+0000] {dag.py:3239} INFO - Sync 1 DAGs
[2024-09-25T13:56:00.658+0000] {logging_mixin.py:190} INFO - [2024-09-25T13:56:00.658+0000] {dag.py:4180} INFO - Setting next_dagrun for latest_only_with_trigger to 2024-09-25 08:00:00+00:00, run_after=2024-09-25 12:00:00+00:00
[2024-09-25T13:56:00.674+0000] {processor.py:208} INFO - Processing /home/airflow/.local/lib/python3.12/site-packages/airflow/example_dags/example_latest_only_with_trigger.py took 0.067 seconds
[2024-09-25T13:56:30.861+0000] {processor.py:186} INFO - Started process (PID=2043) to work on /home/airflow/.local/lib/python3.12/site-packages/airflow/example_dags/example_latest_only_with_trigger.py
[2024-09-25T13:56:30.861+0000] {processor.py:914} INFO - Processing file /home/airflow/.local/lib/python3.12/site-packages/airflow/example_dags/example_latest_only_with_trigger.py for tasks to queue
[2024-09-25T13:56:30.863+0000] {logging_mixin.py:190} INFO - [2024-09-25T13:56:30.863+0000] {dagbag.py:588} INFO - Filling up the DagBag from /home/airflow/.local/lib/python3.12/site-packages/airflow/example_dags/example_latest_only_with_trigger.py
[2024-09-25T13:56:30.870+0000] {processor.py:925} INFO - DAG(s) 'latest_only_with_trigger' retrieved from /home/airflow/.local/lib/python3.12/site-packages/airflow/example_dags/example_latest_only_with_trigger.py
[2024-09-25T13:56:30.887+0000] {logging_mixin.py:190} INFO - [2024-09-25T13:56:30.887+0000] {dag.py:3239} INFO - Sync 1 DAGs
[2024-09-25T13:56:30.907+0000] {logging_mixin.py:190} INFO - [2024-09-25T13:56:30.907+0000] {dag.py:4180} INFO - Setting next_dagrun for latest_only_with_trigger to 2024-09-25 08:00:00+00:00, run_after=2024-09-25 12:00:00+00:00
[2024-09-25T13:56:30.922+0000] {processor.py:208} INFO - Processing /home/airflow/.local/lib/python3.12/site-packages/airflow/example_dags/example_latest_only_with_trigger.py took 0.066 seconds
[2024-09-25T13:57:01.319+0000] {processor.py:186} INFO - Started process (PID=2329) to work on /home/airflow/.local/lib/python3.12/site-packages/airflow/example_dags/example_latest_only_with_trigger.py
[2024-09-25T13:57:01.320+0000] {processor.py:914} INFO - Processing file /home/airflow/.local/lib/python3.12/site-packages/airflow/example_dags/example_latest_only_with_trigger.py for tasks to queue
[2024-09-25T13:57:01.322+0000] {logging_mixin.py:190} INFO - [2024-09-25T13:57:01.321+0000] {dagbag.py:588} INFO - Filling up the DagBag from /home/airflow/.local/lib/python3.12/site-packages/airflow/example_dags/example_latest_only_with_trigger.py
[2024-09-25T13:57:01.328+0000] {processor.py:925} INFO - DAG(s) 'latest_only_with_trigger' retrieved from /home/airflow/.local/lib/python3.12/site-packages/airflow/example_dags/example_latest_only_with_trigger.py
[2024-09-25T13:57:01.346+0000] {logging_mixin.py:190} INFO - [2024-09-25T13:57:01.346+0000] {dag.py:3239} INFO - Sync 1 DAGs
[2024-09-25T13:57:01.369+0000] {logging_mixin.py:190} INFO - [2024-09-25T13:57:01.369+0000] {dag.py:4180} INFO - Setting next_dagrun for latest_only_with_trigger to 2024-09-25 08:00:00+00:00, run_after=2024-09-25 12:00:00+00:00
[2024-09-25T13:57:01.383+0000] {processor.py:208} INFO - Processing /home/airflow/.local/lib/python3.12/site-packages/airflow/example_dags/example_latest_only_with_trigger.py took 0.069 seconds
[2024-09-25T13:57:31.556+0000] {processor.py:186} INFO - Started process (PID=2616) to work on /home/airflow/.local/lib/python3.12/site-packages/airflow/example_dags/example_latest_only_with_trigger.py
[2024-09-25T13:57:31.557+0000] {processor.py:914} INFO - Processing file /home/airflow/.local/lib/python3.12/site-packages/airflow/example_dags/example_latest_only_with_trigger.py for tasks to queue
[2024-09-25T13:57:31.558+0000] {logging_mixin.py:190} INFO - [2024-09-25T13:57:31.558+0000] {dagbag.py:588} INFO - Filling up the DagBag from /home/airflow/.local/lib/python3.12/site-packages/airflow/example_dags/example_latest_only_with_trigger.py
[2024-09-25T13:57:31.564+0000] {processor.py:925} INFO - DAG(s) 'latest_only_with_trigger' retrieved from /home/airflow/.local/lib/python3.12/site-packages/airflow/example_dags/example_latest_only_with_trigger.py
[2024-09-25T13:57:31.581+0000] {logging_mixin.py:190} INFO - [2024-09-25T13:57:31.581+0000] {dag.py:3239} INFO - Sync 1 DAGs
[2024-09-25T13:57:31.601+0000] {logging_mixin.py:190} INFO - [2024-09-25T13:57:31.601+0000] {dag.py:4180} INFO - Setting next_dagrun for latest_only_with_trigger to 2024-09-25 08:00:00+00:00, run_after=2024-09-25 12:00:00+00:00
[2024-09-25T13:57:31.618+0000] {processor.py:208} INFO - Processing /home/airflow/.local/lib/python3.12/site-packages/airflow/example_dags/example_latest_only_with_trigger.py took 0.067 seconds
[2024-09-25T13:58:01.800+0000] {processor.py:186} INFO - Started process (PID=2902) to work on /home/airflow/.local/lib/python3.12/site-packages/airflow/example_dags/example_latest_only_with_trigger.py
[2024-09-25T13:58:01.802+0000] {processor.py:914} INFO - Processing file /home/airflow/.local/lib/python3.12/site-packages/airflow/example_dags/example_latest_only_with_trigger.py for tasks to queue
[2024-09-25T13:58:01.804+0000] {logging_mixin.py:190} INFO - [2024-09-25T13:58:01.803+0000] {dagbag.py:588} INFO - Filling up the DagBag from /home/airflow/.local/lib/python3.12/site-packages/airflow/example_dags/example_latest_only_with_trigger.py
[2024-09-25T13:58:01.812+0000] {processor.py:925} INFO - DAG(s) 'latest_only_with_trigger' retrieved from /home/airflow/.local/lib/python3.12/site-packages/airflow/example_dags/example_latest_only_with_trigger.py
[2024-09-25T13:58:01.829+0000] {logging_mixin.py:190} INFO - [2024-09-25T13:58:01.829+0000] {dag.py:3239} INFO - Sync 1 DAGs
[2024-09-25T13:58:01.849+0000] {logging_mixin.py:190} INFO - [2024-09-25T13:58:01.849+0000] {dag.py:4180} INFO - Setting next_dagrun for latest_only_with_trigger to 2024-09-25 08:00:00+00:00, run_after=2024-09-25 12:00:00+00:00
[2024-09-25T13:58:01.864+0000] {processor.py:208} INFO - Processing /home/airflow/.local/lib/python3.12/site-packages/airflow/example_dags/example_latest_only_with_trigger.py took 0.069 seconds
[2024-09-25T13:58:32.144+0000] {processor.py:186} INFO - Started process (PID=3202) to work on /home/airflow/.local/lib/python3.12/site-packages/airflow/example_dags/example_latest_only_with_trigger.py
[2024-09-25T13:58:32.145+0000] {processor.py:914} INFO - Processing file /home/airflow/.local/lib/python3.12/site-packages/airflow/example_dags/example_latest_only_with_trigger.py for tasks to queue
[2024-09-25T13:58:32.147+0000] {logging_mixin.py:190} INFO - [2024-09-25T13:58:32.147+0000] {dagbag.py:588} INFO - Filling up the DagBag from /home/airflow/.local/lib/python3.12/site-packages/airflow/example_dags/example_latest_only_with_trigger.py
[2024-09-25T13:58:32.154+0000] {processor.py:925} INFO - DAG(s) 'latest_only_with_trigger' retrieved from /home/airflow/.local/lib/python3.12/site-packages/airflow/example_dags/example_latest_only_with_trigger.py
[2024-09-25T13:58:32.171+0000] {logging_mixin.py:190} INFO - [2024-09-25T13:58:32.170+0000] {dag.py:3239} INFO - Sync 1 DAGs
[2024-09-25T13:58:32.194+0000] {logging_mixin.py:190} INFO - [2024-09-25T13:58:32.193+0000] {dag.py:4180} INFO - Setting next_dagrun for latest_only_with_trigger to 2024-09-25 08:00:00+00:00, run_after=2024-09-25 12:00:00+00:00
[2024-09-25T13:58:32.209+0000] {processor.py:208} INFO - Processing /home/airflow/.local/lib/python3.12/site-packages/airflow/example_dags/example_latest_only_with_trigger.py took 0.071 seconds
[2024-09-25T13:59:02.429+0000] {processor.py:186} INFO - Started process (PID=3488) to work on /home/airflow/.local/lib/python3.12/site-packages/airflow/example_dags/example_latest_only_with_trigger.py
[2024-09-25T13:59:02.430+0000] {processor.py:914} INFO - Processing file /home/airflow/.local/lib/python3.12/site-packages/airflow/example_dags/example_latest_only_with_trigger.py for tasks to queue
[2024-09-25T13:59:02.432+0000] {logging_mixin.py:190} INFO - [2024-09-25T13:59:02.431+0000] {dagbag.py:588} INFO - Filling up the DagBag from /home/airflow/.local/lib/python3.12/site-packages/airflow/example_dags/example_latest_only_with_trigger.py
[2024-09-25T13:59:02.438+0000] {processor.py:925} INFO - DAG(s) 'latest_only_with_trigger' retrieved from /home/airflow/.local/lib/python3.12/site-packages/airflow/example_dags/example_latest_only_with_trigger.py
[2024-09-25T13:59:02.455+0000] {logging_mixin.py:190} INFO - [2024-09-25T13:59:02.455+0000] {dag.py:3239} INFO - Sync 1 DAGs
[2024-09-25T13:59:02.475+0000] {logging_mixin.py:190} INFO - [2024-09-25T13:59:02.475+0000] {dag.py:4180} INFO - Setting next_dagrun for latest_only_with_trigger to 2024-09-25 08:00:00+00:00, run_after=2024-09-25 12:00:00+00:00
[2024-09-25T13:59:02.491+0000] {processor.py:208} INFO - Processing /home/airflow/.local/lib/python3.12/site-packages/airflow/example_dags/example_latest_only_with_trigger.py took 0.067 seconds
[2024-09-25T13:59:32.792+0000] {processor.py:186} INFO - Started process (PID=3774) to work on /home/airflow/.local/lib/python3.12/site-packages/airflow/example_dags/example_latest_only_with_trigger.py
[2024-09-25T13:59:32.793+0000] {processor.py:914} INFO - Processing file /home/airflow/.local/lib/python3.12/site-packages/airflow/example_dags/example_latest_only_with_trigger.py for tasks to queue
[2024-09-25T13:59:32.795+0000] {logging_mixin.py:190} INFO - [2024-09-25T13:59:32.795+0000] {dagbag.py:588} INFO - Filling up the DagBag from /home/airflow/.local/lib/python3.12/site-packages/airflow/example_dags/example_latest_only_with_trigger.py
[2024-09-25T13:59:32.801+0000] {processor.py:925} INFO - DAG(s) 'latest_only_with_trigger' retrieved from /home/airflow/.local/lib/python3.12/site-packages/airflow/example_dags/example_latest_only_with_trigger.py
[2024-09-25T13:59:32.817+0000] {logging_mixin.py:190} INFO - [2024-09-25T13:59:32.817+0000] {dag.py:3239} INFO - Sync 1 DAGs
[2024-09-25T13:59:32.838+0000] {logging_mixin.py:190} INFO - [2024-09-25T13:59:32.838+0000] {dag.py:4180} INFO - Setting next_dagrun for latest_only_with_trigger to 2024-09-25 08:00:00+00:00, run_after=2024-09-25 12:00:00+00:00
[2024-09-25T13:59:32.854+0000] {processor.py:208} INFO - Processing /home/airflow/.local/lib/python3.12/site-packages/airflow/example_dags/example_latest_only_with_trigger.py took 0.066 seconds
[2024-09-25T14:00:02.973+0000] {processor.py:186} INFO - Started process (PID=4055) to work on /home/airflow/.local/lib/python3.12/site-packages/airflow/example_dags/example_latest_only_with_trigger.py
[2024-09-25T14:00:02.974+0000] {processor.py:914} INFO - Processing file /home/airflow/.local/lib/python3.12/site-packages/airflow/example_dags/example_latest_only_with_trigger.py for tasks to queue
[2024-09-25T14:00:02.976+0000] {logging_mixin.py:190} INFO - [2024-09-25T14:00:02.976+0000] {dagbag.py:588} INFO - Filling up the DagBag from /home/airflow/.local/lib/python3.12/site-packages/airflow/example_dags/example_latest_only_with_trigger.py
[2024-09-25T14:00:02.983+0000] {processor.py:925} INFO - DAG(s) 'latest_only_with_trigger' retrieved from /home/airflow/.local/lib/python3.12/site-packages/airflow/example_dags/example_latest_only_with_trigger.py
[2024-09-25T14:00:03.001+0000] {logging_mixin.py:190} INFO - [2024-09-25T14:00:03.000+0000] {dag.py:3239} INFO - Sync 1 DAGs
[2024-09-25T14:00:03.021+0000] {logging_mixin.py:190} INFO - [2024-09-25T14:00:03.020+0000] {dag.py:4180} INFO - Setting next_dagrun for latest_only_with_trigger to 2024-09-25 08:00:00+00:00, run_after=2024-09-25 12:00:00+00:00
[2024-09-25T14:00:03.036+0000] {processor.py:208} INFO - Processing /home/airflow/.local/lib/python3.12/site-packages/airflow/example_dags/example_latest_only_with_trigger.py took 0.070 seconds
[2024-09-25T14:00:33.215+0000] {processor.py:186} INFO - Started process (PID=4341) to work on /home/airflow/.local/lib/python3.12/site-packages/airflow/example_dags/example_latest_only_with_trigger.py
[2024-09-25T14:00:33.215+0000] {processor.py:914} INFO - Processing file /home/airflow/.local/lib/python3.12/site-packages/airflow/example_dags/example_latest_only_with_trigger.py for tasks to queue
[2024-09-25T14:00:33.217+0000] {logging_mixin.py:190} INFO - [2024-09-25T14:00:33.217+0000] {dagbag.py:588} INFO - Filling up the DagBag from /home/airflow/.local/lib/python3.12/site-packages/airflow/example_dags/example_latest_only_with_trigger.py
[2024-09-25T14:00:33.223+0000] {processor.py:925} INFO - DAG(s) 'latest_only_with_trigger' retrieved from /home/airflow/.local/lib/python3.12/site-packages/airflow/example_dags/example_latest_only_with_trigger.py
[2024-09-25T14:00:33.240+0000] {logging_mixin.py:190} INFO - [2024-09-25T14:00:33.239+0000] {dag.py:3239} INFO - Sync 1 DAGs
[2024-09-25T14:00:33.259+0000] {logging_mixin.py:190} INFO - [2024-09-25T14:00:33.259+0000] {dag.py:4180} INFO - Setting next_dagrun for latest_only_with_trigger to 2024-09-25 08:00:00+00:00, run_after=2024-09-25 12:00:00+00:00
[2024-09-25T14:00:33.275+0000] {processor.py:208} INFO - Processing /home/airflow/.local/lib/python3.12/site-packages/airflow/example_dags/example_latest_only_with_trigger.py took 0.065 seconds
[2024-09-25T14:01:03.470+0000] {processor.py:186} INFO - Started process (PID=4627) to work on /home/airflow/.local/lib/python3.12/site-packages/airflow/example_dags/example_latest_only_with_trigger.py
[2024-09-25T14:01:03.471+0000] {processor.py:914} INFO - Processing file /home/airflow/.local/lib/python3.12/site-packages/airflow/example_dags/example_latest_only_with_trigger.py for tasks to queue
[2024-09-25T14:01:03.472+0000] {logging_mixin.py:190} INFO - [2024-09-25T14:01:03.472+0000] {dagbag.py:588} INFO - Filling up the DagBag from /home/airflow/.local/lib/python3.12/site-packages/airflow/example_dags/example_latest_only_with_trigger.py
[2024-09-25T14:01:03.478+0000] {processor.py:925} INFO - DAG(s) 'latest_only_with_trigger' retrieved from /home/airflow/.local/lib/python3.12/site-packages/airflow/example_dags/example_latest_only_with_trigger.py
[2024-09-25T14:01:03.494+0000] {logging_mixin.py:190} INFO - [2024-09-25T14:01:03.494+0000] {dag.py:3239} INFO - Sync 1 DAGs
[2024-09-25T14:01:03.518+0000] {logging_mixin.py:190} INFO - [2024-09-25T14:01:03.518+0000] {dag.py:4180} INFO - Setting next_dagrun for latest_only_with_trigger to 2024-09-25 08:00:00+00:00, run_after=2024-09-25 12:00:00+00:00
[2024-09-25T14:01:03.534+0000] {processor.py:208} INFO - Processing /home/airflow/.local/lib/python3.12/site-packages/airflow/example_dags/example_latest_only_with_trigger.py took 0.069 seconds
[2024-09-25T14:01:34.677+0000] {processor.py:186} INFO - Started process (PID=4918) to work on /home/airflow/.local/lib/python3.12/site-packages/airflow/example_dags/example_latest_only_with_trigger.py
[2024-09-25T14:01:34.677+0000] {processor.py:914} INFO - Processing file /home/airflow/.local/lib/python3.12/site-packages/airflow/example_dags/example_latest_only_with_trigger.py for tasks to queue
[2024-09-25T14:01:34.679+0000] {logging_mixin.py:190} INFO - [2024-09-25T14:01:34.679+0000] {dagbag.py:588} INFO - Filling up the DagBag from /home/airflow/.local/lib/python3.12/site-packages/airflow/example_dags/example_latest_only_with_trigger.py
[2024-09-25T14:01:34.686+0000] {processor.py:925} INFO - DAG(s) 'latest_only_with_trigger' retrieved from /home/airflow/.local/lib/python3.12/site-packages/airflow/example_dags/example_latest_only_with_trigger.py
[2024-09-25T14:01:34.703+0000] {logging_mixin.py:190} INFO - [2024-09-25T14:01:34.703+0000] {dag.py:3239} INFO - Sync 1 DAGs
[2024-09-25T14:01:34.723+0000] {logging_mixin.py:190} INFO - [2024-09-25T14:01:34.723+0000] {dag.py:4180} INFO - Setting next_dagrun for latest_only_with_trigger to 2024-09-25 08:00:00+00:00, run_after=2024-09-25 12:00:00+00:00
[2024-09-25T14:01:34.739+0000] {processor.py:208} INFO - Processing /home/airflow/.local/lib/python3.12/site-packages/airflow/example_dags/example_latest_only_with_trigger.py took 0.067 seconds
[2024-09-25T14:02:05.823+0000] {processor.py:186} INFO - Started process (PID=5204) to work on /home/airflow/.local/lib/python3.12/site-packages/airflow/example_dags/example_latest_only_with_trigger.py
[2024-09-25T14:02:05.824+0000] {processor.py:914} INFO - Processing file /home/airflow/.local/lib/python3.12/site-packages/airflow/example_dags/example_latest_only_with_trigger.py for tasks to queue
[2024-09-25T14:02:05.826+0000] {logging_mixin.py:190} INFO - [2024-09-25T14:02:05.826+0000] {dagbag.py:588} INFO - Filling up the DagBag from /home/airflow/.local/lib/python3.12/site-packages/airflow/example_dags/example_latest_only_with_trigger.py
[2024-09-25T14:02:05.832+0000] {processor.py:925} INFO - DAG(s) 'latest_only_with_trigger' retrieved from /home/airflow/.local/lib/python3.12/site-packages/airflow/example_dags/example_latest_only_with_trigger.py
[2024-09-25T14:02:05.849+0000] {logging_mixin.py:190} INFO - [2024-09-25T14:02:05.849+0000] {dag.py:3239} INFO - Sync 1 DAGs
[2024-09-25T14:02:05.870+0000] {logging_mixin.py:190} INFO - [2024-09-25T14:02:05.870+0000] {dag.py:4180} INFO - Setting next_dagrun for latest_only_with_trigger to 2024-09-25 08:00:00+00:00, run_after=2024-09-25 12:00:00+00:00
[2024-09-25T14:02:05.885+0000] {processor.py:208} INFO - Processing /home/airflow/.local/lib/python3.12/site-packages/airflow/example_dags/example_latest_only_with_trigger.py took 0.067 seconds
[2024-09-25T14:03:07.800+0000] {processor.py:186} INFO - Started process (PID=299) to work on /home/airflow/.local/lib/python3.12/site-packages/airflow/example_dags/example_latest_only_with_trigger.py
[2024-09-25T14:03:07.801+0000] {processor.py:914} INFO - Processing file /home/airflow/.local/lib/python3.12/site-packages/airflow/example_dags/example_latest_only_with_trigger.py for tasks to queue
[2024-09-25T14:03:07.803+0000] {logging_mixin.py:190} INFO - [2024-09-25T14:03:07.803+0000] {dagbag.py:588} INFO - Filling up the DagBag from /home/airflow/.local/lib/python3.12/site-packages/airflow/example_dags/example_latest_only_with_trigger.py
[2024-09-25T14:03:07.809+0000] {processor.py:925} INFO - DAG(s) 'latest_only_with_trigger' retrieved from /home/airflow/.local/lib/python3.12/site-packages/airflow/example_dags/example_latest_only_with_trigger.py
[2024-09-25T14:03:07.832+0000] {logging_mixin.py:190} INFO - [2024-09-25T14:03:07.832+0000] {dag.py:3239} INFO - Sync 1 DAGs
[2024-09-25T14:03:07.853+0000] {logging_mixin.py:190} INFO - [2024-09-25T14:03:07.853+0000] {dag.py:4180} INFO - Setting next_dagrun for latest_only_with_trigger to 2024-09-25 08:00:00+00:00, run_after=2024-09-25 12:00:00+00:00
[2024-09-25T14:03:07.869+0000] {processor.py:208} INFO - Processing /home/airflow/.local/lib/python3.12/site-packages/airflow/example_dags/example_latest_only_with_trigger.py took 0.073 seconds
[2024-09-25T14:03:37.970+0000] {processor.py:186} INFO - Started process (PID=603) to work on /home/airflow/.local/lib/python3.12/site-packages/airflow/example_dags/example_latest_only_with_trigger.py
[2024-09-25T14:03:37.971+0000] {processor.py:914} INFO - Processing file /home/airflow/.local/lib/python3.12/site-packages/airflow/example_dags/example_latest_only_with_trigger.py for tasks to queue
[2024-09-25T14:03:37.973+0000] {logging_mixin.py:190} INFO - [2024-09-25T14:03:37.972+0000] {dagbag.py:588} INFO - Filling up the DagBag from /home/airflow/.local/lib/python3.12/site-packages/airflow/example_dags/example_latest_only_with_trigger.py
[2024-09-25T14:03:37.978+0000] {processor.py:925} INFO - DAG(s) 'latest_only_with_trigger' retrieved from /home/airflow/.local/lib/python3.12/site-packages/airflow/example_dags/example_latest_only_with_trigger.py
[2024-09-25T14:03:37.994+0000] {logging_mixin.py:190} INFO - [2024-09-25T14:03:37.994+0000] {dag.py:3239} INFO - Sync 1 DAGs
[2024-09-25T14:03:38.014+0000] {logging_mixin.py:190} INFO - [2024-09-25T14:03:38.014+0000] {dag.py:4180} INFO - Setting next_dagrun for latest_only_with_trigger to 2024-09-25 08:00:00+00:00, run_after=2024-09-25 12:00:00+00:00
[2024-09-25T14:03:38.031+0000] {processor.py:208} INFO - Processing /home/airflow/.local/lib/python3.12/site-packages/airflow/example_dags/example_latest_only_with_trigger.py took 0.065 seconds
