[2024-09-25T13:53:29.077+0000] {processor.py:186} INFO - Started process (PID=338) to work on /home/airflow/.local/lib/python3.12/site-packages/airflow/example_dags/example_bash_operator.py
[2024-09-25T13:53:29.078+0000] {processor.py:914} INFO - Processing file /home/airflow/.local/lib/python3.12/site-packages/airflow/example_dags/example_bash_operator.py for tasks to queue
[2024-09-25T13:53:29.080+0000] {logging_mixin.py:190} INFO - [2024-09-25T13:53:29.079+0000] {dagbag.py:588} INFO - Filling up the DagBag from /home/airflow/.local/lib/python3.12/site-packages/airflow/example_dags/example_bash_operator.py
[2024-09-25T13:53:29.092+0000] {processor.py:925} INFO - DAG(s) 'example_bash_operator' retrieved from /home/airflow/.local/lib/python3.12/site-packages/airflow/example_dags/example_bash_operator.py
[2024-09-25T13:53:29.117+0000] {logging_mixin.py:190} INFO - [2024-09-25T13:53:29.117+0000] {dag.py:3239} INFO - Sync 1 DAGs
[2024-09-25T13:53:29.139+0000] {logging_mixin.py:190} INFO - [2024-09-25T13:53:29.138+0000] {dag.py:4180} INFO - Setting next_dagrun for example_bash_operator to 2024-09-24 00:00:00+00:00, run_after=2024-09-25 00:00:00+00:00
[2024-09-25T13:53:29.156+0000] {processor.py:208} INFO - Processing /home/airflow/.local/lib/python3.12/site-packages/airflow/example_dags/example_bash_operator.py took 0.084 seconds
[2024-09-25T13:53:59.354+0000] {processor.py:186} INFO - Started process (PID=635) to work on /home/airflow/.local/lib/python3.12/site-packages/airflow/example_dags/example_bash_operator.py
[2024-09-25T13:53:59.355+0000] {processor.py:914} INFO - Processing file /home/airflow/.local/lib/python3.12/site-packages/airflow/example_dags/example_bash_operator.py for tasks to queue
[2024-09-25T13:53:59.358+0000] {logging_mixin.py:190} INFO - [2024-09-25T13:53:59.357+0000] {dagbag.py:588} INFO - Filling up the DagBag from /home/airflow/.local/lib/python3.12/site-packages/airflow/example_dags/example_bash_operator.py
[2024-09-25T13:53:59.369+0000] {processor.py:925} INFO - DAG(s) 'example_bash_operator' retrieved from /home/airflow/.local/lib/python3.12/site-packages/airflow/example_dags/example_bash_operator.py
[2024-09-25T13:53:59.391+0000] {logging_mixin.py:190} INFO - [2024-09-25T13:53:59.391+0000] {dag.py:3239} INFO - Sync 1 DAGs
[2024-09-25T13:53:59.412+0000] {logging_mixin.py:190} INFO - [2024-09-25T13:53:59.412+0000] {dag.py:4180} INFO - Setting next_dagrun for example_bash_operator to 2024-09-24 00:00:00+00:00, run_after=2024-09-25 00:00:00+00:00
[2024-09-25T13:53:59.428+0000] {processor.py:208} INFO - Processing /home/airflow/.local/lib/python3.12/site-packages/airflow/example_dags/example_bash_operator.py took 0.079 seconds
[2024-09-25T13:54:29.886+0000] {processor.py:186} INFO - Started process (PID=923) to work on /home/airflow/.local/lib/python3.12/site-packages/airflow/example_dags/example_bash_operator.py
[2024-09-25T13:54:29.887+0000] {processor.py:914} INFO - Processing file /home/airflow/.local/lib/python3.12/site-packages/airflow/example_dags/example_bash_operator.py for tasks to queue
[2024-09-25T13:54:29.889+0000] {logging_mixin.py:190} INFO - [2024-09-25T13:54:29.889+0000] {dagbag.py:588} INFO - Filling up the DagBag from /home/airflow/.local/lib/python3.12/site-packages/airflow/example_dags/example_bash_operator.py
[2024-09-25T13:54:29.900+0000] {processor.py:925} INFO - DAG(s) 'example_bash_operator' retrieved from /home/airflow/.local/lib/python3.12/site-packages/airflow/example_dags/example_bash_operator.py
[2024-09-25T13:54:29.923+0000] {logging_mixin.py:190} INFO - [2024-09-25T13:54:29.923+0000] {dag.py:3239} INFO - Sync 1 DAGs
[2024-09-25T13:54:29.945+0000] {logging_mixin.py:190} INFO - [2024-09-25T13:54:29.945+0000] {dag.py:4180} INFO - Setting next_dagrun for example_bash_operator to 2024-09-24 00:00:00+00:00, run_after=2024-09-25 00:00:00+00:00
[2024-09-25T13:54:29.961+0000] {processor.py:208} INFO - Processing /home/airflow/.local/lib/python3.12/site-packages/airflow/example_dags/example_bash_operator.py took 0.080 seconds
[2024-09-25T13:55:00.333+0000] {processor.py:186} INFO - Started process (PID=1207) to work on /home/airflow/.local/lib/python3.12/site-packages/airflow/example_dags/example_bash_operator.py
[2024-09-25T13:55:00.334+0000] {processor.py:914} INFO - Processing file /home/airflow/.local/lib/python3.12/site-packages/airflow/example_dags/example_bash_operator.py for tasks to queue
[2024-09-25T13:55:00.335+0000] {logging_mixin.py:190} INFO - [2024-09-25T13:55:00.335+0000] {dagbag.py:588} INFO - Filling up the DagBag from /home/airflow/.local/lib/python3.12/site-packages/airflow/example_dags/example_bash_operator.py
[2024-09-25T13:55:00.346+0000] {processor.py:925} INFO - DAG(s) 'example_bash_operator' retrieved from /home/airflow/.local/lib/python3.12/site-packages/airflow/example_dags/example_bash_operator.py
[2024-09-25T13:55:00.371+0000] {logging_mixin.py:190} INFO - [2024-09-25T13:55:00.370+0000] {dag.py:3239} INFO - Sync 1 DAGs
[2024-09-25T13:55:00.392+0000] {logging_mixin.py:190} INFO - [2024-09-25T13:55:00.391+0000] {dag.py:4180} INFO - Setting next_dagrun for example_bash_operator to 2024-09-24 00:00:00+00:00, run_after=2024-09-25 00:00:00+00:00
[2024-09-25T13:55:00.406+0000] {processor.py:208} INFO - Processing /home/airflow/.local/lib/python3.12/site-packages/airflow/example_dags/example_bash_operator.py took 0.078 seconds
[2024-09-25T13:55:30.622+0000] {processor.py:186} INFO - Started process (PID=1493) to work on /home/airflow/.local/lib/python3.12/site-packages/airflow/example_dags/example_bash_operator.py
[2024-09-25T13:55:30.623+0000] {processor.py:914} INFO - Processing file /home/airflow/.local/lib/python3.12/site-packages/airflow/example_dags/example_bash_operator.py for tasks to queue
[2024-09-25T13:55:30.625+0000] {logging_mixin.py:190} INFO - [2024-09-25T13:55:30.625+0000] {dagbag.py:588} INFO - Filling up the DagBag from /home/airflow/.local/lib/python3.12/site-packages/airflow/example_dags/example_bash_operator.py
[2024-09-25T13:55:30.636+0000] {processor.py:925} INFO - DAG(s) 'example_bash_operator' retrieved from /home/airflow/.local/lib/python3.12/site-packages/airflow/example_dags/example_bash_operator.py
[2024-09-25T13:55:30.659+0000] {logging_mixin.py:190} INFO - [2024-09-25T13:55:30.659+0000] {dag.py:3239} INFO - Sync 1 DAGs
[2024-09-25T13:55:30.681+0000] {logging_mixin.py:190} INFO - [2024-09-25T13:55:30.680+0000] {dag.py:4180} INFO - Setting next_dagrun for example_bash_operator to 2024-09-24 00:00:00+00:00, run_after=2024-09-25 00:00:00+00:00
[2024-09-25T13:55:30.696+0000] {processor.py:208} INFO - Processing /home/airflow/.local/lib/python3.12/site-packages/airflow/example_dags/example_bash_operator.py took 0.079 seconds
[2024-09-25T13:56:00.896+0000] {processor.py:186} INFO - Started process (PID=1787) to work on /home/airflow/.local/lib/python3.12/site-packages/airflow/example_dags/example_bash_operator.py
[2024-09-25T13:56:00.897+0000] {processor.py:914} INFO - Processing file /home/airflow/.local/lib/python3.12/site-packages/airflow/example_dags/example_bash_operator.py for tasks to queue
[2024-09-25T13:56:00.899+0000] {logging_mixin.py:190} INFO - [2024-09-25T13:56:00.899+0000] {dagbag.py:588} INFO - Filling up the DagBag from /home/airflow/.local/lib/python3.12/site-packages/airflow/example_dags/example_bash_operator.py
[2024-09-25T13:56:00.910+0000] {processor.py:925} INFO - DAG(s) 'example_bash_operator' retrieved from /home/airflow/.local/lib/python3.12/site-packages/airflow/example_dags/example_bash_operator.py
[2024-09-25T13:56:00.933+0000] {logging_mixin.py:190} INFO - [2024-09-25T13:56:00.933+0000] {dag.py:3239} INFO - Sync 1 DAGs
[2024-09-25T13:56:00.954+0000] {logging_mixin.py:190} INFO - [2024-09-25T13:56:00.954+0000] {dag.py:4180} INFO - Setting next_dagrun for example_bash_operator to 2024-09-24 00:00:00+00:00, run_after=2024-09-25 00:00:00+00:00
[2024-09-25T13:56:00.969+0000] {processor.py:208} INFO - Processing /home/airflow/.local/lib/python3.12/site-packages/airflow/example_dags/example_bash_operator.py took 0.078 seconds
[2024-09-25T13:56:31.166+0000] {processor.py:186} INFO - Started process (PID=2073) to work on /home/airflow/.local/lib/python3.12/site-packages/airflow/example_dags/example_bash_operator.py
[2024-09-25T13:56:31.168+0000] {processor.py:914} INFO - Processing file /home/airflow/.local/lib/python3.12/site-packages/airflow/example_dags/example_bash_operator.py for tasks to queue
[2024-09-25T13:56:31.172+0000] {logging_mixin.py:190} INFO - [2024-09-25T13:56:31.171+0000] {dagbag.py:588} INFO - Filling up the DagBag from /home/airflow/.local/lib/python3.12/site-packages/airflow/example_dags/example_bash_operator.py
[2024-09-25T13:56:31.188+0000] {processor.py:925} INFO - DAG(s) 'example_bash_operator' retrieved from /home/airflow/.local/lib/python3.12/site-packages/airflow/example_dags/example_bash_operator.py
[2024-09-25T13:56:31.213+0000] {logging_mixin.py:190} INFO - [2024-09-25T13:56:31.213+0000] {dag.py:3239} INFO - Sync 1 DAGs
[2024-09-25T13:56:31.238+0000] {logging_mixin.py:190} INFO - [2024-09-25T13:56:31.238+0000] {dag.py:4180} INFO - Setting next_dagrun for example_bash_operator to 2024-09-24 00:00:00+00:00, run_after=2024-09-25 00:00:00+00:00
[2024-09-25T13:56:31.255+0000] {processor.py:208} INFO - Processing /home/airflow/.local/lib/python3.12/site-packages/airflow/example_dags/example_bash_operator.py took 0.095 seconds
[2024-09-25T13:57:01.670+0000] {processor.py:186} INFO - Started process (PID=2361) to work on /home/airflow/.local/lib/python3.12/site-packages/airflow/example_dags/example_bash_operator.py
[2024-09-25T13:57:01.671+0000] {processor.py:914} INFO - Processing file /home/airflow/.local/lib/python3.12/site-packages/airflow/example_dags/example_bash_operator.py for tasks to queue
[2024-09-25T13:57:01.673+0000] {logging_mixin.py:190} INFO - [2024-09-25T13:57:01.673+0000] {dagbag.py:588} INFO - Filling up the DagBag from /home/airflow/.local/lib/python3.12/site-packages/airflow/example_dags/example_bash_operator.py
[2024-09-25T13:57:01.684+0000] {processor.py:925} INFO - DAG(s) 'example_bash_operator' retrieved from /home/airflow/.local/lib/python3.12/site-packages/airflow/example_dags/example_bash_operator.py
[2024-09-25T13:57:01.707+0000] {logging_mixin.py:190} INFO - [2024-09-25T13:57:01.707+0000] {dag.py:3239} INFO - Sync 1 DAGs
[2024-09-25T13:57:01.729+0000] {logging_mixin.py:190} INFO - [2024-09-25T13:57:01.728+0000] {dag.py:4180} INFO - Setting next_dagrun for example_bash_operator to 2024-09-24 00:00:00+00:00, run_after=2024-09-25 00:00:00+00:00
[2024-09-25T13:57:01.747+0000] {processor.py:208} INFO - Processing /home/airflow/.local/lib/python3.12/site-packages/airflow/example_dags/example_bash_operator.py took 0.081 seconds
[2024-09-25T13:57:31.929+0000] {processor.py:186} INFO - Started process (PID=2648) to work on /home/airflow/.local/lib/python3.12/site-packages/airflow/example_dags/example_bash_operator.py
[2024-09-25T13:57:31.930+0000] {processor.py:914} INFO - Processing file /home/airflow/.local/lib/python3.12/site-packages/airflow/example_dags/example_bash_operator.py for tasks to queue
[2024-09-25T13:57:31.932+0000] {logging_mixin.py:190} INFO - [2024-09-25T13:57:31.931+0000] {dagbag.py:588} INFO - Filling up the DagBag from /home/airflow/.local/lib/python3.12/site-packages/airflow/example_dags/example_bash_operator.py
[2024-09-25T13:57:31.943+0000] {processor.py:925} INFO - DAG(s) 'example_bash_operator' retrieved from /home/airflow/.local/lib/python3.12/site-packages/airflow/example_dags/example_bash_operator.py
[2024-09-25T13:57:31.965+0000] {logging_mixin.py:190} INFO - [2024-09-25T13:57:31.965+0000] {dag.py:3239} INFO - Sync 1 DAGs
[2024-09-25T13:57:31.986+0000] {logging_mixin.py:190} INFO - [2024-09-25T13:57:31.986+0000] {dag.py:4180} INFO - Setting next_dagrun for example_bash_operator to 2024-09-24 00:00:00+00:00, run_after=2024-09-25 00:00:00+00:00
[2024-09-25T13:57:32.002+0000] {processor.py:208} INFO - Processing /home/airflow/.local/lib/python3.12/site-packages/airflow/example_dags/example_bash_operator.py took 0.078 seconds
[2024-09-25T13:58:02.165+0000] {processor.py:186} INFO - Started process (PID=2934) to work on /home/airflow/.local/lib/python3.12/site-packages/airflow/example_dags/example_bash_operator.py
[2024-09-25T13:58:02.166+0000] {processor.py:914} INFO - Processing file /home/airflow/.local/lib/python3.12/site-packages/airflow/example_dags/example_bash_operator.py for tasks to queue
[2024-09-25T13:58:02.167+0000] {logging_mixin.py:190} INFO - [2024-09-25T13:58:02.167+0000] {dagbag.py:588} INFO - Filling up the DagBag from /home/airflow/.local/lib/python3.12/site-packages/airflow/example_dags/example_bash_operator.py
[2024-09-25T13:58:02.178+0000] {processor.py:925} INFO - DAG(s) 'example_bash_operator' retrieved from /home/airflow/.local/lib/python3.12/site-packages/airflow/example_dags/example_bash_operator.py
[2024-09-25T13:58:02.202+0000] {logging_mixin.py:190} INFO - [2024-09-25T13:58:02.202+0000] {dag.py:3239} INFO - Sync 1 DAGs
[2024-09-25T13:58:02.224+0000] {logging_mixin.py:190} INFO - [2024-09-25T13:58:02.223+0000] {dag.py:4180} INFO - Setting next_dagrun for example_bash_operator to 2024-09-24 00:00:00+00:00, run_after=2024-09-25 00:00:00+00:00
[2024-09-25T13:58:02.241+0000] {processor.py:208} INFO - Processing /home/airflow/.local/lib/python3.12/site-packages/airflow/example_dags/example_bash_operator.py took 0.081 seconds
[2024-09-25T13:58:32.547+0000] {processor.py:186} INFO - Started process (PID=3232) to work on /home/airflow/.local/lib/python3.12/site-packages/airflow/example_dags/example_bash_operator.py
[2024-09-25T13:58:32.548+0000] {processor.py:914} INFO - Processing file /home/airflow/.local/lib/python3.12/site-packages/airflow/example_dags/example_bash_operator.py for tasks to queue
[2024-09-25T13:58:32.549+0000] {logging_mixin.py:190} INFO - [2024-09-25T13:58:32.549+0000] {dagbag.py:588} INFO - Filling up the DagBag from /home/airflow/.local/lib/python3.12/site-packages/airflow/example_dags/example_bash_operator.py
[2024-09-25T13:58:32.561+0000] {processor.py:925} INFO - DAG(s) 'example_bash_operator' retrieved from /home/airflow/.local/lib/python3.12/site-packages/airflow/example_dags/example_bash_operator.py
[2024-09-25T13:58:32.584+0000] {logging_mixin.py:190} INFO - [2024-09-25T13:58:32.584+0000] {dag.py:3239} INFO - Sync 1 DAGs
[2024-09-25T13:58:32.605+0000] {logging_mixin.py:190} INFO - [2024-09-25T13:58:32.605+0000] {dag.py:4180} INFO - Setting next_dagrun for example_bash_operator to 2024-09-24 00:00:00+00:00, run_after=2024-09-25 00:00:00+00:00
[2024-09-25T13:58:32.621+0000] {processor.py:208} INFO - Processing /home/airflow/.local/lib/python3.12/site-packages/airflow/example_dags/example_bash_operator.py took 0.079 seconds
[2024-09-25T13:59:02.797+0000] {processor.py:186} INFO - Started process (PID=3518) to work on /home/airflow/.local/lib/python3.12/site-packages/airflow/example_dags/example_bash_operator.py
[2024-09-25T13:59:02.798+0000] {processor.py:914} INFO - Processing file /home/airflow/.local/lib/python3.12/site-packages/airflow/example_dags/example_bash_operator.py for tasks to queue
[2024-09-25T13:59:02.800+0000] {logging_mixin.py:190} INFO - [2024-09-25T13:59:02.799+0000] {dagbag.py:588} INFO - Filling up the DagBag from /home/airflow/.local/lib/python3.12/site-packages/airflow/example_dags/example_bash_operator.py
[2024-09-25T13:59:02.811+0000] {processor.py:925} INFO - DAG(s) 'example_bash_operator' retrieved from /home/airflow/.local/lib/python3.12/site-packages/airflow/example_dags/example_bash_operator.py
[2024-09-25T13:59:02.836+0000] {logging_mixin.py:190} INFO - [2024-09-25T13:59:02.835+0000] {dag.py:3239} INFO - Sync 1 DAGs
[2024-09-25T13:59:02.857+0000] {logging_mixin.py:190} INFO - [2024-09-25T13:59:02.857+0000] {dag.py:4180} INFO - Setting next_dagrun for example_bash_operator to 2024-09-24 00:00:00+00:00, run_after=2024-09-25 00:00:00+00:00
[2024-09-25T13:59:02.871+0000] {processor.py:208} INFO - Processing /home/airflow/.local/lib/python3.12/site-packages/airflow/example_dags/example_bash_operator.py took 0.079 seconds
[2024-09-25T13:59:33.172+0000] {processor.py:186} INFO - Started process (PID=3806) to work on /home/airflow/.local/lib/python3.12/site-packages/airflow/example_dags/example_bash_operator.py
[2024-09-25T13:59:33.172+0000] {processor.py:914} INFO - Processing file /home/airflow/.local/lib/python3.12/site-packages/airflow/example_dags/example_bash_operator.py for tasks to queue
[2024-09-25T13:59:33.174+0000] {logging_mixin.py:190} INFO - [2024-09-25T13:59:33.174+0000] {dagbag.py:588} INFO - Filling up the DagBag from /home/airflow/.local/lib/python3.12/site-packages/airflow/example_dags/example_bash_operator.py
[2024-09-25T13:59:33.185+0000] {processor.py:925} INFO - DAG(s) 'example_bash_operator' retrieved from /home/airflow/.local/lib/python3.12/site-packages/airflow/example_dags/example_bash_operator.py
[2024-09-25T13:59:33.208+0000] {logging_mixin.py:190} INFO - [2024-09-25T13:59:33.207+0000] {dag.py:3239} INFO - Sync 1 DAGs
[2024-09-25T13:59:33.229+0000] {logging_mixin.py:190} INFO - [2024-09-25T13:59:33.229+0000] {dag.py:4180} INFO - Setting next_dagrun for example_bash_operator to 2024-09-24 00:00:00+00:00, run_after=2024-09-25 00:00:00+00:00
[2024-09-25T13:59:33.244+0000] {processor.py:208} INFO - Processing /home/airflow/.local/lib/python3.12/site-packages/airflow/example_dags/example_bash_operator.py took 0.078 seconds
[2024-09-25T14:00:03.403+0000] {processor.py:186} INFO - Started process (PID=4092) to work on /home/airflow/.local/lib/python3.12/site-packages/airflow/example_dags/example_bash_operator.py
[2024-09-25T14:00:03.404+0000] {processor.py:914} INFO - Processing file /home/airflow/.local/lib/python3.12/site-packages/airflow/example_dags/example_bash_operator.py for tasks to queue
[2024-09-25T14:00:03.406+0000] {logging_mixin.py:190} INFO - [2024-09-25T14:00:03.405+0000] {dagbag.py:588} INFO - Filling up the DagBag from /home/airflow/.local/lib/python3.12/site-packages/airflow/example_dags/example_bash_operator.py
[2024-09-25T14:00:03.417+0000] {processor.py:925} INFO - DAG(s) 'example_bash_operator' retrieved from /home/airflow/.local/lib/python3.12/site-packages/airflow/example_dags/example_bash_operator.py
[2024-09-25T14:00:03.440+0000] {logging_mixin.py:190} INFO - [2024-09-25T14:00:03.439+0000] {dag.py:3239} INFO - Sync 1 DAGs
[2024-09-25T14:00:03.460+0000] {logging_mixin.py:190} INFO - [2024-09-25T14:00:03.460+0000] {dag.py:4180} INFO - Setting next_dagrun for example_bash_operator to 2024-09-24 00:00:00+00:00, run_after=2024-09-25 00:00:00+00:00
[2024-09-25T14:00:03.476+0000] {processor.py:208} INFO - Processing /home/airflow/.local/lib/python3.12/site-packages/airflow/example_dags/example_bash_operator.py took 0.077 seconds
[2024-09-25T14:00:33.686+0000] {processor.py:186} INFO - Started process (PID=4376) to work on /home/airflow/.local/lib/python3.12/site-packages/airflow/example_dags/example_bash_operator.py
[2024-09-25T14:00:33.687+0000] {processor.py:914} INFO - Processing file /home/airflow/.local/lib/python3.12/site-packages/airflow/example_dags/example_bash_operator.py for tasks to queue
[2024-09-25T14:00:33.689+0000] {logging_mixin.py:190} INFO - [2024-09-25T14:00:33.689+0000] {dagbag.py:588} INFO - Filling up the DagBag from /home/airflow/.local/lib/python3.12/site-packages/airflow/example_dags/example_bash_operator.py
[2024-09-25T14:00:33.705+0000] {processor.py:925} INFO - DAG(s) 'example_bash_operator' retrieved from /home/airflow/.local/lib/python3.12/site-packages/airflow/example_dags/example_bash_operator.py
[2024-09-25T14:00:33.731+0000] {logging_mixin.py:190} INFO - [2024-09-25T14:00:33.730+0000] {dag.py:3239} INFO - Sync 1 DAGs
[2024-09-25T14:00:33.753+0000] {logging_mixin.py:190} INFO - [2024-09-25T14:00:33.753+0000] {dag.py:4180} INFO - Setting next_dagrun for example_bash_operator to 2024-09-24 00:00:00+00:00, run_after=2024-09-25 00:00:00+00:00
[2024-09-25T14:00:33.769+0000] {processor.py:208} INFO - Processing /home/airflow/.local/lib/python3.12/site-packages/airflow/example_dags/example_bash_operator.py took 0.089 seconds
[2024-09-25T14:01:03.887+0000] {processor.py:186} INFO - Started process (PID=4662) to work on /home/airflow/.local/lib/python3.12/site-packages/airflow/example_dags/example_bash_operator.py
[2024-09-25T14:01:03.888+0000] {processor.py:914} INFO - Processing file /home/airflow/.local/lib/python3.12/site-packages/airflow/example_dags/example_bash_operator.py for tasks to queue
[2024-09-25T14:01:03.890+0000] {logging_mixin.py:190} INFO - [2024-09-25T14:01:03.890+0000] {dagbag.py:588} INFO - Filling up the DagBag from /home/airflow/.local/lib/python3.12/site-packages/airflow/example_dags/example_bash_operator.py
[2024-09-25T14:01:03.901+0000] {processor.py:925} INFO - DAG(s) 'example_bash_operator' retrieved from /home/airflow/.local/lib/python3.12/site-packages/airflow/example_dags/example_bash_operator.py
[2024-09-25T14:01:03.925+0000] {logging_mixin.py:190} INFO - [2024-09-25T14:01:03.925+0000] {dag.py:3239} INFO - Sync 1 DAGs
[2024-09-25T14:01:03.948+0000] {logging_mixin.py:190} INFO - [2024-09-25T14:01:03.947+0000] {dag.py:4180} INFO - Setting next_dagrun for example_bash_operator to 2024-09-24 00:00:00+00:00, run_after=2024-09-25 00:00:00+00:00
[2024-09-25T14:01:03.963+0000] {processor.py:208} INFO - Processing /home/airflow/.local/lib/python3.12/site-packages/airflow/example_dags/example_bash_operator.py took 0.080 seconds
[2024-09-25T14:01:34.985+0000] {processor.py:186} INFO - Started process (PID=4950) to work on /home/airflow/.local/lib/python3.12/site-packages/airflow/example_dags/example_bash_operator.py
[2024-09-25T14:01:34.986+0000] {processor.py:914} INFO - Processing file /home/airflow/.local/lib/python3.12/site-packages/airflow/example_dags/example_bash_operator.py for tasks to queue
[2024-09-25T14:01:34.987+0000] {logging_mixin.py:190} INFO - [2024-09-25T14:01:34.987+0000] {dagbag.py:588} INFO - Filling up the DagBag from /home/airflow/.local/lib/python3.12/site-packages/airflow/example_dags/example_bash_operator.py
[2024-09-25T14:01:34.998+0000] {processor.py:925} INFO - DAG(s) 'example_bash_operator' retrieved from /home/airflow/.local/lib/python3.12/site-packages/airflow/example_dags/example_bash_operator.py
[2024-09-25T14:01:35.022+0000] {logging_mixin.py:190} INFO - [2024-09-25T14:01:35.022+0000] {dag.py:3239} INFO - Sync 1 DAGs
[2024-09-25T14:01:35.044+0000] {logging_mixin.py:190} INFO - [2024-09-25T14:01:35.044+0000] {dag.py:4180} INFO - Setting next_dagrun for example_bash_operator to 2024-09-24 00:00:00+00:00, run_after=2024-09-25 00:00:00+00:00
[2024-09-25T14:01:35.059+0000] {processor.py:208} INFO - Processing /home/airflow/.local/lib/python3.12/site-packages/airflow/example_dags/example_bash_operator.py took 0.080 seconds
[2024-09-25T14:02:06.134+0000] {processor.py:186} INFO - Started process (PID=5236) to work on /home/airflow/.local/lib/python3.12/site-packages/airflow/example_dags/example_bash_operator.py
[2024-09-25T14:02:06.135+0000] {processor.py:914} INFO - Processing file /home/airflow/.local/lib/python3.12/site-packages/airflow/example_dags/example_bash_operator.py for tasks to queue
[2024-09-25T14:02:06.137+0000] {logging_mixin.py:190} INFO - [2024-09-25T14:02:06.136+0000] {dagbag.py:588} INFO - Filling up the DagBag from /home/airflow/.local/lib/python3.12/site-packages/airflow/example_dags/example_bash_operator.py
[2024-09-25T14:02:06.148+0000] {processor.py:925} INFO - DAG(s) 'example_bash_operator' retrieved from /home/airflow/.local/lib/python3.12/site-packages/airflow/example_dags/example_bash_operator.py
[2024-09-25T14:02:06.171+0000] {logging_mixin.py:190} INFO - [2024-09-25T14:02:06.171+0000] {dag.py:3239} INFO - Sync 1 DAGs
[2024-09-25T14:02:06.192+0000] {logging_mixin.py:190} INFO - [2024-09-25T14:02:06.192+0000] {dag.py:4180} INFO - Setting next_dagrun for example_bash_operator to 2024-09-24 00:00:00+00:00, run_after=2024-09-25 00:00:00+00:00
[2024-09-25T14:02:06.208+0000] {processor.py:208} INFO - Processing /home/airflow/.local/lib/python3.12/site-packages/airflow/example_dags/example_bash_operator.py took 0.078 seconds
[2024-09-25T14:03:08.119+0000] {processor.py:186} INFO - Started process (PID=329) to work on /home/airflow/.local/lib/python3.12/site-packages/airflow/example_dags/example_bash_operator.py
[2024-09-25T14:03:08.119+0000] {processor.py:914} INFO - Processing file /home/airflow/.local/lib/python3.12/site-packages/airflow/example_dags/example_bash_operator.py for tasks to queue
[2024-09-25T14:03:08.121+0000] {logging_mixin.py:190} INFO - [2024-09-25T14:03:08.121+0000] {dagbag.py:588} INFO - Filling up the DagBag from /home/airflow/.local/lib/python3.12/site-packages/airflow/example_dags/example_bash_operator.py
[2024-09-25T14:03:08.133+0000] {processor.py:925} INFO - DAG(s) 'example_bash_operator' retrieved from /home/airflow/.local/lib/python3.12/site-packages/airflow/example_dags/example_bash_operator.py
[2024-09-25T14:03:08.158+0000] {logging_mixin.py:190} INFO - [2024-09-25T14:03:08.158+0000] {dag.py:3239} INFO - Sync 1 DAGs
[2024-09-25T14:03:08.179+0000] {logging_mixin.py:190} INFO - [2024-09-25T14:03:08.179+0000] {dag.py:4180} INFO - Setting next_dagrun for example_bash_operator to 2024-09-24 00:00:00+00:00, run_after=2024-09-25 00:00:00+00:00
[2024-09-25T14:03:08.195+0000] {processor.py:208} INFO - Processing /home/airflow/.local/lib/python3.12/site-packages/airflow/example_dags/example_bash_operator.py took 0.081 seconds
[2024-09-25T14:03:38.294+0000] {processor.py:186} INFO - Started process (PID=633) to work on /home/airflow/.local/lib/python3.12/site-packages/airflow/example_dags/example_bash_operator.py
[2024-09-25T14:03:38.295+0000] {processor.py:914} INFO - Processing file /home/airflow/.local/lib/python3.12/site-packages/airflow/example_dags/example_bash_operator.py for tasks to queue
[2024-09-25T14:03:38.297+0000] {logging_mixin.py:190} INFO - [2024-09-25T14:03:38.297+0000] {dagbag.py:588} INFO - Filling up the DagBag from /home/airflow/.local/lib/python3.12/site-packages/airflow/example_dags/example_bash_operator.py
[2024-09-25T14:03:38.308+0000] {processor.py:925} INFO - DAG(s) 'example_bash_operator' retrieved from /home/airflow/.local/lib/python3.12/site-packages/airflow/example_dags/example_bash_operator.py
[2024-09-25T14:03:38.330+0000] {logging_mixin.py:190} INFO - [2024-09-25T14:03:38.330+0000] {dag.py:3239} INFO - Sync 1 DAGs
[2024-09-25T14:03:38.350+0000] {logging_mixin.py:190} INFO - [2024-09-25T14:03:38.350+0000] {dag.py:4180} INFO - Setting next_dagrun for example_bash_operator to 2024-09-24 00:00:00+00:00, run_after=2024-09-25 00:00:00+00:00
[2024-09-25T14:03:38.365+0000] {processor.py:208} INFO - Processing /home/airflow/.local/lib/python3.12/site-packages/airflow/example_dags/example_bash_operator.py took 0.076 seconds
