[2024-09-25T13:53:30.019+0000] {processor.py:186} INFO - Started process (PID=421) to work on /home/airflow/.local/lib/python3.12/site-packages/airflow/example_dags/example_branch_python_dop_operator_3.py
[2024-09-25T13:53:30.020+0000] {processor.py:914} INFO - Processing file /home/airflow/.local/lib/python3.12/site-packages/airflow/example_dags/example_branch_python_dop_operator_3.py for tasks to queue
[2024-09-25T13:53:30.022+0000] {logging_mixin.py:190} INFO - [2024-09-25T13:53:30.022+0000] {dagbag.py:588} INFO - Filling up the DagBag from /home/airflow/.local/lib/python3.12/site-packages/airflow/example_dags/example_branch_python_dop_operator_3.py
[2024-09-25T13:53:30.031+0000] {processor.py:925} INFO - DAG(s) 'example_branch_dop_operator_v3' retrieved from /home/airflow/.local/lib/python3.12/site-packages/airflow/example_dags/example_branch_python_dop_operator_3.py
[2024-09-25T13:53:30.048+0000] {logging_mixin.py:190} INFO - [2024-09-25T13:53:30.048+0000] {dag.py:3239} INFO - Sync 1 DAGs
[2024-09-25T13:53:30.072+0000] {logging_mixin.py:190} INFO - [2024-09-25T13:53:30.072+0000] {dag.py:4180} INFO - Setting next_dagrun for example_branch_dop_operator_v3 to 2024-09-25 13:52:00+00:00, run_after=2024-09-25 13:53:00+00:00
[2024-09-25T13:53:30.089+0000] {processor.py:208} INFO - Processing /home/airflow/.local/lib/python3.12/site-packages/airflow/example_dags/example_branch_python_dop_operator_3.py took 0.076 seconds
[2024-09-25T13:54:00.208+0000] {processor.py:186} INFO - Started process (PID=720) to work on /home/airflow/.local/lib/python3.12/site-packages/airflow/example_dags/example_branch_python_dop_operator_3.py
[2024-09-25T13:54:00.208+0000] {processor.py:914} INFO - Processing file /home/airflow/.local/lib/python3.12/site-packages/airflow/example_dags/example_branch_python_dop_operator_3.py for tasks to queue
[2024-09-25T13:54:00.210+0000] {logging_mixin.py:190} INFO - [2024-09-25T13:54:00.210+0000] {dagbag.py:588} INFO - Filling up the DagBag from /home/airflow/.local/lib/python3.12/site-packages/airflow/example_dags/example_branch_python_dop_operator_3.py
[2024-09-25T13:54:00.218+0000] {processor.py:925} INFO - DAG(s) 'example_branch_dop_operator_v3' retrieved from /home/airflow/.local/lib/python3.12/site-packages/airflow/example_dags/example_branch_python_dop_operator_3.py
[2024-09-25T13:54:00.235+0000] {logging_mixin.py:190} INFO - [2024-09-25T13:54:00.234+0000] {dag.py:3239} INFO - Sync 1 DAGs
[2024-09-25T13:54:00.257+0000] {logging_mixin.py:190} INFO - [2024-09-25T13:54:00.257+0000] {dag.py:4180} INFO - Setting next_dagrun for example_branch_dop_operator_v3 to 2024-09-25 13:53:00+00:00, run_after=2024-09-25 13:54:00+00:00
[2024-09-25T13:54:00.273+0000] {processor.py:208} INFO - Processing /home/airflow/.local/lib/python3.12/site-packages/airflow/example_dags/example_branch_python_dop_operator_3.py took 0.070 seconds
[2024-09-25T13:54:30.696+0000] {processor.py:186} INFO - Started process (PID=1006) to work on /home/airflow/.local/lib/python3.12/site-packages/airflow/example_dags/example_branch_python_dop_operator_3.py
[2024-09-25T13:54:30.697+0000] {processor.py:914} INFO - Processing file /home/airflow/.local/lib/python3.12/site-packages/airflow/example_dags/example_branch_python_dop_operator_3.py for tasks to queue
[2024-09-25T13:54:30.699+0000] {logging_mixin.py:190} INFO - [2024-09-25T13:54:30.698+0000] {dagbag.py:588} INFO - Filling up the DagBag from /home/airflow/.local/lib/python3.12/site-packages/airflow/example_dags/example_branch_python_dop_operator_3.py
[2024-09-25T13:54:30.707+0000] {processor.py:925} INFO - DAG(s) 'example_branch_dop_operator_v3' retrieved from /home/airflow/.local/lib/python3.12/site-packages/airflow/example_dags/example_branch_python_dop_operator_3.py
[2024-09-25T13:54:30.724+0000] {logging_mixin.py:190} INFO - [2024-09-25T13:54:30.723+0000] {dag.py:3239} INFO - Sync 1 DAGs
[2024-09-25T13:54:30.746+0000] {logging_mixin.py:190} INFO - [2024-09-25T13:54:30.746+0000] {dag.py:4180} INFO - Setting next_dagrun for example_branch_dop_operator_v3 to 2024-09-25 13:53:00+00:00, run_after=2024-09-25 13:54:00+00:00
[2024-09-25T13:54:30.763+0000] {processor.py:208} INFO - Processing /home/airflow/.local/lib/python3.12/site-packages/airflow/example_dags/example_branch_python_dop_operator_3.py took 0.072 seconds
[2024-09-25T13:55:01.275+0000] {processor.py:186} INFO - Started process (PID=1292) to work on /home/airflow/.local/lib/python3.12/site-packages/airflow/example_dags/example_branch_python_dop_operator_3.py
[2024-09-25T13:55:01.276+0000] {processor.py:914} INFO - Processing file /home/airflow/.local/lib/python3.12/site-packages/airflow/example_dags/example_branch_python_dop_operator_3.py for tasks to queue
[2024-09-25T13:55:01.278+0000] {logging_mixin.py:190} INFO - [2024-09-25T13:55:01.277+0000] {dagbag.py:588} INFO - Filling up the DagBag from /home/airflow/.local/lib/python3.12/site-packages/airflow/example_dags/example_branch_python_dop_operator_3.py
[2024-09-25T13:55:01.286+0000] {processor.py:925} INFO - DAG(s) 'example_branch_dop_operator_v3' retrieved from /home/airflow/.local/lib/python3.12/site-packages/airflow/example_dags/example_branch_python_dop_operator_3.py
[2024-09-25T13:55:01.303+0000] {logging_mixin.py:190} INFO - [2024-09-25T13:55:01.303+0000] {dag.py:3239} INFO - Sync 1 DAGs
[2024-09-25T13:55:01.327+0000] {logging_mixin.py:190} INFO - [2024-09-25T13:55:01.327+0000] {dag.py:4180} INFO - Setting next_dagrun for example_branch_dop_operator_v3 to 2024-09-25 13:54:00+00:00, run_after=2024-09-25 13:55:00+00:00
[2024-09-25T13:55:01.343+0000] {processor.py:208} INFO - Processing /home/airflow/.local/lib/python3.12/site-packages/airflow/example_dags/example_branch_python_dop_operator_3.py took 0.074 seconds
[2024-09-25T13:55:31.628+0000] {processor.py:186} INFO - Started process (PID=1578) to work on /home/airflow/.local/lib/python3.12/site-packages/airflow/example_dags/example_branch_python_dop_operator_3.py
[2024-09-25T13:55:31.629+0000] {processor.py:914} INFO - Processing file /home/airflow/.local/lib/python3.12/site-packages/airflow/example_dags/example_branch_python_dop_operator_3.py for tasks to queue
[2024-09-25T13:55:31.630+0000] {logging_mixin.py:190} INFO - [2024-09-25T13:55:31.630+0000] {dagbag.py:588} INFO - Filling up the DagBag from /home/airflow/.local/lib/python3.12/site-packages/airflow/example_dags/example_branch_python_dop_operator_3.py
[2024-09-25T13:55:31.639+0000] {processor.py:925} INFO - DAG(s) 'example_branch_dop_operator_v3' retrieved from /home/airflow/.local/lib/python3.12/site-packages/airflow/example_dags/example_branch_python_dop_operator_3.py
[2024-09-25T13:55:31.656+0000] {logging_mixin.py:190} INFO - [2024-09-25T13:55:31.656+0000] {dag.py:3239} INFO - Sync 1 DAGs
[2024-09-25T13:55:31.679+0000] {logging_mixin.py:190} INFO - [2024-09-25T13:55:31.679+0000] {dag.py:4180} INFO - Setting next_dagrun for example_branch_dop_operator_v3 to 2024-09-25 13:54:00+00:00, run_after=2024-09-25 13:55:00+00:00
[2024-09-25T13:55:31.694+0000] {processor.py:208} INFO - Processing /home/airflow/.local/lib/python3.12/site-packages/airflow/example_dags/example_branch_python_dop_operator_3.py took 0.072 seconds
[2024-09-25T13:56:01.842+0000] {processor.py:186} INFO - Started process (PID=1872) to work on /home/airflow/.local/lib/python3.12/site-packages/airflow/example_dags/example_branch_python_dop_operator_3.py
[2024-09-25T13:56:01.842+0000] {processor.py:914} INFO - Processing file /home/airflow/.local/lib/python3.12/site-packages/airflow/example_dags/example_branch_python_dop_operator_3.py for tasks to queue
[2024-09-25T13:56:01.844+0000] {logging_mixin.py:190} INFO - [2024-09-25T13:56:01.844+0000] {dagbag.py:588} INFO - Filling up the DagBag from /home/airflow/.local/lib/python3.12/site-packages/airflow/example_dags/example_branch_python_dop_operator_3.py
[2024-09-25T13:56:01.852+0000] {processor.py:925} INFO - DAG(s) 'example_branch_dop_operator_v3' retrieved from /home/airflow/.local/lib/python3.12/site-packages/airflow/example_dags/example_branch_python_dop_operator_3.py
[2024-09-25T13:56:01.868+0000] {logging_mixin.py:190} INFO - [2024-09-25T13:56:01.868+0000] {dag.py:3239} INFO - Sync 1 DAGs
[2024-09-25T13:56:01.892+0000] {logging_mixin.py:190} INFO - [2024-09-25T13:56:01.892+0000] {dag.py:4180} INFO - Setting next_dagrun for example_branch_dop_operator_v3 to 2024-09-25 13:55:00+00:00, run_after=2024-09-25 13:56:00+00:00
[2024-09-25T13:56:01.908+0000] {processor.py:208} INFO - Processing /home/airflow/.local/lib/python3.12/site-packages/airflow/example_dags/example_branch_python_dop_operator_3.py took 0.071 seconds
[2024-09-25T13:56:32.277+0000] {processor.py:186} INFO - Started process (PID=2160) to work on /home/airflow/.local/lib/python3.12/site-packages/airflow/example_dags/example_branch_python_dop_operator_3.py
[2024-09-25T13:56:32.278+0000] {processor.py:914} INFO - Processing file /home/airflow/.local/lib/python3.12/site-packages/airflow/example_dags/example_branch_python_dop_operator_3.py for tasks to queue
[2024-09-25T13:56:32.280+0000] {logging_mixin.py:190} INFO - [2024-09-25T13:56:32.280+0000] {dagbag.py:588} INFO - Filling up the DagBag from /home/airflow/.local/lib/python3.12/site-packages/airflow/example_dags/example_branch_python_dop_operator_3.py
[2024-09-25T13:56:32.288+0000] {processor.py:925} INFO - DAG(s) 'example_branch_dop_operator_v3' retrieved from /home/airflow/.local/lib/python3.12/site-packages/airflow/example_dags/example_branch_python_dop_operator_3.py
[2024-09-25T13:56:32.305+0000] {logging_mixin.py:190} INFO - [2024-09-25T13:56:32.305+0000] {dag.py:3239} INFO - Sync 1 DAGs
[2024-09-25T13:56:32.330+0000] {logging_mixin.py:190} INFO - [2024-09-25T13:56:32.330+0000] {dag.py:4180} INFO - Setting next_dagrun for example_branch_dop_operator_v3 to 2024-09-25 13:55:00+00:00, run_after=2024-09-25 13:56:00+00:00
[2024-09-25T13:56:32.347+0000] {processor.py:208} INFO - Processing /home/airflow/.local/lib/python3.12/site-packages/airflow/example_dags/example_branch_python_dop_operator_3.py took 0.075 seconds
[2024-09-25T13:57:02.597+0000] {processor.py:186} INFO - Started process (PID=2444) to work on /home/airflow/.local/lib/python3.12/site-packages/airflow/example_dags/example_branch_python_dop_operator_3.py
[2024-09-25T13:57:02.598+0000] {processor.py:914} INFO - Processing file /home/airflow/.local/lib/python3.12/site-packages/airflow/example_dags/example_branch_python_dop_operator_3.py for tasks to queue
[2024-09-25T13:57:02.600+0000] {logging_mixin.py:190} INFO - [2024-09-25T13:57:02.599+0000] {dagbag.py:588} INFO - Filling up the DagBag from /home/airflow/.local/lib/python3.12/site-packages/airflow/example_dags/example_branch_python_dop_operator_3.py
[2024-09-25T13:57:02.608+0000] {processor.py:925} INFO - DAG(s) 'example_branch_dop_operator_v3' retrieved from /home/airflow/.local/lib/python3.12/site-packages/airflow/example_dags/example_branch_python_dop_operator_3.py
[2024-09-25T13:57:02.624+0000] {logging_mixin.py:190} INFO - [2024-09-25T13:57:02.624+0000] {dag.py:3239} INFO - Sync 1 DAGs
[2024-09-25T13:57:02.647+0000] {logging_mixin.py:190} INFO - [2024-09-25T13:57:02.647+0000] {dag.py:4180} INFO - Setting next_dagrun for example_branch_dop_operator_v3 to 2024-09-25 13:56:00+00:00, run_after=2024-09-25 13:57:00+00:00
[2024-09-25T13:57:02.662+0000] {processor.py:208} INFO - Processing /home/airflow/.local/lib/python3.12/site-packages/airflow/example_dags/example_branch_python_dop_operator_3.py took 0.070 seconds
[2024-09-25T13:57:32.749+0000] {processor.py:186} INFO - Started process (PID=2731) to work on /home/airflow/.local/lib/python3.12/site-packages/airflow/example_dags/example_branch_python_dop_operator_3.py
[2024-09-25T13:57:32.750+0000] {processor.py:914} INFO - Processing file /home/airflow/.local/lib/python3.12/site-packages/airflow/example_dags/example_branch_python_dop_operator_3.py for tasks to queue
[2024-09-25T13:57:32.752+0000] {logging_mixin.py:190} INFO - [2024-09-25T13:57:32.751+0000] {dagbag.py:588} INFO - Filling up the DagBag from /home/airflow/.local/lib/python3.12/site-packages/airflow/example_dags/example_branch_python_dop_operator_3.py
[2024-09-25T13:57:32.761+0000] {processor.py:925} INFO - DAG(s) 'example_branch_dop_operator_v3' retrieved from /home/airflow/.local/lib/python3.12/site-packages/airflow/example_dags/example_branch_python_dop_operator_3.py
[2024-09-25T13:57:32.777+0000] {logging_mixin.py:190} INFO - [2024-09-25T13:57:32.777+0000] {dag.py:3239} INFO - Sync 1 DAGs
[2024-09-25T13:57:32.801+0000] {logging_mixin.py:190} INFO - [2024-09-25T13:57:32.800+0000] {dag.py:4180} INFO - Setting next_dagrun for example_branch_dop_operator_v3 to 2024-09-25 13:56:00+00:00, run_after=2024-09-25 13:57:00+00:00
[2024-09-25T13:57:32.816+0000] {processor.py:208} INFO - Processing /home/airflow/.local/lib/python3.12/site-packages/airflow/example_dags/example_branch_python_dop_operator_3.py took 0.073 seconds
[2024-09-25T13:58:03.168+0000] {processor.py:186} INFO - Started process (PID=3017) to work on /home/airflow/.local/lib/python3.12/site-packages/airflow/example_dags/example_branch_python_dop_operator_3.py
[2024-09-25T13:58:03.168+0000] {processor.py:914} INFO - Processing file /home/airflow/.local/lib/python3.12/site-packages/airflow/example_dags/example_branch_python_dop_operator_3.py for tasks to queue
[2024-09-25T13:58:03.170+0000] {logging_mixin.py:190} INFO - [2024-09-25T13:58:03.170+0000] {dagbag.py:588} INFO - Filling up the DagBag from /home/airflow/.local/lib/python3.12/site-packages/airflow/example_dags/example_branch_python_dop_operator_3.py
[2024-09-25T13:58:03.178+0000] {processor.py:925} INFO - DAG(s) 'example_branch_dop_operator_v3' retrieved from /home/airflow/.local/lib/python3.12/site-packages/airflow/example_dags/example_branch_python_dop_operator_3.py
[2024-09-25T13:58:03.194+0000] {logging_mixin.py:190} INFO - [2024-09-25T13:58:03.194+0000] {dag.py:3239} INFO - Sync 1 DAGs
[2024-09-25T13:58:03.217+0000] {logging_mixin.py:190} INFO - [2024-09-25T13:58:03.217+0000] {dag.py:4180} INFO - Setting next_dagrun for example_branch_dop_operator_v3 to 2024-09-25 13:57:00+00:00, run_after=2024-09-25 13:58:00+00:00
[2024-09-25T13:58:03.233+0000] {processor.py:208} INFO - Processing /home/airflow/.local/lib/python3.12/site-packages/airflow/example_dags/example_branch_python_dop_operator_3.py took 0.070 seconds
[2024-09-25T13:58:33.284+0000] {processor.py:186} INFO - Started process (PID=3312) to work on /home/airflow/.local/lib/python3.12/site-packages/airflow/example_dags/example_branch_python_dop_operator_3.py
[2024-09-25T13:58:33.285+0000] {processor.py:914} INFO - Processing file /home/airflow/.local/lib/python3.12/site-packages/airflow/example_dags/example_branch_python_dop_operator_3.py for tasks to queue
[2024-09-25T13:58:33.287+0000] {logging_mixin.py:190} INFO - [2024-09-25T13:58:33.287+0000] {dagbag.py:588} INFO - Filling up the DagBag from /home/airflow/.local/lib/python3.12/site-packages/airflow/example_dags/example_branch_python_dop_operator_3.py
[2024-09-25T13:58:33.295+0000] {processor.py:925} INFO - DAG(s) 'example_branch_dop_operator_v3' retrieved from /home/airflow/.local/lib/python3.12/site-packages/airflow/example_dags/example_branch_python_dop_operator_3.py
[2024-09-25T13:58:33.312+0000] {logging_mixin.py:190} INFO - [2024-09-25T13:58:33.312+0000] {dag.py:3239} INFO - Sync 1 DAGs
[2024-09-25T13:58:33.335+0000] {logging_mixin.py:190} INFO - [2024-09-25T13:58:33.335+0000] {dag.py:4180} INFO - Setting next_dagrun for example_branch_dop_operator_v3 to 2024-09-25 13:57:00+00:00, run_after=2024-09-25 13:58:00+00:00
[2024-09-25T13:58:33.352+0000] {processor.py:208} INFO - Processing /home/airflow/.local/lib/python3.12/site-packages/airflow/example_dags/example_branch_python_dop_operator_3.py took 0.073 seconds
[2024-09-25T13:59:03.798+0000] {processor.py:186} INFO - Started process (PID=3603) to work on /home/airflow/.local/lib/python3.12/site-packages/airflow/example_dags/example_branch_python_dop_operator_3.py
[2024-09-25T13:59:03.798+0000] {processor.py:914} INFO - Processing file /home/airflow/.local/lib/python3.12/site-packages/airflow/example_dags/example_branch_python_dop_operator_3.py for tasks to queue
[2024-09-25T13:59:03.800+0000] {logging_mixin.py:190} INFO - [2024-09-25T13:59:03.800+0000] {dagbag.py:588} INFO - Filling up the DagBag from /home/airflow/.local/lib/python3.12/site-packages/airflow/example_dags/example_branch_python_dop_operator_3.py
[2024-09-25T13:59:03.809+0000] {processor.py:925} INFO - DAG(s) 'example_branch_dop_operator_v3' retrieved from /home/airflow/.local/lib/python3.12/site-packages/airflow/example_dags/example_branch_python_dop_operator_3.py
[2024-09-25T13:59:03.826+0000] {logging_mixin.py:190} INFO - [2024-09-25T13:59:03.825+0000] {dag.py:3239} INFO - Sync 1 DAGs
[2024-09-25T13:59:03.849+0000] {logging_mixin.py:190} INFO - [2024-09-25T13:59:03.849+0000] {dag.py:4180} INFO - Setting next_dagrun for example_branch_dop_operator_v3 to 2024-09-25 13:58:00+00:00, run_after=2024-09-25 13:59:00+00:00
[2024-09-25T13:59:03.864+0000] {processor.py:208} INFO - Processing /home/airflow/.local/lib/python3.12/site-packages/airflow/example_dags/example_branch_python_dop_operator_3.py took 0.071 seconds
[2024-09-25T13:59:34.055+0000] {processor.py:186} INFO - Started process (PID=3889) to work on /home/airflow/.local/lib/python3.12/site-packages/airflow/example_dags/example_branch_python_dop_operator_3.py
[2024-09-25T13:59:34.056+0000] {processor.py:914} INFO - Processing file /home/airflow/.local/lib/python3.12/site-packages/airflow/example_dags/example_branch_python_dop_operator_3.py for tasks to queue
[2024-09-25T13:59:34.058+0000] {logging_mixin.py:190} INFO - [2024-09-25T13:59:34.058+0000] {dagbag.py:588} INFO - Filling up the DagBag from /home/airflow/.local/lib/python3.12/site-packages/airflow/example_dags/example_branch_python_dop_operator_3.py
[2024-09-25T13:59:34.066+0000] {processor.py:925} INFO - DAG(s) 'example_branch_dop_operator_v3' retrieved from /home/airflow/.local/lib/python3.12/site-packages/airflow/example_dags/example_branch_python_dop_operator_3.py
[2024-09-25T13:59:34.082+0000] {logging_mixin.py:190} INFO - [2024-09-25T13:59:34.082+0000] {dag.py:3239} INFO - Sync 1 DAGs
[2024-09-25T13:59:34.106+0000] {logging_mixin.py:190} INFO - [2024-09-25T13:59:34.105+0000] {dag.py:4180} INFO - Setting next_dagrun for example_branch_dop_operator_v3 to 2024-09-25 13:58:00+00:00, run_after=2024-09-25 13:59:00+00:00
[2024-09-25T13:59:34.121+0000] {processor.py:208} INFO - Processing /home/airflow/.local/lib/python3.12/site-packages/airflow/example_dags/example_branch_python_dop_operator_3.py took 0.071 seconds
[2024-09-25T14:00:04.313+0000] {processor.py:186} INFO - Started process (PID=4175) to work on /home/airflow/.local/lib/python3.12/site-packages/airflow/example_dags/example_branch_python_dop_operator_3.py
[2024-09-25T14:00:04.313+0000] {processor.py:914} INFO - Processing file /home/airflow/.local/lib/python3.12/site-packages/airflow/example_dags/example_branch_python_dop_operator_3.py for tasks to queue
[2024-09-25T14:00:04.315+0000] {logging_mixin.py:190} INFO - [2024-09-25T14:00:04.315+0000] {dagbag.py:588} INFO - Filling up the DagBag from /home/airflow/.local/lib/python3.12/site-packages/airflow/example_dags/example_branch_python_dop_operator_3.py
[2024-09-25T14:00:04.324+0000] {processor.py:925} INFO - DAG(s) 'example_branch_dop_operator_v3' retrieved from /home/airflow/.local/lib/python3.12/site-packages/airflow/example_dags/example_branch_python_dop_operator_3.py
[2024-09-25T14:00:04.340+0000] {logging_mixin.py:190} INFO - [2024-09-25T14:00:04.340+0000] {dag.py:3239} INFO - Sync 1 DAGs
[2024-09-25T14:00:04.363+0000] {logging_mixin.py:190} INFO - [2024-09-25T14:00:04.363+0000] {dag.py:4180} INFO - Setting next_dagrun for example_branch_dop_operator_v3 to 2024-09-25 13:59:00+00:00, run_after=2024-09-25 14:00:00+00:00
[2024-09-25T14:00:04.378+0000] {processor.py:208} INFO - Processing /home/airflow/.local/lib/python3.12/site-packages/airflow/example_dags/example_branch_python_dop_operator_3.py took 0.071 seconds
[2024-09-25T14:00:34.638+0000] {processor.py:186} INFO - Started process (PID=4461) to work on /home/airflow/.local/lib/python3.12/site-packages/airflow/example_dags/example_branch_python_dop_operator_3.py
[2024-09-25T14:00:34.638+0000] {processor.py:914} INFO - Processing file /home/airflow/.local/lib/python3.12/site-packages/airflow/example_dags/example_branch_python_dop_operator_3.py for tasks to queue
[2024-09-25T14:00:34.640+0000] {logging_mixin.py:190} INFO - [2024-09-25T14:00:34.640+0000] {dagbag.py:588} INFO - Filling up the DagBag from /home/airflow/.local/lib/python3.12/site-packages/airflow/example_dags/example_branch_python_dop_operator_3.py
[2024-09-25T14:00:34.649+0000] {processor.py:925} INFO - DAG(s) 'example_branch_dop_operator_v3' retrieved from /home/airflow/.local/lib/python3.12/site-packages/airflow/example_dags/example_branch_python_dop_operator_3.py
[2024-09-25T14:00:34.664+0000] {logging_mixin.py:190} INFO - [2024-09-25T14:00:34.664+0000] {dag.py:3239} INFO - Sync 1 DAGs
[2024-09-25T14:00:34.688+0000] {logging_mixin.py:190} INFO - [2024-09-25T14:00:34.687+0000] {dag.py:4180} INFO - Setting next_dagrun for example_branch_dop_operator_v3 to 2024-09-25 13:59:00+00:00, run_after=2024-09-25 14:00:00+00:00
[2024-09-25T14:00:34.703+0000] {processor.py:208} INFO - Processing /home/airflow/.local/lib/python3.12/site-packages/airflow/example_dags/example_branch_python_dop_operator_3.py took 0.070 seconds
[2024-09-25T14:01:05.705+0000] {processor.py:186} INFO - Started process (PID=4747) to work on /home/airflow/.local/lib/python3.12/site-packages/airflow/example_dags/example_branch_python_dop_operator_3.py
[2024-09-25T14:01:05.705+0000] {processor.py:914} INFO - Processing file /home/airflow/.local/lib/python3.12/site-packages/airflow/example_dags/example_branch_python_dop_operator_3.py for tasks to queue
[2024-09-25T14:01:05.707+0000] {logging_mixin.py:190} INFO - [2024-09-25T14:01:05.707+0000] {dagbag.py:588} INFO - Filling up the DagBag from /home/airflow/.local/lib/python3.12/site-packages/airflow/example_dags/example_branch_python_dop_operator_3.py
[2024-09-25T14:01:05.715+0000] {processor.py:925} INFO - DAG(s) 'example_branch_dop_operator_v3' retrieved from /home/airflow/.local/lib/python3.12/site-packages/airflow/example_dags/example_branch_python_dop_operator_3.py
[2024-09-25T14:01:05.731+0000] {logging_mixin.py:190} INFO - [2024-09-25T14:01:05.731+0000] {dag.py:3239} INFO - Sync 1 DAGs
[2024-09-25T14:01:05.754+0000] {logging_mixin.py:190} INFO - [2024-09-25T14:01:05.754+0000] {dag.py:4180} INFO - Setting next_dagrun for example_branch_dop_operator_v3 to 2024-09-25 14:00:00+00:00, run_after=2024-09-25 14:01:00+00:00
[2024-09-25T14:01:05.769+0000] {processor.py:208} INFO - Processing /home/airflow/.local/lib/python3.12/site-packages/airflow/example_dags/example_branch_python_dop_operator_3.py took 0.070 seconds
[2024-09-25T14:01:35.910+0000] {processor.py:186} INFO - Started process (PID=5033) to work on /home/airflow/.local/lib/python3.12/site-packages/airflow/example_dags/example_branch_python_dop_operator_3.py
[2024-09-25T14:01:35.911+0000] {processor.py:914} INFO - Processing file /home/airflow/.local/lib/python3.12/site-packages/airflow/example_dags/example_branch_python_dop_operator_3.py for tasks to queue
[2024-09-25T14:01:35.913+0000] {logging_mixin.py:190} INFO - [2024-09-25T14:01:35.912+0000] {dagbag.py:588} INFO - Filling up the DagBag from /home/airflow/.local/lib/python3.12/site-packages/airflow/example_dags/example_branch_python_dop_operator_3.py
[2024-09-25T14:01:35.923+0000] {processor.py:925} INFO - DAG(s) 'example_branch_dop_operator_v3' retrieved from /home/airflow/.local/lib/python3.12/site-packages/airflow/example_dags/example_branch_python_dop_operator_3.py
[2024-09-25T14:01:35.939+0000] {logging_mixin.py:190} INFO - [2024-09-25T14:01:35.939+0000] {dag.py:3239} INFO - Sync 1 DAGs
[2024-09-25T14:01:35.963+0000] {logging_mixin.py:190} INFO - [2024-09-25T14:01:35.963+0000] {dag.py:4180} INFO - Setting next_dagrun for example_branch_dop_operator_v3 to 2024-09-25 14:00:00+00:00, run_after=2024-09-25 14:01:00+00:00
[2024-09-25T14:01:35.979+0000] {processor.py:208} INFO - Processing /home/airflow/.local/lib/python3.12/site-packages/airflow/example_dags/example_branch_python_dop_operator_3.py took 0.074 seconds
[2024-09-25T14:02:07.031+0000] {processor.py:186} INFO - Started process (PID=5319) to work on /home/airflow/.local/lib/python3.12/site-packages/airflow/example_dags/example_branch_python_dop_operator_3.py
[2024-09-25T14:02:07.032+0000] {processor.py:914} INFO - Processing file /home/airflow/.local/lib/python3.12/site-packages/airflow/example_dags/example_branch_python_dop_operator_3.py for tasks to queue
[2024-09-25T14:02:07.033+0000] {logging_mixin.py:190} INFO - [2024-09-25T14:02:07.033+0000] {dagbag.py:588} INFO - Filling up the DagBag from /home/airflow/.local/lib/python3.12/site-packages/airflow/example_dags/example_branch_python_dop_operator_3.py
[2024-09-25T14:02:07.042+0000] {processor.py:925} INFO - DAG(s) 'example_branch_dop_operator_v3' retrieved from /home/airflow/.local/lib/python3.12/site-packages/airflow/example_dags/example_branch_python_dop_operator_3.py
[2024-09-25T14:02:07.058+0000] {logging_mixin.py:190} INFO - [2024-09-25T14:02:07.058+0000] {dag.py:3239} INFO - Sync 1 DAGs
[2024-09-25T14:02:07.082+0000] {logging_mixin.py:190} INFO - [2024-09-25T14:02:07.082+0000] {dag.py:4180} INFO - Setting next_dagrun for example_branch_dop_operator_v3 to 2024-09-25 14:01:00+00:00, run_after=2024-09-25 14:02:00+00:00
[2024-09-25T14:02:07.100+0000] {processor.py:208} INFO - Processing /home/airflow/.local/lib/python3.12/site-packages/airflow/example_dags/example_branch_python_dop_operator_3.py took 0.074 seconds
[2024-09-25T14:03:09.076+0000] {processor.py:186} INFO - Started process (PID=414) to work on /home/airflow/.local/lib/python3.12/site-packages/airflow/example_dags/example_branch_python_dop_operator_3.py
[2024-09-25T14:03:09.077+0000] {processor.py:914} INFO - Processing file /home/airflow/.local/lib/python3.12/site-packages/airflow/example_dags/example_branch_python_dop_operator_3.py for tasks to queue
[2024-09-25T14:03:09.078+0000] {logging_mixin.py:190} INFO - [2024-09-25T14:03:09.078+0000] {dagbag.py:588} INFO - Filling up the DagBag from /home/airflow/.local/lib/python3.12/site-packages/airflow/example_dags/example_branch_python_dop_operator_3.py
[2024-09-25T14:03:09.086+0000] {processor.py:925} INFO - DAG(s) 'example_branch_dop_operator_v3' retrieved from /home/airflow/.local/lib/python3.12/site-packages/airflow/example_dags/example_branch_python_dop_operator_3.py
[2024-09-25T14:03:09.103+0000] {logging_mixin.py:190} INFO - [2024-09-25T14:03:09.103+0000] {dag.py:3239} INFO - Sync 1 DAGs
[2024-09-25T14:03:09.126+0000] {logging_mixin.py:190} INFO - [2024-09-25T14:03:09.125+0000] {dag.py:4180} INFO - Setting next_dagrun for example_branch_dop_operator_v3 to 2024-09-25 14:02:00+00:00, run_after=2024-09-25 14:03:00+00:00
[2024-09-25T14:03:09.143+0000] {processor.py:208} INFO - Processing /home/airflow/.local/lib/python3.12/site-packages/airflow/example_dags/example_branch_python_dop_operator_3.py took 0.072 seconds
[2024-09-25T14:03:39.223+0000] {processor.py:186} INFO - Started process (PID=713) to work on /home/airflow/.local/lib/python3.12/site-packages/airflow/example_dags/example_branch_python_dop_operator_3.py
[2024-09-25T14:03:39.224+0000] {processor.py:914} INFO - Processing file /home/airflow/.local/lib/python3.12/site-packages/airflow/example_dags/example_branch_python_dop_operator_3.py for tasks to queue
[2024-09-25T14:03:39.225+0000] {logging_mixin.py:190} INFO - [2024-09-25T14:03:39.225+0000] {dagbag.py:588} INFO - Filling up the DagBag from /home/airflow/.local/lib/python3.12/site-packages/airflow/example_dags/example_branch_python_dop_operator_3.py
[2024-09-25T14:03:39.234+0000] {processor.py:925} INFO - DAG(s) 'example_branch_dop_operator_v3' retrieved from /home/airflow/.local/lib/python3.12/site-packages/airflow/example_dags/example_branch_python_dop_operator_3.py
[2024-09-25T14:03:39.250+0000] {logging_mixin.py:190} INFO - [2024-09-25T14:03:39.249+0000] {dag.py:3239} INFO - Sync 1 DAGs
[2024-09-25T14:03:39.273+0000] {logging_mixin.py:190} INFO - [2024-09-25T14:03:39.273+0000] {dag.py:4180} INFO - Setting next_dagrun for example_branch_dop_operator_v3 to 2024-09-25 14:02:00+00:00, run_after=2024-09-25 14:03:00+00:00
[2024-09-25T14:03:39.289+0000] {processor.py:208} INFO - Processing /home/airflow/.local/lib/python3.12/site-packages/airflow/example_dags/example_branch_python_dop_operator_3.py took 0.071 seconds
