[2024-09-25T13:53:29.382+0000] {processor.py:186} INFO - Started process (PID=361) to work on /home/airflow/.local/lib/python3.12/site-packages/airflow/example_dags/example_external_task_marker_dag.py
[2024-09-25T13:53:29.382+0000] {processor.py:914} INFO - Processing file /home/airflow/.local/lib/python3.12/site-packages/airflow/example_dags/example_external_task_marker_dag.py for tasks to queue
[2024-09-25T13:53:29.385+0000] {logging_mixin.py:190} INFO - [2024-09-25T13:53:29.385+0000] {dagbag.py:588} INFO - Filling up the DagBag from /home/airflow/.local/lib/python3.12/site-packages/airflow/example_dags/example_external_task_marker_dag.py
[2024-09-25T13:53:29.392+0000] {processor.py:925} INFO - DAG(s) 'example_external_task_marker_parent', 'example_external_task_marker_child' retrieved from /home/airflow/.local/lib/python3.12/site-packages/airflow/example_dags/example_external_task_marker_dag.py
[2024-09-25T13:53:29.411+0000] {logging_mixin.py:190} INFO - [2024-09-25T13:53:29.411+0000] {dag.py:3239} INFO - Sync 2 DAGs
[2024-09-25T13:53:29.425+0000] {logging_mixin.py:190} INFO - [2024-09-25T13:53:29.425+0000] {dag.py:4180} INFO - Setting next_dagrun for example_external_task_marker_child to None, run_after=None
[2024-09-25T13:53:29.429+0000] {logging_mixin.py:190} INFO - [2024-09-25T13:53:29.429+0000] {dag.py:4180} INFO - Setting next_dagrun for example_external_task_marker_parent to None, run_after=None
[2024-09-25T13:53:29.443+0000] {processor.py:208} INFO - Processing /home/airflow/.local/lib/python3.12/site-packages/airflow/example_dags/example_external_task_marker_dag.py took 0.067 seconds
[2024-09-25T13:53:59.556+0000] {processor.py:186} INFO - Started process (PID=660) to work on /home/airflow/.local/lib/python3.12/site-packages/airflow/example_dags/example_external_task_marker_dag.py
[2024-09-25T13:53:59.557+0000] {processor.py:914} INFO - Processing file /home/airflow/.local/lib/python3.12/site-packages/airflow/example_dags/example_external_task_marker_dag.py for tasks to queue
[2024-09-25T13:53:59.559+0000] {logging_mixin.py:190} INFO - [2024-09-25T13:53:59.559+0000] {dagbag.py:588} INFO - Filling up the DagBag from /home/airflow/.local/lib/python3.12/site-packages/airflow/example_dags/example_external_task_marker_dag.py
[2024-09-25T13:53:59.565+0000] {processor.py:925} INFO - DAG(s) 'example_external_task_marker_child', 'example_external_task_marker_parent' retrieved from /home/airflow/.local/lib/python3.12/site-packages/airflow/example_dags/example_external_task_marker_dag.py
[2024-09-25T13:53:59.584+0000] {logging_mixin.py:190} INFO - [2024-09-25T13:53:59.584+0000] {dag.py:3239} INFO - Sync 2 DAGs
[2024-09-25T13:53:59.597+0000] {logging_mixin.py:190} INFO - [2024-09-25T13:53:59.597+0000] {dag.py:4180} INFO - Setting next_dagrun for example_external_task_marker_child to None, run_after=None
[2024-09-25T13:53:59.601+0000] {logging_mixin.py:190} INFO - [2024-09-25T13:53:59.601+0000] {dag.py:4180} INFO - Setting next_dagrun for example_external_task_marker_parent to None, run_after=None
[2024-09-25T13:53:59.615+0000] {processor.py:208} INFO - Processing /home/airflow/.local/lib/python3.12/site-packages/airflow/example_dags/example_external_task_marker_dag.py took 0.064 seconds
[2024-09-25T13:54:30.084+0000] {processor.py:186} INFO - Started process (PID=946) to work on /home/airflow/.local/lib/python3.12/site-packages/airflow/example_dags/example_external_task_marker_dag.py
[2024-09-25T13:54:30.085+0000] {processor.py:914} INFO - Processing file /home/airflow/.local/lib/python3.12/site-packages/airflow/example_dags/example_external_task_marker_dag.py for tasks to queue
[2024-09-25T13:54:30.087+0000] {logging_mixin.py:190} INFO - [2024-09-25T13:54:30.087+0000] {dagbag.py:588} INFO - Filling up the DagBag from /home/airflow/.local/lib/python3.12/site-packages/airflow/example_dags/example_external_task_marker_dag.py
[2024-09-25T13:54:30.094+0000] {processor.py:925} INFO - DAG(s) 'example_external_task_marker_child', 'example_external_task_marker_parent' retrieved from /home/airflow/.local/lib/python3.12/site-packages/airflow/example_dags/example_external_task_marker_dag.py
[2024-09-25T13:54:30.113+0000] {logging_mixin.py:190} INFO - [2024-09-25T13:54:30.113+0000] {dag.py:3239} INFO - Sync 2 DAGs
[2024-09-25T13:54:30.126+0000] {logging_mixin.py:190} INFO - [2024-09-25T13:54:30.126+0000] {dag.py:4180} INFO - Setting next_dagrun for example_external_task_marker_child to None, run_after=None
[2024-09-25T13:54:30.130+0000] {logging_mixin.py:190} INFO - [2024-09-25T13:54:30.130+0000] {dag.py:4180} INFO - Setting next_dagrun for example_external_task_marker_parent to None, run_after=None
[2024-09-25T13:54:30.143+0000] {processor.py:208} INFO - Processing /home/airflow/.local/lib/python3.12/site-packages/airflow/example_dags/example_external_task_marker_dag.py took 0.064 seconds
[2024-09-25T13:55:00.552+0000] {processor.py:186} INFO - Started process (PID=1232) to work on /home/airflow/.local/lib/python3.12/site-packages/airflow/example_dags/example_external_task_marker_dag.py
[2024-09-25T13:55:00.553+0000] {processor.py:914} INFO - Processing file /home/airflow/.local/lib/python3.12/site-packages/airflow/example_dags/example_external_task_marker_dag.py for tasks to queue
[2024-09-25T13:55:00.556+0000] {logging_mixin.py:190} INFO - [2024-09-25T13:55:00.555+0000] {dagbag.py:588} INFO - Filling up the DagBag from /home/airflow/.local/lib/python3.12/site-packages/airflow/example_dags/example_external_task_marker_dag.py
[2024-09-25T13:55:00.562+0000] {processor.py:925} INFO - DAG(s) 'example_external_task_marker_parent', 'example_external_task_marker_child' retrieved from /home/airflow/.local/lib/python3.12/site-packages/airflow/example_dags/example_external_task_marker_dag.py
[2024-09-25T13:55:00.580+0000] {logging_mixin.py:190} INFO - [2024-09-25T13:55:00.580+0000] {dag.py:3239} INFO - Sync 2 DAGs
[2024-09-25T13:55:00.594+0000] {logging_mixin.py:190} INFO - [2024-09-25T13:55:00.593+0000] {dag.py:4180} INFO - Setting next_dagrun for example_external_task_marker_child to None, run_after=None
[2024-09-25T13:55:00.597+0000] {logging_mixin.py:190} INFO - [2024-09-25T13:55:00.597+0000] {dag.py:4180} INFO - Setting next_dagrun for example_external_task_marker_parent to None, run_after=None
[2024-09-25T13:55:00.610+0000] {processor.py:208} INFO - Processing /home/airflow/.local/lib/python3.12/site-packages/airflow/example_dags/example_external_task_marker_dag.py took 0.063 seconds
[2024-09-25T13:55:30.907+0000] {processor.py:186} INFO - Started process (PID=1518) to work on /home/airflow/.local/lib/python3.12/site-packages/airflow/example_dags/example_external_task_marker_dag.py
[2024-09-25T13:55:30.908+0000] {processor.py:914} INFO - Processing file /home/airflow/.local/lib/python3.12/site-packages/airflow/example_dags/example_external_task_marker_dag.py for tasks to queue
[2024-09-25T13:55:30.910+0000] {logging_mixin.py:190} INFO - [2024-09-25T13:55:30.910+0000] {dagbag.py:588} INFO - Filling up the DagBag from /home/airflow/.local/lib/python3.12/site-packages/airflow/example_dags/example_external_task_marker_dag.py
[2024-09-25T13:55:30.917+0000] {processor.py:925} INFO - DAG(s) 'example_external_task_marker_child', 'example_external_task_marker_parent' retrieved from /home/airflow/.local/lib/python3.12/site-packages/airflow/example_dags/example_external_task_marker_dag.py
[2024-09-25T13:55:30.936+0000] {logging_mixin.py:190} INFO - [2024-09-25T13:55:30.936+0000] {dag.py:3239} INFO - Sync 2 DAGs
[2024-09-25T13:55:30.949+0000] {logging_mixin.py:190} INFO - [2024-09-25T13:55:30.949+0000] {dag.py:4180} INFO - Setting next_dagrun for example_external_task_marker_child to None, run_after=None
[2024-09-25T13:55:30.953+0000] {logging_mixin.py:190} INFO - [2024-09-25T13:55:30.953+0000] {dag.py:4180} INFO - Setting next_dagrun for example_external_task_marker_parent to None, run_after=None
[2024-09-25T13:55:30.965+0000] {processor.py:208} INFO - Processing /home/airflow/.local/lib/python3.12/site-packages/airflow/example_dags/example_external_task_marker_dag.py took 0.063 seconds
[2024-09-25T13:56:01.100+0000] {processor.py:186} INFO - Started process (PID=1812) to work on /home/airflow/.local/lib/python3.12/site-packages/airflow/example_dags/example_external_task_marker_dag.py
[2024-09-25T13:56:01.101+0000] {processor.py:914} INFO - Processing file /home/airflow/.local/lib/python3.12/site-packages/airflow/example_dags/example_external_task_marker_dag.py for tasks to queue
[2024-09-25T13:56:01.103+0000] {logging_mixin.py:190} INFO - [2024-09-25T13:56:01.103+0000] {dagbag.py:588} INFO - Filling up the DagBag from /home/airflow/.local/lib/python3.12/site-packages/airflow/example_dags/example_external_task_marker_dag.py
[2024-09-25T13:56:01.109+0000] {processor.py:925} INFO - DAG(s) 'example_external_task_marker_child', 'example_external_task_marker_parent' retrieved from /home/airflow/.local/lib/python3.12/site-packages/airflow/example_dags/example_external_task_marker_dag.py
[2024-09-25T13:56:01.129+0000] {logging_mixin.py:190} INFO - [2024-09-25T13:56:01.129+0000] {dag.py:3239} INFO - Sync 2 DAGs
[2024-09-25T13:56:01.142+0000] {logging_mixin.py:190} INFO - [2024-09-25T13:56:01.142+0000] {dag.py:4180} INFO - Setting next_dagrun for example_external_task_marker_child to None, run_after=None
[2024-09-25T13:56:01.146+0000] {logging_mixin.py:190} INFO - [2024-09-25T13:56:01.146+0000] {dag.py:4180} INFO - Setting next_dagrun for example_external_task_marker_parent to None, run_after=None
[2024-09-25T13:56:01.160+0000] {processor.py:208} INFO - Processing /home/airflow/.local/lib/python3.12/site-packages/airflow/example_dags/example_external_task_marker_dag.py took 0.065 seconds
[2024-09-25T13:56:31.477+0000] {processor.py:186} INFO - Started process (PID=2098) to work on /home/airflow/.local/lib/python3.12/site-packages/airflow/example_dags/example_external_task_marker_dag.py
[2024-09-25T13:56:31.478+0000] {processor.py:914} INFO - Processing file /home/airflow/.local/lib/python3.12/site-packages/airflow/example_dags/example_external_task_marker_dag.py for tasks to queue
[2024-09-25T13:56:31.480+0000] {logging_mixin.py:190} INFO - [2024-09-25T13:56:31.480+0000] {dagbag.py:588} INFO - Filling up the DagBag from /home/airflow/.local/lib/python3.12/site-packages/airflow/example_dags/example_external_task_marker_dag.py
[2024-09-25T13:56:31.487+0000] {processor.py:925} INFO - DAG(s) 'example_external_task_marker_parent', 'example_external_task_marker_child' retrieved from /home/airflow/.local/lib/python3.12/site-packages/airflow/example_dags/example_external_task_marker_dag.py
[2024-09-25T13:56:31.506+0000] {logging_mixin.py:190} INFO - [2024-09-25T13:56:31.506+0000] {dag.py:3239} INFO - Sync 2 DAGs
[2024-09-25T13:56:31.520+0000] {logging_mixin.py:190} INFO - [2024-09-25T13:56:31.520+0000] {dag.py:4180} INFO - Setting next_dagrun for example_external_task_marker_child to None, run_after=None
[2024-09-25T13:56:31.524+0000] {logging_mixin.py:190} INFO - [2024-09-25T13:56:31.524+0000] {dag.py:4180} INFO - Setting next_dagrun for example_external_task_marker_parent to None, run_after=None
[2024-09-25T13:56:31.537+0000] {processor.py:208} INFO - Processing /home/airflow/.local/lib/python3.12/site-packages/airflow/example_dags/example_external_task_marker_dag.py took 0.065 seconds
[2024-09-25T13:57:01.956+0000] {processor.py:186} INFO - Started process (PID=2384) to work on /home/airflow/.local/lib/python3.12/site-packages/airflow/example_dags/example_external_task_marker_dag.py
[2024-09-25T13:57:01.957+0000] {processor.py:914} INFO - Processing file /home/airflow/.local/lib/python3.12/site-packages/airflow/example_dags/example_external_task_marker_dag.py for tasks to queue
[2024-09-25T13:57:01.959+0000] {logging_mixin.py:190} INFO - [2024-09-25T13:57:01.959+0000] {dagbag.py:588} INFO - Filling up the DagBag from /home/airflow/.local/lib/python3.12/site-packages/airflow/example_dags/example_external_task_marker_dag.py
[2024-09-25T13:57:01.966+0000] {processor.py:925} INFO - DAG(s) 'example_external_task_marker_child', 'example_external_task_marker_parent' retrieved from /home/airflow/.local/lib/python3.12/site-packages/airflow/example_dags/example_external_task_marker_dag.py
[2024-09-25T13:57:01.984+0000] {logging_mixin.py:190} INFO - [2024-09-25T13:57:01.984+0000] {dag.py:3239} INFO - Sync 2 DAGs
[2024-09-25T13:57:01.997+0000] {logging_mixin.py:190} INFO - [2024-09-25T13:57:01.997+0000] {dag.py:4180} INFO - Setting next_dagrun for example_external_task_marker_child to None, run_after=None
[2024-09-25T13:57:02.000+0000] {logging_mixin.py:190} INFO - [2024-09-25T13:57:02.000+0000] {dag.py:4180} INFO - Setting next_dagrun for example_external_task_marker_parent to None, run_after=None
[2024-09-25T13:57:02.014+0000] {processor.py:208} INFO - Processing /home/airflow/.local/lib/python3.12/site-packages/airflow/example_dags/example_external_task_marker_dag.py took 0.063 seconds
[2024-09-25T13:57:32.124+0000] {processor.py:186} INFO - Started process (PID=2671) to work on /home/airflow/.local/lib/python3.12/site-packages/airflow/example_dags/example_external_task_marker_dag.py
[2024-09-25T13:57:32.125+0000] {processor.py:914} INFO - Processing file /home/airflow/.local/lib/python3.12/site-packages/airflow/example_dags/example_external_task_marker_dag.py for tasks to queue
[2024-09-25T13:57:32.127+0000] {logging_mixin.py:190} INFO - [2024-09-25T13:57:32.127+0000] {dagbag.py:588} INFO - Filling up the DagBag from /home/airflow/.local/lib/python3.12/site-packages/airflow/example_dags/example_external_task_marker_dag.py
[2024-09-25T13:57:32.133+0000] {processor.py:925} INFO - DAG(s) 'example_external_task_marker_child', 'example_external_task_marker_parent' retrieved from /home/airflow/.local/lib/python3.12/site-packages/airflow/example_dags/example_external_task_marker_dag.py
[2024-09-25T13:57:32.152+0000] {logging_mixin.py:190} INFO - [2024-09-25T13:57:32.152+0000] {dag.py:3239} INFO - Sync 2 DAGs
[2024-09-25T13:57:32.165+0000] {logging_mixin.py:190} INFO - [2024-09-25T13:57:32.165+0000] {dag.py:4180} INFO - Setting next_dagrun for example_external_task_marker_child to None, run_after=None
[2024-09-25T13:57:32.169+0000] {logging_mixin.py:190} INFO - [2024-09-25T13:57:32.169+0000] {dag.py:4180} INFO - Setting next_dagrun for example_external_task_marker_parent to None, run_after=None
[2024-09-25T13:57:32.183+0000] {processor.py:208} INFO - Processing /home/airflow/.local/lib/python3.12/site-packages/airflow/example_dags/example_external_task_marker_dag.py took 0.064 seconds
[2024-09-25T13:58:02.577+0000] {processor.py:186} INFO - Started process (PID=2959) to work on /home/airflow/.local/lib/python3.12/site-packages/airflow/example_dags/example_external_task_marker_dag.py
[2024-09-25T13:58:02.577+0000] {processor.py:914} INFO - Processing file /home/airflow/.local/lib/python3.12/site-packages/airflow/example_dags/example_external_task_marker_dag.py for tasks to queue
[2024-09-25T13:58:02.580+0000] {logging_mixin.py:190} INFO - [2024-09-25T13:58:02.580+0000] {dagbag.py:588} INFO - Filling up the DagBag from /home/airflow/.local/lib/python3.12/site-packages/airflow/example_dags/example_external_task_marker_dag.py
[2024-09-25T13:58:02.586+0000] {processor.py:925} INFO - DAG(s) 'example_external_task_marker_parent', 'example_external_task_marker_child' retrieved from /home/airflow/.local/lib/python3.12/site-packages/airflow/example_dags/example_external_task_marker_dag.py
[2024-09-25T13:58:02.606+0000] {logging_mixin.py:190} INFO - [2024-09-25T13:58:02.605+0000] {dag.py:3239} INFO - Sync 2 DAGs
[2024-09-25T13:58:02.621+0000] {logging_mixin.py:190} INFO - [2024-09-25T13:58:02.621+0000] {dag.py:4180} INFO - Setting next_dagrun for example_external_task_marker_child to None, run_after=None
[2024-09-25T13:58:02.624+0000] {logging_mixin.py:190} INFO - [2024-09-25T13:58:02.624+0000] {dag.py:4180} INFO - Setting next_dagrun for example_external_task_marker_parent to None, run_after=None
[2024-09-25T13:58:02.637+0000] {processor.py:208} INFO - Processing /home/airflow/.local/lib/python3.12/site-packages/airflow/example_dags/example_external_task_marker_dag.py took 0.066 seconds
[2024-09-25T13:58:32.803+0000] {processor.py:186} INFO - Started process (PID=3257) to work on /home/airflow/.local/lib/python3.12/site-packages/airflow/example_dags/example_external_task_marker_dag.py
[2024-09-25T13:58:32.803+0000] {processor.py:914} INFO - Processing file /home/airflow/.local/lib/python3.12/site-packages/airflow/example_dags/example_external_task_marker_dag.py for tasks to queue
[2024-09-25T13:58:32.806+0000] {logging_mixin.py:190} INFO - [2024-09-25T13:58:32.806+0000] {dagbag.py:588} INFO - Filling up the DagBag from /home/airflow/.local/lib/python3.12/site-packages/airflow/example_dags/example_external_task_marker_dag.py
[2024-09-25T13:58:32.812+0000] {processor.py:925} INFO - DAG(s) 'example_external_task_marker_parent', 'example_external_task_marker_child' retrieved from /home/airflow/.local/lib/python3.12/site-packages/airflow/example_dags/example_external_task_marker_dag.py
[2024-09-25T13:58:32.832+0000] {logging_mixin.py:190} INFO - [2024-09-25T13:58:32.831+0000] {dag.py:3239} INFO - Sync 2 DAGs
[2024-09-25T13:58:32.846+0000] {logging_mixin.py:190} INFO - [2024-09-25T13:58:32.846+0000] {dag.py:4180} INFO - Setting next_dagrun for example_external_task_marker_child to None, run_after=None
[2024-09-25T13:58:32.849+0000] {logging_mixin.py:190} INFO - [2024-09-25T13:58:32.849+0000] {dag.py:4180} INFO - Setting next_dagrun for example_external_task_marker_parent to None, run_after=None
[2024-09-25T13:58:32.862+0000] {processor.py:208} INFO - Processing /home/airflow/.local/lib/python3.12/site-packages/airflow/example_dags/example_external_task_marker_dag.py took 0.065 seconds
[2024-09-25T13:59:03.007+0000] {processor.py:186} INFO - Started process (PID=3543) to work on /home/airflow/.local/lib/python3.12/site-packages/airflow/example_dags/example_external_task_marker_dag.py
[2024-09-25T13:59:03.008+0000] {processor.py:914} INFO - Processing file /home/airflow/.local/lib/python3.12/site-packages/airflow/example_dags/example_external_task_marker_dag.py for tasks to queue
[2024-09-25T13:59:03.010+0000] {logging_mixin.py:190} INFO - [2024-09-25T13:59:03.010+0000] {dagbag.py:588} INFO - Filling up the DagBag from /home/airflow/.local/lib/python3.12/site-packages/airflow/example_dags/example_external_task_marker_dag.py
[2024-09-25T13:59:03.017+0000] {processor.py:925} INFO - DAG(s) 'example_external_task_marker_child', 'example_external_task_marker_parent' retrieved from /home/airflow/.local/lib/python3.12/site-packages/airflow/example_dags/example_external_task_marker_dag.py
[2024-09-25T13:59:03.035+0000] {logging_mixin.py:190} INFO - [2024-09-25T13:59:03.035+0000] {dag.py:3239} INFO - Sync 2 DAGs
[2024-09-25T13:59:03.048+0000] {logging_mixin.py:190} INFO - [2024-09-25T13:59:03.048+0000] {dag.py:4180} INFO - Setting next_dagrun for example_external_task_marker_child to None, run_after=None
[2024-09-25T13:59:03.052+0000] {logging_mixin.py:190} INFO - [2024-09-25T13:59:03.051+0000] {dag.py:4180} INFO - Setting next_dagrun for example_external_task_marker_parent to None, run_after=None
[2024-09-25T13:59:03.065+0000] {processor.py:208} INFO - Processing /home/airflow/.local/lib/python3.12/site-packages/airflow/example_dags/example_external_task_marker_dag.py took 0.063 seconds
[2024-09-25T13:59:33.455+0000] {processor.py:186} INFO - Started process (PID=3829) to work on /home/airflow/.local/lib/python3.12/site-packages/airflow/example_dags/example_external_task_marker_dag.py
[2024-09-25T13:59:33.456+0000] {processor.py:914} INFO - Processing file /home/airflow/.local/lib/python3.12/site-packages/airflow/example_dags/example_external_task_marker_dag.py for tasks to queue
[2024-09-25T13:59:33.458+0000] {logging_mixin.py:190} INFO - [2024-09-25T13:59:33.458+0000] {dagbag.py:588} INFO - Filling up the DagBag from /home/airflow/.local/lib/python3.12/site-packages/airflow/example_dags/example_external_task_marker_dag.py
[2024-09-25T13:59:33.464+0000] {processor.py:925} INFO - DAG(s) 'example_external_task_marker_child', 'example_external_task_marker_parent' retrieved from /home/airflow/.local/lib/python3.12/site-packages/airflow/example_dags/example_external_task_marker_dag.py
[2024-09-25T13:59:33.484+0000] {logging_mixin.py:190} INFO - [2024-09-25T13:59:33.484+0000] {dag.py:3239} INFO - Sync 2 DAGs
[2024-09-25T13:59:33.497+0000] {logging_mixin.py:190} INFO - [2024-09-25T13:59:33.497+0000] {dag.py:4180} INFO - Setting next_dagrun for example_external_task_marker_child to None, run_after=None
[2024-09-25T13:59:33.501+0000] {logging_mixin.py:190} INFO - [2024-09-25T13:59:33.500+0000] {dag.py:4180} INFO - Setting next_dagrun for example_external_task_marker_parent to None, run_after=None
[2024-09-25T13:59:33.514+0000] {processor.py:208} INFO - Processing /home/airflow/.local/lib/python3.12/site-packages/airflow/example_dags/example_external_task_marker_dag.py took 0.063 seconds
[2024-09-25T14:00:03.683+0000] {processor.py:186} INFO - Started process (PID=4115) to work on /home/airflow/.local/lib/python3.12/site-packages/airflow/example_dags/example_external_task_marker_dag.py
[2024-09-25T14:00:03.684+0000] {processor.py:914} INFO - Processing file /home/airflow/.local/lib/python3.12/site-packages/airflow/example_dags/example_external_task_marker_dag.py for tasks to queue
[2024-09-25T14:00:03.686+0000] {logging_mixin.py:190} INFO - [2024-09-25T14:00:03.686+0000] {dagbag.py:588} INFO - Filling up the DagBag from /home/airflow/.local/lib/python3.12/site-packages/airflow/example_dags/example_external_task_marker_dag.py
[2024-09-25T14:00:03.693+0000] {processor.py:925} INFO - DAG(s) 'example_external_task_marker_parent', 'example_external_task_marker_child' retrieved from /home/airflow/.local/lib/python3.12/site-packages/airflow/example_dags/example_external_task_marker_dag.py
[2024-09-25T14:00:03.712+0000] {logging_mixin.py:190} INFO - [2024-09-25T14:00:03.712+0000] {dag.py:3239} INFO - Sync 2 DAGs
[2024-09-25T14:00:03.726+0000] {logging_mixin.py:190} INFO - [2024-09-25T14:00:03.725+0000] {dag.py:4180} INFO - Setting next_dagrun for example_external_task_marker_child to None, run_after=None
[2024-09-25T14:00:03.729+0000] {logging_mixin.py:190} INFO - [2024-09-25T14:00:03.729+0000] {dag.py:4180} INFO - Setting next_dagrun for example_external_task_marker_parent to None, run_after=None
[2024-09-25T14:00:03.743+0000] {processor.py:208} INFO - Processing /home/airflow/.local/lib/python3.12/site-packages/airflow/example_dags/example_external_task_marker_dag.py took 0.064 seconds
[2024-09-25T14:00:33.978+0000] {processor.py:186} INFO - Started process (PID=4401) to work on /home/airflow/.local/lib/python3.12/site-packages/airflow/example_dags/example_external_task_marker_dag.py
[2024-09-25T14:00:33.979+0000] {processor.py:914} INFO - Processing file /home/airflow/.local/lib/python3.12/site-packages/airflow/example_dags/example_external_task_marker_dag.py for tasks to queue
[2024-09-25T14:00:33.981+0000] {logging_mixin.py:190} INFO - [2024-09-25T14:00:33.981+0000] {dagbag.py:588} INFO - Filling up the DagBag from /home/airflow/.local/lib/python3.12/site-packages/airflow/example_dags/example_external_task_marker_dag.py
[2024-09-25T14:00:33.988+0000] {processor.py:925} INFO - DAG(s) 'example_external_task_marker_parent', 'example_external_task_marker_child' retrieved from /home/airflow/.local/lib/python3.12/site-packages/airflow/example_dags/example_external_task_marker_dag.py
[2024-09-25T14:00:34.007+0000] {logging_mixin.py:190} INFO - [2024-09-25T14:00:34.007+0000] {dag.py:3239} INFO - Sync 2 DAGs
[2024-09-25T14:00:34.021+0000] {logging_mixin.py:190} INFO - [2024-09-25T14:00:34.021+0000] {dag.py:4180} INFO - Setting next_dagrun for example_external_task_marker_child to None, run_after=None
[2024-09-25T14:00:34.024+0000] {logging_mixin.py:190} INFO - [2024-09-25T14:00:34.024+0000] {dag.py:4180} INFO - Setting next_dagrun for example_external_task_marker_parent to None, run_after=None
[2024-09-25T14:00:34.038+0000] {processor.py:208} INFO - Processing /home/airflow/.local/lib/python3.12/site-packages/airflow/example_dags/example_external_task_marker_dag.py took 0.065 seconds
[2024-09-25T14:01:04.121+0000] {processor.py:186} INFO - Started process (PID=4687) to work on /home/airflow/.local/lib/python3.12/site-packages/airflow/example_dags/example_external_task_marker_dag.py
[2024-09-25T14:01:04.122+0000] {processor.py:914} INFO - Processing file /home/airflow/.local/lib/python3.12/site-packages/airflow/example_dags/example_external_task_marker_dag.py for tasks to queue
[2024-09-25T14:01:04.124+0000] {logging_mixin.py:190} INFO - [2024-09-25T14:01:04.123+0000] {dagbag.py:588} INFO - Filling up the DagBag from /home/airflow/.local/lib/python3.12/site-packages/airflow/example_dags/example_external_task_marker_dag.py
[2024-09-25T14:01:04.130+0000] {processor.py:925} INFO - DAG(s) 'example_external_task_marker_parent', 'example_external_task_marker_child' retrieved from /home/airflow/.local/lib/python3.12/site-packages/airflow/example_dags/example_external_task_marker_dag.py
[2024-09-25T14:01:04.149+0000] {logging_mixin.py:190} INFO - [2024-09-25T14:01:04.148+0000] {dag.py:3239} INFO - Sync 2 DAGs
[2024-09-25T14:01:04.163+0000] {logging_mixin.py:190} INFO - [2024-09-25T14:01:04.163+0000] {dag.py:4180} INFO - Setting next_dagrun for example_external_task_marker_child to None, run_after=None
[2024-09-25T14:01:04.167+0000] {logging_mixin.py:190} INFO - [2024-09-25T14:01:04.167+0000] {dag.py:4180} INFO - Setting next_dagrun for example_external_task_marker_parent to None, run_after=None
[2024-09-25T14:01:04.182+0000] {processor.py:208} INFO - Processing /home/airflow/.local/lib/python3.12/site-packages/airflow/example_dags/example_external_task_marker_dag.py took 0.067 seconds
[2024-09-25T14:01:35.277+0000] {processor.py:186} INFO - Started process (PID=4973) to work on /home/airflow/.local/lib/python3.12/site-packages/airflow/example_dags/example_external_task_marker_dag.py
[2024-09-25T14:01:35.278+0000] {processor.py:914} INFO - Processing file /home/airflow/.local/lib/python3.12/site-packages/airflow/example_dags/example_external_task_marker_dag.py for tasks to queue
[2024-09-25T14:01:35.280+0000] {logging_mixin.py:190} INFO - [2024-09-25T14:01:35.279+0000] {dagbag.py:588} INFO - Filling up the DagBag from /home/airflow/.local/lib/python3.12/site-packages/airflow/example_dags/example_external_task_marker_dag.py
[2024-09-25T14:01:35.287+0000] {processor.py:925} INFO - DAG(s) 'example_external_task_marker_parent', 'example_external_task_marker_child' retrieved from /home/airflow/.local/lib/python3.12/site-packages/airflow/example_dags/example_external_task_marker_dag.py
[2024-09-25T14:01:35.307+0000] {logging_mixin.py:190} INFO - [2024-09-25T14:01:35.306+0000] {dag.py:3239} INFO - Sync 2 DAGs
[2024-09-25T14:01:35.320+0000] {logging_mixin.py:190} INFO - [2024-09-25T14:01:35.319+0000] {dag.py:4180} INFO - Setting next_dagrun for example_external_task_marker_child to None, run_after=None
[2024-09-25T14:01:35.323+0000] {logging_mixin.py:190} INFO - [2024-09-25T14:01:35.323+0000] {dag.py:4180} INFO - Setting next_dagrun for example_external_task_marker_parent to None, run_after=None
[2024-09-25T14:01:35.338+0000] {processor.py:208} INFO - Processing /home/airflow/.local/lib/python3.12/site-packages/airflow/example_dags/example_external_task_marker_dag.py took 0.066 seconds
[2024-09-25T14:02:06.440+0000] {processor.py:186} INFO - Started process (PID=5259) to work on /home/airflow/.local/lib/python3.12/site-packages/airflow/example_dags/example_external_task_marker_dag.py
[2024-09-25T14:02:06.440+0000] {processor.py:914} INFO - Processing file /home/airflow/.local/lib/python3.12/site-packages/airflow/example_dags/example_external_task_marker_dag.py for tasks to queue
[2024-09-25T14:02:06.442+0000] {logging_mixin.py:190} INFO - [2024-09-25T14:02:06.442+0000] {dagbag.py:588} INFO - Filling up the DagBag from /home/airflow/.local/lib/python3.12/site-packages/airflow/example_dags/example_external_task_marker_dag.py
[2024-09-25T14:02:06.449+0000] {processor.py:925} INFO - DAG(s) 'example_external_task_marker_parent', 'example_external_task_marker_child' retrieved from /home/airflow/.local/lib/python3.12/site-packages/airflow/example_dags/example_external_task_marker_dag.py
[2024-09-25T14:02:06.467+0000] {logging_mixin.py:190} INFO - [2024-09-25T14:02:06.467+0000] {dag.py:3239} INFO - Sync 2 DAGs
[2024-09-25T14:02:06.480+0000] {logging_mixin.py:190} INFO - [2024-09-25T14:02:06.480+0000] {dag.py:4180} INFO - Setting next_dagrun for example_external_task_marker_child to None, run_after=None
[2024-09-25T14:02:06.484+0000] {logging_mixin.py:190} INFO - [2024-09-25T14:02:06.484+0000] {dag.py:4180} INFO - Setting next_dagrun for example_external_task_marker_parent to None, run_after=None
[2024-09-25T14:02:06.499+0000] {processor.py:208} INFO - Processing /home/airflow/.local/lib/python3.12/site-packages/airflow/example_dags/example_external_task_marker_dag.py took 0.065 seconds
[2024-09-25T14:03:08.432+0000] {processor.py:186} INFO - Started process (PID=356) to work on /home/airflow/.local/lib/python3.12/site-packages/airflow/example_dags/example_external_task_marker_dag.py
[2024-09-25T14:03:08.433+0000] {processor.py:914} INFO - Processing file /home/airflow/.local/lib/python3.12/site-packages/airflow/example_dags/example_external_task_marker_dag.py for tasks to queue
[2024-09-25T14:03:08.435+0000] {logging_mixin.py:190} INFO - [2024-09-25T14:03:08.435+0000] {dagbag.py:588} INFO - Filling up the DagBag from /home/airflow/.local/lib/python3.12/site-packages/airflow/example_dags/example_external_task_marker_dag.py
[2024-09-25T14:03:08.442+0000] {processor.py:925} INFO - DAG(s) 'example_external_task_marker_parent', 'example_external_task_marker_child' retrieved from /home/airflow/.local/lib/python3.12/site-packages/airflow/example_dags/example_external_task_marker_dag.py
[2024-09-25T14:03:08.460+0000] {logging_mixin.py:190} INFO - [2024-09-25T14:03:08.460+0000] {dag.py:3239} INFO - Sync 2 DAGs
[2024-09-25T14:03:08.475+0000] {logging_mixin.py:190} INFO - [2024-09-25T14:03:08.475+0000] {dag.py:4180} INFO - Setting next_dagrun for example_external_task_marker_child to None, run_after=None
[2024-09-25T14:03:08.478+0000] {logging_mixin.py:190} INFO - [2024-09-25T14:03:08.478+0000] {dag.py:4180} INFO - Setting next_dagrun for example_external_task_marker_parent to None, run_after=None
[2024-09-25T14:03:08.492+0000] {processor.py:208} INFO - Processing /home/airflow/.local/lib/python3.12/site-packages/airflow/example_dags/example_external_task_marker_dag.py took 0.065 seconds
[2024-09-25T14:03:38.587+0000] {processor.py:186} INFO - Started process (PID=660) to work on /home/airflow/.local/lib/python3.12/site-packages/airflow/example_dags/example_external_task_marker_dag.py
[2024-09-25T14:03:38.588+0000] {processor.py:914} INFO - Processing file /home/airflow/.local/lib/python3.12/site-packages/airflow/example_dags/example_external_task_marker_dag.py for tasks to queue
[2024-09-25T14:03:38.590+0000] {logging_mixin.py:190} INFO - [2024-09-25T14:03:38.590+0000] {dagbag.py:588} INFO - Filling up the DagBag from /home/airflow/.local/lib/python3.12/site-packages/airflow/example_dags/example_external_task_marker_dag.py
[2024-09-25T14:03:38.596+0000] {processor.py:925} INFO - DAG(s) 'example_external_task_marker_child', 'example_external_task_marker_parent' retrieved from /home/airflow/.local/lib/python3.12/site-packages/airflow/example_dags/example_external_task_marker_dag.py
[2024-09-25T14:03:38.615+0000] {logging_mixin.py:190} INFO - [2024-09-25T14:03:38.615+0000] {dag.py:3239} INFO - Sync 2 DAGs
[2024-09-25T14:03:38.628+0000] {logging_mixin.py:190} INFO - [2024-09-25T14:03:38.628+0000] {dag.py:4180} INFO - Setting next_dagrun for example_external_task_marker_child to None, run_after=None
[2024-09-25T14:03:38.631+0000] {logging_mixin.py:190} INFO - [2024-09-25T14:03:38.631+0000] {dag.py:4180} INFO - Setting next_dagrun for example_external_task_marker_parent to None, run_after=None
[2024-09-25T14:03:38.645+0000] {processor.py:208} INFO - Processing /home/airflow/.local/lib/python3.12/site-packages/airflow/example_dags/example_external_task_marker_dag.py took 0.063 seconds
