[2024-09-25T13:53:27.655+0000] {processor.py:186} INFO - Started process (PID=243) to work on /home/airflow/.local/lib/python3.12/site-packages/airflow/example_dags/example_latest_only.py
[2024-09-25T13:53:27.656+0000] {processor.py:914} INFO - Processing file /home/airflow/.local/lib/python3.12/site-packages/airflow/example_dags/example_latest_only.py for tasks to queue
[2024-09-25T13:53:27.658+0000] {logging_mixin.py:190} INFO - [2024-09-25T13:53:27.658+0000] {dagbag.py:588} INFO - Filling up the DagBag from /home/airflow/.local/lib/python3.12/site-packages/airflow/example_dags/example_latest_only.py
[2024-09-25T13:53:27.667+0000] {processor.py:925} INFO - DAG(s) 'latest_only' retrieved from /home/airflow/.local/lib/python3.12/site-packages/airflow/example_dags/example_latest_only.py
[2024-09-25T13:53:27.689+0000] {logging_mixin.py:190} INFO - [2024-09-25T13:53:27.689+0000] {dag.py:3239} INFO - Sync 1 DAGs
[2024-09-25T13:53:27.710+0000] {logging_mixin.py:190} INFO - [2024-09-25T13:53:27.710+0000] {dag.py:4180} INFO - Setting next_dagrun for latest_only to 2024-09-25 08:00:00+00:00, run_after=2024-09-25 12:00:00+00:00
[2024-09-25T13:53:27.727+0000] {processor.py:208} INFO - Processing /home/airflow/.local/lib/python3.12/site-packages/airflow/example_dags/example_latest_only.py took 0.077 seconds
[2024-09-25T13:53:58.142+0000] {processor.py:186} INFO - Started process (PID=540) to work on /home/airflow/.local/lib/python3.12/site-packages/airflow/example_dags/example_latest_only.py
[2024-09-25T13:53:58.143+0000] {processor.py:914} INFO - Processing file /home/airflow/.local/lib/python3.12/site-packages/airflow/example_dags/example_latest_only.py for tasks to queue
[2024-09-25T13:53:58.145+0000] {logging_mixin.py:190} INFO - [2024-09-25T13:53:58.144+0000] {dagbag.py:588} INFO - Filling up the DagBag from /home/airflow/.local/lib/python3.12/site-packages/airflow/example_dags/example_latest_only.py
[2024-09-25T13:53:58.151+0000] {processor.py:925} INFO - DAG(s) 'latest_only' retrieved from /home/airflow/.local/lib/python3.12/site-packages/airflow/example_dags/example_latest_only.py
[2024-09-25T13:53:58.167+0000] {logging_mixin.py:190} INFO - [2024-09-25T13:53:58.167+0000] {dag.py:3239} INFO - Sync 1 DAGs
[2024-09-25T13:53:58.187+0000] {logging_mixin.py:190} INFO - [2024-09-25T13:53:58.187+0000] {dag.py:4180} INFO - Setting next_dagrun for latest_only to 2024-09-25 08:00:00+00:00, run_after=2024-09-25 12:00:00+00:00
[2024-09-25T13:53:58.203+0000] {processor.py:208} INFO - Processing /home/airflow/.local/lib/python3.12/site-packages/airflow/example_dags/example_latest_only.py took 0.066 seconds
[2024-09-25T13:54:28.339+0000] {processor.py:186} INFO - Started process (PID=826) to work on /home/airflow/.local/lib/python3.12/site-packages/airflow/example_dags/example_latest_only.py
[2024-09-25T13:54:28.340+0000] {processor.py:914} INFO - Processing file /home/airflow/.local/lib/python3.12/site-packages/airflow/example_dags/example_latest_only.py for tasks to queue
[2024-09-25T13:54:28.342+0000] {logging_mixin.py:190} INFO - [2024-09-25T13:54:28.341+0000] {dagbag.py:588} INFO - Filling up the DagBag from /home/airflow/.local/lib/python3.12/site-packages/airflow/example_dags/example_latest_only.py
[2024-09-25T13:54:28.347+0000] {processor.py:925} INFO - DAG(s) 'latest_only' retrieved from /home/airflow/.local/lib/python3.12/site-packages/airflow/example_dags/example_latest_only.py
[2024-09-25T13:54:28.364+0000] {logging_mixin.py:190} INFO - [2024-09-25T13:54:28.364+0000] {dag.py:3239} INFO - Sync 1 DAGs
[2024-09-25T13:54:28.385+0000] {logging_mixin.py:190} INFO - [2024-09-25T13:54:28.385+0000] {dag.py:4180} INFO - Setting next_dagrun for latest_only to 2024-09-25 08:00:00+00:00, run_after=2024-09-25 12:00:00+00:00
[2024-09-25T13:54:28.400+0000] {processor.py:208} INFO - Processing /home/airflow/.local/lib/python3.12/site-packages/airflow/example_dags/example_latest_only.py took 0.066 seconds
[2024-09-25T13:54:58.960+0000] {processor.py:186} INFO - Started process (PID=1112) to work on /home/airflow/.local/lib/python3.12/site-packages/airflow/example_dags/example_latest_only.py
[2024-09-25T13:54:58.961+0000] {processor.py:914} INFO - Processing file /home/airflow/.local/lib/python3.12/site-packages/airflow/example_dags/example_latest_only.py for tasks to queue
[2024-09-25T13:54:58.962+0000] {logging_mixin.py:190} INFO - [2024-09-25T13:54:58.962+0000] {dagbag.py:588} INFO - Filling up the DagBag from /home/airflow/.local/lib/python3.12/site-packages/airflow/example_dags/example_latest_only.py
[2024-09-25T13:54:58.968+0000] {processor.py:925} INFO - DAG(s) 'latest_only' retrieved from /home/airflow/.local/lib/python3.12/site-packages/airflow/example_dags/example_latest_only.py
[2024-09-25T13:54:58.984+0000] {logging_mixin.py:190} INFO - [2024-09-25T13:54:58.984+0000] {dag.py:3239} INFO - Sync 1 DAGs
[2024-09-25T13:54:59.005+0000] {logging_mixin.py:190} INFO - [2024-09-25T13:54:59.005+0000] {dag.py:4180} INFO - Setting next_dagrun for latest_only to 2024-09-25 08:00:00+00:00, run_after=2024-09-25 12:00:00+00:00
[2024-09-25T13:54:59.020+0000] {processor.py:208} INFO - Processing /home/airflow/.local/lib/python3.12/site-packages/airflow/example_dags/example_latest_only.py took 0.065 seconds
[2024-09-25T13:55:29.389+0000] {processor.py:186} INFO - Started process (PID=1398) to work on /home/airflow/.local/lib/python3.12/site-packages/airflow/example_dags/example_latest_only.py
[2024-09-25T13:55:29.390+0000] {processor.py:914} INFO - Processing file /home/airflow/.local/lib/python3.12/site-packages/airflow/example_dags/example_latest_only.py for tasks to queue
[2024-09-25T13:55:29.392+0000] {logging_mixin.py:190} INFO - [2024-09-25T13:55:29.391+0000] {dagbag.py:588} INFO - Filling up the DagBag from /home/airflow/.local/lib/python3.12/site-packages/airflow/example_dags/example_latest_only.py
[2024-09-25T13:55:29.397+0000] {processor.py:925} INFO - DAG(s) 'latest_only' retrieved from /home/airflow/.local/lib/python3.12/site-packages/airflow/example_dags/example_latest_only.py
[2024-09-25T13:55:29.414+0000] {logging_mixin.py:190} INFO - [2024-09-25T13:55:29.413+0000] {dag.py:3239} INFO - Sync 1 DAGs
[2024-09-25T13:55:29.435+0000] {logging_mixin.py:190} INFO - [2024-09-25T13:55:29.435+0000] {dag.py:4180} INFO - Setting next_dagrun for latest_only to 2024-09-25 08:00:00+00:00, run_after=2024-09-25 12:00:00+00:00
[2024-09-25T13:55:29.450+0000] {processor.py:208} INFO - Processing /home/airflow/.local/lib/python3.12/site-packages/airflow/example_dags/example_latest_only.py took 0.067 seconds
[2024-09-25T13:55:59.666+0000] {processor.py:186} INFO - Started process (PID=1692) to work on /home/airflow/.local/lib/python3.12/site-packages/airflow/example_dags/example_latest_only.py
[2024-09-25T13:55:59.667+0000] {processor.py:914} INFO - Processing file /home/airflow/.local/lib/python3.12/site-packages/airflow/example_dags/example_latest_only.py for tasks to queue
[2024-09-25T13:55:59.669+0000] {logging_mixin.py:190} INFO - [2024-09-25T13:55:59.669+0000] {dagbag.py:588} INFO - Filling up the DagBag from /home/airflow/.local/lib/python3.12/site-packages/airflow/example_dags/example_latest_only.py
[2024-09-25T13:55:59.675+0000] {processor.py:925} INFO - DAG(s) 'latest_only' retrieved from /home/airflow/.local/lib/python3.12/site-packages/airflow/example_dags/example_latest_only.py
[2024-09-25T13:55:59.691+0000] {logging_mixin.py:190} INFO - [2024-09-25T13:55:59.690+0000] {dag.py:3239} INFO - Sync 1 DAGs
[2024-09-25T13:55:59.712+0000] {logging_mixin.py:190} INFO - [2024-09-25T13:55:59.712+0000] {dag.py:4180} INFO - Setting next_dagrun for latest_only to 2024-09-25 08:00:00+00:00, run_after=2024-09-25 12:00:00+00:00
[2024-09-25T13:55:59.727+0000] {processor.py:208} INFO - Processing /home/airflow/.local/lib/python3.12/site-packages/airflow/example_dags/example_latest_only.py took 0.066 seconds
[2024-09-25T13:56:30.016+0000] {processor.py:186} INFO - Started process (PID=1978) to work on /home/airflow/.local/lib/python3.12/site-packages/airflow/example_dags/example_latest_only.py
[2024-09-25T13:56:30.016+0000] {processor.py:914} INFO - Processing file /home/airflow/.local/lib/python3.12/site-packages/airflow/example_dags/example_latest_only.py for tasks to queue
[2024-09-25T13:56:30.018+0000] {logging_mixin.py:190} INFO - [2024-09-25T13:56:30.018+0000] {dagbag.py:588} INFO - Filling up the DagBag from /home/airflow/.local/lib/python3.12/site-packages/airflow/example_dags/example_latest_only.py
[2024-09-25T13:56:30.024+0000] {processor.py:925} INFO - DAG(s) 'latest_only' retrieved from /home/airflow/.local/lib/python3.12/site-packages/airflow/example_dags/example_latest_only.py
[2024-09-25T13:56:30.039+0000] {logging_mixin.py:190} INFO - [2024-09-25T13:56:30.039+0000] {dag.py:3239} INFO - Sync 1 DAGs
[2024-09-25T13:56:30.060+0000] {logging_mixin.py:190} INFO - [2024-09-25T13:56:30.060+0000] {dag.py:4180} INFO - Setting next_dagrun for latest_only to 2024-09-25 08:00:00+00:00, run_after=2024-09-25 12:00:00+00:00
[2024-09-25T13:56:30.077+0000] {processor.py:208} INFO - Processing /home/airflow/.local/lib/python3.12/site-packages/airflow/example_dags/example_latest_only.py took 0.067 seconds
[2024-09-25T13:57:00.357+0000] {processor.py:186} INFO - Started process (PID=2264) to work on /home/airflow/.local/lib/python3.12/site-packages/airflow/example_dags/example_latest_only.py
[2024-09-25T13:57:00.358+0000] {processor.py:914} INFO - Processing file /home/airflow/.local/lib/python3.12/site-packages/airflow/example_dags/example_latest_only.py for tasks to queue
[2024-09-25T13:57:00.360+0000] {logging_mixin.py:190} INFO - [2024-09-25T13:57:00.359+0000] {dagbag.py:588} INFO - Filling up the DagBag from /home/airflow/.local/lib/python3.12/site-packages/airflow/example_dags/example_latest_only.py
[2024-09-25T13:57:00.365+0000] {processor.py:925} INFO - DAG(s) 'latest_only' retrieved from /home/airflow/.local/lib/python3.12/site-packages/airflow/example_dags/example_latest_only.py
[2024-09-25T13:57:00.382+0000] {logging_mixin.py:190} INFO - [2024-09-25T13:57:00.381+0000] {dag.py:3239} INFO - Sync 1 DAGs
[2024-09-25T13:57:00.403+0000] {logging_mixin.py:190} INFO - [2024-09-25T13:57:00.402+0000] {dag.py:4180} INFO - Setting next_dagrun for latest_only to 2024-09-25 08:00:00+00:00, run_after=2024-09-25 12:00:00+00:00
[2024-09-25T13:57:00.418+0000] {processor.py:208} INFO - Processing /home/airflow/.local/lib/python3.12/site-packages/airflow/example_dags/example_latest_only.py took 0.066 seconds
[2024-09-25T13:57:30.614+0000] {processor.py:186} INFO - Started process (PID=2551) to work on /home/airflow/.local/lib/python3.12/site-packages/airflow/example_dags/example_latest_only.py
[2024-09-25T13:57:30.615+0000] {processor.py:914} INFO - Processing file /home/airflow/.local/lib/python3.12/site-packages/airflow/example_dags/example_latest_only.py for tasks to queue
[2024-09-25T13:57:30.617+0000] {logging_mixin.py:190} INFO - [2024-09-25T13:57:30.617+0000] {dagbag.py:588} INFO - Filling up the DagBag from /home/airflow/.local/lib/python3.12/site-packages/airflow/example_dags/example_latest_only.py
[2024-09-25T13:57:30.623+0000] {processor.py:925} INFO - DAG(s) 'latest_only' retrieved from /home/airflow/.local/lib/python3.12/site-packages/airflow/example_dags/example_latest_only.py
[2024-09-25T13:57:30.639+0000] {logging_mixin.py:190} INFO - [2024-09-25T13:57:30.639+0000] {dag.py:3239} INFO - Sync 1 DAGs
[2024-09-25T13:57:30.660+0000] {logging_mixin.py:190} INFO - [2024-09-25T13:57:30.660+0000] {dag.py:4180} INFO - Setting next_dagrun for latest_only to 2024-09-25 08:00:00+00:00, run_after=2024-09-25 12:00:00+00:00
[2024-09-25T13:57:30.675+0000] {processor.py:208} INFO - Processing /home/airflow/.local/lib/python3.12/site-packages/airflow/example_dags/example_latest_only.py took 0.066 seconds
[2024-09-25T13:58:00.805+0000] {processor.py:186} INFO - Started process (PID=2837) to work on /home/airflow/.local/lib/python3.12/site-packages/airflow/example_dags/example_latest_only.py
[2024-09-25T13:58:00.806+0000] {processor.py:914} INFO - Processing file /home/airflow/.local/lib/python3.12/site-packages/airflow/example_dags/example_latest_only.py for tasks to queue
[2024-09-25T13:58:00.807+0000] {logging_mixin.py:190} INFO - [2024-09-25T13:58:00.807+0000] {dagbag.py:588} INFO - Filling up the DagBag from /home/airflow/.local/lib/python3.12/site-packages/airflow/example_dags/example_latest_only.py
[2024-09-25T13:58:00.813+0000] {processor.py:925} INFO - DAG(s) 'latest_only' retrieved from /home/airflow/.local/lib/python3.12/site-packages/airflow/example_dags/example_latest_only.py
[2024-09-25T13:58:00.829+0000] {logging_mixin.py:190} INFO - [2024-09-25T13:58:00.829+0000] {dag.py:3239} INFO - Sync 1 DAGs
[2024-09-25T13:58:00.851+0000] {logging_mixin.py:190} INFO - [2024-09-25T13:58:00.851+0000] {dag.py:4180} INFO - Setting next_dagrun for latest_only to 2024-09-25 08:00:00+00:00, run_after=2024-09-25 12:00:00+00:00
[2024-09-25T13:58:00.866+0000] {processor.py:208} INFO - Processing /home/airflow/.local/lib/python3.12/site-packages/airflow/example_dags/example_latest_only.py took 0.067 seconds
[2024-09-25T13:58:31.289+0000] {processor.py:186} INFO - Started process (PID=3137) to work on /home/airflow/.local/lib/python3.12/site-packages/airflow/example_dags/example_latest_only.py
[2024-09-25T13:58:31.290+0000] {processor.py:914} INFO - Processing file /home/airflow/.local/lib/python3.12/site-packages/airflow/example_dags/example_latest_only.py for tasks to queue
[2024-09-25T13:58:31.292+0000] {logging_mixin.py:190} INFO - [2024-09-25T13:58:31.291+0000] {dagbag.py:588} INFO - Filling up the DagBag from /home/airflow/.local/lib/python3.12/site-packages/airflow/example_dags/example_latest_only.py
[2024-09-25T13:58:31.297+0000] {processor.py:925} INFO - DAG(s) 'latest_only' retrieved from /home/airflow/.local/lib/python3.12/site-packages/airflow/example_dags/example_latest_only.py
[2024-09-25T13:58:31.313+0000] {logging_mixin.py:190} INFO - [2024-09-25T13:58:31.313+0000] {dag.py:3239} INFO - Sync 1 DAGs
[2024-09-25T13:58:31.334+0000] {logging_mixin.py:190} INFO - [2024-09-25T13:58:31.334+0000] {dag.py:4180} INFO - Setting next_dagrun for latest_only to 2024-09-25 08:00:00+00:00, run_after=2024-09-25 12:00:00+00:00
[2024-09-25T13:58:31.349+0000] {processor.py:208} INFO - Processing /home/airflow/.local/lib/python3.12/site-packages/airflow/example_dags/example_latest_only.py took 0.066 seconds
[2024-09-25T13:59:01.522+0000] {processor.py:186} INFO - Started process (PID=3423) to work on /home/airflow/.local/lib/python3.12/site-packages/airflow/example_dags/example_latest_only.py
[2024-09-25T13:59:01.523+0000] {processor.py:914} INFO - Processing file /home/airflow/.local/lib/python3.12/site-packages/airflow/example_dags/example_latest_only.py for tasks to queue
[2024-09-25T13:59:01.524+0000] {logging_mixin.py:190} INFO - [2024-09-25T13:59:01.524+0000] {dagbag.py:588} INFO - Filling up the DagBag from /home/airflow/.local/lib/python3.12/site-packages/airflow/example_dags/example_latest_only.py
[2024-09-25T13:59:01.530+0000] {processor.py:925} INFO - DAG(s) 'latest_only' retrieved from /home/airflow/.local/lib/python3.12/site-packages/airflow/example_dags/example_latest_only.py
[2024-09-25T13:59:01.547+0000] {logging_mixin.py:190} INFO - [2024-09-25T13:59:01.546+0000] {dag.py:3239} INFO - Sync 1 DAGs
[2024-09-25T13:59:01.568+0000] {logging_mixin.py:190} INFO - [2024-09-25T13:59:01.568+0000] {dag.py:4180} INFO - Setting next_dagrun for latest_only to 2024-09-25 08:00:00+00:00, run_after=2024-09-25 12:00:00+00:00
[2024-09-25T13:59:01.584+0000] {processor.py:208} INFO - Processing /home/airflow/.local/lib/python3.12/site-packages/airflow/example_dags/example_latest_only.py took 0.067 seconds
[2024-09-25T13:59:31.790+0000] {processor.py:186} INFO - Started process (PID=3709) to work on /home/airflow/.local/lib/python3.12/site-packages/airflow/example_dags/example_latest_only.py
[2024-09-25T13:59:31.791+0000] {processor.py:914} INFO - Processing file /home/airflow/.local/lib/python3.12/site-packages/airflow/example_dags/example_latest_only.py for tasks to queue
[2024-09-25T13:59:31.793+0000] {logging_mixin.py:190} INFO - [2024-09-25T13:59:31.792+0000] {dagbag.py:588} INFO - Filling up the DagBag from /home/airflow/.local/lib/python3.12/site-packages/airflow/example_dags/example_latest_only.py
[2024-09-25T13:59:31.799+0000] {processor.py:925} INFO - DAG(s) 'latest_only' retrieved from /home/airflow/.local/lib/python3.12/site-packages/airflow/example_dags/example_latest_only.py
[2024-09-25T13:59:31.815+0000] {logging_mixin.py:190} INFO - [2024-09-25T13:59:31.814+0000] {dag.py:3239} INFO - Sync 1 DAGs
[2024-09-25T13:59:31.836+0000] {logging_mixin.py:190} INFO - [2024-09-25T13:59:31.836+0000] {dag.py:4180} INFO - Setting next_dagrun for latest_only to 2024-09-25 08:00:00+00:00, run_after=2024-09-25 12:00:00+00:00
[2024-09-25T13:59:31.851+0000] {processor.py:208} INFO - Processing /home/airflow/.local/lib/python3.12/site-packages/airflow/example_dags/example_latest_only.py took 0.066 seconds
[2024-09-25T14:00:02.123+0000] {processor.py:186} INFO - Started process (PID=3995) to work on /home/airflow/.local/lib/python3.12/site-packages/airflow/example_dags/example_latest_only.py
[2024-09-25T14:00:02.124+0000] {processor.py:914} INFO - Processing file /home/airflow/.local/lib/python3.12/site-packages/airflow/example_dags/example_latest_only.py for tasks to queue
[2024-09-25T14:00:02.126+0000] {logging_mixin.py:190} INFO - [2024-09-25T14:00:02.126+0000] {dagbag.py:588} INFO - Filling up the DagBag from /home/airflow/.local/lib/python3.12/site-packages/airflow/example_dags/example_latest_only.py
[2024-09-25T14:00:02.132+0000] {processor.py:925} INFO - DAG(s) 'latest_only' retrieved from /home/airflow/.local/lib/python3.12/site-packages/airflow/example_dags/example_latest_only.py
[2024-09-25T14:00:02.147+0000] {logging_mixin.py:190} INFO - [2024-09-25T14:00:02.147+0000] {dag.py:3239} INFO - Sync 1 DAGs
[2024-09-25T14:00:02.169+0000] {logging_mixin.py:190} INFO - [2024-09-25T14:00:02.168+0000] {dag.py:4180} INFO - Setting next_dagrun for latest_only to 2024-09-25 08:00:00+00:00, run_after=2024-09-25 12:00:00+00:00
[2024-09-25T14:00:02.183+0000] {processor.py:208} INFO - Processing /home/airflow/.local/lib/python3.12/site-packages/airflow/example_dags/example_latest_only.py took 0.065 seconds
[2024-09-25T14:00:32.373+0000] {processor.py:186} INFO - Started process (PID=4281) to work on /home/airflow/.local/lib/python3.12/site-packages/airflow/example_dags/example_latest_only.py
[2024-09-25T14:00:32.374+0000] {processor.py:914} INFO - Processing file /home/airflow/.local/lib/python3.12/site-packages/airflow/example_dags/example_latest_only.py for tasks to queue
[2024-09-25T14:00:32.376+0000] {logging_mixin.py:190} INFO - [2024-09-25T14:00:32.376+0000] {dagbag.py:588} INFO - Filling up the DagBag from /home/airflow/.local/lib/python3.12/site-packages/airflow/example_dags/example_latest_only.py
[2024-09-25T14:00:32.382+0000] {processor.py:925} INFO - DAG(s) 'latest_only' retrieved from /home/airflow/.local/lib/python3.12/site-packages/airflow/example_dags/example_latest_only.py
[2024-09-25T14:00:32.398+0000] {logging_mixin.py:190} INFO - [2024-09-25T14:00:32.398+0000] {dag.py:3239} INFO - Sync 1 DAGs
[2024-09-25T14:00:32.419+0000] {logging_mixin.py:190} INFO - [2024-09-25T14:00:32.419+0000] {dag.py:4180} INFO - Setting next_dagrun for latest_only to 2024-09-25 08:00:00+00:00, run_after=2024-09-25 12:00:00+00:00
[2024-09-25T14:00:32.433+0000] {processor.py:208} INFO - Processing /home/airflow/.local/lib/python3.12/site-packages/airflow/example_dags/example_latest_only.py took 0.065 seconds
[2024-09-25T14:01:02.630+0000] {processor.py:186} INFO - Started process (PID=4567) to work on /home/airflow/.local/lib/python3.12/site-packages/airflow/example_dags/example_latest_only.py
[2024-09-25T14:01:02.631+0000] {processor.py:914} INFO - Processing file /home/airflow/.local/lib/python3.12/site-packages/airflow/example_dags/example_latest_only.py for tasks to queue
[2024-09-25T14:01:02.633+0000] {logging_mixin.py:190} INFO - [2024-09-25T14:01:02.633+0000] {dagbag.py:588} INFO - Filling up the DagBag from /home/airflow/.local/lib/python3.12/site-packages/airflow/example_dags/example_latest_only.py
[2024-09-25T14:01:02.639+0000] {processor.py:925} INFO - DAG(s) 'latest_only' retrieved from /home/airflow/.local/lib/python3.12/site-packages/airflow/example_dags/example_latest_only.py
[2024-09-25T14:01:02.655+0000] {logging_mixin.py:190} INFO - [2024-09-25T14:01:02.655+0000] {dag.py:3239} INFO - Sync 1 DAGs
[2024-09-25T14:01:02.678+0000] {logging_mixin.py:190} INFO - [2024-09-25T14:01:02.677+0000] {dag.py:4180} INFO - Setting next_dagrun for latest_only to 2024-09-25 08:00:00+00:00, run_after=2024-09-25 12:00:00+00:00
[2024-09-25T14:01:02.694+0000] {processor.py:208} INFO - Processing /home/airflow/.local/lib/python3.12/site-packages/airflow/example_dags/example_latest_only.py took 0.069 seconds
[2024-09-25T14:01:33.714+0000] {processor.py:186} INFO - Started process (PID=4853) to work on /home/airflow/.local/lib/python3.12/site-packages/airflow/example_dags/example_latest_only.py
[2024-09-25T14:01:33.715+0000] {processor.py:914} INFO - Processing file /home/airflow/.local/lib/python3.12/site-packages/airflow/example_dags/example_latest_only.py for tasks to queue
[2024-09-25T14:01:33.716+0000] {logging_mixin.py:190} INFO - [2024-09-25T14:01:33.716+0000] {dagbag.py:588} INFO - Filling up the DagBag from /home/airflow/.local/lib/python3.12/site-packages/airflow/example_dags/example_latest_only.py
[2024-09-25T14:01:33.722+0000] {processor.py:925} INFO - DAG(s) 'latest_only' retrieved from /home/airflow/.local/lib/python3.12/site-packages/airflow/example_dags/example_latest_only.py
[2024-09-25T14:01:33.739+0000] {logging_mixin.py:190} INFO - [2024-09-25T14:01:33.739+0000] {dag.py:3239} INFO - Sync 1 DAGs
[2024-09-25T14:01:33.759+0000] {logging_mixin.py:190} INFO - [2024-09-25T14:01:33.759+0000] {dag.py:4180} INFO - Setting next_dagrun for latest_only to 2024-09-25 08:00:00+00:00, run_after=2024-09-25 12:00:00+00:00
[2024-09-25T14:01:33.774+0000] {processor.py:208} INFO - Processing /home/airflow/.local/lib/python3.12/site-packages/airflow/example_dags/example_latest_only.py took 0.065 seconds
[2024-09-25T14:02:03.945+0000] {processor.py:186} INFO - Started process (PID=5139) to work on /home/airflow/.local/lib/python3.12/site-packages/airflow/example_dags/example_latest_only.py
[2024-09-25T14:02:03.945+0000] {processor.py:914} INFO - Processing file /home/airflow/.local/lib/python3.12/site-packages/airflow/example_dags/example_latest_only.py for tasks to queue
[2024-09-25T14:02:03.947+0000] {logging_mixin.py:190} INFO - [2024-09-25T14:02:03.947+0000] {dagbag.py:588} INFO - Filling up the DagBag from /home/airflow/.local/lib/python3.12/site-packages/airflow/example_dags/example_latest_only.py
[2024-09-25T14:02:03.953+0000] {processor.py:925} INFO - DAG(s) 'latest_only' retrieved from /home/airflow/.local/lib/python3.12/site-packages/airflow/example_dags/example_latest_only.py
[2024-09-25T14:02:03.969+0000] {logging_mixin.py:190} INFO - [2024-09-25T14:02:03.969+0000] {dag.py:3239} INFO - Sync 1 DAGs
[2024-09-25T14:02:03.989+0000] {logging_mixin.py:190} INFO - [2024-09-25T14:02:03.989+0000] {dag.py:4180} INFO - Setting next_dagrun for latest_only to 2024-09-25 08:00:00+00:00, run_after=2024-09-25 12:00:00+00:00
[2024-09-25T14:02:04.003+0000] {processor.py:208} INFO - Processing /home/airflow/.local/lib/python3.12/site-packages/airflow/example_dags/example_latest_only.py took 0.064 seconds
[2024-09-25T14:03:06.790+0000] {processor.py:186} INFO - Started process (PID=228) to work on /home/airflow/.local/lib/python3.12/site-packages/airflow/example_dags/example_latest_only.py
[2024-09-25T14:03:06.791+0000] {processor.py:914} INFO - Processing file /home/airflow/.local/lib/python3.12/site-packages/airflow/example_dags/example_latest_only.py for tasks to queue
[2024-09-25T14:03:06.793+0000] {logging_mixin.py:190} INFO - [2024-09-25T14:03:06.792+0000] {dagbag.py:588} INFO - Filling up the DagBag from /home/airflow/.local/lib/python3.12/site-packages/airflow/example_dags/example_latest_only.py
[2024-09-25T14:03:06.798+0000] {processor.py:925} INFO - DAG(s) 'latest_only' retrieved from /home/airflow/.local/lib/python3.12/site-packages/airflow/example_dags/example_latest_only.py
[2024-09-25T14:03:06.819+0000] {logging_mixin.py:190} INFO - [2024-09-25T14:03:06.819+0000] {dag.py:3239} INFO - Sync 1 DAGs
[2024-09-25T14:03:06.843+0000] {logging_mixin.py:190} INFO - [2024-09-25T14:03:06.843+0000] {dag.py:4180} INFO - Setting next_dagrun for latest_only to 2024-09-25 08:00:00+00:00, run_after=2024-09-25 12:00:00+00:00
[2024-09-25T14:03:06.858+0000] {processor.py:208} INFO - Processing /home/airflow/.local/lib/python3.12/site-packages/airflow/example_dags/example_latest_only.py took 0.073 seconds
[2024-09-25T14:03:37.189+0000] {processor.py:186} INFO - Started process (PID=538) to work on /home/airflow/.local/lib/python3.12/site-packages/airflow/example_dags/example_latest_only.py
[2024-09-25T14:03:37.190+0000] {processor.py:914} INFO - Processing file /home/airflow/.local/lib/python3.12/site-packages/airflow/example_dags/example_latest_only.py for tasks to queue
[2024-09-25T14:03:37.192+0000] {logging_mixin.py:190} INFO - [2024-09-25T14:03:37.192+0000] {dagbag.py:588} INFO - Filling up the DagBag from /home/airflow/.local/lib/python3.12/site-packages/airflow/example_dags/example_latest_only.py
[2024-09-25T14:03:37.197+0000] {processor.py:925} INFO - DAG(s) 'latest_only' retrieved from /home/airflow/.local/lib/python3.12/site-packages/airflow/example_dags/example_latest_only.py
[2024-09-25T14:03:37.213+0000] {logging_mixin.py:190} INFO - [2024-09-25T14:03:37.213+0000] {dag.py:3239} INFO - Sync 1 DAGs
[2024-09-25T14:03:37.234+0000] {logging_mixin.py:190} INFO - [2024-09-25T14:03:37.234+0000] {dag.py:4180} INFO - Setting next_dagrun for latest_only to 2024-09-25 08:00:00+00:00, run_after=2024-09-25 12:00:00+00:00
[2024-09-25T14:03:37.249+0000] {processor.py:208} INFO - Processing /home/airflow/.local/lib/python3.12/site-packages/airflow/example_dags/example_latest_only.py took 0.065 seconds
