[2024-09-25T13:53:29.087+0000] {processor.py:186} INFO - Started process (PID=341) to work on /home/airflow/.local/lib/python3.12/site-packages/airflow/example_dags/example_skip_dag.py
[2024-09-25T13:53:29.088+0000] {processor.py:914} INFO - Processing file /home/airflow/.local/lib/python3.12/site-packages/airflow/example_dags/example_skip_dag.py for tasks to queue
[2024-09-25T13:53:29.090+0000] {logging_mixin.py:190} INFO - [2024-09-25T13:53:29.090+0000] {dagbag.py:588} INFO - Filling up the DagBag from /home/airflow/.local/lib/python3.12/site-packages/airflow/example_dags/example_skip_dag.py
[2024-09-25T13:53:29.097+0000] {processor.py:925} INFO - DAG(s) 'example_skip_dag' retrieved from /home/airflow/.local/lib/python3.12/site-packages/airflow/example_dags/example_skip_dag.py
[2024-09-25T13:53:29.116+0000] {logging_mixin.py:190} INFO - [2024-09-25T13:53:29.116+0000] {dag.py:3239} INFO - Sync 1 DAGs
[2024-09-25T13:53:29.139+0000] {logging_mixin.py:190} INFO - [2024-09-25T13:53:29.138+0000] {dag.py:4180} INFO - Setting next_dagrun for example_skip_dag to 2024-09-24 00:00:00+00:00, run_after=2024-09-25 00:00:00+00:00
[2024-09-25T13:53:29.158+0000] {processor.py:208} INFO - Processing /home/airflow/.local/lib/python3.12/site-packages/airflow/example_dags/example_skip_dag.py took 0.076 seconds
[2024-09-25T13:53:59.378+0000] {processor.py:186} INFO - Started process (PID=640) to work on /home/airflow/.local/lib/python3.12/site-packages/airflow/example_dags/example_skip_dag.py
[2024-09-25T13:53:59.378+0000] {processor.py:914} INFO - Processing file /home/airflow/.local/lib/python3.12/site-packages/airflow/example_dags/example_skip_dag.py for tasks to queue
[2024-09-25T13:53:59.381+0000] {logging_mixin.py:190} INFO - [2024-09-25T13:53:59.381+0000] {dagbag.py:588} INFO - Filling up the DagBag from /home/airflow/.local/lib/python3.12/site-packages/airflow/example_dags/example_skip_dag.py
[2024-09-25T13:53:59.387+0000] {processor.py:925} INFO - DAG(s) 'example_skip_dag' retrieved from /home/airflow/.local/lib/python3.12/site-packages/airflow/example_dags/example_skip_dag.py
[2024-09-25T13:53:59.404+0000] {logging_mixin.py:190} INFO - [2024-09-25T13:53:59.404+0000] {dag.py:3239} INFO - Sync 1 DAGs
[2024-09-25T13:53:59.425+0000] {logging_mixin.py:190} INFO - [2024-09-25T13:53:59.425+0000] {dag.py:4180} INFO - Setting next_dagrun for example_skip_dag to 2024-09-24 00:00:00+00:00, run_after=2024-09-25 00:00:00+00:00
[2024-09-25T13:53:59.441+0000] {processor.py:208} INFO - Processing /home/airflow/.local/lib/python3.12/site-packages/airflow/example_dags/example_skip_dag.py took 0.069 seconds
[2024-09-25T13:54:29.888+0000] {processor.py:186} INFO - Started process (PID=926) to work on /home/airflow/.local/lib/python3.12/site-packages/airflow/example_dags/example_skip_dag.py
[2024-09-25T13:54:29.888+0000] {processor.py:914} INFO - Processing file /home/airflow/.local/lib/python3.12/site-packages/airflow/example_dags/example_skip_dag.py for tasks to queue
[2024-09-25T13:54:29.890+0000] {logging_mixin.py:190} INFO - [2024-09-25T13:54:29.890+0000] {dagbag.py:588} INFO - Filling up the DagBag from /home/airflow/.local/lib/python3.12/site-packages/airflow/example_dags/example_skip_dag.py
[2024-09-25T13:54:29.896+0000] {processor.py:925} INFO - DAG(s) 'example_skip_dag' retrieved from /home/airflow/.local/lib/python3.12/site-packages/airflow/example_dags/example_skip_dag.py
[2024-09-25T13:54:29.914+0000] {logging_mixin.py:190} INFO - [2024-09-25T13:54:29.914+0000] {dag.py:3239} INFO - Sync 1 DAGs
[2024-09-25T13:54:29.935+0000] {logging_mixin.py:190} INFO - [2024-09-25T13:54:29.935+0000] {dag.py:4180} INFO - Setting next_dagrun for example_skip_dag to 2024-09-24 00:00:00+00:00, run_after=2024-09-25 00:00:00+00:00
[2024-09-25T13:54:29.951+0000] {processor.py:208} INFO - Processing /home/airflow/.local/lib/python3.12/site-packages/airflow/example_dags/example_skip_dag.py took 0.068 seconds
[2024-09-25T13:55:00.373+0000] {processor.py:186} INFO - Started process (PID=1212) to work on /home/airflow/.local/lib/python3.12/site-packages/airflow/example_dags/example_skip_dag.py
[2024-09-25T13:55:00.374+0000] {processor.py:914} INFO - Processing file /home/airflow/.local/lib/python3.12/site-packages/airflow/example_dags/example_skip_dag.py for tasks to queue
[2024-09-25T13:55:00.376+0000] {logging_mixin.py:190} INFO - [2024-09-25T13:55:00.375+0000] {dagbag.py:588} INFO - Filling up the DagBag from /home/airflow/.local/lib/python3.12/site-packages/airflow/example_dags/example_skip_dag.py
[2024-09-25T13:55:00.382+0000] {processor.py:925} INFO - DAG(s) 'example_skip_dag' retrieved from /home/airflow/.local/lib/python3.12/site-packages/airflow/example_dags/example_skip_dag.py
[2024-09-25T13:55:00.400+0000] {logging_mixin.py:190} INFO - [2024-09-25T13:55:00.400+0000] {dag.py:3239} INFO - Sync 1 DAGs
[2024-09-25T13:55:00.421+0000] {logging_mixin.py:190} INFO - [2024-09-25T13:55:00.421+0000] {dag.py:4180} INFO - Setting next_dagrun for example_skip_dag to 2024-09-24 00:00:00+00:00, run_after=2024-09-25 00:00:00+00:00
[2024-09-25T13:55:00.437+0000] {processor.py:208} INFO - Processing /home/airflow/.local/lib/python3.12/site-packages/airflow/example_dags/example_skip_dag.py took 0.069 seconds
[2024-09-25T13:55:30.638+0000] {processor.py:186} INFO - Started process (PID=1498) to work on /home/airflow/.local/lib/python3.12/site-packages/airflow/example_dags/example_skip_dag.py
[2024-09-25T13:55:30.639+0000] {processor.py:914} INFO - Processing file /home/airflow/.local/lib/python3.12/site-packages/airflow/example_dags/example_skip_dag.py for tasks to queue
[2024-09-25T13:55:30.641+0000] {logging_mixin.py:190} INFO - [2024-09-25T13:55:30.641+0000] {dagbag.py:588} INFO - Filling up the DagBag from /home/airflow/.local/lib/python3.12/site-packages/airflow/example_dags/example_skip_dag.py
[2024-09-25T13:55:30.647+0000] {processor.py:925} INFO - DAG(s) 'example_skip_dag' retrieved from /home/airflow/.local/lib/python3.12/site-packages/airflow/example_dags/example_skip_dag.py
[2024-09-25T13:55:30.666+0000] {logging_mixin.py:190} INFO - [2024-09-25T13:55:30.666+0000] {dag.py:3239} INFO - Sync 1 DAGs
[2024-09-25T13:55:30.686+0000] {logging_mixin.py:190} INFO - [2024-09-25T13:55:30.686+0000] {dag.py:4180} INFO - Setting next_dagrun for example_skip_dag to 2024-09-24 00:00:00+00:00, run_after=2024-09-25 00:00:00+00:00
[2024-09-25T13:55:30.701+0000] {processor.py:208} INFO - Processing /home/airflow/.local/lib/python3.12/site-packages/airflow/example_dags/example_skip_dag.py took 0.068 seconds
[2024-09-25T13:56:00.920+0000] {processor.py:186} INFO - Started process (PID=1792) to work on /home/airflow/.local/lib/python3.12/site-packages/airflow/example_dags/example_skip_dag.py
[2024-09-25T13:56:00.921+0000] {processor.py:914} INFO - Processing file /home/airflow/.local/lib/python3.12/site-packages/airflow/example_dags/example_skip_dag.py for tasks to queue
[2024-09-25T13:56:00.923+0000] {logging_mixin.py:190} INFO - [2024-09-25T13:56:00.923+0000] {dagbag.py:588} INFO - Filling up the DagBag from /home/airflow/.local/lib/python3.12/site-packages/airflow/example_dags/example_skip_dag.py
[2024-09-25T13:56:00.929+0000] {processor.py:925} INFO - DAG(s) 'example_skip_dag' retrieved from /home/airflow/.local/lib/python3.12/site-packages/airflow/example_dags/example_skip_dag.py
[2024-09-25T13:56:00.947+0000] {logging_mixin.py:190} INFO - [2024-09-25T13:56:00.947+0000] {dag.py:3239} INFO - Sync 1 DAGs
[2024-09-25T13:56:00.967+0000] {logging_mixin.py:190} INFO - [2024-09-25T13:56:00.967+0000] {dag.py:4180} INFO - Setting next_dagrun for example_skip_dag to 2024-09-24 00:00:00+00:00, run_after=2024-09-25 00:00:00+00:00
[2024-09-25T13:56:00.983+0000] {processor.py:208} INFO - Processing /home/airflow/.local/lib/python3.12/site-packages/airflow/example_dags/example_skip_dag.py took 0.068 seconds
[2024-09-25T13:56:31.186+0000] {processor.py:186} INFO - Started process (PID=2078) to work on /home/airflow/.local/lib/python3.12/site-packages/airflow/example_dags/example_skip_dag.py
[2024-09-25T13:56:31.187+0000] {processor.py:914} INFO - Processing file /home/airflow/.local/lib/python3.12/site-packages/airflow/example_dags/example_skip_dag.py for tasks to queue
[2024-09-25T13:56:31.189+0000] {logging_mixin.py:190} INFO - [2024-09-25T13:56:31.189+0000] {dagbag.py:588} INFO - Filling up the DagBag from /home/airflow/.local/lib/python3.12/site-packages/airflow/example_dags/example_skip_dag.py
[2024-09-25T13:56:31.196+0000] {processor.py:925} INFO - DAG(s) 'example_skip_dag' retrieved from /home/airflow/.local/lib/python3.12/site-packages/airflow/example_dags/example_skip_dag.py
[2024-09-25T13:56:31.216+0000] {logging_mixin.py:190} INFO - [2024-09-25T13:56:31.216+0000] {dag.py:3239} INFO - Sync 1 DAGs
[2024-09-25T13:56:31.238+0000] {logging_mixin.py:190} INFO - [2024-09-25T13:56:31.237+0000] {dag.py:4180} INFO - Setting next_dagrun for example_skip_dag to 2024-09-24 00:00:00+00:00, run_after=2024-09-25 00:00:00+00:00
[2024-09-25T13:56:31.254+0000] {processor.py:208} INFO - Processing /home/airflow/.local/lib/python3.12/site-packages/airflow/example_dags/example_skip_dag.py took 0.074 seconds
[2024-09-25T13:57:01.678+0000] {processor.py:186} INFO - Started process (PID=2364) to work on /home/airflow/.local/lib/python3.12/site-packages/airflow/example_dags/example_skip_dag.py
[2024-09-25T13:57:01.678+0000] {processor.py:914} INFO - Processing file /home/airflow/.local/lib/python3.12/site-packages/airflow/example_dags/example_skip_dag.py for tasks to queue
[2024-09-25T13:57:01.680+0000] {logging_mixin.py:190} INFO - [2024-09-25T13:57:01.680+0000] {dagbag.py:588} INFO - Filling up the DagBag from /home/airflow/.local/lib/python3.12/site-packages/airflow/example_dags/example_skip_dag.py
[2024-09-25T13:57:01.687+0000] {processor.py:925} INFO - DAG(s) 'example_skip_dag' retrieved from /home/airflow/.local/lib/python3.12/site-packages/airflow/example_dags/example_skip_dag.py
[2024-09-25T13:57:01.704+0000] {logging_mixin.py:190} INFO - [2024-09-25T13:57:01.704+0000] {dag.py:3239} INFO - Sync 1 DAGs
[2024-09-25T13:57:01.725+0000] {logging_mixin.py:190} INFO - [2024-09-25T13:57:01.725+0000] {dag.py:4180} INFO - Setting next_dagrun for example_skip_dag to 2024-09-24 00:00:00+00:00, run_after=2024-09-25 00:00:00+00:00
[2024-09-25T13:57:01.742+0000] {processor.py:208} INFO - Processing /home/airflow/.local/lib/python3.12/site-packages/airflow/example_dags/example_skip_dag.py took 0.070 seconds
[2024-09-25T13:57:31.930+0000] {processor.py:186} INFO - Started process (PID=2651) to work on /home/airflow/.local/lib/python3.12/site-packages/airflow/example_dags/example_skip_dag.py
[2024-09-25T13:57:31.930+0000] {processor.py:914} INFO - Processing file /home/airflow/.local/lib/python3.12/site-packages/airflow/example_dags/example_skip_dag.py for tasks to queue
[2024-09-25T13:57:31.932+0000] {logging_mixin.py:190} INFO - [2024-09-25T13:57:31.932+0000] {dagbag.py:588} INFO - Filling up the DagBag from /home/airflow/.local/lib/python3.12/site-packages/airflow/example_dags/example_skip_dag.py
[2024-09-25T13:57:31.939+0000] {processor.py:925} INFO - DAG(s) 'example_skip_dag' retrieved from /home/airflow/.local/lib/python3.12/site-packages/airflow/example_dags/example_skip_dag.py
[2024-09-25T13:57:31.956+0000] {logging_mixin.py:190} INFO - [2024-09-25T13:57:31.956+0000] {dag.py:3239} INFO - Sync 1 DAGs
[2024-09-25T13:57:31.976+0000] {logging_mixin.py:190} INFO - [2024-09-25T13:57:31.976+0000] {dag.py:4180} INFO - Setting next_dagrun for example_skip_dag to 2024-09-24 00:00:00+00:00, run_after=2024-09-25 00:00:00+00:00
[2024-09-25T13:57:31.992+0000] {processor.py:208} INFO - Processing /home/airflow/.local/lib/python3.12/site-packages/airflow/example_dags/example_skip_dag.py took 0.067 seconds
[2024-09-25T13:58:02.280+0000] {processor.py:186} INFO - Started process (PID=2939) to work on /home/airflow/.local/lib/python3.12/site-packages/airflow/example_dags/example_skip_dag.py
[2024-09-25T13:58:02.281+0000] {processor.py:914} INFO - Processing file /home/airflow/.local/lib/python3.12/site-packages/airflow/example_dags/example_skip_dag.py for tasks to queue
[2024-09-25T13:58:02.283+0000] {logging_mixin.py:190} INFO - [2024-09-25T13:58:02.283+0000] {dagbag.py:588} INFO - Filling up the DagBag from /home/airflow/.local/lib/python3.12/site-packages/airflow/example_dags/example_skip_dag.py
[2024-09-25T13:58:02.290+0000] {processor.py:925} INFO - DAG(s) 'example_skip_dag' retrieved from /home/airflow/.local/lib/python3.12/site-packages/airflow/example_dags/example_skip_dag.py
[2024-09-25T13:58:02.308+0000] {logging_mixin.py:190} INFO - [2024-09-25T13:58:02.307+0000] {dag.py:3239} INFO - Sync 1 DAGs
[2024-09-25T13:58:02.327+0000] {logging_mixin.py:190} INFO - [2024-09-25T13:58:02.327+0000] {dag.py:4180} INFO - Setting next_dagrun for example_skip_dag to 2024-09-24 00:00:00+00:00, run_after=2024-09-25 00:00:00+00:00
[2024-09-25T13:58:02.342+0000] {processor.py:208} INFO - Processing /home/airflow/.local/lib/python3.12/site-packages/airflow/example_dags/example_skip_dag.py took 0.069 seconds
[2024-09-25T13:58:32.627+0000] {processor.py:186} INFO - Started process (PID=3237) to work on /home/airflow/.local/lib/python3.12/site-packages/airflow/example_dags/example_skip_dag.py
[2024-09-25T13:58:32.628+0000] {processor.py:914} INFO - Processing file /home/airflow/.local/lib/python3.12/site-packages/airflow/example_dags/example_skip_dag.py for tasks to queue
[2024-09-25T13:58:32.630+0000] {logging_mixin.py:190} INFO - [2024-09-25T13:58:32.630+0000] {dagbag.py:588} INFO - Filling up the DagBag from /home/airflow/.local/lib/python3.12/site-packages/airflow/example_dags/example_skip_dag.py
[2024-09-25T13:58:32.637+0000] {processor.py:925} INFO - DAG(s) 'example_skip_dag' retrieved from /home/airflow/.local/lib/python3.12/site-packages/airflow/example_dags/example_skip_dag.py
[2024-09-25T13:58:32.654+0000] {logging_mixin.py:190} INFO - [2024-09-25T13:58:32.654+0000] {dag.py:3239} INFO - Sync 1 DAGs
[2024-09-25T13:58:32.674+0000] {logging_mixin.py:190} INFO - [2024-09-25T13:58:32.674+0000] {dag.py:4180} INFO - Setting next_dagrun for example_skip_dag to 2024-09-24 00:00:00+00:00, run_after=2024-09-25 00:00:00+00:00
[2024-09-25T13:58:32.689+0000] {processor.py:208} INFO - Processing /home/airflow/.local/lib/python3.12/site-packages/airflow/example_dags/example_skip_dag.py took 0.067 seconds
[2024-09-25T13:59:02.829+0000] {processor.py:186} INFO - Started process (PID=3523) to work on /home/airflow/.local/lib/python3.12/site-packages/airflow/example_dags/example_skip_dag.py
[2024-09-25T13:59:02.830+0000] {processor.py:914} INFO - Processing file /home/airflow/.local/lib/python3.12/site-packages/airflow/example_dags/example_skip_dag.py for tasks to queue
[2024-09-25T13:59:02.832+0000] {logging_mixin.py:190} INFO - [2024-09-25T13:59:02.832+0000] {dagbag.py:588} INFO - Filling up the DagBag from /home/airflow/.local/lib/python3.12/site-packages/airflow/example_dags/example_skip_dag.py
[2024-09-25T13:59:02.839+0000] {processor.py:925} INFO - DAG(s) 'example_skip_dag' retrieved from /home/airflow/.local/lib/python3.12/site-packages/airflow/example_dags/example_skip_dag.py
[2024-09-25T13:59:02.856+0000] {logging_mixin.py:190} INFO - [2024-09-25T13:59:02.855+0000] {dag.py:3239} INFO - Sync 1 DAGs
[2024-09-25T13:59:02.876+0000] {logging_mixin.py:190} INFO - [2024-09-25T13:59:02.876+0000] {dag.py:4180} INFO - Setting next_dagrun for example_skip_dag to 2024-09-24 00:00:00+00:00, run_after=2024-09-25 00:00:00+00:00
[2024-09-25T13:59:02.892+0000] {processor.py:208} INFO - Processing /home/airflow/.local/lib/python3.12/site-packages/airflow/example_dags/example_skip_dag.py took 0.068 seconds
[2024-09-25T13:59:33.185+0000] {processor.py:186} INFO - Started process (PID=3809) to work on /home/airflow/.local/lib/python3.12/site-packages/airflow/example_dags/example_skip_dag.py
[2024-09-25T13:59:33.186+0000] {processor.py:914} INFO - Processing file /home/airflow/.local/lib/python3.12/site-packages/airflow/example_dags/example_skip_dag.py for tasks to queue
[2024-09-25T13:59:33.187+0000] {logging_mixin.py:190} INFO - [2024-09-25T13:59:33.187+0000] {dagbag.py:588} INFO - Filling up the DagBag from /home/airflow/.local/lib/python3.12/site-packages/airflow/example_dags/example_skip_dag.py
[2024-09-25T13:59:33.194+0000] {processor.py:925} INFO - DAG(s) 'example_skip_dag' retrieved from /home/airflow/.local/lib/python3.12/site-packages/airflow/example_dags/example_skip_dag.py
[2024-09-25T13:59:33.213+0000] {logging_mixin.py:190} INFO - [2024-09-25T13:59:33.212+0000] {dag.py:3239} INFO - Sync 1 DAGs
[2024-09-25T13:59:33.233+0000] {logging_mixin.py:190} INFO - [2024-09-25T13:59:33.233+0000] {dag.py:4180} INFO - Setting next_dagrun for example_skip_dag to 2024-09-24 00:00:00+00:00, run_after=2024-09-25 00:00:00+00:00
[2024-09-25T13:59:33.248+0000] {processor.py:208} INFO - Processing /home/airflow/.local/lib/python3.12/site-packages/airflow/example_dags/example_skip_dag.py took 0.068 seconds
[2024-09-25T14:00:03.410+0000] {processor.py:186} INFO - Started process (PID=4095) to work on /home/airflow/.local/lib/python3.12/site-packages/airflow/example_dags/example_skip_dag.py
[2024-09-25T14:00:03.411+0000] {processor.py:914} INFO - Processing file /home/airflow/.local/lib/python3.12/site-packages/airflow/example_dags/example_skip_dag.py for tasks to queue
[2024-09-25T14:00:03.413+0000] {logging_mixin.py:190} INFO - [2024-09-25T14:00:03.413+0000] {dagbag.py:588} INFO - Filling up the DagBag from /home/airflow/.local/lib/python3.12/site-packages/airflow/example_dags/example_skip_dag.py
[2024-09-25T14:00:03.419+0000] {processor.py:925} INFO - DAG(s) 'example_skip_dag' retrieved from /home/airflow/.local/lib/python3.12/site-packages/airflow/example_dags/example_skip_dag.py
[2024-09-25T14:00:03.437+0000] {logging_mixin.py:190} INFO - [2024-09-25T14:00:03.437+0000] {dag.py:3239} INFO - Sync 1 DAGs
[2024-09-25T14:00:03.459+0000] {logging_mixin.py:190} INFO - [2024-09-25T14:00:03.458+0000] {dag.py:4180} INFO - Setting next_dagrun for example_skip_dag to 2024-09-24 00:00:00+00:00, run_after=2024-09-25 00:00:00+00:00
[2024-09-25T14:00:03.473+0000] {processor.py:208} INFO - Processing /home/airflow/.local/lib/python3.12/site-packages/airflow/example_dags/example_skip_dag.py took 0.068 seconds
[2024-09-25T14:00:33.713+0000] {processor.py:186} INFO - Started process (PID=4381) to work on /home/airflow/.local/lib/python3.12/site-packages/airflow/example_dags/example_skip_dag.py
[2024-09-25T14:00:33.714+0000] {processor.py:914} INFO - Processing file /home/airflow/.local/lib/python3.12/site-packages/airflow/example_dags/example_skip_dag.py for tasks to queue
[2024-09-25T14:00:33.716+0000] {logging_mixin.py:190} INFO - [2024-09-25T14:00:33.716+0000] {dagbag.py:588} INFO - Filling up the DagBag from /home/airflow/.local/lib/python3.12/site-packages/airflow/example_dags/example_skip_dag.py
[2024-09-25T14:00:33.723+0000] {processor.py:925} INFO - DAG(s) 'example_skip_dag' retrieved from /home/airflow/.local/lib/python3.12/site-packages/airflow/example_dags/example_skip_dag.py
[2024-09-25T14:00:33.740+0000] {logging_mixin.py:190} INFO - [2024-09-25T14:00:33.740+0000] {dag.py:3239} INFO - Sync 1 DAGs
[2024-09-25T14:00:33.760+0000] {logging_mixin.py:190} INFO - [2024-09-25T14:00:33.760+0000] {dag.py:4180} INFO - Setting next_dagrun for example_skip_dag to 2024-09-24 00:00:00+00:00, run_after=2024-09-25 00:00:00+00:00
[2024-09-25T14:00:33.776+0000] {processor.py:208} INFO - Processing /home/airflow/.local/lib/python3.12/site-packages/airflow/example_dags/example_skip_dag.py took 0.068 seconds
[2024-09-25T14:01:03.939+0000] {processor.py:186} INFO - Started process (PID=4667) to work on /home/airflow/.local/lib/python3.12/site-packages/airflow/example_dags/example_skip_dag.py
[2024-09-25T14:01:03.940+0000] {processor.py:914} INFO - Processing file /home/airflow/.local/lib/python3.12/site-packages/airflow/example_dags/example_skip_dag.py for tasks to queue
[2024-09-25T14:01:03.942+0000] {logging_mixin.py:190} INFO - [2024-09-25T14:01:03.941+0000] {dagbag.py:588} INFO - Filling up the DagBag from /home/airflow/.local/lib/python3.12/site-packages/airflow/example_dags/example_skip_dag.py
[2024-09-25T14:01:03.948+0000] {processor.py:925} INFO - DAG(s) 'example_skip_dag' retrieved from /home/airflow/.local/lib/python3.12/site-packages/airflow/example_dags/example_skip_dag.py
[2024-09-25T14:01:03.967+0000] {logging_mixin.py:190} INFO - [2024-09-25T14:01:03.966+0000] {dag.py:3239} INFO - Sync 1 DAGs
[2024-09-25T14:01:03.990+0000] {logging_mixin.py:190} INFO - [2024-09-25T14:01:03.989+0000] {dag.py:4180} INFO - Setting next_dagrun for example_skip_dag to 2024-09-24 00:00:00+00:00, run_after=2024-09-25 00:00:00+00:00
[2024-09-25T14:01:04.006+0000] {processor.py:208} INFO - Processing /home/airflow/.local/lib/python3.12/site-packages/airflow/example_dags/example_skip_dag.py took 0.072 seconds
[2024-09-25T14:01:35.092+0000] {processor.py:186} INFO - Started process (PID=4955) to work on /home/airflow/.local/lib/python3.12/site-packages/airflow/example_dags/example_skip_dag.py
[2024-09-25T14:01:35.093+0000] {processor.py:914} INFO - Processing file /home/airflow/.local/lib/python3.12/site-packages/airflow/example_dags/example_skip_dag.py for tasks to queue
[2024-09-25T14:01:35.095+0000] {logging_mixin.py:190} INFO - [2024-09-25T14:01:35.094+0000] {dagbag.py:588} INFO - Filling up the DagBag from /home/airflow/.local/lib/python3.12/site-packages/airflow/example_dags/example_skip_dag.py
[2024-09-25T14:01:35.101+0000] {processor.py:925} INFO - DAG(s) 'example_skip_dag' retrieved from /home/airflow/.local/lib/python3.12/site-packages/airflow/example_dags/example_skip_dag.py
[2024-09-25T14:01:35.118+0000] {logging_mixin.py:190} INFO - [2024-09-25T14:01:35.118+0000] {dag.py:3239} INFO - Sync 1 DAGs
[2024-09-25T14:01:35.139+0000] {logging_mixin.py:190} INFO - [2024-09-25T14:01:35.139+0000] {dag.py:4180} INFO - Setting next_dagrun for example_skip_dag to 2024-09-24 00:00:00+00:00, run_after=2024-09-25 00:00:00+00:00
[2024-09-25T14:01:35.155+0000] {processor.py:208} INFO - Processing /home/airflow/.local/lib/python3.12/site-packages/airflow/example_dags/example_skip_dag.py took 0.069 seconds
[2024-09-25T14:02:06.239+0000] {processor.py:186} INFO - Started process (PID=5241) to work on /home/airflow/.local/lib/python3.12/site-packages/airflow/example_dags/example_skip_dag.py
[2024-09-25T14:02:06.240+0000] {processor.py:914} INFO - Processing file /home/airflow/.local/lib/python3.12/site-packages/airflow/example_dags/example_skip_dag.py for tasks to queue
[2024-09-25T14:02:06.241+0000] {logging_mixin.py:190} INFO - [2024-09-25T14:02:06.241+0000] {dagbag.py:588} INFO - Filling up the DagBag from /home/airflow/.local/lib/python3.12/site-packages/airflow/example_dags/example_skip_dag.py
[2024-09-25T14:02:06.248+0000] {processor.py:925} INFO - DAG(s) 'example_skip_dag' retrieved from /home/airflow/.local/lib/python3.12/site-packages/airflow/example_dags/example_skip_dag.py
[2024-09-25T14:02:06.265+0000] {logging_mixin.py:190} INFO - [2024-09-25T14:02:06.265+0000] {dag.py:3239} INFO - Sync 1 DAGs
[2024-09-25T14:02:06.289+0000] {logging_mixin.py:190} INFO - [2024-09-25T14:02:06.288+0000] {dag.py:4180} INFO - Setting next_dagrun for example_skip_dag to 2024-09-24 00:00:00+00:00, run_after=2024-09-25 00:00:00+00:00
[2024-09-25T14:02:06.306+0000] {processor.py:208} INFO - Processing /home/airflow/.local/lib/python3.12/site-packages/airflow/example_dags/example_skip_dag.py took 0.073 seconds
[2024-09-25T14:03:08.138+0000] {processor.py:186} INFO - Started process (PID=334) to work on /home/airflow/.local/lib/python3.12/site-packages/airflow/example_dags/example_skip_dag.py
[2024-09-25T14:03:08.139+0000] {processor.py:914} INFO - Processing file /home/airflow/.local/lib/python3.12/site-packages/airflow/example_dags/example_skip_dag.py for tasks to queue
[2024-09-25T14:03:08.141+0000] {logging_mixin.py:190} INFO - [2024-09-25T14:03:08.141+0000] {dagbag.py:588} INFO - Filling up the DagBag from /home/airflow/.local/lib/python3.12/site-packages/airflow/example_dags/example_skip_dag.py
[2024-09-25T14:03:08.148+0000] {processor.py:925} INFO - DAG(s) 'example_skip_dag' retrieved from /home/airflow/.local/lib/python3.12/site-packages/airflow/example_dags/example_skip_dag.py
[2024-09-25T14:03:08.170+0000] {logging_mixin.py:190} INFO - [2024-09-25T14:03:08.169+0000] {dag.py:3239} INFO - Sync 1 DAGs
[2024-09-25T14:03:08.189+0000] {logging_mixin.py:190} INFO - [2024-09-25T14:03:08.189+0000] {dag.py:4180} INFO - Setting next_dagrun for example_skip_dag to 2024-09-24 00:00:00+00:00, run_after=2024-09-25 00:00:00+00:00
[2024-09-25T14:03:08.205+0000] {processor.py:208} INFO - Processing /home/airflow/.local/lib/python3.12/site-packages/airflow/example_dags/example_skip_dag.py took 0.072 seconds
[2024-09-25T14:03:38.318+0000] {processor.py:186} INFO - Started process (PID=638) to work on /home/airflow/.local/lib/python3.12/site-packages/airflow/example_dags/example_skip_dag.py
[2024-09-25T14:03:38.319+0000] {processor.py:914} INFO - Processing file /home/airflow/.local/lib/python3.12/site-packages/airflow/example_dags/example_skip_dag.py for tasks to queue
[2024-09-25T14:03:38.321+0000] {logging_mixin.py:190} INFO - [2024-09-25T14:03:38.321+0000] {dagbag.py:588} INFO - Filling up the DagBag from /home/airflow/.local/lib/python3.12/site-packages/airflow/example_dags/example_skip_dag.py
[2024-09-25T14:03:38.327+0000] {processor.py:925} INFO - DAG(s) 'example_skip_dag' retrieved from /home/airflow/.local/lib/python3.12/site-packages/airflow/example_dags/example_skip_dag.py
[2024-09-25T14:03:38.345+0000] {logging_mixin.py:190} INFO - [2024-09-25T14:03:38.345+0000] {dag.py:3239} INFO - Sync 1 DAGs
[2024-09-25T14:03:38.365+0000] {logging_mixin.py:190} INFO - [2024-09-25T14:03:38.365+0000] {dag.py:4180} INFO - Setting next_dagrun for example_skip_dag to 2024-09-24 00:00:00+00:00, run_after=2024-09-25 00:00:00+00:00
[2024-09-25T14:03:38.381+0000] {processor.py:208} INFO - Processing /home/airflow/.local/lib/python3.12/site-packages/airflow/example_dags/example_skip_dag.py took 0.067 seconds
