[2024-09-25T13:53:29.289+0000] {processor.py:186} INFO - Started process (PID=356) to work on /home/airflow/.local/lib/python3.12/site-packages/airflow/example_dags/example_subdag_operator.py
[2024-09-25T13:53:29.290+0000] {processor.py:914} INFO - Processing file /home/airflow/.local/lib/python3.12/site-packages/airflow/example_dags/example_subdag_operator.py for tasks to queue
[2024-09-25T13:53:29.292+0000] {logging_mixin.py:190} INFO - [2024-09-25T13:53:29.291+0000] {dagbag.py:588} INFO - Filling up the DagBag from /home/airflow/.local/lib/python3.12/site-packages/airflow/example_dags/example_subdag_operator.py
[2024-09-25T13:53:29.315+0000] {processor.py:925} INFO - DAG(s) 'example_subdag_operator.section-1', 'example_subdag_operator.section-2', 'example_subdag_operator' retrieved from /home/airflow/.local/lib/python3.12/site-packages/airflow/example_dags/example_subdag_operator.py
[2024-09-25T13:53:29.330+0000] {logging_mixin.py:190} INFO - [2024-09-25T13:53:29.330+0000] {dag.py:3239} INFO - Sync 3 DAGs
[2024-09-25T13:53:29.350+0000] {logging_mixin.py:190} INFO - [2024-09-25T13:53:29.350+0000] {dag.py:4180} INFO - Setting next_dagrun for example_subdag_operator to 2022-01-01 00:00:00+00:00, run_after=2022-01-01 00:00:00+00:00
[2024-09-25T13:53:29.354+0000] {logging_mixin.py:190} INFO - [2024-09-25T13:53:29.354+0000] {dag.py:4180} INFO - Setting next_dagrun for example_subdag_operator.section-1 to None, run_after=None
[2024-09-25T13:53:29.357+0000] {logging_mixin.py:190} INFO - [2024-09-25T13:53:29.357+0000] {dag.py:4180} INFO - Setting next_dagrun for example_subdag_operator.section-2 to None, run_after=None
[2024-09-25T13:53:29.363+0000] {logging_mixin.py:190} INFO - [2024-09-25T13:53:29.363+0000] {dag.py:3239} INFO - Sync 2 DAGs
[2024-09-25T13:53:29.368+0000] {logging_mixin.py:190} INFO - [2024-09-25T13:53:29.368+0000] {dag.py:4180} INFO - Setting next_dagrun for example_subdag_operator.section-1 to None, run_after=None
[2024-09-25T13:53:29.369+0000] {logging_mixin.py:190} INFO - [2024-09-25T13:53:29.369+0000] {dag.py:4180} INFO - Setting next_dagrun for example_subdag_operator.section-2 to None, run_after=None
[2024-09-25T13:53:29.378+0000] {processor.py:208} INFO - Processing /home/airflow/.local/lib/python3.12/site-packages/airflow/example_dags/example_subdag_operator.py took 0.094 seconds
[2024-09-25T13:53:59.542+0000] {processor.py:186} INFO - Started process (PID=657) to work on /home/airflow/.local/lib/python3.12/site-packages/airflow/example_dags/example_subdag_operator.py
[2024-09-25T13:53:59.543+0000] {processor.py:914} INFO - Processing file /home/airflow/.local/lib/python3.12/site-packages/airflow/example_dags/example_subdag_operator.py for tasks to queue
[2024-09-25T13:53:59.545+0000] {logging_mixin.py:190} INFO - [2024-09-25T13:53:59.545+0000] {dagbag.py:588} INFO - Filling up the DagBag from /home/airflow/.local/lib/python3.12/site-packages/airflow/example_dags/example_subdag_operator.py
[2024-09-25T13:53:59.565+0000] {processor.py:925} INFO - DAG(s) 'example_subdag_operator.section-1', 'example_subdag_operator.section-2', 'example_subdag_operator' retrieved from /home/airflow/.local/lib/python3.12/site-packages/airflow/example_dags/example_subdag_operator.py
[2024-09-25T13:53:59.579+0000] {logging_mixin.py:190} INFO - [2024-09-25T13:53:59.579+0000] {dag.py:3239} INFO - Sync 3 DAGs
[2024-09-25T13:53:59.600+0000] {logging_mixin.py:190} INFO - [2024-09-25T13:53:59.599+0000] {dag.py:4180} INFO - Setting next_dagrun for example_subdag_operator to 2022-01-01 00:00:00+00:00, run_after=2022-01-01 00:00:00+00:00
[2024-09-25T13:53:59.603+0000] {logging_mixin.py:190} INFO - [2024-09-25T13:53:59.603+0000] {dag.py:4180} INFO - Setting next_dagrun for example_subdag_operator.section-1 to None, run_after=None
[2024-09-25T13:53:59.604+0000] {logging_mixin.py:190} INFO - [2024-09-25T13:53:59.604+0000] {dag.py:4180} INFO - Setting next_dagrun for example_subdag_operator.section-2 to None, run_after=None
[2024-09-25T13:53:59.612+0000] {logging_mixin.py:190} INFO - [2024-09-25T13:53:59.611+0000] {dag.py:3239} INFO - Sync 2 DAGs
[2024-09-25T13:53:59.616+0000] {logging_mixin.py:190} INFO - [2024-09-25T13:53:59.616+0000] {dag.py:4180} INFO - Setting next_dagrun for example_subdag_operator.section-1 to None, run_after=None
[2024-09-25T13:53:59.617+0000] {logging_mixin.py:190} INFO - [2024-09-25T13:53:59.617+0000] {dag.py:4180} INFO - Setting next_dagrun for example_subdag_operator.section-2 to None, run_after=None
[2024-09-25T13:53:59.626+0000] {processor.py:208} INFO - Processing /home/airflow/.local/lib/python3.12/site-packages/airflow/example_dags/example_subdag_operator.py took 0.089 seconds
[2024-09-25T13:54:30.078+0000] {processor.py:186} INFO - Started process (PID=943) to work on /home/airflow/.local/lib/python3.12/site-packages/airflow/example_dags/example_subdag_operator.py
[2024-09-25T13:54:30.078+0000] {processor.py:914} INFO - Processing file /home/airflow/.local/lib/python3.12/site-packages/airflow/example_dags/example_subdag_operator.py for tasks to queue
[2024-09-25T13:54:30.081+0000] {logging_mixin.py:190} INFO - [2024-09-25T13:54:30.081+0000] {dagbag.py:588} INFO - Filling up the DagBag from /home/airflow/.local/lib/python3.12/site-packages/airflow/example_dags/example_subdag_operator.py
[2024-09-25T13:54:30.101+0000] {processor.py:925} INFO - DAG(s) 'example_subdag_operator.section-1', 'example_subdag_operator.section-2', 'example_subdag_operator' retrieved from /home/airflow/.local/lib/python3.12/site-packages/airflow/example_dags/example_subdag_operator.py
[2024-09-25T13:54:30.114+0000] {logging_mixin.py:190} INFO - [2024-09-25T13:54:30.114+0000] {dag.py:3239} INFO - Sync 3 DAGs
[2024-09-25T13:54:30.134+0000] {logging_mixin.py:190} INFO - [2024-09-25T13:54:30.134+0000] {dag.py:4180} INFO - Setting next_dagrun for example_subdag_operator to 2022-01-01 00:00:00+00:00, run_after=2022-01-01 00:00:00+00:00
[2024-09-25T13:54:30.138+0000] {logging_mixin.py:190} INFO - [2024-09-25T13:54:30.137+0000] {dag.py:4180} INFO - Setting next_dagrun for example_subdag_operator.section-1 to None, run_after=None
[2024-09-25T13:54:30.139+0000] {logging_mixin.py:190} INFO - [2024-09-25T13:54:30.139+0000] {dag.py:4180} INFO - Setting next_dagrun for example_subdag_operator.section-2 to None, run_after=None
[2024-09-25T13:54:30.145+0000] {logging_mixin.py:190} INFO - [2024-09-25T13:54:30.145+0000] {dag.py:3239} INFO - Sync 2 DAGs
[2024-09-25T13:54:30.150+0000] {logging_mixin.py:190} INFO - [2024-09-25T13:54:30.150+0000] {dag.py:4180} INFO - Setting next_dagrun for example_subdag_operator.section-1 to None, run_after=None
[2024-09-25T13:54:30.151+0000] {logging_mixin.py:190} INFO - [2024-09-25T13:54:30.151+0000] {dag.py:4180} INFO - Setting next_dagrun for example_subdag_operator.section-2 to None, run_after=None
[2024-09-25T13:54:30.160+0000] {processor.py:208} INFO - Processing /home/airflow/.local/lib/python3.12/site-packages/airflow/example_dags/example_subdag_operator.py took 0.087 seconds
[2024-09-25T13:55:00.521+0000] {processor.py:186} INFO - Started process (PID=1227) to work on /home/airflow/.local/lib/python3.12/site-packages/airflow/example_dags/example_subdag_operator.py
[2024-09-25T13:55:00.521+0000] {processor.py:914} INFO - Processing file /home/airflow/.local/lib/python3.12/site-packages/airflow/example_dags/example_subdag_operator.py for tasks to queue
[2024-09-25T13:55:00.524+0000] {logging_mixin.py:190} INFO - [2024-09-25T13:55:00.523+0000] {dagbag.py:588} INFO - Filling up the DagBag from /home/airflow/.local/lib/python3.12/site-packages/airflow/example_dags/example_subdag_operator.py
[2024-09-25T13:55:00.545+0000] {processor.py:925} INFO - DAG(s) 'example_subdag_operator.section-1', 'example_subdag_operator.section-2', 'example_subdag_operator' retrieved from /home/airflow/.local/lib/python3.12/site-packages/airflow/example_dags/example_subdag_operator.py
[2024-09-25T13:55:00.558+0000] {logging_mixin.py:190} INFO - [2024-09-25T13:55:00.558+0000] {dag.py:3239} INFO - Sync 3 DAGs
[2024-09-25T13:55:00.578+0000] {logging_mixin.py:190} INFO - [2024-09-25T13:55:00.578+0000] {dag.py:4180} INFO - Setting next_dagrun for example_subdag_operator to 2022-01-01 00:00:00+00:00, run_after=2022-01-01 00:00:00+00:00
[2024-09-25T13:55:00.582+0000] {logging_mixin.py:190} INFO - [2024-09-25T13:55:00.581+0000] {dag.py:4180} INFO - Setting next_dagrun for example_subdag_operator.section-1 to None, run_after=None
[2024-09-25T13:55:00.583+0000] {logging_mixin.py:190} INFO - [2024-09-25T13:55:00.583+0000] {dag.py:4180} INFO - Setting next_dagrun for example_subdag_operator.section-2 to None, run_after=None
[2024-09-25T13:55:00.589+0000] {logging_mixin.py:190} INFO - [2024-09-25T13:55:00.588+0000] {dag.py:3239} INFO - Sync 2 DAGs
[2024-09-25T13:55:00.593+0000] {logging_mixin.py:190} INFO - [2024-09-25T13:55:00.593+0000] {dag.py:4180} INFO - Setting next_dagrun for example_subdag_operator.section-1 to None, run_after=None
[2024-09-25T13:55:00.594+0000] {logging_mixin.py:190} INFO - [2024-09-25T13:55:00.594+0000] {dag.py:4180} INFO - Setting next_dagrun for example_subdag_operator.section-2 to None, run_after=None
[2024-09-25T13:55:00.603+0000] {processor.py:208} INFO - Processing /home/airflow/.local/lib/python3.12/site-packages/airflow/example_dags/example_subdag_operator.py took 0.087 seconds
[2024-09-25T13:55:30.822+0000] {processor.py:186} INFO - Started process (PID=1513) to work on /home/airflow/.local/lib/python3.12/site-packages/airflow/example_dags/example_subdag_operator.py
[2024-09-25T13:55:30.823+0000] {processor.py:914} INFO - Processing file /home/airflow/.local/lib/python3.12/site-packages/airflow/example_dags/example_subdag_operator.py for tasks to queue
[2024-09-25T13:55:30.825+0000] {logging_mixin.py:190} INFO - [2024-09-25T13:55:30.825+0000] {dagbag.py:588} INFO - Filling up the DagBag from /home/airflow/.local/lib/python3.12/site-packages/airflow/example_dags/example_subdag_operator.py
[2024-09-25T13:55:30.845+0000] {processor.py:925} INFO - DAG(s) 'example_subdag_operator.section-1', 'example_subdag_operator.section-2', 'example_subdag_operator' retrieved from /home/airflow/.local/lib/python3.12/site-packages/airflow/example_dags/example_subdag_operator.py
[2024-09-25T13:55:30.859+0000] {logging_mixin.py:190} INFO - [2024-09-25T13:55:30.859+0000] {dag.py:3239} INFO - Sync 3 DAGs
[2024-09-25T13:55:30.880+0000] {logging_mixin.py:190} INFO - [2024-09-25T13:55:30.880+0000] {dag.py:4180} INFO - Setting next_dagrun for example_subdag_operator to 2022-01-01 00:00:00+00:00, run_after=2022-01-01 00:00:00+00:00
[2024-09-25T13:55:30.884+0000] {logging_mixin.py:190} INFO - [2024-09-25T13:55:30.884+0000] {dag.py:4180} INFO - Setting next_dagrun for example_subdag_operator.section-1 to None, run_after=None
[2024-09-25T13:55:30.885+0000] {logging_mixin.py:190} INFO - [2024-09-25T13:55:30.885+0000] {dag.py:4180} INFO - Setting next_dagrun for example_subdag_operator.section-2 to None, run_after=None
[2024-09-25T13:55:30.891+0000] {logging_mixin.py:190} INFO - [2024-09-25T13:55:30.891+0000] {dag.py:3239} INFO - Sync 2 DAGs
[2024-09-25T13:55:30.897+0000] {logging_mixin.py:190} INFO - [2024-09-25T13:55:30.897+0000] {dag.py:4180} INFO - Setting next_dagrun for example_subdag_operator.section-1 to None, run_after=None
[2024-09-25T13:55:30.897+0000] {logging_mixin.py:190} INFO - [2024-09-25T13:55:30.897+0000] {dag.py:4180} INFO - Setting next_dagrun for example_subdag_operator.section-2 to None, run_after=None
[2024-09-25T13:55:30.906+0000] {processor.py:208} INFO - Processing /home/airflow/.local/lib/python3.12/site-packages/airflow/example_dags/example_subdag_operator.py took 0.089 seconds
[2024-09-25T13:56:01.086+0000] {processor.py:186} INFO - Started process (PID=1807) to work on /home/airflow/.local/lib/python3.12/site-packages/airflow/example_dags/example_subdag_operator.py
[2024-09-25T13:56:01.087+0000] {processor.py:914} INFO - Processing file /home/airflow/.local/lib/python3.12/site-packages/airflow/example_dags/example_subdag_operator.py for tasks to queue
[2024-09-25T13:56:01.089+0000] {logging_mixin.py:190} INFO - [2024-09-25T13:56:01.089+0000] {dagbag.py:588} INFO - Filling up the DagBag from /home/airflow/.local/lib/python3.12/site-packages/airflow/example_dags/example_subdag_operator.py
[2024-09-25T13:56:01.109+0000] {processor.py:925} INFO - DAG(s) 'example_subdag_operator.section-1', 'example_subdag_operator.section-2', 'example_subdag_operator' retrieved from /home/airflow/.local/lib/python3.12/site-packages/airflow/example_dags/example_subdag_operator.py
[2024-09-25T13:56:01.123+0000] {logging_mixin.py:190} INFO - [2024-09-25T13:56:01.123+0000] {dag.py:3239} INFO - Sync 3 DAGs
[2024-09-25T13:56:01.143+0000] {logging_mixin.py:190} INFO - [2024-09-25T13:56:01.143+0000] {dag.py:4180} INFO - Setting next_dagrun for example_subdag_operator to 2022-01-01 00:00:00+00:00, run_after=2022-01-01 00:00:00+00:00
[2024-09-25T13:56:01.147+0000] {logging_mixin.py:190} INFO - [2024-09-25T13:56:01.147+0000] {dag.py:4180} INFO - Setting next_dagrun for example_subdag_operator.section-1 to None, run_after=None
[2024-09-25T13:56:01.148+0000] {logging_mixin.py:190} INFO - [2024-09-25T13:56:01.148+0000] {dag.py:4180} INFO - Setting next_dagrun for example_subdag_operator.section-2 to None, run_after=None
[2024-09-25T13:56:01.154+0000] {logging_mixin.py:190} INFO - [2024-09-25T13:56:01.154+0000] {dag.py:3239} INFO - Sync 2 DAGs
[2024-09-25T13:56:01.158+0000] {logging_mixin.py:190} INFO - [2024-09-25T13:56:01.158+0000] {dag.py:4180} INFO - Setting next_dagrun for example_subdag_operator.section-1 to None, run_after=None
[2024-09-25T13:56:01.159+0000] {logging_mixin.py:190} INFO - [2024-09-25T13:56:01.158+0000] {dag.py:4180} INFO - Setting next_dagrun for example_subdag_operator.section-2 to None, run_after=None
[2024-09-25T13:56:01.168+0000] {processor.py:208} INFO - Processing /home/airflow/.local/lib/python3.12/site-packages/airflow/example_dags/example_subdag_operator.py took 0.089 seconds
[2024-09-25T13:56:31.388+0000] {processor.py:186} INFO - Started process (PID=2093) to work on /home/airflow/.local/lib/python3.12/site-packages/airflow/example_dags/example_subdag_operator.py
[2024-09-25T13:56:31.389+0000] {processor.py:914} INFO - Processing file /home/airflow/.local/lib/python3.12/site-packages/airflow/example_dags/example_subdag_operator.py for tasks to queue
[2024-09-25T13:56:31.392+0000] {logging_mixin.py:190} INFO - [2024-09-25T13:56:31.392+0000] {dagbag.py:588} INFO - Filling up the DagBag from /home/airflow/.local/lib/python3.12/site-packages/airflow/example_dags/example_subdag_operator.py
[2024-09-25T13:56:31.415+0000] {processor.py:925} INFO - DAG(s) 'example_subdag_operator.section-1', 'example_subdag_operator.section-2', 'example_subdag_operator' retrieved from /home/airflow/.local/lib/python3.12/site-packages/airflow/example_dags/example_subdag_operator.py
[2024-09-25T13:56:31.430+0000] {logging_mixin.py:190} INFO - [2024-09-25T13:56:31.429+0000] {dag.py:3239} INFO - Sync 3 DAGs
[2024-09-25T13:56:31.450+0000] {logging_mixin.py:190} INFO - [2024-09-25T13:56:31.450+0000] {dag.py:4180} INFO - Setting next_dagrun for example_subdag_operator to 2022-01-01 00:00:00+00:00, run_after=2022-01-01 00:00:00+00:00
[2024-09-25T13:56:31.454+0000] {logging_mixin.py:190} INFO - [2024-09-25T13:56:31.454+0000] {dag.py:4180} INFO - Setting next_dagrun for example_subdag_operator.section-1 to None, run_after=None
[2024-09-25T13:56:31.455+0000] {logging_mixin.py:190} INFO - [2024-09-25T13:56:31.455+0000] {dag.py:4180} INFO - Setting next_dagrun for example_subdag_operator.section-2 to None, run_after=None
[2024-09-25T13:56:31.462+0000] {logging_mixin.py:190} INFO - [2024-09-25T13:56:31.462+0000] {dag.py:3239} INFO - Sync 2 DAGs
[2024-09-25T13:56:31.468+0000] {logging_mixin.py:190} INFO - [2024-09-25T13:56:31.467+0000] {dag.py:4180} INFO - Setting next_dagrun for example_subdag_operator.section-1 to None, run_after=None
[2024-09-25T13:56:31.468+0000] {logging_mixin.py:190} INFO - [2024-09-25T13:56:31.468+0000] {dag.py:4180} INFO - Setting next_dagrun for example_subdag_operator.section-2 to None, run_after=None
[2024-09-25T13:56:31.478+0000] {processor.py:208} INFO - Processing /home/airflow/.local/lib/python3.12/site-packages/airflow/example_dags/example_subdag_operator.py took 0.097 seconds
[2024-09-25T13:57:01.870+0000] {processor.py:186} INFO - Started process (PID=2379) to work on /home/airflow/.local/lib/python3.12/site-packages/airflow/example_dags/example_subdag_operator.py
[2024-09-25T13:57:01.870+0000] {processor.py:914} INFO - Processing file /home/airflow/.local/lib/python3.12/site-packages/airflow/example_dags/example_subdag_operator.py for tasks to queue
[2024-09-25T13:57:01.872+0000] {logging_mixin.py:190} INFO - [2024-09-25T13:57:01.872+0000] {dagbag.py:588} INFO - Filling up the DagBag from /home/airflow/.local/lib/python3.12/site-packages/airflow/example_dags/example_subdag_operator.py
[2024-09-25T13:57:01.893+0000] {processor.py:925} INFO - DAG(s) 'example_subdag_operator.section-1', 'example_subdag_operator.section-2', 'example_subdag_operator' retrieved from /home/airflow/.local/lib/python3.12/site-packages/airflow/example_dags/example_subdag_operator.py
[2024-09-25T13:57:01.907+0000] {logging_mixin.py:190} INFO - [2024-09-25T13:57:01.906+0000] {dag.py:3239} INFO - Sync 3 DAGs
[2024-09-25T13:57:01.928+0000] {logging_mixin.py:190} INFO - [2024-09-25T13:57:01.928+0000] {dag.py:4180} INFO - Setting next_dagrun for example_subdag_operator to 2022-01-01 00:00:00+00:00, run_after=2022-01-01 00:00:00+00:00
[2024-09-25T13:57:01.932+0000] {logging_mixin.py:190} INFO - [2024-09-25T13:57:01.931+0000] {dag.py:4180} INFO - Setting next_dagrun for example_subdag_operator.section-1 to None, run_after=None
[2024-09-25T13:57:01.933+0000] {logging_mixin.py:190} INFO - [2024-09-25T13:57:01.933+0000] {dag.py:4180} INFO - Setting next_dagrun for example_subdag_operator.section-2 to None, run_after=None
[2024-09-25T13:57:01.939+0000] {logging_mixin.py:190} INFO - [2024-09-25T13:57:01.939+0000] {dag.py:3239} INFO - Sync 2 DAGs
[2024-09-25T13:57:01.944+0000] {logging_mixin.py:190} INFO - [2024-09-25T13:57:01.944+0000] {dag.py:4180} INFO - Setting next_dagrun for example_subdag_operator.section-1 to None, run_after=None
[2024-09-25T13:57:01.945+0000] {logging_mixin.py:190} INFO - [2024-09-25T13:57:01.945+0000] {dag.py:4180} INFO - Setting next_dagrun for example_subdag_operator.section-2 to None, run_after=None
[2024-09-25T13:57:01.954+0000] {processor.py:208} INFO - Processing /home/airflow/.local/lib/python3.12/site-packages/airflow/example_dags/example_subdag_operator.py took 0.089 seconds
[2024-09-25T13:57:32.109+0000] {processor.py:186} INFO - Started process (PID=2666) to work on /home/airflow/.local/lib/python3.12/site-packages/airflow/example_dags/example_subdag_operator.py
[2024-09-25T13:57:32.110+0000] {processor.py:914} INFO - Processing file /home/airflow/.local/lib/python3.12/site-packages/airflow/example_dags/example_subdag_operator.py for tasks to queue
[2024-09-25T13:57:32.112+0000] {logging_mixin.py:190} INFO - [2024-09-25T13:57:32.111+0000] {dagbag.py:588} INFO - Filling up the DagBag from /home/airflow/.local/lib/python3.12/site-packages/airflow/example_dags/example_subdag_operator.py
[2024-09-25T13:57:32.131+0000] {processor.py:925} INFO - DAG(s) 'example_subdag_operator.section-1', 'example_subdag_operator.section-2', 'example_subdag_operator' retrieved from /home/airflow/.local/lib/python3.12/site-packages/airflow/example_dags/example_subdag_operator.py
[2024-09-25T13:57:32.145+0000] {logging_mixin.py:190} INFO - [2024-09-25T13:57:32.145+0000] {dag.py:3239} INFO - Sync 3 DAGs
[2024-09-25T13:57:32.165+0000] {logging_mixin.py:190} INFO - [2024-09-25T13:57:32.165+0000] {dag.py:4180} INFO - Setting next_dagrun for example_subdag_operator to 2022-01-01 00:00:00+00:00, run_after=2022-01-01 00:00:00+00:00
[2024-09-25T13:57:32.170+0000] {logging_mixin.py:190} INFO - [2024-09-25T13:57:32.170+0000] {dag.py:4180} INFO - Setting next_dagrun for example_subdag_operator.section-1 to None, run_after=None
[2024-09-25T13:57:32.171+0000] {logging_mixin.py:190} INFO - [2024-09-25T13:57:32.171+0000] {dag.py:4180} INFO - Setting next_dagrun for example_subdag_operator.section-2 to None, run_after=None
[2024-09-25T13:57:32.177+0000] {logging_mixin.py:190} INFO - [2024-09-25T13:57:32.177+0000] {dag.py:3239} INFO - Sync 2 DAGs
[2024-09-25T13:57:32.182+0000] {logging_mixin.py:190} INFO - [2024-09-25T13:57:32.182+0000] {dag.py:4180} INFO - Setting next_dagrun for example_subdag_operator.section-1 to None, run_after=None
[2024-09-25T13:57:32.183+0000] {logging_mixin.py:190} INFO - [2024-09-25T13:57:32.182+0000] {dag.py:4180} INFO - Setting next_dagrun for example_subdag_operator.section-2 to None, run_after=None
[2024-09-25T13:57:32.191+0000] {processor.py:208} INFO - Processing /home/airflow/.local/lib/python3.12/site-packages/airflow/example_dags/example_subdag_operator.py took 0.087 seconds
[2024-09-25T13:58:02.463+0000] {processor.py:186} INFO - Started process (PID=2954) to work on /home/airflow/.local/lib/python3.12/site-packages/airflow/example_dags/example_subdag_operator.py
[2024-09-25T13:58:02.463+0000] {processor.py:914} INFO - Processing file /home/airflow/.local/lib/python3.12/site-packages/airflow/example_dags/example_subdag_operator.py for tasks to queue
[2024-09-25T13:58:02.465+0000] {logging_mixin.py:190} INFO - [2024-09-25T13:58:02.465+0000] {dagbag.py:588} INFO - Filling up the DagBag from /home/airflow/.local/lib/python3.12/site-packages/airflow/example_dags/example_subdag_operator.py
[2024-09-25T13:58:02.486+0000] {processor.py:925} INFO - DAG(s) 'example_subdag_operator.section-1', 'example_subdag_operator.section-2', 'example_subdag_operator' retrieved from /home/airflow/.local/lib/python3.12/site-packages/airflow/example_dags/example_subdag_operator.py
[2024-09-25T13:58:02.500+0000] {logging_mixin.py:190} INFO - [2024-09-25T13:58:02.500+0000] {dag.py:3239} INFO - Sync 3 DAGs
[2024-09-25T13:58:02.520+0000] {logging_mixin.py:190} INFO - [2024-09-25T13:58:02.520+0000] {dag.py:4180} INFO - Setting next_dagrun for example_subdag_operator to 2022-01-01 00:00:00+00:00, run_after=2022-01-01 00:00:00+00:00
[2024-09-25T13:58:02.523+0000] {logging_mixin.py:190} INFO - [2024-09-25T13:58:02.523+0000] {dag.py:4180} INFO - Setting next_dagrun for example_subdag_operator.section-1 to None, run_after=None
[2024-09-25T13:58:02.524+0000] {logging_mixin.py:190} INFO - [2024-09-25T13:58:02.524+0000] {dag.py:4180} INFO - Setting next_dagrun for example_subdag_operator.section-2 to None, run_after=None
[2024-09-25T13:58:02.531+0000] {logging_mixin.py:190} INFO - [2024-09-25T13:58:02.531+0000] {dag.py:3239} INFO - Sync 2 DAGs
[2024-09-25T13:58:02.538+0000] {logging_mixin.py:190} INFO - [2024-09-25T13:58:02.538+0000] {dag.py:4180} INFO - Setting next_dagrun for example_subdag_operator.section-1 to None, run_after=None
[2024-09-25T13:58:02.539+0000] {logging_mixin.py:190} INFO - [2024-09-25T13:58:02.538+0000] {dag.py:4180} INFO - Setting next_dagrun for example_subdag_operator.section-2 to None, run_after=None
[2024-09-25T13:58:02.547+0000] {processor.py:208} INFO - Processing /home/airflow/.local/lib/python3.12/site-packages/airflow/example_dags/example_subdag_operator.py took 0.089 seconds
[2024-09-25T13:58:32.741+0000] {processor.py:186} INFO - Started process (PID=3252) to work on /home/airflow/.local/lib/python3.12/site-packages/airflow/example_dags/example_subdag_operator.py
[2024-09-25T13:58:32.742+0000] {processor.py:914} INFO - Processing file /home/airflow/.local/lib/python3.12/site-packages/airflow/example_dags/example_subdag_operator.py for tasks to queue
[2024-09-25T13:58:32.744+0000] {logging_mixin.py:190} INFO - [2024-09-25T13:58:32.743+0000] {dagbag.py:588} INFO - Filling up the DagBag from /home/airflow/.local/lib/python3.12/site-packages/airflow/example_dags/example_subdag_operator.py
[2024-09-25T13:58:32.765+0000] {processor.py:925} INFO - DAG(s) 'example_subdag_operator.section-1', 'example_subdag_operator.section-2', 'example_subdag_operator' retrieved from /home/airflow/.local/lib/python3.12/site-packages/airflow/example_dags/example_subdag_operator.py
[2024-09-25T13:58:32.778+0000] {logging_mixin.py:190} INFO - [2024-09-25T13:58:32.778+0000] {dag.py:3239} INFO - Sync 3 DAGs
[2024-09-25T13:58:32.799+0000] {logging_mixin.py:190} INFO - [2024-09-25T13:58:32.799+0000] {dag.py:4180} INFO - Setting next_dagrun for example_subdag_operator to 2022-01-01 00:00:00+00:00, run_after=2022-01-01 00:00:00+00:00
[2024-09-25T13:58:32.803+0000] {logging_mixin.py:190} INFO - [2024-09-25T13:58:32.802+0000] {dag.py:4180} INFO - Setting next_dagrun for example_subdag_operator.section-1 to None, run_after=None
[2024-09-25T13:58:32.804+0000] {logging_mixin.py:190} INFO - [2024-09-25T13:58:32.804+0000] {dag.py:4180} INFO - Setting next_dagrun for example_subdag_operator.section-2 to None, run_after=None
[2024-09-25T13:58:32.810+0000] {logging_mixin.py:190} INFO - [2024-09-25T13:58:32.810+0000] {dag.py:3239} INFO - Sync 2 DAGs
[2024-09-25T13:58:32.815+0000] {logging_mixin.py:190} INFO - [2024-09-25T13:58:32.814+0000] {dag.py:4180} INFO - Setting next_dagrun for example_subdag_operator.section-1 to None, run_after=None
[2024-09-25T13:58:32.815+0000] {logging_mixin.py:190} INFO - [2024-09-25T13:58:32.815+0000] {dag.py:4180} INFO - Setting next_dagrun for example_subdag_operator.section-2 to None, run_after=None
[2024-09-25T13:58:32.824+0000] {processor.py:208} INFO - Processing /home/airflow/.local/lib/python3.12/site-packages/airflow/example_dags/example_subdag_operator.py took 0.088 seconds
[2024-09-25T13:59:02.987+0000] {processor.py:186} INFO - Started process (PID=3538) to work on /home/airflow/.local/lib/python3.12/site-packages/airflow/example_dags/example_subdag_operator.py
[2024-09-25T13:59:02.988+0000] {processor.py:914} INFO - Processing file /home/airflow/.local/lib/python3.12/site-packages/airflow/example_dags/example_subdag_operator.py for tasks to queue
[2024-09-25T13:59:02.990+0000] {logging_mixin.py:190} INFO - [2024-09-25T13:59:02.990+0000] {dagbag.py:588} INFO - Filling up the DagBag from /home/airflow/.local/lib/python3.12/site-packages/airflow/example_dags/example_subdag_operator.py
[2024-09-25T13:59:03.010+0000] {processor.py:925} INFO - DAG(s) 'example_subdag_operator.section-1', 'example_subdag_operator.section-2', 'example_subdag_operator' retrieved from /home/airflow/.local/lib/python3.12/site-packages/airflow/example_dags/example_subdag_operator.py
[2024-09-25T13:59:03.024+0000] {logging_mixin.py:190} INFO - [2024-09-25T13:59:03.023+0000] {dag.py:3239} INFO - Sync 3 DAGs
[2024-09-25T13:59:03.044+0000] {logging_mixin.py:190} INFO - [2024-09-25T13:59:03.044+0000] {dag.py:4180} INFO - Setting next_dagrun for example_subdag_operator to 2022-01-01 00:00:00+00:00, run_after=2022-01-01 00:00:00+00:00
[2024-09-25T13:59:03.047+0000] {logging_mixin.py:190} INFO - [2024-09-25T13:59:03.047+0000] {dag.py:4180} INFO - Setting next_dagrun for example_subdag_operator.section-1 to None, run_after=None
[2024-09-25T13:59:03.049+0000] {logging_mixin.py:190} INFO - [2024-09-25T13:59:03.048+0000] {dag.py:4180} INFO - Setting next_dagrun for example_subdag_operator.section-2 to None, run_after=None
[2024-09-25T13:59:03.055+0000] {logging_mixin.py:190} INFO - [2024-09-25T13:59:03.055+0000] {dag.py:3239} INFO - Sync 2 DAGs
[2024-09-25T13:59:03.060+0000] {logging_mixin.py:190} INFO - [2024-09-25T13:59:03.059+0000] {dag.py:4180} INFO - Setting next_dagrun for example_subdag_operator.section-1 to None, run_after=None
[2024-09-25T13:59:03.060+0000] {logging_mixin.py:190} INFO - [2024-09-25T13:59:03.060+0000] {dag.py:4180} INFO - Setting next_dagrun for example_subdag_operator.section-2 to None, run_after=None
[2024-09-25T13:59:03.069+0000] {processor.py:208} INFO - Processing /home/airflow/.local/lib/python3.12/site-packages/airflow/example_dags/example_subdag_operator.py took 0.087 seconds
[2024-09-25T13:59:33.455+0000] {processor.py:186} INFO - Started process (PID=3826) to work on /home/airflow/.local/lib/python3.12/site-packages/airflow/example_dags/example_subdag_operator.py
[2024-09-25T13:59:33.456+0000] {processor.py:914} INFO - Processing file /home/airflow/.local/lib/python3.12/site-packages/airflow/example_dags/example_subdag_operator.py for tasks to queue
[2024-09-25T13:59:33.458+0000] {logging_mixin.py:190} INFO - [2024-09-25T13:59:33.457+0000] {dagbag.py:588} INFO - Filling up the DagBag from /home/airflow/.local/lib/python3.12/site-packages/airflow/example_dags/example_subdag_operator.py
[2024-09-25T13:59:33.479+0000] {processor.py:925} INFO - DAG(s) 'example_subdag_operator.section-1', 'example_subdag_operator.section-2', 'example_subdag_operator' retrieved from /home/airflow/.local/lib/python3.12/site-packages/airflow/example_dags/example_subdag_operator.py
[2024-09-25T13:59:33.492+0000] {logging_mixin.py:190} INFO - [2024-09-25T13:59:33.492+0000] {dag.py:3239} INFO - Sync 3 DAGs
[2024-09-25T13:59:33.512+0000] {logging_mixin.py:190} INFO - [2024-09-25T13:59:33.512+0000] {dag.py:4180} INFO - Setting next_dagrun for example_subdag_operator to 2022-01-01 00:00:00+00:00, run_after=2022-01-01 00:00:00+00:00
[2024-09-25T13:59:33.516+0000] {logging_mixin.py:190} INFO - [2024-09-25T13:59:33.516+0000] {dag.py:4180} INFO - Setting next_dagrun for example_subdag_operator.section-1 to None, run_after=None
[2024-09-25T13:59:33.517+0000] {logging_mixin.py:190} INFO - [2024-09-25T13:59:33.517+0000] {dag.py:4180} INFO - Setting next_dagrun for example_subdag_operator.section-2 to None, run_after=None
[2024-09-25T13:59:33.523+0000] {logging_mixin.py:190} INFO - [2024-09-25T13:59:33.523+0000] {dag.py:3239} INFO - Sync 2 DAGs
[2024-09-25T13:59:33.528+0000] {logging_mixin.py:190} INFO - [2024-09-25T13:59:33.528+0000] {dag.py:4180} INFO - Setting next_dagrun for example_subdag_operator.section-1 to None, run_after=None
[2024-09-25T13:59:33.529+0000] {logging_mixin.py:190} INFO - [2024-09-25T13:59:33.529+0000] {dag.py:4180} INFO - Setting next_dagrun for example_subdag_operator.section-2 to None, run_after=None
[2024-09-25T13:59:33.538+0000] {processor.py:208} INFO - Processing /home/airflow/.local/lib/python3.12/site-packages/airflow/example_dags/example_subdag_operator.py took 0.088 seconds
[2024-09-25T14:00:03.596+0000] {processor.py:186} INFO - Started process (PID=4110) to work on /home/airflow/.local/lib/python3.12/site-packages/airflow/example_dags/example_subdag_operator.py
[2024-09-25T14:00:03.597+0000] {processor.py:914} INFO - Processing file /home/airflow/.local/lib/python3.12/site-packages/airflow/example_dags/example_subdag_operator.py for tasks to queue
[2024-09-25T14:00:03.599+0000] {logging_mixin.py:190} INFO - [2024-09-25T14:00:03.598+0000] {dagbag.py:588} INFO - Filling up the DagBag from /home/airflow/.local/lib/python3.12/site-packages/airflow/example_dags/example_subdag_operator.py
[2024-09-25T14:00:03.620+0000] {processor.py:925} INFO - DAG(s) 'example_subdag_operator.section-1', 'example_subdag_operator.section-2', 'example_subdag_operator' retrieved from /home/airflow/.local/lib/python3.12/site-packages/airflow/example_dags/example_subdag_operator.py
[2024-09-25T14:00:03.635+0000] {logging_mixin.py:190} INFO - [2024-09-25T14:00:03.635+0000] {dag.py:3239} INFO - Sync 3 DAGs
[2024-09-25T14:00:03.657+0000] {logging_mixin.py:190} INFO - [2024-09-25T14:00:03.657+0000] {dag.py:4180} INFO - Setting next_dagrun for example_subdag_operator to 2022-01-01 00:00:00+00:00, run_after=2022-01-01 00:00:00+00:00
[2024-09-25T14:00:03.661+0000] {logging_mixin.py:190} INFO - [2024-09-25T14:00:03.661+0000] {dag.py:4180} INFO - Setting next_dagrun for example_subdag_operator.section-1 to None, run_after=None
[2024-09-25T14:00:03.662+0000] {logging_mixin.py:190} INFO - [2024-09-25T14:00:03.662+0000] {dag.py:4180} INFO - Setting next_dagrun for example_subdag_operator.section-2 to None, run_after=None
[2024-09-25T14:00:03.670+0000] {logging_mixin.py:190} INFO - [2024-09-25T14:00:03.669+0000] {dag.py:3239} INFO - Sync 2 DAGs
[2024-09-25T14:00:03.675+0000] {logging_mixin.py:190} INFO - [2024-09-25T14:00:03.675+0000] {dag.py:4180} INFO - Setting next_dagrun for example_subdag_operator.section-1 to None, run_after=None
[2024-09-25T14:00:03.675+0000] {logging_mixin.py:190} INFO - [2024-09-25T14:00:03.675+0000] {dag.py:4180} INFO - Setting next_dagrun for example_subdag_operator.section-2 to None, run_after=None
[2024-09-25T14:00:03.684+0000] {processor.py:208} INFO - Processing /home/airflow/.local/lib/python3.12/site-packages/airflow/example_dags/example_subdag_operator.py took 0.093 seconds
[2024-09-25T14:00:33.894+0000] {processor.py:186} INFO - Started process (PID=4396) to work on /home/airflow/.local/lib/python3.12/site-packages/airflow/example_dags/example_subdag_operator.py
[2024-09-25T14:00:33.894+0000] {processor.py:914} INFO - Processing file /home/airflow/.local/lib/python3.12/site-packages/airflow/example_dags/example_subdag_operator.py for tasks to queue
[2024-09-25T14:00:33.896+0000] {logging_mixin.py:190} INFO - [2024-09-25T14:00:33.896+0000] {dagbag.py:588} INFO - Filling up the DagBag from /home/airflow/.local/lib/python3.12/site-packages/airflow/example_dags/example_subdag_operator.py
[2024-09-25T14:00:33.916+0000] {processor.py:925} INFO - DAG(s) 'example_subdag_operator.section-1', 'example_subdag_operator.section-2', 'example_subdag_operator' retrieved from /home/airflow/.local/lib/python3.12/site-packages/airflow/example_dags/example_subdag_operator.py
[2024-09-25T14:00:33.930+0000] {logging_mixin.py:190} INFO - [2024-09-25T14:00:33.930+0000] {dag.py:3239} INFO - Sync 3 DAGs
[2024-09-25T14:00:33.950+0000] {logging_mixin.py:190} INFO - [2024-09-25T14:00:33.950+0000] {dag.py:4180} INFO - Setting next_dagrun for example_subdag_operator to 2022-01-01 00:00:00+00:00, run_after=2022-01-01 00:00:00+00:00
[2024-09-25T14:00:33.954+0000] {logging_mixin.py:190} INFO - [2024-09-25T14:00:33.954+0000] {dag.py:4180} INFO - Setting next_dagrun for example_subdag_operator.section-1 to None, run_after=None
[2024-09-25T14:00:33.955+0000] {logging_mixin.py:190} INFO - [2024-09-25T14:00:33.955+0000] {dag.py:4180} INFO - Setting next_dagrun for example_subdag_operator.section-2 to None, run_after=None
[2024-09-25T14:00:33.962+0000] {logging_mixin.py:190} INFO - [2024-09-25T14:00:33.961+0000] {dag.py:3239} INFO - Sync 2 DAGs
[2024-09-25T14:00:33.967+0000] {logging_mixin.py:190} INFO - [2024-09-25T14:00:33.967+0000] {dag.py:4180} INFO - Setting next_dagrun for example_subdag_operator.section-1 to None, run_after=None
[2024-09-25T14:00:33.968+0000] {logging_mixin.py:190} INFO - [2024-09-25T14:00:33.967+0000] {dag.py:4180} INFO - Setting next_dagrun for example_subdag_operator.section-2 to None, run_after=None
[2024-09-25T14:00:33.976+0000] {processor.py:208} INFO - Processing /home/airflow/.local/lib/python3.12/site-packages/airflow/example_dags/example_subdag_operator.py took 0.087 seconds
[2024-09-25T14:01:04.075+0000] {processor.py:186} INFO - Started process (PID=4682) to work on /home/airflow/.local/lib/python3.12/site-packages/airflow/example_dags/example_subdag_operator.py
[2024-09-25T14:01:04.076+0000] {processor.py:914} INFO - Processing file /home/airflow/.local/lib/python3.12/site-packages/airflow/example_dags/example_subdag_operator.py for tasks to queue
[2024-09-25T14:01:04.078+0000] {logging_mixin.py:190} INFO - [2024-09-25T14:01:04.078+0000] {dagbag.py:588} INFO - Filling up the DagBag from /home/airflow/.local/lib/python3.12/site-packages/airflow/example_dags/example_subdag_operator.py
[2024-09-25T14:01:04.098+0000] {processor.py:925} INFO - DAG(s) 'example_subdag_operator.section-1', 'example_subdag_operator.section-2', 'example_subdag_operator' retrieved from /home/airflow/.local/lib/python3.12/site-packages/airflow/example_dags/example_subdag_operator.py
[2024-09-25T14:01:04.115+0000] {logging_mixin.py:190} INFO - [2024-09-25T14:01:04.115+0000] {dag.py:3239} INFO - Sync 3 DAGs
[2024-09-25T14:01:04.136+0000] {logging_mixin.py:190} INFO - [2024-09-25T14:01:04.135+0000] {dag.py:4180} INFO - Setting next_dagrun for example_subdag_operator to 2022-01-01 00:00:00+00:00, run_after=2022-01-01 00:00:00+00:00
[2024-09-25T14:01:04.139+0000] {logging_mixin.py:190} INFO - [2024-09-25T14:01:04.139+0000] {dag.py:4180} INFO - Setting next_dagrun for example_subdag_operator.section-1 to None, run_after=None
[2024-09-25T14:01:04.140+0000] {logging_mixin.py:190} INFO - [2024-09-25T14:01:04.140+0000] {dag.py:4180} INFO - Setting next_dagrun for example_subdag_operator.section-2 to None, run_after=None
[2024-09-25T14:01:04.146+0000] {logging_mixin.py:190} INFO - [2024-09-25T14:01:04.146+0000] {dag.py:3239} INFO - Sync 2 DAGs
[2024-09-25T14:01:04.150+0000] {logging_mixin.py:190} INFO - [2024-09-25T14:01:04.150+0000] {dag.py:4180} INFO - Setting next_dagrun for example_subdag_operator.section-1 to None, run_after=None
[2024-09-25T14:01:04.151+0000] {logging_mixin.py:190} INFO - [2024-09-25T14:01:04.151+0000] {dag.py:4180} INFO - Setting next_dagrun for example_subdag_operator.section-2 to None, run_after=None
[2024-09-25T14:01:04.160+0000] {processor.py:208} INFO - Processing /home/airflow/.local/lib/python3.12/site-packages/airflow/example_dags/example_subdag_operator.py took 0.089 seconds
[2024-09-25T14:01:35.277+0000] {processor.py:186} INFO - Started process (PID=4970) to work on /home/airflow/.local/lib/python3.12/site-packages/airflow/example_dags/example_subdag_operator.py
[2024-09-25T14:01:35.278+0000] {processor.py:914} INFO - Processing file /home/airflow/.local/lib/python3.12/site-packages/airflow/example_dags/example_subdag_operator.py for tasks to queue
[2024-09-25T14:01:35.280+0000] {logging_mixin.py:190} INFO - [2024-09-25T14:01:35.279+0000] {dagbag.py:588} INFO - Filling up the DagBag from /home/airflow/.local/lib/python3.12/site-packages/airflow/example_dags/example_subdag_operator.py
[2024-09-25T14:01:35.301+0000] {processor.py:925} INFO - DAG(s) 'example_subdag_operator.section-1', 'example_subdag_operator.section-2', 'example_subdag_operator' retrieved from /home/airflow/.local/lib/python3.12/site-packages/airflow/example_dags/example_subdag_operator.py
[2024-09-25T14:01:35.315+0000] {logging_mixin.py:190} INFO - [2024-09-25T14:01:35.314+0000] {dag.py:3239} INFO - Sync 3 DAGs
[2024-09-25T14:01:35.336+0000] {logging_mixin.py:190} INFO - [2024-09-25T14:01:35.335+0000] {dag.py:4180} INFO - Setting next_dagrun for example_subdag_operator to 2022-01-01 00:00:00+00:00, run_after=2022-01-01 00:00:00+00:00
[2024-09-25T14:01:35.339+0000] {logging_mixin.py:190} INFO - [2024-09-25T14:01:35.339+0000] {dag.py:4180} INFO - Setting next_dagrun for example_subdag_operator.section-1 to None, run_after=None
[2024-09-25T14:01:35.341+0000] {logging_mixin.py:190} INFO - [2024-09-25T14:01:35.340+0000] {dag.py:4180} INFO - Setting next_dagrun for example_subdag_operator.section-2 to None, run_after=None
[2024-09-25T14:01:35.347+0000] {logging_mixin.py:190} INFO - [2024-09-25T14:01:35.347+0000] {dag.py:3239} INFO - Sync 2 DAGs
[2024-09-25T14:01:35.352+0000] {logging_mixin.py:190} INFO - [2024-09-25T14:01:35.352+0000] {dag.py:4180} INFO - Setting next_dagrun for example_subdag_operator.section-1 to None, run_after=None
[2024-09-25T14:01:35.353+0000] {logging_mixin.py:190} INFO - [2024-09-25T14:01:35.352+0000] {dag.py:4180} INFO - Setting next_dagrun for example_subdag_operator.section-2 to None, run_after=None
[2024-09-25T14:01:35.361+0000] {processor.py:208} INFO - Processing /home/airflow/.local/lib/python3.12/site-packages/airflow/example_dags/example_subdag_operator.py took 0.089 seconds
[2024-09-25T14:02:06.439+0000] {processor.py:186} INFO - Started process (PID=5256) to work on /home/airflow/.local/lib/python3.12/site-packages/airflow/example_dags/example_subdag_operator.py
[2024-09-25T14:02:06.439+0000] {processor.py:914} INFO - Processing file /home/airflow/.local/lib/python3.12/site-packages/airflow/example_dags/example_subdag_operator.py for tasks to queue
[2024-09-25T14:02:06.441+0000] {logging_mixin.py:190} INFO - [2024-09-25T14:02:06.441+0000] {dagbag.py:588} INFO - Filling up the DagBag from /home/airflow/.local/lib/python3.12/site-packages/airflow/example_dags/example_subdag_operator.py
[2024-09-25T14:02:06.461+0000] {processor.py:925} INFO - DAG(s) 'example_subdag_operator.section-1', 'example_subdag_operator.section-2', 'example_subdag_operator' retrieved from /home/airflow/.local/lib/python3.12/site-packages/airflow/example_dags/example_subdag_operator.py
[2024-09-25T14:02:06.474+0000] {logging_mixin.py:190} INFO - [2024-09-25T14:02:06.474+0000] {dag.py:3239} INFO - Sync 3 DAGs
[2024-09-25T14:02:06.494+0000] {logging_mixin.py:190} INFO - [2024-09-25T14:02:06.494+0000] {dag.py:4180} INFO - Setting next_dagrun for example_subdag_operator to 2022-01-01 00:00:00+00:00, run_after=2022-01-01 00:00:00+00:00
[2024-09-25T14:02:06.498+0000] {logging_mixin.py:190} INFO - [2024-09-25T14:02:06.497+0000] {dag.py:4180} INFO - Setting next_dagrun for example_subdag_operator.section-1 to None, run_after=None
[2024-09-25T14:02:06.499+0000] {logging_mixin.py:190} INFO - [2024-09-25T14:02:06.499+0000] {dag.py:4180} INFO - Setting next_dagrun for example_subdag_operator.section-2 to None, run_after=None
[2024-09-25T14:02:06.505+0000] {logging_mixin.py:190} INFO - [2024-09-25T14:02:06.505+0000] {dag.py:3239} INFO - Sync 2 DAGs
[2024-09-25T14:02:06.511+0000] {logging_mixin.py:190} INFO - [2024-09-25T14:02:06.511+0000] {dag.py:4180} INFO - Setting next_dagrun for example_subdag_operator.section-1 to None, run_after=None
[2024-09-25T14:02:06.512+0000] {logging_mixin.py:190} INFO - [2024-09-25T14:02:06.512+0000] {dag.py:4180} INFO - Setting next_dagrun for example_subdag_operator.section-2 to None, run_after=None
[2024-09-25T14:02:06.521+0000] {processor.py:208} INFO - Processing /home/airflow/.local/lib/python3.12/site-packages/airflow/example_dags/example_subdag_operator.py took 0.087 seconds
[2024-09-25T14:03:08.318+0000] {processor.py:186} INFO - Started process (PID=351) to work on /home/airflow/.local/lib/python3.12/site-packages/airflow/example_dags/example_subdag_operator.py
[2024-09-25T14:03:08.319+0000] {processor.py:914} INFO - Processing file /home/airflow/.local/lib/python3.12/site-packages/airflow/example_dags/example_subdag_operator.py for tasks to queue
[2024-09-25T14:03:08.321+0000] {logging_mixin.py:190} INFO - [2024-09-25T14:03:08.321+0000] {dagbag.py:588} INFO - Filling up the DagBag from /home/airflow/.local/lib/python3.12/site-packages/airflow/example_dags/example_subdag_operator.py
[2024-09-25T14:03:08.342+0000] {processor.py:925} INFO - DAG(s) 'example_subdag_operator.section-1', 'example_subdag_operator.section-2', 'example_subdag_operator' retrieved from /home/airflow/.local/lib/python3.12/site-packages/airflow/example_dags/example_subdag_operator.py
[2024-09-25T14:03:08.356+0000] {logging_mixin.py:190} INFO - [2024-09-25T14:03:08.356+0000] {dag.py:3239} INFO - Sync 3 DAGs
[2024-09-25T14:03:08.376+0000] {logging_mixin.py:190} INFO - [2024-09-25T14:03:08.376+0000] {dag.py:4180} INFO - Setting next_dagrun for example_subdag_operator to 2022-01-01 00:00:00+00:00, run_after=2022-01-01 00:00:00+00:00
[2024-09-25T14:03:08.380+0000] {logging_mixin.py:190} INFO - [2024-09-25T14:03:08.379+0000] {dag.py:4180} INFO - Setting next_dagrun for example_subdag_operator.section-1 to None, run_after=None
[2024-09-25T14:03:08.382+0000] {logging_mixin.py:190} INFO - [2024-09-25T14:03:08.381+0000] {dag.py:4180} INFO - Setting next_dagrun for example_subdag_operator.section-2 to None, run_after=None
[2024-09-25T14:03:08.387+0000] {logging_mixin.py:190} INFO - [2024-09-25T14:03:08.387+0000] {dag.py:3239} INFO - Sync 2 DAGs
[2024-09-25T14:03:08.392+0000] {logging_mixin.py:190} INFO - [2024-09-25T14:03:08.392+0000] {dag.py:4180} INFO - Setting next_dagrun for example_subdag_operator.section-1 to None, run_after=None
[2024-09-25T14:03:08.392+0000] {logging_mixin.py:190} INFO - [2024-09-25T14:03:08.392+0000] {dag.py:4180} INFO - Setting next_dagrun for example_subdag_operator.section-2 to None, run_after=None
[2024-09-25T14:03:08.401+0000] {processor.py:208} INFO - Processing /home/airflow/.local/lib/python3.12/site-packages/airflow/example_dags/example_subdag_operator.py took 0.088 seconds
[2024-09-25T14:03:38.479+0000] {processor.py:186} INFO - Started process (PID=653) to work on /home/airflow/.local/lib/python3.12/site-packages/airflow/example_dags/example_subdag_operator.py
[2024-09-25T14:03:38.480+0000] {processor.py:914} INFO - Processing file /home/airflow/.local/lib/python3.12/site-packages/airflow/example_dags/example_subdag_operator.py for tasks to queue
[2024-09-25T14:03:38.482+0000] {logging_mixin.py:190} INFO - [2024-09-25T14:03:38.482+0000] {dagbag.py:588} INFO - Filling up the DagBag from /home/airflow/.local/lib/python3.12/site-packages/airflow/example_dags/example_subdag_operator.py
[2024-09-25T14:03:38.501+0000] {processor.py:925} INFO - DAG(s) 'example_subdag_operator.section-1', 'example_subdag_operator.section-2', 'example_subdag_operator' retrieved from /home/airflow/.local/lib/python3.12/site-packages/airflow/example_dags/example_subdag_operator.py
[2024-09-25T14:03:38.513+0000] {logging_mixin.py:190} INFO - [2024-09-25T14:03:38.513+0000] {dag.py:3239} INFO - Sync 3 DAGs
[2024-09-25T14:03:38.533+0000] {logging_mixin.py:190} INFO - [2024-09-25T14:03:38.532+0000] {dag.py:4180} INFO - Setting next_dagrun for example_subdag_operator to 2022-01-01 00:00:00+00:00, run_after=2022-01-01 00:00:00+00:00
[2024-09-25T14:03:38.536+0000] {logging_mixin.py:190} INFO - [2024-09-25T14:03:38.536+0000] {dag.py:4180} INFO - Setting next_dagrun for example_subdag_operator.section-1 to None, run_after=None
[2024-09-25T14:03:38.537+0000] {logging_mixin.py:190} INFO - [2024-09-25T14:03:38.537+0000] {dag.py:4180} INFO - Setting next_dagrun for example_subdag_operator.section-2 to None, run_after=None
[2024-09-25T14:03:38.543+0000] {logging_mixin.py:190} INFO - [2024-09-25T14:03:38.543+0000] {dag.py:3239} INFO - Sync 2 DAGs
[2024-09-25T14:03:38.547+0000] {logging_mixin.py:190} INFO - [2024-09-25T14:03:38.547+0000] {dag.py:4180} INFO - Setting next_dagrun for example_subdag_operator.section-1 to None, run_after=None
[2024-09-25T14:03:38.548+0000] {logging_mixin.py:190} INFO - [2024-09-25T14:03:38.548+0000] {dag.py:4180} INFO - Setting next_dagrun for example_subdag_operator.section-2 to None, run_after=None
[2024-09-25T14:03:38.556+0000] {processor.py:208} INFO - Processing /home/airflow/.local/lib/python3.12/site-packages/airflow/example_dags/example_subdag_operator.py took 0.081 seconds
