[2024-09-25T13:53:26.622+0000] {processor.py:186} INFO - Started process (PID=185) to work on /home/airflow/.local/lib/python3.12/site-packages/airflow/example_dags/example_dataset_alias.py
[2024-09-25T13:53:26.623+0000] {processor.py:914} INFO - Processing file /home/airflow/.local/lib/python3.12/site-packages/airflow/example_dags/example_dataset_alias.py for tasks to queue
[2024-09-25T13:53:26.625+0000] {logging_mixin.py:190} INFO - [2024-09-25T13:53:26.625+0000] {dagbag.py:588} INFO - Filling up the DagBag from /home/airflow/.local/lib/python3.12/site-packages/airflow/example_dags/example_dataset_alias.py
[2024-09-25T13:53:27.110+0000] {processor.py:925} INFO - DAG(s) 'dataset_s3_bucket_producer', 'dataset_s3_bucket_consumer', 'dataset_alias_example_alias_consumer', 'dataset_alias_example_alias_producer' retrieved from /home/airflow/.local/lib/python3.12/site-packages/airflow/example_dags/example_dataset_alias.py
[2024-09-25T13:53:27.133+0000] {logging_mixin.py:190} INFO - [2024-09-25T13:53:27.133+0000] {dag.py:3239} INFO - Sync 4 DAGs
[2024-09-25T13:53:27.153+0000] {logging_mixin.py:190} INFO - [2024-09-25T13:53:27.153+0000] {dag.py:4180} INFO - Setting next_dagrun for dataset_alias_example_alias_consumer to None, run_after=None
[2024-09-25T13:53:27.156+0000] {logging_mixin.py:190} INFO - [2024-09-25T13:53:27.156+0000] {dag.py:4180} INFO - Setting next_dagrun for dataset_alias_example_alias_producer to None, run_after=None
[2024-09-25T13:53:27.157+0000] {logging_mixin.py:190} INFO - [2024-09-25T13:53:27.157+0000] {dag.py:4180} INFO - Setting next_dagrun for dataset_s3_bucket_consumer to None, run_after=None
[2024-09-25T13:53:27.159+0000] {logging_mixin.py:190} INFO - [2024-09-25T13:53:27.158+0000] {dag.py:4180} INFO - Setting next_dagrun for dataset_s3_bucket_producer to None, run_after=None
[2024-09-25T13:53:27.177+0000] {processor.py:208} INFO - Processing /home/airflow/.local/lib/python3.12/site-packages/airflow/example_dags/example_dataset_alias.py took 0.560 seconds
[2024-09-25T13:53:57.567+0000] {processor.py:186} INFO - Started process (PID=490) to work on /home/airflow/.local/lib/python3.12/site-packages/airflow/example_dags/example_dataset_alias.py
[2024-09-25T13:53:57.567+0000] {processor.py:914} INFO - Processing file /home/airflow/.local/lib/python3.12/site-packages/airflow/example_dags/example_dataset_alias.py for tasks to queue
[2024-09-25T13:53:57.569+0000] {logging_mixin.py:190} INFO - [2024-09-25T13:53:57.569+0000] {dagbag.py:588} INFO - Filling up the DagBag from /home/airflow/.local/lib/python3.12/site-packages/airflow/example_dags/example_dataset_alias.py
[2024-09-25T13:53:57.683+0000] {processor.py:925} INFO - DAG(s) 'dataset_s3_bucket_producer', 'dataset_s3_bucket_consumer', 'dataset_alias_example_alias_consumer', 'dataset_alias_example_alias_producer' retrieved from /home/airflow/.local/lib/python3.12/site-packages/airflow/example_dags/example_dataset_alias.py
[2024-09-25T13:53:57.701+0000] {logging_mixin.py:190} INFO - [2024-09-25T13:53:57.701+0000] {dag.py:3239} INFO - Sync 4 DAGs
[2024-09-25T13:53:57.722+0000] {logging_mixin.py:190} INFO - [2024-09-25T13:53:57.722+0000] {dag.py:4180} INFO - Setting next_dagrun for dataset_alias_example_alias_consumer to None, run_after=None
[2024-09-25T13:53:57.724+0000] {logging_mixin.py:190} INFO - [2024-09-25T13:53:57.724+0000] {dag.py:4180} INFO - Setting next_dagrun for dataset_alias_example_alias_producer to None, run_after=None
[2024-09-25T13:53:57.725+0000] {logging_mixin.py:190} INFO - [2024-09-25T13:53:57.725+0000] {dag.py:4180} INFO - Setting next_dagrun for dataset_s3_bucket_consumer to None, run_after=None
[2024-09-25T13:53:57.726+0000] {logging_mixin.py:190} INFO - [2024-09-25T13:53:57.726+0000] {dag.py:4180} INFO - Setting next_dagrun for dataset_s3_bucket_producer to None, run_after=None
[2024-09-25T13:53:57.743+0000] {processor.py:208} INFO - Processing /home/airflow/.local/lib/python3.12/site-packages/airflow/example_dags/example_dataset_alias.py took 0.182 seconds
[2024-09-25T13:54:27.844+0000] {processor.py:186} INFO - Started process (PID=778) to work on /home/airflow/.local/lib/python3.12/site-packages/airflow/example_dags/example_dataset_alias.py
[2024-09-25T13:54:27.845+0000] {processor.py:914} INFO - Processing file /home/airflow/.local/lib/python3.12/site-packages/airflow/example_dags/example_dataset_alias.py for tasks to queue
[2024-09-25T13:54:27.846+0000] {logging_mixin.py:190} INFO - [2024-09-25T13:54:27.846+0000] {dagbag.py:588} INFO - Filling up the DagBag from /home/airflow/.local/lib/python3.12/site-packages/airflow/example_dags/example_dataset_alias.py
[2024-09-25T13:54:27.967+0000] {processor.py:925} INFO - DAG(s) 'dataset_s3_bucket_producer', 'dataset_alias_example_alias_producer', 'dataset_s3_bucket_consumer', 'dataset_alias_example_alias_consumer' retrieved from /home/airflow/.local/lib/python3.12/site-packages/airflow/example_dags/example_dataset_alias.py
[2024-09-25T13:54:27.986+0000] {logging_mixin.py:190} INFO - [2024-09-25T13:54:27.985+0000] {dag.py:3239} INFO - Sync 4 DAGs
[2024-09-25T13:54:28.009+0000] {logging_mixin.py:190} INFO - [2024-09-25T13:54:28.009+0000] {dag.py:4180} INFO - Setting next_dagrun for dataset_alias_example_alias_consumer to None, run_after=None
[2024-09-25T13:54:28.011+0000] {logging_mixin.py:190} INFO - [2024-09-25T13:54:28.011+0000] {dag.py:4180} INFO - Setting next_dagrun for dataset_alias_example_alias_producer to None, run_after=None
[2024-09-25T13:54:28.013+0000] {logging_mixin.py:190} INFO - [2024-09-25T13:54:28.013+0000] {dag.py:4180} INFO - Setting next_dagrun for dataset_s3_bucket_consumer to None, run_after=None
[2024-09-25T13:54:28.014+0000] {logging_mixin.py:190} INFO - [2024-09-25T13:54:28.014+0000] {dag.py:4180} INFO - Setting next_dagrun for dataset_s3_bucket_producer to None, run_after=None
[2024-09-25T13:54:28.033+0000] {processor.py:208} INFO - Processing /home/airflow/.local/lib/python3.12/site-packages/airflow/example_dags/example_dataset_alias.py took 0.194 seconds
[2024-09-25T13:54:58.330+0000] {processor.py:186} INFO - Started process (PID=1062) to work on /home/airflow/.local/lib/python3.12/site-packages/airflow/example_dags/example_dataset_alias.py
[2024-09-25T13:54:58.331+0000] {processor.py:914} INFO - Processing file /home/airflow/.local/lib/python3.12/site-packages/airflow/example_dags/example_dataset_alias.py for tasks to queue
[2024-09-25T13:54:58.333+0000] {logging_mixin.py:190} INFO - [2024-09-25T13:54:58.333+0000] {dagbag.py:588} INFO - Filling up the DagBag from /home/airflow/.local/lib/python3.12/site-packages/airflow/example_dags/example_dataset_alias.py
[2024-09-25T13:54:58.447+0000] {processor.py:925} INFO - DAG(s) 'dataset_s3_bucket_producer', 'dataset_alias_example_alias_producer', 'dataset_s3_bucket_consumer', 'dataset_alias_example_alias_consumer' retrieved from /home/airflow/.local/lib/python3.12/site-packages/airflow/example_dags/example_dataset_alias.py
[2024-09-25T13:54:58.466+0000] {logging_mixin.py:190} INFO - [2024-09-25T13:54:58.465+0000] {dag.py:3239} INFO - Sync 4 DAGs
[2024-09-25T13:54:58.488+0000] {logging_mixin.py:190} INFO - [2024-09-25T13:54:58.488+0000] {dag.py:4180} INFO - Setting next_dagrun for dataset_alias_example_alias_consumer to None, run_after=None
[2024-09-25T13:54:58.490+0000] {logging_mixin.py:190} INFO - [2024-09-25T13:54:58.490+0000] {dag.py:4180} INFO - Setting next_dagrun for dataset_alias_example_alias_producer to None, run_after=None
[2024-09-25T13:54:58.492+0000] {logging_mixin.py:190} INFO - [2024-09-25T13:54:58.492+0000] {dag.py:4180} INFO - Setting next_dagrun for dataset_s3_bucket_consumer to None, run_after=None
[2024-09-25T13:54:58.493+0000] {logging_mixin.py:190} INFO - [2024-09-25T13:54:58.493+0000] {dag.py:4180} INFO - Setting next_dagrun for dataset_s3_bucket_producer to None, run_after=None
[2024-09-25T13:54:58.516+0000] {processor.py:208} INFO - Processing /home/airflow/.local/lib/python3.12/site-packages/airflow/example_dags/example_dataset_alias.py took 0.190 seconds
[2024-09-25T13:55:28.836+0000] {processor.py:186} INFO - Started process (PID=1348) to work on /home/airflow/.local/lib/python3.12/site-packages/airflow/example_dags/example_dataset_alias.py
[2024-09-25T13:55:28.836+0000] {processor.py:914} INFO - Processing file /home/airflow/.local/lib/python3.12/site-packages/airflow/example_dags/example_dataset_alias.py for tasks to queue
[2024-09-25T13:55:28.838+0000] {logging_mixin.py:190} INFO - [2024-09-25T13:55:28.838+0000] {dagbag.py:588} INFO - Filling up the DagBag from /home/airflow/.local/lib/python3.12/site-packages/airflow/example_dags/example_dataset_alias.py
[2024-09-25T13:55:28.954+0000] {processor.py:925} INFO - DAG(s) 'dataset_alias_example_alias_consumer', 'dataset_s3_bucket_consumer', 'dataset_s3_bucket_producer', 'dataset_alias_example_alias_producer' retrieved from /home/airflow/.local/lib/python3.12/site-packages/airflow/example_dags/example_dataset_alias.py
[2024-09-25T13:55:28.972+0000] {logging_mixin.py:190} INFO - [2024-09-25T13:55:28.971+0000] {dag.py:3239} INFO - Sync 4 DAGs
[2024-09-25T13:55:28.991+0000] {logging_mixin.py:190} INFO - [2024-09-25T13:55:28.991+0000] {dag.py:4180} INFO - Setting next_dagrun for dataset_alias_example_alias_consumer to None, run_after=None
[2024-09-25T13:55:28.994+0000] {logging_mixin.py:190} INFO - [2024-09-25T13:55:28.994+0000] {dag.py:4180} INFO - Setting next_dagrun for dataset_alias_example_alias_producer to None, run_after=None
[2024-09-25T13:55:28.995+0000] {logging_mixin.py:190} INFO - [2024-09-25T13:55:28.995+0000] {dag.py:4180} INFO - Setting next_dagrun for dataset_s3_bucket_consumer to None, run_after=None
[2024-09-25T13:55:28.997+0000] {logging_mixin.py:190} INFO - [2024-09-25T13:55:28.996+0000] {dag.py:4180} INFO - Setting next_dagrun for dataset_s3_bucket_producer to None, run_after=None
[2024-09-25T13:55:29.015+0000] {processor.py:208} INFO - Processing /home/airflow/.local/lib/python3.12/site-packages/airflow/example_dags/example_dataset_alias.py took 0.185 seconds
[2024-09-25T13:55:59.102+0000] {processor.py:186} INFO - Started process (PID=1642) to work on /home/airflow/.local/lib/python3.12/site-packages/airflow/example_dags/example_dataset_alias.py
[2024-09-25T13:55:59.103+0000] {processor.py:914} INFO - Processing file /home/airflow/.local/lib/python3.12/site-packages/airflow/example_dags/example_dataset_alias.py for tasks to queue
[2024-09-25T13:55:59.105+0000] {logging_mixin.py:190} INFO - [2024-09-25T13:55:59.105+0000] {dagbag.py:588} INFO - Filling up the DagBag from /home/airflow/.local/lib/python3.12/site-packages/airflow/example_dags/example_dataset_alias.py
[2024-09-25T13:55:59.232+0000] {processor.py:925} INFO - DAG(s) 'dataset_alias_example_alias_consumer', 'dataset_s3_bucket_consumer', 'dataset_alias_example_alias_producer', 'dataset_s3_bucket_producer' retrieved from /home/airflow/.local/lib/python3.12/site-packages/airflow/example_dags/example_dataset_alias.py
[2024-09-25T13:55:59.251+0000] {logging_mixin.py:190} INFO - [2024-09-25T13:55:59.251+0000] {dag.py:3239} INFO - Sync 4 DAGs
[2024-09-25T13:55:59.272+0000] {logging_mixin.py:190} INFO - [2024-09-25T13:55:59.271+0000] {dag.py:4180} INFO - Setting next_dagrun for dataset_alias_example_alias_consumer to None, run_after=None
[2024-09-25T13:55:59.274+0000] {logging_mixin.py:190} INFO - [2024-09-25T13:55:59.274+0000] {dag.py:4180} INFO - Setting next_dagrun for dataset_alias_example_alias_producer to None, run_after=None
[2024-09-25T13:55:59.276+0000] {logging_mixin.py:190} INFO - [2024-09-25T13:55:59.276+0000] {dag.py:4180} INFO - Setting next_dagrun for dataset_s3_bucket_consumer to None, run_after=None
[2024-09-25T13:55:59.277+0000] {logging_mixin.py:190} INFO - [2024-09-25T13:55:59.277+0000] {dag.py:4180} INFO - Setting next_dagrun for dataset_s3_bucket_producer to None, run_after=None
[2024-09-25T13:55:59.297+0000] {processor.py:208} INFO - Processing /home/airflow/.local/lib/python3.12/site-packages/airflow/example_dags/example_dataset_alias.py took 0.203 seconds
[2024-09-25T13:56:29.427+0000] {processor.py:186} INFO - Started process (PID=1928) to work on /home/airflow/.local/lib/python3.12/site-packages/airflow/example_dags/example_dataset_alias.py
[2024-09-25T13:56:29.428+0000] {processor.py:914} INFO - Processing file /home/airflow/.local/lib/python3.12/site-packages/airflow/example_dags/example_dataset_alias.py for tasks to queue
[2024-09-25T13:56:29.429+0000] {logging_mixin.py:190} INFO - [2024-09-25T13:56:29.429+0000] {dagbag.py:588} INFO - Filling up the DagBag from /home/airflow/.local/lib/python3.12/site-packages/airflow/example_dags/example_dataset_alias.py
[2024-09-25T13:56:29.548+0000] {processor.py:925} INFO - DAG(s) 'dataset_s3_bucket_consumer', 'dataset_s3_bucket_producer', 'dataset_alias_example_alias_producer', 'dataset_alias_example_alias_consumer' retrieved from /home/airflow/.local/lib/python3.12/site-packages/airflow/example_dags/example_dataset_alias.py
[2024-09-25T13:56:29.566+0000] {logging_mixin.py:190} INFO - [2024-09-25T13:56:29.565+0000] {dag.py:3239} INFO - Sync 4 DAGs
[2024-09-25T13:56:29.585+0000] {logging_mixin.py:190} INFO - [2024-09-25T13:56:29.585+0000] {dag.py:4180} INFO - Setting next_dagrun for dataset_alias_example_alias_consumer to None, run_after=None
[2024-09-25T13:56:29.588+0000] {logging_mixin.py:190} INFO - [2024-09-25T13:56:29.587+0000] {dag.py:4180} INFO - Setting next_dagrun for dataset_alias_example_alias_producer to None, run_after=None
[2024-09-25T13:56:29.589+0000] {logging_mixin.py:190} INFO - [2024-09-25T13:56:29.589+0000] {dag.py:4180} INFO - Setting next_dagrun for dataset_s3_bucket_consumer to None, run_after=None
[2024-09-25T13:56:29.590+0000] {logging_mixin.py:190} INFO - [2024-09-25T13:56:29.590+0000] {dag.py:4180} INFO - Setting next_dagrun for dataset_s3_bucket_producer to None, run_after=None
[2024-09-25T13:56:29.608+0000] {processor.py:208} INFO - Processing /home/airflow/.local/lib/python3.12/site-packages/airflow/example_dags/example_dataset_alias.py took 0.186 seconds
[2024-09-25T13:56:59.814+0000] {processor.py:186} INFO - Started process (PID=2214) to work on /home/airflow/.local/lib/python3.12/site-packages/airflow/example_dags/example_dataset_alias.py
[2024-09-25T13:56:59.815+0000] {processor.py:914} INFO - Processing file /home/airflow/.local/lib/python3.12/site-packages/airflow/example_dags/example_dataset_alias.py for tasks to queue
[2024-09-25T13:56:59.817+0000] {logging_mixin.py:190} INFO - [2024-09-25T13:56:59.817+0000] {dagbag.py:588} INFO - Filling up the DagBag from /home/airflow/.local/lib/python3.12/site-packages/airflow/example_dags/example_dataset_alias.py
[2024-09-25T13:56:59.939+0000] {processor.py:925} INFO - DAG(s) 'dataset_s3_bucket_producer', 'dataset_alias_example_alias_consumer', 'dataset_alias_example_alias_producer', 'dataset_s3_bucket_consumer' retrieved from /home/airflow/.local/lib/python3.12/site-packages/airflow/example_dags/example_dataset_alias.py
[2024-09-25T13:56:59.957+0000] {logging_mixin.py:190} INFO - [2024-09-25T13:56:59.957+0000] {dag.py:3239} INFO - Sync 4 DAGs
[2024-09-25T13:56:59.978+0000] {logging_mixin.py:190} INFO - [2024-09-25T13:56:59.978+0000] {dag.py:4180} INFO - Setting next_dagrun for dataset_alias_example_alias_consumer to None, run_after=None
[2024-09-25T13:56:59.981+0000] {logging_mixin.py:190} INFO - [2024-09-25T13:56:59.981+0000] {dag.py:4180} INFO - Setting next_dagrun for dataset_alias_example_alias_producer to None, run_after=None
[2024-09-25T13:56:59.982+0000] {logging_mixin.py:190} INFO - [2024-09-25T13:56:59.982+0000] {dag.py:4180} INFO - Setting next_dagrun for dataset_s3_bucket_consumer to None, run_after=None
[2024-09-25T13:56:59.983+0000] {logging_mixin.py:190} INFO - [2024-09-25T13:56:59.983+0000] {dag.py:4180} INFO - Setting next_dagrun for dataset_s3_bucket_producer to None, run_after=None
[2024-09-25T13:57:00.001+0000] {processor.py:208} INFO - Processing /home/airflow/.local/lib/python3.12/site-packages/airflow/example_dags/example_dataset_alias.py took 0.192 seconds
[2024-09-25T13:57:30.074+0000] {processor.py:186} INFO - Started process (PID=2501) to work on /home/airflow/.local/lib/python3.12/site-packages/airflow/example_dags/example_dataset_alias.py
[2024-09-25T13:57:30.075+0000] {processor.py:914} INFO - Processing file /home/airflow/.local/lib/python3.12/site-packages/airflow/example_dags/example_dataset_alias.py for tasks to queue
[2024-09-25T13:57:30.077+0000] {logging_mixin.py:190} INFO - [2024-09-25T13:57:30.076+0000] {dagbag.py:588} INFO - Filling up the DagBag from /home/airflow/.local/lib/python3.12/site-packages/airflow/example_dags/example_dataset_alias.py
[2024-09-25T13:57:30.194+0000] {processor.py:925} INFO - DAG(s) 'dataset_s3_bucket_consumer', 'dataset_alias_example_alias_producer', 'dataset_alias_example_alias_consumer', 'dataset_s3_bucket_producer' retrieved from /home/airflow/.local/lib/python3.12/site-packages/airflow/example_dags/example_dataset_alias.py
[2024-09-25T13:57:30.212+0000] {logging_mixin.py:190} INFO - [2024-09-25T13:57:30.212+0000] {dag.py:3239} INFO - Sync 4 DAGs
[2024-09-25T13:57:30.233+0000] {logging_mixin.py:190} INFO - [2024-09-25T13:57:30.233+0000] {dag.py:4180} INFO - Setting next_dagrun for dataset_alias_example_alias_consumer to None, run_after=None
[2024-09-25T13:57:30.236+0000] {logging_mixin.py:190} INFO - [2024-09-25T13:57:30.236+0000] {dag.py:4180} INFO - Setting next_dagrun for dataset_alias_example_alias_producer to None, run_after=None
[2024-09-25T13:57:30.237+0000] {logging_mixin.py:190} INFO - [2024-09-25T13:57:30.237+0000] {dag.py:4180} INFO - Setting next_dagrun for dataset_s3_bucket_consumer to None, run_after=None
[2024-09-25T13:57:30.238+0000] {logging_mixin.py:190} INFO - [2024-09-25T13:57:30.238+0000] {dag.py:4180} INFO - Setting next_dagrun for dataset_s3_bucket_producer to None, run_after=None
[2024-09-25T13:57:30.255+0000] {processor.py:208} INFO - Processing /home/airflow/.local/lib/python3.12/site-packages/airflow/example_dags/example_dataset_alias.py took 0.186 seconds
[2024-09-25T13:58:00.332+0000] {processor.py:186} INFO - Started process (PID=2789) to work on /home/airflow/.local/lib/python3.12/site-packages/airflow/example_dags/example_dataset_alias.py
[2024-09-25T13:58:00.332+0000] {processor.py:914} INFO - Processing file /home/airflow/.local/lib/python3.12/site-packages/airflow/example_dags/example_dataset_alias.py for tasks to queue
[2024-09-25T13:58:00.334+0000] {logging_mixin.py:190} INFO - [2024-09-25T13:58:00.334+0000] {dagbag.py:588} INFO - Filling up the DagBag from /home/airflow/.local/lib/python3.12/site-packages/airflow/example_dags/example_dataset_alias.py
[2024-09-25T13:58:00.447+0000] {processor.py:925} INFO - DAG(s) 'dataset_s3_bucket_consumer', 'dataset_alias_example_alias_producer', 'dataset_alias_example_alias_consumer', 'dataset_s3_bucket_producer' retrieved from /home/airflow/.local/lib/python3.12/site-packages/airflow/example_dags/example_dataset_alias.py
[2024-09-25T13:58:00.464+0000] {logging_mixin.py:190} INFO - [2024-09-25T13:58:00.464+0000] {dag.py:3239} INFO - Sync 4 DAGs
[2024-09-25T13:58:00.484+0000] {logging_mixin.py:190} INFO - [2024-09-25T13:58:00.484+0000] {dag.py:4180} INFO - Setting next_dagrun for dataset_alias_example_alias_consumer to None, run_after=None
[2024-09-25T13:58:00.487+0000] {logging_mixin.py:190} INFO - [2024-09-25T13:58:00.486+0000] {dag.py:4180} INFO - Setting next_dagrun for dataset_alias_example_alias_producer to None, run_after=None
[2024-09-25T13:58:00.488+0000] {logging_mixin.py:190} INFO - [2024-09-25T13:58:00.488+0000] {dag.py:4180} INFO - Setting next_dagrun for dataset_s3_bucket_consumer to None, run_after=None
[2024-09-25T13:58:00.489+0000] {logging_mixin.py:190} INFO - [2024-09-25T13:58:00.489+0000] {dag.py:4180} INFO - Setting next_dagrun for dataset_s3_bucket_producer to None, run_after=None
[2024-09-25T13:58:00.507+0000] {processor.py:208} INFO - Processing /home/airflow/.local/lib/python3.12/site-packages/airflow/example_dags/example_dataset_alias.py took 0.180 seconds
[2024-09-25T13:58:30.729+0000] {processor.py:186} INFO - Started process (PID=3087) to work on /home/airflow/.local/lib/python3.12/site-packages/airflow/example_dags/example_dataset_alias.py
[2024-09-25T13:58:30.730+0000] {processor.py:914} INFO - Processing file /home/airflow/.local/lib/python3.12/site-packages/airflow/example_dags/example_dataset_alias.py for tasks to queue
[2024-09-25T13:58:30.733+0000] {logging_mixin.py:190} INFO - [2024-09-25T13:58:30.733+0000] {dagbag.py:588} INFO - Filling up the DagBag from /home/airflow/.local/lib/python3.12/site-packages/airflow/example_dags/example_dataset_alias.py
[2024-09-25T13:58:30.851+0000] {processor.py:925} INFO - DAG(s) 'dataset_s3_bucket_consumer', 'dataset_s3_bucket_producer', 'dataset_alias_example_alias_producer', 'dataset_alias_example_alias_consumer' retrieved from /home/airflow/.local/lib/python3.12/site-packages/airflow/example_dags/example_dataset_alias.py
[2024-09-25T13:58:30.868+0000] {logging_mixin.py:190} INFO - [2024-09-25T13:58:30.868+0000] {dag.py:3239} INFO - Sync 4 DAGs
[2024-09-25T13:58:30.890+0000] {logging_mixin.py:190} INFO - [2024-09-25T13:58:30.889+0000] {dag.py:4180} INFO - Setting next_dagrun for dataset_alias_example_alias_consumer to None, run_after=None
[2024-09-25T13:58:30.892+0000] {logging_mixin.py:190} INFO - [2024-09-25T13:58:30.892+0000] {dag.py:4180} INFO - Setting next_dagrun for dataset_alias_example_alias_producer to None, run_after=None
[2024-09-25T13:58:30.893+0000] {logging_mixin.py:190} INFO - [2024-09-25T13:58:30.893+0000] {dag.py:4180} INFO - Setting next_dagrun for dataset_s3_bucket_consumer to None, run_after=None
[2024-09-25T13:58:30.894+0000] {logging_mixin.py:190} INFO - [2024-09-25T13:58:30.894+0000] {dag.py:4180} INFO - Setting next_dagrun for dataset_s3_bucket_producer to None, run_after=None
[2024-09-25T13:58:30.913+0000] {processor.py:208} INFO - Processing /home/airflow/.local/lib/python3.12/site-packages/airflow/example_dags/example_dataset_alias.py took 0.189 seconds
[2024-09-25T13:59:00.981+0000] {processor.py:186} INFO - Started process (PID=3373) to work on /home/airflow/.local/lib/python3.12/site-packages/airflow/example_dags/example_dataset_alias.py
[2024-09-25T13:59:00.981+0000] {processor.py:914} INFO - Processing file /home/airflow/.local/lib/python3.12/site-packages/airflow/example_dags/example_dataset_alias.py for tasks to queue
[2024-09-25T13:59:00.983+0000] {logging_mixin.py:190} INFO - [2024-09-25T13:59:00.983+0000] {dagbag.py:588} INFO - Filling up the DagBag from /home/airflow/.local/lib/python3.12/site-packages/airflow/example_dags/example_dataset_alias.py
[2024-09-25T13:59:01.098+0000] {processor.py:925} INFO - DAG(s) 'dataset_s3_bucket_consumer', 'dataset_s3_bucket_producer', 'dataset_alias_example_alias_consumer', 'dataset_alias_example_alias_producer' retrieved from /home/airflow/.local/lib/python3.12/site-packages/airflow/example_dags/example_dataset_alias.py
[2024-09-25T13:59:01.116+0000] {logging_mixin.py:190} INFO - [2024-09-25T13:59:01.115+0000] {dag.py:3239} INFO - Sync 4 DAGs
[2024-09-25T13:59:01.136+0000] {logging_mixin.py:190} INFO - [2024-09-25T13:59:01.136+0000] {dag.py:4180} INFO - Setting next_dagrun for dataset_alias_example_alias_consumer to None, run_after=None
[2024-09-25T13:59:01.139+0000] {logging_mixin.py:190} INFO - [2024-09-25T13:59:01.139+0000] {dag.py:4180} INFO - Setting next_dagrun for dataset_alias_example_alias_producer to None, run_after=None
[2024-09-25T13:59:01.140+0000] {logging_mixin.py:190} INFO - [2024-09-25T13:59:01.140+0000] {dag.py:4180} INFO - Setting next_dagrun for dataset_s3_bucket_consumer to None, run_after=None
[2024-09-25T13:59:01.141+0000] {logging_mixin.py:190} INFO - [2024-09-25T13:59:01.141+0000] {dag.py:4180} INFO - Setting next_dagrun for dataset_s3_bucket_producer to None, run_after=None
[2024-09-25T13:59:01.159+0000] {processor.py:208} INFO - Processing /home/airflow/.local/lib/python3.12/site-packages/airflow/example_dags/example_dataset_alias.py took 0.183 seconds
[2024-09-25T13:59:31.240+0000] {processor.py:186} INFO - Started process (PID=3659) to work on /home/airflow/.local/lib/python3.12/site-packages/airflow/example_dags/example_dataset_alias.py
[2024-09-25T13:59:31.241+0000] {processor.py:914} INFO - Processing file /home/airflow/.local/lib/python3.12/site-packages/airflow/example_dags/example_dataset_alias.py for tasks to queue
[2024-09-25T13:59:31.243+0000] {logging_mixin.py:190} INFO - [2024-09-25T13:59:31.243+0000] {dagbag.py:588} INFO - Filling up the DagBag from /home/airflow/.local/lib/python3.12/site-packages/airflow/example_dags/example_dataset_alias.py
[2024-09-25T13:59:31.362+0000] {processor.py:925} INFO - DAG(s) 'dataset_alias_example_alias_producer', 'dataset_alias_example_alias_consumer', 'dataset_s3_bucket_producer', 'dataset_s3_bucket_consumer' retrieved from /home/airflow/.local/lib/python3.12/site-packages/airflow/example_dags/example_dataset_alias.py
[2024-09-25T13:59:31.382+0000] {logging_mixin.py:190} INFO - [2024-09-25T13:59:31.382+0000] {dag.py:3239} INFO - Sync 4 DAGs
[2024-09-25T13:59:31.402+0000] {logging_mixin.py:190} INFO - [2024-09-25T13:59:31.402+0000] {dag.py:4180} INFO - Setting next_dagrun for dataset_alias_example_alias_consumer to None, run_after=None
[2024-09-25T13:59:31.404+0000] {logging_mixin.py:190} INFO - [2024-09-25T13:59:31.404+0000] {dag.py:4180} INFO - Setting next_dagrun for dataset_alias_example_alias_producer to None, run_after=None
[2024-09-25T13:59:31.406+0000] {logging_mixin.py:190} INFO - [2024-09-25T13:59:31.406+0000] {dag.py:4180} INFO - Setting next_dagrun for dataset_s3_bucket_consumer to None, run_after=None
[2024-09-25T13:59:31.407+0000] {logging_mixin.py:190} INFO - [2024-09-25T13:59:31.407+0000] {dag.py:4180} INFO - Setting next_dagrun for dataset_s3_bucket_producer to None, run_after=None
[2024-09-25T13:59:31.426+0000] {processor.py:208} INFO - Processing /home/airflow/.local/lib/python3.12/site-packages/airflow/example_dags/example_dataset_alias.py took 0.191 seconds
[2024-09-25T14:00:01.580+0000] {processor.py:186} INFO - Started process (PID=3945) to work on /home/airflow/.local/lib/python3.12/site-packages/airflow/example_dags/example_dataset_alias.py
[2024-09-25T14:00:01.580+0000] {processor.py:914} INFO - Processing file /home/airflow/.local/lib/python3.12/site-packages/airflow/example_dags/example_dataset_alias.py for tasks to queue
[2024-09-25T14:00:01.582+0000] {logging_mixin.py:190} INFO - [2024-09-25T14:00:01.582+0000] {dagbag.py:588} INFO - Filling up the DagBag from /home/airflow/.local/lib/python3.12/site-packages/airflow/example_dags/example_dataset_alias.py
[2024-09-25T14:00:01.699+0000] {processor.py:925} INFO - DAG(s) 'dataset_alias_example_alias_consumer', 'dataset_s3_bucket_consumer', 'dataset_alias_example_alias_producer', 'dataset_s3_bucket_producer' retrieved from /home/airflow/.local/lib/python3.12/site-packages/airflow/example_dags/example_dataset_alias.py
[2024-09-25T14:00:01.716+0000] {logging_mixin.py:190} INFO - [2024-09-25T14:00:01.716+0000] {dag.py:3239} INFO - Sync 4 DAGs
[2024-09-25T14:00:01.736+0000] {logging_mixin.py:190} INFO - [2024-09-25T14:00:01.736+0000] {dag.py:4180} INFO - Setting next_dagrun for dataset_alias_example_alias_consumer to None, run_after=None
[2024-09-25T14:00:01.738+0000] {logging_mixin.py:190} INFO - [2024-09-25T14:00:01.738+0000] {dag.py:4180} INFO - Setting next_dagrun for dataset_alias_example_alias_producer to None, run_after=None
[2024-09-25T14:00:01.739+0000] {logging_mixin.py:190} INFO - [2024-09-25T14:00:01.739+0000] {dag.py:4180} INFO - Setting next_dagrun for dataset_s3_bucket_consumer to None, run_after=None
[2024-09-25T14:00:01.741+0000] {logging_mixin.py:190} INFO - [2024-09-25T14:00:01.741+0000] {dag.py:4180} INFO - Setting next_dagrun for dataset_s3_bucket_producer to None, run_after=None
[2024-09-25T14:00:01.760+0000] {processor.py:208} INFO - Processing /home/airflow/.local/lib/python3.12/site-packages/airflow/example_dags/example_dataset_alias.py took 0.186 seconds
[2024-09-25T14:00:31.821+0000] {processor.py:186} INFO - Started process (PID=4231) to work on /home/airflow/.local/lib/python3.12/site-packages/airflow/example_dags/example_dataset_alias.py
[2024-09-25T14:00:31.821+0000] {processor.py:914} INFO - Processing file /home/airflow/.local/lib/python3.12/site-packages/airflow/example_dags/example_dataset_alias.py for tasks to queue
[2024-09-25T14:00:31.823+0000] {logging_mixin.py:190} INFO - [2024-09-25T14:00:31.823+0000] {dagbag.py:588} INFO - Filling up the DagBag from /home/airflow/.local/lib/python3.12/site-packages/airflow/example_dags/example_dataset_alias.py
[2024-09-25T14:00:31.938+0000] {processor.py:925} INFO - DAG(s) 'dataset_alias_example_alias_producer', 'dataset_s3_bucket_consumer', 'dataset_s3_bucket_producer', 'dataset_alias_example_alias_consumer' retrieved from /home/airflow/.local/lib/python3.12/site-packages/airflow/example_dags/example_dataset_alias.py
[2024-09-25T14:00:31.956+0000] {logging_mixin.py:190} INFO - [2024-09-25T14:00:31.956+0000] {dag.py:3239} INFO - Sync 4 DAGs
[2024-09-25T14:00:31.975+0000] {logging_mixin.py:190} INFO - [2024-09-25T14:00:31.975+0000] {dag.py:4180} INFO - Setting next_dagrun for dataset_alias_example_alias_consumer to None, run_after=None
[2024-09-25T14:00:31.978+0000] {logging_mixin.py:190} INFO - [2024-09-25T14:00:31.977+0000] {dag.py:4180} INFO - Setting next_dagrun for dataset_alias_example_alias_producer to None, run_after=None
[2024-09-25T14:00:31.979+0000] {logging_mixin.py:190} INFO - [2024-09-25T14:00:31.979+0000] {dag.py:4180} INFO - Setting next_dagrun for dataset_s3_bucket_consumer to None, run_after=None
[2024-09-25T14:00:31.980+0000] {logging_mixin.py:190} INFO - [2024-09-25T14:00:31.980+0000] {dag.py:4180} INFO - Setting next_dagrun for dataset_s3_bucket_producer to None, run_after=None
[2024-09-25T14:00:31.998+0000] {processor.py:208} INFO - Processing /home/airflow/.local/lib/python3.12/site-packages/airflow/example_dags/example_dataset_alias.py took 0.182 seconds
[2024-09-25T14:01:02.092+0000] {processor.py:186} INFO - Started process (PID=4517) to work on /home/airflow/.local/lib/python3.12/site-packages/airflow/example_dags/example_dataset_alias.py
[2024-09-25T14:01:02.092+0000] {processor.py:914} INFO - Processing file /home/airflow/.local/lib/python3.12/site-packages/airflow/example_dags/example_dataset_alias.py for tasks to queue
[2024-09-25T14:01:02.094+0000] {logging_mixin.py:190} INFO - [2024-09-25T14:01:02.094+0000] {dagbag.py:588} INFO - Filling up the DagBag from /home/airflow/.local/lib/python3.12/site-packages/airflow/example_dags/example_dataset_alias.py
[2024-09-25T14:01:02.208+0000] {processor.py:925} INFO - DAG(s) 'dataset_s3_bucket_producer', 'dataset_alias_example_alias_producer', 'dataset_alias_example_alias_consumer', 'dataset_s3_bucket_consumer' retrieved from /home/airflow/.local/lib/python3.12/site-packages/airflow/example_dags/example_dataset_alias.py
[2024-09-25T14:01:02.225+0000] {logging_mixin.py:190} INFO - [2024-09-25T14:01:02.225+0000] {dag.py:3239} INFO - Sync 4 DAGs
[2024-09-25T14:01:02.246+0000] {logging_mixin.py:190} INFO - [2024-09-25T14:01:02.246+0000] {dag.py:4180} INFO - Setting next_dagrun for dataset_alias_example_alias_consumer to None, run_after=None
[2024-09-25T14:01:02.248+0000] {logging_mixin.py:190} INFO - [2024-09-25T14:01:02.248+0000] {dag.py:4180} INFO - Setting next_dagrun for dataset_alias_example_alias_producer to None, run_after=None
[2024-09-25T14:01:02.250+0000] {logging_mixin.py:190} INFO - [2024-09-25T14:01:02.250+0000] {dag.py:4180} INFO - Setting next_dagrun for dataset_s3_bucket_consumer to None, run_after=None
[2024-09-25T14:01:02.251+0000] {logging_mixin.py:190} INFO - [2024-09-25T14:01:02.251+0000] {dag.py:4180} INFO - Setting next_dagrun for dataset_s3_bucket_producer to None, run_after=None
[2024-09-25T14:01:02.270+0000] {processor.py:208} INFO - Processing /home/airflow/.local/lib/python3.12/site-packages/airflow/example_dags/example_dataset_alias.py took 0.183 seconds
[2024-09-25T14:01:33.167+0000] {processor.py:186} INFO - Started process (PID=4803) to work on /home/airflow/.local/lib/python3.12/site-packages/airflow/example_dags/example_dataset_alias.py
[2024-09-25T14:01:33.168+0000] {processor.py:914} INFO - Processing file /home/airflow/.local/lib/python3.12/site-packages/airflow/example_dags/example_dataset_alias.py for tasks to queue
[2024-09-25T14:01:33.169+0000] {logging_mixin.py:190} INFO - [2024-09-25T14:01:33.169+0000] {dagbag.py:588} INFO - Filling up the DagBag from /home/airflow/.local/lib/python3.12/site-packages/airflow/example_dags/example_dataset_alias.py
[2024-09-25T14:01:33.283+0000] {processor.py:925} INFO - DAG(s) 'dataset_alias_example_alias_producer', 'dataset_alias_example_alias_consumer', 'dataset_s3_bucket_producer', 'dataset_s3_bucket_consumer' retrieved from /home/airflow/.local/lib/python3.12/site-packages/airflow/example_dags/example_dataset_alias.py
[2024-09-25T14:01:33.302+0000] {logging_mixin.py:190} INFO - [2024-09-25T14:01:33.301+0000] {dag.py:3239} INFO - Sync 4 DAGs
[2024-09-25T14:01:33.322+0000] {logging_mixin.py:190} INFO - [2024-09-25T14:01:33.322+0000] {dag.py:4180} INFO - Setting next_dagrun for dataset_alias_example_alias_consumer to None, run_after=None
[2024-09-25T14:01:33.325+0000] {logging_mixin.py:190} INFO - [2024-09-25T14:01:33.325+0000] {dag.py:4180} INFO - Setting next_dagrun for dataset_alias_example_alias_producer to None, run_after=None
[2024-09-25T14:01:33.326+0000] {logging_mixin.py:190} INFO - [2024-09-25T14:01:33.326+0000] {dag.py:4180} INFO - Setting next_dagrun for dataset_s3_bucket_consumer to None, run_after=None
[2024-09-25T14:01:33.327+0000] {logging_mixin.py:190} INFO - [2024-09-25T14:01:33.327+0000] {dag.py:4180} INFO - Setting next_dagrun for dataset_s3_bucket_producer to None, run_after=None
[2024-09-25T14:01:33.344+0000] {processor.py:208} INFO - Processing /home/airflow/.local/lib/python3.12/site-packages/airflow/example_dags/example_dataset_alias.py took 0.182 seconds
[2024-09-25T14:02:03.453+0000] {processor.py:186} INFO - Started process (PID=5094) to work on /home/airflow/.local/lib/python3.12/site-packages/airflow/example_dags/example_dataset_alias.py
[2024-09-25T14:02:03.454+0000] {processor.py:914} INFO - Processing file /home/airflow/.local/lib/python3.12/site-packages/airflow/example_dags/example_dataset_alias.py for tasks to queue
[2024-09-25T14:02:03.456+0000] {logging_mixin.py:190} INFO - [2024-09-25T14:02:03.456+0000] {dagbag.py:588} INFO - Filling up the DagBag from /home/airflow/.local/lib/python3.12/site-packages/airflow/example_dags/example_dataset_alias.py
[2024-09-25T14:02:03.569+0000] {processor.py:925} INFO - DAG(s) 'dataset_alias_example_alias_consumer', 'dataset_s3_bucket_producer', 'dataset_s3_bucket_consumer', 'dataset_alias_example_alias_producer' retrieved from /home/airflow/.local/lib/python3.12/site-packages/airflow/example_dags/example_dataset_alias.py
[2024-09-25T14:02:03.587+0000] {logging_mixin.py:190} INFO - [2024-09-25T14:02:03.587+0000] {dag.py:3239} INFO - Sync 4 DAGs
[2024-09-25T14:02:03.607+0000] {logging_mixin.py:190} INFO - [2024-09-25T14:02:03.607+0000] {dag.py:4180} INFO - Setting next_dagrun for dataset_alias_example_alias_consumer to None, run_after=None
[2024-09-25T14:02:03.610+0000] {logging_mixin.py:190} INFO - [2024-09-25T14:02:03.610+0000] {dag.py:4180} INFO - Setting next_dagrun for dataset_alias_example_alias_producer to None, run_after=None
[2024-09-25T14:02:03.611+0000] {logging_mixin.py:190} INFO - [2024-09-25T14:02:03.611+0000] {dag.py:4180} INFO - Setting next_dagrun for dataset_s3_bucket_consumer to None, run_after=None
[2024-09-25T14:02:03.612+0000] {logging_mixin.py:190} INFO - [2024-09-25T14:02:03.612+0000] {dag.py:4180} INFO - Setting next_dagrun for dataset_s3_bucket_producer to None, run_after=None
[2024-09-25T14:02:03.629+0000] {processor.py:208} INFO - Processing /home/airflow/.local/lib/python3.12/site-packages/airflow/example_dags/example_dataset_alias.py took 0.181 seconds
[2024-09-25T14:03:06.106+0000] {processor.py:186} INFO - Started process (PID=178) to work on /home/airflow/.local/lib/python3.12/site-packages/airflow/example_dags/example_dataset_alias.py
[2024-09-25T14:03:06.107+0000] {processor.py:914} INFO - Processing file /home/airflow/.local/lib/python3.12/site-packages/airflow/example_dags/example_dataset_alias.py for tasks to queue
[2024-09-25T14:03:06.109+0000] {logging_mixin.py:190} INFO - [2024-09-25T14:03:06.109+0000] {dagbag.py:588} INFO - Filling up the DagBag from /home/airflow/.local/lib/python3.12/site-packages/airflow/example_dags/example_dataset_alias.py
[2024-09-25T14:03:06.234+0000] {processor.py:925} INFO - DAG(s) 'dataset_alias_example_alias_producer', 'dataset_alias_example_alias_consumer', 'dataset_s3_bucket_producer', 'dataset_s3_bucket_consumer' retrieved from /home/airflow/.local/lib/python3.12/site-packages/airflow/example_dags/example_dataset_alias.py
[2024-09-25T14:03:06.254+0000] {logging_mixin.py:190} INFO - [2024-09-25T14:03:06.254+0000] {dag.py:3239} INFO - Sync 4 DAGs
[2024-09-25T14:03:06.274+0000] {logging_mixin.py:190} INFO - [2024-09-25T14:03:06.274+0000] {dag.py:4180} INFO - Setting next_dagrun for dataset_alias_example_alias_consumer to None, run_after=None
[2024-09-25T14:03:06.277+0000] {logging_mixin.py:190} INFO - [2024-09-25T14:03:06.277+0000] {dag.py:4180} INFO - Setting next_dagrun for dataset_alias_example_alias_producer to None, run_after=None
[2024-09-25T14:03:06.278+0000] {logging_mixin.py:190} INFO - [2024-09-25T14:03:06.278+0000] {dag.py:4180} INFO - Setting next_dagrun for dataset_s3_bucket_consumer to None, run_after=None
[2024-09-25T14:03:06.279+0000] {logging_mixin.py:190} INFO - [2024-09-25T14:03:06.279+0000] {dag.py:4180} INFO - Setting next_dagrun for dataset_s3_bucket_producer to None, run_after=None
[2024-09-25T14:03:06.297+0000] {processor.py:208} INFO - Processing /home/airflow/.local/lib/python3.12/site-packages/airflow/example_dags/example_dataset_alias.py took 0.194 seconds
[2024-09-25T14:03:36.645+0000] {processor.py:186} INFO - Started process (PID=488) to work on /home/airflow/.local/lib/python3.12/site-packages/airflow/example_dags/example_dataset_alias.py
[2024-09-25T14:03:36.645+0000] {processor.py:914} INFO - Processing file /home/airflow/.local/lib/python3.12/site-packages/airflow/example_dags/example_dataset_alias.py for tasks to queue
[2024-09-25T14:03:36.647+0000] {logging_mixin.py:190} INFO - [2024-09-25T14:03:36.647+0000] {dagbag.py:588} INFO - Filling up the DagBag from /home/airflow/.local/lib/python3.12/site-packages/airflow/example_dags/example_dataset_alias.py
[2024-09-25T14:03:36.769+0000] {processor.py:925} INFO - DAG(s) 'dataset_alias_example_alias_consumer', 'dataset_s3_bucket_consumer', 'dataset_alias_example_alias_producer', 'dataset_s3_bucket_producer' retrieved from /home/airflow/.local/lib/python3.12/site-packages/airflow/example_dags/example_dataset_alias.py
[2024-09-25T14:03:36.788+0000] {logging_mixin.py:190} INFO - [2024-09-25T14:03:36.788+0000] {dag.py:3239} INFO - Sync 4 DAGs
[2024-09-25T14:03:36.809+0000] {logging_mixin.py:190} INFO - [2024-09-25T14:03:36.809+0000] {dag.py:4180} INFO - Setting next_dagrun for dataset_alias_example_alias_consumer to None, run_after=None
[2024-09-25T14:03:36.812+0000] {logging_mixin.py:190} INFO - [2024-09-25T14:03:36.811+0000] {dag.py:4180} INFO - Setting next_dagrun for dataset_alias_example_alias_producer to None, run_after=None
[2024-09-25T14:03:36.813+0000] {logging_mixin.py:190} INFO - [2024-09-25T14:03:36.813+0000] {dag.py:4180} INFO - Setting next_dagrun for dataset_s3_bucket_consumer to None, run_after=None
[2024-09-25T14:03:36.814+0000] {logging_mixin.py:190} INFO - [2024-09-25T14:03:36.814+0000] {dag.py:4180} INFO - Setting next_dagrun for dataset_s3_bucket_producer to None, run_after=None
[2024-09-25T14:03:36.833+0000] {processor.py:208} INFO - Processing /home/airflow/.local/lib/python3.12/site-packages/airflow/example_dags/example_dataset_alias.py took 0.194 seconds
