[2024-09-25T13:53:29.958+0000] {processor.py:186} INFO - Started process (PID=416) to work on /home/airflow/.local/lib/python3.12/site-packages/airflow/example_dags/example_branch_operator_decorator.py
[2024-09-25T13:53:29.959+0000] {processor.py:914} INFO - Processing file /home/airflow/.local/lib/python3.12/site-packages/airflow/example_dags/example_branch_operator_decorator.py for tasks to queue
[2024-09-25T13:53:29.961+0000] {logging_mixin.py:190} INFO - [2024-09-25T13:53:29.961+0000] {dagbag.py:588} INFO - Filling up the DagBag from /home/airflow/.local/lib/python3.12/site-packages/airflow/example_dags/example_branch_operator_decorator.py
[2024-09-25T13:53:29.982+0000] {processor.py:925} INFO - DAG(s) 'example_branch_python_operator_decorator' retrieved from /home/airflow/.local/lib/python3.12/site-packages/airflow/example_dags/example_branch_operator_decorator.py
[2024-09-25T13:53:30.088+0000] {logging_mixin.py:190} INFO - [2024-09-25T13:53:30.088+0000] {dag.py:3239} INFO - Sync 1 DAGs
[2024-09-25T13:53:30.112+0000] {logging_mixin.py:190} INFO - [2024-09-25T13:53:30.112+0000] {dag.py:4180} INFO - Setting next_dagrun for example_branch_python_operator_decorator to 2024-09-24 00:00:00+00:00, run_after=2024-09-25 00:00:00+00:00
[2024-09-25T13:53:30.130+0000] {processor.py:208} INFO - Processing /home/airflow/.local/lib/python3.12/site-packages/airflow/example_dags/example_branch_operator_decorator.py took 0.176 seconds
[2024-09-25T13:54:00.207+0000] {processor.py:186} INFO - Started process (PID=717) to work on /home/airflow/.local/lib/python3.12/site-packages/airflow/example_dags/example_branch_operator_decorator.py
[2024-09-25T13:54:00.208+0000] {processor.py:914} INFO - Processing file /home/airflow/.local/lib/python3.12/site-packages/airflow/example_dags/example_branch_operator_decorator.py for tasks to queue
[2024-09-25T13:54:00.209+0000] {logging_mixin.py:190} INFO - [2024-09-25T13:54:00.209+0000] {dagbag.py:588} INFO - Filling up the DagBag from /home/airflow/.local/lib/python3.12/site-packages/airflow/example_dags/example_branch_operator_decorator.py
[2024-09-25T13:54:00.228+0000] {processor.py:925} INFO - DAG(s) 'example_branch_python_operator_decorator' retrieved from /home/airflow/.local/lib/python3.12/site-packages/airflow/example_dags/example_branch_operator_decorator.py
[2024-09-25T13:54:00.253+0000] {logging_mixin.py:190} INFO - [2024-09-25T13:54:00.253+0000] {dag.py:3239} INFO - Sync 1 DAGs
[2024-09-25T13:54:00.275+0000] {logging_mixin.py:190} INFO - [2024-09-25T13:54:00.275+0000] {dag.py:4180} INFO - Setting next_dagrun for example_branch_python_operator_decorator to 2024-09-24 00:00:00+00:00, run_after=2024-09-25 00:00:00+00:00
[2024-09-25T13:54:00.290+0000] {processor.py:208} INFO - Processing /home/airflow/.local/lib/python3.12/site-packages/airflow/example_dags/example_branch_operator_decorator.py took 0.089 seconds
[2024-09-25T13:54:30.662+0000] {processor.py:186} INFO - Started process (PID=1001) to work on /home/airflow/.local/lib/python3.12/site-packages/airflow/example_dags/example_branch_operator_decorator.py
[2024-09-25T13:54:30.663+0000] {processor.py:914} INFO - Processing file /home/airflow/.local/lib/python3.12/site-packages/airflow/example_dags/example_branch_operator_decorator.py for tasks to queue
[2024-09-25T13:54:30.665+0000] {logging_mixin.py:190} INFO - [2024-09-25T13:54:30.665+0000] {dagbag.py:588} INFO - Filling up the DagBag from /home/airflow/.local/lib/python3.12/site-packages/airflow/example_dags/example_branch_operator_decorator.py
[2024-09-25T13:54:30.687+0000] {processor.py:925} INFO - DAG(s) 'example_branch_python_operator_decorator' retrieved from /home/airflow/.local/lib/python3.12/site-packages/airflow/example_dags/example_branch_operator_decorator.py
[2024-09-25T13:54:30.713+0000] {logging_mixin.py:190} INFO - [2024-09-25T13:54:30.713+0000] {dag.py:3239} INFO - Sync 1 DAGs
[2024-09-25T13:54:30.736+0000] {logging_mixin.py:190} INFO - [2024-09-25T13:54:30.736+0000] {dag.py:4180} INFO - Setting next_dagrun for example_branch_python_operator_decorator to 2024-09-24 00:00:00+00:00, run_after=2024-09-25 00:00:00+00:00
[2024-09-25T13:54:30.754+0000] {processor.py:208} INFO - Processing /home/airflow/.local/lib/python3.12/site-packages/airflow/example_dags/example_branch_operator_decorator.py took 0.098 seconds
[2024-09-25T13:55:01.190+0000] {processor.py:186} INFO - Started process (PID=1287) to work on /home/airflow/.local/lib/python3.12/site-packages/airflow/example_dags/example_branch_operator_decorator.py
[2024-09-25T13:55:01.191+0000] {processor.py:914} INFO - Processing file /home/airflow/.local/lib/python3.12/site-packages/airflow/example_dags/example_branch_operator_decorator.py for tasks to queue
[2024-09-25T13:55:01.193+0000] {logging_mixin.py:190} INFO - [2024-09-25T13:55:01.192+0000] {dagbag.py:588} INFO - Filling up the DagBag from /home/airflow/.local/lib/python3.12/site-packages/airflow/example_dags/example_branch_operator_decorator.py
[2024-09-25T13:55:01.215+0000] {processor.py:925} INFO - DAG(s) 'example_branch_python_operator_decorator' retrieved from /home/airflow/.local/lib/python3.12/site-packages/airflow/example_dags/example_branch_operator_decorator.py
[2024-09-25T13:55:01.242+0000] {logging_mixin.py:190} INFO - [2024-09-25T13:55:01.242+0000] {dag.py:3239} INFO - Sync 1 DAGs
[2024-09-25T13:55:01.264+0000] {logging_mixin.py:190} INFO - [2024-09-25T13:55:01.264+0000] {dag.py:4180} INFO - Setting next_dagrun for example_branch_python_operator_decorator to 2024-09-24 00:00:00+00:00, run_after=2024-09-25 00:00:00+00:00
[2024-09-25T13:55:01.280+0000] {processor.py:208} INFO - Processing /home/airflow/.local/lib/python3.12/site-packages/airflow/example_dags/example_branch_operator_decorator.py took 0.095 seconds
[2024-09-25T13:55:31.549+0000] {processor.py:186} INFO - Started process (PID=1573) to work on /home/airflow/.local/lib/python3.12/site-packages/airflow/example_dags/example_branch_operator_decorator.py
[2024-09-25T13:55:31.550+0000] {processor.py:914} INFO - Processing file /home/airflow/.local/lib/python3.12/site-packages/airflow/example_dags/example_branch_operator_decorator.py for tasks to queue
[2024-09-25T13:55:31.551+0000] {logging_mixin.py:190} INFO - [2024-09-25T13:55:31.551+0000] {dagbag.py:588} INFO - Filling up the DagBag from /home/airflow/.local/lib/python3.12/site-packages/airflow/example_dags/example_branch_operator_decorator.py
[2024-09-25T13:55:31.570+0000] {processor.py:925} INFO - DAG(s) 'example_branch_python_operator_decorator' retrieved from /home/airflow/.local/lib/python3.12/site-packages/airflow/example_dags/example_branch_operator_decorator.py
[2024-09-25T13:55:31.594+0000] {logging_mixin.py:190} INFO - [2024-09-25T13:55:31.594+0000] {dag.py:3239} INFO - Sync 1 DAGs
[2024-09-25T13:55:31.616+0000] {logging_mixin.py:190} INFO - [2024-09-25T13:55:31.615+0000] {dag.py:4180} INFO - Setting next_dagrun for example_branch_python_operator_decorator to 2024-09-24 00:00:00+00:00, run_after=2024-09-25 00:00:00+00:00
[2024-09-25T13:55:31.630+0000] {processor.py:208} INFO - Processing /home/airflow/.local/lib/python3.12/site-packages/airflow/example_dags/example_branch_operator_decorator.py took 0.086 seconds
[2024-09-25T13:56:01.841+0000] {processor.py:186} INFO - Started process (PID=1869) to work on /home/airflow/.local/lib/python3.12/site-packages/airflow/example_dags/example_branch_operator_decorator.py
[2024-09-25T13:56:01.842+0000] {processor.py:914} INFO - Processing file /home/airflow/.local/lib/python3.12/site-packages/airflow/example_dags/example_branch_operator_decorator.py for tasks to queue
[2024-09-25T13:56:01.844+0000] {logging_mixin.py:190} INFO - [2024-09-25T13:56:01.843+0000] {dagbag.py:588} INFO - Filling up the DagBag from /home/airflow/.local/lib/python3.12/site-packages/airflow/example_dags/example_branch_operator_decorator.py
[2024-09-25T13:56:01.862+0000] {processor.py:925} INFO - DAG(s) 'example_branch_python_operator_decorator' retrieved from /home/airflow/.local/lib/python3.12/site-packages/airflow/example_dags/example_branch_operator_decorator.py
[2024-09-25T13:56:01.888+0000] {logging_mixin.py:190} INFO - [2024-09-25T13:56:01.888+0000] {dag.py:3239} INFO - Sync 1 DAGs
[2024-09-25T13:56:01.909+0000] {logging_mixin.py:190} INFO - [2024-09-25T13:56:01.909+0000] {dag.py:4180} INFO - Setting next_dagrun for example_branch_python_operator_decorator to 2024-09-24 00:00:00+00:00, run_after=2024-09-25 00:00:00+00:00
[2024-09-25T13:56:01.925+0000] {processor.py:208} INFO - Processing /home/airflow/.local/lib/python3.12/site-packages/airflow/example_dags/example_branch_operator_decorator.py took 0.089 seconds
[2024-09-25T13:56:32.157+0000] {processor.py:186} INFO - Started process (PID=2155) to work on /home/airflow/.local/lib/python3.12/site-packages/airflow/example_dags/example_branch_operator_decorator.py
[2024-09-25T13:56:32.158+0000] {processor.py:914} INFO - Processing file /home/airflow/.local/lib/python3.12/site-packages/airflow/example_dags/example_branch_operator_decorator.py for tasks to queue
[2024-09-25T13:56:32.161+0000] {logging_mixin.py:190} INFO - [2024-09-25T13:56:32.160+0000] {dagbag.py:588} INFO - Filling up the DagBag from /home/airflow/.local/lib/python3.12/site-packages/airflow/example_dags/example_branch_operator_decorator.py
[2024-09-25T13:56:32.181+0000] {processor.py:925} INFO - DAG(s) 'example_branch_python_operator_decorator' retrieved from /home/airflow/.local/lib/python3.12/site-packages/airflow/example_dags/example_branch_operator_decorator.py
[2024-09-25T13:56:32.208+0000] {logging_mixin.py:190} INFO - [2024-09-25T13:56:32.208+0000] {dag.py:3239} INFO - Sync 1 DAGs
[2024-09-25T13:56:32.231+0000] {logging_mixin.py:190} INFO - [2024-09-25T13:56:32.231+0000] {dag.py:4180} INFO - Setting next_dagrun for example_branch_python_operator_decorator to 2024-09-24 00:00:00+00:00, run_after=2024-09-25 00:00:00+00:00
[2024-09-25T13:56:32.246+0000] {processor.py:208} INFO - Processing /home/airflow/.local/lib/python3.12/site-packages/airflow/example_dags/example_branch_operator_decorator.py took 0.094 seconds
[2024-09-25T13:57:02.512+0000] {processor.py:186} INFO - Started process (PID=2439) to work on /home/airflow/.local/lib/python3.12/site-packages/airflow/example_dags/example_branch_operator_decorator.py
[2024-09-25T13:57:02.513+0000] {processor.py:914} INFO - Processing file /home/airflow/.local/lib/python3.12/site-packages/airflow/example_dags/example_branch_operator_decorator.py for tasks to queue
[2024-09-25T13:57:02.515+0000] {logging_mixin.py:190} INFO - [2024-09-25T13:57:02.515+0000] {dagbag.py:588} INFO - Filling up the DagBag from /home/airflow/.local/lib/python3.12/site-packages/airflow/example_dags/example_branch_operator_decorator.py
[2024-09-25T13:57:02.534+0000] {processor.py:925} INFO - DAG(s) 'example_branch_python_operator_decorator' retrieved from /home/airflow/.local/lib/python3.12/site-packages/airflow/example_dags/example_branch_operator_decorator.py
[2024-09-25T13:57:02.561+0000] {logging_mixin.py:190} INFO - [2024-09-25T13:57:02.560+0000] {dag.py:3239} INFO - Sync 1 DAGs
[2024-09-25T13:57:02.585+0000] {logging_mixin.py:190} INFO - [2024-09-25T13:57:02.585+0000] {dag.py:4180} INFO - Setting next_dagrun for example_branch_python_operator_decorator to 2024-09-24 00:00:00+00:00, run_after=2024-09-25 00:00:00+00:00
[2024-09-25T13:57:02.600+0000] {processor.py:208} INFO - Processing /home/airflow/.local/lib/python3.12/site-packages/airflow/example_dags/example_branch_operator_decorator.py took 0.093 seconds
[2024-09-25T13:57:32.636+0000] {processor.py:186} INFO - Started process (PID=2726) to work on /home/airflow/.local/lib/python3.12/site-packages/airflow/example_dags/example_branch_operator_decorator.py
[2024-09-25T13:57:32.637+0000] {processor.py:914} INFO - Processing file /home/airflow/.local/lib/python3.12/site-packages/airflow/example_dags/example_branch_operator_decorator.py for tasks to queue
[2024-09-25T13:57:32.639+0000] {logging_mixin.py:190} INFO - [2024-09-25T13:57:32.639+0000] {dagbag.py:588} INFO - Filling up the DagBag from /home/airflow/.local/lib/python3.12/site-packages/airflow/example_dags/example_branch_operator_decorator.py
[2024-09-25T13:57:32.657+0000] {processor.py:925} INFO - DAG(s) 'example_branch_python_operator_decorator' retrieved from /home/airflow/.local/lib/python3.12/site-packages/airflow/example_dags/example_branch_operator_decorator.py
[2024-09-25T13:57:32.682+0000] {logging_mixin.py:190} INFO - [2024-09-25T13:57:32.682+0000] {dag.py:3239} INFO - Sync 1 DAGs
[2024-09-25T13:57:32.703+0000] {logging_mixin.py:190} INFO - [2024-09-25T13:57:32.703+0000] {dag.py:4180} INFO - Setting next_dagrun for example_branch_python_operator_decorator to 2024-09-24 00:00:00+00:00, run_after=2024-09-25 00:00:00+00:00
[2024-09-25T13:57:32.719+0000] {processor.py:208} INFO - Processing /home/airflow/.local/lib/python3.12/site-packages/airflow/example_dags/example_branch_operator_decorator.py took 0.088 seconds
[2024-09-25T13:58:03.058+0000] {processor.py:186} INFO - Started process (PID=3007) to work on /home/airflow/.local/lib/python3.12/site-packages/airflow/example_dags/example_branch_operator_decorator.py
[2024-09-25T13:58:03.058+0000] {processor.py:914} INFO - Processing file /home/airflow/.local/lib/python3.12/site-packages/airflow/example_dags/example_branch_operator_decorator.py for tasks to queue
[2024-09-25T13:58:03.060+0000] {logging_mixin.py:190} INFO - [2024-09-25T13:58:03.060+0000] {dagbag.py:588} INFO - Filling up the DagBag from /home/airflow/.local/lib/python3.12/site-packages/airflow/example_dags/example_branch_operator_decorator.py
[2024-09-25T13:58:03.078+0000] {processor.py:925} INFO - DAG(s) 'example_branch_python_operator_decorator' retrieved from /home/airflow/.local/lib/python3.12/site-packages/airflow/example_dags/example_branch_operator_decorator.py
[2024-09-25T13:58:03.104+0000] {logging_mixin.py:190} INFO - [2024-09-25T13:58:03.103+0000] {dag.py:3239} INFO - Sync 1 DAGs
[2024-09-25T13:58:03.126+0000] {logging_mixin.py:190} INFO - [2024-09-25T13:58:03.125+0000] {dag.py:4180} INFO - Setting next_dagrun for example_branch_python_operator_decorator to 2024-09-24 00:00:00+00:00, run_after=2024-09-25 00:00:00+00:00
[2024-09-25T13:58:03.141+0000] {processor.py:208} INFO - Processing /home/airflow/.local/lib/python3.12/site-packages/airflow/example_dags/example_branch_operator_decorator.py took 0.088 seconds
[2024-09-25T13:58:33.269+0000] {processor.py:186} INFO - Started process (PID=3307) to work on /home/airflow/.local/lib/python3.12/site-packages/airflow/example_dags/example_branch_operator_decorator.py
[2024-09-25T13:58:33.270+0000] {processor.py:914} INFO - Processing file /home/airflow/.local/lib/python3.12/site-packages/airflow/example_dags/example_branch_operator_decorator.py for tasks to queue
[2024-09-25T13:58:33.271+0000] {logging_mixin.py:190} INFO - [2024-09-25T13:58:33.271+0000] {dagbag.py:588} INFO - Filling up the DagBag from /home/airflow/.local/lib/python3.12/site-packages/airflow/example_dags/example_branch_operator_decorator.py
[2024-09-25T13:58:33.290+0000] {processor.py:925} INFO - DAG(s) 'example_branch_python_operator_decorator' retrieved from /home/airflow/.local/lib/python3.12/site-packages/airflow/example_dags/example_branch_operator_decorator.py
[2024-09-25T13:58:33.314+0000] {logging_mixin.py:190} INFO - [2024-09-25T13:58:33.314+0000] {dag.py:3239} INFO - Sync 1 DAGs
[2024-09-25T13:58:33.335+0000] {logging_mixin.py:190} INFO - [2024-09-25T13:58:33.335+0000] {dag.py:4180} INFO - Setting next_dagrun for example_branch_python_operator_decorator to 2024-09-24 00:00:00+00:00, run_after=2024-09-25 00:00:00+00:00
[2024-09-25T13:58:33.350+0000] {processor.py:208} INFO - Processing /home/airflow/.local/lib/python3.12/site-packages/airflow/example_dags/example_branch_operator_decorator.py took 0.086 seconds
[2024-09-25T13:59:03.718+0000] {processor.py:186} INFO - Started process (PID=3598) to work on /home/airflow/.local/lib/python3.12/site-packages/airflow/example_dags/example_branch_operator_decorator.py
[2024-09-25T13:59:03.718+0000] {processor.py:914} INFO - Processing file /home/airflow/.local/lib/python3.12/site-packages/airflow/example_dags/example_branch_operator_decorator.py for tasks to queue
[2024-09-25T13:59:03.720+0000] {logging_mixin.py:190} INFO - [2024-09-25T13:59:03.720+0000] {dagbag.py:588} INFO - Filling up the DagBag from /home/airflow/.local/lib/python3.12/site-packages/airflow/example_dags/example_branch_operator_decorator.py
[2024-09-25T13:59:03.738+0000] {processor.py:925} INFO - DAG(s) 'example_branch_python_operator_decorator' retrieved from /home/airflow/.local/lib/python3.12/site-packages/airflow/example_dags/example_branch_operator_decorator.py
[2024-09-25T13:59:03.763+0000] {logging_mixin.py:190} INFO - [2024-09-25T13:59:03.763+0000] {dag.py:3239} INFO - Sync 1 DAGs
[2024-09-25T13:59:03.785+0000] {logging_mixin.py:190} INFO - [2024-09-25T13:59:03.785+0000] {dag.py:4180} INFO - Setting next_dagrun for example_branch_python_operator_decorator to 2024-09-24 00:00:00+00:00, run_after=2024-09-25 00:00:00+00:00
[2024-09-25T13:59:03.801+0000] {processor.py:208} INFO - Processing /home/airflow/.local/lib/python3.12/site-packages/airflow/example_dags/example_branch_operator_decorator.py took 0.088 seconds
[2024-09-25T13:59:34.028+0000] {processor.py:186} INFO - Started process (PID=3884) to work on /home/airflow/.local/lib/python3.12/site-packages/airflow/example_dags/example_branch_operator_decorator.py
[2024-09-25T13:59:34.029+0000] {processor.py:914} INFO - Processing file /home/airflow/.local/lib/python3.12/site-packages/airflow/example_dags/example_branch_operator_decorator.py for tasks to queue
[2024-09-25T13:59:34.031+0000] {logging_mixin.py:190} INFO - [2024-09-25T13:59:34.030+0000] {dagbag.py:588} INFO - Filling up the DagBag from /home/airflow/.local/lib/python3.12/site-packages/airflow/example_dags/example_branch_operator_decorator.py
[2024-09-25T13:59:34.050+0000] {processor.py:925} INFO - DAG(s) 'example_branch_python_operator_decorator' retrieved from /home/airflow/.local/lib/python3.12/site-packages/airflow/example_dags/example_branch_operator_decorator.py
[2024-09-25T13:59:34.074+0000] {logging_mixin.py:190} INFO - [2024-09-25T13:59:34.074+0000] {dag.py:3239} INFO - Sync 1 DAGs
[2024-09-25T13:59:34.095+0000] {logging_mixin.py:190} INFO - [2024-09-25T13:59:34.095+0000] {dag.py:4180} INFO - Setting next_dagrun for example_branch_python_operator_decorator to 2024-09-24 00:00:00+00:00, run_after=2024-09-25 00:00:00+00:00
[2024-09-25T13:59:34.110+0000] {processor.py:208} INFO - Processing /home/airflow/.local/lib/python3.12/site-packages/airflow/example_dags/example_branch_operator_decorator.py took 0.087 seconds
[2024-09-25T14:00:04.232+0000] {processor.py:186} INFO - Started process (PID=4170) to work on /home/airflow/.local/lib/python3.12/site-packages/airflow/example_dags/example_branch_operator_decorator.py
[2024-09-25T14:00:04.232+0000] {processor.py:914} INFO - Processing file /home/airflow/.local/lib/python3.12/site-packages/airflow/example_dags/example_branch_operator_decorator.py for tasks to queue
[2024-09-25T14:00:04.234+0000] {logging_mixin.py:190} INFO - [2024-09-25T14:00:04.234+0000] {dagbag.py:588} INFO - Filling up the DagBag from /home/airflow/.local/lib/python3.12/site-packages/airflow/example_dags/example_branch_operator_decorator.py
[2024-09-25T14:00:04.252+0000] {processor.py:925} INFO - DAG(s) 'example_branch_python_operator_decorator' retrieved from /home/airflow/.local/lib/python3.12/site-packages/airflow/example_dags/example_branch_operator_decorator.py
[2024-09-25T14:00:04.281+0000] {logging_mixin.py:190} INFO - [2024-09-25T14:00:04.281+0000] {dag.py:3239} INFO - Sync 1 DAGs
[2024-09-25T14:00:04.303+0000] {logging_mixin.py:190} INFO - [2024-09-25T14:00:04.302+0000] {dag.py:4180} INFO - Setting next_dagrun for example_branch_python_operator_decorator to 2024-09-24 00:00:00+00:00, run_after=2024-09-25 00:00:00+00:00
[2024-09-25T14:00:04.317+0000] {processor.py:208} INFO - Processing /home/airflow/.local/lib/python3.12/site-packages/airflow/example_dags/example_branch_operator_decorator.py took 0.091 seconds
[2024-09-25T14:00:34.528+0000] {processor.py:186} INFO - Started process (PID=4456) to work on /home/airflow/.local/lib/python3.12/site-packages/airflow/example_dags/example_branch_operator_decorator.py
[2024-09-25T14:00:34.529+0000] {processor.py:914} INFO - Processing file /home/airflow/.local/lib/python3.12/site-packages/airflow/example_dags/example_branch_operator_decorator.py for tasks to queue
[2024-09-25T14:00:34.530+0000] {logging_mixin.py:190} INFO - [2024-09-25T14:00:34.530+0000] {dagbag.py:588} INFO - Filling up the DagBag from /home/airflow/.local/lib/python3.12/site-packages/airflow/example_dags/example_branch_operator_decorator.py
[2024-09-25T14:00:34.549+0000] {processor.py:925} INFO - DAG(s) 'example_branch_python_operator_decorator' retrieved from /home/airflow/.local/lib/python3.12/site-packages/airflow/example_dags/example_branch_operator_decorator.py
[2024-09-25T14:00:34.574+0000] {logging_mixin.py:190} INFO - [2024-09-25T14:00:34.574+0000] {dag.py:3239} INFO - Sync 1 DAGs
[2024-09-25T14:00:34.595+0000] {logging_mixin.py:190} INFO - [2024-09-25T14:00:34.595+0000] {dag.py:4180} INFO - Setting next_dagrun for example_branch_python_operator_decorator to 2024-09-24 00:00:00+00:00, run_after=2024-09-25 00:00:00+00:00
[2024-09-25T14:00:34.611+0000] {processor.py:208} INFO - Processing /home/airflow/.local/lib/python3.12/site-packages/airflow/example_dags/example_branch_operator_decorator.py took 0.088 seconds
[2024-09-25T14:01:05.598+0000] {processor.py:186} INFO - Started process (PID=4742) to work on /home/airflow/.local/lib/python3.12/site-packages/airflow/example_dags/example_branch_operator_decorator.py
[2024-09-25T14:01:05.599+0000] {processor.py:914} INFO - Processing file /home/airflow/.local/lib/python3.12/site-packages/airflow/example_dags/example_branch_operator_decorator.py for tasks to queue
[2024-09-25T14:01:05.601+0000] {logging_mixin.py:190} INFO - [2024-09-25T14:01:05.600+0000] {dagbag.py:588} INFO - Filling up the DagBag from /home/airflow/.local/lib/python3.12/site-packages/airflow/example_dags/example_branch_operator_decorator.py
[2024-09-25T14:01:05.619+0000] {processor.py:925} INFO - DAG(s) 'example_branch_python_operator_decorator' retrieved from /home/airflow/.local/lib/python3.12/site-packages/airflow/example_dags/example_branch_operator_decorator.py
[2024-09-25T14:01:05.643+0000] {logging_mixin.py:190} INFO - [2024-09-25T14:01:05.643+0000] {dag.py:3239} INFO - Sync 1 DAGs
[2024-09-25T14:01:05.664+0000] {logging_mixin.py:190} INFO - [2024-09-25T14:01:05.663+0000] {dag.py:4180} INFO - Setting next_dagrun for example_branch_python_operator_decorator to 2024-09-24 00:00:00+00:00, run_after=2024-09-25 00:00:00+00:00
[2024-09-25T14:01:05.679+0000] {processor.py:208} INFO - Processing /home/airflow/.local/lib/python3.12/site-packages/airflow/example_dags/example_branch_operator_decorator.py took 0.086 seconds
[2024-09-25T14:01:35.796+0000] {processor.py:186} INFO - Started process (PID=5028) to work on /home/airflow/.local/lib/python3.12/site-packages/airflow/example_dags/example_branch_operator_decorator.py
[2024-09-25T14:01:35.796+0000] {processor.py:914} INFO - Processing file /home/airflow/.local/lib/python3.12/site-packages/airflow/example_dags/example_branch_operator_decorator.py for tasks to queue
[2024-09-25T14:01:35.798+0000] {logging_mixin.py:190} INFO - [2024-09-25T14:01:35.798+0000] {dagbag.py:588} INFO - Filling up the DagBag from /home/airflow/.local/lib/python3.12/site-packages/airflow/example_dags/example_branch_operator_decorator.py
[2024-09-25T14:01:35.817+0000] {processor.py:925} INFO - DAG(s) 'example_branch_python_operator_decorator' retrieved from /home/airflow/.local/lib/python3.12/site-packages/airflow/example_dags/example_branch_operator_decorator.py
[2024-09-25T14:01:35.842+0000] {logging_mixin.py:190} INFO - [2024-09-25T14:01:35.842+0000] {dag.py:3239} INFO - Sync 1 DAGs
[2024-09-25T14:01:35.867+0000] {logging_mixin.py:190} INFO - [2024-09-25T14:01:35.867+0000] {dag.py:4180} INFO - Setting next_dagrun for example_branch_python_operator_decorator to 2024-09-24 00:00:00+00:00, run_after=2024-09-25 00:00:00+00:00
[2024-09-25T14:01:35.883+0000] {processor.py:208} INFO - Processing /home/airflow/.local/lib/python3.12/site-packages/airflow/example_dags/example_branch_operator_decorator.py took 0.092 seconds
[2024-09-25T14:02:07.002+0000] {processor.py:186} INFO - Started process (PID=5314) to work on /home/airflow/.local/lib/python3.12/site-packages/airflow/example_dags/example_branch_operator_decorator.py
[2024-09-25T14:02:07.003+0000] {processor.py:914} INFO - Processing file /home/airflow/.local/lib/python3.12/site-packages/airflow/example_dags/example_branch_operator_decorator.py for tasks to queue
[2024-09-25T14:02:07.005+0000] {logging_mixin.py:190} INFO - [2024-09-25T14:02:07.005+0000] {dagbag.py:588} INFO - Filling up the DagBag from /home/airflow/.local/lib/python3.12/site-packages/airflow/example_dags/example_branch_operator_decorator.py
[2024-09-25T14:02:07.024+0000] {processor.py:925} INFO - DAG(s) 'example_branch_python_operator_decorator' retrieved from /home/airflow/.local/lib/python3.12/site-packages/airflow/example_dags/example_branch_operator_decorator.py
[2024-09-25T14:02:07.050+0000] {logging_mixin.py:190} INFO - [2024-09-25T14:02:07.049+0000] {dag.py:3239} INFO - Sync 1 DAGs
[2024-09-25T14:02:07.072+0000] {logging_mixin.py:190} INFO - [2024-09-25T14:02:07.071+0000] {dag.py:4180} INFO - Setting next_dagrun for example_branch_python_operator_decorator to 2024-09-24 00:00:00+00:00, run_after=2024-09-25 00:00:00+00:00
[2024-09-25T14:02:07.087+0000] {processor.py:208} INFO - Processing /home/airflow/.local/lib/python3.12/site-packages/airflow/example_dags/example_branch_operator_decorator.py took 0.089 seconds
[2024-09-25T14:03:09.042+0000] {processor.py:186} INFO - Started process (PID=409) to work on /home/airflow/.local/lib/python3.12/site-packages/airflow/example_dags/example_branch_operator_decorator.py
[2024-09-25T14:03:09.043+0000] {processor.py:914} INFO - Processing file /home/airflow/.local/lib/python3.12/site-packages/airflow/example_dags/example_branch_operator_decorator.py for tasks to queue
[2024-09-25T14:03:09.045+0000] {logging_mixin.py:190} INFO - [2024-09-25T14:03:09.045+0000] {dagbag.py:588} INFO - Filling up the DagBag from /home/airflow/.local/lib/python3.12/site-packages/airflow/example_dags/example_branch_operator_decorator.py
[2024-09-25T14:03:09.065+0000] {processor.py:925} INFO - DAG(s) 'example_branch_python_operator_decorator' retrieved from /home/airflow/.local/lib/python3.12/site-packages/airflow/example_dags/example_branch_operator_decorator.py
[2024-09-25T14:03:09.171+0000] {logging_mixin.py:190} INFO - [2024-09-25T14:03:09.170+0000] {dag.py:3239} INFO - Sync 1 DAGs
[2024-09-25T14:03:09.190+0000] {logging_mixin.py:190} INFO - [2024-09-25T14:03:09.190+0000] {dag.py:4180} INFO - Setting next_dagrun for example_branch_python_operator_decorator to 2024-09-24 00:00:00+00:00, run_after=2024-09-25 00:00:00+00:00
[2024-09-25T14:03:09.209+0000] {processor.py:208} INFO - Processing /home/airflow/.local/lib/python3.12/site-packages/airflow/example_dags/example_branch_operator_decorator.py took 0.171 seconds
[2024-09-25T14:03:39.311+0000] {processor.py:186} INFO - Started process (PID=720) to work on /home/airflow/.local/lib/python3.12/site-packages/airflow/example_dags/example_branch_operator_decorator.py
[2024-09-25T14:03:39.312+0000] {processor.py:914} INFO - Processing file /home/airflow/.local/lib/python3.12/site-packages/airflow/example_dags/example_branch_operator_decorator.py for tasks to queue
[2024-09-25T14:03:39.314+0000] {logging_mixin.py:190} INFO - [2024-09-25T14:03:39.313+0000] {dagbag.py:588} INFO - Filling up the DagBag from /home/airflow/.local/lib/python3.12/site-packages/airflow/example_dags/example_branch_operator_decorator.py
[2024-09-25T14:03:39.332+0000] {processor.py:925} INFO - DAG(s) 'example_branch_python_operator_decorator' retrieved from /home/airflow/.local/lib/python3.12/site-packages/airflow/example_dags/example_branch_operator_decorator.py
[2024-09-25T14:03:39.356+0000] {logging_mixin.py:190} INFO - [2024-09-25T14:03:39.356+0000] {dag.py:3239} INFO - Sync 1 DAGs
[2024-09-25T14:03:39.378+0000] {logging_mixin.py:190} INFO - [2024-09-25T14:03:39.378+0000] {dag.py:4180} INFO - Setting next_dagrun for example_branch_python_operator_decorator to 2024-09-24 00:00:00+00:00, run_after=2024-09-25 00:00:00+00:00
[2024-09-25T14:03:39.396+0000] {processor.py:208} INFO - Processing /home/airflow/.local/lib/python3.12/site-packages/airflow/example_dags/example_branch_operator_decorator.py took 0.090 seconds
