[2024-09-25T13:53:27.447+0000] {processor.py:186} INFO - Started process (PID=231) to work on /home/airflow/.local/lib/python3.12/site-packages/airflow/example_dags/example_sensor_decorator.py
[2024-09-25T13:53:27.448+0000] {processor.py:914} INFO - Processing file /home/airflow/.local/lib/python3.12/site-packages/airflow/example_dags/example_sensor_decorator.py for tasks to queue
[2024-09-25T13:53:27.450+0000] {logging_mixin.py:190} INFO - [2024-09-25T13:53:27.449+0000] {dagbag.py:588} INFO - Filling up the DagBag from /home/airflow/.local/lib/python3.12/site-packages/airflow/example_dags/example_sensor_decorator.py
[2024-09-25T13:53:27.459+0000] {processor.py:925} INFO - DAG(s) 'example_sensor_decorator' retrieved from /home/airflow/.local/lib/python3.12/site-packages/airflow/example_dags/example_sensor_decorator.py
[2024-09-25T13:53:27.483+0000] {logging_mixin.py:190} INFO - [2024-09-25T13:53:27.482+0000] {dag.py:3239} INFO - Sync 1 DAGs
[2024-09-25T13:53:27.496+0000] {logging_mixin.py:190} INFO - [2024-09-25T13:53:27.496+0000] {dag.py:4180} INFO - Setting next_dagrun for example_sensor_decorator to None, run_after=None
[2024-09-25T13:53:27.513+0000] {processor.py:208} INFO - Processing /home/airflow/.local/lib/python3.12/site-packages/airflow/example_dags/example_sensor_decorator.py took 0.071 seconds
[2024-09-25T13:53:57.946+0000] {processor.py:186} INFO - Started process (PID=525) to work on /home/airflow/.local/lib/python3.12/site-packages/airflow/example_dags/example_sensor_decorator.py
[2024-09-25T13:53:57.947+0000] {processor.py:914} INFO - Processing file /home/airflow/.local/lib/python3.12/site-packages/airflow/example_dags/example_sensor_decorator.py for tasks to queue
[2024-09-25T13:53:57.949+0000] {logging_mixin.py:190} INFO - [2024-09-25T13:53:57.948+0000] {dagbag.py:588} INFO - Filling up the DagBag from /home/airflow/.local/lib/python3.12/site-packages/airflow/example_dags/example_sensor_decorator.py
[2024-09-25T13:53:57.957+0000] {processor.py:925} INFO - DAG(s) 'example_sensor_decorator' retrieved from /home/airflow/.local/lib/python3.12/site-packages/airflow/example_dags/example_sensor_decorator.py
[2024-09-25T13:53:57.973+0000] {logging_mixin.py:190} INFO - [2024-09-25T13:53:57.973+0000] {dag.py:3239} INFO - Sync 1 DAGs
[2024-09-25T13:53:57.986+0000] {logging_mixin.py:190} INFO - [2024-09-25T13:53:57.985+0000] {dag.py:4180} INFO - Setting next_dagrun for example_sensor_decorator to None, run_after=None
[2024-09-25T13:53:58.002+0000] {processor.py:208} INFO - Processing /home/airflow/.local/lib/python3.12/site-packages/airflow/example_dags/example_sensor_decorator.py took 0.061 seconds
[2024-09-25T13:54:28.150+0000] {processor.py:186} INFO - Started process (PID=806) to work on /home/airflow/.local/lib/python3.12/site-packages/airflow/example_dags/example_sensor_decorator.py
[2024-09-25T13:54:28.151+0000] {processor.py:914} INFO - Processing file /home/airflow/.local/lib/python3.12/site-packages/airflow/example_dags/example_sensor_decorator.py for tasks to queue
[2024-09-25T13:54:28.153+0000] {logging_mixin.py:190} INFO - [2024-09-25T13:54:28.153+0000] {dagbag.py:588} INFO - Filling up the DagBag from /home/airflow/.local/lib/python3.12/site-packages/airflow/example_dags/example_sensor_decorator.py
[2024-09-25T13:54:28.160+0000] {processor.py:925} INFO - DAG(s) 'example_sensor_decorator' retrieved from /home/airflow/.local/lib/python3.12/site-packages/airflow/example_dags/example_sensor_decorator.py
[2024-09-25T13:54:28.175+0000] {logging_mixin.py:190} INFO - [2024-09-25T13:54:28.175+0000] {dag.py:3239} INFO - Sync 1 DAGs
[2024-09-25T13:54:28.188+0000] {logging_mixin.py:190} INFO - [2024-09-25T13:54:28.188+0000] {dag.py:4180} INFO - Setting next_dagrun for example_sensor_decorator to None, run_after=None
[2024-09-25T13:54:28.203+0000] {processor.py:208} INFO - Processing /home/airflow/.local/lib/python3.12/site-packages/airflow/example_dags/example_sensor_decorator.py took 0.058 seconds
[2024-09-25T13:54:58.749+0000] {processor.py:186} INFO - Started process (PID=1097) to work on /home/airflow/.local/lib/python3.12/site-packages/airflow/example_dags/example_sensor_decorator.py
[2024-09-25T13:54:58.750+0000] {processor.py:914} INFO - Processing file /home/airflow/.local/lib/python3.12/site-packages/airflow/example_dags/example_sensor_decorator.py for tasks to queue
[2024-09-25T13:54:58.753+0000] {logging_mixin.py:190} INFO - [2024-09-25T13:54:58.753+0000] {dagbag.py:588} INFO - Filling up the DagBag from /home/airflow/.local/lib/python3.12/site-packages/airflow/example_dags/example_sensor_decorator.py
[2024-09-25T13:54:58.760+0000] {processor.py:925} INFO - DAG(s) 'example_sensor_decorator' retrieved from /home/airflow/.local/lib/python3.12/site-packages/airflow/example_dags/example_sensor_decorator.py
[2024-09-25T13:54:58.777+0000] {logging_mixin.py:190} INFO - [2024-09-25T13:54:58.777+0000] {dag.py:3239} INFO - Sync 1 DAGs
[2024-09-25T13:54:58.791+0000] {logging_mixin.py:190} INFO - [2024-09-25T13:54:58.791+0000] {dag.py:4180} INFO - Setting next_dagrun for example_sensor_decorator to None, run_after=None
[2024-09-25T13:54:58.808+0000] {processor.py:208} INFO - Processing /home/airflow/.local/lib/python3.12/site-packages/airflow/example_dags/example_sensor_decorator.py took 0.064 seconds
[2024-09-25T13:55:29.296+0000] {processor.py:186} INFO - Started process (PID=1388) to work on /home/airflow/.local/lib/python3.12/site-packages/airflow/example_dags/example_sensor_decorator.py
[2024-09-25T13:55:29.297+0000] {processor.py:914} INFO - Processing file /home/airflow/.local/lib/python3.12/site-packages/airflow/example_dags/example_sensor_decorator.py for tasks to queue
[2024-09-25T13:55:29.299+0000] {logging_mixin.py:190} INFO - [2024-09-25T13:55:29.299+0000] {dagbag.py:588} INFO - Filling up the DagBag from /home/airflow/.local/lib/python3.12/site-packages/airflow/example_dags/example_sensor_decorator.py
[2024-09-25T13:55:29.305+0000] {processor.py:925} INFO - DAG(s) 'example_sensor_decorator' retrieved from /home/airflow/.local/lib/python3.12/site-packages/airflow/example_dags/example_sensor_decorator.py
[2024-09-25T13:55:29.321+0000] {logging_mixin.py:190} INFO - [2024-09-25T13:55:29.321+0000] {dag.py:3239} INFO - Sync 1 DAGs
[2024-09-25T13:55:29.335+0000] {logging_mixin.py:190} INFO - [2024-09-25T13:55:29.335+0000] {dag.py:4180} INFO - Setting next_dagrun for example_sensor_decorator to None, run_after=None
[2024-09-25T13:55:29.354+0000] {processor.py:208} INFO - Processing /home/airflow/.local/lib/python3.12/site-packages/airflow/example_dags/example_sensor_decorator.py took 0.063 seconds
[2024-09-25T13:55:59.584+0000] {processor.py:186} INFO - Started process (PID=1682) to work on /home/airflow/.local/lib/python3.12/site-packages/airflow/example_dags/example_sensor_decorator.py
[2024-09-25T13:55:59.585+0000] {processor.py:914} INFO - Processing file /home/airflow/.local/lib/python3.12/site-packages/airflow/example_dags/example_sensor_decorator.py for tasks to queue
[2024-09-25T13:55:59.587+0000] {logging_mixin.py:190} INFO - [2024-09-25T13:55:59.586+0000] {dagbag.py:588} INFO - Filling up the DagBag from /home/airflow/.local/lib/python3.12/site-packages/airflow/example_dags/example_sensor_decorator.py
[2024-09-25T13:55:59.593+0000] {processor.py:925} INFO - DAG(s) 'example_sensor_decorator' retrieved from /home/airflow/.local/lib/python3.12/site-packages/airflow/example_dags/example_sensor_decorator.py
[2024-09-25T13:55:59.609+0000] {logging_mixin.py:190} INFO - [2024-09-25T13:55:59.609+0000] {dag.py:3239} INFO - Sync 1 DAGs
[2024-09-25T13:55:59.623+0000] {logging_mixin.py:190} INFO - [2024-09-25T13:55:59.623+0000] {dag.py:4180} INFO - Setting next_dagrun for example_sensor_decorator to None, run_after=None
[2024-09-25T13:55:59.639+0000] {processor.py:208} INFO - Processing /home/airflow/.local/lib/python3.12/site-packages/airflow/example_dags/example_sensor_decorator.py took 0.060 seconds
[2024-09-25T13:56:29.903+0000] {processor.py:186} INFO - Started process (PID=1968) to work on /home/airflow/.local/lib/python3.12/site-packages/airflow/example_dags/example_sensor_decorator.py
[2024-09-25T13:56:29.904+0000] {processor.py:914} INFO - Processing file /home/airflow/.local/lib/python3.12/site-packages/airflow/example_dags/example_sensor_decorator.py for tasks to queue
[2024-09-25T13:56:29.906+0000] {logging_mixin.py:190} INFO - [2024-09-25T13:56:29.905+0000] {dagbag.py:588} INFO - Filling up the DagBag from /home/airflow/.local/lib/python3.12/site-packages/airflow/example_dags/example_sensor_decorator.py
[2024-09-25T13:56:29.912+0000] {processor.py:925} INFO - DAG(s) 'example_sensor_decorator' retrieved from /home/airflow/.local/lib/python3.12/site-packages/airflow/example_dags/example_sensor_decorator.py
[2024-09-25T13:56:29.927+0000] {logging_mixin.py:190} INFO - [2024-09-25T13:56:29.927+0000] {dag.py:3239} INFO - Sync 1 DAGs
[2024-09-25T13:56:29.940+0000] {logging_mixin.py:190} INFO - [2024-09-25T13:56:29.940+0000] {dag.py:4180} INFO - Setting next_dagrun for example_sensor_decorator to None, run_after=None
[2024-09-25T13:56:29.955+0000] {processor.py:208} INFO - Processing /home/airflow/.local/lib/python3.12/site-packages/airflow/example_dags/example_sensor_decorator.py took 0.057 seconds
[2024-09-25T13:57:00.276+0000] {processor.py:186} INFO - Started process (PID=2254) to work on /home/airflow/.local/lib/python3.12/site-packages/airflow/example_dags/example_sensor_decorator.py
[2024-09-25T13:57:00.277+0000] {processor.py:914} INFO - Processing file /home/airflow/.local/lib/python3.12/site-packages/airflow/example_dags/example_sensor_decorator.py for tasks to queue
[2024-09-25T13:57:00.279+0000] {logging_mixin.py:190} INFO - [2024-09-25T13:57:00.279+0000] {dagbag.py:588} INFO - Filling up the DagBag from /home/airflow/.local/lib/python3.12/site-packages/airflow/example_dags/example_sensor_decorator.py
[2024-09-25T13:57:00.286+0000] {processor.py:925} INFO - DAG(s) 'example_sensor_decorator' retrieved from /home/airflow/.local/lib/python3.12/site-packages/airflow/example_dags/example_sensor_decorator.py
[2024-09-25T13:57:00.302+0000] {logging_mixin.py:190} INFO - [2024-09-25T13:57:00.302+0000] {dag.py:3239} INFO - Sync 1 DAGs
[2024-09-25T13:57:00.316+0000] {logging_mixin.py:190} INFO - [2024-09-25T13:57:00.315+0000] {dag.py:4180} INFO - Setting next_dagrun for example_sensor_decorator to None, run_after=None
[2024-09-25T13:57:00.331+0000] {processor.py:208} INFO - Processing /home/airflow/.local/lib/python3.12/site-packages/airflow/example_dags/example_sensor_decorator.py took 0.060 seconds
[2024-09-25T13:57:30.534+0000] {processor.py:186} INFO - Started process (PID=2541) to work on /home/airflow/.local/lib/python3.12/site-packages/airflow/example_dags/example_sensor_decorator.py
[2024-09-25T13:57:30.535+0000] {processor.py:914} INFO - Processing file /home/airflow/.local/lib/python3.12/site-packages/airflow/example_dags/example_sensor_decorator.py for tasks to queue
[2024-09-25T13:57:30.537+0000] {logging_mixin.py:190} INFO - [2024-09-25T13:57:30.537+0000] {dagbag.py:588} INFO - Filling up the DagBag from /home/airflow/.local/lib/python3.12/site-packages/airflow/example_dags/example_sensor_decorator.py
[2024-09-25T13:57:30.544+0000] {processor.py:925} INFO - DAG(s) 'example_sensor_decorator' retrieved from /home/airflow/.local/lib/python3.12/site-packages/airflow/example_dags/example_sensor_decorator.py
[2024-09-25T13:57:30.559+0000] {logging_mixin.py:190} INFO - [2024-09-25T13:57:30.559+0000] {dag.py:3239} INFO - Sync 1 DAGs
[2024-09-25T13:57:30.572+0000] {logging_mixin.py:190} INFO - [2024-09-25T13:57:30.572+0000] {dag.py:4180} INFO - Setting next_dagrun for example_sensor_decorator to None, run_after=None
[2024-09-25T13:57:30.587+0000] {processor.py:208} INFO - Processing /home/airflow/.local/lib/python3.12/site-packages/airflow/example_dags/example_sensor_decorator.py took 0.058 seconds
[2024-09-25T13:58:00.721+0000] {processor.py:186} INFO - Started process (PID=2827) to work on /home/airflow/.local/lib/python3.12/site-packages/airflow/example_dags/example_sensor_decorator.py
[2024-09-25T13:58:00.722+0000] {processor.py:914} INFO - Processing file /home/airflow/.local/lib/python3.12/site-packages/airflow/example_dags/example_sensor_decorator.py for tasks to queue
[2024-09-25T13:58:00.724+0000] {logging_mixin.py:190} INFO - [2024-09-25T13:58:00.724+0000] {dagbag.py:588} INFO - Filling up the DagBag from /home/airflow/.local/lib/python3.12/site-packages/airflow/example_dags/example_sensor_decorator.py
[2024-09-25T13:58:00.731+0000] {processor.py:925} INFO - DAG(s) 'example_sensor_decorator' retrieved from /home/airflow/.local/lib/python3.12/site-packages/airflow/example_dags/example_sensor_decorator.py
[2024-09-25T13:58:00.747+0000] {logging_mixin.py:190} INFO - [2024-09-25T13:58:00.746+0000] {dag.py:3239} INFO - Sync 1 DAGs
[2024-09-25T13:58:00.759+0000] {logging_mixin.py:190} INFO - [2024-09-25T13:58:00.759+0000] {dag.py:4180} INFO - Setting next_dagrun for example_sensor_decorator to None, run_after=None
[2024-09-25T13:58:00.776+0000] {processor.py:208} INFO - Processing /home/airflow/.local/lib/python3.12/site-packages/airflow/example_dags/example_sensor_decorator.py took 0.060 seconds
[2024-09-25T13:58:31.208+0000] {processor.py:186} INFO - Started process (PID=3127) to work on /home/airflow/.local/lib/python3.12/site-packages/airflow/example_dags/example_sensor_decorator.py
[2024-09-25T13:58:31.209+0000] {processor.py:914} INFO - Processing file /home/airflow/.local/lib/python3.12/site-packages/airflow/example_dags/example_sensor_decorator.py for tasks to queue
[2024-09-25T13:58:31.210+0000] {logging_mixin.py:190} INFO - [2024-09-25T13:58:31.210+0000] {dagbag.py:588} INFO - Filling up the DagBag from /home/airflow/.local/lib/python3.12/site-packages/airflow/example_dags/example_sensor_decorator.py
[2024-09-25T13:58:31.217+0000] {processor.py:925} INFO - DAG(s) 'example_sensor_decorator' retrieved from /home/airflow/.local/lib/python3.12/site-packages/airflow/example_dags/example_sensor_decorator.py
[2024-09-25T13:58:31.233+0000] {logging_mixin.py:190} INFO - [2024-09-25T13:58:31.233+0000] {dag.py:3239} INFO - Sync 1 DAGs
[2024-09-25T13:58:31.246+0000] {logging_mixin.py:190} INFO - [2024-09-25T13:58:31.246+0000] {dag.py:4180} INFO - Setting next_dagrun for example_sensor_decorator to None, run_after=None
[2024-09-25T13:58:31.261+0000] {processor.py:208} INFO - Processing /home/airflow/.local/lib/python3.12/site-packages/airflow/example_dags/example_sensor_decorator.py took 0.059 seconds
[2024-09-25T13:59:01.440+0000] {processor.py:186} INFO - Started process (PID=3413) to work on /home/airflow/.local/lib/python3.12/site-packages/airflow/example_dags/example_sensor_decorator.py
[2024-09-25T13:59:01.441+0000] {processor.py:914} INFO - Processing file /home/airflow/.local/lib/python3.12/site-packages/airflow/example_dags/example_sensor_decorator.py for tasks to queue
[2024-09-25T13:59:01.443+0000] {logging_mixin.py:190} INFO - [2024-09-25T13:59:01.443+0000] {dagbag.py:588} INFO - Filling up the DagBag from /home/airflow/.local/lib/python3.12/site-packages/airflow/example_dags/example_sensor_decorator.py
[2024-09-25T13:59:01.449+0000] {processor.py:925} INFO - DAG(s) 'example_sensor_decorator' retrieved from /home/airflow/.local/lib/python3.12/site-packages/airflow/example_dags/example_sensor_decorator.py
[2024-09-25T13:59:01.466+0000] {logging_mixin.py:190} INFO - [2024-09-25T13:59:01.465+0000] {dag.py:3239} INFO - Sync 1 DAGs
[2024-09-25T13:59:01.478+0000] {logging_mixin.py:190} INFO - [2024-09-25T13:59:01.478+0000] {dag.py:4180} INFO - Setting next_dagrun for example_sensor_decorator to None, run_after=None
[2024-09-25T13:59:01.494+0000] {processor.py:208} INFO - Processing /home/airflow/.local/lib/python3.12/site-packages/airflow/example_dags/example_sensor_decorator.py took 0.059 seconds
[2024-09-25T13:59:31.708+0000] {processor.py:186} INFO - Started process (PID=3699) to work on /home/airflow/.local/lib/python3.12/site-packages/airflow/example_dags/example_sensor_decorator.py
[2024-09-25T13:59:31.708+0000] {processor.py:914} INFO - Processing file /home/airflow/.local/lib/python3.12/site-packages/airflow/example_dags/example_sensor_decorator.py for tasks to queue
[2024-09-25T13:59:31.710+0000] {logging_mixin.py:190} INFO - [2024-09-25T13:59:31.710+0000] {dagbag.py:588} INFO - Filling up the DagBag from /home/airflow/.local/lib/python3.12/site-packages/airflow/example_dags/example_sensor_decorator.py
[2024-09-25T13:59:31.717+0000] {processor.py:925} INFO - DAG(s) 'example_sensor_decorator' retrieved from /home/airflow/.local/lib/python3.12/site-packages/airflow/example_dags/example_sensor_decorator.py
[2024-09-25T13:59:31.733+0000] {logging_mixin.py:190} INFO - [2024-09-25T13:59:31.733+0000] {dag.py:3239} INFO - Sync 1 DAGs
[2024-09-25T13:59:31.747+0000] {logging_mixin.py:190} INFO - [2024-09-25T13:59:31.746+0000] {dag.py:4180} INFO - Setting next_dagrun for example_sensor_decorator to None, run_after=None
[2024-09-25T13:59:31.763+0000] {processor.py:208} INFO - Processing /home/airflow/.local/lib/python3.12/site-packages/airflow/example_dags/example_sensor_decorator.py took 0.060 seconds
[2024-09-25T14:00:02.040+0000] {processor.py:186} INFO - Started process (PID=3985) to work on /home/airflow/.local/lib/python3.12/site-packages/airflow/example_dags/example_sensor_decorator.py
[2024-09-25T14:00:02.041+0000] {processor.py:914} INFO - Processing file /home/airflow/.local/lib/python3.12/site-packages/airflow/example_dags/example_sensor_decorator.py for tasks to queue
[2024-09-25T14:00:02.043+0000] {logging_mixin.py:190} INFO - [2024-09-25T14:00:02.043+0000] {dagbag.py:588} INFO - Filling up the DagBag from /home/airflow/.local/lib/python3.12/site-packages/airflow/example_dags/example_sensor_decorator.py
[2024-09-25T14:00:02.050+0000] {processor.py:925} INFO - DAG(s) 'example_sensor_decorator' retrieved from /home/airflow/.local/lib/python3.12/site-packages/airflow/example_dags/example_sensor_decorator.py
[2024-09-25T14:00:02.067+0000] {logging_mixin.py:190} INFO - [2024-09-25T14:00:02.067+0000] {dag.py:3239} INFO - Sync 1 DAGs
[2024-09-25T14:00:02.081+0000] {logging_mixin.py:190} INFO - [2024-09-25T14:00:02.081+0000] {dag.py:4180} INFO - Setting next_dagrun for example_sensor_decorator to None, run_after=None
[2024-09-25T14:00:02.096+0000] {processor.py:208} INFO - Processing /home/airflow/.local/lib/python3.12/site-packages/airflow/example_dags/example_sensor_decorator.py took 0.061 seconds
[2024-09-25T14:00:32.291+0000] {processor.py:186} INFO - Started process (PID=4271) to work on /home/airflow/.local/lib/python3.12/site-packages/airflow/example_dags/example_sensor_decorator.py
[2024-09-25T14:00:32.292+0000] {processor.py:914} INFO - Processing file /home/airflow/.local/lib/python3.12/site-packages/airflow/example_dags/example_sensor_decorator.py for tasks to queue
[2024-09-25T14:00:32.294+0000] {logging_mixin.py:190} INFO - [2024-09-25T14:00:32.294+0000] {dagbag.py:588} INFO - Filling up the DagBag from /home/airflow/.local/lib/python3.12/site-packages/airflow/example_dags/example_sensor_decorator.py
[2024-09-25T14:00:32.300+0000] {processor.py:925} INFO - DAG(s) 'example_sensor_decorator' retrieved from /home/airflow/.local/lib/python3.12/site-packages/airflow/example_dags/example_sensor_decorator.py
[2024-09-25T14:00:32.316+0000] {logging_mixin.py:190} INFO - [2024-09-25T14:00:32.316+0000] {dag.py:3239} INFO - Sync 1 DAGs
[2024-09-25T14:00:32.330+0000] {logging_mixin.py:190} INFO - [2024-09-25T14:00:32.329+0000] {dag.py:4180} INFO - Setting next_dagrun for example_sensor_decorator to None, run_after=None
[2024-09-25T14:00:32.346+0000] {processor.py:208} INFO - Processing /home/airflow/.local/lib/python3.12/site-packages/airflow/example_dags/example_sensor_decorator.py took 0.060 seconds
[2024-09-25T14:01:02.550+0000] {processor.py:186} INFO - Started process (PID=4557) to work on /home/airflow/.local/lib/python3.12/site-packages/airflow/example_dags/example_sensor_decorator.py
[2024-09-25T14:01:02.551+0000] {processor.py:914} INFO - Processing file /home/airflow/.local/lib/python3.12/site-packages/airflow/example_dags/example_sensor_decorator.py for tasks to queue
[2024-09-25T14:01:02.553+0000] {logging_mixin.py:190} INFO - [2024-09-25T14:01:02.553+0000] {dagbag.py:588} INFO - Filling up the DagBag from /home/airflow/.local/lib/python3.12/site-packages/airflow/example_dags/example_sensor_decorator.py
[2024-09-25T14:01:02.559+0000] {processor.py:925} INFO - DAG(s) 'example_sensor_decorator' retrieved from /home/airflow/.local/lib/python3.12/site-packages/airflow/example_dags/example_sensor_decorator.py
[2024-09-25T14:01:02.575+0000] {logging_mixin.py:190} INFO - [2024-09-25T14:01:02.575+0000] {dag.py:3239} INFO - Sync 1 DAGs
[2024-09-25T14:01:02.587+0000] {logging_mixin.py:190} INFO - [2024-09-25T14:01:02.587+0000] {dag.py:4180} INFO - Setting next_dagrun for example_sensor_decorator to None, run_after=None
[2024-09-25T14:01:02.602+0000] {processor.py:208} INFO - Processing /home/airflow/.local/lib/python3.12/site-packages/airflow/example_dags/example_sensor_decorator.py took 0.057 seconds
[2024-09-25T14:01:33.633+0000] {processor.py:186} INFO - Started process (PID=4843) to work on /home/airflow/.local/lib/python3.12/site-packages/airflow/example_dags/example_sensor_decorator.py
[2024-09-25T14:01:33.633+0000] {processor.py:914} INFO - Processing file /home/airflow/.local/lib/python3.12/site-packages/airflow/example_dags/example_sensor_decorator.py for tasks to queue
[2024-09-25T14:01:33.635+0000] {logging_mixin.py:190} INFO - [2024-09-25T14:01:33.635+0000] {dagbag.py:588} INFO - Filling up the DagBag from /home/airflow/.local/lib/python3.12/site-packages/airflow/example_dags/example_sensor_decorator.py
[2024-09-25T14:01:33.642+0000] {processor.py:925} INFO - DAG(s) 'example_sensor_decorator' retrieved from /home/airflow/.local/lib/python3.12/site-packages/airflow/example_dags/example_sensor_decorator.py
[2024-09-25T14:01:33.658+0000] {logging_mixin.py:190} INFO - [2024-09-25T14:01:33.658+0000] {dag.py:3239} INFO - Sync 1 DAGs
[2024-09-25T14:01:33.671+0000] {logging_mixin.py:190} INFO - [2024-09-25T14:01:33.671+0000] {dag.py:4180} INFO - Setting next_dagrun for example_sensor_decorator to None, run_after=None
[2024-09-25T14:01:33.687+0000] {processor.py:208} INFO - Processing /home/airflow/.local/lib/python3.12/site-packages/airflow/example_dags/example_sensor_decorator.py took 0.059 seconds
[2024-09-25T14:02:03.848+0000] {processor.py:186} INFO - Started process (PID=5129) to work on /home/airflow/.local/lib/python3.12/site-packages/airflow/example_dags/example_sensor_decorator.py
[2024-09-25T14:02:03.849+0000] {processor.py:914} INFO - Processing file /home/airflow/.local/lib/python3.12/site-packages/airflow/example_dags/example_sensor_decorator.py for tasks to queue
[2024-09-25T14:02:03.852+0000] {logging_mixin.py:190} INFO - [2024-09-25T14:02:03.852+0000] {dagbag.py:588} INFO - Filling up the DagBag from /home/airflow/.local/lib/python3.12/site-packages/airflow/example_dags/example_sensor_decorator.py
[2024-09-25T14:02:03.860+0000] {processor.py:925} INFO - DAG(s) 'example_sensor_decorator' retrieved from /home/airflow/.local/lib/python3.12/site-packages/airflow/example_dags/example_sensor_decorator.py
[2024-09-25T14:02:03.876+0000] {logging_mixin.py:190} INFO - [2024-09-25T14:02:03.876+0000] {dag.py:3239} INFO - Sync 1 DAGs
[2024-09-25T14:02:03.889+0000] {logging_mixin.py:190} INFO - [2024-09-25T14:02:03.889+0000] {dag.py:4180} INFO - Setting next_dagrun for example_sensor_decorator to None, run_after=None
[2024-09-25T14:02:03.904+0000] {processor.py:208} INFO - Processing /home/airflow/.local/lib/python3.12/site-packages/airflow/example_dags/example_sensor_decorator.py took 0.062 seconds
[2024-09-25T14:03:06.667+0000] {processor.py:186} INFO - Started process (PID=218) to work on /home/airflow/.local/lib/python3.12/site-packages/airflow/example_dags/example_sensor_decorator.py
[2024-09-25T14:03:06.668+0000] {processor.py:914} INFO - Processing file /home/airflow/.local/lib/python3.12/site-packages/airflow/example_dags/example_sensor_decorator.py for tasks to queue
[2024-09-25T14:03:06.669+0000] {logging_mixin.py:190} INFO - [2024-09-25T14:03:06.669+0000] {dagbag.py:588} INFO - Filling up the DagBag from /home/airflow/.local/lib/python3.12/site-packages/airflow/example_dags/example_sensor_decorator.py
[2024-09-25T14:03:06.676+0000] {processor.py:925} INFO - DAG(s) 'example_sensor_decorator' retrieved from /home/airflow/.local/lib/python3.12/site-packages/airflow/example_dags/example_sensor_decorator.py
[2024-09-25T14:03:06.697+0000] {logging_mixin.py:190} INFO - [2024-09-25T14:03:06.696+0000] {dag.py:3239} INFO - Sync 1 DAGs
[2024-09-25T14:03:06.713+0000] {logging_mixin.py:190} INFO - [2024-09-25T14:03:06.713+0000] {dag.py:4180} INFO - Setting next_dagrun for example_sensor_decorator to None, run_after=None
[2024-09-25T14:03:06.729+0000] {processor.py:208} INFO - Processing /home/airflow/.local/lib/python3.12/site-packages/airflow/example_dags/example_sensor_decorator.py took 0.067 seconds
[2024-09-25T14:03:37.106+0000] {processor.py:186} INFO - Started process (PID=528) to work on /home/airflow/.local/lib/python3.12/site-packages/airflow/example_dags/example_sensor_decorator.py
[2024-09-25T14:03:37.107+0000] {processor.py:914} INFO - Processing file /home/airflow/.local/lib/python3.12/site-packages/airflow/example_dags/example_sensor_decorator.py for tasks to queue
[2024-09-25T14:03:37.109+0000] {logging_mixin.py:190} INFO - [2024-09-25T14:03:37.109+0000] {dagbag.py:588} INFO - Filling up the DagBag from /home/airflow/.local/lib/python3.12/site-packages/airflow/example_dags/example_sensor_decorator.py
[2024-09-25T14:03:37.115+0000] {processor.py:925} INFO - DAG(s) 'example_sensor_decorator' retrieved from /home/airflow/.local/lib/python3.12/site-packages/airflow/example_dags/example_sensor_decorator.py
[2024-09-25T14:03:37.131+0000] {logging_mixin.py:190} INFO - [2024-09-25T14:03:37.131+0000] {dag.py:3239} INFO - Sync 1 DAGs
[2024-09-25T14:03:37.145+0000] {logging_mixin.py:190} INFO - [2024-09-25T14:03:37.144+0000] {dag.py:4180} INFO - Setting next_dagrun for example_sensor_decorator to None, run_after=None
[2024-09-25T14:03:37.160+0000] {processor.py:208} INFO - Processing /home/airflow/.local/lib/python3.12/site-packages/airflow/example_dags/example_sensor_decorator.py took 0.059 seconds
