[2024-09-25T13:53:26.767+0000] {processor.py:186} INFO - Started process (PID=196) to work on /home/airflow/.local/lib/python3.12/site-packages/airflow/example_dags/example_python_operator.py
[2024-09-25T13:53:26.768+0000] {processor.py:914} INFO - Processing file /home/airflow/.local/lib/python3.12/site-packages/airflow/example_dags/example_python_operator.py for tasks to queue
[2024-09-25T13:53:26.770+0000] {logging_mixin.py:190} INFO - [2024-09-25T13:53:26.770+0000] {dagbag.py:588} INFO - Filling up the DagBag from /home/airflow/.local/lib/python3.12/site-packages/airflow/example_dags/example_python_operator.py
[2024-09-25T13:53:26.787+0000] {processor.py:925} INFO - DAG(s) 'example_python_operator' retrieved from /home/airflow/.local/lib/python3.12/site-packages/airflow/example_dags/example_python_operator.py
[2024-09-25T13:53:26.980+0000] {logging_mixin.py:190} INFO - [2024-09-25T13:53:26.980+0000] {dag.py:3239} INFO - Sync 1 DAGs
[2024-09-25T13:53:26.992+0000] {logging_mixin.py:190} INFO - [2024-09-25T13:53:26.992+0000] {dag.py:4180} INFO - Setting next_dagrun for example_python_operator to None, run_after=None
[2024-09-25T13:53:27.012+0000] {processor.py:208} INFO - Processing /home/airflow/.local/lib/python3.12/site-packages/airflow/example_dags/example_python_operator.py took 0.249 seconds
[2024-09-25T13:53:57.674+0000] {processor.py:186} INFO - Started process (PID=495) to work on /home/airflow/.local/lib/python3.12/site-packages/airflow/example_dags/example_python_operator.py
[2024-09-25T13:53:57.675+0000] {processor.py:914} INFO - Processing file /home/airflow/.local/lib/python3.12/site-packages/airflow/example_dags/example_python_operator.py for tasks to queue
[2024-09-25T13:53:57.677+0000] {logging_mixin.py:190} INFO - [2024-09-25T13:53:57.676+0000] {dagbag.py:588} INFO - Filling up the DagBag from /home/airflow/.local/lib/python3.12/site-packages/airflow/example_dags/example_python_operator.py
[2024-09-25T13:53:57.687+0000] {processor.py:925} INFO - DAG(s) 'example_python_operator' retrieved from /home/airflow/.local/lib/python3.12/site-packages/airflow/example_dags/example_python_operator.py
[2024-09-25T13:53:57.705+0000] {logging_mixin.py:190} INFO - [2024-09-25T13:53:57.705+0000] {dag.py:3239} INFO - Sync 1 DAGs
[2024-09-25T13:53:57.718+0000] {logging_mixin.py:190} INFO - [2024-09-25T13:53:57.717+0000] {dag.py:4180} INFO - Setting next_dagrun for example_python_operator to None, run_after=None
[2024-09-25T13:53:57.731+0000] {processor.py:208} INFO - Processing /home/airflow/.local/lib/python3.12/site-packages/airflow/example_dags/example_python_operator.py took 0.063 seconds
[2024-09-25T13:54:27.845+0000] {processor.py:186} INFO - Started process (PID=781) to work on /home/airflow/.local/lib/python3.12/site-packages/airflow/example_dags/example_python_operator.py
[2024-09-25T13:54:27.846+0000] {processor.py:914} INFO - Processing file /home/airflow/.local/lib/python3.12/site-packages/airflow/example_dags/example_python_operator.py for tasks to queue
[2024-09-25T13:54:27.848+0000] {logging_mixin.py:190} INFO - [2024-09-25T13:54:27.847+0000] {dagbag.py:588} INFO - Filling up the DagBag from /home/airflow/.local/lib/python3.12/site-packages/airflow/example_dags/example_python_operator.py
[2024-09-25T13:54:27.861+0000] {processor.py:925} INFO - DAG(s) 'example_python_operator' retrieved from /home/airflow/.local/lib/python3.12/site-packages/airflow/example_dags/example_python_operator.py
[2024-09-25T13:54:27.881+0000] {logging_mixin.py:190} INFO - [2024-09-25T13:54:27.881+0000] {dag.py:3239} INFO - Sync 1 DAGs
[2024-09-25T13:54:27.894+0000] {logging_mixin.py:190} INFO - [2024-09-25T13:54:27.894+0000] {dag.py:4180} INFO - Setting next_dagrun for example_python_operator to None, run_after=None
[2024-09-25T13:54:27.910+0000] {processor.py:208} INFO - Processing /home/airflow/.local/lib/python3.12/site-packages/airflow/example_dags/example_python_operator.py took 0.070 seconds
[2024-09-25T13:54:58.439+0000] {processor.py:186} INFO - Started process (PID=1067) to work on /home/airflow/.local/lib/python3.12/site-packages/airflow/example_dags/example_python_operator.py
[2024-09-25T13:54:58.440+0000] {processor.py:914} INFO - Processing file /home/airflow/.local/lib/python3.12/site-packages/airflow/example_dags/example_python_operator.py for tasks to queue
[2024-09-25T13:54:58.442+0000] {logging_mixin.py:190} INFO - [2024-09-25T13:54:58.442+0000] {dagbag.py:588} INFO - Filling up the DagBag from /home/airflow/.local/lib/python3.12/site-packages/airflow/example_dags/example_python_operator.py
[2024-09-25T13:54:58.452+0000] {processor.py:925} INFO - DAG(s) 'example_python_operator' retrieved from /home/airflow/.local/lib/python3.12/site-packages/airflow/example_dags/example_python_operator.py
[2024-09-25T13:54:58.471+0000] {logging_mixin.py:190} INFO - [2024-09-25T13:54:58.471+0000] {dag.py:3239} INFO - Sync 1 DAGs
[2024-09-25T13:54:58.485+0000] {logging_mixin.py:190} INFO - [2024-09-25T13:54:58.485+0000] {dag.py:4180} INFO - Setting next_dagrun for example_python_operator to None, run_after=None
[2024-09-25T13:54:58.502+0000] {processor.py:208} INFO - Processing /home/airflow/.local/lib/python3.12/site-packages/airflow/example_dags/example_python_operator.py took 0.068 seconds
[2024-09-25T13:55:28.941+0000] {processor.py:186} INFO - Started process (PID=1353) to work on /home/airflow/.local/lib/python3.12/site-packages/airflow/example_dags/example_python_operator.py
[2024-09-25T13:55:28.942+0000] {processor.py:914} INFO - Processing file /home/airflow/.local/lib/python3.12/site-packages/airflow/example_dags/example_python_operator.py for tasks to queue
[2024-09-25T13:55:28.944+0000] {logging_mixin.py:190} INFO - [2024-09-25T13:55:28.943+0000] {dagbag.py:588} INFO - Filling up the DagBag from /home/airflow/.local/lib/python3.12/site-packages/airflow/example_dags/example_python_operator.py
[2024-09-25T13:55:28.954+0000] {processor.py:925} INFO - DAG(s) 'example_python_operator' retrieved from /home/airflow/.local/lib/python3.12/site-packages/airflow/example_dags/example_python_operator.py
[2024-09-25T13:55:28.971+0000] {logging_mixin.py:190} INFO - [2024-09-25T13:55:28.971+0000] {dag.py:3239} INFO - Sync 1 DAGs
[2024-09-25T13:55:28.984+0000] {logging_mixin.py:190} INFO - [2024-09-25T13:55:28.984+0000] {dag.py:4180} INFO - Setting next_dagrun for example_python_operator to None, run_after=None
[2024-09-25T13:55:29.000+0000] {processor.py:208} INFO - Processing /home/airflow/.local/lib/python3.12/site-packages/airflow/example_dags/example_python_operator.py took 0.064 seconds
[2024-09-25T13:55:59.219+0000] {processor.py:186} INFO - Started process (PID=1647) to work on /home/airflow/.local/lib/python3.12/site-packages/airflow/example_dags/example_python_operator.py
[2024-09-25T13:55:59.220+0000] {processor.py:914} INFO - Processing file /home/airflow/.local/lib/python3.12/site-packages/airflow/example_dags/example_python_operator.py for tasks to queue
[2024-09-25T13:55:59.222+0000] {logging_mixin.py:190} INFO - [2024-09-25T13:55:59.222+0000] {dagbag.py:588} INFO - Filling up the DagBag from /home/airflow/.local/lib/python3.12/site-packages/airflow/example_dags/example_python_operator.py
[2024-09-25T13:55:59.234+0000] {processor.py:925} INFO - DAG(s) 'example_python_operator' retrieved from /home/airflow/.local/lib/python3.12/site-packages/airflow/example_dags/example_python_operator.py
[2024-09-25T13:55:59.253+0000] {logging_mixin.py:190} INFO - [2024-09-25T13:55:59.252+0000] {dag.py:3239} INFO - Sync 1 DAGs
[2024-09-25T13:55:59.266+0000] {logging_mixin.py:190} INFO - [2024-09-25T13:55:59.265+0000] {dag.py:4180} INFO - Setting next_dagrun for example_python_operator to None, run_after=None
[2024-09-25T13:55:59.282+0000] {processor.py:208} INFO - Processing /home/airflow/.local/lib/python3.12/site-packages/airflow/example_dags/example_python_operator.py took 0.068 seconds
[2024-09-25T13:56:29.539+0000] {processor.py:186} INFO - Started process (PID=1933) to work on /home/airflow/.local/lib/python3.12/site-packages/airflow/example_dags/example_python_operator.py
[2024-09-25T13:56:29.540+0000] {processor.py:914} INFO - Processing file /home/airflow/.local/lib/python3.12/site-packages/airflow/example_dags/example_python_operator.py for tasks to queue
[2024-09-25T13:56:29.542+0000] {logging_mixin.py:190} INFO - [2024-09-25T13:56:29.542+0000] {dagbag.py:588} INFO - Filling up the DagBag from /home/airflow/.local/lib/python3.12/site-packages/airflow/example_dags/example_python_operator.py
[2024-09-25T13:56:29.552+0000] {processor.py:925} INFO - DAG(s) 'example_python_operator' retrieved from /home/airflow/.local/lib/python3.12/site-packages/airflow/example_dags/example_python_operator.py
[2024-09-25T13:56:29.571+0000] {logging_mixin.py:190} INFO - [2024-09-25T13:56:29.571+0000] {dag.py:3239} INFO - Sync 1 DAGs
[2024-09-25T13:56:29.584+0000] {logging_mixin.py:190} INFO - [2024-09-25T13:56:29.583+0000] {dag.py:4180} INFO - Setting next_dagrun for example_python_operator to None, run_after=None
[2024-09-25T13:56:29.599+0000] {processor.py:208} INFO - Processing /home/airflow/.local/lib/python3.12/site-packages/airflow/example_dags/example_python_operator.py took 0.065 seconds
[2024-09-25T13:56:59.925+0000] {processor.py:186} INFO - Started process (PID=2219) to work on /home/airflow/.local/lib/python3.12/site-packages/airflow/example_dags/example_python_operator.py
[2024-09-25T13:56:59.926+0000] {processor.py:914} INFO - Processing file /home/airflow/.local/lib/python3.12/site-packages/airflow/example_dags/example_python_operator.py for tasks to queue
[2024-09-25T13:56:59.928+0000] {logging_mixin.py:190} INFO - [2024-09-25T13:56:59.927+0000] {dagbag.py:588} INFO - Filling up the DagBag from /home/airflow/.local/lib/python3.12/site-packages/airflow/example_dags/example_python_operator.py
[2024-09-25T13:56:59.938+0000] {processor.py:925} INFO - DAG(s) 'example_python_operator' retrieved from /home/airflow/.local/lib/python3.12/site-packages/airflow/example_dags/example_python_operator.py
[2024-09-25T13:56:59.956+0000] {logging_mixin.py:190} INFO - [2024-09-25T13:56:59.956+0000] {dag.py:3239} INFO - Sync 1 DAGs
[2024-09-25T13:56:59.969+0000] {logging_mixin.py:190} INFO - [2024-09-25T13:56:59.969+0000] {dag.py:4180} INFO - Setting next_dagrun for example_python_operator to None, run_after=None
[2024-09-25T13:56:59.985+0000] {processor.py:208} INFO - Processing /home/airflow/.local/lib/python3.12/site-packages/airflow/example_dags/example_python_operator.py took 0.065 seconds
[2024-09-25T13:57:30.185+0000] {processor.py:186} INFO - Started process (PID=2506) to work on /home/airflow/.local/lib/python3.12/site-packages/airflow/example_dags/example_python_operator.py
[2024-09-25T13:57:30.186+0000] {processor.py:914} INFO - Processing file /home/airflow/.local/lib/python3.12/site-packages/airflow/example_dags/example_python_operator.py for tasks to queue
[2024-09-25T13:57:30.188+0000] {logging_mixin.py:190} INFO - [2024-09-25T13:57:30.188+0000] {dagbag.py:588} INFO - Filling up the DagBag from /home/airflow/.local/lib/python3.12/site-packages/airflow/example_dags/example_python_operator.py
[2024-09-25T13:57:30.198+0000] {processor.py:925} INFO - DAG(s) 'example_python_operator' retrieved from /home/airflow/.local/lib/python3.12/site-packages/airflow/example_dags/example_python_operator.py
[2024-09-25T13:57:30.216+0000] {logging_mixin.py:190} INFO - [2024-09-25T13:57:30.216+0000] {dag.py:3239} INFO - Sync 1 DAGs
[2024-09-25T13:57:30.228+0000] {logging_mixin.py:190} INFO - [2024-09-25T13:57:30.228+0000] {dag.py:4180} INFO - Setting next_dagrun for example_python_operator to None, run_after=None
[2024-09-25T13:57:30.243+0000] {processor.py:208} INFO - Processing /home/airflow/.local/lib/python3.12/site-packages/airflow/example_dags/example_python_operator.py took 0.063 seconds
[2024-09-25T13:58:00.333+0000] {processor.py:186} INFO - Started process (PID=2792) to work on /home/airflow/.local/lib/python3.12/site-packages/airflow/example_dags/example_python_operator.py
[2024-09-25T13:58:00.334+0000] {processor.py:914} INFO - Processing file /home/airflow/.local/lib/python3.12/site-packages/airflow/example_dags/example_python_operator.py for tasks to queue
[2024-09-25T13:58:00.336+0000] {logging_mixin.py:190} INFO - [2024-09-25T13:58:00.336+0000] {dagbag.py:588} INFO - Filling up the DagBag from /home/airflow/.local/lib/python3.12/site-packages/airflow/example_dags/example_python_operator.py
[2024-09-25T13:58:00.346+0000] {processor.py:925} INFO - DAG(s) 'example_python_operator' retrieved from /home/airflow/.local/lib/python3.12/site-packages/airflow/example_dags/example_python_operator.py
[2024-09-25T13:58:00.365+0000] {logging_mixin.py:190} INFO - [2024-09-25T13:58:00.365+0000] {dag.py:3239} INFO - Sync 1 DAGs
[2024-09-25T13:58:00.378+0000] {logging_mixin.py:190} INFO - [2024-09-25T13:58:00.378+0000] {dag.py:4180} INFO - Setting next_dagrun for example_python_operator to None, run_after=None
[2024-09-25T13:58:00.394+0000] {processor.py:208} INFO - Processing /home/airflow/.local/lib/python3.12/site-packages/airflow/example_dags/example_python_operator.py took 0.066 seconds
[2024-09-25T13:58:30.841+0000] {processor.py:186} INFO - Started process (PID=3092) to work on /home/airflow/.local/lib/python3.12/site-packages/airflow/example_dags/example_python_operator.py
[2024-09-25T13:58:30.842+0000] {processor.py:914} INFO - Processing file /home/airflow/.local/lib/python3.12/site-packages/airflow/example_dags/example_python_operator.py for tasks to queue
[2024-09-25T13:58:30.844+0000] {logging_mixin.py:190} INFO - [2024-09-25T13:58:30.843+0000] {dagbag.py:588} INFO - Filling up the DagBag from /home/airflow/.local/lib/python3.12/site-packages/airflow/example_dags/example_python_operator.py
[2024-09-25T13:58:30.854+0000] {processor.py:925} INFO - DAG(s) 'example_python_operator' retrieved from /home/airflow/.local/lib/python3.12/site-packages/airflow/example_dags/example_python_operator.py
[2024-09-25T13:58:30.872+0000] {logging_mixin.py:190} INFO - [2024-09-25T13:58:30.872+0000] {dag.py:3239} INFO - Sync 1 DAGs
[2024-09-25T13:58:30.886+0000] {logging_mixin.py:190} INFO - [2024-09-25T13:58:30.886+0000] {dag.py:4180} INFO - Setting next_dagrun for example_python_operator to None, run_after=None
[2024-09-25T13:58:30.902+0000] {processor.py:208} INFO - Processing /home/airflow/.local/lib/python3.12/site-packages/airflow/example_dags/example_python_operator.py took 0.066 seconds
[2024-09-25T13:59:01.086+0000] {processor.py:186} INFO - Started process (PID=3378) to work on /home/airflow/.local/lib/python3.12/site-packages/airflow/example_dags/example_python_operator.py
[2024-09-25T13:59:01.087+0000] {processor.py:914} INFO - Processing file /home/airflow/.local/lib/python3.12/site-packages/airflow/example_dags/example_python_operator.py for tasks to queue
[2024-09-25T13:59:01.088+0000] {logging_mixin.py:190} INFO - [2024-09-25T13:59:01.088+0000] {dagbag.py:588} INFO - Filling up the DagBag from /home/airflow/.local/lib/python3.12/site-packages/airflow/example_dags/example_python_operator.py
[2024-09-25T13:59:01.099+0000] {processor.py:925} INFO - DAG(s) 'example_python_operator' retrieved from /home/airflow/.local/lib/python3.12/site-packages/airflow/example_dags/example_python_operator.py
[2024-09-25T13:59:01.117+0000] {logging_mixin.py:190} INFO - [2024-09-25T13:59:01.117+0000] {dag.py:3239} INFO - Sync 1 DAGs
[2024-09-25T13:59:01.130+0000] {logging_mixin.py:190} INFO - [2024-09-25T13:59:01.130+0000] {dag.py:4180} INFO - Setting next_dagrun for example_python_operator to None, run_after=None
[2024-09-25T13:59:01.146+0000] {processor.py:208} INFO - Processing /home/airflow/.local/lib/python3.12/site-packages/airflow/example_dags/example_python_operator.py took 0.065 seconds
[2024-09-25T13:59:31.351+0000] {processor.py:186} INFO - Started process (PID=3664) to work on /home/airflow/.local/lib/python3.12/site-packages/airflow/example_dags/example_python_operator.py
[2024-09-25T13:59:31.352+0000] {processor.py:914} INFO - Processing file /home/airflow/.local/lib/python3.12/site-packages/airflow/example_dags/example_python_operator.py for tasks to queue
[2024-09-25T13:59:31.354+0000] {logging_mixin.py:190} INFO - [2024-09-25T13:59:31.354+0000] {dagbag.py:588} INFO - Filling up the DagBag from /home/airflow/.local/lib/python3.12/site-packages/airflow/example_dags/example_python_operator.py
[2024-09-25T13:59:31.365+0000] {processor.py:925} INFO - DAG(s) 'example_python_operator' retrieved from /home/airflow/.local/lib/python3.12/site-packages/airflow/example_dags/example_python_operator.py
[2024-09-25T13:59:31.385+0000] {logging_mixin.py:190} INFO - [2024-09-25T13:59:31.384+0000] {dag.py:3239} INFO - Sync 1 DAGs
[2024-09-25T13:59:31.398+0000] {logging_mixin.py:190} INFO - [2024-09-25T13:59:31.397+0000] {dag.py:4180} INFO - Setting next_dagrun for example_python_operator to None, run_after=None
[2024-09-25T13:59:31.413+0000] {processor.py:208} INFO - Processing /home/airflow/.local/lib/python3.12/site-packages/airflow/example_dags/example_python_operator.py took 0.067 seconds
[2024-09-25T14:00:01.682+0000] {processor.py:186} INFO - Started process (PID=3950) to work on /home/airflow/.local/lib/python3.12/site-packages/airflow/example_dags/example_python_operator.py
[2024-09-25T14:00:01.683+0000] {processor.py:914} INFO - Processing file /home/airflow/.local/lib/python3.12/site-packages/airflow/example_dags/example_python_operator.py for tasks to queue
[2024-09-25T14:00:01.685+0000] {logging_mixin.py:190} INFO - [2024-09-25T14:00:01.685+0000] {dagbag.py:588} INFO - Filling up the DagBag from /home/airflow/.local/lib/python3.12/site-packages/airflow/example_dags/example_python_operator.py
[2024-09-25T14:00:01.695+0000] {processor.py:925} INFO - DAG(s) 'example_python_operator' retrieved from /home/airflow/.local/lib/python3.12/site-packages/airflow/example_dags/example_python_operator.py
[2024-09-25T14:00:01.714+0000] {logging_mixin.py:190} INFO - [2024-09-25T14:00:01.714+0000] {dag.py:3239} INFO - Sync 1 DAGs
[2024-09-25T14:00:01.728+0000] {logging_mixin.py:190} INFO - [2024-09-25T14:00:01.728+0000] {dag.py:4180} INFO - Setting next_dagrun for example_python_operator to None, run_after=None
[2024-09-25T14:00:01.743+0000] {processor.py:208} INFO - Processing /home/airflow/.local/lib/python3.12/site-packages/airflow/example_dags/example_python_operator.py took 0.067 seconds
[2024-09-25T14:00:31.930+0000] {processor.py:186} INFO - Started process (PID=4236) to work on /home/airflow/.local/lib/python3.12/site-packages/airflow/example_dags/example_python_operator.py
[2024-09-25T14:00:31.931+0000] {processor.py:914} INFO - Processing file /home/airflow/.local/lib/python3.12/site-packages/airflow/example_dags/example_python_operator.py for tasks to queue
[2024-09-25T14:00:31.933+0000] {logging_mixin.py:190} INFO - [2024-09-25T14:00:31.933+0000] {dagbag.py:588} INFO - Filling up the DagBag from /home/airflow/.local/lib/python3.12/site-packages/airflow/example_dags/example_python_operator.py
[2024-09-25T14:00:31.943+0000] {processor.py:925} INFO - DAG(s) 'example_python_operator' retrieved from /home/airflow/.local/lib/python3.12/site-packages/airflow/example_dags/example_python_operator.py
[2024-09-25T14:00:31.961+0000] {logging_mixin.py:190} INFO - [2024-09-25T14:00:31.961+0000] {dag.py:3239} INFO - Sync 1 DAGs
[2024-09-25T14:00:31.974+0000] {logging_mixin.py:190} INFO - [2024-09-25T14:00:31.974+0000] {dag.py:4180} INFO - Setting next_dagrun for example_python_operator to None, run_after=None
[2024-09-25T14:00:31.990+0000] {processor.py:208} INFO - Processing /home/airflow/.local/lib/python3.12/site-packages/airflow/example_dags/example_python_operator.py took 0.064 seconds
[2024-09-25T14:01:02.198+0000] {processor.py:186} INFO - Started process (PID=4522) to work on /home/airflow/.local/lib/python3.12/site-packages/airflow/example_dags/example_python_operator.py
[2024-09-25T14:01:02.199+0000] {processor.py:914} INFO - Processing file /home/airflow/.local/lib/python3.12/site-packages/airflow/example_dags/example_python_operator.py for tasks to queue
[2024-09-25T14:01:02.201+0000] {logging_mixin.py:190} INFO - [2024-09-25T14:01:02.200+0000] {dagbag.py:588} INFO - Filling up the DagBag from /home/airflow/.local/lib/python3.12/site-packages/airflow/example_dags/example_python_operator.py
[2024-09-25T14:01:02.211+0000] {processor.py:925} INFO - DAG(s) 'example_python_operator' retrieved from /home/airflow/.local/lib/python3.12/site-packages/airflow/example_dags/example_python_operator.py
[2024-09-25T14:01:02.228+0000] {logging_mixin.py:190} INFO - [2024-09-25T14:01:02.228+0000] {dag.py:3239} INFO - Sync 1 DAGs
[2024-09-25T14:01:02.241+0000] {logging_mixin.py:190} INFO - [2024-09-25T14:01:02.241+0000] {dag.py:4180} INFO - Setting next_dagrun for example_python_operator to None, run_after=None
[2024-09-25T14:01:02.256+0000] {processor.py:208} INFO - Processing /home/airflow/.local/lib/python3.12/site-packages/airflow/example_dags/example_python_operator.py took 0.064 seconds
[2024-09-25T14:01:33.274+0000] {processor.py:186} INFO - Started process (PID=4808) to work on /home/airflow/.local/lib/python3.12/site-packages/airflow/example_dags/example_python_operator.py
[2024-09-25T14:01:33.275+0000] {processor.py:914} INFO - Processing file /home/airflow/.local/lib/python3.12/site-packages/airflow/example_dags/example_python_operator.py for tasks to queue
[2024-09-25T14:01:33.277+0000] {logging_mixin.py:190} INFO - [2024-09-25T14:01:33.277+0000] {dagbag.py:588} INFO - Filling up the DagBag from /home/airflow/.local/lib/python3.12/site-packages/airflow/example_dags/example_python_operator.py
[2024-09-25T14:01:33.287+0000] {processor.py:925} INFO - DAG(s) 'example_python_operator' retrieved from /home/airflow/.local/lib/python3.12/site-packages/airflow/example_dags/example_python_operator.py
[2024-09-25T14:01:33.306+0000] {logging_mixin.py:190} INFO - [2024-09-25T14:01:33.306+0000] {dag.py:3239} INFO - Sync 1 DAGs
[2024-09-25T14:01:33.320+0000] {logging_mixin.py:190} INFO - [2024-09-25T14:01:33.320+0000] {dag.py:4180} INFO - Setting next_dagrun for example_python_operator to None, run_after=None
[2024-09-25T14:01:33.335+0000] {processor.py:208} INFO - Processing /home/airflow/.local/lib/python3.12/site-packages/airflow/example_dags/example_python_operator.py took 0.066 seconds
[2024-09-25T14:02:03.368+0000] {processor.py:186} INFO - Started process (PID=5089) to work on /home/airflow/.local/lib/python3.12/site-packages/airflow/example_dags/example_python_operator.py
[2024-09-25T14:02:03.369+0000] {processor.py:914} INFO - Processing file /home/airflow/.local/lib/python3.12/site-packages/airflow/example_dags/example_python_operator.py for tasks to queue
[2024-09-25T14:02:03.370+0000] {logging_mixin.py:190} INFO - [2024-09-25T14:02:03.370+0000] {dagbag.py:588} INFO - Filling up the DagBag from /home/airflow/.local/lib/python3.12/site-packages/airflow/example_dags/example_python_operator.py
[2024-09-25T14:02:03.380+0000] {processor.py:925} INFO - DAG(s) 'example_python_operator' retrieved from /home/airflow/.local/lib/python3.12/site-packages/airflow/example_dags/example_python_operator.py
[2024-09-25T14:02:03.397+0000] {logging_mixin.py:190} INFO - [2024-09-25T14:02:03.397+0000] {dag.py:3239} INFO - Sync 1 DAGs
[2024-09-25T14:02:03.410+0000] {logging_mixin.py:190} INFO - [2024-09-25T14:02:03.410+0000] {dag.py:4180} INFO - Setting next_dagrun for example_python_operator to None, run_after=None
[2024-09-25T14:02:03.427+0000] {processor.py:208} INFO - Processing /home/airflow/.local/lib/python3.12/site-packages/airflow/example_dags/example_python_operator.py took 0.064 seconds
[2024-09-25T14:03:06.221+0000] {processor.py:186} INFO - Started process (PID=183) to work on /home/airflow/.local/lib/python3.12/site-packages/airflow/example_dags/example_python_operator.py
[2024-09-25T14:03:06.222+0000] {processor.py:914} INFO - Processing file /home/airflow/.local/lib/python3.12/site-packages/airflow/example_dags/example_python_operator.py for tasks to queue
[2024-09-25T14:03:06.224+0000] {logging_mixin.py:190} INFO - [2024-09-25T14:03:06.223+0000] {dagbag.py:588} INFO - Filling up the DagBag from /home/airflow/.local/lib/python3.12/site-packages/airflow/example_dags/example_python_operator.py
[2024-09-25T14:03:06.234+0000] {processor.py:925} INFO - DAG(s) 'example_python_operator' retrieved from /home/airflow/.local/lib/python3.12/site-packages/airflow/example_dags/example_python_operator.py
[2024-09-25T14:03:06.338+0000] {logging_mixin.py:190} INFO - [2024-09-25T14:03:06.337+0000] {dag.py:3239} INFO - Sync 1 DAGs
[2024-09-25T14:03:06.350+0000] {logging_mixin.py:190} INFO - [2024-09-25T14:03:06.350+0000] {dag.py:4180} INFO - Setting next_dagrun for example_python_operator to None, run_after=None
[2024-09-25T14:03:06.366+0000] {processor.py:208} INFO - Processing /home/airflow/.local/lib/python3.12/site-packages/airflow/example_dags/example_python_operator.py took 0.150 seconds
[2024-09-25T14:03:36.756+0000] {processor.py:186} INFO - Started process (PID=493) to work on /home/airflow/.local/lib/python3.12/site-packages/airflow/example_dags/example_python_operator.py
[2024-09-25T14:03:36.757+0000] {processor.py:914} INFO - Processing file /home/airflow/.local/lib/python3.12/site-packages/airflow/example_dags/example_python_operator.py for tasks to queue
[2024-09-25T14:03:36.758+0000] {logging_mixin.py:190} INFO - [2024-09-25T14:03:36.758+0000] {dagbag.py:588} INFO - Filling up the DagBag from /home/airflow/.local/lib/python3.12/site-packages/airflow/example_dags/example_python_operator.py
[2024-09-25T14:03:36.768+0000] {processor.py:925} INFO - DAG(s) 'example_python_operator' retrieved from /home/airflow/.local/lib/python3.12/site-packages/airflow/example_dags/example_python_operator.py
[2024-09-25T14:03:36.787+0000] {logging_mixin.py:190} INFO - [2024-09-25T14:03:36.787+0000] {dag.py:3239} INFO - Sync 1 DAGs
[2024-09-25T14:03:36.800+0000] {logging_mixin.py:190} INFO - [2024-09-25T14:03:36.800+0000] {dag.py:4180} INFO - Setting next_dagrun for example_python_operator to None, run_after=None
[2024-09-25T14:03:36.817+0000] {processor.py:208} INFO - Processing /home/airflow/.local/lib/python3.12/site-packages/airflow/example_dags/example_python_operator.py took 0.065 seconds
