[2024-09-25T13:53:27.212+0000] {processor.py:186} INFO - Started process (PID=211) to work on /home/airflow/.local/lib/python3.12/site-packages/airflow/example_dags/example_sensors.py
[2024-09-25T13:53:27.213+0000] {processor.py:914} INFO - Processing file /home/airflow/.local/lib/python3.12/site-packages/airflow/example_dags/example_sensors.py for tasks to queue
[2024-09-25T13:53:27.215+0000] {logging_mixin.py:190} INFO - [2024-09-25T13:53:27.215+0000] {dagbag.py:588} INFO - Filling up the DagBag from /home/airflow/.local/lib/python3.12/site-packages/airflow/example_dags/example_sensors.py
[2024-09-25T13:53:27.229+0000] {processor.py:925} INFO - DAG(s) 'example_sensors' retrieved from /home/airflow/.local/lib/python3.12/site-packages/airflow/example_dags/example_sensors.py
[2024-09-25T13:53:27.256+0000] {logging_mixin.py:190} INFO - [2024-09-25T13:53:27.255+0000] {dag.py:3239} INFO - Sync 1 DAGs
[2024-09-25T13:53:27.270+0000] {logging_mixin.py:190} INFO - [2024-09-25T13:53:27.269+0000] {dag.py:4180} INFO - Setting next_dagrun for example_sensors to None, run_after=None
[2024-09-25T13:53:27.289+0000] {processor.py:208} INFO - Processing /home/airflow/.local/lib/python3.12/site-packages/airflow/example_dags/example_sensors.py took 0.082 seconds
[2024-09-25T13:53:57.844+0000] {processor.py:186} INFO - Started process (PID=510) to work on /home/airflow/.local/lib/python3.12/site-packages/airflow/example_dags/example_sensors.py
[2024-09-25T13:53:57.845+0000] {processor.py:914} INFO - Processing file /home/airflow/.local/lib/python3.12/site-packages/airflow/example_dags/example_sensors.py for tasks to queue
[2024-09-25T13:53:57.847+0000] {logging_mixin.py:190} INFO - [2024-09-25T13:53:57.846+0000] {dagbag.py:588} INFO - Filling up the DagBag from /home/airflow/.local/lib/python3.12/site-packages/airflow/example_dags/example_sensors.py
[2024-09-25T13:53:57.856+0000] {processor.py:925} INFO - DAG(s) 'example_sensors' retrieved from /home/airflow/.local/lib/python3.12/site-packages/airflow/example_dags/example_sensors.py
[2024-09-25T13:53:57.878+0000] {logging_mixin.py:190} INFO - [2024-09-25T13:53:57.877+0000] {dag.py:3239} INFO - Sync 1 DAGs
[2024-09-25T13:53:57.890+0000] {logging_mixin.py:190} INFO - [2024-09-25T13:53:57.890+0000] {dag.py:4180} INFO - Setting next_dagrun for example_sensors to None, run_after=None
[2024-09-25T13:53:57.906+0000] {processor.py:208} INFO - Processing /home/airflow/.local/lib/python3.12/site-packages/airflow/example_dags/example_sensors.py took 0.068 seconds
[2024-09-25T13:54:28.062+0000] {processor.py:186} INFO - Started process (PID=796) to work on /home/airflow/.local/lib/python3.12/site-packages/airflow/example_dags/example_sensors.py
[2024-09-25T13:54:28.063+0000] {processor.py:914} INFO - Processing file /home/airflow/.local/lib/python3.12/site-packages/airflow/example_dags/example_sensors.py for tasks to queue
[2024-09-25T13:54:28.064+0000] {logging_mixin.py:190} INFO - [2024-09-25T13:54:28.064+0000] {dagbag.py:588} INFO - Filling up the DagBag from /home/airflow/.local/lib/python3.12/site-packages/airflow/example_dags/example_sensors.py
[2024-09-25T13:54:28.073+0000] {processor.py:925} INFO - DAG(s) 'example_sensors' retrieved from /home/airflow/.local/lib/python3.12/site-packages/airflow/example_dags/example_sensors.py
[2024-09-25T13:54:28.096+0000] {logging_mixin.py:190} INFO - [2024-09-25T13:54:28.096+0000] {dag.py:3239} INFO - Sync 1 DAGs
[2024-09-25T13:54:28.109+0000] {logging_mixin.py:190} INFO - [2024-09-25T13:54:28.109+0000] {dag.py:4180} INFO - Setting next_dagrun for example_sensors to None, run_after=None
[2024-09-25T13:54:28.124+0000] {processor.py:208} INFO - Processing /home/airflow/.local/lib/python3.12/site-packages/airflow/example_dags/example_sensors.py took 0.067 seconds
[2024-09-25T13:54:58.642+0000] {processor.py:186} INFO - Started process (PID=1082) to work on /home/airflow/.local/lib/python3.12/site-packages/airflow/example_dags/example_sensors.py
[2024-09-25T13:54:58.643+0000] {processor.py:914} INFO - Processing file /home/airflow/.local/lib/python3.12/site-packages/airflow/example_dags/example_sensors.py for tasks to queue
[2024-09-25T13:54:58.646+0000] {logging_mixin.py:190} INFO - [2024-09-25T13:54:58.645+0000] {dagbag.py:588} INFO - Filling up the DagBag from /home/airflow/.local/lib/python3.12/site-packages/airflow/example_dags/example_sensors.py
[2024-09-25T13:54:58.656+0000] {processor.py:925} INFO - DAG(s) 'example_sensors' retrieved from /home/airflow/.local/lib/python3.12/site-packages/airflow/example_dags/example_sensors.py
[2024-09-25T13:54:58.679+0000] {logging_mixin.py:190} INFO - [2024-09-25T13:54:58.679+0000] {dag.py:3239} INFO - Sync 1 DAGs
[2024-09-25T13:54:58.693+0000] {logging_mixin.py:190} INFO - [2024-09-25T13:54:58.693+0000] {dag.py:4180} INFO - Setting next_dagrun for example_sensors to None, run_after=None
[2024-09-25T13:54:58.709+0000] {processor.py:208} INFO - Processing /home/airflow/.local/lib/python3.12/site-packages/airflow/example_dags/example_sensors.py took 0.073 seconds
[2024-09-25T13:55:29.111+0000] {processor.py:186} INFO - Started process (PID=1368) to work on /home/airflow/.local/lib/python3.12/site-packages/airflow/example_dags/example_sensors.py
[2024-09-25T13:55:29.111+0000] {processor.py:914} INFO - Processing file /home/airflow/.local/lib/python3.12/site-packages/airflow/example_dags/example_sensors.py for tasks to queue
[2024-09-25T13:55:29.113+0000] {logging_mixin.py:190} INFO - [2024-09-25T13:55:29.113+0000] {dagbag.py:588} INFO - Filling up the DagBag from /home/airflow/.local/lib/python3.12/site-packages/airflow/example_dags/example_sensors.py
[2024-09-25T13:55:29.123+0000] {processor.py:925} INFO - DAG(s) 'example_sensors' retrieved from /home/airflow/.local/lib/python3.12/site-packages/airflow/example_dags/example_sensors.py
[2024-09-25T13:55:29.145+0000] {logging_mixin.py:190} INFO - [2024-09-25T13:55:29.144+0000] {dag.py:3239} INFO - Sync 1 DAGs
[2024-09-25T13:55:29.158+0000] {logging_mixin.py:190} INFO - [2024-09-25T13:55:29.158+0000] {dag.py:4180} INFO - Setting next_dagrun for example_sensors to None, run_after=None
[2024-09-25T13:55:29.175+0000] {processor.py:208} INFO - Processing /home/airflow/.local/lib/python3.12/site-packages/airflow/example_dags/example_sensors.py took 0.069 seconds
[2024-09-25T13:55:59.399+0000] {processor.py:186} INFO - Started process (PID=1662) to work on /home/airflow/.local/lib/python3.12/site-packages/airflow/example_dags/example_sensors.py
[2024-09-25T13:55:59.400+0000] {processor.py:914} INFO - Processing file /home/airflow/.local/lib/python3.12/site-packages/airflow/example_dags/example_sensors.py for tasks to queue
[2024-09-25T13:55:59.402+0000] {logging_mixin.py:190} INFO - [2024-09-25T13:55:59.402+0000] {dagbag.py:588} INFO - Filling up the DagBag from /home/airflow/.local/lib/python3.12/site-packages/airflow/example_dags/example_sensors.py
[2024-09-25T13:55:59.412+0000] {processor.py:925} INFO - DAG(s) 'example_sensors' retrieved from /home/airflow/.local/lib/python3.12/site-packages/airflow/example_dags/example_sensors.py
[2024-09-25T13:55:59.435+0000] {logging_mixin.py:190} INFO - [2024-09-25T13:55:59.434+0000] {dag.py:3239} INFO - Sync 1 DAGs
[2024-09-25T13:55:59.447+0000] {logging_mixin.py:190} INFO - [2024-09-25T13:55:59.447+0000] {dag.py:4180} INFO - Setting next_dagrun for example_sensors to None, run_after=None
[2024-09-25T13:55:59.463+0000] {processor.py:208} INFO - Processing /home/airflow/.local/lib/python3.12/site-packages/airflow/example_dags/example_sensors.py took 0.070 seconds
[2024-09-25T13:56:29.715+0000] {processor.py:186} INFO - Started process (PID=1948) to work on /home/airflow/.local/lib/python3.12/site-packages/airflow/example_dags/example_sensors.py
[2024-09-25T13:56:29.716+0000] {processor.py:914} INFO - Processing file /home/airflow/.local/lib/python3.12/site-packages/airflow/example_dags/example_sensors.py for tasks to queue
[2024-09-25T13:56:29.718+0000] {logging_mixin.py:190} INFO - [2024-09-25T13:56:29.718+0000] {dagbag.py:588} INFO - Filling up the DagBag from /home/airflow/.local/lib/python3.12/site-packages/airflow/example_dags/example_sensors.py
[2024-09-25T13:56:29.727+0000] {processor.py:925} INFO - DAG(s) 'example_sensors' retrieved from /home/airflow/.local/lib/python3.12/site-packages/airflow/example_dags/example_sensors.py
[2024-09-25T13:56:29.749+0000] {logging_mixin.py:190} INFO - [2024-09-25T13:56:29.749+0000] {dag.py:3239} INFO - Sync 1 DAGs
[2024-09-25T13:56:29.762+0000] {logging_mixin.py:190} INFO - [2024-09-25T13:56:29.762+0000] {dag.py:4180} INFO - Setting next_dagrun for example_sensors to None, run_after=None
[2024-09-25T13:56:29.778+0000] {processor.py:208} INFO - Processing /home/airflow/.local/lib/python3.12/site-packages/airflow/example_dags/example_sensors.py took 0.067 seconds
[2024-09-25T13:57:00.098+0000] {processor.py:186} INFO - Started process (PID=2234) to work on /home/airflow/.local/lib/python3.12/site-packages/airflow/example_dags/example_sensors.py
[2024-09-25T13:57:00.099+0000] {processor.py:914} INFO - Processing file /home/airflow/.local/lib/python3.12/site-packages/airflow/example_dags/example_sensors.py for tasks to queue
[2024-09-25T13:57:00.101+0000] {logging_mixin.py:190} INFO - [2024-09-25T13:57:00.101+0000] {dagbag.py:588} INFO - Filling up the DagBag from /home/airflow/.local/lib/python3.12/site-packages/airflow/example_dags/example_sensors.py
[2024-09-25T13:57:00.110+0000] {processor.py:925} INFO - DAG(s) 'example_sensors' retrieved from /home/airflow/.local/lib/python3.12/site-packages/airflow/example_dags/example_sensors.py
[2024-09-25T13:57:00.132+0000] {logging_mixin.py:190} INFO - [2024-09-25T13:57:00.131+0000] {dag.py:3239} INFO - Sync 1 DAGs
[2024-09-25T13:57:00.144+0000] {logging_mixin.py:190} INFO - [2024-09-25T13:57:00.144+0000] {dag.py:4180} INFO - Setting next_dagrun for example_sensors to None, run_after=None
[2024-09-25T13:57:00.158+0000] {processor.py:208} INFO - Processing /home/airflow/.local/lib/python3.12/site-packages/airflow/example_dags/example_sensors.py took 0.065 seconds
[2024-09-25T13:57:30.353+0000] {processor.py:186} INFO - Started process (PID=2521) to work on /home/airflow/.local/lib/python3.12/site-packages/airflow/example_dags/example_sensors.py
[2024-09-25T13:57:30.354+0000] {processor.py:914} INFO - Processing file /home/airflow/.local/lib/python3.12/site-packages/airflow/example_dags/example_sensors.py for tasks to queue
[2024-09-25T13:57:30.356+0000] {logging_mixin.py:190} INFO - [2024-09-25T13:57:30.356+0000] {dagbag.py:588} INFO - Filling up the DagBag from /home/airflow/.local/lib/python3.12/site-packages/airflow/example_dags/example_sensors.py
[2024-09-25T13:57:30.366+0000] {processor.py:925} INFO - DAG(s) 'example_sensors' retrieved from /home/airflow/.local/lib/python3.12/site-packages/airflow/example_dags/example_sensors.py
[2024-09-25T13:57:30.387+0000] {logging_mixin.py:190} INFO - [2024-09-25T13:57:30.387+0000] {dag.py:3239} INFO - Sync 1 DAGs
[2024-09-25T13:57:30.400+0000] {logging_mixin.py:190} INFO - [2024-09-25T13:57:30.399+0000] {dag.py:4180} INFO - Setting next_dagrun for example_sensors to None, run_after=None
[2024-09-25T13:57:30.416+0000] {processor.py:208} INFO - Processing /home/airflow/.local/lib/python3.12/site-packages/airflow/example_dags/example_sensors.py took 0.068 seconds
[2024-09-25T13:58:00.537+0000] {processor.py:186} INFO - Started process (PID=2807) to work on /home/airflow/.local/lib/python3.12/site-packages/airflow/example_dags/example_sensors.py
[2024-09-25T13:58:00.538+0000] {processor.py:914} INFO - Processing file /home/airflow/.local/lib/python3.12/site-packages/airflow/example_dags/example_sensors.py for tasks to queue
[2024-09-25T13:58:00.539+0000] {logging_mixin.py:190} INFO - [2024-09-25T13:58:00.539+0000] {dagbag.py:588} INFO - Filling up the DagBag from /home/airflow/.local/lib/python3.12/site-packages/airflow/example_dags/example_sensors.py
[2024-09-25T13:58:00.548+0000] {processor.py:925} INFO - DAG(s) 'example_sensors' retrieved from /home/airflow/.local/lib/python3.12/site-packages/airflow/example_dags/example_sensors.py
[2024-09-25T13:58:00.570+0000] {logging_mixin.py:190} INFO - [2024-09-25T13:58:00.570+0000] {dag.py:3239} INFO - Sync 1 DAGs
[2024-09-25T13:58:00.584+0000] {logging_mixin.py:190} INFO - [2024-09-25T13:58:00.584+0000] {dag.py:4180} INFO - Setting next_dagrun for example_sensors to None, run_after=None
[2024-09-25T13:58:00.600+0000] {processor.py:208} INFO - Processing /home/airflow/.local/lib/python3.12/site-packages/airflow/example_dags/example_sensors.py took 0.068 seconds
[2024-09-25T13:58:31.015+0000] {processor.py:186} INFO - Started process (PID=3107) to work on /home/airflow/.local/lib/python3.12/site-packages/airflow/example_dags/example_sensors.py
[2024-09-25T13:58:31.016+0000] {processor.py:914} INFO - Processing file /home/airflow/.local/lib/python3.12/site-packages/airflow/example_dags/example_sensors.py for tasks to queue
[2024-09-25T13:58:31.018+0000] {logging_mixin.py:190} INFO - [2024-09-25T13:58:31.017+0000] {dagbag.py:588} INFO - Filling up the DagBag from /home/airflow/.local/lib/python3.12/site-packages/airflow/example_dags/example_sensors.py
[2024-09-25T13:58:31.028+0000] {processor.py:925} INFO - DAG(s) 'example_sensors' retrieved from /home/airflow/.local/lib/python3.12/site-packages/airflow/example_dags/example_sensors.py
[2024-09-25T13:58:31.049+0000] {logging_mixin.py:190} INFO - [2024-09-25T13:58:31.049+0000] {dag.py:3239} INFO - Sync 1 DAGs
[2024-09-25T13:58:31.062+0000] {logging_mixin.py:190} INFO - [2024-09-25T13:58:31.061+0000] {dag.py:4180} INFO - Setting next_dagrun for example_sensors to None, run_after=None
[2024-09-25T13:58:31.078+0000] {processor.py:208} INFO - Processing /home/airflow/.local/lib/python3.12/site-packages/airflow/example_dags/example_sensors.py took 0.068 seconds
[2024-09-25T13:59:01.260+0000] {processor.py:186} INFO - Started process (PID=3393) to work on /home/airflow/.local/lib/python3.12/site-packages/airflow/example_dags/example_sensors.py
[2024-09-25T13:59:01.260+0000] {processor.py:914} INFO - Processing file /home/airflow/.local/lib/python3.12/site-packages/airflow/example_dags/example_sensors.py for tasks to queue
[2024-09-25T13:59:01.262+0000] {logging_mixin.py:190} INFO - [2024-09-25T13:59:01.262+0000] {dagbag.py:588} INFO - Filling up the DagBag from /home/airflow/.local/lib/python3.12/site-packages/airflow/example_dags/example_sensors.py
[2024-09-25T13:59:01.272+0000] {processor.py:925} INFO - DAG(s) 'example_sensors' retrieved from /home/airflow/.local/lib/python3.12/site-packages/airflow/example_dags/example_sensors.py
[2024-09-25T13:59:01.293+0000] {logging_mixin.py:190} INFO - [2024-09-25T13:59:01.293+0000] {dag.py:3239} INFO - Sync 1 DAGs
[2024-09-25T13:59:01.306+0000] {logging_mixin.py:190} INFO - [2024-09-25T13:59:01.306+0000] {dag.py:4180} INFO - Setting next_dagrun for example_sensors to None, run_after=None
[2024-09-25T13:59:01.321+0000] {processor.py:208} INFO - Processing /home/airflow/.local/lib/python3.12/site-packages/airflow/example_dags/example_sensors.py took 0.067 seconds
[2024-09-25T13:59:31.527+0000] {processor.py:186} INFO - Started process (PID=3679) to work on /home/airflow/.local/lib/python3.12/site-packages/airflow/example_dags/example_sensors.py
[2024-09-25T13:59:31.528+0000] {processor.py:914} INFO - Processing file /home/airflow/.local/lib/python3.12/site-packages/airflow/example_dags/example_sensors.py for tasks to queue
[2024-09-25T13:59:31.530+0000] {logging_mixin.py:190} INFO - [2024-09-25T13:59:31.530+0000] {dagbag.py:588} INFO - Filling up the DagBag from /home/airflow/.local/lib/python3.12/site-packages/airflow/example_dags/example_sensors.py
[2024-09-25T13:59:31.540+0000] {processor.py:925} INFO - DAG(s) 'example_sensors' retrieved from /home/airflow/.local/lib/python3.12/site-packages/airflow/example_dags/example_sensors.py
[2024-09-25T13:59:31.562+0000] {logging_mixin.py:190} INFO - [2024-09-25T13:59:31.562+0000] {dag.py:3239} INFO - Sync 1 DAGs
[2024-09-25T13:59:31.575+0000] {logging_mixin.py:190} INFO - [2024-09-25T13:59:31.575+0000] {dag.py:4180} INFO - Setting next_dagrun for example_sensors to None, run_after=None
[2024-09-25T13:59:31.591+0000] {processor.py:208} INFO - Processing /home/airflow/.local/lib/python3.12/site-packages/airflow/example_dags/example_sensors.py took 0.069 seconds
[2024-09-25T14:00:01.858+0000] {processor.py:186} INFO - Started process (PID=3965) to work on /home/airflow/.local/lib/python3.12/site-packages/airflow/example_dags/example_sensors.py
[2024-09-25T14:00:01.859+0000] {processor.py:914} INFO - Processing file /home/airflow/.local/lib/python3.12/site-packages/airflow/example_dags/example_sensors.py for tasks to queue
[2024-09-25T14:00:01.861+0000] {logging_mixin.py:190} INFO - [2024-09-25T14:00:01.861+0000] {dagbag.py:588} INFO - Filling up the DagBag from /home/airflow/.local/lib/python3.12/site-packages/airflow/example_dags/example_sensors.py
[2024-09-25T14:00:01.871+0000] {processor.py:925} INFO - DAG(s) 'example_sensors' retrieved from /home/airflow/.local/lib/python3.12/site-packages/airflow/example_dags/example_sensors.py
[2024-09-25T14:00:01.893+0000] {logging_mixin.py:190} INFO - [2024-09-25T14:00:01.893+0000] {dag.py:3239} INFO - Sync 1 DAGs
[2024-09-25T14:00:01.907+0000] {logging_mixin.py:190} INFO - [2024-09-25T14:00:01.906+0000] {dag.py:4180} INFO - Setting next_dagrun for example_sensors to None, run_after=None
[2024-09-25T14:00:01.922+0000] {processor.py:208} INFO - Processing /home/airflow/.local/lib/python3.12/site-packages/airflow/example_dags/example_sensors.py took 0.068 seconds
[2024-09-25T14:00:32.105+0000] {processor.py:186} INFO - Started process (PID=4252) to work on /home/airflow/.local/lib/python3.12/site-packages/airflow/example_dags/example_sensors.py
[2024-09-25T14:00:32.106+0000] {processor.py:914} INFO - Processing file /home/airflow/.local/lib/python3.12/site-packages/airflow/example_dags/example_sensors.py for tasks to queue
[2024-09-25T14:00:32.108+0000] {logging_mixin.py:190} INFO - [2024-09-25T14:00:32.108+0000] {dagbag.py:588} INFO - Filling up the DagBag from /home/airflow/.local/lib/python3.12/site-packages/airflow/example_dags/example_sensors.py
[2024-09-25T14:00:32.117+0000] {processor.py:925} INFO - DAG(s) 'example_sensors' retrieved from /home/airflow/.local/lib/python3.12/site-packages/airflow/example_dags/example_sensors.py
[2024-09-25T14:00:32.139+0000] {logging_mixin.py:190} INFO - [2024-09-25T14:00:32.138+0000] {dag.py:3239} INFO - Sync 1 DAGs
[2024-09-25T14:00:32.151+0000] {logging_mixin.py:190} INFO - [2024-09-25T14:00:32.151+0000] {dag.py:4180} INFO - Setting next_dagrun for example_sensors to None, run_after=None
[2024-09-25T14:00:32.167+0000] {processor.py:208} INFO - Processing /home/airflow/.local/lib/python3.12/site-packages/airflow/example_dags/example_sensors.py took 0.067 seconds
[2024-09-25T14:01:02.373+0000] {processor.py:186} INFO - Started process (PID=4537) to work on /home/airflow/.local/lib/python3.12/site-packages/airflow/example_dags/example_sensors.py
[2024-09-25T14:01:02.373+0000] {processor.py:914} INFO - Processing file /home/airflow/.local/lib/python3.12/site-packages/airflow/example_dags/example_sensors.py for tasks to queue
[2024-09-25T14:01:02.375+0000] {logging_mixin.py:190} INFO - [2024-09-25T14:01:02.375+0000] {dagbag.py:588} INFO - Filling up the DagBag from /home/airflow/.local/lib/python3.12/site-packages/airflow/example_dags/example_sensors.py
[2024-09-25T14:01:02.385+0000] {processor.py:925} INFO - DAG(s) 'example_sensors' retrieved from /home/airflow/.local/lib/python3.12/site-packages/airflow/example_dags/example_sensors.py
[2024-09-25T14:01:02.406+0000] {logging_mixin.py:190} INFO - [2024-09-25T14:01:02.405+0000] {dag.py:3239} INFO - Sync 1 DAGs
[2024-09-25T14:01:02.418+0000] {logging_mixin.py:190} INFO - [2024-09-25T14:01:02.418+0000] {dag.py:4180} INFO - Setting next_dagrun for example_sensors to None, run_after=None
[2024-09-25T14:01:02.433+0000] {processor.py:208} INFO - Processing /home/airflow/.local/lib/python3.12/site-packages/airflow/example_dags/example_sensors.py took 0.066 seconds
[2024-09-25T14:01:33.452+0000] {processor.py:186} INFO - Started process (PID=4823) to work on /home/airflow/.local/lib/python3.12/site-packages/airflow/example_dags/example_sensors.py
[2024-09-25T14:01:33.453+0000] {processor.py:914} INFO - Processing file /home/airflow/.local/lib/python3.12/site-packages/airflow/example_dags/example_sensors.py for tasks to queue
[2024-09-25T14:01:33.454+0000] {logging_mixin.py:190} INFO - [2024-09-25T14:01:33.454+0000] {dagbag.py:588} INFO - Filling up the DagBag from /home/airflow/.local/lib/python3.12/site-packages/airflow/example_dags/example_sensors.py
[2024-09-25T14:01:33.465+0000] {processor.py:925} INFO - DAG(s) 'example_sensors' retrieved from /home/airflow/.local/lib/python3.12/site-packages/airflow/example_dags/example_sensors.py
[2024-09-25T14:01:33.486+0000] {logging_mixin.py:190} INFO - [2024-09-25T14:01:33.486+0000] {dag.py:3239} INFO - Sync 1 DAGs
[2024-09-25T14:01:33.499+0000] {logging_mixin.py:190} INFO - [2024-09-25T14:01:33.498+0000] {dag.py:4180} INFO - Setting next_dagrun for example_sensors to None, run_after=None
[2024-09-25T14:01:33.514+0000] {processor.py:208} INFO - Processing /home/airflow/.local/lib/python3.12/site-packages/airflow/example_dags/example_sensors.py took 0.067 seconds
[2024-09-25T14:02:03.657+0000] {processor.py:186} INFO - Started process (PID=5111) to work on /home/airflow/.local/lib/python3.12/site-packages/airflow/example_dags/example_sensors.py
[2024-09-25T14:02:03.658+0000] {processor.py:914} INFO - Processing file /home/airflow/.local/lib/python3.12/site-packages/airflow/example_dags/example_sensors.py for tasks to queue
[2024-09-25T14:02:03.659+0000] {logging_mixin.py:190} INFO - [2024-09-25T14:02:03.659+0000] {dagbag.py:588} INFO - Filling up the DagBag from /home/airflow/.local/lib/python3.12/site-packages/airflow/example_dags/example_sensors.py
[2024-09-25T14:02:03.669+0000] {processor.py:925} INFO - DAG(s) 'example_sensors' retrieved from /home/airflow/.local/lib/python3.12/site-packages/airflow/example_dags/example_sensors.py
[2024-09-25T14:02:03.691+0000] {logging_mixin.py:190} INFO - [2024-09-25T14:02:03.691+0000] {dag.py:3239} INFO - Sync 1 DAGs
[2024-09-25T14:02:03.704+0000] {logging_mixin.py:190} INFO - [2024-09-25T14:02:03.703+0000] {dag.py:4180} INFO - Setting next_dagrun for example_sensors to None, run_after=None
[2024-09-25T14:02:03.718+0000] {processor.py:208} INFO - Processing /home/airflow/.local/lib/python3.12/site-packages/airflow/example_dags/example_sensors.py took 0.066 seconds
[2024-09-25T14:03:06.421+0000] {processor.py:186} INFO - Started process (PID=198) to work on /home/airflow/.local/lib/python3.12/site-packages/airflow/example_dags/example_sensors.py
[2024-09-25T14:03:06.422+0000] {processor.py:914} INFO - Processing file /home/airflow/.local/lib/python3.12/site-packages/airflow/example_dags/example_sensors.py for tasks to queue
[2024-09-25T14:03:06.424+0000] {logging_mixin.py:190} INFO - [2024-09-25T14:03:06.424+0000] {dagbag.py:588} INFO - Filling up the DagBag from /home/airflow/.local/lib/python3.12/site-packages/airflow/example_dags/example_sensors.py
[2024-09-25T14:03:06.434+0000] {processor.py:925} INFO - DAG(s) 'example_sensors' retrieved from /home/airflow/.local/lib/python3.12/site-packages/airflow/example_dags/example_sensors.py
[2024-09-25T14:03:06.461+0000] {logging_mixin.py:190} INFO - [2024-09-25T14:03:06.461+0000] {dag.py:3239} INFO - Sync 1 DAGs
[2024-09-25T14:03:06.474+0000] {logging_mixin.py:190} INFO - [2024-09-25T14:03:06.474+0000] {dag.py:4180} INFO - Setting next_dagrun for example_sensors to None, run_after=None
[2024-09-25T14:03:06.490+0000] {processor.py:208} INFO - Processing /home/airflow/.local/lib/python3.12/site-packages/airflow/example_dags/example_sensors.py took 0.073 seconds
[2024-09-25T14:03:36.928+0000] {processor.py:186} INFO - Started process (PID=508) to work on /home/airflow/.local/lib/python3.12/site-packages/airflow/example_dags/example_sensors.py
[2024-09-25T14:03:36.929+0000] {processor.py:914} INFO - Processing file /home/airflow/.local/lib/python3.12/site-packages/airflow/example_dags/example_sensors.py for tasks to queue
[2024-09-25T14:03:36.931+0000] {logging_mixin.py:190} INFO - [2024-09-25T14:03:36.930+0000] {dagbag.py:588} INFO - Filling up the DagBag from /home/airflow/.local/lib/python3.12/site-packages/airflow/example_dags/example_sensors.py
[2024-09-25T14:03:36.941+0000] {processor.py:925} INFO - DAG(s) 'example_sensors' retrieved from /home/airflow/.local/lib/python3.12/site-packages/airflow/example_dags/example_sensors.py
[2024-09-25T14:03:36.961+0000] {logging_mixin.py:190} INFO - [2024-09-25T14:03:36.961+0000] {dag.py:3239} INFO - Sync 1 DAGs
[2024-09-25T14:03:36.974+0000] {logging_mixin.py:190} INFO - [2024-09-25T14:03:36.974+0000] {dag.py:4180} INFO - Setting next_dagrun for example_sensors to None, run_after=None
[2024-09-25T14:03:36.989+0000] {processor.py:208} INFO - Processing /home/airflow/.local/lib/python3.12/site-packages/airflow/example_dags/example_sensors.py took 0.066 seconds
