[2024-09-25T13:53:27.336+0000] {processor.py:186} INFO - Started process (PID=221) to work on /home/airflow/.local/lib/python3.12/site-packages/airflow/example_dags/example_sla_dag.py
[2024-09-25T13:53:27.337+0000] {processor.py:914} INFO - Processing file /home/airflow/.local/lib/python3.12/site-packages/airflow/example_dags/example_sla_dag.py for tasks to queue
[2024-09-25T13:53:27.339+0000] {logging_mixin.py:190} INFO - [2024-09-25T13:53:27.339+0000] {dagbag.py:588} INFO - Filling up the DagBag from /home/airflow/.local/lib/python3.12/site-packages/airflow/example_dags/example_sla_dag.py
[2024-09-25T13:53:27.350+0000] {processor.py:925} INFO - DAG(s) 'example_sla_dag' retrieved from /home/airflow/.local/lib/python3.12/site-packages/airflow/example_dags/example_sla_dag.py
[2024-09-25T13:53:27.375+0000] {logging_mixin.py:190} INFO - [2024-09-25T13:53:27.374+0000] {dag.py:3239} INFO - Sync 1 DAGs
[2024-09-25T13:53:27.399+0000] {logging_mixin.py:190} INFO - [2024-09-25T13:53:27.399+0000] {dag.py:4180} INFO - Setting next_dagrun for example_sla_dag to 2024-09-25 13:50:00+00:00, run_after=2024-09-25 13:52:00+00:00
[2024-09-25T13:53:27.416+0000] {processor.py:208} INFO - Processing /home/airflow/.local/lib/python3.12/site-packages/airflow/example_dags/example_sla_dag.py took 0.085 seconds
[2024-09-25T13:53:57.936+0000] {processor.py:186} INFO - Started process (PID=522) to work on /home/airflow/.local/lib/python3.12/site-packages/airflow/example_dags/example_sla_dag.py
[2024-09-25T13:53:57.937+0000] {processor.py:914} INFO - Processing file /home/airflow/.local/lib/python3.12/site-packages/airflow/example_dags/example_sla_dag.py for tasks to queue
[2024-09-25T13:53:57.939+0000] {logging_mixin.py:190} INFO - [2024-09-25T13:53:57.939+0000] {dagbag.py:588} INFO - Filling up the DagBag from /home/airflow/.local/lib/python3.12/site-packages/airflow/example_dags/example_sla_dag.py
[2024-09-25T13:53:57.948+0000] {processor.py:925} INFO - DAG(s) 'example_sla_dag' retrieved from /home/airflow/.local/lib/python3.12/site-packages/airflow/example_dags/example_sla_dag.py
[2024-09-25T13:53:57.965+0000] {logging_mixin.py:190} INFO - [2024-09-25T13:53:57.965+0000] {dag.py:3239} INFO - Sync 1 DAGs
[2024-09-25T13:53:57.987+0000] {logging_mixin.py:190} INFO - [2024-09-25T13:53:57.987+0000] {dag.py:4180} INFO - Setting next_dagrun for example_sla_dag to 2024-09-25 13:50:00+00:00, run_after=2024-09-25 13:52:00+00:00
[2024-09-25T13:53:58.001+0000] {processor.py:208} INFO - Processing /home/airflow/.local/lib/python3.12/site-packages/airflow/example_dags/example_sla_dag.py took 0.070 seconds
[2024-09-25T13:54:28.201+0000] {processor.py:186} INFO - Started process (PID=811) to work on /home/airflow/.local/lib/python3.12/site-packages/airflow/example_dags/example_sla_dag.py
[2024-09-25T13:54:28.202+0000] {processor.py:914} INFO - Processing file /home/airflow/.local/lib/python3.12/site-packages/airflow/example_dags/example_sla_dag.py for tasks to queue
[2024-09-25T13:54:28.203+0000] {logging_mixin.py:190} INFO - [2024-09-25T13:54:28.203+0000] {dagbag.py:588} INFO - Filling up the DagBag from /home/airflow/.local/lib/python3.12/site-packages/airflow/example_dags/example_sla_dag.py
[2024-09-25T13:54:28.212+0000] {processor.py:925} INFO - DAG(s) 'example_sla_dag' retrieved from /home/airflow/.local/lib/python3.12/site-packages/airflow/example_dags/example_sla_dag.py
[2024-09-25T13:54:28.228+0000] {logging_mixin.py:190} INFO - [2024-09-25T13:54:28.227+0000] {dag.py:3239} INFO - Sync 1 DAGs
[2024-09-25T13:54:28.250+0000] {logging_mixin.py:190} INFO - [2024-09-25T13:54:28.249+0000] {dag.py:4180} INFO - Setting next_dagrun for example_sla_dag to 2024-09-25 13:52:00+00:00, run_after=2024-09-25 13:54:00+00:00
[2024-09-25T13:54:28.265+0000] {processor.py:208} INFO - Processing /home/airflow/.local/lib/python3.12/site-packages/airflow/example_dags/example_sla_dag.py took 0.069 seconds
[2024-09-25T13:54:58.741+0000] {processor.py:186} INFO - Started process (PID=1094) to work on /home/airflow/.local/lib/python3.12/site-packages/airflow/example_dags/example_sla_dag.py
[2024-09-25T13:54:58.742+0000] {processor.py:914} INFO - Processing file /home/airflow/.local/lib/python3.12/site-packages/airflow/example_dags/example_sla_dag.py for tasks to queue
[2024-09-25T13:54:58.744+0000] {logging_mixin.py:190} INFO - [2024-09-25T13:54:58.744+0000] {dagbag.py:588} INFO - Filling up the DagBag from /home/airflow/.local/lib/python3.12/site-packages/airflow/example_dags/example_sla_dag.py
[2024-09-25T13:54:58.753+0000] {processor.py:925} INFO - DAG(s) 'example_sla_dag' retrieved from /home/airflow/.local/lib/python3.12/site-packages/airflow/example_dags/example_sla_dag.py
[2024-09-25T13:54:58.769+0000] {logging_mixin.py:190} INFO - [2024-09-25T13:54:58.769+0000] {dag.py:3239} INFO - Sync 1 DAGs
[2024-09-25T13:54:58.793+0000] {logging_mixin.py:190} INFO - [2024-09-25T13:54:58.793+0000] {dag.py:4180} INFO - Setting next_dagrun for example_sla_dag to 2024-09-25 13:52:00+00:00, run_after=2024-09-25 13:54:00+00:00
[2024-09-25T13:54:58.810+0000] {processor.py:208} INFO - Processing /home/airflow/.local/lib/python3.12/site-packages/airflow/example_dags/example_sla_dag.py took 0.074 seconds
[2024-09-25T13:55:29.203+0000] {processor.py:186} INFO - Started process (PID=1378) to work on /home/airflow/.local/lib/python3.12/site-packages/airflow/example_dags/example_sla_dag.py
[2024-09-25T13:55:29.204+0000] {processor.py:914} INFO - Processing file /home/airflow/.local/lib/python3.12/site-packages/airflow/example_dags/example_sla_dag.py for tasks to queue
[2024-09-25T13:55:29.206+0000] {logging_mixin.py:190} INFO - [2024-09-25T13:55:29.206+0000] {dagbag.py:588} INFO - Filling up the DagBag from /home/airflow/.local/lib/python3.12/site-packages/airflow/example_dags/example_sla_dag.py
[2024-09-25T13:55:29.214+0000] {processor.py:925} INFO - DAG(s) 'example_sla_dag' retrieved from /home/airflow/.local/lib/python3.12/site-packages/airflow/example_dags/example_sla_dag.py
[2024-09-25T13:55:29.229+0000] {logging_mixin.py:190} INFO - [2024-09-25T13:55:29.229+0000] {dag.py:3239} INFO - Sync 1 DAGs
[2024-09-25T13:55:29.252+0000] {logging_mixin.py:190} INFO - [2024-09-25T13:55:29.252+0000] {dag.py:4180} INFO - Setting next_dagrun for example_sla_dag to 2024-09-25 13:52:00+00:00, run_after=2024-09-25 13:54:00+00:00
[2024-09-25T13:55:29.268+0000] {processor.py:208} INFO - Processing /home/airflow/.local/lib/python3.12/site-packages/airflow/example_dags/example_sla_dag.py took 0.070 seconds
[2024-09-25T13:55:59.492+0000] {processor.py:186} INFO - Started process (PID=1672) to work on /home/airflow/.local/lib/python3.12/site-packages/airflow/example_dags/example_sla_dag.py
[2024-09-25T13:55:59.492+0000] {processor.py:914} INFO - Processing file /home/airflow/.local/lib/python3.12/site-packages/airflow/example_dags/example_sla_dag.py for tasks to queue
[2024-09-25T13:55:59.494+0000] {logging_mixin.py:190} INFO - [2024-09-25T13:55:59.494+0000] {dagbag.py:588} INFO - Filling up the DagBag from /home/airflow/.local/lib/python3.12/site-packages/airflow/example_dags/example_sla_dag.py
[2024-09-25T13:55:59.503+0000] {processor.py:925} INFO - DAG(s) 'example_sla_dag' retrieved from /home/airflow/.local/lib/python3.12/site-packages/airflow/example_dags/example_sla_dag.py
[2024-09-25T13:55:59.518+0000] {logging_mixin.py:190} INFO - [2024-09-25T13:55:59.518+0000] {dag.py:3239} INFO - Sync 1 DAGs
[2024-09-25T13:55:59.540+0000] {logging_mixin.py:190} INFO - [2024-09-25T13:55:59.540+0000] {dag.py:4180} INFO - Setting next_dagrun for example_sla_dag to 2024-09-25 13:52:00+00:00, run_after=2024-09-25 13:54:00+00:00
[2024-09-25T13:55:59.557+0000] {processor.py:208} INFO - Processing /home/airflow/.local/lib/python3.12/site-packages/airflow/example_dags/example_sla_dag.py took 0.071 seconds
[2024-09-25T13:56:29.808+0000] {processor.py:186} INFO - Started process (PID=1960) to work on /home/airflow/.local/lib/python3.12/site-packages/airflow/example_dags/example_sla_dag.py
[2024-09-25T13:56:29.808+0000] {processor.py:914} INFO - Processing file /home/airflow/.local/lib/python3.12/site-packages/airflow/example_dags/example_sla_dag.py for tasks to queue
[2024-09-25T13:56:29.810+0000] {logging_mixin.py:190} INFO - [2024-09-25T13:56:29.810+0000] {dagbag.py:588} INFO - Filling up the DagBag from /home/airflow/.local/lib/python3.12/site-packages/airflow/example_dags/example_sla_dag.py
[2024-09-25T13:56:29.818+0000] {processor.py:925} INFO - DAG(s) 'example_sla_dag' retrieved from /home/airflow/.local/lib/python3.12/site-packages/airflow/example_dags/example_sla_dag.py
[2024-09-25T13:56:29.834+0000] {logging_mixin.py:190} INFO - [2024-09-25T13:56:29.834+0000] {dag.py:3239} INFO - Sync 1 DAGs
[2024-09-25T13:56:29.856+0000] {logging_mixin.py:190} INFO - [2024-09-25T13:56:29.856+0000] {dag.py:4180} INFO - Setting next_dagrun for example_sla_dag to 2024-09-25 13:54:00+00:00, run_after=2024-09-25 13:56:00+00:00
[2024-09-25T13:56:29.871+0000] {processor.py:208} INFO - Processing /home/airflow/.local/lib/python3.12/site-packages/airflow/example_dags/example_sla_dag.py took 0.068 seconds
[2024-09-25T13:57:00.186+0000] {processor.py:186} INFO - Started process (PID=2244) to work on /home/airflow/.local/lib/python3.12/site-packages/airflow/example_dags/example_sla_dag.py
[2024-09-25T13:57:00.186+0000] {processor.py:914} INFO - Processing file /home/airflow/.local/lib/python3.12/site-packages/airflow/example_dags/example_sla_dag.py for tasks to queue
[2024-09-25T13:57:00.188+0000] {logging_mixin.py:190} INFO - [2024-09-25T13:57:00.188+0000] {dagbag.py:588} INFO - Filling up the DagBag from /home/airflow/.local/lib/python3.12/site-packages/airflow/example_dags/example_sla_dag.py
[2024-09-25T13:57:00.197+0000] {processor.py:925} INFO - DAG(s) 'example_sla_dag' retrieved from /home/airflow/.local/lib/python3.12/site-packages/airflow/example_dags/example_sla_dag.py
[2024-09-25T13:57:00.211+0000] {logging_mixin.py:190} INFO - [2024-09-25T13:57:00.211+0000] {dag.py:3239} INFO - Sync 1 DAGs
[2024-09-25T13:57:00.233+0000] {logging_mixin.py:190} INFO - [2024-09-25T13:57:00.233+0000] {dag.py:4180} INFO - Setting next_dagrun for example_sla_dag to 2024-09-25 13:54:00+00:00, run_after=2024-09-25 13:56:00+00:00
[2024-09-25T13:57:00.248+0000] {processor.py:208} INFO - Processing /home/airflow/.local/lib/python3.12/site-packages/airflow/example_dags/example_sla_dag.py took 0.068 seconds
[2024-09-25T13:57:30.443+0000] {processor.py:186} INFO - Started process (PID=2531) to work on /home/airflow/.local/lib/python3.12/site-packages/airflow/example_dags/example_sla_dag.py
[2024-09-25T13:57:30.444+0000] {processor.py:914} INFO - Processing file /home/airflow/.local/lib/python3.12/site-packages/airflow/example_dags/example_sla_dag.py for tasks to queue
[2024-09-25T13:57:30.446+0000] {logging_mixin.py:190} INFO - [2024-09-25T13:57:30.446+0000] {dagbag.py:588} INFO - Filling up the DagBag from /home/airflow/.local/lib/python3.12/site-packages/airflow/example_dags/example_sla_dag.py
[2024-09-25T13:57:30.455+0000] {processor.py:925} INFO - DAG(s) 'example_sla_dag' retrieved from /home/airflow/.local/lib/python3.12/site-packages/airflow/example_dags/example_sla_dag.py
[2024-09-25T13:57:30.470+0000] {logging_mixin.py:190} INFO - [2024-09-25T13:57:30.470+0000] {dag.py:3239} INFO - Sync 1 DAGs
[2024-09-25T13:57:30.493+0000] {logging_mixin.py:190} INFO - [2024-09-25T13:57:30.493+0000] {dag.py:4180} INFO - Setting next_dagrun for example_sla_dag to 2024-09-25 13:54:00+00:00, run_after=2024-09-25 13:56:00+00:00
[2024-09-25T13:57:30.507+0000] {processor.py:208} INFO - Processing /home/airflow/.local/lib/python3.12/site-packages/airflow/example_dags/example_sla_dag.py took 0.069 seconds
[2024-09-25T13:58:00.627+0000] {processor.py:186} INFO - Started process (PID=2817) to work on /home/airflow/.local/lib/python3.12/site-packages/airflow/example_dags/example_sla_dag.py
[2024-09-25T13:58:00.628+0000] {processor.py:914} INFO - Processing file /home/airflow/.local/lib/python3.12/site-packages/airflow/example_dags/example_sla_dag.py for tasks to queue
[2024-09-25T13:58:00.630+0000] {logging_mixin.py:190} INFO - [2024-09-25T13:58:00.630+0000] {dagbag.py:588} INFO - Filling up the DagBag from /home/airflow/.local/lib/python3.12/site-packages/airflow/example_dags/example_sla_dag.py
[2024-09-25T13:58:00.638+0000] {processor.py:925} INFO - DAG(s) 'example_sla_dag' retrieved from /home/airflow/.local/lib/python3.12/site-packages/airflow/example_dags/example_sla_dag.py
[2024-09-25T13:58:00.654+0000] {logging_mixin.py:190} INFO - [2024-09-25T13:58:00.654+0000] {dag.py:3239} INFO - Sync 1 DAGs
[2024-09-25T13:58:00.677+0000] {logging_mixin.py:190} INFO - [2024-09-25T13:58:00.677+0000] {dag.py:4180} INFO - Setting next_dagrun for example_sla_dag to 2024-09-25 13:56:00+00:00, run_after=2024-09-25 13:58:00+00:00
[2024-09-25T13:58:00.692+0000] {processor.py:208} INFO - Processing /home/airflow/.local/lib/python3.12/site-packages/airflow/example_dags/example_sla_dag.py took 0.070 seconds
[2024-09-25T13:58:31.106+0000] {processor.py:186} INFO - Started process (PID=3119) to work on /home/airflow/.local/lib/python3.12/site-packages/airflow/example_dags/example_sla_dag.py
[2024-09-25T13:58:31.107+0000] {processor.py:914} INFO - Processing file /home/airflow/.local/lib/python3.12/site-packages/airflow/example_dags/example_sla_dag.py for tasks to queue
[2024-09-25T13:58:31.109+0000] {logging_mixin.py:190} INFO - [2024-09-25T13:58:31.109+0000] {dagbag.py:588} INFO - Filling up the DagBag from /home/airflow/.local/lib/python3.12/site-packages/airflow/example_dags/example_sla_dag.py
[2024-09-25T13:58:31.117+0000] {processor.py:925} INFO - DAG(s) 'example_sla_dag' retrieved from /home/airflow/.local/lib/python3.12/site-packages/airflow/example_dags/example_sla_dag.py
[2024-09-25T13:58:31.133+0000] {logging_mixin.py:190} INFO - [2024-09-25T13:58:31.133+0000] {dag.py:3239} INFO - Sync 1 DAGs
[2024-09-25T13:58:31.160+0000] {logging_mixin.py:190} INFO - [2024-09-25T13:58:31.159+0000] {dag.py:4180} INFO - Setting next_dagrun for example_sla_dag to 2024-09-25 13:56:00+00:00, run_after=2024-09-25 13:58:00+00:00
[2024-09-25T13:58:31.180+0000] {processor.py:208} INFO - Processing /home/airflow/.local/lib/python3.12/site-packages/airflow/example_dags/example_sla_dag.py took 0.078 seconds
[2024-09-25T13:59:01.349+0000] {processor.py:186} INFO - Started process (PID=3403) to work on /home/airflow/.local/lib/python3.12/site-packages/airflow/example_dags/example_sla_dag.py
[2024-09-25T13:59:01.350+0000] {processor.py:914} INFO - Processing file /home/airflow/.local/lib/python3.12/site-packages/airflow/example_dags/example_sla_dag.py for tasks to queue
[2024-09-25T13:59:01.352+0000] {logging_mixin.py:190} INFO - [2024-09-25T13:59:01.351+0000] {dagbag.py:588} INFO - Filling up the DagBag from /home/airflow/.local/lib/python3.12/site-packages/airflow/example_dags/example_sla_dag.py
[2024-09-25T13:59:01.360+0000] {processor.py:925} INFO - DAG(s) 'example_sla_dag' retrieved from /home/airflow/.local/lib/python3.12/site-packages/airflow/example_dags/example_sla_dag.py
[2024-09-25T13:59:01.375+0000] {logging_mixin.py:190} INFO - [2024-09-25T13:59:01.375+0000] {dag.py:3239} INFO - Sync 1 DAGs
[2024-09-25T13:59:01.398+0000] {logging_mixin.py:190} INFO - [2024-09-25T13:59:01.398+0000] {dag.py:4180} INFO - Setting next_dagrun for example_sla_dag to 2024-09-25 13:56:00+00:00, run_after=2024-09-25 13:58:00+00:00
[2024-09-25T13:59:01.413+0000] {processor.py:208} INFO - Processing /home/airflow/.local/lib/python3.12/site-packages/airflow/example_dags/example_sla_dag.py took 0.069 seconds
[2024-09-25T13:59:31.618+0000] {processor.py:186} INFO - Started process (PID=3689) to work on /home/airflow/.local/lib/python3.12/site-packages/airflow/example_dags/example_sla_dag.py
[2024-09-25T13:59:31.619+0000] {processor.py:914} INFO - Processing file /home/airflow/.local/lib/python3.12/site-packages/airflow/example_dags/example_sla_dag.py for tasks to queue
[2024-09-25T13:59:31.621+0000] {logging_mixin.py:190} INFO - [2024-09-25T13:59:31.620+0000] {dagbag.py:588} INFO - Filling up the DagBag from /home/airflow/.local/lib/python3.12/site-packages/airflow/example_dags/example_sla_dag.py
[2024-09-25T13:59:31.629+0000] {processor.py:925} INFO - DAG(s) 'example_sla_dag' retrieved from /home/airflow/.local/lib/python3.12/site-packages/airflow/example_dags/example_sla_dag.py
[2024-09-25T13:59:31.643+0000] {logging_mixin.py:190} INFO - [2024-09-25T13:59:31.643+0000] {dag.py:3239} INFO - Sync 1 DAGs
[2024-09-25T13:59:31.666+0000] {logging_mixin.py:190} INFO - [2024-09-25T13:59:31.666+0000] {dag.py:4180} INFO - Setting next_dagrun for example_sla_dag to 2024-09-25 13:56:00+00:00, run_after=2024-09-25 13:58:00+00:00
[2024-09-25T13:59:31.681+0000] {processor.py:208} INFO - Processing /home/airflow/.local/lib/python3.12/site-packages/airflow/example_dags/example_sla_dag.py took 0.069 seconds
[2024-09-25T14:00:01.949+0000] {processor.py:186} INFO - Started process (PID=3975) to work on /home/airflow/.local/lib/python3.12/site-packages/airflow/example_dags/example_sla_dag.py
[2024-09-25T14:00:01.950+0000] {processor.py:914} INFO - Processing file /home/airflow/.local/lib/python3.12/site-packages/airflow/example_dags/example_sla_dag.py for tasks to queue
[2024-09-25T14:00:01.952+0000] {logging_mixin.py:190} INFO - [2024-09-25T14:00:01.952+0000] {dagbag.py:588} INFO - Filling up the DagBag from /home/airflow/.local/lib/python3.12/site-packages/airflow/example_dags/example_sla_dag.py
[2024-09-25T14:00:01.961+0000] {processor.py:925} INFO - DAG(s) 'example_sla_dag' retrieved from /home/airflow/.local/lib/python3.12/site-packages/airflow/example_dags/example_sla_dag.py
[2024-09-25T14:00:01.975+0000] {logging_mixin.py:190} INFO - [2024-09-25T14:00:01.975+0000] {dag.py:3239} INFO - Sync 1 DAGs
[2024-09-25T14:00:01.998+0000] {logging_mixin.py:190} INFO - [2024-09-25T14:00:01.998+0000] {dag.py:4180} INFO - Setting next_dagrun for example_sla_dag to 2024-09-25 13:58:00+00:00, run_after=2024-09-25 14:00:00+00:00
[2024-09-25T14:00:02.013+0000] {processor.py:208} INFO - Processing /home/airflow/.local/lib/python3.12/site-packages/airflow/example_dags/example_sla_dag.py took 0.069 seconds
[2024-09-25T14:00:32.198+0000] {processor.py:186} INFO - Started process (PID=4263) to work on /home/airflow/.local/lib/python3.12/site-packages/airflow/example_dags/example_sla_dag.py
[2024-09-25T14:00:32.199+0000] {processor.py:914} INFO - Processing file /home/airflow/.local/lib/python3.12/site-packages/airflow/example_dags/example_sla_dag.py for tasks to queue
[2024-09-25T14:00:32.201+0000] {logging_mixin.py:190} INFO - [2024-09-25T14:00:32.201+0000] {dagbag.py:588} INFO - Filling up the DagBag from /home/airflow/.local/lib/python3.12/site-packages/airflow/example_dags/example_sla_dag.py
[2024-09-25T14:00:32.210+0000] {processor.py:925} INFO - DAG(s) 'example_sla_dag' retrieved from /home/airflow/.local/lib/python3.12/site-packages/airflow/example_dags/example_sla_dag.py
[2024-09-25T14:00:32.225+0000] {logging_mixin.py:190} INFO - [2024-09-25T14:00:32.224+0000] {dag.py:3239} INFO - Sync 1 DAGs
[2024-09-25T14:00:32.247+0000] {logging_mixin.py:190} INFO - [2024-09-25T14:00:32.247+0000] {dag.py:4180} INFO - Setting next_dagrun for example_sla_dag to 2024-09-25 13:58:00+00:00, run_after=2024-09-25 14:00:00+00:00
[2024-09-25T14:00:32.264+0000] {processor.py:208} INFO - Processing /home/airflow/.local/lib/python3.12/site-packages/airflow/example_dags/example_sla_dag.py took 0.070 seconds
[2024-09-25T14:01:02.460+0000] {processor.py:186} INFO - Started process (PID=4548) to work on /home/airflow/.local/lib/python3.12/site-packages/airflow/example_dags/example_sla_dag.py
[2024-09-25T14:01:02.461+0000] {processor.py:914} INFO - Processing file /home/airflow/.local/lib/python3.12/site-packages/airflow/example_dags/example_sla_dag.py for tasks to queue
[2024-09-25T14:01:02.463+0000] {logging_mixin.py:190} INFO - [2024-09-25T14:01:02.462+0000] {dagbag.py:588} INFO - Filling up the DagBag from /home/airflow/.local/lib/python3.12/site-packages/airflow/example_dags/example_sla_dag.py
[2024-09-25T14:01:02.471+0000] {processor.py:925} INFO - DAG(s) 'example_sla_dag' retrieved from /home/airflow/.local/lib/python3.12/site-packages/airflow/example_dags/example_sla_dag.py
[2024-09-25T14:01:02.485+0000] {logging_mixin.py:190} INFO - [2024-09-25T14:01:02.485+0000] {dag.py:3239} INFO - Sync 1 DAGs
[2024-09-25T14:01:02.508+0000] {logging_mixin.py:190} INFO - [2024-09-25T14:01:02.507+0000] {dag.py:4180} INFO - Setting next_dagrun for example_sla_dag to 2024-09-25 13:58:00+00:00, run_after=2024-09-25 14:00:00+00:00
[2024-09-25T14:01:02.523+0000] {processor.py:208} INFO - Processing /home/airflow/.local/lib/python3.12/site-packages/airflow/example_dags/example_sla_dag.py took 0.068 seconds
[2024-09-25T14:01:33.544+0000] {processor.py:186} INFO - Started process (PID=4835) to work on /home/airflow/.local/lib/python3.12/site-packages/airflow/example_dags/example_sla_dag.py
[2024-09-25T14:01:33.545+0000] {processor.py:914} INFO - Processing file /home/airflow/.local/lib/python3.12/site-packages/airflow/example_dags/example_sla_dag.py for tasks to queue
[2024-09-25T14:01:33.546+0000] {logging_mixin.py:190} INFO - [2024-09-25T14:01:33.546+0000] {dagbag.py:588} INFO - Filling up the DagBag from /home/airflow/.local/lib/python3.12/site-packages/airflow/example_dags/example_sla_dag.py
[2024-09-25T14:01:33.554+0000] {processor.py:925} INFO - DAG(s) 'example_sla_dag' retrieved from /home/airflow/.local/lib/python3.12/site-packages/airflow/example_dags/example_sla_dag.py
[2024-09-25T14:01:33.569+0000] {logging_mixin.py:190} INFO - [2024-09-25T14:01:33.568+0000] {dag.py:3239} INFO - Sync 1 DAGs
[2024-09-25T14:01:33.590+0000] {logging_mixin.py:190} INFO - [2024-09-25T14:01:33.590+0000] {dag.py:4180} INFO - Setting next_dagrun for example_sla_dag to 2024-09-25 13:58:00+00:00, run_after=2024-09-25 14:00:00+00:00
[2024-09-25T14:01:33.605+0000] {processor.py:208} INFO - Processing /home/airflow/.local/lib/python3.12/site-packages/airflow/example_dags/example_sla_dag.py took 0.066 seconds
[2024-09-25T14:02:03.752+0000] {processor.py:186} INFO - Started process (PID=5119) to work on /home/airflow/.local/lib/python3.12/site-packages/airflow/example_dags/example_sla_dag.py
[2024-09-25T14:02:03.753+0000] {processor.py:914} INFO - Processing file /home/airflow/.local/lib/python3.12/site-packages/airflow/example_dags/example_sla_dag.py for tasks to queue
[2024-09-25T14:02:03.755+0000] {logging_mixin.py:190} INFO - [2024-09-25T14:02:03.755+0000] {dagbag.py:588} INFO - Filling up the DagBag from /home/airflow/.local/lib/python3.12/site-packages/airflow/example_dags/example_sla_dag.py
[2024-09-25T14:02:03.765+0000] {processor.py:925} INFO - DAG(s) 'example_sla_dag' retrieved from /home/airflow/.local/lib/python3.12/site-packages/airflow/example_dags/example_sla_dag.py
[2024-09-25T14:02:03.781+0000] {logging_mixin.py:190} INFO - [2024-09-25T14:02:03.781+0000] {dag.py:3239} INFO - Sync 1 DAGs
[2024-09-25T14:02:03.803+0000] {logging_mixin.py:190} INFO - [2024-09-25T14:02:03.803+0000] {dag.py:4180} INFO - Setting next_dagrun for example_sla_dag to 2024-09-25 14:00:00+00:00, run_after=2024-09-25 14:02:00+00:00
[2024-09-25T14:02:03.819+0000] {processor.py:208} INFO - Processing /home/airflow/.local/lib/python3.12/site-packages/airflow/example_dags/example_sla_dag.py took 0.073 seconds
[2024-09-25T14:03:06.573+0000] {processor.py:186} INFO - Started process (PID=208) to work on /home/airflow/.local/lib/python3.12/site-packages/airflow/example_dags/example_sla_dag.py
[2024-09-25T14:03:06.574+0000] {processor.py:914} INFO - Processing file /home/airflow/.local/lib/python3.12/site-packages/airflow/example_dags/example_sla_dag.py for tasks to queue
[2024-09-25T14:03:06.576+0000] {logging_mixin.py:190} INFO - [2024-09-25T14:03:06.576+0000] {dagbag.py:588} INFO - Filling up the DagBag from /home/airflow/.local/lib/python3.12/site-packages/airflow/example_dags/example_sla_dag.py
[2024-09-25T14:03:06.585+0000] {processor.py:925} INFO - DAG(s) 'example_sla_dag' retrieved from /home/airflow/.local/lib/python3.12/site-packages/airflow/example_dags/example_sla_dag.py
[2024-09-25T14:03:06.604+0000] {logging_mixin.py:190} INFO - [2024-09-25T14:03:06.604+0000] {dag.py:3239} INFO - Sync 1 DAGs
[2024-09-25T14:03:06.627+0000] {logging_mixin.py:190} INFO - [2024-09-25T14:03:06.627+0000] {dag.py:4180} INFO - Setting next_dagrun for example_sla_dag to 2024-09-25 14:00:00+00:00, run_after=2024-09-25 14:02:00+00:00
[2024-09-25T14:03:06.641+0000] {processor.py:208} INFO - Processing /home/airflow/.local/lib/python3.12/site-packages/airflow/example_dags/example_sla_dag.py took 0.072 seconds
[2024-09-25T14:03:37.018+0000] {processor.py:186} INFO - Started process (PID=520) to work on /home/airflow/.local/lib/python3.12/site-packages/airflow/example_dags/example_sla_dag.py
[2024-09-25T14:03:37.018+0000] {processor.py:914} INFO - Processing file /home/airflow/.local/lib/python3.12/site-packages/airflow/example_dags/example_sla_dag.py for tasks to queue
[2024-09-25T14:03:37.020+0000] {logging_mixin.py:190} INFO - [2024-09-25T14:03:37.020+0000] {dagbag.py:588} INFO - Filling up the DagBag from /home/airflow/.local/lib/python3.12/site-packages/airflow/example_dags/example_sla_dag.py
[2024-09-25T14:03:37.029+0000] {processor.py:925} INFO - DAG(s) 'example_sla_dag' retrieved from /home/airflow/.local/lib/python3.12/site-packages/airflow/example_dags/example_sla_dag.py
[2024-09-25T14:03:37.043+0000] {logging_mixin.py:190} INFO - [2024-09-25T14:03:37.042+0000] {dag.py:3239} INFO - Sync 1 DAGs
[2024-09-25T14:03:37.065+0000] {logging_mixin.py:190} INFO - [2024-09-25T14:03:37.065+0000] {dag.py:4180} INFO - Setting next_dagrun for example_sla_dag to 2024-09-25 14:00:00+00:00, run_after=2024-09-25 14:02:00+00:00
[2024-09-25T14:03:37.080+0000] {processor.py:208} INFO - Processing /home/airflow/.local/lib/python3.12/site-packages/airflow/example_dags/example_sla_dag.py took 0.067 seconds
