[2024-09-25T13:53:29.189+0000] {processor.py:186} INFO - Started process (PID=348) to work on /home/airflow/.local/lib/python3.12/site-packages/airflow/example_dags/tutorial.py
[2024-09-25T13:53:29.190+0000] {processor.py:914} INFO - Processing file /home/airflow/.local/lib/python3.12/site-packages/airflow/example_dags/tutorial.py for tasks to queue
[2024-09-25T13:53:29.192+0000] {logging_mixin.py:190} INFO - [2024-09-25T13:53:29.192+0000] {dagbag.py:588} INFO - Filling up the DagBag from /home/airflow/.local/lib/python3.12/site-packages/airflow/example_dags/tutorial.py
[2024-09-25T13:53:29.199+0000] {processor.py:925} INFO - DAG(s) 'tutorial' retrieved from /home/airflow/.local/lib/python3.12/site-packages/airflow/example_dags/tutorial.py
[2024-09-25T13:53:29.217+0000] {logging_mixin.py:190} INFO - [2024-09-25T13:53:29.216+0000] {dag.py:3239} INFO - Sync 1 DAGs
[2024-09-25T13:53:29.238+0000] {logging_mixin.py:190} INFO - [2024-09-25T13:53:29.237+0000] {dag.py:4180} INFO - Setting next_dagrun for tutorial to 2024-09-24 00:00:00+00:00, run_after=2024-09-25 00:00:00+00:00
[2024-09-25T13:53:29.255+0000] {processor.py:208} INFO - Processing /home/airflow/.local/lib/python3.12/site-packages/airflow/example_dags/tutorial.py took 0.070 seconds
[2024-09-25T13:53:59.455+0000] {processor.py:186} INFO - Started process (PID=646) to work on /home/airflow/.local/lib/python3.12/site-packages/airflow/example_dags/tutorial.py
[2024-09-25T13:53:59.456+0000] {processor.py:914} INFO - Processing file /home/airflow/.local/lib/python3.12/site-packages/airflow/example_dags/tutorial.py for tasks to queue
[2024-09-25T13:53:59.458+0000] {logging_mixin.py:190} INFO - [2024-09-25T13:53:59.458+0000] {dagbag.py:588} INFO - Filling up the DagBag from /home/airflow/.local/lib/python3.12/site-packages/airflow/example_dags/tutorial.py
[2024-09-25T13:53:59.464+0000] {processor.py:925} INFO - DAG(s) 'tutorial' retrieved from /home/airflow/.local/lib/python3.12/site-packages/airflow/example_dags/tutorial.py
[2024-09-25T13:53:59.479+0000] {logging_mixin.py:190} INFO - [2024-09-25T13:53:59.479+0000] {dag.py:3239} INFO - Sync 1 DAGs
[2024-09-25T13:53:59.499+0000] {logging_mixin.py:190} INFO - [2024-09-25T13:53:59.499+0000] {dag.py:4180} INFO - Setting next_dagrun for tutorial to 2024-09-24 00:00:00+00:00, run_after=2024-09-25 00:00:00+00:00
[2024-09-25T13:53:59.516+0000] {processor.py:208} INFO - Processing /home/airflow/.local/lib/python3.12/site-packages/airflow/example_dags/tutorial.py took 0.066 seconds
[2024-09-25T13:54:29.982+0000] {processor.py:186} INFO - Started process (PID=933) to work on /home/airflow/.local/lib/python3.12/site-packages/airflow/example_dags/tutorial.py
[2024-09-25T13:54:29.983+0000] {processor.py:914} INFO - Processing file /home/airflow/.local/lib/python3.12/site-packages/airflow/example_dags/tutorial.py for tasks to queue
[2024-09-25T13:54:29.985+0000] {logging_mixin.py:190} INFO - [2024-09-25T13:54:29.985+0000] {dagbag.py:588} INFO - Filling up the DagBag from /home/airflow/.local/lib/python3.12/site-packages/airflow/example_dags/tutorial.py
[2024-09-25T13:54:29.992+0000] {processor.py:925} INFO - DAG(s) 'tutorial' retrieved from /home/airflow/.local/lib/python3.12/site-packages/airflow/example_dags/tutorial.py
[2024-09-25T13:54:30.010+0000] {logging_mixin.py:190} INFO - [2024-09-25T13:54:30.010+0000] {dag.py:3239} INFO - Sync 1 DAGs
[2024-09-25T13:54:30.032+0000] {logging_mixin.py:190} INFO - [2024-09-25T13:54:30.032+0000] {dag.py:4180} INFO - Setting next_dagrun for tutorial to 2024-09-24 00:00:00+00:00, run_after=2024-09-25 00:00:00+00:00
[2024-09-25T13:54:30.047+0000] {processor.py:208} INFO - Processing /home/airflow/.local/lib/python3.12/site-packages/airflow/example_dags/tutorial.py took 0.070 seconds
[2024-09-25T13:55:00.433+0000] {processor.py:186} INFO - Started process (PID=1217) to work on /home/airflow/.local/lib/python3.12/site-packages/airflow/example_dags/tutorial.py
[2024-09-25T13:55:00.434+0000] {processor.py:914} INFO - Processing file /home/airflow/.local/lib/python3.12/site-packages/airflow/example_dags/tutorial.py for tasks to queue
[2024-09-25T13:55:00.436+0000] {logging_mixin.py:190} INFO - [2024-09-25T13:55:00.436+0000] {dagbag.py:588} INFO - Filling up the DagBag from /home/airflow/.local/lib/python3.12/site-packages/airflow/example_dags/tutorial.py
[2024-09-25T13:55:00.443+0000] {processor.py:925} INFO - DAG(s) 'tutorial' retrieved from /home/airflow/.local/lib/python3.12/site-packages/airflow/example_dags/tutorial.py
[2024-09-25T13:55:00.458+0000] {logging_mixin.py:190} INFO - [2024-09-25T13:55:00.458+0000] {dag.py:3239} INFO - Sync 1 DAGs
[2024-09-25T13:55:00.478+0000] {logging_mixin.py:190} INFO - [2024-09-25T13:55:00.478+0000] {dag.py:4180} INFO - Setting next_dagrun for tutorial to 2024-09-24 00:00:00+00:00, run_after=2024-09-25 00:00:00+00:00
[2024-09-25T13:55:00.493+0000] {processor.py:208} INFO - Processing /home/airflow/.local/lib/python3.12/site-packages/airflow/example_dags/tutorial.py took 0.065 seconds
[2024-09-25T13:55:30.728+0000] {processor.py:186} INFO - Started process (PID=1505) to work on /home/airflow/.local/lib/python3.12/site-packages/airflow/example_dags/tutorial.py
[2024-09-25T13:55:30.729+0000] {processor.py:914} INFO - Processing file /home/airflow/.local/lib/python3.12/site-packages/airflow/example_dags/tutorial.py for tasks to queue
[2024-09-25T13:55:30.731+0000] {logging_mixin.py:190} INFO - [2024-09-25T13:55:30.730+0000] {dagbag.py:588} INFO - Filling up the DagBag from /home/airflow/.local/lib/python3.12/site-packages/airflow/example_dags/tutorial.py
[2024-09-25T13:55:30.737+0000] {processor.py:925} INFO - DAG(s) 'tutorial' retrieved from /home/airflow/.local/lib/python3.12/site-packages/airflow/example_dags/tutorial.py
[2024-09-25T13:55:30.754+0000] {logging_mixin.py:190} INFO - [2024-09-25T13:55:30.754+0000] {dag.py:3239} INFO - Sync 1 DAGs
[2024-09-25T13:55:30.775+0000] {logging_mixin.py:190} INFO - [2024-09-25T13:55:30.775+0000] {dag.py:4180} INFO - Setting next_dagrun for tutorial to 2024-09-24 00:00:00+00:00, run_after=2024-09-25 00:00:00+00:00
[2024-09-25T13:55:30.790+0000] {processor.py:208} INFO - Processing /home/airflow/.local/lib/python3.12/site-packages/airflow/example_dags/tutorial.py took 0.067 seconds
[2024-09-25T13:56:00.995+0000] {processor.py:186} INFO - Started process (PID=1797) to work on /home/airflow/.local/lib/python3.12/site-packages/airflow/example_dags/tutorial.py
[2024-09-25T13:56:00.996+0000] {processor.py:914} INFO - Processing file /home/airflow/.local/lib/python3.12/site-packages/airflow/example_dags/tutorial.py for tasks to queue
[2024-09-25T13:56:00.998+0000] {logging_mixin.py:190} INFO - [2024-09-25T13:56:00.998+0000] {dagbag.py:588} INFO - Filling up the DagBag from /home/airflow/.local/lib/python3.12/site-packages/airflow/example_dags/tutorial.py
[2024-09-25T13:56:01.005+0000] {processor.py:925} INFO - DAG(s) 'tutorial' retrieved from /home/airflow/.local/lib/python3.12/site-packages/airflow/example_dags/tutorial.py
[2024-09-25T13:56:01.021+0000] {logging_mixin.py:190} INFO - [2024-09-25T13:56:01.021+0000] {dag.py:3239} INFO - Sync 1 DAGs
[2024-09-25T13:56:01.041+0000] {logging_mixin.py:190} INFO - [2024-09-25T13:56:01.041+0000] {dag.py:4180} INFO - Setting next_dagrun for tutorial to 2024-09-24 00:00:00+00:00, run_after=2024-09-25 00:00:00+00:00
[2024-09-25T13:56:01.056+0000] {processor.py:208} INFO - Processing /home/airflow/.local/lib/python3.12/site-packages/airflow/example_dags/tutorial.py took 0.066 seconds
[2024-09-25T13:56:31.286+0000] {processor.py:186} INFO - Started process (PID=2085) to work on /home/airflow/.local/lib/python3.12/site-packages/airflow/example_dags/tutorial.py
[2024-09-25T13:56:31.287+0000] {processor.py:914} INFO - Processing file /home/airflow/.local/lib/python3.12/site-packages/airflow/example_dags/tutorial.py for tasks to queue
[2024-09-25T13:56:31.289+0000] {logging_mixin.py:190} INFO - [2024-09-25T13:56:31.289+0000] {dagbag.py:588} INFO - Filling up the DagBag from /home/airflow/.local/lib/python3.12/site-packages/airflow/example_dags/tutorial.py
[2024-09-25T13:56:31.296+0000] {processor.py:925} INFO - DAG(s) 'tutorial' retrieved from /home/airflow/.local/lib/python3.12/site-packages/airflow/example_dags/tutorial.py
[2024-09-25T13:56:31.312+0000] {logging_mixin.py:190} INFO - [2024-09-25T13:56:31.312+0000] {dag.py:3239} INFO - Sync 1 DAGs
[2024-09-25T13:56:31.335+0000] {logging_mixin.py:190} INFO - [2024-09-25T13:56:31.335+0000] {dag.py:4180} INFO - Setting next_dagrun for tutorial to 2024-09-24 00:00:00+00:00, run_after=2024-09-25 00:00:00+00:00
[2024-09-25T13:56:31.352+0000] {processor.py:208} INFO - Processing /home/airflow/.local/lib/python3.12/site-packages/airflow/example_dags/tutorial.py took 0.071 seconds
[2024-09-25T13:57:01.772+0000] {processor.py:186} INFO - Started process (PID=2371) to work on /home/airflow/.local/lib/python3.12/site-packages/airflow/example_dags/tutorial.py
[2024-09-25T13:57:01.773+0000] {processor.py:914} INFO - Processing file /home/airflow/.local/lib/python3.12/site-packages/airflow/example_dags/tutorial.py for tasks to queue
[2024-09-25T13:57:01.775+0000] {logging_mixin.py:190} INFO - [2024-09-25T13:57:01.775+0000] {dagbag.py:588} INFO - Filling up the DagBag from /home/airflow/.local/lib/python3.12/site-packages/airflow/example_dags/tutorial.py
[2024-09-25T13:57:01.783+0000] {processor.py:925} INFO - DAG(s) 'tutorial' retrieved from /home/airflow/.local/lib/python3.12/site-packages/airflow/example_dags/tutorial.py
[2024-09-25T13:57:01.799+0000] {logging_mixin.py:190} INFO - [2024-09-25T13:57:01.799+0000] {dag.py:3239} INFO - Sync 1 DAGs
[2024-09-25T13:57:01.822+0000] {logging_mixin.py:190} INFO - [2024-09-25T13:57:01.821+0000] {dag.py:4180} INFO - Setting next_dagrun for tutorial to 2024-09-24 00:00:00+00:00, run_after=2024-09-25 00:00:00+00:00
[2024-09-25T13:57:01.838+0000] {processor.py:208} INFO - Processing /home/airflow/.local/lib/python3.12/site-packages/airflow/example_dags/tutorial.py took 0.070 seconds
[2024-09-25T13:57:32.022+0000] {processor.py:186} INFO - Started process (PID=2658) to work on /home/airflow/.local/lib/python3.12/site-packages/airflow/example_dags/tutorial.py
[2024-09-25T13:57:32.023+0000] {processor.py:914} INFO - Processing file /home/airflow/.local/lib/python3.12/site-packages/airflow/example_dags/tutorial.py for tasks to queue
[2024-09-25T13:57:32.025+0000] {logging_mixin.py:190} INFO - [2024-09-25T13:57:32.024+0000] {dagbag.py:588} INFO - Filling up the DagBag from /home/airflow/.local/lib/python3.12/site-packages/airflow/example_dags/tutorial.py
[2024-09-25T13:57:32.031+0000] {processor.py:925} INFO - DAG(s) 'tutorial' retrieved from /home/airflow/.local/lib/python3.12/site-packages/airflow/example_dags/tutorial.py
[2024-09-25T13:57:32.046+0000] {logging_mixin.py:190} INFO - [2024-09-25T13:57:32.046+0000] {dag.py:3239} INFO - Sync 1 DAGs
[2024-09-25T13:57:32.066+0000] {logging_mixin.py:190} INFO - [2024-09-25T13:57:32.066+0000] {dag.py:4180} INFO - Setting next_dagrun for tutorial to 2024-09-24 00:00:00+00:00, run_after=2024-09-25 00:00:00+00:00
[2024-09-25T13:57:32.082+0000] {processor.py:208} INFO - Processing /home/airflow/.local/lib/python3.12/site-packages/airflow/example_dags/tutorial.py took 0.065 seconds
[2024-09-25T13:58:02.371+0000] {processor.py:186} INFO - Started process (PID=2944) to work on /home/airflow/.local/lib/python3.12/site-packages/airflow/example_dags/tutorial.py
[2024-09-25T13:58:02.372+0000] {processor.py:914} INFO - Processing file /home/airflow/.local/lib/python3.12/site-packages/airflow/example_dags/tutorial.py for tasks to queue
[2024-09-25T13:58:02.374+0000] {logging_mixin.py:190} INFO - [2024-09-25T13:58:02.374+0000] {dagbag.py:588} INFO - Filling up the DagBag from /home/airflow/.local/lib/python3.12/site-packages/airflow/example_dags/tutorial.py
[2024-09-25T13:58:02.380+0000] {processor.py:925} INFO - DAG(s) 'tutorial' retrieved from /home/airflow/.local/lib/python3.12/site-packages/airflow/example_dags/tutorial.py
[2024-09-25T13:58:02.397+0000] {logging_mixin.py:190} INFO - [2024-09-25T13:58:02.397+0000] {dag.py:3239} INFO - Sync 1 DAGs
[2024-09-25T13:58:02.417+0000] {logging_mixin.py:190} INFO - [2024-09-25T13:58:02.417+0000] {dag.py:4180} INFO - Setting next_dagrun for tutorial to 2024-09-24 00:00:00+00:00, run_after=2024-09-25 00:00:00+00:00
[2024-09-25T13:58:02.432+0000] {processor.py:208} INFO - Processing /home/airflow/.local/lib/python3.12/site-packages/airflow/example_dags/tutorial.py took 0.065 seconds
[2024-09-25T13:58:32.648+0000] {processor.py:186} INFO - Started process (PID=3242) to work on /home/airflow/.local/lib/python3.12/site-packages/airflow/example_dags/tutorial.py
[2024-09-25T13:58:32.649+0000] {processor.py:914} INFO - Processing file /home/airflow/.local/lib/python3.12/site-packages/airflow/example_dags/tutorial.py for tasks to queue
[2024-09-25T13:58:32.651+0000] {logging_mixin.py:190} INFO - [2024-09-25T13:58:32.651+0000] {dagbag.py:588} INFO - Filling up the DagBag from /home/airflow/.local/lib/python3.12/site-packages/airflow/example_dags/tutorial.py
[2024-09-25T13:58:32.657+0000] {processor.py:925} INFO - DAG(s) 'tutorial' retrieved from /home/airflow/.local/lib/python3.12/site-packages/airflow/example_dags/tutorial.py
[2024-09-25T13:58:32.675+0000] {logging_mixin.py:190} INFO - [2024-09-25T13:58:32.674+0000] {dag.py:3239} INFO - Sync 1 DAGs
[2024-09-25T13:58:32.697+0000] {logging_mixin.py:190} INFO - [2024-09-25T13:58:32.696+0000] {dag.py:4180} INFO - Setting next_dagrun for tutorial to 2024-09-24 00:00:00+00:00, run_after=2024-09-25 00:00:00+00:00
[2024-09-25T13:58:32.713+0000] {processor.py:208} INFO - Processing /home/airflow/.local/lib/python3.12/site-packages/airflow/example_dags/tutorial.py took 0.069 seconds
[2024-09-25T13:59:02.900+0000] {processor.py:186} INFO - Started process (PID=3528) to work on /home/airflow/.local/lib/python3.12/site-packages/airflow/example_dags/tutorial.py
[2024-09-25T13:59:02.900+0000] {processor.py:914} INFO - Processing file /home/airflow/.local/lib/python3.12/site-packages/airflow/example_dags/tutorial.py for tasks to queue
[2024-09-25T13:59:02.903+0000] {logging_mixin.py:190} INFO - [2024-09-25T13:59:02.902+0000] {dagbag.py:588} INFO - Filling up the DagBag from /home/airflow/.local/lib/python3.12/site-packages/airflow/example_dags/tutorial.py
[2024-09-25T13:59:02.909+0000] {processor.py:925} INFO - DAG(s) 'tutorial' retrieved from /home/airflow/.local/lib/python3.12/site-packages/airflow/example_dags/tutorial.py
[2024-09-25T13:59:02.925+0000] {logging_mixin.py:190} INFO - [2024-09-25T13:59:02.924+0000] {dag.py:3239} INFO - Sync 1 DAGs
[2024-09-25T13:59:02.945+0000] {logging_mixin.py:190} INFO - [2024-09-25T13:59:02.945+0000] {dag.py:4180} INFO - Setting next_dagrun for tutorial to 2024-09-24 00:00:00+00:00, run_after=2024-09-25 00:00:00+00:00
[2024-09-25T13:59:02.960+0000] {processor.py:208} INFO - Processing /home/airflow/.local/lib/python3.12/site-packages/airflow/example_dags/tutorial.py took 0.065 seconds
[2024-09-25T13:59:33.274+0000] {processor.py:186} INFO - Started process (PID=3816) to work on /home/airflow/.local/lib/python3.12/site-packages/airflow/example_dags/tutorial.py
[2024-09-25T13:59:33.275+0000] {processor.py:914} INFO - Processing file /home/airflow/.local/lib/python3.12/site-packages/airflow/example_dags/tutorial.py for tasks to queue
[2024-09-25T13:59:33.277+0000] {logging_mixin.py:190} INFO - [2024-09-25T13:59:33.276+0000] {dagbag.py:588} INFO - Filling up the DagBag from /home/airflow/.local/lib/python3.12/site-packages/airflow/example_dags/tutorial.py
[2024-09-25T13:59:33.283+0000] {processor.py:925} INFO - DAG(s) 'tutorial' retrieved from /home/airflow/.local/lib/python3.12/site-packages/airflow/example_dags/tutorial.py
[2024-09-25T13:59:33.299+0000] {logging_mixin.py:190} INFO - [2024-09-25T13:59:33.299+0000] {dag.py:3239} INFO - Sync 1 DAGs
[2024-09-25T13:59:33.319+0000] {logging_mixin.py:190} INFO - [2024-09-25T13:59:33.319+0000] {dag.py:4180} INFO - Setting next_dagrun for tutorial to 2024-09-24 00:00:00+00:00, run_after=2024-09-25 00:00:00+00:00
[2024-09-25T13:59:33.334+0000] {processor.py:208} INFO - Processing /home/airflow/.local/lib/python3.12/site-packages/airflow/example_dags/tutorial.py took 0.066 seconds
[2024-09-25T14:00:03.503+0000] {processor.py:186} INFO - Started process (PID=4102) to work on /home/airflow/.local/lib/python3.12/site-packages/airflow/example_dags/tutorial.py
[2024-09-25T14:00:03.504+0000] {processor.py:914} INFO - Processing file /home/airflow/.local/lib/python3.12/site-packages/airflow/example_dags/tutorial.py for tasks to queue
[2024-09-25T14:00:03.506+0000] {logging_mixin.py:190} INFO - [2024-09-25T14:00:03.506+0000] {dagbag.py:588} INFO - Filling up the DagBag from /home/airflow/.local/lib/python3.12/site-packages/airflow/example_dags/tutorial.py
[2024-09-25T14:00:03.512+0000] {processor.py:925} INFO - DAG(s) 'tutorial' retrieved from /home/airflow/.local/lib/python3.12/site-packages/airflow/example_dags/tutorial.py
[2024-09-25T14:00:03.529+0000] {logging_mixin.py:190} INFO - [2024-09-25T14:00:03.529+0000] {dag.py:3239} INFO - Sync 1 DAGs
[2024-09-25T14:00:03.551+0000] {logging_mixin.py:190} INFO - [2024-09-25T14:00:03.551+0000] {dag.py:4180} INFO - Setting next_dagrun for tutorial to 2024-09-24 00:00:00+00:00, run_after=2024-09-25 00:00:00+00:00
[2024-09-25T14:00:03.566+0000] {processor.py:208} INFO - Processing /home/airflow/.local/lib/python3.12/site-packages/airflow/example_dags/tutorial.py took 0.068 seconds
[2024-09-25T14:00:33.799+0000] {processor.py:186} INFO - Started process (PID=4388) to work on /home/airflow/.local/lib/python3.12/site-packages/airflow/example_dags/tutorial.py
[2024-09-25T14:00:33.800+0000] {processor.py:914} INFO - Processing file /home/airflow/.local/lib/python3.12/site-packages/airflow/example_dags/tutorial.py for tasks to queue
[2024-09-25T14:00:33.802+0000] {logging_mixin.py:190} INFO - [2024-09-25T14:00:33.801+0000] {dagbag.py:588} INFO - Filling up the DagBag from /home/airflow/.local/lib/python3.12/site-packages/airflow/example_dags/tutorial.py
[2024-09-25T14:00:33.808+0000] {processor.py:925} INFO - DAG(s) 'tutorial' retrieved from /home/airflow/.local/lib/python3.12/site-packages/airflow/example_dags/tutorial.py
[2024-09-25T14:00:33.825+0000] {logging_mixin.py:190} INFO - [2024-09-25T14:00:33.825+0000] {dag.py:3239} INFO - Sync 1 DAGs
[2024-09-25T14:00:33.845+0000] {logging_mixin.py:190} INFO - [2024-09-25T14:00:33.845+0000] {dag.py:4180} INFO - Setting next_dagrun for tutorial to 2024-09-24 00:00:00+00:00, run_after=2024-09-25 00:00:00+00:00
[2024-09-25T14:00:33.860+0000] {processor.py:208} INFO - Processing /home/airflow/.local/lib/python3.12/site-packages/airflow/example_dags/tutorial.py took 0.066 seconds
[2024-09-25T14:01:03.989+0000] {processor.py:186} INFO - Started process (PID=4672) to work on /home/airflow/.local/lib/python3.12/site-packages/airflow/example_dags/tutorial.py
[2024-09-25T14:01:03.990+0000] {processor.py:914} INFO - Processing file /home/airflow/.local/lib/python3.12/site-packages/airflow/example_dags/tutorial.py for tasks to queue
[2024-09-25T14:01:03.992+0000] {logging_mixin.py:190} INFO - [2024-09-25T14:01:03.991+0000] {dagbag.py:588} INFO - Filling up the DagBag from /home/airflow/.local/lib/python3.12/site-packages/airflow/example_dags/tutorial.py
[2024-09-25T14:01:03.998+0000] {processor.py:925} INFO - DAG(s) 'tutorial' retrieved from /home/airflow/.local/lib/python3.12/site-packages/airflow/example_dags/tutorial.py
[2024-09-25T14:01:04.014+0000] {logging_mixin.py:190} INFO - [2024-09-25T14:01:04.014+0000] {dag.py:3239} INFO - Sync 1 DAGs
[2024-09-25T14:01:04.034+0000] {logging_mixin.py:190} INFO - [2024-09-25T14:01:04.034+0000] {dag.py:4180} INFO - Setting next_dagrun for tutorial to 2024-09-24 00:00:00+00:00, run_after=2024-09-25 00:00:00+00:00
[2024-09-25T14:01:04.049+0000] {processor.py:208} INFO - Processing /home/airflow/.local/lib/python3.12/site-packages/airflow/example_dags/tutorial.py took 0.065 seconds
[2024-09-25T14:01:35.091+0000] {processor.py:186} INFO - Started process (PID=4958) to work on /home/airflow/.local/lib/python3.12/site-packages/airflow/example_dags/tutorial.py
[2024-09-25T14:01:35.092+0000] {processor.py:914} INFO - Processing file /home/airflow/.local/lib/python3.12/site-packages/airflow/example_dags/tutorial.py for tasks to queue
[2024-09-25T14:01:35.094+0000] {logging_mixin.py:190} INFO - [2024-09-25T14:01:35.094+0000] {dagbag.py:588} INFO - Filling up the DagBag from /home/airflow/.local/lib/python3.12/site-packages/airflow/example_dags/tutorial.py
[2024-09-25T14:01:35.101+0000] {processor.py:925} INFO - DAG(s) 'tutorial' retrieved from /home/airflow/.local/lib/python3.12/site-packages/airflow/example_dags/tutorial.py
[2024-09-25T14:01:35.117+0000] {logging_mixin.py:190} INFO - [2024-09-25T14:01:35.117+0000] {dag.py:3239} INFO - Sync 1 DAGs
[2024-09-25T14:01:35.138+0000] {logging_mixin.py:190} INFO - [2024-09-25T14:01:35.138+0000] {dag.py:4180} INFO - Setting next_dagrun for tutorial to 2024-09-24 00:00:00+00:00, run_after=2024-09-25 00:00:00+00:00
[2024-09-25T14:01:35.153+0000] {processor.py:208} INFO - Processing /home/airflow/.local/lib/python3.12/site-packages/airflow/example_dags/tutorial.py took 0.067 seconds
[2024-09-25T14:02:06.240+0000] {processor.py:186} INFO - Started process (PID=5244) to work on /home/airflow/.local/lib/python3.12/site-packages/airflow/example_dags/tutorial.py
[2024-09-25T14:02:06.240+0000] {processor.py:914} INFO - Processing file /home/airflow/.local/lib/python3.12/site-packages/airflow/example_dags/tutorial.py for tasks to queue
[2024-09-25T14:02:06.242+0000] {logging_mixin.py:190} INFO - [2024-09-25T14:02:06.242+0000] {dagbag.py:588} INFO - Filling up the DagBag from /home/airflow/.local/lib/python3.12/site-packages/airflow/example_dags/tutorial.py
[2024-09-25T14:02:06.248+0000] {processor.py:925} INFO - DAG(s) 'tutorial' retrieved from /home/airflow/.local/lib/python3.12/site-packages/airflow/example_dags/tutorial.py
[2024-09-25T14:02:06.265+0000] {logging_mixin.py:190} INFO - [2024-09-25T14:02:06.265+0000] {dag.py:3239} INFO - Sync 1 DAGs
[2024-09-25T14:02:06.290+0000] {logging_mixin.py:190} INFO - [2024-09-25T14:02:06.289+0000] {dag.py:4180} INFO - Setting next_dagrun for tutorial to 2024-09-24 00:00:00+00:00, run_after=2024-09-25 00:00:00+00:00
[2024-09-25T14:02:06.308+0000] {processor.py:208} INFO - Processing /home/airflow/.local/lib/python3.12/site-packages/airflow/example_dags/tutorial.py took 0.074 seconds
[2024-09-25T14:03:08.225+0000] {processor.py:186} INFO - Started process (PID=341) to work on /home/airflow/.local/lib/python3.12/site-packages/airflow/example_dags/tutorial.py
[2024-09-25T14:03:08.226+0000] {processor.py:914} INFO - Processing file /home/airflow/.local/lib/python3.12/site-packages/airflow/example_dags/tutorial.py for tasks to queue
[2024-09-25T14:03:08.228+0000] {logging_mixin.py:190} INFO - [2024-09-25T14:03:08.227+0000] {dagbag.py:588} INFO - Filling up the DagBag from /home/airflow/.local/lib/python3.12/site-packages/airflow/example_dags/tutorial.py
[2024-09-25T14:03:08.234+0000] {processor.py:925} INFO - DAG(s) 'tutorial' retrieved from /home/airflow/.local/lib/python3.12/site-packages/airflow/example_dags/tutorial.py
[2024-09-25T14:03:08.251+0000] {logging_mixin.py:190} INFO - [2024-09-25T14:03:08.251+0000] {dag.py:3239} INFO - Sync 1 DAGs
[2024-09-25T14:03:08.271+0000] {logging_mixin.py:190} INFO - [2024-09-25T14:03:08.271+0000] {dag.py:4180} INFO - Setting next_dagrun for tutorial to 2024-09-24 00:00:00+00:00, run_after=2024-09-25 00:00:00+00:00
[2024-09-25T14:03:08.288+0000] {processor.py:208} INFO - Processing /home/airflow/.local/lib/python3.12/site-packages/airflow/example_dags/tutorial.py took 0.067 seconds
[2024-09-25T14:03:38.392+0000] {processor.py:186} INFO - Started process (PID=643) to work on /home/airflow/.local/lib/python3.12/site-packages/airflow/example_dags/tutorial.py
[2024-09-25T14:03:38.393+0000] {processor.py:914} INFO - Processing file /home/airflow/.local/lib/python3.12/site-packages/airflow/example_dags/tutorial.py for tasks to queue
[2024-09-25T14:03:38.395+0000] {logging_mixin.py:190} INFO - [2024-09-25T14:03:38.395+0000] {dagbag.py:588} INFO - Filling up the DagBag from /home/airflow/.local/lib/python3.12/site-packages/airflow/example_dags/tutorial.py
[2024-09-25T14:03:38.401+0000] {processor.py:925} INFO - DAG(s) 'tutorial' retrieved from /home/airflow/.local/lib/python3.12/site-packages/airflow/example_dags/tutorial.py
[2024-09-25T14:03:38.416+0000] {logging_mixin.py:190} INFO - [2024-09-25T14:03:38.416+0000] {dag.py:3239} INFO - Sync 1 DAGs
[2024-09-25T14:03:38.436+0000] {logging_mixin.py:190} INFO - [2024-09-25T14:03:38.436+0000] {dag.py:4180} INFO - Setting next_dagrun for tutorial to 2024-09-24 00:00:00+00:00, run_after=2024-09-25 00:00:00+00:00
[2024-09-25T14:03:38.453+0000] {processor.py:208} INFO - Processing /home/airflow/.local/lib/python3.12/site-packages/airflow/example_dags/tutorial.py took 0.065 seconds
