[2024-09-25T13:53:29.765+0000] {processor.py:186} INFO - Started process (PID=396) to work on /home/airflow/.local/lib/python3.12/site-packages/airflow/example_dags/tutorial_dag.py
[2024-09-25T13:53:29.766+0000] {processor.py:914} INFO - Processing file /home/airflow/.local/lib/python3.12/site-packages/airflow/example_dags/tutorial_dag.py for tasks to queue
[2024-09-25T13:53:29.768+0000] {logging_mixin.py:190} INFO - [2024-09-25T13:53:29.768+0000] {dagbag.py:588} INFO - Filling up the DagBag from /home/airflow/.local/lib/python3.12/site-packages/airflow/example_dags/tutorial_dag.py
[2024-09-25T13:53:29.775+0000] {processor.py:925} INFO - DAG(s) 'tutorial_dag' retrieved from /home/airflow/.local/lib/python3.12/site-packages/airflow/example_dags/tutorial_dag.py
[2024-09-25T13:53:29.791+0000] {logging_mixin.py:190} INFO - [2024-09-25T13:53:29.790+0000] {dag.py:3239} INFO - Sync 1 DAGs
[2024-09-25T13:53:29.804+0000] {logging_mixin.py:190} INFO - [2024-09-25T13:53:29.803+0000] {dag.py:4180} INFO - Setting next_dagrun for tutorial_dag to None, run_after=None
[2024-09-25T13:53:29.820+0000] {processor.py:208} INFO - Processing /home/airflow/.local/lib/python3.12/site-packages/airflow/example_dags/tutorial_dag.py took 0.059 seconds
[2024-09-25T13:53:59.908+0000] {processor.py:186} INFO - Started process (PID=695) to work on /home/airflow/.local/lib/python3.12/site-packages/airflow/example_dags/tutorial_dag.py
[2024-09-25T13:53:59.908+0000] {processor.py:914} INFO - Processing file /home/airflow/.local/lib/python3.12/site-packages/airflow/example_dags/tutorial_dag.py for tasks to queue
[2024-09-25T13:53:59.910+0000] {logging_mixin.py:190} INFO - [2024-09-25T13:53:59.910+0000] {dagbag.py:588} INFO - Filling up the DagBag from /home/airflow/.local/lib/python3.12/site-packages/airflow/example_dags/tutorial_dag.py
[2024-09-25T13:53:59.916+0000] {processor.py:925} INFO - DAG(s) 'tutorial_dag' retrieved from /home/airflow/.local/lib/python3.12/site-packages/airflow/example_dags/tutorial_dag.py
[2024-09-25T13:53:59.933+0000] {logging_mixin.py:190} INFO - [2024-09-25T13:53:59.933+0000] {dag.py:3239} INFO - Sync 1 DAGs
[2024-09-25T13:53:59.946+0000] {logging_mixin.py:190} INFO - [2024-09-25T13:53:59.946+0000] {dag.py:4180} INFO - Setting next_dagrun for tutorial_dag to None, run_after=None
[2024-09-25T13:53:59.963+0000] {processor.py:208} INFO - Processing /home/airflow/.local/lib/python3.12/site-packages/airflow/example_dags/tutorial_dag.py took 0.060 seconds
[2024-09-25T13:54:30.435+0000] {processor.py:186} INFO - Started process (PID=981) to work on /home/airflow/.local/lib/python3.12/site-packages/airflow/example_dags/tutorial_dag.py
[2024-09-25T13:54:30.436+0000] {processor.py:914} INFO - Processing file /home/airflow/.local/lib/python3.12/site-packages/airflow/example_dags/tutorial_dag.py for tasks to queue
[2024-09-25T13:54:30.438+0000] {logging_mixin.py:190} INFO - [2024-09-25T13:54:30.437+0000] {dagbag.py:588} INFO - Filling up the DagBag from /home/airflow/.local/lib/python3.12/site-packages/airflow/example_dags/tutorial_dag.py
[2024-09-25T13:54:30.444+0000] {processor.py:925} INFO - DAG(s) 'tutorial_dag' retrieved from /home/airflow/.local/lib/python3.12/site-packages/airflow/example_dags/tutorial_dag.py
[2024-09-25T13:54:30.460+0000] {logging_mixin.py:190} INFO - [2024-09-25T13:54:30.460+0000] {dag.py:3239} INFO - Sync 1 DAGs
[2024-09-25T13:54:30.473+0000] {logging_mixin.py:190} INFO - [2024-09-25T13:54:30.473+0000] {dag.py:4180} INFO - Setting next_dagrun for tutorial_dag to None, run_after=None
[2024-09-25T13:54:30.489+0000] {processor.py:208} INFO - Processing /home/airflow/.local/lib/python3.12/site-packages/airflow/example_dags/tutorial_dag.py took 0.059 seconds
[2024-09-25T13:55:01.014+0000] {processor.py:186} INFO - Started process (PID=1269) to work on /home/airflow/.local/lib/python3.12/site-packages/airflow/example_dags/tutorial_dag.py
[2024-09-25T13:55:01.014+0000] {processor.py:914} INFO - Processing file /home/airflow/.local/lib/python3.12/site-packages/airflow/example_dags/tutorial_dag.py for tasks to queue
[2024-09-25T13:55:01.016+0000] {logging_mixin.py:190} INFO - [2024-09-25T13:55:01.016+0000] {dagbag.py:588} INFO - Filling up the DagBag from /home/airflow/.local/lib/python3.12/site-packages/airflow/example_dags/tutorial_dag.py
[2024-09-25T13:55:01.022+0000] {processor.py:925} INFO - DAG(s) 'tutorial_dag' retrieved from /home/airflow/.local/lib/python3.12/site-packages/airflow/example_dags/tutorial_dag.py
[2024-09-25T13:55:01.039+0000] {logging_mixin.py:190} INFO - [2024-09-25T13:55:01.038+0000] {dag.py:3239} INFO - Sync 1 DAGs
[2024-09-25T13:55:01.051+0000] {logging_mixin.py:190} INFO - [2024-09-25T13:55:01.051+0000] {dag.py:4180} INFO - Setting next_dagrun for tutorial_dag to None, run_after=None
[2024-09-25T13:55:01.066+0000] {processor.py:208} INFO - Processing /home/airflow/.local/lib/python3.12/site-packages/airflow/example_dags/tutorial_dag.py took 0.058 seconds
[2024-09-25T13:55:31.289+0000] {processor.py:186} INFO - Started process (PID=1555) to work on /home/airflow/.local/lib/python3.12/site-packages/airflow/example_dags/tutorial_dag.py
[2024-09-25T13:55:31.290+0000] {processor.py:914} INFO - Processing file /home/airflow/.local/lib/python3.12/site-packages/airflow/example_dags/tutorial_dag.py for tasks to queue
[2024-09-25T13:55:31.292+0000] {logging_mixin.py:190} INFO - [2024-09-25T13:55:31.291+0000] {dagbag.py:588} INFO - Filling up the DagBag from /home/airflow/.local/lib/python3.12/site-packages/airflow/example_dags/tutorial_dag.py
[2024-09-25T13:55:31.298+0000] {processor.py:925} INFO - DAG(s) 'tutorial_dag' retrieved from /home/airflow/.local/lib/python3.12/site-packages/airflow/example_dags/tutorial_dag.py
[2024-09-25T13:55:31.313+0000] {logging_mixin.py:190} INFO - [2024-09-25T13:55:31.313+0000] {dag.py:3239} INFO - Sync 1 DAGs
[2024-09-25T13:55:31.326+0000] {logging_mixin.py:190} INFO - [2024-09-25T13:55:31.326+0000] {dag.py:4180} INFO - Setting next_dagrun for tutorial_dag to None, run_after=None
[2024-09-25T13:55:31.346+0000] {processor.py:208} INFO - Processing /home/airflow/.local/lib/python3.12/site-packages/airflow/example_dags/tutorial_dag.py took 0.062 seconds
[2024-09-25T13:56:01.581+0000] {processor.py:186} INFO - Started process (PID=1849) to work on /home/airflow/.local/lib/python3.12/site-packages/airflow/example_dags/tutorial_dag.py
[2024-09-25T13:56:01.582+0000] {processor.py:914} INFO - Processing file /home/airflow/.local/lib/python3.12/site-packages/airflow/example_dags/tutorial_dag.py for tasks to queue
[2024-09-25T13:56:01.584+0000] {logging_mixin.py:190} INFO - [2024-09-25T13:56:01.583+0000] {dagbag.py:588} INFO - Filling up the DagBag from /home/airflow/.local/lib/python3.12/site-packages/airflow/example_dags/tutorial_dag.py
[2024-09-25T13:56:01.589+0000] {processor.py:925} INFO - DAG(s) 'tutorial_dag' retrieved from /home/airflow/.local/lib/python3.12/site-packages/airflow/example_dags/tutorial_dag.py
[2024-09-25T13:56:01.606+0000] {logging_mixin.py:190} INFO - [2024-09-25T13:56:01.606+0000] {dag.py:3239} INFO - Sync 1 DAGs
[2024-09-25T13:56:01.619+0000] {logging_mixin.py:190} INFO - [2024-09-25T13:56:01.619+0000] {dag.py:4180} INFO - Setting next_dagrun for tutorial_dag to None, run_after=None
[2024-09-25T13:56:01.634+0000] {processor.py:208} INFO - Processing /home/airflow/.local/lib/python3.12/site-packages/airflow/example_dags/tutorial_dag.py took 0.058 seconds
[2024-09-25T13:56:31.883+0000] {processor.py:186} INFO - Started process (PID=2135) to work on /home/airflow/.local/lib/python3.12/site-packages/airflow/example_dags/tutorial_dag.py
[2024-09-25T13:56:31.884+0000] {processor.py:914} INFO - Processing file /home/airflow/.local/lib/python3.12/site-packages/airflow/example_dags/tutorial_dag.py for tasks to queue
[2024-09-25T13:56:31.886+0000] {logging_mixin.py:190} INFO - [2024-09-25T13:56:31.886+0000] {dagbag.py:588} INFO - Filling up the DagBag from /home/airflow/.local/lib/python3.12/site-packages/airflow/example_dags/tutorial_dag.py
[2024-09-25T13:56:31.893+0000] {processor.py:925} INFO - DAG(s) 'tutorial_dag' retrieved from /home/airflow/.local/lib/python3.12/site-packages/airflow/example_dags/tutorial_dag.py
[2024-09-25T13:56:31.910+0000] {logging_mixin.py:190} INFO - [2024-09-25T13:56:31.910+0000] {dag.py:3239} INFO - Sync 1 DAGs
[2024-09-25T13:56:31.924+0000] {logging_mixin.py:190} INFO - [2024-09-25T13:56:31.924+0000] {dag.py:4180} INFO - Setting next_dagrun for tutorial_dag to None, run_after=None
[2024-09-25T13:56:31.941+0000] {processor.py:208} INFO - Processing /home/airflow/.local/lib/python3.12/site-packages/airflow/example_dags/tutorial_dag.py took 0.062 seconds
[2024-09-25T13:57:02.345+0000] {processor.py:186} INFO - Started process (PID=2421) to work on /home/airflow/.local/lib/python3.12/site-packages/airflow/example_dags/tutorial_dag.py
[2024-09-25T13:57:02.346+0000] {processor.py:914} INFO - Processing file /home/airflow/.local/lib/python3.12/site-packages/airflow/example_dags/tutorial_dag.py for tasks to queue
[2024-09-25T13:57:02.348+0000] {logging_mixin.py:190} INFO - [2024-09-25T13:57:02.348+0000] {dagbag.py:588} INFO - Filling up the DagBag from /home/airflow/.local/lib/python3.12/site-packages/airflow/example_dags/tutorial_dag.py
[2024-09-25T13:57:02.356+0000] {processor.py:925} INFO - DAG(s) 'tutorial_dag' retrieved from /home/airflow/.local/lib/python3.12/site-packages/airflow/example_dags/tutorial_dag.py
[2024-09-25T13:57:02.371+0000] {logging_mixin.py:190} INFO - [2024-09-25T13:57:02.371+0000] {dag.py:3239} INFO - Sync 1 DAGs
[2024-09-25T13:57:02.384+0000] {logging_mixin.py:190} INFO - [2024-09-25T13:57:02.384+0000] {dag.py:4180} INFO - Setting next_dagrun for tutorial_dag to None, run_after=None
[2024-09-25T13:57:02.399+0000] {processor.py:208} INFO - Processing /home/airflow/.local/lib/python3.12/site-packages/airflow/example_dags/tutorial_dag.py took 0.060 seconds
[2024-09-25T13:57:32.472+0000] {processor.py:186} INFO - Started process (PID=2706) to work on /home/airflow/.local/lib/python3.12/site-packages/airflow/example_dags/tutorial_dag.py
[2024-09-25T13:57:32.473+0000] {processor.py:914} INFO - Processing file /home/airflow/.local/lib/python3.12/site-packages/airflow/example_dags/tutorial_dag.py for tasks to queue
[2024-09-25T13:57:32.475+0000] {logging_mixin.py:190} INFO - [2024-09-25T13:57:32.475+0000] {dagbag.py:588} INFO - Filling up the DagBag from /home/airflow/.local/lib/python3.12/site-packages/airflow/example_dags/tutorial_dag.py
[2024-09-25T13:57:32.481+0000] {processor.py:925} INFO - DAG(s) 'tutorial_dag' retrieved from /home/airflow/.local/lib/python3.12/site-packages/airflow/example_dags/tutorial_dag.py
[2024-09-25T13:57:32.497+0000] {logging_mixin.py:190} INFO - [2024-09-25T13:57:32.497+0000] {dag.py:3239} INFO - Sync 1 DAGs
[2024-09-25T13:57:32.510+0000] {logging_mixin.py:190} INFO - [2024-09-25T13:57:32.510+0000] {dag.py:4180} INFO - Setting next_dagrun for tutorial_dag to None, run_after=None
[2024-09-25T13:57:32.525+0000] {processor.py:208} INFO - Processing /home/airflow/.local/lib/python3.12/site-packages/airflow/example_dags/tutorial_dag.py took 0.058 seconds
[2024-09-25T13:58:02.945+0000] {processor.py:186} INFO - Started process (PID=2992) to work on /home/airflow/.local/lib/python3.12/site-packages/airflow/example_dags/tutorial_dag.py
[2024-09-25T13:58:02.946+0000] {processor.py:914} INFO - Processing file /home/airflow/.local/lib/python3.12/site-packages/airflow/example_dags/tutorial_dag.py for tasks to queue
[2024-09-25T13:58:02.948+0000] {logging_mixin.py:190} INFO - [2024-09-25T13:58:02.948+0000] {dagbag.py:588} INFO - Filling up the DagBag from /home/airflow/.local/lib/python3.12/site-packages/airflow/example_dags/tutorial_dag.py
[2024-09-25T13:58:02.955+0000] {processor.py:925} INFO - DAG(s) 'tutorial_dag' retrieved from /home/airflow/.local/lib/python3.12/site-packages/airflow/example_dags/tutorial_dag.py
[2024-09-25T13:58:02.971+0000] {logging_mixin.py:190} INFO - [2024-09-25T13:58:02.970+0000] {dag.py:3239} INFO - Sync 1 DAGs
[2024-09-25T13:58:02.983+0000] {logging_mixin.py:190} INFO - [2024-09-25T13:58:02.983+0000] {dag.py:4180} INFO - Setting next_dagrun for tutorial_dag to None, run_after=None
[2024-09-25T13:58:02.999+0000] {processor.py:208} INFO - Processing /home/airflow/.local/lib/python3.12/site-packages/airflow/example_dags/tutorial_dag.py took 0.058 seconds
[2024-09-25T13:58:33.119+0000] {processor.py:186} INFO - Started process (PID=3292) to work on /home/airflow/.local/lib/python3.12/site-packages/airflow/example_dags/tutorial_dag.py
[2024-09-25T13:58:33.120+0000] {processor.py:914} INFO - Processing file /home/airflow/.local/lib/python3.12/site-packages/airflow/example_dags/tutorial_dag.py for tasks to queue
[2024-09-25T13:58:33.122+0000] {logging_mixin.py:190} INFO - [2024-09-25T13:58:33.122+0000] {dagbag.py:588} INFO - Filling up the DagBag from /home/airflow/.local/lib/python3.12/site-packages/airflow/example_dags/tutorial_dag.py
[2024-09-25T13:58:33.128+0000] {processor.py:925} INFO - DAG(s) 'tutorial_dag' retrieved from /home/airflow/.local/lib/python3.12/site-packages/airflow/example_dags/tutorial_dag.py
[2024-09-25T13:58:33.144+0000] {logging_mixin.py:190} INFO - [2024-09-25T13:58:33.144+0000] {dag.py:3239} INFO - Sync 1 DAGs
[2024-09-25T13:58:33.157+0000] {logging_mixin.py:190} INFO - [2024-09-25T13:58:33.157+0000] {dag.py:4180} INFO - Setting next_dagrun for tutorial_dag to None, run_after=None
[2024-09-25T13:58:33.173+0000] {processor.py:208} INFO - Processing /home/airflow/.local/lib/python3.12/site-packages/airflow/example_dags/tutorial_dag.py took 0.059 seconds
[2024-09-25T13:59:03.470+0000] {processor.py:186} INFO - Started process (PID=3580) to work on /home/airflow/.local/lib/python3.12/site-packages/airflow/example_dags/tutorial_dag.py
[2024-09-25T13:59:03.471+0000] {processor.py:914} INFO - Processing file /home/airflow/.local/lib/python3.12/site-packages/airflow/example_dags/tutorial_dag.py for tasks to queue
[2024-09-25T13:59:03.473+0000] {logging_mixin.py:190} INFO - [2024-09-25T13:59:03.472+0000] {dagbag.py:588} INFO - Filling up the DagBag from /home/airflow/.local/lib/python3.12/site-packages/airflow/example_dags/tutorial_dag.py
[2024-09-25T13:59:03.478+0000] {processor.py:925} INFO - DAG(s) 'tutorial_dag' retrieved from /home/airflow/.local/lib/python3.12/site-packages/airflow/example_dags/tutorial_dag.py
[2024-09-25T13:59:03.494+0000] {logging_mixin.py:190} INFO - [2024-09-25T13:59:03.494+0000] {dag.py:3239} INFO - Sync 1 DAGs
[2024-09-25T13:59:03.507+0000] {logging_mixin.py:190} INFO - [2024-09-25T13:59:03.507+0000] {dag.py:4180} INFO - Setting next_dagrun for tutorial_dag to None, run_after=None
[2024-09-25T13:59:03.523+0000] {processor.py:208} INFO - Processing /home/airflow/.local/lib/python3.12/site-packages/airflow/example_dags/tutorial_dag.py took 0.058 seconds
[2024-09-25T13:59:33.804+0000] {processor.py:186} INFO - Started process (PID=3864) to work on /home/airflow/.local/lib/python3.12/site-packages/airflow/example_dags/tutorial_dag.py
[2024-09-25T13:59:33.805+0000] {processor.py:914} INFO - Processing file /home/airflow/.local/lib/python3.12/site-packages/airflow/example_dags/tutorial_dag.py for tasks to queue
[2024-09-25T13:59:33.806+0000] {logging_mixin.py:190} INFO - [2024-09-25T13:59:33.806+0000] {dagbag.py:588} INFO - Filling up the DagBag from /home/airflow/.local/lib/python3.12/site-packages/airflow/example_dags/tutorial_dag.py
[2024-09-25T13:59:33.812+0000] {processor.py:925} INFO - DAG(s) 'tutorial_dag' retrieved from /home/airflow/.local/lib/python3.12/site-packages/airflow/example_dags/tutorial_dag.py
[2024-09-25T13:59:33.829+0000] {logging_mixin.py:190} INFO - [2024-09-25T13:59:33.829+0000] {dag.py:3239} INFO - Sync 1 DAGs
[2024-09-25T13:59:33.843+0000] {logging_mixin.py:190} INFO - [2024-09-25T13:59:33.843+0000] {dag.py:4180} INFO - Setting next_dagrun for tutorial_dag to None, run_after=None
[2024-09-25T13:59:33.859+0000] {processor.py:208} INFO - Processing /home/airflow/.local/lib/python3.12/site-packages/airflow/example_dags/tutorial_dag.py took 0.061 seconds
[2024-09-25T14:00:03.981+0000] {processor.py:186} INFO - Started process (PID=4150) to work on /home/airflow/.local/lib/python3.12/site-packages/airflow/example_dags/tutorial_dag.py
[2024-09-25T14:00:03.982+0000] {processor.py:914} INFO - Processing file /home/airflow/.local/lib/python3.12/site-packages/airflow/example_dags/tutorial_dag.py for tasks to queue
[2024-09-25T14:00:03.984+0000] {logging_mixin.py:190} INFO - [2024-09-25T14:00:03.983+0000] {dagbag.py:588} INFO - Filling up the DagBag from /home/airflow/.local/lib/python3.12/site-packages/airflow/example_dags/tutorial_dag.py
[2024-09-25T14:00:03.990+0000] {processor.py:925} INFO - DAG(s) 'tutorial_dag' retrieved from /home/airflow/.local/lib/python3.12/site-packages/airflow/example_dags/tutorial_dag.py
[2024-09-25T14:00:04.005+0000] {logging_mixin.py:190} INFO - [2024-09-25T14:00:04.005+0000] {dag.py:3239} INFO - Sync 1 DAGs
[2024-09-25T14:00:04.018+0000] {logging_mixin.py:190} INFO - [2024-09-25T14:00:04.018+0000] {dag.py:4180} INFO - Setting next_dagrun for tutorial_dag to None, run_after=None
[2024-09-25T14:00:04.033+0000] {processor.py:208} INFO - Processing /home/airflow/.local/lib/python3.12/site-packages/airflow/example_dags/tutorial_dag.py took 0.057 seconds
[2024-09-25T14:00:34.361+0000] {processor.py:186} INFO - Started process (PID=4438) to work on /home/airflow/.local/lib/python3.12/site-packages/airflow/example_dags/tutorial_dag.py
[2024-09-25T14:00:34.362+0000] {processor.py:914} INFO - Processing file /home/airflow/.local/lib/python3.12/site-packages/airflow/example_dags/tutorial_dag.py for tasks to queue
[2024-09-25T14:00:34.364+0000] {logging_mixin.py:190} INFO - [2024-09-25T14:00:34.363+0000] {dagbag.py:588} INFO - Filling up the DagBag from /home/airflow/.local/lib/python3.12/site-packages/airflow/example_dags/tutorial_dag.py
[2024-09-25T14:00:34.369+0000] {processor.py:925} INFO - DAG(s) 'tutorial_dag' retrieved from /home/airflow/.local/lib/python3.12/site-packages/airflow/example_dags/tutorial_dag.py
[2024-09-25T14:00:34.385+0000] {logging_mixin.py:190} INFO - [2024-09-25T14:00:34.385+0000] {dag.py:3239} INFO - Sync 1 DAGs
[2024-09-25T14:00:34.398+0000] {logging_mixin.py:190} INFO - [2024-09-25T14:00:34.398+0000] {dag.py:4180} INFO - Setting next_dagrun for tutorial_dag to None, run_after=None
[2024-09-25T14:00:34.414+0000] {processor.py:208} INFO - Processing /home/airflow/.local/lib/python3.12/site-packages/airflow/example_dags/tutorial_dag.py took 0.057 seconds
[2024-09-25T14:01:04.451+0000] {processor.py:186} INFO - Started process (PID=4722) to work on /home/airflow/.local/lib/python3.12/site-packages/airflow/example_dags/tutorial_dag.py
[2024-09-25T14:01:04.452+0000] {processor.py:914} INFO - Processing file /home/airflow/.local/lib/python3.12/site-packages/airflow/example_dags/tutorial_dag.py for tasks to queue
[2024-09-25T14:01:04.454+0000] {logging_mixin.py:190} INFO - [2024-09-25T14:01:04.454+0000] {dagbag.py:588} INFO - Filling up the DagBag from /home/airflow/.local/lib/python3.12/site-packages/airflow/example_dags/tutorial_dag.py
[2024-09-25T14:01:04.460+0000] {processor.py:925} INFO - DAG(s) 'tutorial_dag' retrieved from /home/airflow/.local/lib/python3.12/site-packages/airflow/example_dags/tutorial_dag.py
[2024-09-25T14:01:04.477+0000] {logging_mixin.py:190} INFO - [2024-09-25T14:01:04.477+0000] {dag.py:3239} INFO - Sync 1 DAGs
[2024-09-25T14:01:04.492+0000] {logging_mixin.py:190} INFO - [2024-09-25T14:01:04.491+0000] {dag.py:4180} INFO - Setting next_dagrun for tutorial_dag to None, run_after=None
[2024-09-25T14:01:04.508+0000] {processor.py:208} INFO - Processing /home/airflow/.local/lib/python3.12/site-packages/airflow/example_dags/tutorial_dag.py took 0.062 seconds
[2024-09-25T14:01:35.631+0000] {processor.py:186} INFO - Started process (PID=5008) to work on /home/airflow/.local/lib/python3.12/site-packages/airflow/example_dags/tutorial_dag.py
[2024-09-25T14:01:35.632+0000] {processor.py:914} INFO - Processing file /home/airflow/.local/lib/python3.12/site-packages/airflow/example_dags/tutorial_dag.py for tasks to queue
[2024-09-25T14:01:35.634+0000] {logging_mixin.py:190} INFO - [2024-09-25T14:01:35.633+0000] {dagbag.py:588} INFO - Filling up the DagBag from /home/airflow/.local/lib/python3.12/site-packages/airflow/example_dags/tutorial_dag.py
[2024-09-25T14:01:35.640+0000] {processor.py:925} INFO - DAG(s) 'tutorial_dag' retrieved from /home/airflow/.local/lib/python3.12/site-packages/airflow/example_dags/tutorial_dag.py
[2024-09-25T14:01:35.656+0000] {logging_mixin.py:190} INFO - [2024-09-25T14:01:35.655+0000] {dag.py:3239} INFO - Sync 1 DAGs
[2024-09-25T14:01:35.669+0000] {logging_mixin.py:190} INFO - [2024-09-25T14:01:35.669+0000] {dag.py:4180} INFO - Setting next_dagrun for tutorial_dag to None, run_after=None
[2024-09-25T14:01:35.685+0000] {processor.py:208} INFO - Processing /home/airflow/.local/lib/python3.12/site-packages/airflow/example_dags/tutorial_dag.py took 0.059 seconds
[2024-09-25T14:02:06.786+0000] {processor.py:186} INFO - Started process (PID=5294) to work on /home/airflow/.local/lib/python3.12/site-packages/airflow/example_dags/tutorial_dag.py
[2024-09-25T14:02:06.787+0000] {processor.py:914} INFO - Processing file /home/airflow/.local/lib/python3.12/site-packages/airflow/example_dags/tutorial_dag.py for tasks to queue
[2024-09-25T14:02:06.789+0000] {logging_mixin.py:190} INFO - [2024-09-25T14:02:06.789+0000] {dagbag.py:588} INFO - Filling up the DagBag from /home/airflow/.local/lib/python3.12/site-packages/airflow/example_dags/tutorial_dag.py
[2024-09-25T14:02:06.795+0000] {processor.py:925} INFO - DAG(s) 'tutorial_dag' retrieved from /home/airflow/.local/lib/python3.12/site-packages/airflow/example_dags/tutorial_dag.py
[2024-09-25T14:02:06.811+0000] {logging_mixin.py:190} INFO - [2024-09-25T14:02:06.810+0000] {dag.py:3239} INFO - Sync 1 DAGs
[2024-09-25T14:02:06.824+0000] {logging_mixin.py:190} INFO - [2024-09-25T14:02:06.823+0000] {dag.py:4180} INFO - Setting next_dagrun for tutorial_dag to None, run_after=None
[2024-09-25T14:02:06.838+0000] {processor.py:208} INFO - Processing /home/airflow/.local/lib/python3.12/site-packages/airflow/example_dags/tutorial_dag.py took 0.057 seconds
[2024-09-25T14:03:08.816+0000] {processor.py:186} INFO - Started process (PID=389) to work on /home/airflow/.local/lib/python3.12/site-packages/airflow/example_dags/tutorial_dag.py
[2024-09-25T14:03:08.817+0000] {processor.py:914} INFO - Processing file /home/airflow/.local/lib/python3.12/site-packages/airflow/example_dags/tutorial_dag.py for tasks to queue
[2024-09-25T14:03:08.819+0000] {logging_mixin.py:190} INFO - [2024-09-25T14:03:08.819+0000] {dagbag.py:588} INFO - Filling up the DagBag from /home/airflow/.local/lib/python3.12/site-packages/airflow/example_dags/tutorial_dag.py
[2024-09-25T14:03:08.827+0000] {processor.py:925} INFO - DAG(s) 'tutorial_dag' retrieved from /home/airflow/.local/lib/python3.12/site-packages/airflow/example_dags/tutorial_dag.py
[2024-09-25T14:03:08.843+0000] {logging_mixin.py:190} INFO - [2024-09-25T14:03:08.843+0000] {dag.py:3239} INFO - Sync 1 DAGs
[2024-09-25T14:03:08.856+0000] {logging_mixin.py:190} INFO - [2024-09-25T14:03:08.856+0000] {dag.py:4180} INFO - Setting next_dagrun for tutorial_dag to None, run_after=None
[2024-09-25T14:03:08.872+0000] {processor.py:208} INFO - Processing /home/airflow/.local/lib/python3.12/site-packages/airflow/example_dags/tutorial_dag.py took 0.061 seconds
[2024-09-25T14:03:38.976+0000] {processor.py:186} INFO - Started process (PID=693) to work on /home/airflow/.local/lib/python3.12/site-packages/airflow/example_dags/tutorial_dag.py
[2024-09-25T14:03:38.976+0000] {processor.py:914} INFO - Processing file /home/airflow/.local/lib/python3.12/site-packages/airflow/example_dags/tutorial_dag.py for tasks to queue
[2024-09-25T14:03:38.979+0000] {logging_mixin.py:190} INFO - [2024-09-25T14:03:38.978+0000] {dagbag.py:588} INFO - Filling up the DagBag from /home/airflow/.local/lib/python3.12/site-packages/airflow/example_dags/tutorial_dag.py
[2024-09-25T14:03:38.984+0000] {processor.py:925} INFO - DAG(s) 'tutorial_dag' retrieved from /home/airflow/.local/lib/python3.12/site-packages/airflow/example_dags/tutorial_dag.py
[2024-09-25T14:03:39.000+0000] {logging_mixin.py:190} INFO - [2024-09-25T14:03:39.000+0000] {dag.py:3239} INFO - Sync 1 DAGs
[2024-09-25T14:03:39.012+0000] {logging_mixin.py:190} INFO - [2024-09-25T14:03:39.012+0000] {dag.py:4180} INFO - Setting next_dagrun for tutorial_dag to None, run_after=None
[2024-09-25T14:03:39.028+0000] {processor.py:208} INFO - Processing /home/airflow/.local/lib/python3.12/site-packages/airflow/example_dags/tutorial_dag.py took 0.058 seconds
