[2024-09-26T13:49:10.832+0000] {manager.py:483} INFO - Processing files using up to 2 processes at a time 
[2024-09-26T13:49:10.832+0000] {manager.py:484} INFO - Process each file at most once every 30 seconds
[2024-09-26T13:49:10.833+0000] {manager.py:485} INFO - Checking for new files in /opt/airflow/dags every 300 seconds
[2024-09-26T13:49:10.833+0000] {manager.py:821} INFO - Searching for files in /opt/airflow/dags
[2024-09-26T13:49:10.846+0000] {manager.py:824} INFO - There are 1 files in /opt/airflow/dags
[2024-09-26T13:49:10.960+0000] {manager.py:997} INFO - 
================================================================================
DAG File Processing Stats

File Path                     PID  Runtime      # DAGs    # Errors  Last Runtime    Last Run      Last # of DB Queries
--------------------------  -----  ---------  --------  ----------  --------------  ----------  ----------------------
/opt/airflow/dags/hello.py    180  0.02s             0           0                                                   0
================================================================================
[2024-09-26T13:49:41.126+0000] {manager.py:997} INFO - 
================================================================================
DAG File Processing Stats

File Path                     PID  Runtime      # DAGs    # Errors  Last Runtime    Last Run               Last # of DB Queries
--------------------------  -----  ---------  --------  ----------  --------------  -------------------  ----------------------
/opt/airflow/dags/hello.py    212  0.00s             1           0  0.13s           2024-09-26T13:49:11                      12
================================================================================
[2024-09-26T13:50:11.396+0000] {manager.py:997} INFO - 
================================================================================
DAG File Processing Stats

File Path                     PID  Runtime      # DAGs    # Errors  Last Runtime    Last Run               Last # of DB Queries
--------------------------  -----  ---------  --------  ----------  --------------  -------------------  ----------------------
/opt/airflow/dags/hello.py    223  0.00s             1           0  0.10s           2024-09-26T13:49:41                      12
================================================================================
[2024-09-26T13:50:41.588+0000] {manager.py:997} INFO - 
================================================================================
DAG File Processing Stats

File Path                     PID  Runtime      # DAGs    # Errors  Last Runtime    Last Run               Last # of DB Queries
--------------------------  -----  ---------  --------  ----------  --------------  -------------------  ----------------------
/opt/airflow/dags/hello.py    234  0.00s             1           0  0.10s           2024-09-26T13:50:11                      12
================================================================================
[2024-09-26T13:51:11.879+0000] {manager.py:997} INFO - 
================================================================================
DAG File Processing Stats

File Path                     PID  Runtime      # DAGs    # Errors  Last Runtime    Last Run               Last # of DB Queries
--------------------------  -----  ---------  --------  ----------  --------------  -------------------  ----------------------
/opt/airflow/dags/hello.py    245  0.00s             1           0  0.10s           2024-09-26T13:50:41                      12
================================================================================
[2024-09-26T13:51:42.061+0000] {manager.py:997} INFO - 
================================================================================
DAG File Processing Stats

File Path                     PID  Runtime      # DAGs    # Errors  Last Runtime    Last Run               Last # of DB Queries
--------------------------  -----  ---------  --------  ----------  --------------  -------------------  ----------------------
/opt/airflow/dags/hello.py    257  0.00s             1           0  0.09s           2024-09-26T13:51:11                      12
================================================================================
[2024-09-26T13:52:12.290+0000] {manager.py:997} INFO - 
================================================================================
DAG File Processing Stats

File Path                     PID  Runtime      # DAGs    # Errors  Last Runtime    Last Run               Last # of DB Queries
--------------------------  -----  ---------  --------  ----------  --------------  -------------------  ----------------------
/opt/airflow/dags/hello.py    268  0.00s             1           0  0.11s           2024-09-26T13:51:42                      12
================================================================================
[2024-09-26T13:52:42.551+0000] {manager.py:997} INFO - 
================================================================================
DAG File Processing Stats

File Path                     PID  Runtime      # DAGs    # Errors  Last Runtime    Last Run               Last # of DB Queries
--------------------------  -----  ---------  --------  ----------  --------------  -------------------  ----------------------
/opt/airflow/dags/hello.py    279  0.00s             1           0  0.09s           2024-09-26T13:52:12                      12
================================================================================
[2024-09-26T13:53:12.737+0000] {manager.py:997} INFO - 
================================================================================
DAG File Processing Stats

File Path                     PID  Runtime      # DAGs    # Errors  Last Runtime    Last Run               Last # of DB Queries
--------------------------  -----  ---------  --------  ----------  --------------  -------------------  ----------------------
/opt/airflow/dags/hello.py    290  0.00s             1           0  0.09s           2024-09-26T13:52:42                      12
================================================================================
[2024-09-26T13:53:42.998+0000] {manager.py:997} INFO - 
================================================================================
DAG File Processing Stats

File Path                     PID  Runtime      # DAGs    # Errors  Last Runtime    Last Run               Last # of DB Queries
--------------------------  -----  ---------  --------  ----------  --------------  -------------------  ----------------------
/opt/airflow/dags/hello.py    301  0.00s             1           0  0.10s           2024-09-26T13:53:12                      12
================================================================================
[2024-09-26T13:54:11.165+0000] {manager.py:821} INFO - Searching for files in /opt/airflow/dags
[2024-09-26T13:54:11.176+0000] {manager.py:824} INFO - There are 1 files in /opt/airflow/dags
[2024-09-26T13:54:13.207+0000] {manager.py:997} INFO - 
================================================================================
DAG File Processing Stats

File Path                     PID  Runtime      # DAGs    # Errors  Last Runtime    Last Run               Last # of DB Queries
--------------------------  -----  ---------  --------  ----------  --------------  -------------------  ----------------------
/opt/airflow/dags/hello.py    312  0.00s             1           0  0.10s           2024-09-26T13:53:43                      12
================================================================================
[2024-09-26T13:54:43.451+0000] {manager.py:997} INFO - 
================================================================================
DAG File Processing Stats

File Path                     PID  Runtime      # DAGs    # Errors  Last Runtime    Last Run               Last # of DB Queries
--------------------------  -----  ---------  --------  ----------  --------------  -------------------  ----------------------
/opt/airflow/dags/hello.py    323  0.00s             1           0  0.09s           2024-09-26T13:54:13                      12
================================================================================
[2024-09-26T13:55:13.648+0000] {manager.py:997} INFO - 
================================================================================
DAG File Processing Stats

File Path                     PID  Runtime      # DAGs    # Errors  Last Runtime    Last Run               Last # of DB Queries
--------------------------  -----  ---------  --------  ----------  --------------  -------------------  ----------------------
/opt/airflow/dags/hello.py    334  0.00s             1           0  0.09s           2024-09-26T13:54:43                      12
================================================================================
[2024-09-26T13:55:43.881+0000] {manager.py:997} INFO - 
================================================================================
DAG File Processing Stats

File Path                     PID  Runtime      # DAGs    # Errors  Last Runtime    Last Run               Last # of DB Queries
--------------------------  -----  ---------  --------  ----------  --------------  -------------------  ----------------------
/opt/airflow/dags/hello.py    345  0.00s             1           0  0.11s           2024-09-26T13:55:13                      12
================================================================================
[2024-09-26T13:56:14.112+0000] {manager.py:997} INFO - 
================================================================================
DAG File Processing Stats

File Path                     PID  Runtime      # DAGs    # Errors  Last Runtime    Last Run               Last # of DB Queries
--------------------------  -----  ---------  --------  ----------  --------------  -------------------  ----------------------
/opt/airflow/dags/hello.py    356  0.00s             1           0  0.09s           2024-09-26T13:55:43                      12
================================================================================
[2024-09-26T13:56:44.368+0000] {manager.py:997} INFO - 
================================================================================
DAG File Processing Stats

File Path                     PID  Runtime      # DAGs    # Errors  Last Runtime    Last Run               Last # of DB Queries
--------------------------  -----  ---------  --------  ----------  --------------  -------------------  ----------------------
/opt/airflow/dags/hello.py    368  0.00s             1           0  0.09s           2024-09-26T13:56:14                      12
================================================================================
[2024-09-26T13:57:14.670+0000] {manager.py:997} INFO - 
================================================================================
DAG File Processing Stats

File Path                     PID  Runtime      # DAGs    # Errors  Last Runtime    Last Run               Last # of DB Queries
--------------------------  -----  ---------  --------  ----------  --------------  -------------------  ----------------------
/opt/airflow/dags/hello.py    379  0.00s             1           0  0.09s           2024-09-26T13:56:44                      12
================================================================================
[2024-09-26T13:57:44.878+0000] {manager.py:997} INFO - 
================================================================================
DAG File Processing Stats

File Path                     PID  Runtime      # DAGs    # Errors  Last Runtime    Last Run               Last # of DB Queries
--------------------------  -----  ---------  --------  ----------  --------------  -------------------  ----------------------
/opt/airflow/dags/hello.py    390  0.00s             1           0  0.09s           2024-09-26T13:57:14                      12
================================================================================
[2024-09-26T13:58:15.139+0000] {manager.py:997} INFO - 
================================================================================
DAG File Processing Stats

File Path                     PID  Runtime      # DAGs    # Errors  Last Runtime    Last Run               Last # of DB Queries
--------------------------  -----  ---------  --------  ----------  --------------  -------------------  ----------------------
/opt/airflow/dags/hello.py    401  0.00s             1           0  0.09s           2024-09-26T13:57:44                      12
================================================================================
[2024-09-26T13:58:45.366+0000] {manager.py:997} INFO - 
================================================================================
DAG File Processing Stats

File Path                     PID  Runtime      # DAGs    # Errors  Last Runtime    Last Run               Last # of DB Queries
--------------------------  -----  ---------  --------  ----------  --------------  -------------------  ----------------------
/opt/airflow/dags/hello.py    412  0.00s             1           0  0.10s           2024-09-26T13:58:15                      12
================================================================================
[2024-09-26T13:59:11.685+0000] {manager.py:821} INFO - Searching for files in /opt/airflow/dags
[2024-09-26T13:59:11.696+0000] {manager.py:824} INFO - There are 1 files in /opt/airflow/dags
[2024-09-26T13:59:15.742+0000] {manager.py:997} INFO - 
================================================================================
DAG File Processing Stats

File Path                   PID    Runtime      # DAGs    # Errors  Last Runtime    Last Run               Last # of DB Queries
--------------------------  -----  ---------  --------  ----------  --------------  -------------------  ----------------------
/opt/airflow/dags/hello.py                           0           1  0.07s           2024-09-26T13:59:06                       5
================================================================================
[2024-09-26T13:59:46.111+0000] {manager.py:997} INFO - 
================================================================================
DAG File Processing Stats

File Path                   PID    Runtime      # DAGs    # Errors  Last Runtime    Last Run               Last # of DB Queries
--------------------------  -----  ---------  --------  ----------  --------------  -------------------  ----------------------
/opt/airflow/dags/hello.py                           1           0  0.11s           2024-09-26T13:59:42                      12
================================================================================
[2024-09-26T14:00:16.311+0000] {manager.py:997} INFO - 
================================================================================
DAG File Processing Stats

File Path                   PID    Runtime      # DAGs    # Errors  Last Runtime    Last Run               Last # of DB Queries
--------------------------  -----  ---------  --------  ----------  --------------  -------------------  ----------------------
/opt/airflow/dags/hello.py                           1           0  0.10s           2024-09-26T14:00:12                      12
================================================================================
[2024-09-26T14:00:46.550+0000] {manager.py:997} INFO - 
================================================================================
DAG File Processing Stats

File Path                   PID    Runtime      # DAGs    # Errors  Last Runtime    Last Run               Last # of DB Queries
--------------------------  -----  ---------  --------  ----------  --------------  -------------------  ----------------------
/opt/airflow/dags/hello.py                           1           0  0.10s           2024-09-26T14:00:42                      12
================================================================================
[2024-09-26T14:01:16.761+0000] {manager.py:997} INFO - 
================================================================================
DAG File Processing Stats

File Path                   PID    Runtime      # DAGs    # Errors  Last Runtime    Last Run               Last # of DB Queries
--------------------------  -----  ---------  --------  ----------  --------------  -------------------  ----------------------
/opt/airflow/dags/hello.py                           1           0  0.09s           2024-09-26T14:01:12                      12
================================================================================
[2024-09-26T14:01:46.977+0000] {manager.py:997} INFO - 
================================================================================
DAG File Processing Stats

File Path                   PID    Runtime      # DAGs    # Errors  Last Runtime    Last Run               Last # of DB Queries
--------------------------  -----  ---------  --------  ----------  --------------  -------------------  ----------------------
/opt/airflow/dags/hello.py                           1           0  0.10s           2024-09-26T14:01:43                      12
================================================================================
[2024-09-26T14:02:17.183+0000] {manager.py:997} INFO - 
================================================================================
DAG File Processing Stats

File Path                   PID    Runtime      # DAGs    # Errors  Last Runtime    Last Run               Last # of DB Queries
--------------------------  -----  ---------  --------  ----------  --------------  -------------------  ----------------------
/opt/airflow/dags/hello.py                           1           0  0.09s           2024-09-26T14:02:13                      12
================================================================================
[2024-09-26T14:02:47.403+0000] {manager.py:997} INFO - 
================================================================================
DAG File Processing Stats

File Path                   PID    Runtime      # DAGs    # Errors  Last Runtime    Last Run               Last # of DB Queries
--------------------------  -----  ---------  --------  ----------  --------------  -------------------  ----------------------
/opt/airflow/dags/hello.py                           1           0  0.10s           2024-09-26T14:02:43                      12
================================================================================
[2024-09-26T14:03:17.714+0000] {manager.py:997} INFO - 
================================================================================
DAG File Processing Stats

File Path                   PID    Runtime      # DAGs    # Errors  Last Runtime    Last Run               Last # of DB Queries
--------------------------  -----  ---------  --------  ----------  --------------  -------------------  ----------------------
/opt/airflow/dags/hello.py                           1           0  0.11s           2024-09-26T14:03:08                      12
================================================================================
[2024-09-26T14:03:47.939+0000] {manager.py:997} INFO - 
================================================================================
DAG File Processing Stats

File Path                   PID    Runtime      # DAGs    # Errors  Last Runtime    Last Run               Last # of DB Queries
--------------------------  -----  ---------  --------  ----------  --------------  -------------------  ----------------------
/opt/airflow/dags/hello.py                           1           0  0.09s           2024-09-26T14:03:38                      12
================================================================================
[2024-09-26T14:04:12.179+0000] {manager.py:821} INFO - Searching for files in /opt/airflow/dags
[2024-09-26T14:04:12.191+0000] {manager.py:824} INFO - There are 1 files in /opt/airflow/dags
[2024-09-26T14:04:18.257+0000] {manager.py:997} INFO - 
================================================================================
DAG File Processing Stats

File Path                   PID    Runtime      # DAGs    # Errors  Last Runtime    Last Run               Last # of DB Queries
--------------------------  -----  ---------  --------  ----------  --------------  -------------------  ----------------------
/opt/airflow/dags/hello.py                           1           0  0.11s           2024-09-26T14:04:17                      12
================================================================================
[2024-09-26T14:04:48.520+0000] {manager.py:997} INFO - 
================================================================================
DAG File Processing Stats

File Path                   PID    Runtime      # DAGs    # Errors  Last Runtime    Last Run               Last # of DB Queries
--------------------------  -----  ---------  --------  ----------  --------------  -------------------  ----------------------
/opt/airflow/dags/hello.py                           1           0  0.09s           2024-09-26T14:04:47                      12
================================================================================
[2024-09-26T14:05:18.698+0000] {manager.py:997} INFO - 
================================================================================
DAG File Processing Stats

File Path                   PID    Runtime      # DAGs    # Errors  Last Runtime    Last Run               Last # of DB Queries
--------------------------  -----  ---------  --------  ----------  --------------  -------------------  ----------------------
/opt/airflow/dags/hello.py                           1           0  0.09s           2024-09-26T14:05:17                      12
================================================================================
[2024-09-26T14:05:48.930+0000] {manager.py:997} INFO - 
================================================================================
DAG File Processing Stats

File Path                   PID    Runtime      # DAGs    # Errors  Last Runtime    Last Run               Last # of DB Queries
--------------------------  -----  ---------  --------  ----------  --------------  -------------------  ----------------------
/opt/airflow/dags/hello.py                           1           0  0.10s           2024-09-26T14:05:34                      12
================================================================================
[2024-09-26T14:06:19.213+0000] {manager.py:997} INFO - 
================================================================================
DAG File Processing Stats

File Path                   PID    Runtime      # DAGs    # Errors  Last Runtime    Last Run               Last # of DB Queries
--------------------------  -----  ---------  --------  ----------  --------------  -------------------  ----------------------
/opt/airflow/dags/hello.py                           1           0  0.13s           2024-09-26T14:06:06                      12
================================================================================
[2024-09-26T14:06:49.384+0000] {manager.py:997} INFO - 
================================================================================
DAG File Processing Stats

File Path                   PID    Runtime      # DAGs    # Errors  Last Runtime    Last Run               Last # of DB Queries
--------------------------  -----  ---------  --------  ----------  --------------  -------------------  ----------------------
/opt/airflow/dags/hello.py                           1           0  0.10s           2024-09-26T14:06:36                      12
================================================================================
[2024-09-26T14:07:19.695+0000] {manager.py:997} INFO - 
================================================================================
DAG File Processing Stats

File Path                   PID    Runtime      # DAGs    # Errors  Last Runtime    Last Run               Last # of DB Queries
--------------------------  -----  ---------  --------  ----------  --------------  -------------------  ----------------------
/opt/airflow/dags/hello.py                           1           0  0.10s           2024-09-26T14:07:06                      12
================================================================================
[2024-09-26T14:07:49.900+0000] {manager.py:997} INFO - 
================================================================================
DAG File Processing Stats

File Path                   PID    Runtime      # DAGs    # Errors  Last Runtime    Last Run               Last # of DB Queries
--------------------------  -----  ---------  --------  ----------  --------------  -------------------  ----------------------
/opt/airflow/dags/hello.py                           1           0  0.09s           2024-09-26T14:07:36                      12
================================================================================
[2024-09-26T14:08:20.080+0000] {manager.py:997} INFO - 
================================================================================
DAG File Processing Stats

File Path                   PID    Runtime      # DAGs    # Errors  Last Runtime    Last Run               Last # of DB Queries
--------------------------  -----  ---------  --------  ----------  --------------  -------------------  ----------------------
/opt/airflow/dags/hello.py                           1           0  0.10s           2024-09-26T14:08:07                      12
================================================================================
[2024-09-26T14:08:50.359+0000] {manager.py:997} INFO - 
================================================================================
DAG File Processing Stats

File Path                   PID    Runtime      # DAGs    # Errors  Last Runtime    Last Run               Last # of DB Queries
--------------------------  -----  ---------  --------  ----------  --------------  -------------------  ----------------------
/opt/airflow/dags/hello.py                           1           0  0.09s           2024-09-26T14:08:37                      12
================================================================================
[2024-09-26T14:09:12.489+0000] {manager.py:821} INFO - Searching for files in /opt/airflow/dags
[2024-09-26T14:09:12.501+0000] {manager.py:824} INFO - There are 1 files in /opt/airflow/dags
[2024-09-26T14:09:20.573+0000] {manager.py:997} INFO - 
================================================================================
DAG File Processing Stats

File Path                   PID    Runtime      # DAGs    # Errors  Last Runtime    Last Run               Last # of DB Queries
--------------------------  -----  ---------  --------  ----------  --------------  -------------------  ----------------------
/opt/airflow/dags/hello.py                           1           0  0.10s           2024-09-26T14:09:07                      12
================================================================================
[2024-09-26T14:09:50.795+0000] {manager.py:997} INFO - 
================================================================================
DAG File Processing Stats

File Path                   PID    Runtime      # DAGs    # Errors  Last Runtime    Last Run               Last # of DB Queries
--------------------------  -----  ---------  --------  ----------  --------------  -------------------  ----------------------
/opt/airflow/dags/hello.py                           1           0  0.11s           2024-09-26T14:09:33                      12
================================================================================
[2024-09-26T14:10:21.043+0000] {manager.py:997} INFO - 
================================================================================
DAG File Processing Stats

File Path                   PID    Runtime      # DAGs    # Errors  Last Runtime    Last Run               Last # of DB Queries
--------------------------  -----  ---------  --------  ----------  --------------  -------------------  ----------------------
/opt/airflow/dags/hello.py                           1           0  0.09s           2024-09-26T14:10:03                      12
================================================================================
[2024-09-26T14:10:51.230+0000] {manager.py:997} INFO - 
================================================================================
DAG File Processing Stats

File Path                   PID    Runtime      # DAGs    # Errors  Last Runtime    Last Run               Last # of DB Queries
--------------------------  -----  ---------  --------  ----------  --------------  -------------------  ----------------------
/opt/airflow/dags/hello.py                           1           0  0.09s           2024-09-26T14:10:34                      12
================================================================================
[2024-09-26T14:11:21.543+0000] {manager.py:997} INFO - 
================================================================================
DAG File Processing Stats

File Path                   PID    Runtime      # DAGs    # Errors  Last Runtime    Last Run               Last # of DB Queries
--------------------------  -----  ---------  --------  ----------  --------------  -------------------  ----------------------
/opt/airflow/dags/hello.py                           1           0  0.10s           2024-09-26T14:11:04                      12
================================================================================
[2024-09-26T14:11:51.755+0000] {manager.py:997} INFO - 
================================================================================
DAG File Processing Stats

File Path                   PID    Runtime      # DAGs    # Errors  Last Runtime    Last Run               Last # of DB Queries
--------------------------  -----  ---------  --------  ----------  --------------  -------------------  ----------------------
/opt/airflow/dags/hello.py                           1           0  0.09s           2024-09-26T14:11:34                      12
================================================================================
[2024-09-26T14:12:22.017+0000] {manager.py:997} INFO - 
================================================================================
DAG File Processing Stats

File Path                   PID    Runtime      # DAGs    # Errors  Last Runtime    Last Run               Last # of DB Queries
--------------------------  -----  ---------  --------  ----------  --------------  -------------------  ----------------------
/opt/airflow/dags/hello.py                           1           0  0.09s           2024-09-26T14:12:04                      12
================================================================================
[2024-09-26T14:12:52.247+0000] {manager.py:997} INFO - 
================================================================================
DAG File Processing Stats

File Path                   PID    Runtime      # DAGs    # Errors  Last Runtime    Last Run               Last # of DB Queries
--------------------------  -----  ---------  --------  ----------  --------------  -------------------  ----------------------
/opt/airflow/dags/hello.py                           1           0  0.09s           2024-09-26T14:12:35                      12
================================================================================
[2024-09-26T14:13:22.550+0000] {manager.py:997} INFO - 
================================================================================
DAG File Processing Stats

File Path                   PID    Runtime      # DAGs    # Errors  Last Runtime    Last Run               Last # of DB Queries
--------------------------  -----  ---------  --------  ----------  --------------  -------------------  ----------------------
/opt/airflow/dags/hello.py                           1           0  0.09s           2024-09-26T14:13:05                      12
================================================================================
[2024-09-26T14:13:52.854+0000] {manager.py:997} INFO - 
================================================================================
DAG File Processing Stats

File Path                   PID    Runtime      # DAGs    # Errors  Last Runtime    Last Run               Last # of DB Queries
--------------------------  -----  ---------  --------  ----------  --------------  -------------------  ----------------------
/opt/airflow/dags/hello.py                           1           0  0.12s           2024-09-26T14:13:37                      12
================================================================================
[2024-09-26T14:14:13.001+0000] {manager.py:821} INFO - Searching for files in /opt/airflow/dags
[2024-09-26T14:14:13.020+0000] {manager.py:824} INFO - There are 1 files in /opt/airflow/dags
[2024-09-26T14:14:23.110+0000] {manager.py:997} INFO - 
================================================================================
DAG File Processing Stats

File Path                   PID    Runtime      # DAGs    # Errors  Last Runtime    Last Run               Last # of DB Queries
--------------------------  -----  ---------  --------  ----------  --------------  -------------------  ----------------------
/opt/airflow/dags/hello.py                           1           0  0.09s           2024-09-26T14:14:08                      12
================================================================================
[2024-09-26T14:14:53.348+0000] {manager.py:997} INFO - 
================================================================================
DAG File Processing Stats

File Path                   PID    Runtime      # DAGs    # Errors  Last Runtime    Last Run               Last # of DB Queries
--------------------------  -----  ---------  --------  ----------  --------------  -------------------  ----------------------
/opt/airflow/dags/hello.py                           1           0  0.09s           2024-09-26T14:14:38                      12
================================================================================
[2024-09-26T14:15:23.619+0000] {manager.py:997} INFO - 
================================================================================
DAG File Processing Stats

File Path                   PID    Runtime      # DAGs    # Errors  Last Runtime    Last Run               Last # of DB Queries
--------------------------  -----  ---------  --------  ----------  --------------  -------------------  ----------------------
/opt/airflow/dags/hello.py                           1           0  0.09s           2024-09-26T14:15:08                      12
================================================================================
[2024-09-26T14:15:53.926+0000] {manager.py:997} INFO - 
================================================================================
DAG File Processing Stats

File Path                   PID    Runtime      # DAGs    # Errors  Last Runtime    Last Run               Last # of DB Queries
--------------------------  -----  ---------  --------  ----------  --------------  -------------------  ----------------------
/opt/airflow/dags/hello.py                           1           0  0.11s           2024-09-26T14:15:40                      12
================================================================================
[2024-09-26T14:16:24.137+0000] {manager.py:997} INFO - 
================================================================================
DAG File Processing Stats

File Path                   PID    Runtime      # DAGs    # Errors  Last Runtime    Last Run               Last # of DB Queries
--------------------------  -----  ---------  --------  ----------  --------------  -------------------  ----------------------
/opt/airflow/dags/hello.py                           1           0  0.10s           2024-09-26T14:16:11                      12
================================================================================
[2024-09-26T14:16:54.413+0000] {manager.py:997} INFO - 
================================================================================
DAG File Processing Stats

File Path                   PID    Runtime      # DAGs    # Errors  Last Runtime    Last Run               Last # of DB Queries
--------------------------  -----  ---------  --------  ----------  --------------  -------------------  ----------------------
/opt/airflow/dags/hello.py                           1           0  0.10s           2024-09-26T14:16:35                      12
================================================================================
[2024-09-26T14:17:24.633+0000] {manager.py:997} INFO - 
================================================================================
DAG File Processing Stats

File Path                   PID    Runtime      # DAGs    # Errors  Last Runtime    Last Run               Last # of DB Queries
--------------------------  -----  ---------  --------  ----------  --------------  -------------------  ----------------------
/opt/airflow/dags/hello.py                           1           0  0.10s           2024-09-26T14:17:05                      12
================================================================================
[2024-09-26T14:17:54.917+0000] {manager.py:997} INFO - 
================================================================================
DAG File Processing Stats

File Path                   PID    Runtime      # DAGs    # Errors  Last Runtime    Last Run               Last # of DB Queries
--------------------------  -----  ---------  --------  ----------  --------------  -------------------  ----------------------
/opt/airflow/dags/hello.py                           1           0  0.10s           2024-09-26T14:17:35                      12
================================================================================
[2024-09-26T14:18:25.163+0000] {manager.py:997} INFO - 
================================================================================
DAG File Processing Stats

File Path                   PID    Runtime      # DAGs    # Errors  Last Runtime    Last Run               Last # of DB Queries
--------------------------  -----  ---------  --------  ----------  --------------  -------------------  ----------------------
/opt/airflow/dags/hello.py                           1           0  0.09s           2024-09-26T14:18:06                      12
================================================================================
[2024-09-26T14:18:55.365+0000] {manager.py:997} INFO - 
================================================================================
DAG File Processing Stats

File Path                   PID    Runtime      # DAGs    # Errors  Last Runtime    Last Run               Last # of DB Queries
--------------------------  -----  ---------  --------  ----------  --------------  -------------------  ----------------------
/opt/airflow/dags/hello.py                           1           0  0.09s           2024-09-26T14:18:36                      12
================================================================================
[2024-09-26T14:19:13.553+0000] {manager.py:821} INFO - Searching for files in /opt/airflow/dags
[2024-09-26T14:19:13.565+0000] {manager.py:824} INFO - There are 1 files in /opt/airflow/dags
[2024-09-26T14:19:25.656+0000] {manager.py:997} INFO - 
================================================================================
DAG File Processing Stats

File Path                   PID    Runtime      # DAGs    # Errors  Last Runtime    Last Run               Last # of DB Queries
--------------------------  -----  ---------  --------  ----------  --------------  -------------------  ----------------------
/opt/airflow/dags/hello.py                           1           0  0.10s           2024-09-26T14:19:06                      12
================================================================================
[2024-09-26T14:19:55.829+0000] {manager.py:997} INFO - 
================================================================================
DAG File Processing Stats

File Path                   PID    Runtime      # DAGs    # Errors  Last Runtime    Last Run               Last # of DB Queries
--------------------------  -----  ---------  --------  ----------  --------------  -------------------  ----------------------
/opt/airflow/dags/hello.py                           1           0  0.10s           2024-09-26T14:19:36                      12
================================================================================
[2024-09-26T14:20:26.139+0000] {manager.py:997} INFO - 
================================================================================
DAG File Processing Stats

File Path                   PID    Runtime      # DAGs    # Errors  Last Runtime    Last Run               Last # of DB Queries
--------------------------  -----  ---------  --------  ----------  --------------  -------------------  ----------------------
/opt/airflow/dags/hello.py                           1           0  0.09s           2024-09-26T14:20:07                      12
================================================================================
[2024-09-26T14:20:56.394+0000] {manager.py:997} INFO - 
================================================================================
DAG File Processing Stats

File Path                   PID    Runtime      # DAGs    # Errors  Last Runtime    Last Run               Last # of DB Queries
--------------------------  -----  ---------  --------  ----------  --------------  -------------------  ----------------------
/opt/airflow/dags/hello.py                           1           0  0.09s           2024-09-26T14:20:37                      12
================================================================================
[2024-09-26T14:21:26.624+0000] {manager.py:997} INFO - 
================================================================================
DAG File Processing Stats

File Path                   PID    Runtime      # DAGs    # Errors  Last Runtime    Last Run               Last # of DB Queries
--------------------------  -----  ---------  --------  ----------  --------------  -------------------  ----------------------
/opt/airflow/dags/hello.py                           1           0  0.09s           2024-09-26T14:21:07                      12
================================================================================
[2024-09-26T14:21:56.862+0000] {manager.py:997} INFO - 
================================================================================
DAG File Processing Stats

File Path                   PID    Runtime      # DAGs    # Errors  Last Runtime    Last Run               Last # of DB Queries
--------------------------  -----  ---------  --------  ----------  --------------  -------------------  ----------------------
/opt/airflow/dags/hello.py                           1           0  0.09s           2024-09-26T14:21:37                      12
================================================================================
[2024-09-26T14:22:27.088+0000] {manager.py:997} INFO - 
================================================================================
DAG File Processing Stats

File Path                   PID    Runtime      # DAGs    # Errors  Last Runtime    Last Run               Last # of DB Queries
--------------------------  -----  ---------  --------  ----------  --------------  -------------------  ----------------------
/opt/airflow/dags/hello.py                           1           0  0.10s           2024-09-26T14:22:08                      12
================================================================================
[2024-09-26T14:22:57.321+0000] {manager.py:997} INFO - 
================================================================================
DAG File Processing Stats

File Path                   PID    Runtime      # DAGs    # Errors  Last Runtime    Last Run               Last # of DB Queries
--------------------------  -----  ---------  --------  ----------  --------------  -------------------  ----------------------
/opt/airflow/dags/hello.py                           1           0  0.10s           2024-09-26T14:22:38                      12
================================================================================
[2024-09-26T14:23:27.544+0000] {manager.py:997} INFO - 
================================================================================
DAG File Processing Stats

File Path                   PID    Runtime      # DAGs    # Errors  Last Runtime    Last Run               Last # of DB Queries
--------------------------  -----  ---------  --------  ----------  --------------  -------------------  ----------------------
/opt/airflow/dags/hello.py                           1           0  0.10s           2024-09-26T14:23:08                      12
================================================================================
[2024-09-26T14:23:57.815+0000] {manager.py:997} INFO - 
================================================================================
DAG File Processing Stats

File Path                   PID    Runtime      # DAGs    # Errors  Last Runtime    Last Run               Last # of DB Queries
--------------------------  -----  ---------  --------  ----------  --------------  -------------------  ----------------------
/opt/airflow/dags/hello.py                           1           0  0.09s           2024-09-26T14:23:38                      12
================================================================================
[2024-09-26T14:24:13.913+0000] {manager.py:821} INFO - Searching for files in /opt/airflow/dags
[2024-09-26T14:24:13.925+0000] {manager.py:824} INFO - There are 1 files in /opt/airflow/dags
[2024-09-26T14:24:28.008+0000] {manager.py:997} INFO - 
================================================================================
DAG File Processing Stats

File Path                   PID    Runtime      # DAGs    # Errors  Last Runtime    Last Run               Last # of DB Queries
--------------------------  -----  ---------  --------  ----------  --------------  -------------------  ----------------------
/opt/airflow/dags/hello.py                           1           0  0.12s           2024-09-26T14:24:08                      12
================================================================================
[2024-09-26T14:24:58.264+0000] {manager.py:997} INFO - 
================================================================================
DAG File Processing Stats

File Path                   PID    Runtime      # DAGs    # Errors  Last Runtime    Last Run               Last # of DB Queries
--------------------------  -----  ---------  --------  ----------  --------------  -------------------  ----------------------
/opt/airflow/dags/hello.py                           1           0  0.10s           2024-09-26T14:24:39                      12
================================================================================
[2024-09-26T14:25:28.462+0000] {manager.py:997} INFO - 
================================================================================
DAG File Processing Stats

File Path                   PID    Runtime      # DAGs    # Errors  Last Runtime    Last Run               Last # of DB Queries
--------------------------  -----  ---------  --------  ----------  --------------  -------------------  ----------------------
/opt/airflow/dags/hello.py                           1           0  0.10s           2024-09-26T14:25:09                      12
================================================================================
[2024-09-26T14:25:58.692+0000] {manager.py:997} INFO - 
================================================================================
DAG File Processing Stats

File Path                   PID    Runtime      # DAGs    # Errors  Last Runtime    Last Run               Last # of DB Queries
--------------------------  -----  ---------  --------  ----------  --------------  -------------------  ----------------------
/opt/airflow/dags/hello.py                           1           0  0.10s           2024-09-26T14:25:39                      12
================================================================================
