[2024-09-26T13:25:10.241+0000] {processor.py:186} INFO - Started process (PID=16434) to work on /home/airflow/.local/lib/python3.12/site-packages/airflow/example_dags/example_task_group.py
[2024-09-26T13:25:10.242+0000] {processor.py:914} INFO - Processing file /home/airflow/.local/lib/python3.12/site-packages/airflow/example_dags/example_task_group.py for tasks to queue
[2024-09-26T13:25:10.244+0000] {logging_mixin.py:190} INFO - [2024-09-26T13:25:10.244+0000] {dagbag.py:588} INFO - Filling up the DagBag from /home/airflow/.local/lib/python3.12/site-packages/airflow/example_dags/example_task_group.py
[2024-09-26T13:25:10.251+0000] {processor.py:925} INFO - DAG(s) 'example_task_group' retrieved from /home/airflow/.local/lib/python3.12/site-packages/airflow/example_dags/example_task_group.py
[2024-09-26T13:25:10.268+0000] {logging_mixin.py:190} INFO - [2024-09-26T13:25:10.268+0000] {dag.py:3239} INFO - Sync 1 DAGs
[2024-09-26T13:25:10.281+0000] {logging_mixin.py:190} INFO - [2024-09-26T13:25:10.281+0000] {dag.py:4180} INFO - Setting next_dagrun for example_task_group to None, run_after=None
[2024-09-26T13:25:10.296+0000] {processor.py:208} INFO - Processing /home/airflow/.local/lib/python3.12/site-packages/airflow/example_dags/example_task_group.py took 0.059 seconds
[2024-09-26T13:25:40.859+0000] {processor.py:186} INFO - Started process (PID=16720) to work on /home/airflow/.local/lib/python3.12/site-packages/airflow/example_dags/example_task_group.py
[2024-09-26T13:25:40.860+0000] {processor.py:914} INFO - Processing file /home/airflow/.local/lib/python3.12/site-packages/airflow/example_dags/example_task_group.py for tasks to queue
[2024-09-26T13:25:40.861+0000] {logging_mixin.py:190} INFO - [2024-09-26T13:25:40.861+0000] {dagbag.py:588} INFO - Filling up the DagBag from /home/airflow/.local/lib/python3.12/site-packages/airflow/example_dags/example_task_group.py
[2024-09-26T13:25:40.868+0000] {processor.py:925} INFO - DAG(s) 'example_task_group' retrieved from /home/airflow/.local/lib/python3.12/site-packages/airflow/example_dags/example_task_group.py
[2024-09-26T13:25:40.884+0000] {logging_mixin.py:190} INFO - [2024-09-26T13:25:40.884+0000] {dag.py:3239} INFO - Sync 1 DAGs
[2024-09-26T13:25:40.897+0000] {logging_mixin.py:190} INFO - [2024-09-26T13:25:40.896+0000] {dag.py:4180} INFO - Setting next_dagrun for example_task_group to None, run_after=None
[2024-09-26T13:25:40.912+0000] {processor.py:208} INFO - Processing /home/airflow/.local/lib/python3.12/site-packages/airflow/example_dags/example_task_group.py took 0.057 seconds
[2024-09-26T13:26:11.551+0000] {processor.py:186} INFO - Started process (PID=17006) to work on /home/airflow/.local/lib/python3.12/site-packages/airflow/example_dags/example_task_group.py
[2024-09-26T13:26:11.552+0000] {processor.py:914} INFO - Processing file /home/airflow/.local/lib/python3.12/site-packages/airflow/example_dags/example_task_group.py for tasks to queue
[2024-09-26T13:26:11.553+0000] {logging_mixin.py:190} INFO - [2024-09-26T13:26:11.553+0000] {dagbag.py:588} INFO - Filling up the DagBag from /home/airflow/.local/lib/python3.12/site-packages/airflow/example_dags/example_task_group.py
[2024-09-26T13:26:11.560+0000] {processor.py:925} INFO - DAG(s) 'example_task_group' retrieved from /home/airflow/.local/lib/python3.12/site-packages/airflow/example_dags/example_task_group.py
[2024-09-26T13:26:11.578+0000] {logging_mixin.py:190} INFO - [2024-09-26T13:26:11.577+0000] {dag.py:3239} INFO - Sync 1 DAGs
[2024-09-26T13:26:11.590+0000] {logging_mixin.py:190} INFO - [2024-09-26T13:26:11.590+0000] {dag.py:4180} INFO - Setting next_dagrun for example_task_group to None, run_after=None
[2024-09-26T13:26:11.724+0000] {processor.py:208} INFO - Processing /home/airflow/.local/lib/python3.12/site-packages/airflow/example_dags/example_task_group.py took 0.178 seconds
[2024-09-26T13:26:41.946+0000] {processor.py:186} INFO - Started process (PID=17292) to work on /home/airflow/.local/lib/python3.12/site-packages/airflow/example_dags/example_task_group.py
[2024-09-26T13:26:41.946+0000] {processor.py:914} INFO - Processing file /home/airflow/.local/lib/python3.12/site-packages/airflow/example_dags/example_task_group.py for tasks to queue
[2024-09-26T13:26:41.948+0000] {logging_mixin.py:190} INFO - [2024-09-26T13:26:41.948+0000] {dagbag.py:588} INFO - Filling up the DagBag from /home/airflow/.local/lib/python3.12/site-packages/airflow/example_dags/example_task_group.py
[2024-09-26T13:26:41.955+0000] {processor.py:925} INFO - DAG(s) 'example_task_group' retrieved from /home/airflow/.local/lib/python3.12/site-packages/airflow/example_dags/example_task_group.py
[2024-09-26T13:26:41.972+0000] {logging_mixin.py:190} INFO - [2024-09-26T13:26:41.972+0000] {dag.py:3239} INFO - Sync 1 DAGs
[2024-09-26T13:26:41.984+0000] {logging_mixin.py:190} INFO - [2024-09-26T13:26:41.984+0000] {dag.py:4180} INFO - Setting next_dagrun for example_task_group to None, run_after=None
[2024-09-26T13:26:42.000+0000] {processor.py:208} INFO - Processing /home/airflow/.local/lib/python3.12/site-packages/airflow/example_dags/example_task_group.py took 0.059 seconds
[2024-09-26T13:27:12.285+0000] {processor.py:186} INFO - Started process (PID=17578) to work on /home/airflow/.local/lib/python3.12/site-packages/airflow/example_dags/example_task_group.py
[2024-09-26T13:27:12.286+0000] {processor.py:914} INFO - Processing file /home/airflow/.local/lib/python3.12/site-packages/airflow/example_dags/example_task_group.py for tasks to queue
[2024-09-26T13:27:12.288+0000] {logging_mixin.py:190} INFO - [2024-09-26T13:27:12.287+0000] {dagbag.py:588} INFO - Filling up the DagBag from /home/airflow/.local/lib/python3.12/site-packages/airflow/example_dags/example_task_group.py
[2024-09-26T13:27:12.294+0000] {processor.py:925} INFO - DAG(s) 'example_task_group' retrieved from /home/airflow/.local/lib/python3.12/site-packages/airflow/example_dags/example_task_group.py
[2024-09-26T13:27:12.311+0000] {logging_mixin.py:190} INFO - [2024-09-26T13:27:12.310+0000] {dag.py:3239} INFO - Sync 1 DAGs
[2024-09-26T13:27:12.323+0000] {logging_mixin.py:190} INFO - [2024-09-26T13:27:12.322+0000] {dag.py:4180} INFO - Setting next_dagrun for example_task_group to None, run_after=None
[2024-09-26T13:27:12.337+0000] {processor.py:208} INFO - Processing /home/airflow/.local/lib/python3.12/site-packages/airflow/example_dags/example_task_group.py took 0.057 seconds
[2024-09-26T13:27:43.413+0000] {processor.py:186} INFO - Started process (PID=17866) to work on /home/airflow/.local/lib/python3.12/site-packages/airflow/example_dags/example_task_group.py
[2024-09-26T13:27:43.414+0000] {processor.py:914} INFO - Processing file /home/airflow/.local/lib/python3.12/site-packages/airflow/example_dags/example_task_group.py for tasks to queue
[2024-09-26T13:27:43.416+0000] {logging_mixin.py:190} INFO - [2024-09-26T13:27:43.415+0000] {dagbag.py:588} INFO - Filling up the DagBag from /home/airflow/.local/lib/python3.12/site-packages/airflow/example_dags/example_task_group.py
[2024-09-26T13:27:43.423+0000] {processor.py:925} INFO - DAG(s) 'example_task_group' retrieved from /home/airflow/.local/lib/python3.12/site-packages/airflow/example_dags/example_task_group.py
[2024-09-26T13:27:43.441+0000] {logging_mixin.py:190} INFO - [2024-09-26T13:27:43.441+0000] {dag.py:3239} INFO - Sync 1 DAGs
[2024-09-26T13:27:43.453+0000] {logging_mixin.py:190} INFO - [2024-09-26T13:27:43.453+0000] {dag.py:4180} INFO - Setting next_dagrun for example_task_group to None, run_after=None
[2024-09-26T13:27:43.467+0000] {processor.py:208} INFO - Processing /home/airflow/.local/lib/python3.12/site-packages/airflow/example_dags/example_task_group.py took 0.059 seconds
[2024-09-26T13:28:14.462+0000] {processor.py:186} INFO - Started process (PID=18158) to work on /home/airflow/.local/lib/python3.12/site-packages/airflow/example_dags/example_task_group.py
[2024-09-26T13:28:14.462+0000] {processor.py:914} INFO - Processing file /home/airflow/.local/lib/python3.12/site-packages/airflow/example_dags/example_task_group.py for tasks to queue
[2024-09-26T13:28:14.464+0000] {logging_mixin.py:190} INFO - [2024-09-26T13:28:14.464+0000] {dagbag.py:588} INFO - Filling up the DagBag from /home/airflow/.local/lib/python3.12/site-packages/airflow/example_dags/example_task_group.py
[2024-09-26T13:28:14.471+0000] {processor.py:925} INFO - DAG(s) 'example_task_group' retrieved from /home/airflow/.local/lib/python3.12/site-packages/airflow/example_dags/example_task_group.py
[2024-09-26T13:28:14.488+0000] {logging_mixin.py:190} INFO - [2024-09-26T13:28:14.487+0000] {dag.py:3239} INFO - Sync 1 DAGs
[2024-09-26T13:28:14.499+0000] {logging_mixin.py:190} INFO - [2024-09-26T13:28:14.499+0000] {dag.py:4180} INFO - Setting next_dagrun for example_task_group to None, run_after=None
[2024-09-26T13:28:14.514+0000] {processor.py:208} INFO - Processing /home/airflow/.local/lib/python3.12/site-packages/airflow/example_dags/example_task_group.py took 0.056 seconds
[2024-09-26T13:28:45.559+0000] {processor.py:186} INFO - Started process (PID=18442) to work on /home/airflow/.local/lib/python3.12/site-packages/airflow/example_dags/example_task_group.py
[2024-09-26T13:28:45.560+0000] {processor.py:914} INFO - Processing file /home/airflow/.local/lib/python3.12/site-packages/airflow/example_dags/example_task_group.py for tasks to queue
[2024-09-26T13:28:45.561+0000] {logging_mixin.py:190} INFO - [2024-09-26T13:28:45.561+0000] {dagbag.py:588} INFO - Filling up the DagBag from /home/airflow/.local/lib/python3.12/site-packages/airflow/example_dags/example_task_group.py
[2024-09-26T13:28:45.569+0000] {processor.py:925} INFO - DAG(s) 'example_task_group' retrieved from /home/airflow/.local/lib/python3.12/site-packages/airflow/example_dags/example_task_group.py
[2024-09-26T13:28:45.586+0000] {logging_mixin.py:190} INFO - [2024-09-26T13:28:45.586+0000] {dag.py:3239} INFO - Sync 1 DAGs
[2024-09-26T13:28:45.599+0000] {logging_mixin.py:190} INFO - [2024-09-26T13:28:45.599+0000] {dag.py:4180} INFO - Setting next_dagrun for example_task_group to None, run_after=None
[2024-09-26T13:28:45.613+0000] {processor.py:208} INFO - Processing /home/airflow/.local/lib/python3.12/site-packages/airflow/example_dags/example_task_group.py took 0.059 seconds
[2024-09-26T13:29:15.764+0000] {processor.py:186} INFO - Started process (PID=18728) to work on /home/airflow/.local/lib/python3.12/site-packages/airflow/example_dags/example_task_group.py
[2024-09-26T13:29:15.764+0000] {processor.py:914} INFO - Processing file /home/airflow/.local/lib/python3.12/site-packages/airflow/example_dags/example_task_group.py for tasks to queue
[2024-09-26T13:29:15.767+0000] {logging_mixin.py:190} INFO - [2024-09-26T13:29:15.766+0000] {dagbag.py:588} INFO - Filling up the DagBag from /home/airflow/.local/lib/python3.12/site-packages/airflow/example_dags/example_task_group.py
[2024-09-26T13:29:15.774+0000] {processor.py:925} INFO - DAG(s) 'example_task_group' retrieved from /home/airflow/.local/lib/python3.12/site-packages/airflow/example_dags/example_task_group.py
[2024-09-26T13:29:15.791+0000] {logging_mixin.py:190} INFO - [2024-09-26T13:29:15.791+0000] {dag.py:3239} INFO - Sync 1 DAGs
[2024-09-26T13:29:15.803+0000] {logging_mixin.py:190} INFO - [2024-09-26T13:29:15.803+0000] {dag.py:4180} INFO - Setting next_dagrun for example_task_group to None, run_after=None
[2024-09-26T13:29:15.818+0000] {processor.py:208} INFO - Processing /home/airflow/.local/lib/python3.12/site-packages/airflow/example_dags/example_task_group.py took 0.060 seconds
[2024-09-26T13:29:45.993+0000] {processor.py:186} INFO - Started process (PID=19014) to work on /home/airflow/.local/lib/python3.12/site-packages/airflow/example_dags/example_task_group.py
[2024-09-26T13:29:45.994+0000] {processor.py:914} INFO - Processing file /home/airflow/.local/lib/python3.12/site-packages/airflow/example_dags/example_task_group.py for tasks to queue
[2024-09-26T13:29:45.996+0000] {logging_mixin.py:190} INFO - [2024-09-26T13:29:45.996+0000] {dagbag.py:588} INFO - Filling up the DagBag from /home/airflow/.local/lib/python3.12/site-packages/airflow/example_dags/example_task_group.py
[2024-09-26T13:29:46.003+0000] {processor.py:925} INFO - DAG(s) 'example_task_group' retrieved from /home/airflow/.local/lib/python3.12/site-packages/airflow/example_dags/example_task_group.py
[2024-09-26T13:29:46.021+0000] {logging_mixin.py:190} INFO - [2024-09-26T13:29:46.021+0000] {dag.py:3239} INFO - Sync 1 DAGs
[2024-09-26T13:29:46.034+0000] {logging_mixin.py:190} INFO - [2024-09-26T13:29:46.034+0000] {dag.py:4180} INFO - Setting next_dagrun for example_task_group to None, run_after=None
[2024-09-26T13:29:46.050+0000] {processor.py:208} INFO - Processing /home/airflow/.local/lib/python3.12/site-packages/airflow/example_dags/example_task_group.py took 0.061 seconds
[2024-09-26T13:30:16.207+0000] {processor.py:186} INFO - Started process (PID=19300) to work on /home/airflow/.local/lib/python3.12/site-packages/airflow/example_dags/example_task_group.py
[2024-09-26T13:30:16.208+0000] {processor.py:914} INFO - Processing file /home/airflow/.local/lib/python3.12/site-packages/airflow/example_dags/example_task_group.py for tasks to queue
[2024-09-26T13:30:16.209+0000] {logging_mixin.py:190} INFO - [2024-09-26T13:30:16.209+0000] {dagbag.py:588} INFO - Filling up the DagBag from /home/airflow/.local/lib/python3.12/site-packages/airflow/example_dags/example_task_group.py
[2024-09-26T13:30:16.216+0000] {processor.py:925} INFO - DAG(s) 'example_task_group' retrieved from /home/airflow/.local/lib/python3.12/site-packages/airflow/example_dags/example_task_group.py
[2024-09-26T13:30:16.233+0000] {logging_mixin.py:190} INFO - [2024-09-26T13:30:16.232+0000] {dag.py:3239} INFO - Sync 1 DAGs
[2024-09-26T13:30:16.246+0000] {logging_mixin.py:190} INFO - [2024-09-26T13:30:16.245+0000] {dag.py:4180} INFO - Setting next_dagrun for example_task_group to None, run_after=None
[2024-09-26T13:30:16.260+0000] {processor.py:208} INFO - Processing /home/airflow/.local/lib/python3.12/site-packages/airflow/example_dags/example_task_group.py took 0.057 seconds
[2024-09-26T13:30:47.134+0000] {processor.py:186} INFO - Started process (PID=19586) to work on /home/airflow/.local/lib/python3.12/site-packages/airflow/example_dags/example_task_group.py
[2024-09-26T13:30:47.135+0000] {processor.py:914} INFO - Processing file /home/airflow/.local/lib/python3.12/site-packages/airflow/example_dags/example_task_group.py for tasks to queue
[2024-09-26T13:30:47.137+0000] {logging_mixin.py:190} INFO - [2024-09-26T13:30:47.136+0000] {dagbag.py:588} INFO - Filling up the DagBag from /home/airflow/.local/lib/python3.12/site-packages/airflow/example_dags/example_task_group.py
[2024-09-26T13:30:47.143+0000] {processor.py:925} INFO - DAG(s) 'example_task_group' retrieved from /home/airflow/.local/lib/python3.12/site-packages/airflow/example_dags/example_task_group.py
[2024-09-26T13:30:47.160+0000] {logging_mixin.py:190} INFO - [2024-09-26T13:30:47.160+0000] {dag.py:3239} INFO - Sync 1 DAGs
[2024-09-26T13:30:47.172+0000] {logging_mixin.py:190} INFO - [2024-09-26T13:30:47.172+0000] {dag.py:4180} INFO - Setting next_dagrun for example_task_group to None, run_after=None
[2024-09-26T13:30:47.187+0000] {processor.py:208} INFO - Processing /home/airflow/.local/lib/python3.12/site-packages/airflow/example_dags/example_task_group.py took 0.057 seconds
