[2024-09-26T13:25:04.280+0000] {processor.py:186} INFO - Started process (PID=16306) to work on /home/airflow/.local/lib/python3.12/site-packages/airflow/example_dags/example_dataset_alias.py
[2024-09-26T13:25:04.281+0000] {processor.py:914} INFO - Processing file /home/airflow/.local/lib/python3.12/site-packages/airflow/example_dags/example_dataset_alias.py for tasks to queue
[2024-09-26T13:25:04.283+0000] {logging_mixin.py:190} INFO - [2024-09-26T13:25:04.282+0000] {dagbag.py:588} INFO - Filling up the DagBag from /home/airflow/.local/lib/python3.12/site-packages/airflow/example_dags/example_dataset_alias.py
[2024-09-26T13:25:04.506+0000] {processor.py:925} INFO - DAG(s) 'dataset_s3_bucket_consumer', 'dataset_alias_example_alias_producer', 'dataset_alias_example_alias_consumer', 'dataset_s3_bucket_producer' retrieved from /home/airflow/.local/lib/python3.12/site-packages/airflow/example_dags/example_dataset_alias.py
[2024-09-26T13:25:04.526+0000] {logging_mixin.py:190} INFO - [2024-09-26T13:25:04.526+0000] {dag.py:3239} INFO - Sync 4 DAGs
[2024-09-26T13:25:04.546+0000] {logging_mixin.py:190} INFO - [2024-09-26T13:25:04.546+0000] {dag.py:4180} INFO - Setting next_dagrun for dataset_alias_example_alias_consumer to None, run_after=None
[2024-09-26T13:25:04.549+0000] {logging_mixin.py:190} INFO - [2024-09-26T13:25:04.549+0000] {dag.py:4180} INFO - Setting next_dagrun for dataset_alias_example_alias_producer to None, run_after=None
[2024-09-26T13:25:04.550+0000] {logging_mixin.py:190} INFO - [2024-09-26T13:25:04.550+0000] {dag.py:4180} INFO - Setting next_dagrun for dataset_s3_bucket_consumer to None, run_after=None
[2024-09-26T13:25:04.552+0000] {logging_mixin.py:190} INFO - [2024-09-26T13:25:04.551+0000] {dag.py:4180} INFO - Setting next_dagrun for dataset_s3_bucket_producer to None, run_after=None
[2024-09-26T13:25:04.569+0000] {processor.py:208} INFO - Processing /home/airflow/.local/lib/python3.12/site-packages/airflow/example_dags/example_dataset_alias.py took 0.293 seconds
[2024-09-26T13:25:34.657+0000] {processor.py:186} INFO - Started process (PID=16592) to work on /home/airflow/.local/lib/python3.12/site-packages/airflow/example_dags/example_dataset_alias.py
[2024-09-26T13:25:34.658+0000] {processor.py:914} INFO - Processing file /home/airflow/.local/lib/python3.12/site-packages/airflow/example_dags/example_dataset_alias.py for tasks to queue
[2024-09-26T13:25:34.660+0000] {logging_mixin.py:190} INFO - [2024-09-26T13:25:34.659+0000] {dagbag.py:588} INFO - Filling up the DagBag from /home/airflow/.local/lib/python3.12/site-packages/airflow/example_dags/example_dataset_alias.py
[2024-09-26T13:25:34.896+0000] {processor.py:925} INFO - DAG(s) 'dataset_s3_bucket_consumer', 'dataset_s3_bucket_producer', 'dataset_alias_example_alias_producer', 'dataset_alias_example_alias_consumer' retrieved from /home/airflow/.local/lib/python3.12/site-packages/airflow/example_dags/example_dataset_alias.py
[2024-09-26T13:25:34.911+0000] {logging_mixin.py:190} INFO - [2024-09-26T13:25:34.910+0000] {dag.py:3239} INFO - Sync 4 DAGs
[2024-09-26T13:25:34.928+0000] {logging_mixin.py:190} INFO - [2024-09-26T13:25:34.928+0000] {dag.py:4180} INFO - Setting next_dagrun for dataset_alias_example_alias_consumer to None, run_after=None
[2024-09-26T13:25:34.930+0000] {logging_mixin.py:190} INFO - [2024-09-26T13:25:34.930+0000] {dag.py:4180} INFO - Setting next_dagrun for dataset_alias_example_alias_producer to None, run_after=None
[2024-09-26T13:25:34.932+0000] {logging_mixin.py:190} INFO - [2024-09-26T13:25:34.931+0000] {dag.py:4180} INFO - Setting next_dagrun for dataset_s3_bucket_consumer to None, run_after=None
[2024-09-26T13:25:34.933+0000] {logging_mixin.py:190} INFO - [2024-09-26T13:25:34.933+0000] {dag.py:4180} INFO - Setting next_dagrun for dataset_s3_bucket_producer to None, run_after=None
[2024-09-26T13:25:34.948+0000] {processor.py:208} INFO - Processing /home/airflow/.local/lib/python3.12/site-packages/airflow/example_dags/example_dataset_alias.py took 0.296 seconds
[2024-09-26T13:26:05.339+0000] {processor.py:186} INFO - Started process (PID=16878) to work on /home/airflow/.local/lib/python3.12/site-packages/airflow/example_dags/example_dataset_alias.py
[2024-09-26T13:26:05.340+0000] {processor.py:914} INFO - Processing file /home/airflow/.local/lib/python3.12/site-packages/airflow/example_dags/example_dataset_alias.py for tasks to queue
[2024-09-26T13:26:05.341+0000] {logging_mixin.py:190} INFO - [2024-09-26T13:26:05.341+0000] {dagbag.py:588} INFO - Filling up the DagBag from /home/airflow/.local/lib/python3.12/site-packages/airflow/example_dags/example_dataset_alias.py
[2024-09-26T13:26:05.581+0000] {processor.py:925} INFO - DAG(s) 'dataset_alias_example_alias_consumer', 'dataset_s3_bucket_producer', 'dataset_s3_bucket_consumer', 'dataset_alias_example_alias_producer' retrieved from /home/airflow/.local/lib/python3.12/site-packages/airflow/example_dags/example_dataset_alias.py
[2024-09-26T13:26:05.601+0000] {logging_mixin.py:190} INFO - [2024-09-26T13:26:05.600+0000] {dag.py:3239} INFO - Sync 4 DAGs
[2024-09-26T13:26:05.618+0000] {logging_mixin.py:190} INFO - [2024-09-26T13:26:05.618+0000] {dag.py:4180} INFO - Setting next_dagrun for dataset_alias_example_alias_consumer to None, run_after=None
[2024-09-26T13:26:05.620+0000] {logging_mixin.py:190} INFO - [2024-09-26T13:26:05.620+0000] {dag.py:4180} INFO - Setting next_dagrun for dataset_alias_example_alias_producer to None, run_after=None
[2024-09-26T13:26:05.622+0000] {logging_mixin.py:190} INFO - [2024-09-26T13:26:05.621+0000] {dag.py:4180} INFO - Setting next_dagrun for dataset_s3_bucket_consumer to None, run_after=None
[2024-09-26T13:26:05.623+0000] {logging_mixin.py:190} INFO - [2024-09-26T13:26:05.623+0000] {dag.py:4180} INFO - Setting next_dagrun for dataset_s3_bucket_producer to None, run_after=None
[2024-09-26T13:26:05.640+0000] {processor.py:208} INFO - Processing /home/airflow/.local/lib/python3.12/site-packages/airflow/example_dags/example_dataset_alias.py took 0.306 seconds
[2024-09-26T13:26:36.124+0000] {processor.py:186} INFO - Started process (PID=17164) to work on /home/airflow/.local/lib/python3.12/site-packages/airflow/example_dags/example_dataset_alias.py
[2024-09-26T13:26:36.125+0000] {processor.py:914} INFO - Processing file /home/airflow/.local/lib/python3.12/site-packages/airflow/example_dags/example_dataset_alias.py for tasks to queue
[2024-09-26T13:26:36.126+0000] {logging_mixin.py:190} INFO - [2024-09-26T13:26:36.126+0000] {dagbag.py:588} INFO - Filling up the DagBag from /home/airflow/.local/lib/python3.12/site-packages/airflow/example_dags/example_dataset_alias.py
[2024-09-26T13:26:36.349+0000] {processor.py:925} INFO - DAG(s) 'dataset_s3_bucket_producer', 'dataset_alias_example_alias_producer', 'dataset_alias_example_alias_consumer', 'dataset_s3_bucket_consumer' retrieved from /home/airflow/.local/lib/python3.12/site-packages/airflow/example_dags/example_dataset_alias.py
[2024-09-26T13:26:36.366+0000] {logging_mixin.py:190} INFO - [2024-09-26T13:26:36.366+0000] {dag.py:3239} INFO - Sync 4 DAGs
[2024-09-26T13:26:36.383+0000] {logging_mixin.py:190} INFO - [2024-09-26T13:26:36.382+0000] {dag.py:4180} INFO - Setting next_dagrun for dataset_alias_example_alias_consumer to None, run_after=None
[2024-09-26T13:26:36.385+0000] {logging_mixin.py:190} INFO - [2024-09-26T13:26:36.385+0000] {dag.py:4180} INFO - Setting next_dagrun for dataset_alias_example_alias_producer to None, run_after=None
[2024-09-26T13:26:36.386+0000] {logging_mixin.py:190} INFO - [2024-09-26T13:26:36.386+0000] {dag.py:4180} INFO - Setting next_dagrun for dataset_s3_bucket_consumer to None, run_after=None
[2024-09-26T13:26:36.387+0000] {logging_mixin.py:190} INFO - [2024-09-26T13:26:36.387+0000] {dag.py:4180} INFO - Setting next_dagrun for dataset_s3_bucket_producer to None, run_after=None
[2024-09-26T13:26:36.402+0000] {processor.py:208} INFO - Processing /home/airflow/.local/lib/python3.12/site-packages/airflow/example_dags/example_dataset_alias.py took 0.283 seconds
[2024-09-26T13:27:06.634+0000] {processor.py:186} INFO - Started process (PID=17450) to work on /home/airflow/.local/lib/python3.12/site-packages/airflow/example_dags/example_dataset_alias.py
[2024-09-26T13:27:06.635+0000] {processor.py:914} INFO - Processing file /home/airflow/.local/lib/python3.12/site-packages/airflow/example_dags/example_dataset_alias.py for tasks to queue
[2024-09-26T13:27:06.637+0000] {logging_mixin.py:190} INFO - [2024-09-26T13:27:06.636+0000] {dagbag.py:588} INFO - Filling up the DagBag from /home/airflow/.local/lib/python3.12/site-packages/airflow/example_dags/example_dataset_alias.py
[2024-09-26T13:27:06.861+0000] {processor.py:925} INFO - DAG(s) 'dataset_alias_example_alias_producer', 'dataset_s3_bucket_consumer', 'dataset_alias_example_alias_consumer', 'dataset_s3_bucket_producer' retrieved from /home/airflow/.local/lib/python3.12/site-packages/airflow/example_dags/example_dataset_alias.py
[2024-09-26T13:27:06.877+0000] {logging_mixin.py:190} INFO - [2024-09-26T13:27:06.877+0000] {dag.py:3239} INFO - Sync 4 DAGs
[2024-09-26T13:27:06.893+0000] {logging_mixin.py:190} INFO - [2024-09-26T13:27:06.893+0000] {dag.py:4180} INFO - Setting next_dagrun for dataset_alias_example_alias_consumer to None, run_after=None
[2024-09-26T13:27:06.895+0000] {logging_mixin.py:190} INFO - [2024-09-26T13:27:06.895+0000] {dag.py:4180} INFO - Setting next_dagrun for dataset_alias_example_alias_producer to None, run_after=None
[2024-09-26T13:27:06.896+0000] {logging_mixin.py:190} INFO - [2024-09-26T13:27:06.896+0000] {dag.py:4180} INFO - Setting next_dagrun for dataset_s3_bucket_consumer to None, run_after=None
[2024-09-26T13:27:06.897+0000] {logging_mixin.py:190} INFO - [2024-09-26T13:27:06.897+0000] {dag.py:4180} INFO - Setting next_dagrun for dataset_s3_bucket_producer to None, run_after=None
[2024-09-26T13:27:06.914+0000] {processor.py:208} INFO - Processing /home/airflow/.local/lib/python3.12/site-packages/airflow/example_dags/example_dataset_alias.py took 0.284 seconds
[2024-09-26T13:27:37.529+0000] {processor.py:186} INFO - Started process (PID=17736) to work on /home/airflow/.local/lib/python3.12/site-packages/airflow/example_dags/example_dataset_alias.py
[2024-09-26T13:27:37.530+0000] {processor.py:914} INFO - Processing file /home/airflow/.local/lib/python3.12/site-packages/airflow/example_dags/example_dataset_alias.py for tasks to queue
[2024-09-26T13:27:37.532+0000] {logging_mixin.py:190} INFO - [2024-09-26T13:27:37.531+0000] {dagbag.py:588} INFO - Filling up the DagBag from /home/airflow/.local/lib/python3.12/site-packages/airflow/example_dags/example_dataset_alias.py
[2024-09-26T13:27:37.780+0000] {processor.py:925} INFO - DAG(s) 'dataset_s3_bucket_consumer', 'dataset_alias_example_alias_consumer', 'dataset_alias_example_alias_producer', 'dataset_s3_bucket_producer' retrieved from /home/airflow/.local/lib/python3.12/site-packages/airflow/example_dags/example_dataset_alias.py
[2024-09-26T13:27:37.802+0000] {logging_mixin.py:190} INFO - [2024-09-26T13:27:37.801+0000] {dag.py:3239} INFO - Sync 4 DAGs
[2024-09-26T13:27:37.834+0000] {logging_mixin.py:190} INFO - [2024-09-26T13:27:37.834+0000] {dag.py:4180} INFO - Setting next_dagrun for dataset_alias_example_alias_consumer to None, run_after=None
[2024-09-26T13:27:37.838+0000] {logging_mixin.py:190} INFO - [2024-09-26T13:27:37.838+0000] {dag.py:4180} INFO - Setting next_dagrun for dataset_alias_example_alias_producer to None, run_after=None
[2024-09-26T13:27:37.840+0000] {logging_mixin.py:190} INFO - [2024-09-26T13:27:37.839+0000] {dag.py:4180} INFO - Setting next_dagrun for dataset_s3_bucket_consumer to None, run_after=None
[2024-09-26T13:27:37.841+0000] {logging_mixin.py:190} INFO - [2024-09-26T13:27:37.841+0000] {dag.py:4180} INFO - Setting next_dagrun for dataset_s3_bucket_producer to None, run_after=None
[2024-09-26T13:27:37.868+0000] {processor.py:208} INFO - Processing /home/airflow/.local/lib/python3.12/site-packages/airflow/example_dags/example_dataset_alias.py took 0.344 seconds
[2024-09-26T13:28:08.085+0000] {processor.py:186} INFO - Started process (PID=18022) to work on /home/airflow/.local/lib/python3.12/site-packages/airflow/example_dags/example_dataset_alias.py
[2024-09-26T13:28:08.086+0000] {processor.py:914} INFO - Processing file /home/airflow/.local/lib/python3.12/site-packages/airflow/example_dags/example_dataset_alias.py for tasks to queue
[2024-09-26T13:28:08.088+0000] {logging_mixin.py:190} INFO - [2024-09-26T13:28:08.087+0000] {dagbag.py:588} INFO - Filling up the DagBag from /home/airflow/.local/lib/python3.12/site-packages/airflow/example_dags/example_dataset_alias.py
[2024-09-26T13:28:08.319+0000] {processor.py:925} INFO - DAG(s) 'dataset_s3_bucket_producer', 'dataset_s3_bucket_consumer', 'dataset_alias_example_alias_consumer', 'dataset_alias_example_alias_producer' retrieved from /home/airflow/.local/lib/python3.12/site-packages/airflow/example_dags/example_dataset_alias.py
[2024-09-26T13:28:08.336+0000] {logging_mixin.py:190} INFO - [2024-09-26T13:28:08.335+0000] {dag.py:3239} INFO - Sync 4 DAGs
[2024-09-26T13:28:08.352+0000] {logging_mixin.py:190} INFO - [2024-09-26T13:28:08.352+0000] {dag.py:4180} INFO - Setting next_dagrun for dataset_alias_example_alias_consumer to None, run_after=None
[2024-09-26T13:28:08.354+0000] {logging_mixin.py:190} INFO - [2024-09-26T13:28:08.354+0000] {dag.py:4180} INFO - Setting next_dagrun for dataset_alias_example_alias_producer to None, run_after=None
[2024-09-26T13:28:08.355+0000] {logging_mixin.py:190} INFO - [2024-09-26T13:28:08.355+0000] {dag.py:4180} INFO - Setting next_dagrun for dataset_s3_bucket_consumer to None, run_after=None
[2024-09-26T13:28:08.356+0000] {logging_mixin.py:190} INFO - [2024-09-26T13:28:08.356+0000] {dag.py:4180} INFO - Setting next_dagrun for dataset_s3_bucket_producer to None, run_after=None
[2024-09-26T13:28:08.372+0000] {processor.py:208} INFO - Processing /home/airflow/.local/lib/python3.12/site-packages/airflow/example_dags/example_dataset_alias.py took 0.291 seconds
[2024-09-26T13:28:38.929+0000] {processor.py:186} INFO - Started process (PID=18308) to work on /home/airflow/.local/lib/python3.12/site-packages/airflow/example_dags/example_dataset_alias.py
[2024-09-26T13:28:38.930+0000] {processor.py:914} INFO - Processing file /home/airflow/.local/lib/python3.12/site-packages/airflow/example_dags/example_dataset_alias.py for tasks to queue
[2024-09-26T13:28:38.931+0000] {logging_mixin.py:190} INFO - [2024-09-26T13:28:38.931+0000] {dagbag.py:588} INFO - Filling up the DagBag from /home/airflow/.local/lib/python3.12/site-packages/airflow/example_dags/example_dataset_alias.py
[2024-09-26T13:28:39.050+0000] {processor.py:925} INFO - DAG(s) 'dataset_s3_bucket_producer', 'dataset_alias_example_alias_consumer', 'dataset_alias_example_alias_producer', 'dataset_s3_bucket_consumer' retrieved from /home/airflow/.local/lib/python3.12/site-packages/airflow/example_dags/example_dataset_alias.py
[2024-09-26T13:28:39.070+0000] {logging_mixin.py:190} INFO - [2024-09-26T13:28:39.069+0000] {dag.py:3239} INFO - Sync 4 DAGs
[2024-09-26T13:28:39.090+0000] {logging_mixin.py:190} INFO - [2024-09-26T13:28:39.089+0000] {dag.py:4180} INFO - Setting next_dagrun for dataset_alias_example_alias_consumer to None, run_after=None
[2024-09-26T13:28:39.092+0000] {logging_mixin.py:190} INFO - [2024-09-26T13:28:39.092+0000] {dag.py:4180} INFO - Setting next_dagrun for dataset_alias_example_alias_producer to None, run_after=None
[2024-09-26T13:28:39.093+0000] {logging_mixin.py:190} INFO - [2024-09-26T13:28:39.093+0000] {dag.py:4180} INFO - Setting next_dagrun for dataset_s3_bucket_consumer to None, run_after=None
[2024-09-26T13:28:39.094+0000] {logging_mixin.py:190} INFO - [2024-09-26T13:28:39.094+0000] {dag.py:4180} INFO - Setting next_dagrun for dataset_s3_bucket_producer to None, run_after=None
[2024-09-26T13:28:39.111+0000] {processor.py:208} INFO - Processing /home/airflow/.local/lib/python3.12/site-packages/airflow/example_dags/example_dataset_alias.py took 0.187 seconds
[2024-09-26T13:29:09.227+0000] {processor.py:186} INFO - Started process (PID=18594) to work on /home/airflow/.local/lib/python3.12/site-packages/airflow/example_dags/example_dataset_alias.py
[2024-09-26T13:29:09.227+0000] {processor.py:914} INFO - Processing file /home/airflow/.local/lib/python3.12/site-packages/airflow/example_dags/example_dataset_alias.py for tasks to queue
[2024-09-26T13:29:09.229+0000] {logging_mixin.py:190} INFO - [2024-09-26T13:29:09.229+0000] {dagbag.py:588} INFO - Filling up the DagBag from /home/airflow/.local/lib/python3.12/site-packages/airflow/example_dags/example_dataset_alias.py
[2024-09-26T13:29:09.336+0000] {processor.py:925} INFO - DAG(s) 'dataset_s3_bucket_consumer', 'dataset_s3_bucket_producer', 'dataset_alias_example_alias_producer', 'dataset_alias_example_alias_consumer' retrieved from /home/airflow/.local/lib/python3.12/site-packages/airflow/example_dags/example_dataset_alias.py
[2024-09-26T13:29:09.353+0000] {logging_mixin.py:190} INFO - [2024-09-26T13:29:09.352+0000] {dag.py:3239} INFO - Sync 4 DAGs
[2024-09-26T13:29:09.373+0000] {logging_mixin.py:190} INFO - [2024-09-26T13:29:09.372+0000] {dag.py:4180} INFO - Setting next_dagrun for dataset_alias_example_alias_consumer to None, run_after=None
[2024-09-26T13:29:09.375+0000] {logging_mixin.py:190} INFO - [2024-09-26T13:29:09.375+0000] {dag.py:4180} INFO - Setting next_dagrun for dataset_alias_example_alias_producer to None, run_after=None
[2024-09-26T13:29:09.376+0000] {logging_mixin.py:190} INFO - [2024-09-26T13:29:09.376+0000] {dag.py:4180} INFO - Setting next_dagrun for dataset_s3_bucket_consumer to None, run_after=None
[2024-09-26T13:29:09.377+0000] {logging_mixin.py:190} INFO - [2024-09-26T13:29:09.377+0000] {dag.py:4180} INFO - Setting next_dagrun for dataset_s3_bucket_producer to None, run_after=None
[2024-09-26T13:29:09.394+0000] {processor.py:208} INFO - Processing /home/airflow/.local/lib/python3.12/site-packages/airflow/example_dags/example_dataset_alias.py took 0.172 seconds
[2024-09-26T13:29:40.329+0000] {processor.py:186} INFO - Started process (PID=18885) to work on /home/airflow/.local/lib/python3.12/site-packages/airflow/example_dags/example_dataset_alias.py
[2024-09-26T13:29:40.330+0000] {processor.py:914} INFO - Processing file /home/airflow/.local/lib/python3.12/site-packages/airflow/example_dags/example_dataset_alias.py for tasks to queue
[2024-09-26T13:29:40.331+0000] {logging_mixin.py:190} INFO - [2024-09-26T13:29:40.331+0000] {dagbag.py:588} INFO - Filling up the DagBag from /home/airflow/.local/lib/python3.12/site-packages/airflow/example_dags/example_dataset_alias.py
[2024-09-26T13:29:40.449+0000] {processor.py:925} INFO - DAG(s) 'dataset_s3_bucket_producer', 'dataset_alias_example_alias_producer', 'dataset_s3_bucket_consumer', 'dataset_alias_example_alias_consumer' retrieved from /home/airflow/.local/lib/python3.12/site-packages/airflow/example_dags/example_dataset_alias.py
[2024-09-26T13:29:40.467+0000] {logging_mixin.py:190} INFO - [2024-09-26T13:29:40.466+0000] {dag.py:3239} INFO - Sync 4 DAGs
[2024-09-26T13:29:40.488+0000] {logging_mixin.py:190} INFO - [2024-09-26T13:29:40.488+0000] {dag.py:4180} INFO - Setting next_dagrun for dataset_alias_example_alias_consumer to None, run_after=None
[2024-09-26T13:29:40.490+0000] {logging_mixin.py:190} INFO - [2024-09-26T13:29:40.490+0000] {dag.py:4180} INFO - Setting next_dagrun for dataset_alias_example_alias_producer to None, run_after=None
[2024-09-26T13:29:40.491+0000] {logging_mixin.py:190} INFO - [2024-09-26T13:29:40.491+0000] {dag.py:4180} INFO - Setting next_dagrun for dataset_s3_bucket_consumer to None, run_after=None
[2024-09-26T13:29:40.492+0000] {logging_mixin.py:190} INFO - [2024-09-26T13:29:40.492+0000] {dag.py:4180} INFO - Setting next_dagrun for dataset_s3_bucket_producer to None, run_after=None
[2024-09-26T13:29:40.508+0000] {processor.py:208} INFO - Processing /home/airflow/.local/lib/python3.12/site-packages/airflow/example_dags/example_dataset_alias.py took 0.184 seconds
[2024-09-26T13:30:10.567+0000] {processor.py:186} INFO - Started process (PID=19171) to work on /home/airflow/.local/lib/python3.12/site-packages/airflow/example_dags/example_dataset_alias.py
[2024-09-26T13:30:10.567+0000] {processor.py:914} INFO - Processing file /home/airflow/.local/lib/python3.12/site-packages/airflow/example_dags/example_dataset_alias.py for tasks to queue
[2024-09-26T13:30:10.569+0000] {logging_mixin.py:190} INFO - [2024-09-26T13:30:10.569+0000] {dagbag.py:588} INFO - Filling up the DagBag from /home/airflow/.local/lib/python3.12/site-packages/airflow/example_dags/example_dataset_alias.py
[2024-09-26T13:30:10.722+0000] {processor.py:925} INFO - DAG(s) 'dataset_s3_bucket_producer', 'dataset_alias_example_alias_consumer', 'dataset_alias_example_alias_producer', 'dataset_s3_bucket_consumer' retrieved from /home/airflow/.local/lib/python3.12/site-packages/airflow/example_dags/example_dataset_alias.py
[2024-09-26T13:30:10.741+0000] {logging_mixin.py:190} INFO - [2024-09-26T13:30:10.741+0000] {dag.py:3239} INFO - Sync 4 DAGs
[2024-09-26T13:30:10.762+0000] {logging_mixin.py:190} INFO - [2024-09-26T13:30:10.762+0000] {dag.py:4180} INFO - Setting next_dagrun for dataset_alias_example_alias_consumer to None, run_after=None
[2024-09-26T13:30:10.766+0000] {logging_mixin.py:190} INFO - [2024-09-26T13:30:10.766+0000] {dag.py:4180} INFO - Setting next_dagrun for dataset_alias_example_alias_producer to None, run_after=None
[2024-09-26T13:30:10.767+0000] {logging_mixin.py:190} INFO - [2024-09-26T13:30:10.767+0000] {dag.py:4180} INFO - Setting next_dagrun for dataset_s3_bucket_consumer to None, run_after=None
[2024-09-26T13:30:10.769+0000] {logging_mixin.py:190} INFO - [2024-09-26T13:30:10.768+0000] {dag.py:4180} INFO - Setting next_dagrun for dataset_s3_bucket_producer to None, run_after=None
[2024-09-26T13:30:10.790+0000] {processor.py:208} INFO - Processing /home/airflow/.local/lib/python3.12/site-packages/airflow/example_dags/example_dataset_alias.py took 0.230 seconds
[2024-09-26T13:30:41.773+0000] {processor.py:186} INFO - Started process (PID=19457) to work on /home/airflow/.local/lib/python3.12/site-packages/airflow/example_dags/example_dataset_alias.py
[2024-09-26T13:30:41.774+0000] {processor.py:914} INFO - Processing file /home/airflow/.local/lib/python3.12/site-packages/airflow/example_dags/example_dataset_alias.py for tasks to queue
[2024-09-26T13:30:41.775+0000] {logging_mixin.py:190} INFO - [2024-09-26T13:30:41.775+0000] {dagbag.py:588} INFO - Filling up the DagBag from /home/airflow/.local/lib/python3.12/site-packages/airflow/example_dags/example_dataset_alias.py
[2024-09-26T13:30:41.883+0000] {processor.py:925} INFO - DAG(s) 'dataset_alias_example_alias_producer', 'dataset_alias_example_alias_consumer', 'dataset_s3_bucket_producer', 'dataset_s3_bucket_consumer' retrieved from /home/airflow/.local/lib/python3.12/site-packages/airflow/example_dags/example_dataset_alias.py
[2024-09-26T13:30:41.899+0000] {logging_mixin.py:190} INFO - [2024-09-26T13:30:41.899+0000] {dag.py:3239} INFO - Sync 4 DAGs
[2024-09-26T13:30:41.917+0000] {logging_mixin.py:190} INFO - [2024-09-26T13:30:41.916+0000] {dag.py:4180} INFO - Setting next_dagrun for dataset_alias_example_alias_consumer to None, run_after=None
[2024-09-26T13:30:41.919+0000] {logging_mixin.py:190} INFO - [2024-09-26T13:30:41.919+0000] {dag.py:4180} INFO - Setting next_dagrun for dataset_alias_example_alias_producer to None, run_after=None
[2024-09-26T13:30:41.920+0000] {logging_mixin.py:190} INFO - [2024-09-26T13:30:41.920+0000] {dag.py:4180} INFO - Setting next_dagrun for dataset_s3_bucket_consumer to None, run_after=None
[2024-09-26T13:30:41.921+0000] {logging_mixin.py:190} INFO - [2024-09-26T13:30:41.921+0000] {dag.py:4180} INFO - Setting next_dagrun for dataset_s3_bucket_producer to None, run_after=None
[2024-09-26T13:30:41.940+0000] {processor.py:208} INFO - Processing /home/airflow/.local/lib/python3.12/site-packages/airflow/example_dags/example_dataset_alias.py took 0.171 seconds
[2024-09-26T13:31:12.636+0000] {processor.py:186} INFO - Started process (PID=19743) to work on /home/airflow/.local/lib/python3.12/site-packages/airflow/example_dags/example_dataset_alias.py
[2024-09-26T13:31:12.637+0000] {processor.py:914} INFO - Processing file /home/airflow/.local/lib/python3.12/site-packages/airflow/example_dags/example_dataset_alias.py for tasks to queue
[2024-09-26T13:31:12.639+0000] {logging_mixin.py:190} INFO - [2024-09-26T13:31:12.638+0000] {dagbag.py:588} INFO - Filling up the DagBag from /home/airflow/.local/lib/python3.12/site-packages/airflow/example_dags/example_dataset_alias.py
[2024-09-26T13:31:12.751+0000] {processor.py:925} INFO - DAG(s) 'dataset_alias_example_alias_producer', 'dataset_alias_example_alias_consumer', 'dataset_s3_bucket_producer', 'dataset_s3_bucket_consumer' retrieved from /home/airflow/.local/lib/python3.12/site-packages/airflow/example_dags/example_dataset_alias.py
[2024-09-26T13:31:12.768+0000] {logging_mixin.py:190} INFO - [2024-09-26T13:31:12.768+0000] {dag.py:3239} INFO - Sync 4 DAGs
[2024-09-26T13:31:12.788+0000] {logging_mixin.py:190} INFO - [2024-09-26T13:31:12.787+0000] {dag.py:4180} INFO - Setting next_dagrun for dataset_alias_example_alias_consumer to None, run_after=None
[2024-09-26T13:31:12.790+0000] {logging_mixin.py:190} INFO - [2024-09-26T13:31:12.790+0000] {dag.py:4180} INFO - Setting next_dagrun for dataset_alias_example_alias_producer to None, run_after=None
[2024-09-26T13:31:12.791+0000] {logging_mixin.py:190} INFO - [2024-09-26T13:31:12.791+0000] {dag.py:4180} INFO - Setting next_dagrun for dataset_s3_bucket_consumer to None, run_after=None
[2024-09-26T13:31:12.792+0000] {logging_mixin.py:190} INFO - [2024-09-26T13:31:12.791+0000] {dag.py:4180} INFO - Setting next_dagrun for dataset_s3_bucket_producer to None, run_after=None
[2024-09-26T13:31:12.809+0000] {processor.py:208} INFO - Processing /home/airflow/.local/lib/python3.12/site-packages/airflow/example_dags/example_dataset_alias.py took 0.177 seconds
[2024-09-26T13:31:43.538+0000] {processor.py:186} INFO - Started process (PID=20030) to work on /home/airflow/.local/lib/python3.12/site-packages/airflow/example_dags/example_dataset_alias.py
[2024-09-26T13:31:43.538+0000] {processor.py:914} INFO - Processing file /home/airflow/.local/lib/python3.12/site-packages/airflow/example_dags/example_dataset_alias.py for tasks to queue
[2024-09-26T13:31:43.540+0000] {logging_mixin.py:190} INFO - [2024-09-26T13:31:43.540+0000] {dagbag.py:588} INFO - Filling up the DagBag from /home/airflow/.local/lib/python3.12/site-packages/airflow/example_dags/example_dataset_alias.py
[2024-09-26T13:31:43.651+0000] {processor.py:925} INFO - DAG(s) 'dataset_alias_example_alias_consumer', 'dataset_alias_example_alias_producer', 'dataset_s3_bucket_consumer', 'dataset_s3_bucket_producer' retrieved from /home/airflow/.local/lib/python3.12/site-packages/airflow/example_dags/example_dataset_alias.py
[2024-09-26T13:31:43.668+0000] {logging_mixin.py:190} INFO - [2024-09-26T13:31:43.668+0000] {dag.py:3239} INFO - Sync 4 DAGs
[2024-09-26T13:31:43.687+0000] {logging_mixin.py:190} INFO - [2024-09-26T13:31:43.686+0000] {dag.py:4180} INFO - Setting next_dagrun for dataset_alias_example_alias_consumer to None, run_after=None
[2024-09-26T13:31:43.689+0000] {logging_mixin.py:190} INFO - [2024-09-26T13:31:43.689+0000] {dag.py:4180} INFO - Setting next_dagrun for dataset_alias_example_alias_producer to None, run_after=None
[2024-09-26T13:31:43.690+0000] {logging_mixin.py:190} INFO - [2024-09-26T13:31:43.690+0000] {dag.py:4180} INFO - Setting next_dagrun for dataset_s3_bucket_consumer to None, run_after=None
[2024-09-26T13:31:43.691+0000] {logging_mixin.py:190} INFO - [2024-09-26T13:31:43.691+0000] {dag.py:4180} INFO - Setting next_dagrun for dataset_s3_bucket_producer to None, run_after=None
[2024-09-26T13:31:43.708+0000] {processor.py:208} INFO - Processing /home/airflow/.local/lib/python3.12/site-packages/airflow/example_dags/example_dataset_alias.py took 0.175 seconds
[2024-09-26T13:32:14.383+0000] {processor.py:186} INFO - Started process (PID=20316) to work on /home/airflow/.local/lib/python3.12/site-packages/airflow/example_dags/example_dataset_alias.py
[2024-09-26T13:32:14.383+0000] {processor.py:914} INFO - Processing file /home/airflow/.local/lib/python3.12/site-packages/airflow/example_dags/example_dataset_alias.py for tasks to queue
[2024-09-26T13:32:14.385+0000] {logging_mixin.py:190} INFO - [2024-09-26T13:32:14.385+0000] {dagbag.py:588} INFO - Filling up the DagBag from /home/airflow/.local/lib/python3.12/site-packages/airflow/example_dags/example_dataset_alias.py
[2024-09-26T13:32:14.490+0000] {processor.py:925} INFO - DAG(s) 'dataset_alias_example_alias_producer', 'dataset_alias_example_alias_consumer', 'dataset_s3_bucket_consumer', 'dataset_s3_bucket_producer' retrieved from /home/airflow/.local/lib/python3.12/site-packages/airflow/example_dags/example_dataset_alias.py
[2024-09-26T13:32:14.505+0000] {logging_mixin.py:190} INFO - [2024-09-26T13:32:14.505+0000] {dag.py:3239} INFO - Sync 4 DAGs
[2024-09-26T13:32:14.523+0000] {logging_mixin.py:190} INFO - [2024-09-26T13:32:14.523+0000] {dag.py:4180} INFO - Setting next_dagrun for dataset_alias_example_alias_consumer to None, run_after=None
[2024-09-26T13:32:14.525+0000] {logging_mixin.py:190} INFO - [2024-09-26T13:32:14.525+0000] {dag.py:4180} INFO - Setting next_dagrun for dataset_alias_example_alias_producer to None, run_after=None
[2024-09-26T13:32:14.526+0000] {logging_mixin.py:190} INFO - [2024-09-26T13:32:14.526+0000] {dag.py:4180} INFO - Setting next_dagrun for dataset_s3_bucket_consumer to None, run_after=None
[2024-09-26T13:32:14.527+0000] {logging_mixin.py:190} INFO - [2024-09-26T13:32:14.527+0000] {dag.py:4180} INFO - Setting next_dagrun for dataset_s3_bucket_producer to None, run_after=None
[2024-09-26T13:32:14.545+0000] {processor.py:208} INFO - Processing /home/airflow/.local/lib/python3.12/site-packages/airflow/example_dags/example_dataset_alias.py took 0.167 seconds
[2024-09-26T13:32:45.101+0000] {processor.py:186} INFO - Started process (PID=20608) to work on /home/airflow/.local/lib/python3.12/site-packages/airflow/example_dags/example_dataset_alias.py
[2024-09-26T13:32:45.102+0000] {processor.py:914} INFO - Processing file /home/airflow/.local/lib/python3.12/site-packages/airflow/example_dags/example_dataset_alias.py for tasks to queue
[2024-09-26T13:32:45.104+0000] {logging_mixin.py:190} INFO - [2024-09-26T13:32:45.103+0000] {dagbag.py:588} INFO - Filling up the DagBag from /home/airflow/.local/lib/python3.12/site-packages/airflow/example_dags/example_dataset_alias.py
[2024-09-26T13:32:45.217+0000] {processor.py:925} INFO - DAG(s) 'dataset_alias_example_alias_producer', 'dataset_alias_example_alias_consumer', 'dataset_s3_bucket_producer', 'dataset_s3_bucket_consumer' retrieved from /home/airflow/.local/lib/python3.12/site-packages/airflow/example_dags/example_dataset_alias.py
[2024-09-26T13:32:45.235+0000] {logging_mixin.py:190} INFO - [2024-09-26T13:32:45.235+0000] {dag.py:3239} INFO - Sync 4 DAGs
[2024-09-26T13:32:45.256+0000] {logging_mixin.py:190} INFO - [2024-09-26T13:32:45.256+0000] {dag.py:4180} INFO - Setting next_dagrun for dataset_alias_example_alias_consumer to None, run_after=None
[2024-09-26T13:32:45.259+0000] {logging_mixin.py:190} INFO - [2024-09-26T13:32:45.259+0000] {dag.py:4180} INFO - Setting next_dagrun for dataset_alias_example_alias_producer to None, run_after=None
[2024-09-26T13:32:45.260+0000] {logging_mixin.py:190} INFO - [2024-09-26T13:32:45.260+0000] {dag.py:4180} INFO - Setting next_dagrun for dataset_s3_bucket_consumer to None, run_after=None
[2024-09-26T13:32:45.262+0000] {logging_mixin.py:190} INFO - [2024-09-26T13:32:45.261+0000] {dag.py:4180} INFO - Setting next_dagrun for dataset_s3_bucket_producer to None, run_after=None
[2024-09-26T13:32:45.283+0000] {processor.py:208} INFO - Processing /home/airflow/.local/lib/python3.12/site-packages/airflow/example_dags/example_dataset_alias.py took 0.187 seconds
[2024-09-26T13:33:15.950+0000] {processor.py:186} INFO - Started process (PID=20894) to work on /home/airflow/.local/lib/python3.12/site-packages/airflow/example_dags/example_dataset_alias.py
[2024-09-26T13:33:15.951+0000] {processor.py:914} INFO - Processing file /home/airflow/.local/lib/python3.12/site-packages/airflow/example_dags/example_dataset_alias.py for tasks to queue
[2024-09-26T13:33:15.953+0000] {logging_mixin.py:190} INFO - [2024-09-26T13:33:15.952+0000] {dagbag.py:588} INFO - Filling up the DagBag from /home/airflow/.local/lib/python3.12/site-packages/airflow/example_dags/example_dataset_alias.py
[2024-09-26T13:33:16.057+0000] {processor.py:925} INFO - DAG(s) 'dataset_alias_example_alias_consumer', 'dataset_s3_bucket_consumer', 'dataset_s3_bucket_producer', 'dataset_alias_example_alias_producer' retrieved from /home/airflow/.local/lib/python3.12/site-packages/airflow/example_dags/example_dataset_alias.py
[2024-09-26T13:33:16.076+0000] {logging_mixin.py:190} INFO - [2024-09-26T13:33:16.076+0000] {dag.py:3239} INFO - Sync 4 DAGs
[2024-09-26T13:33:16.095+0000] {logging_mixin.py:190} INFO - [2024-09-26T13:33:16.095+0000] {dag.py:4180} INFO - Setting next_dagrun for dataset_alias_example_alias_consumer to None, run_after=None
[2024-09-26T13:33:16.098+0000] {logging_mixin.py:190} INFO - [2024-09-26T13:33:16.097+0000] {dag.py:4180} INFO - Setting next_dagrun for dataset_alias_example_alias_producer to None, run_after=None
[2024-09-26T13:33:16.099+0000] {logging_mixin.py:190} INFO - [2024-09-26T13:33:16.099+0000] {dag.py:4180} INFO - Setting next_dagrun for dataset_s3_bucket_consumer to None, run_after=None
[2024-09-26T13:33:16.100+0000] {logging_mixin.py:190} INFO - [2024-09-26T13:33:16.100+0000] {dag.py:4180} INFO - Setting next_dagrun for dataset_s3_bucket_producer to None, run_after=None
[2024-09-26T13:33:16.116+0000] {processor.py:208} INFO - Processing /home/airflow/.local/lib/python3.12/site-packages/airflow/example_dags/example_dataset_alias.py took 0.170 seconds
[2024-09-26T13:33:46.808+0000] {processor.py:186} INFO - Started process (PID=21180) to work on /home/airflow/.local/lib/python3.12/site-packages/airflow/example_dags/example_dataset_alias.py
[2024-09-26T13:33:46.809+0000] {processor.py:914} INFO - Processing file /home/airflow/.local/lib/python3.12/site-packages/airflow/example_dags/example_dataset_alias.py for tasks to queue
[2024-09-26T13:33:46.811+0000] {logging_mixin.py:190} INFO - [2024-09-26T13:33:46.811+0000] {dagbag.py:588} INFO - Filling up the DagBag from /home/airflow/.local/lib/python3.12/site-packages/airflow/example_dags/example_dataset_alias.py
[2024-09-26T13:33:46.920+0000] {processor.py:925} INFO - DAG(s) 'dataset_s3_bucket_producer', 'dataset_alias_example_alias_consumer', 'dataset_s3_bucket_consumer', 'dataset_alias_example_alias_producer' retrieved from /home/airflow/.local/lib/python3.12/site-packages/airflow/example_dags/example_dataset_alias.py
[2024-09-26T13:33:46.937+0000] {logging_mixin.py:190} INFO - [2024-09-26T13:33:46.937+0000] {dag.py:3239} INFO - Sync 4 DAGs
[2024-09-26T13:33:46.959+0000] {logging_mixin.py:190} INFO - [2024-09-26T13:33:46.958+0000] {dag.py:4180} INFO - Setting next_dagrun for dataset_alias_example_alias_consumer to None, run_after=None
[2024-09-26T13:33:46.961+0000] {logging_mixin.py:190} INFO - [2024-09-26T13:33:46.961+0000] {dag.py:4180} INFO - Setting next_dagrun for dataset_alias_example_alias_producer to None, run_after=None
[2024-09-26T13:33:46.962+0000] {logging_mixin.py:190} INFO - [2024-09-26T13:33:46.962+0000] {dag.py:4180} INFO - Setting next_dagrun for dataset_s3_bucket_consumer to None, run_after=None
[2024-09-26T13:33:46.963+0000] {logging_mixin.py:190} INFO - [2024-09-26T13:33:46.963+0000] {dag.py:4180} INFO - Setting next_dagrun for dataset_s3_bucket_producer to None, run_after=None
[2024-09-26T13:33:46.980+0000] {processor.py:208} INFO - Processing /home/airflow/.local/lib/python3.12/site-packages/airflow/example_dags/example_dataset_alias.py took 0.176 seconds
[2024-09-26T13:34:17.754+0000] {processor.py:186} INFO - Started process (PID=21466) to work on /home/airflow/.local/lib/python3.12/site-packages/airflow/example_dags/example_dataset_alias.py
[2024-09-26T13:34:17.755+0000] {processor.py:914} INFO - Processing file /home/airflow/.local/lib/python3.12/site-packages/airflow/example_dags/example_dataset_alias.py for tasks to queue
[2024-09-26T13:34:17.757+0000] {logging_mixin.py:190} INFO - [2024-09-26T13:34:17.756+0000] {dagbag.py:588} INFO - Filling up the DagBag from /home/airflow/.local/lib/python3.12/site-packages/airflow/example_dags/example_dataset_alias.py
[2024-09-26T13:34:17.867+0000] {processor.py:925} INFO - DAG(s) 'dataset_s3_bucket_consumer', 'dataset_s3_bucket_producer', 'dataset_alias_example_alias_producer', 'dataset_alias_example_alias_consumer' retrieved from /home/airflow/.local/lib/python3.12/site-packages/airflow/example_dags/example_dataset_alias.py
[2024-09-26T13:34:17.885+0000] {logging_mixin.py:190} INFO - [2024-09-26T13:34:17.885+0000] {dag.py:3239} INFO - Sync 4 DAGs
[2024-09-26T13:34:17.905+0000] {logging_mixin.py:190} INFO - [2024-09-26T13:34:17.905+0000] {dag.py:4180} INFO - Setting next_dagrun for dataset_alias_example_alias_consumer to None, run_after=None
[2024-09-26T13:34:17.907+0000] {logging_mixin.py:190} INFO - [2024-09-26T13:34:17.907+0000] {dag.py:4180} INFO - Setting next_dagrun for dataset_alias_example_alias_producer to None, run_after=None
[2024-09-26T13:34:17.908+0000] {logging_mixin.py:190} INFO - [2024-09-26T13:34:17.908+0000] {dag.py:4180} INFO - Setting next_dagrun for dataset_s3_bucket_consumer to None, run_after=None
[2024-09-26T13:34:17.909+0000] {logging_mixin.py:190} INFO - [2024-09-26T13:34:17.909+0000] {dag.py:4180} INFO - Setting next_dagrun for dataset_s3_bucket_producer to None, run_after=None
[2024-09-26T13:34:17.928+0000] {processor.py:208} INFO - Processing /home/airflow/.local/lib/python3.12/site-packages/airflow/example_dags/example_dataset_alias.py took 0.179 seconds
[2024-09-26T13:34:48.466+0000] {processor.py:186} INFO - Started process (PID=21752) to work on /home/airflow/.local/lib/python3.12/site-packages/airflow/example_dags/example_dataset_alias.py
[2024-09-26T13:34:48.466+0000] {processor.py:914} INFO - Processing file /home/airflow/.local/lib/python3.12/site-packages/airflow/example_dags/example_dataset_alias.py for tasks to queue
[2024-09-26T13:34:48.468+0000] {logging_mixin.py:190} INFO - [2024-09-26T13:34:48.468+0000] {dagbag.py:588} INFO - Filling up the DagBag from /home/airflow/.local/lib/python3.12/site-packages/airflow/example_dags/example_dataset_alias.py
[2024-09-26T13:34:48.574+0000] {processor.py:925} INFO - DAG(s) 'dataset_s3_bucket_consumer', 'dataset_s3_bucket_producer', 'dataset_alias_example_alias_producer', 'dataset_alias_example_alias_consumer' retrieved from /home/airflow/.local/lib/python3.12/site-packages/airflow/example_dags/example_dataset_alias.py
[2024-09-26T13:34:48.592+0000] {logging_mixin.py:190} INFO - [2024-09-26T13:34:48.591+0000] {dag.py:3239} INFO - Sync 4 DAGs
[2024-09-26T13:34:48.612+0000] {logging_mixin.py:190} INFO - [2024-09-26T13:34:48.612+0000] {dag.py:4180} INFO - Setting next_dagrun for dataset_alias_example_alias_consumer to None, run_after=None
[2024-09-26T13:34:48.615+0000] {logging_mixin.py:190} INFO - [2024-09-26T13:34:48.614+0000] {dag.py:4180} INFO - Setting next_dagrun for dataset_alias_example_alias_producer to None, run_after=None
[2024-09-26T13:34:48.616+0000] {logging_mixin.py:190} INFO - [2024-09-26T13:34:48.616+0000] {dag.py:4180} INFO - Setting next_dagrun for dataset_s3_bucket_consumer to None, run_after=None
[2024-09-26T13:34:48.617+0000] {logging_mixin.py:190} INFO - [2024-09-26T13:34:48.617+0000] {dag.py:4180} INFO - Setting next_dagrun for dataset_s3_bucket_producer to None, run_after=None
[2024-09-26T13:34:48.636+0000] {processor.py:208} INFO - Processing /home/airflow/.local/lib/python3.12/site-packages/airflow/example_dags/example_dataset_alias.py took 0.175 seconds
[2024-09-26T13:35:19.471+0000] {processor.py:186} INFO - Started process (PID=22038) to work on /home/airflow/.local/lib/python3.12/site-packages/airflow/example_dags/example_dataset_alias.py
[2024-09-26T13:35:19.472+0000] {processor.py:914} INFO - Processing file /home/airflow/.local/lib/python3.12/site-packages/airflow/example_dags/example_dataset_alias.py for tasks to queue
[2024-09-26T13:35:19.474+0000] {logging_mixin.py:190} INFO - [2024-09-26T13:35:19.474+0000] {dagbag.py:588} INFO - Filling up the DagBag from /home/airflow/.local/lib/python3.12/site-packages/airflow/example_dags/example_dataset_alias.py
[2024-09-26T13:35:19.595+0000] {processor.py:925} INFO - DAG(s) 'dataset_s3_bucket_consumer', 'dataset_alias_example_alias_consumer', 'dataset_alias_example_alias_producer', 'dataset_s3_bucket_producer' retrieved from /home/airflow/.local/lib/python3.12/site-packages/airflow/example_dags/example_dataset_alias.py
[2024-09-26T13:35:19.625+0000] {logging_mixin.py:190} INFO - [2024-09-26T13:35:19.625+0000] {dag.py:3239} INFO - Sync 4 DAGs
[2024-09-26T13:35:19.655+0000] {logging_mixin.py:190} INFO - [2024-09-26T13:35:19.654+0000] {dag.py:4180} INFO - Setting next_dagrun for dataset_alias_example_alias_consumer to None, run_after=None
[2024-09-26T13:35:19.658+0000] {logging_mixin.py:190} INFO - [2024-09-26T13:35:19.658+0000] {dag.py:4180} INFO - Setting next_dagrun for dataset_alias_example_alias_producer to None, run_after=None
[2024-09-26T13:35:19.660+0000] {logging_mixin.py:190} INFO - [2024-09-26T13:35:19.659+0000] {dag.py:4180} INFO - Setting next_dagrun for dataset_s3_bucket_consumer to None, run_after=None
[2024-09-26T13:35:19.661+0000] {logging_mixin.py:190} INFO - [2024-09-26T13:35:19.661+0000] {dag.py:4180} INFO - Setting next_dagrun for dataset_s3_bucket_producer to None, run_after=None
[2024-09-26T13:35:19.681+0000] {processor.py:208} INFO - Processing /home/airflow/.local/lib/python3.12/site-packages/airflow/example_dags/example_dataset_alias.py took 0.216 seconds
[2024-09-26T13:35:49.937+0000] {processor.py:186} INFO - Started process (PID=22324) to work on /home/airflow/.local/lib/python3.12/site-packages/airflow/example_dags/example_dataset_alias.py
[2024-09-26T13:35:49.938+0000] {processor.py:914} INFO - Processing file /home/airflow/.local/lib/python3.12/site-packages/airflow/example_dags/example_dataset_alias.py for tasks to queue
[2024-09-26T13:35:49.940+0000] {logging_mixin.py:190} INFO - [2024-09-26T13:35:49.939+0000] {dagbag.py:588} INFO - Filling up the DagBag from /home/airflow/.local/lib/python3.12/site-packages/airflow/example_dags/example_dataset_alias.py
[2024-09-26T13:35:50.049+0000] {processor.py:925} INFO - DAG(s) 'dataset_alias_example_alias_producer', 'dataset_s3_bucket_consumer', 'dataset_alias_example_alias_consumer', 'dataset_s3_bucket_producer' retrieved from /home/airflow/.local/lib/python3.12/site-packages/airflow/example_dags/example_dataset_alias.py
[2024-09-26T13:35:50.065+0000] {logging_mixin.py:190} INFO - [2024-09-26T13:35:50.065+0000] {dag.py:3239} INFO - Sync 4 DAGs
[2024-09-26T13:35:50.086+0000] {logging_mixin.py:190} INFO - [2024-09-26T13:35:50.086+0000] {dag.py:4180} INFO - Setting next_dagrun for dataset_alias_example_alias_consumer to None, run_after=None
[2024-09-26T13:35:50.089+0000] {logging_mixin.py:190} INFO - [2024-09-26T13:35:50.089+0000] {dag.py:4180} INFO - Setting next_dagrun for dataset_alias_example_alias_producer to None, run_after=None
[2024-09-26T13:35:50.091+0000] {logging_mixin.py:190} INFO - [2024-09-26T13:35:50.091+0000] {dag.py:4180} INFO - Setting next_dagrun for dataset_s3_bucket_consumer to None, run_after=None
[2024-09-26T13:35:50.092+0000] {logging_mixin.py:190} INFO - [2024-09-26T13:35:50.092+0000] {dag.py:4180} INFO - Setting next_dagrun for dataset_s3_bucket_producer to None, run_after=None
[2024-09-26T13:35:50.110+0000] {processor.py:208} INFO - Processing /home/airflow/.local/lib/python3.12/site-packages/airflow/example_dags/example_dataset_alias.py took 0.177 seconds
[2024-09-26T13:36:21.017+0000] {processor.py:186} INFO - Started process (PID=22610) to work on /home/airflow/.local/lib/python3.12/site-packages/airflow/example_dags/example_dataset_alias.py
[2024-09-26T13:36:21.018+0000] {processor.py:914} INFO - Processing file /home/airflow/.local/lib/python3.12/site-packages/airflow/example_dags/example_dataset_alias.py for tasks to queue
[2024-09-26T13:36:21.019+0000] {logging_mixin.py:190} INFO - [2024-09-26T13:36:21.019+0000] {dagbag.py:588} INFO - Filling up the DagBag from /home/airflow/.local/lib/python3.12/site-packages/airflow/example_dags/example_dataset_alias.py
[2024-09-26T13:36:21.137+0000] {processor.py:925} INFO - DAG(s) 'dataset_s3_bucket_consumer', 'dataset_alias_example_alias_consumer', 'dataset_alias_example_alias_producer', 'dataset_s3_bucket_producer' retrieved from /home/airflow/.local/lib/python3.12/site-packages/airflow/example_dags/example_dataset_alias.py
[2024-09-26T13:36:21.158+0000] {logging_mixin.py:190} INFO - [2024-09-26T13:36:21.158+0000] {dag.py:3239} INFO - Sync 4 DAGs
[2024-09-26T13:36:21.178+0000] {logging_mixin.py:190} INFO - [2024-09-26T13:36:21.178+0000] {dag.py:4180} INFO - Setting next_dagrun for dataset_alias_example_alias_consumer to None, run_after=None
[2024-09-26T13:36:21.181+0000] {logging_mixin.py:190} INFO - [2024-09-26T13:36:21.181+0000] {dag.py:4180} INFO - Setting next_dagrun for dataset_alias_example_alias_producer to None, run_after=None
[2024-09-26T13:36:21.182+0000] {logging_mixin.py:190} INFO - [2024-09-26T13:36:21.182+0000] {dag.py:4180} INFO - Setting next_dagrun for dataset_s3_bucket_consumer to None, run_after=None
[2024-09-26T13:36:21.184+0000] {logging_mixin.py:190} INFO - [2024-09-26T13:36:21.184+0000] {dag.py:4180} INFO - Setting next_dagrun for dataset_s3_bucket_producer to None, run_after=None
[2024-09-26T13:36:21.203+0000] {processor.py:208} INFO - Processing /home/airflow/.local/lib/python3.12/site-packages/airflow/example_dags/example_dataset_alias.py took 0.191 seconds
[2024-09-26T13:36:51.275+0000] {processor.py:186} INFO - Started process (PID=22901) to work on /home/airflow/.local/lib/python3.12/site-packages/airflow/example_dags/example_dataset_alias.py
[2024-09-26T13:36:51.276+0000] {processor.py:914} INFO - Processing file /home/airflow/.local/lib/python3.12/site-packages/airflow/example_dags/example_dataset_alias.py for tasks to queue
[2024-09-26T13:36:51.278+0000] {logging_mixin.py:190} INFO - [2024-09-26T13:36:51.277+0000] {dagbag.py:588} INFO - Filling up the DagBag from /home/airflow/.local/lib/python3.12/site-packages/airflow/example_dags/example_dataset_alias.py
[2024-09-26T13:36:51.388+0000] {processor.py:925} INFO - DAG(s) 'dataset_alias_example_alias_consumer', 'dataset_s3_bucket_consumer', 'dataset_alias_example_alias_producer', 'dataset_s3_bucket_producer' retrieved from /home/airflow/.local/lib/python3.12/site-packages/airflow/example_dags/example_dataset_alias.py
[2024-09-26T13:36:51.405+0000] {logging_mixin.py:190} INFO - [2024-09-26T13:36:51.405+0000] {dag.py:3239} INFO - Sync 4 DAGs
[2024-09-26T13:36:51.423+0000] {logging_mixin.py:190} INFO - [2024-09-26T13:36:51.423+0000] {dag.py:4180} INFO - Setting next_dagrun for dataset_alias_example_alias_consumer to None, run_after=None
[2024-09-26T13:36:51.426+0000] {logging_mixin.py:190} INFO - [2024-09-26T13:36:51.426+0000] {dag.py:4180} INFO - Setting next_dagrun for dataset_alias_example_alias_producer to None, run_after=None
[2024-09-26T13:36:51.427+0000] {logging_mixin.py:190} INFO - [2024-09-26T13:36:51.427+0000] {dag.py:4180} INFO - Setting next_dagrun for dataset_s3_bucket_consumer to None, run_after=None
[2024-09-26T13:36:51.428+0000] {logging_mixin.py:190} INFO - [2024-09-26T13:36:51.428+0000] {dag.py:4180} INFO - Setting next_dagrun for dataset_s3_bucket_producer to None, run_after=None
[2024-09-26T13:36:51.444+0000] {processor.py:208} INFO - Processing /home/airflow/.local/lib/python3.12/site-packages/airflow/example_dags/example_dataset_alias.py took 0.173 seconds
[2024-09-26T13:37:21.578+0000] {processor.py:186} INFO - Started process (PID=23192) to work on /home/airflow/.local/lib/python3.12/site-packages/airflow/example_dags/example_dataset_alias.py
[2024-09-26T13:37:21.579+0000] {processor.py:914} INFO - Processing file /home/airflow/.local/lib/python3.12/site-packages/airflow/example_dags/example_dataset_alias.py for tasks to queue
[2024-09-26T13:37:21.580+0000] {logging_mixin.py:190} INFO - [2024-09-26T13:37:21.580+0000] {dagbag.py:588} INFO - Filling up the DagBag from /home/airflow/.local/lib/python3.12/site-packages/airflow/example_dags/example_dataset_alias.py
[2024-09-26T13:37:21.688+0000] {processor.py:925} INFO - DAG(s) 'dataset_alias_example_alias_producer', 'dataset_alias_example_alias_consumer', 'dataset_s3_bucket_producer', 'dataset_s3_bucket_consumer' retrieved from /home/airflow/.local/lib/python3.12/site-packages/airflow/example_dags/example_dataset_alias.py
[2024-09-26T13:37:21.704+0000] {logging_mixin.py:190} INFO - [2024-09-26T13:37:21.704+0000] {dag.py:3239} INFO - Sync 4 DAGs
[2024-09-26T13:37:21.723+0000] {logging_mixin.py:190} INFO - [2024-09-26T13:37:21.723+0000] {dag.py:4180} INFO - Setting next_dagrun for dataset_alias_example_alias_consumer to None, run_after=None
[2024-09-26T13:37:21.726+0000] {logging_mixin.py:190} INFO - [2024-09-26T13:37:21.726+0000] {dag.py:4180} INFO - Setting next_dagrun for dataset_alias_example_alias_producer to None, run_after=None
[2024-09-26T13:37:21.727+0000] {logging_mixin.py:190} INFO - [2024-09-26T13:37:21.727+0000] {dag.py:4180} INFO - Setting next_dagrun for dataset_s3_bucket_consumer to None, run_after=None
[2024-09-26T13:37:21.728+0000] {logging_mixin.py:190} INFO - [2024-09-26T13:37:21.728+0000] {dag.py:4180} INFO - Setting next_dagrun for dataset_s3_bucket_producer to None, run_after=None
[2024-09-26T13:37:21.744+0000] {processor.py:208} INFO - Processing /home/airflow/.local/lib/python3.12/site-packages/airflow/example_dags/example_dataset_alias.py took 0.170 seconds
[2024-09-26T13:37:51.896+0000] {processor.py:186} INFO - Started process (PID=23483) to work on /home/airflow/.local/lib/python3.12/site-packages/airflow/example_dags/example_dataset_alias.py
[2024-09-26T13:37:51.897+0000] {processor.py:914} INFO - Processing file /home/airflow/.local/lib/python3.12/site-packages/airflow/example_dags/example_dataset_alias.py for tasks to queue
[2024-09-26T13:37:51.899+0000] {logging_mixin.py:190} INFO - [2024-09-26T13:37:51.898+0000] {dagbag.py:588} INFO - Filling up the DagBag from /home/airflow/.local/lib/python3.12/site-packages/airflow/example_dags/example_dataset_alias.py
[2024-09-26T13:37:52.008+0000] {processor.py:925} INFO - DAG(s) 'dataset_alias_example_alias_producer', 'dataset_s3_bucket_consumer', 'dataset_alias_example_alias_consumer', 'dataset_s3_bucket_producer' retrieved from /home/airflow/.local/lib/python3.12/site-packages/airflow/example_dags/example_dataset_alias.py
[2024-09-26T13:37:52.024+0000] {logging_mixin.py:190} INFO - [2024-09-26T13:37:52.024+0000] {dag.py:3239} INFO - Sync 4 DAGs
[2024-09-26T13:37:52.042+0000] {logging_mixin.py:190} INFO - [2024-09-26T13:37:52.042+0000] {dag.py:4180} INFO - Setting next_dagrun for dataset_alias_example_alias_consumer to None, run_after=None
[2024-09-26T13:37:52.045+0000] {logging_mixin.py:190} INFO - [2024-09-26T13:37:52.044+0000] {dag.py:4180} INFO - Setting next_dagrun for dataset_alias_example_alias_producer to None, run_after=None
[2024-09-26T13:37:52.046+0000] {logging_mixin.py:190} INFO - [2024-09-26T13:37:52.046+0000] {dag.py:4180} INFO - Setting next_dagrun for dataset_s3_bucket_consumer to None, run_after=None
[2024-09-26T13:37:52.047+0000] {logging_mixin.py:190} INFO - [2024-09-26T13:37:52.047+0000] {dag.py:4180} INFO - Setting next_dagrun for dataset_s3_bucket_producer to None, run_after=None
[2024-09-26T13:37:52.063+0000] {processor.py:208} INFO - Processing /home/airflow/.local/lib/python3.12/site-packages/airflow/example_dags/example_dataset_alias.py took 0.171 seconds
[2024-09-26T13:38:22.955+0000] {processor.py:186} INFO - Started process (PID=23774) to work on /home/airflow/.local/lib/python3.12/site-packages/airflow/example_dags/example_dataset_alias.py
[2024-09-26T13:38:22.955+0000] {processor.py:914} INFO - Processing file /home/airflow/.local/lib/python3.12/site-packages/airflow/example_dags/example_dataset_alias.py for tasks to queue
[2024-09-26T13:38:22.957+0000] {logging_mixin.py:190} INFO - [2024-09-26T13:38:22.957+0000] {dagbag.py:588} INFO - Filling up the DagBag from /home/airflow/.local/lib/python3.12/site-packages/airflow/example_dags/example_dataset_alias.py
[2024-09-26T13:38:23.070+0000] {processor.py:925} INFO - DAG(s) 'dataset_alias_example_alias_producer', 'dataset_alias_example_alias_consumer', 'dataset_s3_bucket_producer', 'dataset_s3_bucket_consumer' retrieved from /home/airflow/.local/lib/python3.12/site-packages/airflow/example_dags/example_dataset_alias.py
[2024-09-26T13:38:23.088+0000] {logging_mixin.py:190} INFO - [2024-09-26T13:38:23.088+0000] {dag.py:3239} INFO - Sync 4 DAGs
[2024-09-26T13:38:23.106+0000] {logging_mixin.py:190} INFO - [2024-09-26T13:38:23.106+0000] {dag.py:4180} INFO - Setting next_dagrun for dataset_alias_example_alias_consumer to None, run_after=None
[2024-09-26T13:38:23.109+0000] {logging_mixin.py:190} INFO - [2024-09-26T13:38:23.109+0000] {dag.py:4180} INFO - Setting next_dagrun for dataset_alias_example_alias_producer to None, run_after=None
[2024-09-26T13:38:23.110+0000] {logging_mixin.py:190} INFO - [2024-09-26T13:38:23.110+0000] {dag.py:4180} INFO - Setting next_dagrun for dataset_s3_bucket_consumer to None, run_after=None
[2024-09-26T13:38:23.111+0000] {logging_mixin.py:190} INFO - [2024-09-26T13:38:23.111+0000] {dag.py:4180} INFO - Setting next_dagrun for dataset_s3_bucket_producer to None, run_after=None
[2024-09-26T13:38:23.127+0000] {processor.py:208} INFO - Processing /home/airflow/.local/lib/python3.12/site-packages/airflow/example_dags/example_dataset_alias.py took 0.177 seconds
[2024-09-26T13:38:53.217+0000] {processor.py:186} INFO - Started process (PID=24065) to work on /home/airflow/.local/lib/python3.12/site-packages/airflow/example_dags/example_dataset_alias.py
[2024-09-26T13:38:53.218+0000] {processor.py:914} INFO - Processing file /home/airflow/.local/lib/python3.12/site-packages/airflow/example_dags/example_dataset_alias.py for tasks to queue
[2024-09-26T13:38:53.220+0000] {logging_mixin.py:190} INFO - [2024-09-26T13:38:53.220+0000] {dagbag.py:588} INFO - Filling up the DagBag from /home/airflow/.local/lib/python3.12/site-packages/airflow/example_dags/example_dataset_alias.py
[2024-09-26T13:38:53.328+0000] {processor.py:925} INFO - DAG(s) 'dataset_s3_bucket_consumer', 'dataset_s3_bucket_producer', 'dataset_alias_example_alias_consumer', 'dataset_alias_example_alias_producer' retrieved from /home/airflow/.local/lib/python3.12/site-packages/airflow/example_dags/example_dataset_alias.py
[2024-09-26T13:38:53.345+0000] {logging_mixin.py:190} INFO - [2024-09-26T13:38:53.345+0000] {dag.py:3239} INFO - Sync 4 DAGs
[2024-09-26T13:38:53.363+0000] {logging_mixin.py:190} INFO - [2024-09-26T13:38:53.363+0000] {dag.py:4180} INFO - Setting next_dagrun for dataset_alias_example_alias_consumer to None, run_after=None
[2024-09-26T13:38:53.365+0000] {logging_mixin.py:190} INFO - [2024-09-26T13:38:53.365+0000] {dag.py:4180} INFO - Setting next_dagrun for dataset_alias_example_alias_producer to None, run_after=None
[2024-09-26T13:38:53.367+0000] {logging_mixin.py:190} INFO - [2024-09-26T13:38:53.366+0000] {dag.py:4180} INFO - Setting next_dagrun for dataset_s3_bucket_consumer to None, run_after=None
[2024-09-26T13:38:53.368+0000] {logging_mixin.py:190} INFO - [2024-09-26T13:38:53.367+0000] {dag.py:4180} INFO - Setting next_dagrun for dataset_s3_bucket_producer to None, run_after=None
[2024-09-26T13:38:53.384+0000] {processor.py:208} INFO - Processing /home/airflow/.local/lib/python3.12/site-packages/airflow/example_dags/example_dataset_alias.py took 0.171 seconds
[2024-09-26T13:39:24.379+0000] {processor.py:186} INFO - Started process (PID=24356) to work on /home/airflow/.local/lib/python3.12/site-packages/airflow/example_dags/example_dataset_alias.py
[2024-09-26T13:39:24.380+0000] {processor.py:914} INFO - Processing file /home/airflow/.local/lib/python3.12/site-packages/airflow/example_dags/example_dataset_alias.py for tasks to queue
[2024-09-26T13:39:24.382+0000] {logging_mixin.py:190} INFO - [2024-09-26T13:39:24.382+0000] {dagbag.py:588} INFO - Filling up the DagBag from /home/airflow/.local/lib/python3.12/site-packages/airflow/example_dags/example_dataset_alias.py
[2024-09-26T13:39:24.491+0000] {processor.py:925} INFO - DAG(s) 'dataset_s3_bucket_consumer', 'dataset_s3_bucket_producer', 'dataset_alias_example_alias_producer', 'dataset_alias_example_alias_consumer' retrieved from /home/airflow/.local/lib/python3.12/site-packages/airflow/example_dags/example_dataset_alias.py
[2024-09-26T13:39:24.509+0000] {logging_mixin.py:190} INFO - [2024-09-26T13:39:24.509+0000] {dag.py:3239} INFO - Sync 4 DAGs
[2024-09-26T13:39:24.527+0000] {logging_mixin.py:190} INFO - [2024-09-26T13:39:24.527+0000] {dag.py:4180} INFO - Setting next_dagrun for dataset_alias_example_alias_consumer to None, run_after=None
[2024-09-26T13:39:24.529+0000] {logging_mixin.py:190} INFO - [2024-09-26T13:39:24.529+0000] {dag.py:4180} INFO - Setting next_dagrun for dataset_alias_example_alias_producer to None, run_after=None
[2024-09-26T13:39:24.530+0000] {logging_mixin.py:190} INFO - [2024-09-26T13:39:24.530+0000] {dag.py:4180} INFO - Setting next_dagrun for dataset_s3_bucket_consumer to None, run_after=None
[2024-09-26T13:39:24.531+0000] {logging_mixin.py:190} INFO - [2024-09-26T13:39:24.531+0000] {dag.py:4180} INFO - Setting next_dagrun for dataset_s3_bucket_producer to None, run_after=None
[2024-09-26T13:39:24.547+0000] {processor.py:208} INFO - Processing /home/airflow/.local/lib/python3.12/site-packages/airflow/example_dags/example_dataset_alias.py took 0.172 seconds
[2024-09-26T13:39:54.620+0000] {processor.py:186} INFO - Started process (PID=24647) to work on /home/airflow/.local/lib/python3.12/site-packages/airflow/example_dags/example_dataset_alias.py
[2024-09-26T13:39:54.621+0000] {processor.py:914} INFO - Processing file /home/airflow/.local/lib/python3.12/site-packages/airflow/example_dags/example_dataset_alias.py for tasks to queue
[2024-09-26T13:39:54.623+0000] {logging_mixin.py:190} INFO - [2024-09-26T13:39:54.623+0000] {dagbag.py:588} INFO - Filling up the DagBag from /home/airflow/.local/lib/python3.12/site-packages/airflow/example_dags/example_dataset_alias.py
[2024-09-26T13:39:54.739+0000] {processor.py:925} INFO - DAG(s) 'dataset_s3_bucket_consumer', 'dataset_alias_example_alias_consumer', 'dataset_s3_bucket_producer', 'dataset_alias_example_alias_producer' retrieved from /home/airflow/.local/lib/python3.12/site-packages/airflow/example_dags/example_dataset_alias.py
[2024-09-26T13:39:54.758+0000] {logging_mixin.py:190} INFO - [2024-09-26T13:39:54.758+0000] {dag.py:3239} INFO - Sync 4 DAGs
[2024-09-26T13:39:54.777+0000] {logging_mixin.py:190} INFO - [2024-09-26T13:39:54.776+0000] {dag.py:4180} INFO - Setting next_dagrun for dataset_alias_example_alias_consumer to None, run_after=None
[2024-09-26T13:39:54.779+0000] {logging_mixin.py:190} INFO - [2024-09-26T13:39:54.779+0000] {dag.py:4180} INFO - Setting next_dagrun for dataset_alias_example_alias_producer to None, run_after=None
[2024-09-26T13:39:54.780+0000] {logging_mixin.py:190} INFO - [2024-09-26T13:39:54.780+0000] {dag.py:4180} INFO - Setting next_dagrun for dataset_s3_bucket_consumer to None, run_after=None
[2024-09-26T13:39:54.781+0000] {logging_mixin.py:190} INFO - [2024-09-26T13:39:54.781+0000] {dag.py:4180} INFO - Setting next_dagrun for dataset_s3_bucket_producer to None, run_after=None
[2024-09-26T13:39:54.799+0000] {processor.py:208} INFO - Processing /home/airflow/.local/lib/python3.12/site-packages/airflow/example_dags/example_dataset_alias.py took 0.183 seconds
[2024-09-26T13:40:25.772+0000] {processor.py:186} INFO - Started process (PID=24938) to work on /home/airflow/.local/lib/python3.12/site-packages/airflow/example_dags/example_dataset_alias.py
[2024-09-26T13:40:25.773+0000] {processor.py:914} INFO - Processing file /home/airflow/.local/lib/python3.12/site-packages/airflow/example_dags/example_dataset_alias.py for tasks to queue
[2024-09-26T13:40:25.775+0000] {logging_mixin.py:190} INFO - [2024-09-26T13:40:25.775+0000] {dagbag.py:588} INFO - Filling up the DagBag from /home/airflow/.local/lib/python3.12/site-packages/airflow/example_dags/example_dataset_alias.py
[2024-09-26T13:40:25.891+0000] {processor.py:925} INFO - DAG(s) 'dataset_s3_bucket_producer', 'dataset_s3_bucket_consumer', 'dataset_alias_example_alias_producer', 'dataset_alias_example_alias_consumer' retrieved from /home/airflow/.local/lib/python3.12/site-packages/airflow/example_dags/example_dataset_alias.py
[2024-09-26T13:40:25.909+0000] {logging_mixin.py:190} INFO - [2024-09-26T13:40:25.908+0000] {dag.py:3239} INFO - Sync 4 DAGs
[2024-09-26T13:40:25.929+0000] {logging_mixin.py:190} INFO - [2024-09-26T13:40:25.928+0000] {dag.py:4180} INFO - Setting next_dagrun for dataset_alias_example_alias_consumer to None, run_after=None
[2024-09-26T13:40:25.931+0000] {logging_mixin.py:190} INFO - [2024-09-26T13:40:25.931+0000] {dag.py:4180} INFO - Setting next_dagrun for dataset_alias_example_alias_producer to None, run_after=None
[2024-09-26T13:40:25.932+0000] {logging_mixin.py:190} INFO - [2024-09-26T13:40:25.932+0000] {dag.py:4180} INFO - Setting next_dagrun for dataset_s3_bucket_consumer to None, run_after=None
[2024-09-26T13:40:25.933+0000] {logging_mixin.py:190} INFO - [2024-09-26T13:40:25.933+0000] {dag.py:4180} INFO - Setting next_dagrun for dataset_s3_bucket_producer to None, run_after=None
[2024-09-26T13:40:25.949+0000] {processor.py:208} INFO - Processing /home/airflow/.local/lib/python3.12/site-packages/airflow/example_dags/example_dataset_alias.py took 0.182 seconds
[2024-09-26T13:40:56.080+0000] {processor.py:186} INFO - Started process (PID=25229) to work on /home/airflow/.local/lib/python3.12/site-packages/airflow/example_dags/example_dataset_alias.py
[2024-09-26T13:40:56.081+0000] {processor.py:914} INFO - Processing file /home/airflow/.local/lib/python3.12/site-packages/airflow/example_dags/example_dataset_alias.py for tasks to queue
[2024-09-26T13:40:56.083+0000] {logging_mixin.py:190} INFO - [2024-09-26T13:40:56.082+0000] {dagbag.py:588} INFO - Filling up the DagBag from /home/airflow/.local/lib/python3.12/site-packages/airflow/example_dags/example_dataset_alias.py
[2024-09-26T13:40:56.206+0000] {processor.py:925} INFO - DAG(s) 'dataset_alias_example_alias_consumer', 'dataset_alias_example_alias_producer', 'dataset_s3_bucket_consumer', 'dataset_s3_bucket_producer' retrieved from /home/airflow/.local/lib/python3.12/site-packages/airflow/example_dags/example_dataset_alias.py
[2024-09-26T13:40:56.222+0000] {logging_mixin.py:190} INFO - [2024-09-26T13:40:56.222+0000] {dag.py:3239} INFO - Sync 4 DAGs
[2024-09-26T13:40:56.242+0000] {logging_mixin.py:190} INFO - [2024-09-26T13:40:56.242+0000] {dag.py:4180} INFO - Setting next_dagrun for dataset_alias_example_alias_consumer to None, run_after=None
[2024-09-26T13:40:56.244+0000] {logging_mixin.py:190} INFO - [2024-09-26T13:40:56.244+0000] {dag.py:4180} INFO - Setting next_dagrun for dataset_alias_example_alias_producer to None, run_after=None
[2024-09-26T13:40:56.245+0000] {logging_mixin.py:190} INFO - [2024-09-26T13:40:56.245+0000] {dag.py:4180} INFO - Setting next_dagrun for dataset_s3_bucket_consumer to None, run_after=None
[2024-09-26T13:40:56.247+0000] {logging_mixin.py:190} INFO - [2024-09-26T13:40:56.246+0000] {dag.py:4180} INFO - Setting next_dagrun for dataset_s3_bucket_producer to None, run_after=None
[2024-09-26T13:40:56.263+0000] {processor.py:208} INFO - Processing /home/airflow/.local/lib/python3.12/site-packages/airflow/example_dags/example_dataset_alias.py took 0.187 seconds
[2024-09-26T13:41:26.363+0000] {processor.py:186} INFO - Started process (PID=25520) to work on /home/airflow/.local/lib/python3.12/site-packages/airflow/example_dags/example_dataset_alias.py
[2024-09-26T13:41:26.363+0000] {processor.py:914} INFO - Processing file /home/airflow/.local/lib/python3.12/site-packages/airflow/example_dags/example_dataset_alias.py for tasks to queue
[2024-09-26T13:41:26.365+0000] {logging_mixin.py:190} INFO - [2024-09-26T13:41:26.365+0000] {dagbag.py:588} INFO - Filling up the DagBag from /home/airflow/.local/lib/python3.12/site-packages/airflow/example_dags/example_dataset_alias.py
[2024-09-26T13:41:26.488+0000] {processor.py:925} INFO - DAG(s) 'dataset_alias_example_alias_consumer', 'dataset_alias_example_alias_producer', 'dataset_s3_bucket_producer', 'dataset_s3_bucket_consumer' retrieved from /home/airflow/.local/lib/python3.12/site-packages/airflow/example_dags/example_dataset_alias.py
[2024-09-26T13:41:26.504+0000] {logging_mixin.py:190} INFO - [2024-09-26T13:41:26.504+0000] {dag.py:3239} INFO - Sync 4 DAGs
[2024-09-26T13:41:26.524+0000] {logging_mixin.py:190} INFO - [2024-09-26T13:41:26.524+0000] {dag.py:4180} INFO - Setting next_dagrun for dataset_alias_example_alias_consumer to None, run_after=None
[2024-09-26T13:41:26.527+0000] {logging_mixin.py:190} INFO - [2024-09-26T13:41:26.526+0000] {dag.py:4180} INFO - Setting next_dagrun for dataset_alias_example_alias_producer to None, run_after=None
[2024-09-26T13:41:26.528+0000] {logging_mixin.py:190} INFO - [2024-09-26T13:41:26.528+0000] {dag.py:4180} INFO - Setting next_dagrun for dataset_s3_bucket_consumer to None, run_after=None
[2024-09-26T13:41:26.529+0000] {logging_mixin.py:190} INFO - [2024-09-26T13:41:26.529+0000] {dag.py:4180} INFO - Setting next_dagrun for dataset_s3_bucket_producer to None, run_after=None
[2024-09-26T13:41:26.545+0000] {processor.py:208} INFO - Processing /home/airflow/.local/lib/python3.12/site-packages/airflow/example_dags/example_dataset_alias.py took 0.187 seconds
[2024-09-26T13:41:56.576+0000] {processor.py:186} INFO - Started process (PID=25811) to work on /home/airflow/.local/lib/python3.12/site-packages/airflow/example_dags/example_dataset_alias.py
[2024-09-26T13:41:56.577+0000] {processor.py:914} INFO - Processing file /home/airflow/.local/lib/python3.12/site-packages/airflow/example_dags/example_dataset_alias.py for tasks to queue
[2024-09-26T13:41:56.579+0000] {logging_mixin.py:190} INFO - [2024-09-26T13:41:56.579+0000] {dagbag.py:588} INFO - Filling up the DagBag from /home/airflow/.local/lib/python3.12/site-packages/airflow/example_dags/example_dataset_alias.py
[2024-09-26T13:41:56.687+0000] {processor.py:925} INFO - DAG(s) 'dataset_alias_example_alias_consumer', 'dataset_s3_bucket_producer', 'dataset_alias_example_alias_producer', 'dataset_s3_bucket_consumer' retrieved from /home/airflow/.local/lib/python3.12/site-packages/airflow/example_dags/example_dataset_alias.py
[2024-09-26T13:41:56.704+0000] {logging_mixin.py:190} INFO - [2024-09-26T13:41:56.703+0000] {dag.py:3239} INFO - Sync 4 DAGs
[2024-09-26T13:41:56.722+0000] {logging_mixin.py:190} INFO - [2024-09-26T13:41:56.722+0000] {dag.py:4180} INFO - Setting next_dagrun for dataset_alias_example_alias_consumer to None, run_after=None
[2024-09-26T13:41:56.726+0000] {logging_mixin.py:190} INFO - [2024-09-26T13:41:56.725+0000] {dag.py:4180} INFO - Setting next_dagrun for dataset_alias_example_alias_producer to None, run_after=None
[2024-09-26T13:41:56.727+0000] {logging_mixin.py:190} INFO - [2024-09-26T13:41:56.727+0000] {dag.py:4180} INFO - Setting next_dagrun for dataset_s3_bucket_consumer to None, run_after=None
[2024-09-26T13:41:56.728+0000] {logging_mixin.py:190} INFO - [2024-09-26T13:41:56.728+0000] {dag.py:4180} INFO - Setting next_dagrun for dataset_s3_bucket_producer to None, run_after=None
[2024-09-26T13:41:56.745+0000] {processor.py:208} INFO - Processing /home/airflow/.local/lib/python3.12/site-packages/airflow/example_dags/example_dataset_alias.py took 0.173 seconds
[2024-09-26T13:42:27.064+0000] {processor.py:186} INFO - Started process (PID=26102) to work on /home/airflow/.local/lib/python3.12/site-packages/airflow/example_dags/example_dataset_alias.py
[2024-09-26T13:42:27.065+0000] {processor.py:914} INFO - Processing file /home/airflow/.local/lib/python3.12/site-packages/airflow/example_dags/example_dataset_alias.py for tasks to queue
[2024-09-26T13:42:27.067+0000] {logging_mixin.py:190} INFO - [2024-09-26T13:42:27.067+0000] {dagbag.py:588} INFO - Filling up the DagBag from /home/airflow/.local/lib/python3.12/site-packages/airflow/example_dags/example_dataset_alias.py
[2024-09-26T13:42:27.175+0000] {processor.py:925} INFO - DAG(s) 'dataset_s3_bucket_consumer', 'dataset_s3_bucket_producer', 'dataset_alias_example_alias_producer', 'dataset_alias_example_alias_consumer' retrieved from /home/airflow/.local/lib/python3.12/site-packages/airflow/example_dags/example_dataset_alias.py
[2024-09-26T13:42:27.192+0000] {logging_mixin.py:190} INFO - [2024-09-26T13:42:27.192+0000] {dag.py:3239} INFO - Sync 4 DAGs
[2024-09-26T13:42:27.211+0000] {logging_mixin.py:190} INFO - [2024-09-26T13:42:27.211+0000] {dag.py:4180} INFO - Setting next_dagrun for dataset_alias_example_alias_consumer to None, run_after=None
[2024-09-26T13:42:27.213+0000] {logging_mixin.py:190} INFO - [2024-09-26T13:42:27.213+0000] {dag.py:4180} INFO - Setting next_dagrun for dataset_alias_example_alias_producer to None, run_after=None
[2024-09-26T13:42:27.214+0000] {logging_mixin.py:190} INFO - [2024-09-26T13:42:27.214+0000] {dag.py:4180} INFO - Setting next_dagrun for dataset_s3_bucket_consumer to None, run_after=None
[2024-09-26T13:42:27.215+0000] {logging_mixin.py:190} INFO - [2024-09-26T13:42:27.215+0000] {dag.py:4180} INFO - Setting next_dagrun for dataset_s3_bucket_producer to None, run_after=None
[2024-09-26T13:42:27.234+0000] {processor.py:208} INFO - Processing /home/airflow/.local/lib/python3.12/site-packages/airflow/example_dags/example_dataset_alias.py took 0.174 seconds
[2024-09-26T13:42:57.411+0000] {processor.py:186} INFO - Started process (PID=26393) to work on /home/airflow/.local/lib/python3.12/site-packages/airflow/example_dags/example_dataset_alias.py
[2024-09-26T13:42:57.412+0000] {processor.py:914} INFO - Processing file /home/airflow/.local/lib/python3.12/site-packages/airflow/example_dags/example_dataset_alias.py for tasks to queue
[2024-09-26T13:42:57.414+0000] {logging_mixin.py:190} INFO - [2024-09-26T13:42:57.414+0000] {dagbag.py:588} INFO - Filling up the DagBag from /home/airflow/.local/lib/python3.12/site-packages/airflow/example_dags/example_dataset_alias.py
[2024-09-26T13:42:57.526+0000] {processor.py:925} INFO - DAG(s) 'dataset_alias_example_alias_producer', 'dataset_s3_bucket_producer', 'dataset_alias_example_alias_consumer', 'dataset_s3_bucket_consumer' retrieved from /home/airflow/.local/lib/python3.12/site-packages/airflow/example_dags/example_dataset_alias.py
[2024-09-26T13:42:57.543+0000] {logging_mixin.py:190} INFO - [2024-09-26T13:42:57.543+0000] {dag.py:3239} INFO - Sync 4 DAGs
[2024-09-26T13:42:57.562+0000] {logging_mixin.py:190} INFO - [2024-09-26T13:42:57.561+0000] {dag.py:4180} INFO - Setting next_dagrun for dataset_alias_example_alias_consumer to None, run_after=None
[2024-09-26T13:42:57.564+0000] {logging_mixin.py:190} INFO - [2024-09-26T13:42:57.564+0000] {dag.py:4180} INFO - Setting next_dagrun for dataset_alias_example_alias_producer to None, run_after=None
[2024-09-26T13:42:57.565+0000] {logging_mixin.py:190} INFO - [2024-09-26T13:42:57.565+0000] {dag.py:4180} INFO - Setting next_dagrun for dataset_s3_bucket_consumer to None, run_after=None
[2024-09-26T13:42:57.566+0000] {logging_mixin.py:190} INFO - [2024-09-26T13:42:57.566+0000] {dag.py:4180} INFO - Setting next_dagrun for dataset_s3_bucket_producer to None, run_after=None
[2024-09-26T13:42:57.583+0000] {processor.py:208} INFO - Processing /home/airflow/.local/lib/python3.12/site-packages/airflow/example_dags/example_dataset_alias.py took 0.176 seconds
[2024-09-26T13:43:28.511+0000] {processor.py:186} INFO - Started process (PID=26684) to work on /home/airflow/.local/lib/python3.12/site-packages/airflow/example_dags/example_dataset_alias.py
[2024-09-26T13:43:28.512+0000] {processor.py:914} INFO - Processing file /home/airflow/.local/lib/python3.12/site-packages/airflow/example_dags/example_dataset_alias.py for tasks to queue
[2024-09-26T13:43:28.514+0000] {logging_mixin.py:190} INFO - [2024-09-26T13:43:28.513+0000] {dagbag.py:588} INFO - Filling up the DagBag from /home/airflow/.local/lib/python3.12/site-packages/airflow/example_dags/example_dataset_alias.py
[2024-09-26T13:43:28.627+0000] {processor.py:925} INFO - DAG(s) 'dataset_alias_example_alias_producer', 'dataset_s3_bucket_consumer', 'dataset_alias_example_alias_consumer', 'dataset_s3_bucket_producer' retrieved from /home/airflow/.local/lib/python3.12/site-packages/airflow/example_dags/example_dataset_alias.py
[2024-09-26T13:43:28.643+0000] {logging_mixin.py:190} INFO - [2024-09-26T13:43:28.643+0000] {dag.py:3239} INFO - Sync 4 DAGs
[2024-09-26T13:43:28.661+0000] {logging_mixin.py:190} INFO - [2024-09-26T13:43:28.661+0000] {dag.py:4180} INFO - Setting next_dagrun for dataset_alias_example_alias_consumer to None, run_after=None
[2024-09-26T13:43:28.663+0000] {logging_mixin.py:190} INFO - [2024-09-26T13:43:28.663+0000] {dag.py:4180} INFO - Setting next_dagrun for dataset_alias_example_alias_producer to None, run_after=None
[2024-09-26T13:43:28.664+0000] {logging_mixin.py:190} INFO - [2024-09-26T13:43:28.664+0000] {dag.py:4180} INFO - Setting next_dagrun for dataset_s3_bucket_consumer to None, run_after=None
[2024-09-26T13:43:28.666+0000] {logging_mixin.py:190} INFO - [2024-09-26T13:43:28.665+0000] {dag.py:4180} INFO - Setting next_dagrun for dataset_s3_bucket_producer to None, run_after=None
[2024-09-26T13:43:28.681+0000] {processor.py:208} INFO - Processing /home/airflow/.local/lib/python3.12/site-packages/airflow/example_dags/example_dataset_alias.py took 0.175 seconds
[2024-09-26T13:43:58.734+0000] {processor.py:186} INFO - Started process (PID=26975) to work on /home/airflow/.local/lib/python3.12/site-packages/airflow/example_dags/example_dataset_alias.py
[2024-09-26T13:43:58.734+0000] {processor.py:914} INFO - Processing file /home/airflow/.local/lib/python3.12/site-packages/airflow/example_dags/example_dataset_alias.py for tasks to queue
[2024-09-26T13:43:58.736+0000] {logging_mixin.py:190} INFO - [2024-09-26T13:43:58.736+0000] {dagbag.py:588} INFO - Filling up the DagBag from /home/airflow/.local/lib/python3.12/site-packages/airflow/example_dags/example_dataset_alias.py
[2024-09-26T13:43:58.846+0000] {processor.py:925} INFO - DAG(s) 'dataset_s3_bucket_consumer', 'dataset_alias_example_alias_producer', 'dataset_alias_example_alias_consumer', 'dataset_s3_bucket_producer' retrieved from /home/airflow/.local/lib/python3.12/site-packages/airflow/example_dags/example_dataset_alias.py
[2024-09-26T13:43:58.863+0000] {logging_mixin.py:190} INFO - [2024-09-26T13:43:58.863+0000] {dag.py:3239} INFO - Sync 4 DAGs
[2024-09-26T13:43:58.881+0000] {logging_mixin.py:190} INFO - [2024-09-26T13:43:58.881+0000] {dag.py:4180} INFO - Setting next_dagrun for dataset_alias_example_alias_consumer to None, run_after=None
[2024-09-26T13:43:58.883+0000] {logging_mixin.py:190} INFO - [2024-09-26T13:43:58.883+0000] {dag.py:4180} INFO - Setting next_dagrun for dataset_alias_example_alias_producer to None, run_after=None
[2024-09-26T13:43:58.884+0000] {logging_mixin.py:190} INFO - [2024-09-26T13:43:58.884+0000] {dag.py:4180} INFO - Setting next_dagrun for dataset_s3_bucket_consumer to None, run_after=None
[2024-09-26T13:43:58.886+0000] {logging_mixin.py:190} INFO - [2024-09-26T13:43:58.885+0000] {dag.py:4180} INFO - Setting next_dagrun for dataset_s3_bucket_producer to None, run_after=None
[2024-09-26T13:43:58.903+0000] {processor.py:208} INFO - Processing /home/airflow/.local/lib/python3.12/site-packages/airflow/example_dags/example_dataset_alias.py took 0.174 seconds
[2024-09-26T13:44:28.952+0000] {processor.py:186} INFO - Started process (PID=27266) to work on /home/airflow/.local/lib/python3.12/site-packages/airflow/example_dags/example_dataset_alias.py
[2024-09-26T13:44:28.953+0000] {processor.py:914} INFO - Processing file /home/airflow/.local/lib/python3.12/site-packages/airflow/example_dags/example_dataset_alias.py for tasks to queue
[2024-09-26T13:44:28.955+0000] {logging_mixin.py:190} INFO - [2024-09-26T13:44:28.955+0000] {dagbag.py:588} INFO - Filling up the DagBag from /home/airflow/.local/lib/python3.12/site-packages/airflow/example_dags/example_dataset_alias.py
[2024-09-26T13:44:29.066+0000] {processor.py:925} INFO - DAG(s) 'dataset_alias_example_alias_consumer', 'dataset_s3_bucket_consumer', 'dataset_alias_example_alias_producer', 'dataset_s3_bucket_producer' retrieved from /home/airflow/.local/lib/python3.12/site-packages/airflow/example_dags/example_dataset_alias.py
[2024-09-26T13:44:29.082+0000] {logging_mixin.py:190} INFO - [2024-09-26T13:44:29.082+0000] {dag.py:3239} INFO - Sync 4 DAGs
[2024-09-26T13:44:29.101+0000] {logging_mixin.py:190} INFO - [2024-09-26T13:44:29.100+0000] {dag.py:4180} INFO - Setting next_dagrun for dataset_alias_example_alias_consumer to None, run_after=None
[2024-09-26T13:44:29.103+0000] {logging_mixin.py:190} INFO - [2024-09-26T13:44:29.103+0000] {dag.py:4180} INFO - Setting next_dagrun for dataset_alias_example_alias_producer to None, run_after=None
[2024-09-26T13:44:29.104+0000] {logging_mixin.py:190} INFO - [2024-09-26T13:44:29.104+0000] {dag.py:4180} INFO - Setting next_dagrun for dataset_s3_bucket_consumer to None, run_after=None
[2024-09-26T13:44:29.105+0000] {logging_mixin.py:190} INFO - [2024-09-26T13:44:29.105+0000] {dag.py:4180} INFO - Setting next_dagrun for dataset_s3_bucket_producer to None, run_after=None
[2024-09-26T13:44:29.121+0000] {processor.py:208} INFO - Processing /home/airflow/.local/lib/python3.12/site-packages/airflow/example_dags/example_dataset_alias.py took 0.173 seconds
[2024-09-26T13:44:59.213+0000] {processor.py:186} INFO - Started process (PID=27557) to work on /home/airflow/.local/lib/python3.12/site-packages/airflow/example_dags/example_dataset_alias.py
[2024-09-26T13:44:59.214+0000] {processor.py:914} INFO - Processing file /home/airflow/.local/lib/python3.12/site-packages/airflow/example_dags/example_dataset_alias.py for tasks to queue
[2024-09-26T13:44:59.215+0000] {logging_mixin.py:190} INFO - [2024-09-26T13:44:59.215+0000] {dagbag.py:588} INFO - Filling up the DagBag from /home/airflow/.local/lib/python3.12/site-packages/airflow/example_dags/example_dataset_alias.py
[2024-09-26T13:44:59.324+0000] {processor.py:925} INFO - DAG(s) 'dataset_alias_example_alias_consumer', 'dataset_s3_bucket_consumer', 'dataset_s3_bucket_producer', 'dataset_alias_example_alias_producer' retrieved from /home/airflow/.local/lib/python3.12/site-packages/airflow/example_dags/example_dataset_alias.py
[2024-09-26T13:44:59.342+0000] {logging_mixin.py:190} INFO - [2024-09-26T13:44:59.342+0000] {dag.py:3239} INFO - Sync 4 DAGs
[2024-09-26T13:44:59.360+0000] {logging_mixin.py:190} INFO - [2024-09-26T13:44:59.360+0000] {dag.py:4180} INFO - Setting next_dagrun for dataset_alias_example_alias_consumer to None, run_after=None
[2024-09-26T13:44:59.363+0000] {logging_mixin.py:190} INFO - [2024-09-26T13:44:59.363+0000] {dag.py:4180} INFO - Setting next_dagrun for dataset_alias_example_alias_producer to None, run_after=None
[2024-09-26T13:44:59.364+0000] {logging_mixin.py:190} INFO - [2024-09-26T13:44:59.364+0000] {dag.py:4180} INFO - Setting next_dagrun for dataset_s3_bucket_consumer to None, run_after=None
[2024-09-26T13:44:59.365+0000] {logging_mixin.py:190} INFO - [2024-09-26T13:44:59.365+0000] {dag.py:4180} INFO - Setting next_dagrun for dataset_s3_bucket_producer to None, run_after=None
[2024-09-26T13:44:59.382+0000] {processor.py:208} INFO - Processing /home/airflow/.local/lib/python3.12/site-packages/airflow/example_dags/example_dataset_alias.py took 0.173 seconds
[2024-09-26T13:45:30.194+0000] {processor.py:186} INFO - Started process (PID=27849) to work on /home/airflow/.local/lib/python3.12/site-packages/airflow/example_dags/example_dataset_alias.py
[2024-09-26T13:45:30.195+0000] {processor.py:914} INFO - Processing file /home/airflow/.local/lib/python3.12/site-packages/airflow/example_dags/example_dataset_alias.py for tasks to queue
[2024-09-26T13:45:30.197+0000] {logging_mixin.py:190} INFO - [2024-09-26T13:45:30.196+0000] {dagbag.py:588} INFO - Filling up the DagBag from /home/airflow/.local/lib/python3.12/site-packages/airflow/example_dags/example_dataset_alias.py
[2024-09-26T13:45:30.311+0000] {processor.py:925} INFO - DAG(s) 'dataset_alias_example_alias_consumer', 'dataset_s3_bucket_producer', 'dataset_alias_example_alias_producer', 'dataset_s3_bucket_consumer' retrieved from /home/airflow/.local/lib/python3.12/site-packages/airflow/example_dags/example_dataset_alias.py
[2024-09-26T13:45:30.329+0000] {logging_mixin.py:190} INFO - [2024-09-26T13:45:30.329+0000] {dag.py:3239} INFO - Sync 4 DAGs
[2024-09-26T13:45:30.348+0000] {logging_mixin.py:190} INFO - [2024-09-26T13:45:30.347+0000] {dag.py:4180} INFO - Setting next_dagrun for dataset_alias_example_alias_consumer to None, run_after=None
[2024-09-26T13:45:30.350+0000] {logging_mixin.py:190} INFO - [2024-09-26T13:45:30.350+0000] {dag.py:4180} INFO - Setting next_dagrun for dataset_alias_example_alias_producer to None, run_after=None
[2024-09-26T13:45:30.351+0000] {logging_mixin.py:190} INFO - [2024-09-26T13:45:30.351+0000] {dag.py:4180} INFO - Setting next_dagrun for dataset_s3_bucket_consumer to None, run_after=None
[2024-09-26T13:45:30.352+0000] {logging_mixin.py:190} INFO - [2024-09-26T13:45:30.352+0000] {dag.py:4180} INFO - Setting next_dagrun for dataset_s3_bucket_producer to None, run_after=None
[2024-09-26T13:45:30.368+0000] {processor.py:208} INFO - Processing /home/airflow/.local/lib/python3.12/site-packages/airflow/example_dags/example_dataset_alias.py took 0.178 seconds
[2024-09-26T13:46:01.118+0000] {processor.py:186} INFO - Started process (PID=28140) to work on /home/airflow/.local/lib/python3.12/site-packages/airflow/example_dags/example_dataset_alias.py
[2024-09-26T13:46:01.119+0000] {processor.py:914} INFO - Processing file /home/airflow/.local/lib/python3.12/site-packages/airflow/example_dags/example_dataset_alias.py for tasks to queue
[2024-09-26T13:46:01.120+0000] {logging_mixin.py:190} INFO - [2024-09-26T13:46:01.120+0000] {dagbag.py:588} INFO - Filling up the DagBag from /home/airflow/.local/lib/python3.12/site-packages/airflow/example_dags/example_dataset_alias.py
[2024-09-26T13:46:01.227+0000] {processor.py:925} INFO - DAG(s) 'dataset_alias_example_alias_producer', 'dataset_alias_example_alias_consumer', 'dataset_s3_bucket_consumer', 'dataset_s3_bucket_producer' retrieved from /home/airflow/.local/lib/python3.12/site-packages/airflow/example_dags/example_dataset_alias.py
[2024-09-26T13:46:01.245+0000] {logging_mixin.py:190} INFO - [2024-09-26T13:46:01.245+0000] {dag.py:3239} INFO - Sync 4 DAGs
[2024-09-26T13:46:01.263+0000] {logging_mixin.py:190} INFO - [2024-09-26T13:46:01.263+0000] {dag.py:4180} INFO - Setting next_dagrun for dataset_alias_example_alias_consumer to None, run_after=None
[2024-09-26T13:46:01.266+0000] {logging_mixin.py:190} INFO - [2024-09-26T13:46:01.265+0000] {dag.py:4180} INFO - Setting next_dagrun for dataset_alias_example_alias_producer to None, run_after=None
[2024-09-26T13:46:01.267+0000] {logging_mixin.py:190} INFO - [2024-09-26T13:46:01.267+0000] {dag.py:4180} INFO - Setting next_dagrun for dataset_s3_bucket_consumer to None, run_after=None
[2024-09-26T13:46:01.268+0000] {logging_mixin.py:190} INFO - [2024-09-26T13:46:01.268+0000] {dag.py:4180} INFO - Setting next_dagrun for dataset_s3_bucket_producer to None, run_after=None
[2024-09-26T13:46:01.284+0000] {processor.py:208} INFO - Processing /home/airflow/.local/lib/python3.12/site-packages/airflow/example_dags/example_dataset_alias.py took 0.170 seconds
[2024-09-26T13:46:31.428+0000] {processor.py:186} INFO - Started process (PID=28431) to work on /home/airflow/.local/lib/python3.12/site-packages/airflow/example_dags/example_dataset_alias.py
[2024-09-26T13:46:31.429+0000] {processor.py:914} INFO - Processing file /home/airflow/.local/lib/python3.12/site-packages/airflow/example_dags/example_dataset_alias.py for tasks to queue
[2024-09-26T13:46:31.430+0000] {logging_mixin.py:190} INFO - [2024-09-26T13:46:31.430+0000] {dagbag.py:588} INFO - Filling up the DagBag from /home/airflow/.local/lib/python3.12/site-packages/airflow/example_dags/example_dataset_alias.py
[2024-09-26T13:46:31.544+0000] {processor.py:925} INFO - DAG(s) 'dataset_s3_bucket_producer', 'dataset_alias_example_alias_consumer', 'dataset_alias_example_alias_producer', 'dataset_s3_bucket_consumer' retrieved from /home/airflow/.local/lib/python3.12/site-packages/airflow/example_dags/example_dataset_alias.py
[2024-09-26T13:46:31.564+0000] {logging_mixin.py:190} INFO - [2024-09-26T13:46:31.564+0000] {dag.py:3239} INFO - Sync 4 DAGs
[2024-09-26T13:46:31.584+0000] {logging_mixin.py:190} INFO - [2024-09-26T13:46:31.583+0000] {dag.py:4180} INFO - Setting next_dagrun for dataset_alias_example_alias_consumer to None, run_after=None
[2024-09-26T13:46:31.586+0000] {logging_mixin.py:190} INFO - [2024-09-26T13:46:31.586+0000] {dag.py:4180} INFO - Setting next_dagrun for dataset_alias_example_alias_producer to None, run_after=None
[2024-09-26T13:46:31.587+0000] {logging_mixin.py:190} INFO - [2024-09-26T13:46:31.587+0000] {dag.py:4180} INFO - Setting next_dagrun for dataset_s3_bucket_consumer to None, run_after=None
[2024-09-26T13:46:31.588+0000] {logging_mixin.py:190} INFO - [2024-09-26T13:46:31.588+0000] {dag.py:4180} INFO - Setting next_dagrun for dataset_s3_bucket_producer to None, run_after=None
[2024-09-26T13:46:31.606+0000] {processor.py:208} INFO - Processing /home/airflow/.local/lib/python3.12/site-packages/airflow/example_dags/example_dataset_alias.py took 0.183 seconds
[2024-09-26T13:47:01.640+0000] {processor.py:186} INFO - Started process (PID=28722) to work on /home/airflow/.local/lib/python3.12/site-packages/airflow/example_dags/example_dataset_alias.py
[2024-09-26T13:47:01.640+0000] {processor.py:914} INFO - Processing file /home/airflow/.local/lib/python3.12/site-packages/airflow/example_dags/example_dataset_alias.py for tasks to queue
[2024-09-26T13:47:01.642+0000] {logging_mixin.py:190} INFO - [2024-09-26T13:47:01.642+0000] {dagbag.py:588} INFO - Filling up the DagBag from /home/airflow/.local/lib/python3.12/site-packages/airflow/example_dags/example_dataset_alias.py
[2024-09-26T13:47:01.752+0000] {processor.py:925} INFO - DAG(s) 'dataset_alias_example_alias_consumer', 'dataset_alias_example_alias_producer', 'dataset_s3_bucket_consumer', 'dataset_s3_bucket_producer' retrieved from /home/airflow/.local/lib/python3.12/site-packages/airflow/example_dags/example_dataset_alias.py
[2024-09-26T13:47:01.770+0000] {logging_mixin.py:190} INFO - [2024-09-26T13:47:01.770+0000] {dag.py:3239} INFO - Sync 4 DAGs
[2024-09-26T13:47:01.789+0000] {logging_mixin.py:190} INFO - [2024-09-26T13:47:01.789+0000] {dag.py:4180} INFO - Setting next_dagrun for dataset_alias_example_alias_consumer to None, run_after=None
[2024-09-26T13:47:01.791+0000] {logging_mixin.py:190} INFO - [2024-09-26T13:47:01.791+0000] {dag.py:4180} INFO - Setting next_dagrun for dataset_alias_example_alias_producer to None, run_after=None
[2024-09-26T13:47:01.792+0000] {logging_mixin.py:190} INFO - [2024-09-26T13:47:01.792+0000] {dag.py:4180} INFO - Setting next_dagrun for dataset_s3_bucket_consumer to None, run_after=None
[2024-09-26T13:47:01.793+0000] {logging_mixin.py:190} INFO - [2024-09-26T13:47:01.793+0000] {dag.py:4180} INFO - Setting next_dagrun for dataset_s3_bucket_producer to None, run_after=None
[2024-09-26T13:47:01.810+0000] {processor.py:208} INFO - Processing /home/airflow/.local/lib/python3.12/site-packages/airflow/example_dags/example_dataset_alias.py took 0.175 seconds
[2024-09-26T13:47:32.805+0000] {processor.py:186} INFO - Started process (PID=29013) to work on /home/airflow/.local/lib/python3.12/site-packages/airflow/example_dags/example_dataset_alias.py
[2024-09-26T13:47:32.806+0000] {processor.py:914} INFO - Processing file /home/airflow/.local/lib/python3.12/site-packages/airflow/example_dags/example_dataset_alias.py for tasks to queue
[2024-09-26T13:47:32.808+0000] {logging_mixin.py:190} INFO - [2024-09-26T13:47:32.807+0000] {dagbag.py:588} INFO - Filling up the DagBag from /home/airflow/.local/lib/python3.12/site-packages/airflow/example_dags/example_dataset_alias.py
[2024-09-26T13:47:32.928+0000] {processor.py:925} INFO - DAG(s) 'dataset_alias_example_alias_consumer', 'dataset_s3_bucket_producer', 'dataset_alias_example_alias_producer', 'dataset_s3_bucket_consumer' retrieved from /home/airflow/.local/lib/python3.12/site-packages/airflow/example_dags/example_dataset_alias.py
[2024-09-26T13:47:32.947+0000] {logging_mixin.py:190} INFO - [2024-09-26T13:47:32.947+0000] {dag.py:3239} INFO - Sync 4 DAGs
[2024-09-26T13:47:32.965+0000] {logging_mixin.py:190} INFO - [2024-09-26T13:47:32.965+0000] {dag.py:4180} INFO - Setting next_dagrun for dataset_alias_example_alias_consumer to None, run_after=None
[2024-09-26T13:47:32.968+0000] {logging_mixin.py:190} INFO - [2024-09-26T13:47:32.968+0000] {dag.py:4180} INFO - Setting next_dagrun for dataset_alias_example_alias_producer to None, run_after=None
[2024-09-26T13:47:32.969+0000] {logging_mixin.py:190} INFO - [2024-09-26T13:47:32.969+0000] {dag.py:4180} INFO - Setting next_dagrun for dataset_s3_bucket_consumer to None, run_after=None
[2024-09-26T13:47:32.970+0000] {logging_mixin.py:190} INFO - [2024-09-26T13:47:32.970+0000] {dag.py:4180} INFO - Setting next_dagrun for dataset_s3_bucket_producer to None, run_after=None
[2024-09-26T13:47:32.989+0000] {processor.py:208} INFO - Processing /home/airflow/.local/lib/python3.12/site-packages/airflow/example_dags/example_dataset_alias.py took 0.188 seconds
