[2024-09-26T13:25:10.511+0000] {processor.py:186} INFO - Started process (PID=16454) to work on /home/airflow/.local/lib/python3.12/site-packages/airflow/example_dags/example_branch_python_dop_operator_3.py
[2024-09-26T13:25:10.512+0000] {processor.py:914} INFO - Processing file /home/airflow/.local/lib/python3.12/site-packages/airflow/example_dags/example_branch_python_dop_operator_3.py for tasks to queue
[2024-09-26T13:25:10.514+0000] {logging_mixin.py:190} INFO - [2024-09-26T13:25:10.514+0000] {dagbag.py:588} INFO - Filling up the DagBag from /home/airflow/.local/lib/python3.12/site-packages/airflow/example_dags/example_branch_python_dop_operator_3.py
[2024-09-26T13:25:10.522+0000] {processor.py:925} INFO - DAG(s) 'example_branch_dop_operator_v3' retrieved from /home/airflow/.local/lib/python3.12/site-packages/airflow/example_dags/example_branch_python_dop_operator_3.py
[2024-09-26T13:25:10.537+0000] {logging_mixin.py:190} INFO - [2024-09-26T13:25:10.537+0000] {dag.py:3239} INFO - Sync 1 DAGs
[2024-09-26T13:25:10.560+0000] {logging_mixin.py:190} INFO - [2024-09-26T13:25:10.560+0000] {dag.py:4180} INFO - Setting next_dagrun for example_branch_dop_operator_v3 to 2024-09-26 13:24:00+00:00, run_after=2024-09-26 13:25:00+00:00
[2024-09-26T13:25:10.575+0000] {processor.py:208} INFO - Processing /home/airflow/.local/lib/python3.12/site-packages/airflow/example_dags/example_branch_python_dop_operator_3.py took 0.068 seconds
[2024-09-26T13:25:41.121+0000] {processor.py:186} INFO - Started process (PID=16740) to work on /home/airflow/.local/lib/python3.12/site-packages/airflow/example_dags/example_branch_python_dop_operator_3.py
[2024-09-26T13:25:41.122+0000] {processor.py:914} INFO - Processing file /home/airflow/.local/lib/python3.12/site-packages/airflow/example_dags/example_branch_python_dop_operator_3.py for tasks to queue
[2024-09-26T13:25:41.124+0000] {logging_mixin.py:190} INFO - [2024-09-26T13:25:41.123+0000] {dagbag.py:588} INFO - Filling up the DagBag from /home/airflow/.local/lib/python3.12/site-packages/airflow/example_dags/example_branch_python_dop_operator_3.py
[2024-09-26T13:25:41.132+0000] {processor.py:925} INFO - DAG(s) 'example_branch_dop_operator_v3' retrieved from /home/airflow/.local/lib/python3.12/site-packages/airflow/example_dags/example_branch_python_dop_operator_3.py
[2024-09-26T13:25:41.147+0000] {logging_mixin.py:190} INFO - [2024-09-26T13:25:41.146+0000] {dag.py:3239} INFO - Sync 1 DAGs
[2024-09-26T13:25:41.170+0000] {logging_mixin.py:190} INFO - [2024-09-26T13:25:41.169+0000] {dag.py:4180} INFO - Setting next_dagrun for example_branch_dop_operator_v3 to 2024-09-26 13:24:00+00:00, run_after=2024-09-26 13:25:00+00:00
[2024-09-26T13:25:41.184+0000] {processor.py:208} INFO - Processing /home/airflow/.local/lib/python3.12/site-packages/airflow/example_dags/example_branch_python_dop_operator_3.py took 0.068 seconds
[2024-09-26T13:26:11.963+0000] {processor.py:186} INFO - Started process (PID=17026) to work on /home/airflow/.local/lib/python3.12/site-packages/airflow/example_dags/example_branch_python_dop_operator_3.py
[2024-09-26T13:26:11.964+0000] {processor.py:914} INFO - Processing file /home/airflow/.local/lib/python3.12/site-packages/airflow/example_dags/example_branch_python_dop_operator_3.py for tasks to queue
[2024-09-26T13:26:11.966+0000] {logging_mixin.py:190} INFO - [2024-09-26T13:26:11.966+0000] {dagbag.py:588} INFO - Filling up the DagBag from /home/airflow/.local/lib/python3.12/site-packages/airflow/example_dags/example_branch_python_dop_operator_3.py
[2024-09-26T13:26:11.973+0000] {processor.py:925} INFO - DAG(s) 'example_branch_dop_operator_v3' retrieved from /home/airflow/.local/lib/python3.12/site-packages/airflow/example_dags/example_branch_python_dop_operator_3.py
[2024-09-26T13:26:11.988+0000] {logging_mixin.py:190} INFO - [2024-09-26T13:26:11.988+0000] {dag.py:3239} INFO - Sync 1 DAGs
[2024-09-26T13:26:12.011+0000] {logging_mixin.py:190} INFO - [2024-09-26T13:26:12.010+0000] {dag.py:4180} INFO - Setting next_dagrun for example_branch_dop_operator_v3 to 2024-09-26 13:25:00+00:00, run_after=2024-09-26 13:26:00+00:00
[2024-09-26T13:26:12.026+0000] {processor.py:208} INFO - Processing /home/airflow/.local/lib/python3.12/site-packages/airflow/example_dags/example_branch_python_dop_operator_3.py took 0.067 seconds
[2024-09-26T13:26:42.252+0000] {processor.py:186} INFO - Started process (PID=17312) to work on /home/airflow/.local/lib/python3.12/site-packages/airflow/example_dags/example_branch_python_dop_operator_3.py
[2024-09-26T13:26:42.252+0000] {processor.py:914} INFO - Processing file /home/airflow/.local/lib/python3.12/site-packages/airflow/example_dags/example_branch_python_dop_operator_3.py for tasks to queue
[2024-09-26T13:26:42.254+0000] {logging_mixin.py:190} INFO - [2024-09-26T13:26:42.254+0000] {dagbag.py:588} INFO - Filling up the DagBag from /home/airflow/.local/lib/python3.12/site-packages/airflow/example_dags/example_branch_python_dop_operator_3.py
[2024-09-26T13:26:42.262+0000] {processor.py:925} INFO - DAG(s) 'example_branch_dop_operator_v3' retrieved from /home/airflow/.local/lib/python3.12/site-packages/airflow/example_dags/example_branch_python_dop_operator_3.py
[2024-09-26T13:26:42.276+0000] {logging_mixin.py:190} INFO - [2024-09-26T13:26:42.276+0000] {dag.py:3239} INFO - Sync 1 DAGs
[2024-09-26T13:26:42.298+0000] {logging_mixin.py:190} INFO - [2024-09-26T13:26:42.298+0000] {dag.py:4180} INFO - Setting next_dagrun for example_branch_dop_operator_v3 to 2024-09-26 13:25:00+00:00, run_after=2024-09-26 13:26:00+00:00
[2024-09-26T13:26:42.431+0000] {processor.py:208} INFO - Processing /home/airflow/.local/lib/python3.12/site-packages/airflow/example_dags/example_branch_python_dop_operator_3.py took 0.184 seconds
[2024-09-26T13:27:12.473+0000] {processor.py:186} INFO - Started process (PID=17598) to work on /home/airflow/.local/lib/python3.12/site-packages/airflow/example_dags/example_branch_python_dop_operator_3.py
[2024-09-26T13:27:12.474+0000] {processor.py:914} INFO - Processing file /home/airflow/.local/lib/python3.12/site-packages/airflow/example_dags/example_branch_python_dop_operator_3.py for tasks to queue
[2024-09-26T13:27:12.476+0000] {logging_mixin.py:190} INFO - [2024-09-26T13:27:12.476+0000] {dagbag.py:588} INFO - Filling up the DagBag from /home/airflow/.local/lib/python3.12/site-packages/airflow/example_dags/example_branch_python_dop_operator_3.py
[2024-09-26T13:27:12.484+0000] {processor.py:925} INFO - DAG(s) 'example_branch_dop_operator_v3' retrieved from /home/airflow/.local/lib/python3.12/site-packages/airflow/example_dags/example_branch_python_dop_operator_3.py
[2024-09-26T13:27:12.499+0000] {logging_mixin.py:190} INFO - [2024-09-26T13:27:12.499+0000] {dag.py:3239} INFO - Sync 1 DAGs
[2024-09-26T13:27:12.521+0000] {logging_mixin.py:190} INFO - [2024-09-26T13:27:12.521+0000] {dag.py:4180} INFO - Setting next_dagrun for example_branch_dop_operator_v3 to 2024-09-26 13:26:00+00:00, run_after=2024-09-26 13:27:00+00:00
[2024-09-26T13:27:12.669+0000] {processor.py:208} INFO - Processing /home/airflow/.local/lib/python3.12/site-packages/airflow/example_dags/example_branch_python_dop_operator_3.py took 0.200 seconds
[2024-09-26T13:27:43.831+0000] {processor.py:186} INFO - Started process (PID=17886) to work on /home/airflow/.local/lib/python3.12/site-packages/airflow/example_dags/example_branch_python_dop_operator_3.py
[2024-09-26T13:27:43.832+0000] {processor.py:914} INFO - Processing file /home/airflow/.local/lib/python3.12/site-packages/airflow/example_dags/example_branch_python_dop_operator_3.py for tasks to queue
[2024-09-26T13:27:43.834+0000] {logging_mixin.py:190} INFO - [2024-09-26T13:27:43.833+0000] {dagbag.py:588} INFO - Filling up the DagBag from /home/airflow/.local/lib/python3.12/site-packages/airflow/example_dags/example_branch_python_dop_operator_3.py
[2024-09-26T13:27:43.842+0000] {processor.py:925} INFO - DAG(s) 'example_branch_dop_operator_v3' retrieved from /home/airflow/.local/lib/python3.12/site-packages/airflow/example_dags/example_branch_python_dop_operator_3.py
[2024-09-26T13:27:43.856+0000] {logging_mixin.py:190} INFO - [2024-09-26T13:27:43.856+0000] {dag.py:3239} INFO - Sync 1 DAGs
[2024-09-26T13:27:43.880+0000] {logging_mixin.py:190} INFO - [2024-09-26T13:27:43.880+0000] {dag.py:4180} INFO - Setting next_dagrun for example_branch_dop_operator_v3 to 2024-09-26 13:26:00+00:00, run_after=2024-09-26 13:27:00+00:00
[2024-09-26T13:27:43.897+0000] {processor.py:208} INFO - Processing /home/airflow/.local/lib/python3.12/site-packages/airflow/example_dags/example_branch_python_dop_operator_3.py took 0.070 seconds
[2024-09-26T13:28:14.732+0000] {processor.py:186} INFO - Started process (PID=18178) to work on /home/airflow/.local/lib/python3.12/site-packages/airflow/example_dags/example_branch_python_dop_operator_3.py
[2024-09-26T13:28:14.733+0000] {processor.py:914} INFO - Processing file /home/airflow/.local/lib/python3.12/site-packages/airflow/example_dags/example_branch_python_dop_operator_3.py for tasks to queue
[2024-09-26T13:28:14.735+0000] {logging_mixin.py:190} INFO - [2024-09-26T13:28:14.735+0000] {dagbag.py:588} INFO - Filling up the DagBag from /home/airflow/.local/lib/python3.12/site-packages/airflow/example_dags/example_branch_python_dop_operator_3.py
[2024-09-26T13:28:14.742+0000] {processor.py:925} INFO - DAG(s) 'example_branch_dop_operator_v3' retrieved from /home/airflow/.local/lib/python3.12/site-packages/airflow/example_dags/example_branch_python_dop_operator_3.py
[2024-09-26T13:28:14.757+0000] {logging_mixin.py:190} INFO - [2024-09-26T13:28:14.757+0000] {dag.py:3239} INFO - Sync 1 DAGs
[2024-09-26T13:28:14.779+0000] {logging_mixin.py:190} INFO - [2024-09-26T13:28:14.779+0000] {dag.py:4180} INFO - Setting next_dagrun for example_branch_dop_operator_v3 to 2024-09-26 13:27:00+00:00, run_after=2024-09-26 13:28:00+00:00
[2024-09-26T13:28:14.794+0000] {processor.py:208} INFO - Processing /home/airflow/.local/lib/python3.12/site-packages/airflow/example_dags/example_branch_python_dop_operator_3.py took 0.066 seconds
[2024-09-26T13:28:45.944+0000] {processor.py:186} INFO - Started process (PID=18469) to work on /home/airflow/.local/lib/python3.12/site-packages/airflow/example_dags/example_branch_python_dop_operator_3.py
[2024-09-26T13:28:45.945+0000] {processor.py:914} INFO - Processing file /home/airflow/.local/lib/python3.12/site-packages/airflow/example_dags/example_branch_python_dop_operator_3.py for tasks to queue
[2024-09-26T13:28:45.947+0000] {logging_mixin.py:190} INFO - [2024-09-26T13:28:45.947+0000] {dagbag.py:588} INFO - Filling up the DagBag from /home/airflow/.local/lib/python3.12/site-packages/airflow/example_dags/example_branch_python_dop_operator_3.py
[2024-09-26T13:28:45.958+0000] {processor.py:925} INFO - DAG(s) 'example_branch_dop_operator_v3' retrieved from /home/airflow/.local/lib/python3.12/site-packages/airflow/example_dags/example_branch_python_dop_operator_3.py
[2024-09-26T13:28:45.977+0000] {logging_mixin.py:190} INFO - [2024-09-26T13:28:45.976+0000] {dag.py:3239} INFO - Sync 1 DAGs
[2024-09-26T13:28:46.000+0000] {logging_mixin.py:190} INFO - [2024-09-26T13:28:46.000+0000] {dag.py:4180} INFO - Setting next_dagrun for example_branch_dop_operator_v3 to 2024-09-26 13:27:00+00:00, run_after=2024-09-26 13:28:00+00:00
[2024-09-26T13:28:46.015+0000] {processor.py:208} INFO - Processing /home/airflow/.local/lib/python3.12/site-packages/airflow/example_dags/example_branch_python_dop_operator_3.py took 0.078 seconds
[2024-09-26T13:29:16.097+0000] {processor.py:186} INFO - Started process (PID=18753) to work on /home/airflow/.local/lib/python3.12/site-packages/airflow/example_dags/example_branch_python_dop_operator_3.py
[2024-09-26T13:29:16.097+0000] {processor.py:914} INFO - Processing file /home/airflow/.local/lib/python3.12/site-packages/airflow/example_dags/example_branch_python_dop_operator_3.py for tasks to queue
[2024-09-26T13:29:16.099+0000] {logging_mixin.py:190} INFO - [2024-09-26T13:29:16.099+0000] {dagbag.py:588} INFO - Filling up the DagBag from /home/airflow/.local/lib/python3.12/site-packages/airflow/example_dags/example_branch_python_dop_operator_3.py
[2024-09-26T13:29:16.107+0000] {processor.py:925} INFO - DAG(s) 'example_branch_dop_operator_v3' retrieved from /home/airflow/.local/lib/python3.12/site-packages/airflow/example_dags/example_branch_python_dop_operator_3.py
[2024-09-26T13:29:16.121+0000] {logging_mixin.py:190} INFO - [2024-09-26T13:29:16.121+0000] {dag.py:3239} INFO - Sync 1 DAGs
[2024-09-26T13:29:16.142+0000] {logging_mixin.py:190} INFO - [2024-09-26T13:29:16.142+0000] {dag.py:4180} INFO - Setting next_dagrun for example_branch_dop_operator_v3 to 2024-09-26 13:28:00+00:00, run_after=2024-09-26 13:29:00+00:00
[2024-09-26T13:29:16.156+0000] {processor.py:208} INFO - Processing /home/airflow/.local/lib/python3.12/site-packages/airflow/example_dags/example_branch_python_dop_operator_3.py took 0.065 seconds
[2024-09-26T13:29:46.232+0000] {processor.py:186} INFO - Started process (PID=19034) to work on /home/airflow/.local/lib/python3.12/site-packages/airflow/example_dags/example_branch_python_dop_operator_3.py
[2024-09-26T13:29:46.233+0000] {processor.py:914} INFO - Processing file /home/airflow/.local/lib/python3.12/site-packages/airflow/example_dags/example_branch_python_dop_operator_3.py for tasks to queue
[2024-09-26T13:29:46.234+0000] {logging_mixin.py:190} INFO - [2024-09-26T13:29:46.234+0000] {dagbag.py:588} INFO - Filling up the DagBag from /home/airflow/.local/lib/python3.12/site-packages/airflow/example_dags/example_branch_python_dop_operator_3.py
[2024-09-26T13:29:46.242+0000] {processor.py:925} INFO - DAG(s) 'example_branch_dop_operator_v3' retrieved from /home/airflow/.local/lib/python3.12/site-packages/airflow/example_dags/example_branch_python_dop_operator_3.py
[2024-09-26T13:29:46.256+0000] {logging_mixin.py:190} INFO - [2024-09-26T13:29:46.256+0000] {dag.py:3239} INFO - Sync 1 DAGs
[2024-09-26T13:29:46.279+0000] {logging_mixin.py:190} INFO - [2024-09-26T13:29:46.279+0000] {dag.py:4180} INFO - Setting next_dagrun for example_branch_dop_operator_v3 to 2024-09-26 13:28:00+00:00, run_after=2024-09-26 13:29:00+00:00
[2024-09-26T13:29:46.294+0000] {processor.py:208} INFO - Processing /home/airflow/.local/lib/python3.12/site-packages/airflow/example_dags/example_branch_python_dop_operator_3.py took 0.066 seconds
[2024-09-26T13:30:16.319+0000] {processor.py:186} INFO - Started process (PID=19315) to work on /home/airflow/.local/lib/python3.12/site-packages/airflow/example_dags/example_branch_python_dop_operator_3.py
[2024-09-26T13:30:16.320+0000] {processor.py:914} INFO - Processing file /home/airflow/.local/lib/python3.12/site-packages/airflow/example_dags/example_branch_python_dop_operator_3.py for tasks to queue
[2024-09-26T13:30:16.322+0000] {logging_mixin.py:190} INFO - [2024-09-26T13:30:16.321+0000] {dagbag.py:588} INFO - Filling up the DagBag from /home/airflow/.local/lib/python3.12/site-packages/airflow/example_dags/example_branch_python_dop_operator_3.py
[2024-09-26T13:30:16.329+0000] {processor.py:925} INFO - DAG(s) 'example_branch_dop_operator_v3' retrieved from /home/airflow/.local/lib/python3.12/site-packages/airflow/example_dags/example_branch_python_dop_operator_3.py
[2024-09-26T13:30:16.345+0000] {logging_mixin.py:190} INFO - [2024-09-26T13:30:16.344+0000] {dag.py:3239} INFO - Sync 1 DAGs
[2024-09-26T13:30:16.366+0000] {logging_mixin.py:190} INFO - [2024-09-26T13:30:16.366+0000] {dag.py:4180} INFO - Setting next_dagrun for example_branch_dop_operator_v3 to 2024-09-26 13:29:00+00:00, run_after=2024-09-26 13:30:00+00:00
[2024-09-26T13:30:16.381+0000] {processor.py:208} INFO - Processing /home/airflow/.local/lib/python3.12/site-packages/airflow/example_dags/example_branch_python_dop_operator_3.py took 0.066 seconds
[2024-09-26T13:30:47.449+0000] {processor.py:186} INFO - Started process (PID=19606) to work on /home/airflow/.local/lib/python3.12/site-packages/airflow/example_dags/example_branch_python_dop_operator_3.py
[2024-09-26T13:30:47.450+0000] {processor.py:914} INFO - Processing file /home/airflow/.local/lib/python3.12/site-packages/airflow/example_dags/example_branch_python_dop_operator_3.py for tasks to queue
[2024-09-26T13:30:47.451+0000] {logging_mixin.py:190} INFO - [2024-09-26T13:30:47.451+0000] {dagbag.py:588} INFO - Filling up the DagBag from /home/airflow/.local/lib/python3.12/site-packages/airflow/example_dags/example_branch_python_dop_operator_3.py
[2024-09-26T13:30:47.459+0000] {processor.py:925} INFO - DAG(s) 'example_branch_dop_operator_v3' retrieved from /home/airflow/.local/lib/python3.12/site-packages/airflow/example_dags/example_branch_python_dop_operator_3.py
[2024-09-26T13:30:47.474+0000] {logging_mixin.py:190} INFO - [2024-09-26T13:30:47.474+0000] {dag.py:3239} INFO - Sync 1 DAGs
[2024-09-26T13:30:47.497+0000] {logging_mixin.py:190} INFO - [2024-09-26T13:30:47.497+0000] {dag.py:4180} INFO - Setting next_dagrun for example_branch_dop_operator_v3 to 2024-09-26 13:29:00+00:00, run_after=2024-09-26 13:30:00+00:00
[2024-09-26T13:30:47.511+0000] {processor.py:208} INFO - Processing /home/airflow/.local/lib/python3.12/site-packages/airflow/example_dags/example_branch_python_dop_operator_3.py took 0.067 seconds
[2024-09-26T13:31:18.278+0000] {processor.py:186} INFO - Started process (PID=19895) to work on /home/airflow/.local/lib/python3.12/site-packages/airflow/example_dags/example_branch_python_dop_operator_3.py
[2024-09-26T13:31:18.279+0000] {processor.py:914} INFO - Processing file /home/airflow/.local/lib/python3.12/site-packages/airflow/example_dags/example_branch_python_dop_operator_3.py for tasks to queue
[2024-09-26T13:31:18.280+0000] {logging_mixin.py:190} INFO - [2024-09-26T13:31:18.280+0000] {dagbag.py:588} INFO - Filling up the DagBag from /home/airflow/.local/lib/python3.12/site-packages/airflow/example_dags/example_branch_python_dop_operator_3.py
[2024-09-26T13:31:18.288+0000] {processor.py:925} INFO - DAG(s) 'example_branch_dop_operator_v3' retrieved from /home/airflow/.local/lib/python3.12/site-packages/airflow/example_dags/example_branch_python_dop_operator_3.py
[2024-09-26T13:31:18.303+0000] {logging_mixin.py:190} INFO - [2024-09-26T13:31:18.303+0000] {dag.py:3239} INFO - Sync 1 DAGs
[2024-09-26T13:31:18.326+0000] {logging_mixin.py:190} INFO - [2024-09-26T13:31:18.325+0000] {dag.py:4180} INFO - Setting next_dagrun for example_branch_dop_operator_v3 to 2024-09-26 13:30:00+00:00, run_after=2024-09-26 13:31:00+00:00
[2024-09-26T13:31:18.341+0000] {processor.py:208} INFO - Processing /home/airflow/.local/lib/python3.12/site-packages/airflow/example_dags/example_branch_python_dop_operator_3.py took 0.067 seconds
[2024-09-26T13:31:49.103+0000] {processor.py:186} INFO - Started process (PID=20179) to work on /home/airflow/.local/lib/python3.12/site-packages/airflow/example_dags/example_branch_python_dop_operator_3.py
[2024-09-26T13:31:49.103+0000] {processor.py:914} INFO - Processing file /home/airflow/.local/lib/python3.12/site-packages/airflow/example_dags/example_branch_python_dop_operator_3.py for tasks to queue
[2024-09-26T13:31:49.105+0000] {logging_mixin.py:190} INFO - [2024-09-26T13:31:49.105+0000] {dagbag.py:588} INFO - Filling up the DagBag from /home/airflow/.local/lib/python3.12/site-packages/airflow/example_dags/example_branch_python_dop_operator_3.py
[2024-09-26T13:31:49.114+0000] {processor.py:925} INFO - DAG(s) 'example_branch_dop_operator_v3' retrieved from /home/airflow/.local/lib/python3.12/site-packages/airflow/example_dags/example_branch_python_dop_operator_3.py
[2024-09-26T13:31:49.131+0000] {logging_mixin.py:190} INFO - [2024-09-26T13:31:49.130+0000] {dag.py:3239} INFO - Sync 1 DAGs
[2024-09-26T13:31:49.167+0000] {logging_mixin.py:190} INFO - [2024-09-26T13:31:49.167+0000] {dag.py:4180} INFO - Setting next_dagrun for example_branch_dop_operator_v3 to 2024-09-26 13:30:00+00:00, run_after=2024-09-26 13:31:00+00:00
[2024-09-26T13:31:49.192+0000] {processor.py:208} INFO - Processing /home/airflow/.local/lib/python3.12/site-packages/airflow/example_dags/example_branch_python_dop_operator_3.py took 0.094 seconds
[2024-09-26T13:32:19.926+0000] {processor.py:186} INFO - Started process (PID=20465) to work on /home/airflow/.local/lib/python3.12/site-packages/airflow/example_dags/example_branch_python_dop_operator_3.py
[2024-09-26T13:32:19.927+0000] {processor.py:914} INFO - Processing file /home/airflow/.local/lib/python3.12/site-packages/airflow/example_dags/example_branch_python_dop_operator_3.py for tasks to queue
[2024-09-26T13:32:19.929+0000] {logging_mixin.py:190} INFO - [2024-09-26T13:32:19.929+0000] {dagbag.py:588} INFO - Filling up the DagBag from /home/airflow/.local/lib/python3.12/site-packages/airflow/example_dags/example_branch_python_dop_operator_3.py
[2024-09-26T13:32:19.937+0000] {processor.py:925} INFO - DAG(s) 'example_branch_dop_operator_v3' retrieved from /home/airflow/.local/lib/python3.12/site-packages/airflow/example_dags/example_branch_python_dop_operator_3.py
[2024-09-26T13:32:19.953+0000] {logging_mixin.py:190} INFO - [2024-09-26T13:32:19.953+0000] {dag.py:3239} INFO - Sync 1 DAGs
[2024-09-26T13:32:19.977+0000] {logging_mixin.py:190} INFO - [2024-09-26T13:32:19.977+0000] {dag.py:4180} INFO - Setting next_dagrun for example_branch_dop_operator_v3 to 2024-09-26 13:31:00+00:00, run_after=2024-09-26 13:32:00+00:00
[2024-09-26T13:32:19.992+0000] {processor.py:208} INFO - Processing /home/airflow/.local/lib/python3.12/site-packages/airflow/example_dags/example_branch_python_dop_operator_3.py took 0.070 seconds
[2024-09-26T13:32:50.724+0000] {processor.py:186} INFO - Started process (PID=20751) to work on /home/airflow/.local/lib/python3.12/site-packages/airflow/example_dags/example_branch_python_dop_operator_3.py
[2024-09-26T13:32:50.725+0000] {processor.py:914} INFO - Processing file /home/airflow/.local/lib/python3.12/site-packages/airflow/example_dags/example_branch_python_dop_operator_3.py for tasks to queue
[2024-09-26T13:32:50.727+0000] {logging_mixin.py:190} INFO - [2024-09-26T13:32:50.727+0000] {dagbag.py:588} INFO - Filling up the DagBag from /home/airflow/.local/lib/python3.12/site-packages/airflow/example_dags/example_branch_python_dop_operator_3.py
[2024-09-26T13:32:50.736+0000] {processor.py:925} INFO - DAG(s) 'example_branch_dop_operator_v3' retrieved from /home/airflow/.local/lib/python3.12/site-packages/airflow/example_dags/example_branch_python_dop_operator_3.py
[2024-09-26T13:32:50.752+0000] {logging_mixin.py:190} INFO - [2024-09-26T13:32:50.752+0000] {dag.py:3239} INFO - Sync 1 DAGs
[2024-09-26T13:32:50.775+0000] {logging_mixin.py:190} INFO - [2024-09-26T13:32:50.775+0000] {dag.py:4180} INFO - Setting next_dagrun for example_branch_dop_operator_v3 to 2024-09-26 13:31:00+00:00, run_after=2024-09-26 13:32:00+00:00
[2024-09-26T13:32:50.791+0000] {processor.py:208} INFO - Processing /home/airflow/.local/lib/python3.12/site-packages/airflow/example_dags/example_branch_python_dop_operator_3.py took 0.071 seconds
[2024-09-26T13:33:21.619+0000] {processor.py:186} INFO - Started process (PID=21037) to work on /home/airflow/.local/lib/python3.12/site-packages/airflow/example_dags/example_branch_python_dop_operator_3.py
[2024-09-26T13:33:21.620+0000] {processor.py:914} INFO - Processing file /home/airflow/.local/lib/python3.12/site-packages/airflow/example_dags/example_branch_python_dop_operator_3.py for tasks to queue
[2024-09-26T13:33:21.622+0000] {logging_mixin.py:190} INFO - [2024-09-26T13:33:21.622+0000] {dagbag.py:588} INFO - Filling up the DagBag from /home/airflow/.local/lib/python3.12/site-packages/airflow/example_dags/example_branch_python_dop_operator_3.py
[2024-09-26T13:33:21.630+0000] {processor.py:925} INFO - DAG(s) 'example_branch_dop_operator_v3' retrieved from /home/airflow/.local/lib/python3.12/site-packages/airflow/example_dags/example_branch_python_dop_operator_3.py
[2024-09-26T13:33:21.645+0000] {logging_mixin.py:190} INFO - [2024-09-26T13:33:21.645+0000] {dag.py:3239} INFO - Sync 1 DAGs
[2024-09-26T13:33:21.667+0000] {logging_mixin.py:190} INFO - [2024-09-26T13:33:21.667+0000] {dag.py:4180} INFO - Setting next_dagrun for example_branch_dop_operator_v3 to 2024-09-26 13:32:00+00:00, run_after=2024-09-26 13:33:00+00:00
[2024-09-26T13:33:21.682+0000] {processor.py:208} INFO - Processing /home/airflow/.local/lib/python3.12/site-packages/airflow/example_dags/example_branch_python_dop_operator_3.py took 0.068 seconds
[2024-09-26T13:33:52.549+0000] {processor.py:186} INFO - Started process (PID=21323) to work on /home/airflow/.local/lib/python3.12/site-packages/airflow/example_dags/example_branch_python_dop_operator_3.py
[2024-09-26T13:33:52.550+0000] {processor.py:914} INFO - Processing file /home/airflow/.local/lib/python3.12/site-packages/airflow/example_dags/example_branch_python_dop_operator_3.py for tasks to queue
[2024-09-26T13:33:52.551+0000] {logging_mixin.py:190} INFO - [2024-09-26T13:33:52.551+0000] {dagbag.py:588} INFO - Filling up the DagBag from /home/airflow/.local/lib/python3.12/site-packages/airflow/example_dags/example_branch_python_dop_operator_3.py
[2024-09-26T13:33:52.559+0000] {processor.py:925} INFO - DAG(s) 'example_branch_dop_operator_v3' retrieved from /home/airflow/.local/lib/python3.12/site-packages/airflow/example_dags/example_branch_python_dop_operator_3.py
[2024-09-26T13:33:52.574+0000] {logging_mixin.py:190} INFO - [2024-09-26T13:33:52.574+0000] {dag.py:3239} INFO - Sync 1 DAGs
[2024-09-26T13:33:52.596+0000] {logging_mixin.py:190} INFO - [2024-09-26T13:33:52.596+0000] {dag.py:4180} INFO - Setting next_dagrun for example_branch_dop_operator_v3 to 2024-09-26 13:32:00+00:00, run_after=2024-09-26 13:33:00+00:00
[2024-09-26T13:33:52.612+0000] {processor.py:208} INFO - Processing /home/airflow/.local/lib/python3.12/site-packages/airflow/example_dags/example_branch_python_dop_operator_3.py took 0.067 seconds
[2024-09-26T13:34:23.300+0000] {processor.py:186} INFO - Started process (PID=21609) to work on /home/airflow/.local/lib/python3.12/site-packages/airflow/example_dags/example_branch_python_dop_operator_3.py
[2024-09-26T13:34:23.301+0000] {processor.py:914} INFO - Processing file /home/airflow/.local/lib/python3.12/site-packages/airflow/example_dags/example_branch_python_dop_operator_3.py for tasks to queue
[2024-09-26T13:34:23.303+0000] {logging_mixin.py:190} INFO - [2024-09-26T13:34:23.302+0000] {dagbag.py:588} INFO - Filling up the DagBag from /home/airflow/.local/lib/python3.12/site-packages/airflow/example_dags/example_branch_python_dop_operator_3.py
[2024-09-26T13:34:23.311+0000] {processor.py:925} INFO - DAG(s) 'example_branch_dop_operator_v3' retrieved from /home/airflow/.local/lib/python3.12/site-packages/airflow/example_dags/example_branch_python_dop_operator_3.py
[2024-09-26T13:34:23.325+0000] {logging_mixin.py:190} INFO - [2024-09-26T13:34:23.325+0000] {dag.py:3239} INFO - Sync 1 DAGs
[2024-09-26T13:34:23.347+0000] {logging_mixin.py:190} INFO - [2024-09-26T13:34:23.346+0000] {dag.py:4180} INFO - Setting next_dagrun for example_branch_dop_operator_v3 to 2024-09-26 13:33:00+00:00, run_after=2024-09-26 13:34:00+00:00
[2024-09-26T13:34:23.361+0000] {processor.py:208} INFO - Processing /home/airflow/.local/lib/python3.12/site-packages/airflow/example_dags/example_branch_python_dop_operator_3.py took 0.065 seconds
[2024-09-26T13:34:54.215+0000] {processor.py:186} INFO - Started process (PID=21897) to work on /home/airflow/.local/lib/python3.12/site-packages/airflow/example_dags/example_branch_python_dop_operator_3.py
[2024-09-26T13:34:54.216+0000] {processor.py:914} INFO - Processing file /home/airflow/.local/lib/python3.12/site-packages/airflow/example_dags/example_branch_python_dop_operator_3.py for tasks to queue
[2024-09-26T13:34:54.217+0000] {logging_mixin.py:190} INFO - [2024-09-26T13:34:54.217+0000] {dagbag.py:588} INFO - Filling up the DagBag from /home/airflow/.local/lib/python3.12/site-packages/airflow/example_dags/example_branch_python_dop_operator_3.py
[2024-09-26T13:34:54.227+0000] {processor.py:925} INFO - DAG(s) 'example_branch_dop_operator_v3' retrieved from /home/airflow/.local/lib/python3.12/site-packages/airflow/example_dags/example_branch_python_dop_operator_3.py
[2024-09-26T13:34:54.248+0000] {logging_mixin.py:190} INFO - [2024-09-26T13:34:54.248+0000] {dag.py:3239} INFO - Sync 1 DAGs
[2024-09-26T13:34:54.275+0000] {logging_mixin.py:190} INFO - [2024-09-26T13:34:54.275+0000] {dag.py:4180} INFO - Setting next_dagrun for example_branch_dop_operator_v3 to 2024-09-26 13:33:00+00:00, run_after=2024-09-26 13:34:00+00:00
[2024-09-26T13:34:54.290+0000] {processor.py:208} INFO - Processing /home/airflow/.local/lib/python3.12/site-packages/airflow/example_dags/example_branch_python_dop_operator_3.py took 0.080 seconds
[2024-09-26T13:35:24.567+0000] {processor.py:186} INFO - Started process (PID=22183) to work on /home/airflow/.local/lib/python3.12/site-packages/airflow/example_dags/example_branch_python_dop_operator_3.py
[2024-09-26T13:35:24.568+0000] {processor.py:914} INFO - Processing file /home/airflow/.local/lib/python3.12/site-packages/airflow/example_dags/example_branch_python_dop_operator_3.py for tasks to queue
[2024-09-26T13:35:24.569+0000] {logging_mixin.py:190} INFO - [2024-09-26T13:35:24.569+0000] {dagbag.py:588} INFO - Filling up the DagBag from /home/airflow/.local/lib/python3.12/site-packages/airflow/example_dags/example_branch_python_dop_operator_3.py
[2024-09-26T13:35:24.577+0000] {processor.py:925} INFO - DAG(s) 'example_branch_dop_operator_v3' retrieved from /home/airflow/.local/lib/python3.12/site-packages/airflow/example_dags/example_branch_python_dop_operator_3.py
[2024-09-26T13:35:24.592+0000] {logging_mixin.py:190} INFO - [2024-09-26T13:35:24.592+0000] {dag.py:3239} INFO - Sync 1 DAGs
[2024-09-26T13:35:24.614+0000] {logging_mixin.py:190} INFO - [2024-09-26T13:35:24.614+0000] {dag.py:4180} INFO - Setting next_dagrun for example_branch_dop_operator_v3 to 2024-09-26 13:34:00+00:00, run_after=2024-09-26 13:35:00+00:00
[2024-09-26T13:35:24.629+0000] {processor.py:208} INFO - Processing /home/airflow/.local/lib/python3.12/site-packages/airflow/example_dags/example_branch_python_dop_operator_3.py took 0.066 seconds
[2024-09-26T13:35:54.736+0000] {processor.py:186} INFO - Started process (PID=22467) to work on /home/airflow/.local/lib/python3.12/site-packages/airflow/example_dags/example_branch_python_dop_operator_3.py
[2024-09-26T13:35:54.737+0000] {processor.py:914} INFO - Processing file /home/airflow/.local/lib/python3.12/site-packages/airflow/example_dags/example_branch_python_dop_operator_3.py for tasks to queue
[2024-09-26T13:35:54.739+0000] {logging_mixin.py:190} INFO - [2024-09-26T13:35:54.738+0000] {dagbag.py:588} INFO - Filling up the DagBag from /home/airflow/.local/lib/python3.12/site-packages/airflow/example_dags/example_branch_python_dop_operator_3.py
[2024-09-26T13:35:54.749+0000] {processor.py:925} INFO - DAG(s) 'example_branch_dop_operator_v3' retrieved from /home/airflow/.local/lib/python3.12/site-packages/airflow/example_dags/example_branch_python_dop_operator_3.py
[2024-09-26T13:35:54.765+0000] {logging_mixin.py:190} INFO - [2024-09-26T13:35:54.765+0000] {dag.py:3239} INFO - Sync 1 DAGs
[2024-09-26T13:35:54.791+0000] {logging_mixin.py:190} INFO - [2024-09-26T13:35:54.791+0000] {dag.py:4180} INFO - Setting next_dagrun for example_branch_dop_operator_v3 to 2024-09-26 13:34:00+00:00, run_after=2024-09-26 13:35:00+00:00
[2024-09-26T13:35:54.808+0000] {processor.py:208} INFO - Processing /home/airflow/.local/lib/python3.12/site-packages/airflow/example_dags/example_branch_python_dop_operator_3.py took 0.076 seconds
[2024-09-26T13:36:24.867+0000] {processor.py:186} INFO - Started process (PID=22753) to work on /home/airflow/.local/lib/python3.12/site-packages/airflow/example_dags/example_branch_python_dop_operator_3.py
[2024-09-26T13:36:24.867+0000] {processor.py:914} INFO - Processing file /home/airflow/.local/lib/python3.12/site-packages/airflow/example_dags/example_branch_python_dop_operator_3.py for tasks to queue
[2024-09-26T13:36:24.869+0000] {logging_mixin.py:190} INFO - [2024-09-26T13:36:24.869+0000] {dagbag.py:588} INFO - Filling up the DagBag from /home/airflow/.local/lib/python3.12/site-packages/airflow/example_dags/example_branch_python_dop_operator_3.py
[2024-09-26T13:36:24.877+0000] {processor.py:925} INFO - DAG(s) 'example_branch_dop_operator_v3' retrieved from /home/airflow/.local/lib/python3.12/site-packages/airflow/example_dags/example_branch_python_dop_operator_3.py
[2024-09-26T13:36:24.893+0000] {logging_mixin.py:190} INFO - [2024-09-26T13:36:24.893+0000] {dag.py:3239} INFO - Sync 1 DAGs
[2024-09-26T13:36:24.915+0000] {logging_mixin.py:190} INFO - [2024-09-26T13:36:24.915+0000] {dag.py:4180} INFO - Setting next_dagrun for example_branch_dop_operator_v3 to 2024-09-26 13:35:00+00:00, run_after=2024-09-26 13:36:00+00:00
[2024-09-26T13:36:24.930+0000] {processor.py:208} INFO - Processing /home/airflow/.local/lib/python3.12/site-packages/airflow/example_dags/example_branch_python_dop_operator_3.py took 0.068 seconds
[2024-09-26T13:36:55.290+0000] {processor.py:186} INFO - Started process (PID=23044) to work on /home/airflow/.local/lib/python3.12/site-packages/airflow/example_dags/example_branch_python_dop_operator_3.py
[2024-09-26T13:36:55.291+0000] {processor.py:914} INFO - Processing file /home/airflow/.local/lib/python3.12/site-packages/airflow/example_dags/example_branch_python_dop_operator_3.py for tasks to queue
[2024-09-26T13:36:55.293+0000] {logging_mixin.py:190} INFO - [2024-09-26T13:36:55.293+0000] {dagbag.py:588} INFO - Filling up the DagBag from /home/airflow/.local/lib/python3.12/site-packages/airflow/example_dags/example_branch_python_dop_operator_3.py
[2024-09-26T13:36:55.304+0000] {processor.py:925} INFO - DAG(s) 'example_branch_dop_operator_v3' retrieved from /home/airflow/.local/lib/python3.12/site-packages/airflow/example_dags/example_branch_python_dop_operator_3.py
[2024-09-26T13:36:55.321+0000] {logging_mixin.py:190} INFO - [2024-09-26T13:36:55.321+0000] {dag.py:3239} INFO - Sync 1 DAGs
[2024-09-26T13:36:55.344+0000] {logging_mixin.py:190} INFO - [2024-09-26T13:36:55.343+0000] {dag.py:4180} INFO - Setting next_dagrun for example_branch_dop_operator_v3 to 2024-09-26 13:35:00+00:00, run_after=2024-09-26 13:36:00+00:00
[2024-09-26T13:36:55.357+0000] {processor.py:208} INFO - Processing /home/airflow/.local/lib/python3.12/site-packages/airflow/example_dags/example_branch_python_dop_operator_3.py took 0.075 seconds
[2024-09-26T13:37:25.589+0000] {processor.py:186} INFO - Started process (PID=23335) to work on /home/airflow/.local/lib/python3.12/site-packages/airflow/example_dags/example_branch_python_dop_operator_3.py
[2024-09-26T13:37:25.589+0000] {processor.py:914} INFO - Processing file /home/airflow/.local/lib/python3.12/site-packages/airflow/example_dags/example_branch_python_dop_operator_3.py for tasks to queue
[2024-09-26T13:37:25.591+0000] {logging_mixin.py:190} INFO - [2024-09-26T13:37:25.591+0000] {dagbag.py:588} INFO - Filling up the DagBag from /home/airflow/.local/lib/python3.12/site-packages/airflow/example_dags/example_branch_python_dop_operator_3.py
[2024-09-26T13:37:25.599+0000] {processor.py:925} INFO - DAG(s) 'example_branch_dop_operator_v3' retrieved from /home/airflow/.local/lib/python3.12/site-packages/airflow/example_dags/example_branch_python_dop_operator_3.py
[2024-09-26T13:37:25.614+0000] {logging_mixin.py:190} INFO - [2024-09-26T13:37:25.614+0000] {dag.py:3239} INFO - Sync 1 DAGs
[2024-09-26T13:37:25.638+0000] {logging_mixin.py:190} INFO - [2024-09-26T13:37:25.637+0000] {dag.py:4180} INFO - Setting next_dagrun for example_branch_dop_operator_v3 to 2024-09-26 13:36:00+00:00, run_after=2024-09-26 13:37:00+00:00
[2024-09-26T13:37:25.652+0000] {processor.py:208} INFO - Processing /home/airflow/.local/lib/python3.12/site-packages/airflow/example_dags/example_branch_python_dop_operator_3.py took 0.068 seconds
[2024-09-26T13:37:56.635+0000] {processor.py:186} INFO - Started process (PID=23626) to work on /home/airflow/.local/lib/python3.12/site-packages/airflow/example_dags/example_branch_python_dop_operator_3.py
[2024-09-26T13:37:56.636+0000] {processor.py:914} INFO - Processing file /home/airflow/.local/lib/python3.12/site-packages/airflow/example_dags/example_branch_python_dop_operator_3.py for tasks to queue
[2024-09-26T13:37:56.639+0000] {logging_mixin.py:190} INFO - [2024-09-26T13:37:56.638+0000] {dagbag.py:588} INFO - Filling up the DagBag from /home/airflow/.local/lib/python3.12/site-packages/airflow/example_dags/example_branch_python_dop_operator_3.py
[2024-09-26T13:37:56.648+0000] {processor.py:925} INFO - DAG(s) 'example_branch_dop_operator_v3' retrieved from /home/airflow/.local/lib/python3.12/site-packages/airflow/example_dags/example_branch_python_dop_operator_3.py
[2024-09-26T13:37:56.668+0000] {logging_mixin.py:190} INFO - [2024-09-26T13:37:56.668+0000] {dag.py:3239} INFO - Sync 1 DAGs
[2024-09-26T13:37:56.694+0000] {logging_mixin.py:190} INFO - [2024-09-26T13:37:56.694+0000] {dag.py:4180} INFO - Setting next_dagrun for example_branch_dop_operator_v3 to 2024-09-26 13:36:00+00:00, run_after=2024-09-26 13:37:00+00:00
[2024-09-26T13:37:56.709+0000] {processor.py:208} INFO - Processing /home/airflow/.local/lib/python3.12/site-packages/airflow/example_dags/example_branch_python_dop_operator_3.py took 0.080 seconds
[2024-09-26T13:38:26.953+0000] {processor.py:186} INFO - Started process (PID=23917) to work on /home/airflow/.local/lib/python3.12/site-packages/airflow/example_dags/example_branch_python_dop_operator_3.py
[2024-09-26T13:38:26.954+0000] {processor.py:914} INFO - Processing file /home/airflow/.local/lib/python3.12/site-packages/airflow/example_dags/example_branch_python_dop_operator_3.py for tasks to queue
[2024-09-26T13:38:26.956+0000] {logging_mixin.py:190} INFO - [2024-09-26T13:38:26.955+0000] {dagbag.py:588} INFO - Filling up the DagBag from /home/airflow/.local/lib/python3.12/site-packages/airflow/example_dags/example_branch_python_dop_operator_3.py
[2024-09-26T13:38:26.963+0000] {processor.py:925} INFO - DAG(s) 'example_branch_dop_operator_v3' retrieved from /home/airflow/.local/lib/python3.12/site-packages/airflow/example_dags/example_branch_python_dop_operator_3.py
[2024-09-26T13:38:26.978+0000] {logging_mixin.py:190} INFO - [2024-09-26T13:38:26.978+0000] {dag.py:3239} INFO - Sync 1 DAGs
[2024-09-26T13:38:27.000+0000] {logging_mixin.py:190} INFO - [2024-09-26T13:38:27.000+0000] {dag.py:4180} INFO - Setting next_dagrun for example_branch_dop_operator_v3 to 2024-09-26 13:37:00+00:00, run_after=2024-09-26 13:38:00+00:00
[2024-09-26T13:38:27.021+0000] {processor.py:208} INFO - Processing /home/airflow/.local/lib/python3.12/site-packages/airflow/example_dags/example_branch_python_dop_operator_3.py took 0.073 seconds
[2024-09-26T13:38:57.903+0000] {processor.py:186} INFO - Started process (PID=24208) to work on /home/airflow/.local/lib/python3.12/site-packages/airflow/example_dags/example_branch_python_dop_operator_3.py
[2024-09-26T13:38:57.904+0000] {processor.py:914} INFO - Processing file /home/airflow/.local/lib/python3.12/site-packages/airflow/example_dags/example_branch_python_dop_operator_3.py for tasks to queue
[2024-09-26T13:38:57.906+0000] {logging_mixin.py:190} INFO - [2024-09-26T13:38:57.905+0000] {dagbag.py:588} INFO - Filling up the DagBag from /home/airflow/.local/lib/python3.12/site-packages/airflow/example_dags/example_branch_python_dop_operator_3.py
[2024-09-26T13:38:57.913+0000] {processor.py:925} INFO - DAG(s) 'example_branch_dop_operator_v3' retrieved from /home/airflow/.local/lib/python3.12/site-packages/airflow/example_dags/example_branch_python_dop_operator_3.py
[2024-09-26T13:38:57.928+0000] {logging_mixin.py:190} INFO - [2024-09-26T13:38:57.928+0000] {dag.py:3239} INFO - Sync 1 DAGs
[2024-09-26T13:38:57.950+0000] {logging_mixin.py:190} INFO - [2024-09-26T13:38:57.950+0000] {dag.py:4180} INFO - Setting next_dagrun for example_branch_dop_operator_v3 to 2024-09-26 13:37:00+00:00, run_after=2024-09-26 13:38:00+00:00
[2024-09-26T13:38:57.967+0000] {processor.py:208} INFO - Processing /home/airflow/.local/lib/python3.12/site-packages/airflow/example_dags/example_branch_python_dop_operator_3.py took 0.068 seconds
[2024-09-26T13:39:28.161+0000] {processor.py:186} INFO - Started process (PID=24499) to work on /home/airflow/.local/lib/python3.12/site-packages/airflow/example_dags/example_branch_python_dop_operator_3.py
[2024-09-26T13:39:28.161+0000] {processor.py:914} INFO - Processing file /home/airflow/.local/lib/python3.12/site-packages/airflow/example_dags/example_branch_python_dop_operator_3.py for tasks to queue
[2024-09-26T13:39:28.163+0000] {logging_mixin.py:190} INFO - [2024-09-26T13:39:28.163+0000] {dagbag.py:588} INFO - Filling up the DagBag from /home/airflow/.local/lib/python3.12/site-packages/airflow/example_dags/example_branch_python_dop_operator_3.py
[2024-09-26T13:39:28.171+0000] {processor.py:925} INFO - DAG(s) 'example_branch_dop_operator_v3' retrieved from /home/airflow/.local/lib/python3.12/site-packages/airflow/example_dags/example_branch_python_dop_operator_3.py
[2024-09-26T13:39:28.187+0000] {logging_mixin.py:190} INFO - [2024-09-26T13:39:28.187+0000] {dag.py:3239} INFO - Sync 1 DAGs
[2024-09-26T13:39:28.209+0000] {logging_mixin.py:190} INFO - [2024-09-26T13:39:28.209+0000] {dag.py:4180} INFO - Setting next_dagrun for example_branch_dop_operator_v3 to 2024-09-26 13:38:00+00:00, run_after=2024-09-26 13:39:00+00:00
[2024-09-26T13:39:28.224+0000] {processor.py:208} INFO - Processing /home/airflow/.local/lib/python3.12/site-packages/airflow/example_dags/example_branch_python_dop_operator_3.py took 0.069 seconds
[2024-09-26T13:39:58.487+0000] {processor.py:186} INFO - Started process (PID=24790) to work on /home/airflow/.local/lib/python3.12/site-packages/airflow/example_dags/example_branch_python_dop_operator_3.py
[2024-09-26T13:39:58.488+0000] {processor.py:914} INFO - Processing file /home/airflow/.local/lib/python3.12/site-packages/airflow/example_dags/example_branch_python_dop_operator_3.py for tasks to queue
[2024-09-26T13:39:58.490+0000] {logging_mixin.py:190} INFO - [2024-09-26T13:39:58.490+0000] {dagbag.py:588} INFO - Filling up the DagBag from /home/airflow/.local/lib/python3.12/site-packages/airflow/example_dags/example_branch_python_dop_operator_3.py
[2024-09-26T13:39:58.498+0000] {processor.py:925} INFO - DAG(s) 'example_branch_dop_operator_v3' retrieved from /home/airflow/.local/lib/python3.12/site-packages/airflow/example_dags/example_branch_python_dop_operator_3.py
[2024-09-26T13:39:58.514+0000] {logging_mixin.py:190} INFO - [2024-09-26T13:39:58.514+0000] {dag.py:3239} INFO - Sync 1 DAGs
[2024-09-26T13:39:58.536+0000] {logging_mixin.py:190} INFO - [2024-09-26T13:39:58.536+0000] {dag.py:4180} INFO - Setting next_dagrun for example_branch_dop_operator_v3 to 2024-09-26 13:38:00+00:00, run_after=2024-09-26 13:39:00+00:00
[2024-09-26T13:39:58.552+0000] {processor.py:208} INFO - Processing /home/airflow/.local/lib/python3.12/site-packages/airflow/example_dags/example_branch_python_dop_operator_3.py took 0.069 seconds
[2024-09-26T13:40:28.714+0000] {processor.py:186} INFO - Started process (PID=25081) to work on /home/airflow/.local/lib/python3.12/site-packages/airflow/example_dags/example_branch_python_dop_operator_3.py
[2024-09-26T13:40:28.715+0000] {processor.py:914} INFO - Processing file /home/airflow/.local/lib/python3.12/site-packages/airflow/example_dags/example_branch_python_dop_operator_3.py for tasks to queue
[2024-09-26T13:40:28.717+0000] {logging_mixin.py:190} INFO - [2024-09-26T13:40:28.717+0000] {dagbag.py:588} INFO - Filling up the DagBag from /home/airflow/.local/lib/python3.12/site-packages/airflow/example_dags/example_branch_python_dop_operator_3.py
[2024-09-26T13:40:28.725+0000] {processor.py:925} INFO - DAG(s) 'example_branch_dop_operator_v3' retrieved from /home/airflow/.local/lib/python3.12/site-packages/airflow/example_dags/example_branch_python_dop_operator_3.py
[2024-09-26T13:40:28.740+0000] {logging_mixin.py:190} INFO - [2024-09-26T13:40:28.739+0000] {dag.py:3239} INFO - Sync 1 DAGs
[2024-09-26T13:40:28.762+0000] {logging_mixin.py:190} INFO - [2024-09-26T13:40:28.761+0000] {dag.py:4180} INFO - Setting next_dagrun for example_branch_dop_operator_v3 to 2024-09-26 13:39:00+00:00, run_after=2024-09-26 13:40:00+00:00
[2024-09-26T13:40:28.777+0000] {processor.py:208} INFO - Processing /home/airflow/.local/lib/python3.12/site-packages/airflow/example_dags/example_branch_python_dop_operator_3.py took 0.067 seconds
[2024-09-26T13:40:58.985+0000] {processor.py:186} INFO - Started process (PID=25372) to work on /home/airflow/.local/lib/python3.12/site-packages/airflow/example_dags/example_branch_python_dop_operator_3.py
[2024-09-26T13:40:58.986+0000] {processor.py:914} INFO - Processing file /home/airflow/.local/lib/python3.12/site-packages/airflow/example_dags/example_branch_python_dop_operator_3.py for tasks to queue
[2024-09-26T13:40:58.987+0000] {logging_mixin.py:190} INFO - [2024-09-26T13:40:58.987+0000] {dagbag.py:588} INFO - Filling up the DagBag from /home/airflow/.local/lib/python3.12/site-packages/airflow/example_dags/example_branch_python_dop_operator_3.py
[2024-09-26T13:40:58.996+0000] {processor.py:925} INFO - DAG(s) 'example_branch_dop_operator_v3' retrieved from /home/airflow/.local/lib/python3.12/site-packages/airflow/example_dags/example_branch_python_dop_operator_3.py
[2024-09-26T13:40:59.010+0000] {logging_mixin.py:190} INFO - [2024-09-26T13:40:59.010+0000] {dag.py:3239} INFO - Sync 1 DAGs
[2024-09-26T13:40:59.032+0000] {logging_mixin.py:190} INFO - [2024-09-26T13:40:59.032+0000] {dag.py:4180} INFO - Setting next_dagrun for example_branch_dop_operator_v3 to 2024-09-26 13:39:00+00:00, run_after=2024-09-26 13:40:00+00:00
[2024-09-26T13:40:59.046+0000] {processor.py:208} INFO - Processing /home/airflow/.local/lib/python3.12/site-packages/airflow/example_dags/example_branch_python_dop_operator_3.py took 0.066 seconds
[2024-09-26T13:41:29.144+0000] {processor.py:186} INFO - Started process (PID=25663) to work on /home/airflow/.local/lib/python3.12/site-packages/airflow/example_dags/example_branch_python_dop_operator_3.py
[2024-09-26T13:41:29.145+0000] {processor.py:914} INFO - Processing file /home/airflow/.local/lib/python3.12/site-packages/airflow/example_dags/example_branch_python_dop_operator_3.py for tasks to queue
[2024-09-26T13:41:29.147+0000] {logging_mixin.py:190} INFO - [2024-09-26T13:41:29.147+0000] {dagbag.py:588} INFO - Filling up the DagBag from /home/airflow/.local/lib/python3.12/site-packages/airflow/example_dags/example_branch_python_dop_operator_3.py
[2024-09-26T13:41:29.155+0000] {processor.py:925} INFO - DAG(s) 'example_branch_dop_operator_v3' retrieved from /home/airflow/.local/lib/python3.12/site-packages/airflow/example_dags/example_branch_python_dop_operator_3.py
[2024-09-26T13:41:29.170+0000] {logging_mixin.py:190} INFO - [2024-09-26T13:41:29.170+0000] {dag.py:3239} INFO - Sync 1 DAGs
[2024-09-26T13:41:29.191+0000] {logging_mixin.py:190} INFO - [2024-09-26T13:41:29.191+0000] {dag.py:4180} INFO - Setting next_dagrun for example_branch_dop_operator_v3 to 2024-09-26 13:40:00+00:00, run_after=2024-09-26 13:41:00+00:00
[2024-09-26T13:41:29.207+0000] {processor.py:208} INFO - Processing /home/airflow/.local/lib/python3.12/site-packages/airflow/example_dags/example_branch_python_dop_operator_3.py took 0.067 seconds
[2024-09-26T13:41:59.570+0000] {processor.py:186} INFO - Started process (PID=25954) to work on /home/airflow/.local/lib/python3.12/site-packages/airflow/example_dags/example_branch_python_dop_operator_3.py
[2024-09-26T13:41:59.571+0000] {processor.py:914} INFO - Processing file /home/airflow/.local/lib/python3.12/site-packages/airflow/example_dags/example_branch_python_dop_operator_3.py for tasks to queue
[2024-09-26T13:41:59.573+0000] {logging_mixin.py:190} INFO - [2024-09-26T13:41:59.572+0000] {dagbag.py:588} INFO - Filling up the DagBag from /home/airflow/.local/lib/python3.12/site-packages/airflow/example_dags/example_branch_python_dop_operator_3.py
[2024-09-26T13:41:59.580+0000] {processor.py:925} INFO - DAG(s) 'example_branch_dop_operator_v3' retrieved from /home/airflow/.local/lib/python3.12/site-packages/airflow/example_dags/example_branch_python_dop_operator_3.py
[2024-09-26T13:41:59.595+0000] {logging_mixin.py:190} INFO - [2024-09-26T13:41:59.595+0000] {dag.py:3239} INFO - Sync 1 DAGs
[2024-09-26T13:41:59.617+0000] {logging_mixin.py:190} INFO - [2024-09-26T13:41:59.617+0000] {dag.py:4180} INFO - Setting next_dagrun for example_branch_dop_operator_v3 to 2024-09-26 13:40:00+00:00, run_after=2024-09-26 13:41:00+00:00
[2024-09-26T13:41:59.632+0000] {processor.py:208} INFO - Processing /home/airflow/.local/lib/python3.12/site-packages/airflow/example_dags/example_branch_python_dop_operator_3.py took 0.066 seconds
[2024-09-26T13:42:29.924+0000] {processor.py:186} INFO - Started process (PID=26245) to work on /home/airflow/.local/lib/python3.12/site-packages/airflow/example_dags/example_branch_python_dop_operator_3.py
[2024-09-26T13:42:29.925+0000] {processor.py:914} INFO - Processing file /home/airflow/.local/lib/python3.12/site-packages/airflow/example_dags/example_branch_python_dop_operator_3.py for tasks to queue
[2024-09-26T13:42:29.927+0000] {logging_mixin.py:190} INFO - [2024-09-26T13:42:29.926+0000] {dagbag.py:588} INFO - Filling up the DagBag from /home/airflow/.local/lib/python3.12/site-packages/airflow/example_dags/example_branch_python_dop_operator_3.py
[2024-09-26T13:42:29.934+0000] {processor.py:925} INFO - DAG(s) 'example_branch_dop_operator_v3' retrieved from /home/airflow/.local/lib/python3.12/site-packages/airflow/example_dags/example_branch_python_dop_operator_3.py
[2024-09-26T13:42:29.950+0000] {logging_mixin.py:190} INFO - [2024-09-26T13:42:29.950+0000] {dag.py:3239} INFO - Sync 1 DAGs
[2024-09-26T13:42:29.972+0000] {logging_mixin.py:190} INFO - [2024-09-26T13:42:29.972+0000] {dag.py:4180} INFO - Setting next_dagrun for example_branch_dop_operator_v3 to 2024-09-26 13:41:00+00:00, run_after=2024-09-26 13:42:00+00:00
[2024-09-26T13:42:29.988+0000] {processor.py:208} INFO - Processing /home/airflow/.local/lib/python3.12/site-packages/airflow/example_dags/example_branch_python_dop_operator_3.py took 0.069 seconds
[2024-09-26T13:43:00.151+0000] {processor.py:186} INFO - Started process (PID=26536) to work on /home/airflow/.local/lib/python3.12/site-packages/airflow/example_dags/example_branch_python_dop_operator_3.py
[2024-09-26T13:43:00.151+0000] {processor.py:914} INFO - Processing file /home/airflow/.local/lib/python3.12/site-packages/airflow/example_dags/example_branch_python_dop_operator_3.py for tasks to queue
[2024-09-26T13:43:00.154+0000] {logging_mixin.py:190} INFO - [2024-09-26T13:43:00.153+0000] {dagbag.py:588} INFO - Filling up the DagBag from /home/airflow/.local/lib/python3.12/site-packages/airflow/example_dags/example_branch_python_dop_operator_3.py
[2024-09-26T13:43:00.162+0000] {processor.py:925} INFO - DAG(s) 'example_branch_dop_operator_v3' retrieved from /home/airflow/.local/lib/python3.12/site-packages/airflow/example_dags/example_branch_python_dop_operator_3.py
[2024-09-26T13:43:00.178+0000] {logging_mixin.py:190} INFO - [2024-09-26T13:43:00.178+0000] {dag.py:3239} INFO - Sync 1 DAGs
[2024-09-26T13:43:00.201+0000] {logging_mixin.py:190} INFO - [2024-09-26T13:43:00.201+0000] {dag.py:4180} INFO - Setting next_dagrun for example_branch_dop_operator_v3 to 2024-09-26 13:42:00+00:00, run_after=2024-09-26 13:43:00+00:00
[2024-09-26T13:43:00.215+0000] {processor.py:208} INFO - Processing /home/airflow/.local/lib/python3.12/site-packages/airflow/example_dags/example_branch_python_dop_operator_3.py took 0.070 seconds
[2024-09-26T13:43:30.385+0000] {processor.py:186} INFO - Started process (PID=26827) to work on /home/airflow/.local/lib/python3.12/site-packages/airflow/example_dags/example_branch_python_dop_operator_3.py
[2024-09-26T13:43:30.385+0000] {processor.py:914} INFO - Processing file /home/airflow/.local/lib/python3.12/site-packages/airflow/example_dags/example_branch_python_dop_operator_3.py for tasks to queue
[2024-09-26T13:43:30.387+0000] {logging_mixin.py:190} INFO - [2024-09-26T13:43:30.387+0000] {dagbag.py:588} INFO - Filling up the DagBag from /home/airflow/.local/lib/python3.12/site-packages/airflow/example_dags/example_branch_python_dop_operator_3.py
[2024-09-26T13:43:30.395+0000] {processor.py:925} INFO - DAG(s) 'example_branch_dop_operator_v3' retrieved from /home/airflow/.local/lib/python3.12/site-packages/airflow/example_dags/example_branch_python_dop_operator_3.py
[2024-09-26T13:43:30.410+0000] {logging_mixin.py:190} INFO - [2024-09-26T13:43:30.409+0000] {dag.py:3239} INFO - Sync 1 DAGs
[2024-09-26T13:43:30.433+0000] {logging_mixin.py:190} INFO - [2024-09-26T13:43:30.432+0000] {dag.py:4180} INFO - Setting next_dagrun for example_branch_dop_operator_v3 to 2024-09-26 13:42:00+00:00, run_after=2024-09-26 13:43:00+00:00
[2024-09-26T13:43:30.446+0000] {processor.py:208} INFO - Processing /home/airflow/.local/lib/python3.12/site-packages/airflow/example_dags/example_branch_python_dop_operator_3.py took 0.066 seconds
[2024-09-26T13:44:00.550+0000] {processor.py:186} INFO - Started process (PID=27118) to work on /home/airflow/.local/lib/python3.12/site-packages/airflow/example_dags/example_branch_python_dop_operator_3.py
[2024-09-26T13:44:00.551+0000] {processor.py:914} INFO - Processing file /home/airflow/.local/lib/python3.12/site-packages/airflow/example_dags/example_branch_python_dop_operator_3.py for tasks to queue
[2024-09-26T13:44:00.552+0000] {logging_mixin.py:190} INFO - [2024-09-26T13:44:00.552+0000] {dagbag.py:588} INFO - Filling up the DagBag from /home/airflow/.local/lib/python3.12/site-packages/airflow/example_dags/example_branch_python_dop_operator_3.py
[2024-09-26T13:44:00.560+0000] {processor.py:925} INFO - DAG(s) 'example_branch_dop_operator_v3' retrieved from /home/airflow/.local/lib/python3.12/site-packages/airflow/example_dags/example_branch_python_dop_operator_3.py
[2024-09-26T13:44:00.575+0000] {logging_mixin.py:190} INFO - [2024-09-26T13:44:00.575+0000] {dag.py:3239} INFO - Sync 1 DAGs
[2024-09-26T13:44:00.597+0000] {logging_mixin.py:190} INFO - [2024-09-26T13:44:00.597+0000] {dag.py:4180} INFO - Setting next_dagrun for example_branch_dop_operator_v3 to 2024-09-26 13:43:00+00:00, run_after=2024-09-26 13:44:00+00:00
[2024-09-26T13:44:00.612+0000] {processor.py:208} INFO - Processing /home/airflow/.local/lib/python3.12/site-packages/airflow/example_dags/example_branch_python_dop_operator_3.py took 0.067 seconds
[2024-09-26T13:44:30.717+0000] {processor.py:186} INFO - Started process (PID=27404) to work on /home/airflow/.local/lib/python3.12/site-packages/airflow/example_dags/example_branch_python_dop_operator_3.py
[2024-09-26T13:44:30.718+0000] {processor.py:914} INFO - Processing file /home/airflow/.local/lib/python3.12/site-packages/airflow/example_dags/example_branch_python_dop_operator_3.py for tasks to queue
[2024-09-26T13:44:30.719+0000] {logging_mixin.py:190} INFO - [2024-09-26T13:44:30.719+0000] {dagbag.py:588} INFO - Filling up the DagBag from /home/airflow/.local/lib/python3.12/site-packages/airflow/example_dags/example_branch_python_dop_operator_3.py
[2024-09-26T13:44:30.727+0000] {processor.py:925} INFO - DAG(s) 'example_branch_dop_operator_v3' retrieved from /home/airflow/.local/lib/python3.12/site-packages/airflow/example_dags/example_branch_python_dop_operator_3.py
[2024-09-26T13:44:30.741+0000] {logging_mixin.py:190} INFO - [2024-09-26T13:44:30.741+0000] {dag.py:3239} INFO - Sync 1 DAGs
[2024-09-26T13:44:30.763+0000] {logging_mixin.py:190} INFO - [2024-09-26T13:44:30.763+0000] {dag.py:4180} INFO - Setting next_dagrun for example_branch_dop_operator_v3 to 2024-09-26 13:43:00+00:00, run_after=2024-09-26 13:44:00+00:00
[2024-09-26T13:44:30.778+0000] {processor.py:208} INFO - Processing /home/airflow/.local/lib/python3.12/site-packages/airflow/example_dags/example_branch_python_dop_operator_3.py took 0.066 seconds
[2024-09-26T13:45:01.847+0000] {processor.py:186} INFO - Started process (PID=27700) to work on /home/airflow/.local/lib/python3.12/site-packages/airflow/example_dags/example_branch_python_dop_operator_3.py
[2024-09-26T13:45:01.848+0000] {processor.py:914} INFO - Processing file /home/airflow/.local/lib/python3.12/site-packages/airflow/example_dags/example_branch_python_dop_operator_3.py for tasks to queue
[2024-09-26T13:45:01.849+0000] {logging_mixin.py:190} INFO - [2024-09-26T13:45:01.849+0000] {dagbag.py:588} INFO - Filling up the DagBag from /home/airflow/.local/lib/python3.12/site-packages/airflow/example_dags/example_branch_python_dop_operator_3.py
[2024-09-26T13:45:01.857+0000] {processor.py:925} INFO - DAG(s) 'example_branch_dop_operator_v3' retrieved from /home/airflow/.local/lib/python3.12/site-packages/airflow/example_dags/example_branch_python_dop_operator_3.py
[2024-09-26T13:45:01.872+0000] {logging_mixin.py:190} INFO - [2024-09-26T13:45:01.872+0000] {dag.py:3239} INFO - Sync 1 DAGs
[2024-09-26T13:45:01.893+0000] {logging_mixin.py:190} INFO - [2024-09-26T13:45:01.893+0000] {dag.py:4180} INFO - Setting next_dagrun for example_branch_dop_operator_v3 to 2024-09-26 13:44:00+00:00, run_after=2024-09-26 13:45:00+00:00
[2024-09-26T13:45:01.909+0000] {processor.py:208} INFO - Processing /home/airflow/.local/lib/python3.12/site-packages/airflow/example_dags/example_branch_python_dop_operator_3.py took 0.067 seconds
[2024-09-26T13:45:32.787+0000] {processor.py:186} INFO - Started process (PID=27992) to work on /home/airflow/.local/lib/python3.12/site-packages/airflow/example_dags/example_branch_python_dop_operator_3.py
[2024-09-26T13:45:32.787+0000] {processor.py:914} INFO - Processing file /home/airflow/.local/lib/python3.12/site-packages/airflow/example_dags/example_branch_python_dop_operator_3.py for tasks to queue
[2024-09-26T13:45:32.789+0000] {logging_mixin.py:190} INFO - [2024-09-26T13:45:32.789+0000] {dagbag.py:588} INFO - Filling up the DagBag from /home/airflow/.local/lib/python3.12/site-packages/airflow/example_dags/example_branch_python_dop_operator_3.py
[2024-09-26T13:45:32.797+0000] {processor.py:925} INFO - DAG(s) 'example_branch_dop_operator_v3' retrieved from /home/airflow/.local/lib/python3.12/site-packages/airflow/example_dags/example_branch_python_dop_operator_3.py
[2024-09-26T13:45:32.811+0000] {logging_mixin.py:190} INFO - [2024-09-26T13:45:32.811+0000] {dag.py:3239} INFO - Sync 1 DAGs
[2024-09-26T13:45:32.832+0000] {logging_mixin.py:190} INFO - [2024-09-26T13:45:32.832+0000] {dag.py:4180} INFO - Setting next_dagrun for example_branch_dop_operator_v3 to 2024-09-26 13:44:00+00:00, run_after=2024-09-26 13:45:00+00:00
[2024-09-26T13:45:32.847+0000] {processor.py:208} INFO - Processing /home/airflow/.local/lib/python3.12/site-packages/airflow/example_dags/example_branch_python_dop_operator_3.py took 0.065 seconds
[2024-09-26T13:46:02.975+0000] {processor.py:186} INFO - Started process (PID=28283) to work on /home/airflow/.local/lib/python3.12/site-packages/airflow/example_dags/example_branch_python_dop_operator_3.py
[2024-09-26T13:46:02.975+0000] {processor.py:914} INFO - Processing file /home/airflow/.local/lib/python3.12/site-packages/airflow/example_dags/example_branch_python_dop_operator_3.py for tasks to queue
[2024-09-26T13:46:02.977+0000] {logging_mixin.py:190} INFO - [2024-09-26T13:46:02.977+0000] {dagbag.py:588} INFO - Filling up the DagBag from /home/airflow/.local/lib/python3.12/site-packages/airflow/example_dags/example_branch_python_dop_operator_3.py
[2024-09-26T13:46:02.984+0000] {processor.py:925} INFO - DAG(s) 'example_branch_dop_operator_v3' retrieved from /home/airflow/.local/lib/python3.12/site-packages/airflow/example_dags/example_branch_python_dop_operator_3.py
[2024-09-26T13:46:03.000+0000] {logging_mixin.py:190} INFO - [2024-09-26T13:46:03.000+0000] {dag.py:3239} INFO - Sync 1 DAGs
[2024-09-26T13:46:03.022+0000] {logging_mixin.py:190} INFO - [2024-09-26T13:46:03.022+0000] {dag.py:4180} INFO - Setting next_dagrun for example_branch_dop_operator_v3 to 2024-09-26 13:45:00+00:00, run_after=2024-09-26 13:46:00+00:00
[2024-09-26T13:46:03.038+0000] {processor.py:208} INFO - Processing /home/airflow/.local/lib/python3.12/site-packages/airflow/example_dags/example_branch_python_dop_operator_3.py took 0.068 seconds
[2024-09-26T13:46:33.142+0000] {processor.py:186} INFO - Started process (PID=28571) to work on /home/airflow/.local/lib/python3.12/site-packages/airflow/example_dags/example_branch_python_dop_operator_3.py
[2024-09-26T13:46:33.143+0000] {processor.py:914} INFO - Processing file /home/airflow/.local/lib/python3.12/site-packages/airflow/example_dags/example_branch_python_dop_operator_3.py for tasks to queue
[2024-09-26T13:46:33.144+0000] {logging_mixin.py:190} INFO - [2024-09-26T13:46:33.144+0000] {dagbag.py:588} INFO - Filling up the DagBag from /home/airflow/.local/lib/python3.12/site-packages/airflow/example_dags/example_branch_python_dop_operator_3.py
[2024-09-26T13:46:33.152+0000] {processor.py:925} INFO - DAG(s) 'example_branch_dop_operator_v3' retrieved from /home/airflow/.local/lib/python3.12/site-packages/airflow/example_dags/example_branch_python_dop_operator_3.py
[2024-09-26T13:46:33.167+0000] {logging_mixin.py:190} INFO - [2024-09-26T13:46:33.167+0000] {dag.py:3239} INFO - Sync 1 DAGs
[2024-09-26T13:46:33.188+0000] {logging_mixin.py:190} INFO - [2024-09-26T13:46:33.188+0000] {dag.py:4180} INFO - Setting next_dagrun for example_branch_dop_operator_v3 to 2024-09-26 13:45:00+00:00, run_after=2024-09-26 13:46:00+00:00
[2024-09-26T13:46:33.203+0000] {processor.py:208} INFO - Processing /home/airflow/.local/lib/python3.12/site-packages/airflow/example_dags/example_branch_python_dop_operator_3.py took 0.066 seconds
[2024-09-26T13:47:03.410+0000] {processor.py:186} INFO - Started process (PID=28860) to work on /home/airflow/.local/lib/python3.12/site-packages/airflow/example_dags/example_branch_python_dop_operator_3.py
[2024-09-26T13:47:03.411+0000] {processor.py:914} INFO - Processing file /home/airflow/.local/lib/python3.12/site-packages/airflow/example_dags/example_branch_python_dop_operator_3.py for tasks to queue
[2024-09-26T13:47:03.412+0000] {logging_mixin.py:190} INFO - [2024-09-26T13:47:03.412+0000] {dagbag.py:588} INFO - Filling up the DagBag from /home/airflow/.local/lib/python3.12/site-packages/airflow/example_dags/example_branch_python_dop_operator_3.py
[2024-09-26T13:47:03.420+0000] {processor.py:925} INFO - DAG(s) 'example_branch_dop_operator_v3' retrieved from /home/airflow/.local/lib/python3.12/site-packages/airflow/example_dags/example_branch_python_dop_operator_3.py
[2024-09-26T13:47:03.435+0000] {logging_mixin.py:190} INFO - [2024-09-26T13:47:03.435+0000] {dag.py:3239} INFO - Sync 1 DAGs
[2024-09-26T13:47:03.457+0000] {logging_mixin.py:190} INFO - [2024-09-26T13:47:03.457+0000] {dag.py:4180} INFO - Setting next_dagrun for example_branch_dop_operator_v3 to 2024-09-26 13:46:00+00:00, run_after=2024-09-26 13:47:00+00:00
[2024-09-26T13:47:03.473+0000] {processor.py:208} INFO - Processing /home/airflow/.local/lib/python3.12/site-packages/airflow/example_dags/example_branch_python_dop_operator_3.py took 0.068 seconds
[2024-09-26T13:47:34.673+0000] {processor.py:186} INFO - Started process (PID=29156) to work on /home/airflow/.local/lib/python3.12/site-packages/airflow/example_dags/example_branch_python_dop_operator_3.py
[2024-09-26T13:47:34.674+0000] {processor.py:914} INFO - Processing file /home/airflow/.local/lib/python3.12/site-packages/airflow/example_dags/example_branch_python_dop_operator_3.py for tasks to queue
[2024-09-26T13:47:34.676+0000] {logging_mixin.py:190} INFO - [2024-09-26T13:47:34.675+0000] {dagbag.py:588} INFO - Filling up the DagBag from /home/airflow/.local/lib/python3.12/site-packages/airflow/example_dags/example_branch_python_dop_operator_3.py
[2024-09-26T13:47:34.683+0000] {processor.py:925} INFO - DAG(s) 'example_branch_dop_operator_v3' retrieved from /home/airflow/.local/lib/python3.12/site-packages/airflow/example_dags/example_branch_python_dop_operator_3.py
[2024-09-26T13:47:34.698+0000] {logging_mixin.py:190} INFO - [2024-09-26T13:47:34.698+0000] {dag.py:3239} INFO - Sync 1 DAGs
[2024-09-26T13:47:34.720+0000] {logging_mixin.py:190} INFO - [2024-09-26T13:47:34.720+0000] {dag.py:4180} INFO - Setting next_dagrun for example_branch_dop_operator_v3 to 2024-09-26 13:46:00+00:00, run_after=2024-09-26 13:47:00+00:00
[2024-09-26T13:47:34.737+0000] {processor.py:208} INFO - Processing /home/airflow/.local/lib/python3.12/site-packages/airflow/example_dags/example_branch_python_dop_operator_3.py took 0.069 seconds
