[2024-09-26T13:24:58.051+0000] {processor.py:186} INFO - Started process (PID=16274) to work on /home/airflow/.local/lib/python3.12/site-packages/airflow/example_dags/example_complex.py
[2024-09-26T13:24:58.052+0000] {processor.py:914} INFO - Processing file /home/airflow/.local/lib/python3.12/site-packages/airflow/example_dags/example_complex.py for tasks to queue
[2024-09-26T13:24:58.053+0000] {logging_mixin.py:190} INFO - [2024-09-26T13:24:58.053+0000] {dagbag.py:588} INFO - Filling up the DagBag from /home/airflow/.local/lib/python3.12/site-packages/airflow/example_dags/example_complex.py
[2024-09-26T13:24:58.064+0000] {processor.py:925} INFO - DAG(s) 'example_complex' retrieved from /home/airflow/.local/lib/python3.12/site-packages/airflow/example_dags/example_complex.py
[2024-09-26T13:24:58.092+0000] {logging_mixin.py:190} INFO - [2024-09-26T13:24:58.092+0000] {dag.py:3239} INFO - Sync 1 DAGs
[2024-09-26T13:24:58.104+0000] {logging_mixin.py:190} INFO - [2024-09-26T13:24:58.104+0000] {dag.py:4180} INFO - Setting next_dagrun for example_complex to None, run_after=None
[2024-09-26T13:24:58.119+0000] {processor.py:208} INFO - Processing /home/airflow/.local/lib/python3.12/site-packages/airflow/example_dags/example_complex.py took 0.072 seconds
[2024-09-26T13:25:28.350+0000] {processor.py:186} INFO - Started process (PID=16560) to work on /home/airflow/.local/lib/python3.12/site-packages/airflow/example_dags/example_complex.py
[2024-09-26T13:25:28.350+0000] {processor.py:914} INFO - Processing file /home/airflow/.local/lib/python3.12/site-packages/airflow/example_dags/example_complex.py for tasks to queue
[2024-09-26T13:25:28.352+0000] {logging_mixin.py:190} INFO - [2024-09-26T13:25:28.352+0000] {dagbag.py:588} INFO - Filling up the DagBag from /home/airflow/.local/lib/python3.12/site-packages/airflow/example_dags/example_complex.py
[2024-09-26T13:25:28.362+0000] {processor.py:925} INFO - DAG(s) 'example_complex' retrieved from /home/airflow/.local/lib/python3.12/site-packages/airflow/example_dags/example_complex.py
[2024-09-26T13:25:28.389+0000] {logging_mixin.py:190} INFO - [2024-09-26T13:25:28.389+0000] {dag.py:3239} INFO - Sync 1 DAGs
[2024-09-26T13:25:28.401+0000] {logging_mixin.py:190} INFO - [2024-09-26T13:25:28.401+0000] {dag.py:4180} INFO - Setting next_dagrun for example_complex to None, run_after=None
[2024-09-26T13:25:28.417+0000] {processor.py:208} INFO - Processing /home/airflow/.local/lib/python3.12/site-packages/airflow/example_dags/example_complex.py took 0.072 seconds
[2024-09-26T13:25:59.006+0000] {processor.py:186} INFO - Started process (PID=16846) to work on /home/airflow/.local/lib/python3.12/site-packages/airflow/example_dags/example_complex.py
[2024-09-26T13:25:59.006+0000] {processor.py:914} INFO - Processing file /home/airflow/.local/lib/python3.12/site-packages/airflow/example_dags/example_complex.py for tasks to queue
[2024-09-26T13:25:59.008+0000] {logging_mixin.py:190} INFO - [2024-09-26T13:25:59.008+0000] {dagbag.py:588} INFO - Filling up the DagBag from /home/airflow/.local/lib/python3.12/site-packages/airflow/example_dags/example_complex.py
[2024-09-26T13:25:59.018+0000] {processor.py:925} INFO - DAG(s) 'example_complex' retrieved from /home/airflow/.local/lib/python3.12/site-packages/airflow/example_dags/example_complex.py
[2024-09-26T13:25:59.045+0000] {logging_mixin.py:190} INFO - [2024-09-26T13:25:59.045+0000] {dag.py:3239} INFO - Sync 1 DAGs
[2024-09-26T13:25:59.058+0000] {logging_mixin.py:190} INFO - [2024-09-26T13:25:59.057+0000] {dag.py:4180} INFO - Setting next_dagrun for example_complex to None, run_after=None
[2024-09-26T13:25:59.076+0000] {processor.py:208} INFO - Processing /home/airflow/.local/lib/python3.12/site-packages/airflow/example_dags/example_complex.py took 0.074 seconds
[2024-09-26T13:26:29.817+0000] {processor.py:186} INFO - Started process (PID=17132) to work on /home/airflow/.local/lib/python3.12/site-packages/airflow/example_dags/example_complex.py
[2024-09-26T13:26:29.818+0000] {processor.py:914} INFO - Processing file /home/airflow/.local/lib/python3.12/site-packages/airflow/example_dags/example_complex.py for tasks to queue
[2024-09-26T13:26:29.819+0000] {logging_mixin.py:190} INFO - [2024-09-26T13:26:29.819+0000] {dagbag.py:588} INFO - Filling up the DagBag from /home/airflow/.local/lib/python3.12/site-packages/airflow/example_dags/example_complex.py
[2024-09-26T13:26:29.830+0000] {processor.py:925} INFO - DAG(s) 'example_complex' retrieved from /home/airflow/.local/lib/python3.12/site-packages/airflow/example_dags/example_complex.py
[2024-09-26T13:26:29.858+0000] {logging_mixin.py:190} INFO - [2024-09-26T13:26:29.858+0000] {dag.py:3239} INFO - Sync 1 DAGs
[2024-09-26T13:26:29.870+0000] {logging_mixin.py:190} INFO - [2024-09-26T13:26:29.870+0000] {dag.py:4180} INFO - Setting next_dagrun for example_complex to None, run_after=None
[2024-09-26T13:26:29.884+0000] {processor.py:208} INFO - Processing /home/airflow/.local/lib/python3.12/site-packages/airflow/example_dags/example_complex.py took 0.072 seconds
[2024-09-26T13:27:00.330+0000] {processor.py:186} INFO - Started process (PID=17418) to work on /home/airflow/.local/lib/python3.12/site-packages/airflow/example_dags/example_complex.py
[2024-09-26T13:27:00.331+0000] {processor.py:914} INFO - Processing file /home/airflow/.local/lib/python3.12/site-packages/airflow/example_dags/example_complex.py for tasks to queue
[2024-09-26T13:27:00.333+0000] {logging_mixin.py:190} INFO - [2024-09-26T13:27:00.333+0000] {dagbag.py:588} INFO - Filling up the DagBag from /home/airflow/.local/lib/python3.12/site-packages/airflow/example_dags/example_complex.py
[2024-09-26T13:27:00.342+0000] {processor.py:925} INFO - DAG(s) 'example_complex' retrieved from /home/airflow/.local/lib/python3.12/site-packages/airflow/example_dags/example_complex.py
[2024-09-26T13:27:00.370+0000] {logging_mixin.py:190} INFO - [2024-09-26T13:27:00.369+0000] {dag.py:3239} INFO - Sync 1 DAGs
[2024-09-26T13:27:00.381+0000] {logging_mixin.py:190} INFO - [2024-09-26T13:27:00.381+0000] {dag.py:4180} INFO - Setting next_dagrun for example_complex to None, run_after=None
[2024-09-26T13:27:00.395+0000] {processor.py:208} INFO - Processing /home/airflow/.local/lib/python3.12/site-packages/airflow/example_dags/example_complex.py took 0.069 seconds
[2024-09-26T13:27:31.186+0000] {processor.py:186} INFO - Started process (PID=17704) to work on /home/airflow/.local/lib/python3.12/site-packages/airflow/example_dags/example_complex.py
[2024-09-26T13:27:31.186+0000] {processor.py:914} INFO - Processing file /home/airflow/.local/lib/python3.12/site-packages/airflow/example_dags/example_complex.py for tasks to queue
[2024-09-26T13:27:31.188+0000] {logging_mixin.py:190} INFO - [2024-09-26T13:27:31.188+0000] {dagbag.py:588} INFO - Filling up the DagBag from /home/airflow/.local/lib/python3.12/site-packages/airflow/example_dags/example_complex.py
[2024-09-26T13:27:31.198+0000] {processor.py:925} INFO - DAG(s) 'example_complex' retrieved from /home/airflow/.local/lib/python3.12/site-packages/airflow/example_dags/example_complex.py
[2024-09-26T13:27:31.227+0000] {logging_mixin.py:190} INFO - [2024-09-26T13:27:31.227+0000] {dag.py:3239} INFO - Sync 1 DAGs
[2024-09-26T13:27:31.241+0000] {logging_mixin.py:190} INFO - [2024-09-26T13:27:31.241+0000] {dag.py:4180} INFO - Setting next_dagrun for example_complex to None, run_after=None
[2024-09-26T13:27:31.257+0000] {processor.py:208} INFO - Processing /home/airflow/.local/lib/python3.12/site-packages/airflow/example_dags/example_complex.py took 0.076 seconds
[2024-09-26T13:28:02.412+0000] {processor.py:186} INFO - Started process (PID=17990) to work on /home/airflow/.local/lib/python3.12/site-packages/airflow/example_dags/example_complex.py
[2024-09-26T13:28:02.412+0000] {processor.py:914} INFO - Processing file /home/airflow/.local/lib/python3.12/site-packages/airflow/example_dags/example_complex.py for tasks to queue
[2024-09-26T13:28:02.414+0000] {logging_mixin.py:190} INFO - [2024-09-26T13:28:02.414+0000] {dagbag.py:588} INFO - Filling up the DagBag from /home/airflow/.local/lib/python3.12/site-packages/airflow/example_dags/example_complex.py
[2024-09-26T13:28:02.424+0000] {processor.py:925} INFO - DAG(s) 'example_complex' retrieved from /home/airflow/.local/lib/python3.12/site-packages/airflow/example_dags/example_complex.py
[2024-09-26T13:28:02.575+0000] {logging_mixin.py:190} INFO - [2024-09-26T13:28:02.575+0000] {dag.py:3239} INFO - Sync 1 DAGs
[2024-09-26T13:28:02.586+0000] {logging_mixin.py:190} INFO - [2024-09-26T13:28:02.586+0000] {dag.py:4180} INFO - Setting next_dagrun for example_complex to None, run_after=None
[2024-09-26T13:28:02.601+0000] {processor.py:208} INFO - Processing /home/airflow/.local/lib/python3.12/site-packages/airflow/example_dags/example_complex.py took 0.194 seconds
[2024-09-26T13:28:32.656+0000] {processor.py:186} INFO - Started process (PID=18276) to work on /home/airflow/.local/lib/python3.12/site-packages/airflow/example_dags/example_complex.py
[2024-09-26T13:28:32.657+0000] {processor.py:914} INFO - Processing file /home/airflow/.local/lib/python3.12/site-packages/airflow/example_dags/example_complex.py for tasks to queue
[2024-09-26T13:28:32.659+0000] {logging_mixin.py:190} INFO - [2024-09-26T13:28:32.658+0000] {dagbag.py:588} INFO - Filling up the DagBag from /home/airflow/.local/lib/python3.12/site-packages/airflow/example_dags/example_complex.py
[2024-09-26T13:28:32.669+0000] {processor.py:925} INFO - DAG(s) 'example_complex' retrieved from /home/airflow/.local/lib/python3.12/site-packages/airflow/example_dags/example_complex.py
[2024-09-26T13:28:32.696+0000] {logging_mixin.py:190} INFO - [2024-09-26T13:28:32.696+0000] {dag.py:3239} INFO - Sync 1 DAGs
[2024-09-26T13:28:32.708+0000] {logging_mixin.py:190} INFO - [2024-09-26T13:28:32.708+0000] {dag.py:4180} INFO - Setting next_dagrun for example_complex to None, run_after=None
[2024-09-26T13:28:32.723+0000] {processor.py:208} INFO - Processing /home/airflow/.local/lib/python3.12/site-packages/airflow/example_dags/example_complex.py took 0.071 seconds
[2024-09-26T13:29:02.942+0000] {processor.py:186} INFO - Started process (PID=18562) to work on /home/airflow/.local/lib/python3.12/site-packages/airflow/example_dags/example_complex.py
[2024-09-26T13:29:02.943+0000] {processor.py:914} INFO - Processing file /home/airflow/.local/lib/python3.12/site-packages/airflow/example_dags/example_complex.py for tasks to queue
[2024-09-26T13:29:02.945+0000] {logging_mixin.py:190} INFO - [2024-09-26T13:29:02.944+0000] {dagbag.py:588} INFO - Filling up the DagBag from /home/airflow/.local/lib/python3.12/site-packages/airflow/example_dags/example_complex.py
[2024-09-26T13:29:02.955+0000] {processor.py:925} INFO - DAG(s) 'example_complex' retrieved from /home/airflow/.local/lib/python3.12/site-packages/airflow/example_dags/example_complex.py
[2024-09-26T13:29:02.981+0000] {logging_mixin.py:190} INFO - [2024-09-26T13:29:02.980+0000] {dag.py:3239} INFO - Sync 1 DAGs
[2024-09-26T13:29:02.993+0000] {logging_mixin.py:190} INFO - [2024-09-26T13:29:02.992+0000] {dag.py:4180} INFO - Setting next_dagrun for example_complex to None, run_after=None
[2024-09-26T13:29:03.006+0000] {processor.py:208} INFO - Processing /home/airflow/.local/lib/python3.12/site-packages/airflow/example_dags/example_complex.py took 0.068 seconds
[2024-09-26T13:29:33.979+0000] {processor.py:186} INFO - Started process (PID=18848) to work on /home/airflow/.local/lib/python3.12/site-packages/airflow/example_dags/example_complex.py
[2024-09-26T13:29:33.979+0000] {processor.py:914} INFO - Processing file /home/airflow/.local/lib/python3.12/site-packages/airflow/example_dags/example_complex.py for tasks to queue
[2024-09-26T13:29:33.981+0000] {logging_mixin.py:190} INFO - [2024-09-26T13:29:33.981+0000] {dagbag.py:588} INFO - Filling up the DagBag from /home/airflow/.local/lib/python3.12/site-packages/airflow/example_dags/example_complex.py
[2024-09-26T13:29:33.991+0000] {processor.py:925} INFO - DAG(s) 'example_complex' retrieved from /home/airflow/.local/lib/python3.12/site-packages/airflow/example_dags/example_complex.py
[2024-09-26T13:29:34.019+0000] {logging_mixin.py:190} INFO - [2024-09-26T13:29:34.019+0000] {dag.py:3239} INFO - Sync 1 DAGs
[2024-09-26T13:29:34.031+0000] {logging_mixin.py:190} INFO - [2024-09-26T13:29:34.031+0000] {dag.py:4180} INFO - Setting next_dagrun for example_complex to None, run_after=None
[2024-09-26T13:29:34.046+0000] {processor.py:208} INFO - Processing /home/airflow/.local/lib/python3.12/site-packages/airflow/example_dags/example_complex.py took 0.072 seconds
[2024-09-26T13:30:04.223+0000] {processor.py:186} INFO - Started process (PID=19134) to work on /home/airflow/.local/lib/python3.12/site-packages/airflow/example_dags/example_complex.py
[2024-09-26T13:30:04.224+0000] {processor.py:914} INFO - Processing file /home/airflow/.local/lib/python3.12/site-packages/airflow/example_dags/example_complex.py for tasks to queue
[2024-09-26T13:30:04.226+0000] {logging_mixin.py:190} INFO - [2024-09-26T13:30:04.225+0000] {dagbag.py:588} INFO - Filling up the DagBag from /home/airflow/.local/lib/python3.12/site-packages/airflow/example_dags/example_complex.py
[2024-09-26T13:30:04.236+0000] {processor.py:925} INFO - DAG(s) 'example_complex' retrieved from /home/airflow/.local/lib/python3.12/site-packages/airflow/example_dags/example_complex.py
[2024-09-26T13:30:04.263+0000] {logging_mixin.py:190} INFO - [2024-09-26T13:30:04.263+0000] {dag.py:3239} INFO - Sync 1 DAGs
[2024-09-26T13:30:04.275+0000] {logging_mixin.py:190} INFO - [2024-09-26T13:30:04.275+0000] {dag.py:4180} INFO - Setting next_dagrun for example_complex to None, run_after=None
[2024-09-26T13:30:04.292+0000] {processor.py:208} INFO - Processing /home/airflow/.local/lib/python3.12/site-packages/airflow/example_dags/example_complex.py took 0.074 seconds
[2024-09-26T13:30:34.440+0000] {processor.py:186} INFO - Started process (PID=19420) to work on /home/airflow/.local/lib/python3.12/site-packages/airflow/example_dags/example_complex.py
[2024-09-26T13:30:34.441+0000] {processor.py:914} INFO - Processing file /home/airflow/.local/lib/python3.12/site-packages/airflow/example_dags/example_complex.py for tasks to queue
[2024-09-26T13:30:34.443+0000] {logging_mixin.py:190} INFO - [2024-09-26T13:30:34.443+0000] {dagbag.py:588} INFO - Filling up the DagBag from /home/airflow/.local/lib/python3.12/site-packages/airflow/example_dags/example_complex.py
[2024-09-26T13:30:34.453+0000] {processor.py:925} INFO - DAG(s) 'example_complex' retrieved from /home/airflow/.local/lib/python3.12/site-packages/airflow/example_dags/example_complex.py
[2024-09-26T13:30:34.481+0000] {logging_mixin.py:190} INFO - [2024-09-26T13:30:34.481+0000] {dag.py:3239} INFO - Sync 1 DAGs
[2024-09-26T13:30:34.494+0000] {logging_mixin.py:190} INFO - [2024-09-26T13:30:34.494+0000] {dag.py:4180} INFO - Setting next_dagrun for example_complex to None, run_after=None
[2024-09-26T13:30:34.510+0000] {processor.py:208} INFO - Processing /home/airflow/.local/lib/python3.12/site-packages/airflow/example_dags/example_complex.py took 0.075 seconds
[2024-09-26T13:31:05.312+0000] {processor.py:186} INFO - Started process (PID=19706) to work on /home/airflow/.local/lib/python3.12/site-packages/airflow/example_dags/example_complex.py
[2024-09-26T13:31:05.312+0000] {processor.py:914} INFO - Processing file /home/airflow/.local/lib/python3.12/site-packages/airflow/example_dags/example_complex.py for tasks to queue
[2024-09-26T13:31:05.314+0000] {logging_mixin.py:190} INFO - [2024-09-26T13:31:05.314+0000] {dagbag.py:588} INFO - Filling up the DagBag from /home/airflow/.local/lib/python3.12/site-packages/airflow/example_dags/example_complex.py
[2024-09-26T13:31:05.324+0000] {processor.py:925} INFO - DAG(s) 'example_complex' retrieved from /home/airflow/.local/lib/python3.12/site-packages/airflow/example_dags/example_complex.py
[2024-09-26T13:31:05.350+0000] {logging_mixin.py:190} INFO - [2024-09-26T13:31:05.350+0000] {dag.py:3239} INFO - Sync 1 DAGs
[2024-09-26T13:31:05.362+0000] {logging_mixin.py:190} INFO - [2024-09-26T13:31:05.362+0000] {dag.py:4180} INFO - Setting next_dagrun for example_complex to None, run_after=None
[2024-09-26T13:31:05.378+0000] {processor.py:208} INFO - Processing /home/airflow/.local/lib/python3.12/site-packages/airflow/example_dags/example_complex.py took 0.071 seconds
[2024-09-26T13:31:36.218+0000] {processor.py:186} INFO - Started process (PID=19993) to work on /home/airflow/.local/lib/python3.12/site-packages/airflow/example_dags/example_complex.py
[2024-09-26T13:31:36.219+0000] {processor.py:914} INFO - Processing file /home/airflow/.local/lib/python3.12/site-packages/airflow/example_dags/example_complex.py for tasks to queue
[2024-09-26T13:31:36.220+0000] {logging_mixin.py:190} INFO - [2024-09-26T13:31:36.220+0000] {dagbag.py:588} INFO - Filling up the DagBag from /home/airflow/.local/lib/python3.12/site-packages/airflow/example_dags/example_complex.py
[2024-09-26T13:31:36.230+0000] {processor.py:925} INFO - DAG(s) 'example_complex' retrieved from /home/airflow/.local/lib/python3.12/site-packages/airflow/example_dags/example_complex.py
[2024-09-26T13:31:36.257+0000] {logging_mixin.py:190} INFO - [2024-09-26T13:31:36.256+0000] {dag.py:3239} INFO - Sync 1 DAGs
[2024-09-26T13:31:36.268+0000] {logging_mixin.py:190} INFO - [2024-09-26T13:31:36.268+0000] {dag.py:4180} INFO - Setting next_dagrun for example_complex to None, run_after=None
[2024-09-26T13:31:36.283+0000] {processor.py:208} INFO - Processing /home/airflow/.local/lib/python3.12/site-packages/airflow/example_dags/example_complex.py took 0.070 seconds
[2024-09-26T13:32:07.028+0000] {processor.py:186} INFO - Started process (PID=20279) to work on /home/airflow/.local/lib/python3.12/site-packages/airflow/example_dags/example_complex.py
[2024-09-26T13:32:07.029+0000] {processor.py:914} INFO - Processing file /home/airflow/.local/lib/python3.12/site-packages/airflow/example_dags/example_complex.py for tasks to queue
[2024-09-26T13:32:07.030+0000] {logging_mixin.py:190} INFO - [2024-09-26T13:32:07.030+0000] {dagbag.py:588} INFO - Filling up the DagBag from /home/airflow/.local/lib/python3.12/site-packages/airflow/example_dags/example_complex.py
[2024-09-26T13:32:07.040+0000] {processor.py:925} INFO - DAG(s) 'example_complex' retrieved from /home/airflow/.local/lib/python3.12/site-packages/airflow/example_dags/example_complex.py
[2024-09-26T13:32:07.066+0000] {logging_mixin.py:190} INFO - [2024-09-26T13:32:07.066+0000] {dag.py:3239} INFO - Sync 1 DAGs
[2024-09-26T13:32:07.078+0000] {logging_mixin.py:190} INFO - [2024-09-26T13:32:07.078+0000] {dag.py:4180} INFO - Setting next_dagrun for example_complex to None, run_after=None
[2024-09-26T13:32:07.092+0000] {processor.py:208} INFO - Processing /home/airflow/.local/lib/python3.12/site-packages/airflow/example_dags/example_complex.py took 0.068 seconds
[2024-09-26T13:32:37.773+0000] {processor.py:186} INFO - Started process (PID=20565) to work on /home/airflow/.local/lib/python3.12/site-packages/airflow/example_dags/example_complex.py
[2024-09-26T13:32:37.773+0000] {processor.py:914} INFO - Processing file /home/airflow/.local/lib/python3.12/site-packages/airflow/example_dags/example_complex.py for tasks to queue
[2024-09-26T13:32:37.775+0000] {logging_mixin.py:190} INFO - [2024-09-26T13:32:37.775+0000] {dagbag.py:588} INFO - Filling up the DagBag from /home/airflow/.local/lib/python3.12/site-packages/airflow/example_dags/example_complex.py
[2024-09-26T13:32:37.785+0000] {processor.py:925} INFO - DAG(s) 'example_complex' retrieved from /home/airflow/.local/lib/python3.12/site-packages/airflow/example_dags/example_complex.py
[2024-09-26T13:32:37.811+0000] {logging_mixin.py:190} INFO - [2024-09-26T13:32:37.811+0000] {dag.py:3239} INFO - Sync 1 DAGs
[2024-09-26T13:32:37.823+0000] {logging_mixin.py:190} INFO - [2024-09-26T13:32:37.823+0000] {dag.py:4180} INFO - Setting next_dagrun for example_complex to None, run_after=None
[2024-09-26T13:32:37.837+0000] {processor.py:208} INFO - Processing /home/airflow/.local/lib/python3.12/site-packages/airflow/example_dags/example_complex.py took 0.068 seconds
[2024-09-26T13:33:08.606+0000] {processor.py:186} INFO - Started process (PID=20851) to work on /home/airflow/.local/lib/python3.12/site-packages/airflow/example_dags/example_complex.py
[2024-09-26T13:33:08.607+0000] {processor.py:914} INFO - Processing file /home/airflow/.local/lib/python3.12/site-packages/airflow/example_dags/example_complex.py for tasks to queue
[2024-09-26T13:33:08.608+0000] {logging_mixin.py:190} INFO - [2024-09-26T13:33:08.608+0000] {dagbag.py:588} INFO - Filling up the DagBag from /home/airflow/.local/lib/python3.12/site-packages/airflow/example_dags/example_complex.py
[2024-09-26T13:33:08.618+0000] {processor.py:925} INFO - DAG(s) 'example_complex' retrieved from /home/airflow/.local/lib/python3.12/site-packages/airflow/example_dags/example_complex.py
[2024-09-26T13:33:08.645+0000] {logging_mixin.py:190} INFO - [2024-09-26T13:33:08.644+0000] {dag.py:3239} INFO - Sync 1 DAGs
[2024-09-26T13:33:08.657+0000] {logging_mixin.py:190} INFO - [2024-09-26T13:33:08.657+0000] {dag.py:4180} INFO - Setting next_dagrun for example_complex to None, run_after=None
[2024-09-26T13:33:08.672+0000] {processor.py:208} INFO - Processing /home/airflow/.local/lib/python3.12/site-packages/airflow/example_dags/example_complex.py took 0.070 seconds
[2024-09-26T13:33:39.480+0000] {processor.py:186} INFO - Started process (PID=21137) to work on /home/airflow/.local/lib/python3.12/site-packages/airflow/example_dags/example_complex.py
[2024-09-26T13:33:39.480+0000] {processor.py:914} INFO - Processing file /home/airflow/.local/lib/python3.12/site-packages/airflow/example_dags/example_complex.py for tasks to queue
[2024-09-26T13:33:39.482+0000] {logging_mixin.py:190} INFO - [2024-09-26T13:33:39.482+0000] {dagbag.py:588} INFO - Filling up the DagBag from /home/airflow/.local/lib/python3.12/site-packages/airflow/example_dags/example_complex.py
[2024-09-26T13:33:39.492+0000] {processor.py:925} INFO - DAG(s) 'example_complex' retrieved from /home/airflow/.local/lib/python3.12/site-packages/airflow/example_dags/example_complex.py
[2024-09-26T13:33:39.518+0000] {logging_mixin.py:190} INFO - [2024-09-26T13:33:39.518+0000] {dag.py:3239} INFO - Sync 1 DAGs
[2024-09-26T13:33:39.530+0000] {logging_mixin.py:190} INFO - [2024-09-26T13:33:39.529+0000] {dag.py:4180} INFO - Setting next_dagrun for example_complex to None, run_after=None
[2024-09-26T13:33:39.545+0000] {processor.py:208} INFO - Processing /home/airflow/.local/lib/python3.12/site-packages/airflow/example_dags/example_complex.py took 0.070 seconds
[2024-09-26T13:34:10.434+0000] {processor.py:186} INFO - Started process (PID=21423) to work on /home/airflow/.local/lib/python3.12/site-packages/airflow/example_dags/example_complex.py
[2024-09-26T13:34:10.435+0000] {processor.py:914} INFO - Processing file /home/airflow/.local/lib/python3.12/site-packages/airflow/example_dags/example_complex.py for tasks to queue
[2024-09-26T13:34:10.437+0000] {logging_mixin.py:190} INFO - [2024-09-26T13:34:10.437+0000] {dagbag.py:588} INFO - Filling up the DagBag from /home/airflow/.local/lib/python3.12/site-packages/airflow/example_dags/example_complex.py
[2024-09-26T13:34:10.448+0000] {processor.py:925} INFO - DAG(s) 'example_complex' retrieved from /home/airflow/.local/lib/python3.12/site-packages/airflow/example_dags/example_complex.py
[2024-09-26T13:34:10.475+0000] {logging_mixin.py:190} INFO - [2024-09-26T13:34:10.475+0000] {dag.py:3239} INFO - Sync 1 DAGs
[2024-09-26T13:34:10.488+0000] {logging_mixin.py:190} INFO - [2024-09-26T13:34:10.488+0000] {dag.py:4180} INFO - Setting next_dagrun for example_complex to None, run_after=None
[2024-09-26T13:34:10.502+0000] {processor.py:208} INFO - Processing /home/airflow/.local/lib/python3.12/site-packages/airflow/example_dags/example_complex.py took 0.073 seconds
[2024-09-26T13:34:41.139+0000] {processor.py:186} INFO - Started process (PID=21709) to work on /home/airflow/.local/lib/python3.12/site-packages/airflow/example_dags/example_complex.py
[2024-09-26T13:34:41.140+0000] {processor.py:914} INFO - Processing file /home/airflow/.local/lib/python3.12/site-packages/airflow/example_dags/example_complex.py for tasks to queue
[2024-09-26T13:34:41.142+0000] {logging_mixin.py:190} INFO - [2024-09-26T13:34:41.141+0000] {dagbag.py:588} INFO - Filling up the DagBag from /home/airflow/.local/lib/python3.12/site-packages/airflow/example_dags/example_complex.py
[2024-09-26T13:34:41.152+0000] {processor.py:925} INFO - DAG(s) 'example_complex' retrieved from /home/airflow/.local/lib/python3.12/site-packages/airflow/example_dags/example_complex.py
[2024-09-26T13:34:41.178+0000] {logging_mixin.py:190} INFO - [2024-09-26T13:34:41.178+0000] {dag.py:3239} INFO - Sync 1 DAGs
[2024-09-26T13:34:41.190+0000] {logging_mixin.py:190} INFO - [2024-09-26T13:34:41.190+0000] {dag.py:4180} INFO - Setting next_dagrun for example_complex to None, run_after=None
[2024-09-26T13:34:41.204+0000] {processor.py:208} INFO - Processing /home/airflow/.local/lib/python3.12/site-packages/airflow/example_dags/example_complex.py took 0.069 seconds
[2024-09-26T13:35:12.138+0000] {processor.py:186} INFO - Started process (PID=21995) to work on /home/airflow/.local/lib/python3.12/site-packages/airflow/example_dags/example_complex.py
[2024-09-26T13:35:12.139+0000] {processor.py:914} INFO - Processing file /home/airflow/.local/lib/python3.12/site-packages/airflow/example_dags/example_complex.py for tasks to queue
[2024-09-26T13:35:12.140+0000] {logging_mixin.py:190} INFO - [2024-09-26T13:35:12.140+0000] {dagbag.py:588} INFO - Filling up the DagBag from /home/airflow/.local/lib/python3.12/site-packages/airflow/example_dags/example_complex.py
[2024-09-26T13:35:12.151+0000] {processor.py:925} INFO - DAG(s) 'example_complex' retrieved from /home/airflow/.local/lib/python3.12/site-packages/airflow/example_dags/example_complex.py
[2024-09-26T13:35:12.179+0000] {logging_mixin.py:190} INFO - [2024-09-26T13:35:12.179+0000] {dag.py:3239} INFO - Sync 1 DAGs
[2024-09-26T13:35:12.192+0000] {logging_mixin.py:190} INFO - [2024-09-26T13:35:12.191+0000] {dag.py:4180} INFO - Setting next_dagrun for example_complex to None, run_after=None
[2024-09-26T13:35:12.206+0000] {processor.py:208} INFO - Processing /home/airflow/.local/lib/python3.12/site-packages/airflow/example_dags/example_complex.py took 0.074 seconds
[2024-09-26T13:35:42.557+0000] {processor.py:186} INFO - Started process (PID=22281) to work on /home/airflow/.local/lib/python3.12/site-packages/airflow/example_dags/example_complex.py
[2024-09-26T13:35:42.557+0000] {processor.py:914} INFO - Processing file /home/airflow/.local/lib/python3.12/site-packages/airflow/example_dags/example_complex.py for tasks to queue
[2024-09-26T13:35:42.560+0000] {logging_mixin.py:190} INFO - [2024-09-26T13:35:42.560+0000] {dagbag.py:588} INFO - Filling up the DagBag from /home/airflow/.local/lib/python3.12/site-packages/airflow/example_dags/example_complex.py
[2024-09-26T13:35:42.571+0000] {processor.py:925} INFO - DAG(s) 'example_complex' retrieved from /home/airflow/.local/lib/python3.12/site-packages/airflow/example_dags/example_complex.py
[2024-09-26T13:35:42.601+0000] {logging_mixin.py:190} INFO - [2024-09-26T13:35:42.600+0000] {dag.py:3239} INFO - Sync 1 DAGs
[2024-09-26T13:35:42.615+0000] {logging_mixin.py:190} INFO - [2024-09-26T13:35:42.615+0000] {dag.py:4180} INFO - Setting next_dagrun for example_complex to None, run_after=None
[2024-09-26T13:35:42.634+0000] {processor.py:208} INFO - Processing /home/airflow/.local/lib/python3.12/site-packages/airflow/example_dags/example_complex.py took 0.084 seconds
[2024-09-26T13:36:12.675+0000] {processor.py:186} INFO - Started process (PID=22567) to work on /home/airflow/.local/lib/python3.12/site-packages/airflow/example_dags/example_complex.py
[2024-09-26T13:36:12.676+0000] {processor.py:914} INFO - Processing file /home/airflow/.local/lib/python3.12/site-packages/airflow/example_dags/example_complex.py for tasks to queue
[2024-09-26T13:36:12.678+0000] {logging_mixin.py:190} INFO - [2024-09-26T13:36:12.678+0000] {dagbag.py:588} INFO - Filling up the DagBag from /home/airflow/.local/lib/python3.12/site-packages/airflow/example_dags/example_complex.py
[2024-09-26T13:36:12.689+0000] {processor.py:925} INFO - DAG(s) 'example_complex' retrieved from /home/airflow/.local/lib/python3.12/site-packages/airflow/example_dags/example_complex.py
[2024-09-26T13:36:12.716+0000] {logging_mixin.py:190} INFO - [2024-09-26T13:36:12.716+0000] {dag.py:3239} INFO - Sync 1 DAGs
[2024-09-26T13:36:12.729+0000] {logging_mixin.py:190} INFO - [2024-09-26T13:36:12.729+0000] {dag.py:4180} INFO - Setting next_dagrun for example_complex to None, run_after=None
[2024-09-26T13:36:12.744+0000] {processor.py:208} INFO - Processing /home/airflow/.local/lib/python3.12/site-packages/airflow/example_dags/example_complex.py took 0.074 seconds
[2024-09-26T13:36:42.899+0000] {processor.py:186} INFO - Started process (PID=22858) to work on /home/airflow/.local/lib/python3.12/site-packages/airflow/example_dags/example_complex.py
[2024-09-26T13:36:42.899+0000] {processor.py:914} INFO - Processing file /home/airflow/.local/lib/python3.12/site-packages/airflow/example_dags/example_complex.py for tasks to queue
[2024-09-26T13:36:42.901+0000] {logging_mixin.py:190} INFO - [2024-09-26T13:36:42.901+0000] {dagbag.py:588} INFO - Filling up the DagBag from /home/airflow/.local/lib/python3.12/site-packages/airflow/example_dags/example_complex.py
[2024-09-26T13:36:42.911+0000] {processor.py:925} INFO - DAG(s) 'example_complex' retrieved from /home/airflow/.local/lib/python3.12/site-packages/airflow/example_dags/example_complex.py
[2024-09-26T13:36:42.938+0000] {logging_mixin.py:190} INFO - [2024-09-26T13:36:42.937+0000] {dag.py:3239} INFO - Sync 1 DAGs
[2024-09-26T13:36:42.950+0000] {logging_mixin.py:190} INFO - [2024-09-26T13:36:42.950+0000] {dag.py:4180} INFO - Setting next_dagrun for example_complex to None, run_after=None
[2024-09-26T13:36:42.963+0000] {processor.py:208} INFO - Processing /home/airflow/.local/lib/python3.12/site-packages/airflow/example_dags/example_complex.py took 0.069 seconds
[2024-09-26T13:37:13.216+0000] {processor.py:186} INFO - Started process (PID=23149) to work on /home/airflow/.local/lib/python3.12/site-packages/airflow/example_dags/example_complex.py
[2024-09-26T13:37:13.216+0000] {processor.py:914} INFO - Processing file /home/airflow/.local/lib/python3.12/site-packages/airflow/example_dags/example_complex.py for tasks to queue
[2024-09-26T13:37:13.218+0000] {logging_mixin.py:190} INFO - [2024-09-26T13:37:13.218+0000] {dagbag.py:588} INFO - Filling up the DagBag from /home/airflow/.local/lib/python3.12/site-packages/airflow/example_dags/example_complex.py
[2024-09-26T13:37:13.229+0000] {processor.py:925} INFO - DAG(s) 'example_complex' retrieved from /home/airflow/.local/lib/python3.12/site-packages/airflow/example_dags/example_complex.py
[2024-09-26T13:37:13.256+0000] {logging_mixin.py:190} INFO - [2024-09-26T13:37:13.256+0000] {dag.py:3239} INFO - Sync 1 DAGs
[2024-09-26T13:37:13.269+0000] {logging_mixin.py:190} INFO - [2024-09-26T13:37:13.269+0000] {dag.py:4180} INFO - Setting next_dagrun for example_complex to None, run_after=None
[2024-09-26T13:37:13.284+0000] {processor.py:208} INFO - Processing /home/airflow/.local/lib/python3.12/site-packages/airflow/example_dags/example_complex.py took 0.073 seconds
[2024-09-26T13:37:43.558+0000] {processor.py:186} INFO - Started process (PID=23440) to work on /home/airflow/.local/lib/python3.12/site-packages/airflow/example_dags/example_complex.py
[2024-09-26T13:37:43.559+0000] {processor.py:914} INFO - Processing file /home/airflow/.local/lib/python3.12/site-packages/airflow/example_dags/example_complex.py for tasks to queue
[2024-09-26T13:37:43.561+0000] {logging_mixin.py:190} INFO - [2024-09-26T13:37:43.560+0000] {dagbag.py:588} INFO - Filling up the DagBag from /home/airflow/.local/lib/python3.12/site-packages/airflow/example_dags/example_complex.py
[2024-09-26T13:37:43.571+0000] {processor.py:925} INFO - DAG(s) 'example_complex' retrieved from /home/airflow/.local/lib/python3.12/site-packages/airflow/example_dags/example_complex.py
[2024-09-26T13:37:43.597+0000] {logging_mixin.py:190} INFO - [2024-09-26T13:37:43.597+0000] {dag.py:3239} INFO - Sync 1 DAGs
[2024-09-26T13:37:43.609+0000] {logging_mixin.py:190} INFO - [2024-09-26T13:37:43.609+0000] {dag.py:4180} INFO - Setting next_dagrun for example_complex to None, run_after=None
[2024-09-26T13:37:43.624+0000] {processor.py:208} INFO - Processing /home/airflow/.local/lib/python3.12/site-packages/airflow/example_dags/example_complex.py took 0.070 seconds
[2024-09-26T13:38:14.587+0000] {processor.py:186} INFO - Started process (PID=23731) to work on /home/airflow/.local/lib/python3.12/site-packages/airflow/example_dags/example_complex.py
[2024-09-26T13:38:14.588+0000] {processor.py:914} INFO - Processing file /home/airflow/.local/lib/python3.12/site-packages/airflow/example_dags/example_complex.py for tasks to queue
[2024-09-26T13:38:14.589+0000] {logging_mixin.py:190} INFO - [2024-09-26T13:38:14.589+0000] {dagbag.py:588} INFO - Filling up the DagBag from /home/airflow/.local/lib/python3.12/site-packages/airflow/example_dags/example_complex.py
[2024-09-26T13:38:14.599+0000] {processor.py:925} INFO - DAG(s) 'example_complex' retrieved from /home/airflow/.local/lib/python3.12/site-packages/airflow/example_dags/example_complex.py
[2024-09-26T13:38:14.626+0000] {logging_mixin.py:190} INFO - [2024-09-26T13:38:14.626+0000] {dag.py:3239} INFO - Sync 1 DAGs
[2024-09-26T13:38:14.638+0000] {logging_mixin.py:190} INFO - [2024-09-26T13:38:14.638+0000] {dag.py:4180} INFO - Setting next_dagrun for example_complex to None, run_after=None
[2024-09-26T13:38:14.653+0000] {processor.py:208} INFO - Processing /home/airflow/.local/lib/python3.12/site-packages/airflow/example_dags/example_complex.py took 0.071 seconds
[2024-09-26T13:38:44.859+0000] {processor.py:186} INFO - Started process (PID=24028) to work on /home/airflow/.local/lib/python3.12/site-packages/airflow/example_dags/example_complex.py
[2024-09-26T13:38:44.860+0000] {processor.py:914} INFO - Processing file /home/airflow/.local/lib/python3.12/site-packages/airflow/example_dags/example_complex.py for tasks to queue
[2024-09-26T13:38:44.861+0000] {logging_mixin.py:190} INFO - [2024-09-26T13:38:44.861+0000] {dagbag.py:588} INFO - Filling up the DagBag from /home/airflow/.local/lib/python3.12/site-packages/airflow/example_dags/example_complex.py
[2024-09-26T13:38:44.871+0000] {processor.py:925} INFO - DAG(s) 'example_complex' retrieved from /home/airflow/.local/lib/python3.12/site-packages/airflow/example_dags/example_complex.py
[2024-09-26T13:38:44.897+0000] {logging_mixin.py:190} INFO - [2024-09-26T13:38:44.897+0000] {dag.py:3239} INFO - Sync 1 DAGs
[2024-09-26T13:38:44.909+0000] {logging_mixin.py:190} INFO - [2024-09-26T13:38:44.909+0000] {dag.py:4180} INFO - Setting next_dagrun for example_complex to None, run_after=None
[2024-09-26T13:38:44.924+0000] {processor.py:208} INFO - Processing /home/airflow/.local/lib/python3.12/site-packages/airflow/example_dags/example_complex.py took 0.070 seconds
[2024-09-26T13:39:14.983+0000] {processor.py:186} INFO - Started process (PID=24319) to work on /home/airflow/.local/lib/python3.12/site-packages/airflow/example_dags/example_complex.py
[2024-09-26T13:39:14.984+0000] {processor.py:914} INFO - Processing file /home/airflow/.local/lib/python3.12/site-packages/airflow/example_dags/example_complex.py for tasks to queue
[2024-09-26T13:39:14.986+0000] {logging_mixin.py:190} INFO - [2024-09-26T13:39:14.986+0000] {dagbag.py:588} INFO - Filling up the DagBag from /home/airflow/.local/lib/python3.12/site-packages/airflow/example_dags/example_complex.py
[2024-09-26T13:39:14.996+0000] {processor.py:925} INFO - DAG(s) 'example_complex' retrieved from /home/airflow/.local/lib/python3.12/site-packages/airflow/example_dags/example_complex.py
[2024-09-26T13:39:15.023+0000] {logging_mixin.py:190} INFO - [2024-09-26T13:39:15.023+0000] {dag.py:3239} INFO - Sync 1 DAGs
[2024-09-26T13:39:15.035+0000] {logging_mixin.py:190} INFO - [2024-09-26T13:39:15.035+0000] {dag.py:4180} INFO - Setting next_dagrun for example_complex to None, run_after=None
[2024-09-26T13:39:15.049+0000] {processor.py:208} INFO - Processing /home/airflow/.local/lib/python3.12/site-packages/airflow/example_dags/example_complex.py took 0.070 seconds
[2024-09-26T13:39:45.202+0000] {processor.py:186} INFO - Started process (PID=24610) to work on /home/airflow/.local/lib/python3.12/site-packages/airflow/example_dags/example_complex.py
[2024-09-26T13:39:45.203+0000] {processor.py:914} INFO - Processing file /home/airflow/.local/lib/python3.12/site-packages/airflow/example_dags/example_complex.py for tasks to queue
[2024-09-26T13:39:45.205+0000] {logging_mixin.py:190} INFO - [2024-09-26T13:39:45.204+0000] {dagbag.py:588} INFO - Filling up the DagBag from /home/airflow/.local/lib/python3.12/site-packages/airflow/example_dags/example_complex.py
[2024-09-26T13:39:45.214+0000] {processor.py:925} INFO - DAG(s) 'example_complex' retrieved from /home/airflow/.local/lib/python3.12/site-packages/airflow/example_dags/example_complex.py
[2024-09-26T13:39:45.242+0000] {logging_mixin.py:190} INFO - [2024-09-26T13:39:45.242+0000] {dag.py:3239} INFO - Sync 1 DAGs
[2024-09-26T13:39:45.254+0000] {logging_mixin.py:190} INFO - [2024-09-26T13:39:45.254+0000] {dag.py:4180} INFO - Setting next_dagrun for example_complex to None, run_after=None
[2024-09-26T13:39:45.268+0000] {processor.py:208} INFO - Processing /home/airflow/.local/lib/python3.12/site-packages/airflow/example_dags/example_complex.py took 0.070 seconds
[2024-09-26T13:40:15.380+0000] {processor.py:186} INFO - Started process (PID=24901) to work on /home/airflow/.local/lib/python3.12/site-packages/airflow/example_dags/example_complex.py
[2024-09-26T13:40:15.381+0000] {processor.py:914} INFO - Processing file /home/airflow/.local/lib/python3.12/site-packages/airflow/example_dags/example_complex.py for tasks to queue
[2024-09-26T13:40:15.383+0000] {logging_mixin.py:190} INFO - [2024-09-26T13:40:15.382+0000] {dagbag.py:588} INFO - Filling up the DagBag from /home/airflow/.local/lib/python3.12/site-packages/airflow/example_dags/example_complex.py
[2024-09-26T13:40:15.392+0000] {processor.py:925} INFO - DAG(s) 'example_complex' retrieved from /home/airflow/.local/lib/python3.12/site-packages/airflow/example_dags/example_complex.py
[2024-09-26T13:40:15.420+0000] {logging_mixin.py:190} INFO - [2024-09-26T13:40:15.420+0000] {dag.py:3239} INFO - Sync 1 DAGs
[2024-09-26T13:40:15.432+0000] {logging_mixin.py:190} INFO - [2024-09-26T13:40:15.432+0000] {dag.py:4180} INFO - Setting next_dagrun for example_complex to None, run_after=None
[2024-09-26T13:40:15.446+0000] {processor.py:208} INFO - Processing /home/airflow/.local/lib/python3.12/site-packages/airflow/example_dags/example_complex.py took 0.071 seconds
[2024-09-26T13:40:45.682+0000] {processor.py:186} INFO - Started process (PID=25192) to work on /home/airflow/.local/lib/python3.12/site-packages/airflow/example_dags/example_complex.py
[2024-09-26T13:40:45.683+0000] {processor.py:914} INFO - Processing file /home/airflow/.local/lib/python3.12/site-packages/airflow/example_dags/example_complex.py for tasks to queue
[2024-09-26T13:40:45.684+0000] {logging_mixin.py:190} INFO - [2024-09-26T13:40:45.684+0000] {dagbag.py:588} INFO - Filling up the DagBag from /home/airflow/.local/lib/python3.12/site-packages/airflow/example_dags/example_complex.py
[2024-09-26T13:40:45.694+0000] {processor.py:925} INFO - DAG(s) 'example_complex' retrieved from /home/airflow/.local/lib/python3.12/site-packages/airflow/example_dags/example_complex.py
[2024-09-26T13:40:45.721+0000] {logging_mixin.py:190} INFO - [2024-09-26T13:40:45.721+0000] {dag.py:3239} INFO - Sync 1 DAGs
[2024-09-26T13:40:45.733+0000] {logging_mixin.py:190} INFO - [2024-09-26T13:40:45.733+0000] {dag.py:4180} INFO - Setting next_dagrun for example_complex to None, run_after=None
[2024-09-26T13:40:45.747+0000] {processor.py:208} INFO - Processing /home/airflow/.local/lib/python3.12/site-packages/airflow/example_dags/example_complex.py took 0.070 seconds
[2024-09-26T13:41:15.971+0000] {processor.py:186} INFO - Started process (PID=25483) to work on /home/airflow/.local/lib/python3.12/site-packages/airflow/example_dags/example_complex.py
[2024-09-26T13:41:15.971+0000] {processor.py:914} INFO - Processing file /home/airflow/.local/lib/python3.12/site-packages/airflow/example_dags/example_complex.py for tasks to queue
[2024-09-26T13:41:15.973+0000] {logging_mixin.py:190} INFO - [2024-09-26T13:41:15.973+0000] {dagbag.py:588} INFO - Filling up the DagBag from /home/airflow/.local/lib/python3.12/site-packages/airflow/example_dags/example_complex.py
[2024-09-26T13:41:15.983+0000] {processor.py:925} INFO - DAG(s) 'example_complex' retrieved from /home/airflow/.local/lib/python3.12/site-packages/airflow/example_dags/example_complex.py
[2024-09-26T13:41:16.010+0000] {logging_mixin.py:190} INFO - [2024-09-26T13:41:16.009+0000] {dag.py:3239} INFO - Sync 1 DAGs
[2024-09-26T13:41:16.022+0000] {logging_mixin.py:190} INFO - [2024-09-26T13:41:16.022+0000] {dag.py:4180} INFO - Setting next_dagrun for example_complex to None, run_after=None
[2024-09-26T13:41:16.036+0000] {processor.py:208} INFO - Processing /home/airflow/.local/lib/python3.12/site-packages/airflow/example_dags/example_complex.py took 0.070 seconds
[2024-09-26T13:41:46.186+0000] {processor.py:186} INFO - Started process (PID=25774) to work on /home/airflow/.local/lib/python3.12/site-packages/airflow/example_dags/example_complex.py
[2024-09-26T13:41:46.187+0000] {processor.py:914} INFO - Processing file /home/airflow/.local/lib/python3.12/site-packages/airflow/example_dags/example_complex.py for tasks to queue
[2024-09-26T13:41:46.189+0000] {logging_mixin.py:190} INFO - [2024-09-26T13:41:46.188+0000] {dagbag.py:588} INFO - Filling up the DagBag from /home/airflow/.local/lib/python3.12/site-packages/airflow/example_dags/example_complex.py
[2024-09-26T13:41:46.199+0000] {processor.py:925} INFO - DAG(s) 'example_complex' retrieved from /home/airflow/.local/lib/python3.12/site-packages/airflow/example_dags/example_complex.py
[2024-09-26T13:41:46.225+0000] {logging_mixin.py:190} INFO - [2024-09-26T13:41:46.225+0000] {dag.py:3239} INFO - Sync 1 DAGs
[2024-09-26T13:41:46.238+0000] {logging_mixin.py:190} INFO - [2024-09-26T13:41:46.238+0000] {dag.py:4180} INFO - Setting next_dagrun for example_complex to None, run_after=None
[2024-09-26T13:41:46.252+0000] {processor.py:208} INFO - Processing /home/airflow/.local/lib/python3.12/site-packages/airflow/example_dags/example_complex.py took 0.071 seconds
[2024-09-26T13:42:16.656+0000] {processor.py:186} INFO - Started process (PID=26065) to work on /home/airflow/.local/lib/python3.12/site-packages/airflow/example_dags/example_complex.py
[2024-09-26T13:42:16.656+0000] {processor.py:914} INFO - Processing file /home/airflow/.local/lib/python3.12/site-packages/airflow/example_dags/example_complex.py for tasks to queue
[2024-09-26T13:42:16.658+0000] {logging_mixin.py:190} INFO - [2024-09-26T13:42:16.658+0000] {dagbag.py:588} INFO - Filling up the DagBag from /home/airflow/.local/lib/python3.12/site-packages/airflow/example_dags/example_complex.py
[2024-09-26T13:42:16.668+0000] {processor.py:925} INFO - DAG(s) 'example_complex' retrieved from /home/airflow/.local/lib/python3.12/site-packages/airflow/example_dags/example_complex.py
[2024-09-26T13:42:16.695+0000] {logging_mixin.py:190} INFO - [2024-09-26T13:42:16.694+0000] {dag.py:3239} INFO - Sync 1 DAGs
[2024-09-26T13:42:16.706+0000] {logging_mixin.py:190} INFO - [2024-09-26T13:42:16.706+0000] {dag.py:4180} INFO - Setting next_dagrun for example_complex to None, run_after=None
[2024-09-26T13:42:16.721+0000] {processor.py:208} INFO - Processing /home/airflow/.local/lib/python3.12/site-packages/airflow/example_dags/example_complex.py took 0.070 seconds
[2024-09-26T13:42:47.008+0000] {processor.py:186} INFO - Started process (PID=26356) to work on /home/airflow/.local/lib/python3.12/site-packages/airflow/example_dags/example_complex.py
[2024-09-26T13:42:47.009+0000] {processor.py:914} INFO - Processing file /home/airflow/.local/lib/python3.12/site-packages/airflow/example_dags/example_complex.py for tasks to queue
[2024-09-26T13:42:47.011+0000] {logging_mixin.py:190} INFO - [2024-09-26T13:42:47.011+0000] {dagbag.py:588} INFO - Filling up the DagBag from /home/airflow/.local/lib/python3.12/site-packages/airflow/example_dags/example_complex.py
[2024-09-26T13:42:47.021+0000] {processor.py:925} INFO - DAG(s) 'example_complex' retrieved from /home/airflow/.local/lib/python3.12/site-packages/airflow/example_dags/example_complex.py
[2024-09-26T13:42:47.047+0000] {logging_mixin.py:190} INFO - [2024-09-26T13:42:47.047+0000] {dag.py:3239} INFO - Sync 1 DAGs
[2024-09-26T13:42:47.059+0000] {logging_mixin.py:190} INFO - [2024-09-26T13:42:47.059+0000] {dag.py:4180} INFO - Setting next_dagrun for example_complex to None, run_after=None
[2024-09-26T13:42:47.073+0000] {processor.py:208} INFO - Processing /home/airflow/.local/lib/python3.12/site-packages/airflow/example_dags/example_complex.py took 0.070 seconds
[2024-09-26T13:43:17.146+0000] {processor.py:186} INFO - Started process (PID=26647) to work on /home/airflow/.local/lib/python3.12/site-packages/airflow/example_dags/example_complex.py
[2024-09-26T13:43:17.147+0000] {processor.py:914} INFO - Processing file /home/airflow/.local/lib/python3.12/site-packages/airflow/example_dags/example_complex.py for tasks to queue
[2024-09-26T13:43:17.149+0000] {logging_mixin.py:190} INFO - [2024-09-26T13:43:17.149+0000] {dagbag.py:588} INFO - Filling up the DagBag from /home/airflow/.local/lib/python3.12/site-packages/airflow/example_dags/example_complex.py
[2024-09-26T13:43:17.159+0000] {processor.py:925} INFO - DAG(s) 'example_complex' retrieved from /home/airflow/.local/lib/python3.12/site-packages/airflow/example_dags/example_complex.py
[2024-09-26T13:43:17.186+0000] {logging_mixin.py:190} INFO - [2024-09-26T13:43:17.185+0000] {dag.py:3239} INFO - Sync 1 DAGs
[2024-09-26T13:43:17.197+0000] {logging_mixin.py:190} INFO - [2024-09-26T13:43:17.197+0000] {dag.py:4180} INFO - Setting next_dagrun for example_complex to None, run_after=None
[2024-09-26T13:43:17.212+0000] {processor.py:208} INFO - Processing /home/airflow/.local/lib/python3.12/site-packages/airflow/example_dags/example_complex.py took 0.070 seconds
[2024-09-26T13:43:47.357+0000] {processor.py:186} INFO - Started process (PID=26938) to work on /home/airflow/.local/lib/python3.12/site-packages/airflow/example_dags/example_complex.py
[2024-09-26T13:43:47.358+0000] {processor.py:914} INFO - Processing file /home/airflow/.local/lib/python3.12/site-packages/airflow/example_dags/example_complex.py for tasks to queue
[2024-09-26T13:43:47.360+0000] {logging_mixin.py:190} INFO - [2024-09-26T13:43:47.360+0000] {dagbag.py:588} INFO - Filling up the DagBag from /home/airflow/.local/lib/python3.12/site-packages/airflow/example_dags/example_complex.py
[2024-09-26T13:43:47.370+0000] {processor.py:925} INFO - DAG(s) 'example_complex' retrieved from /home/airflow/.local/lib/python3.12/site-packages/airflow/example_dags/example_complex.py
[2024-09-26T13:43:47.395+0000] {logging_mixin.py:190} INFO - [2024-09-26T13:43:47.395+0000] {dag.py:3239} INFO - Sync 1 DAGs
[2024-09-26T13:43:47.407+0000] {logging_mixin.py:190} INFO - [2024-09-26T13:43:47.407+0000] {dag.py:4180} INFO - Setting next_dagrun for example_complex to None, run_after=None
[2024-09-26T13:43:47.422+0000] {processor.py:208} INFO - Processing /home/airflow/.local/lib/python3.12/site-packages/airflow/example_dags/example_complex.py took 0.069 seconds
[2024-09-26T13:44:17.565+0000] {processor.py:186} INFO - Started process (PID=27229) to work on /home/airflow/.local/lib/python3.12/site-packages/airflow/example_dags/example_complex.py
[2024-09-26T13:44:17.566+0000] {processor.py:914} INFO - Processing file /home/airflow/.local/lib/python3.12/site-packages/airflow/example_dags/example_complex.py for tasks to queue
[2024-09-26T13:44:17.568+0000] {logging_mixin.py:190} INFO - [2024-09-26T13:44:17.568+0000] {dagbag.py:588} INFO - Filling up the DagBag from /home/airflow/.local/lib/python3.12/site-packages/airflow/example_dags/example_complex.py
[2024-09-26T13:44:17.578+0000] {processor.py:925} INFO - DAG(s) 'example_complex' retrieved from /home/airflow/.local/lib/python3.12/site-packages/airflow/example_dags/example_complex.py
[2024-09-26T13:44:17.606+0000] {logging_mixin.py:190} INFO - [2024-09-26T13:44:17.606+0000] {dag.py:3239} INFO - Sync 1 DAGs
[2024-09-26T13:44:17.618+0000] {logging_mixin.py:190} INFO - [2024-09-26T13:44:17.618+0000] {dag.py:4180} INFO - Setting next_dagrun for example_complex to None, run_after=None
[2024-09-26T13:44:17.633+0000] {processor.py:208} INFO - Processing /home/airflow/.local/lib/python3.12/site-packages/airflow/example_dags/example_complex.py took 0.072 seconds
[2024-09-26T13:44:47.814+0000] {processor.py:186} INFO - Started process (PID=27520) to work on /home/airflow/.local/lib/python3.12/site-packages/airflow/example_dags/example_complex.py
[2024-09-26T13:44:47.815+0000] {processor.py:914} INFO - Processing file /home/airflow/.local/lib/python3.12/site-packages/airflow/example_dags/example_complex.py for tasks to queue
[2024-09-26T13:44:47.816+0000] {logging_mixin.py:190} INFO - [2024-09-26T13:44:47.816+0000] {dagbag.py:588} INFO - Filling up the DagBag from /home/airflow/.local/lib/python3.12/site-packages/airflow/example_dags/example_complex.py
[2024-09-26T13:44:47.827+0000] {processor.py:925} INFO - DAG(s) 'example_complex' retrieved from /home/airflow/.local/lib/python3.12/site-packages/airflow/example_dags/example_complex.py
[2024-09-26T13:44:47.852+0000] {logging_mixin.py:190} INFO - [2024-09-26T13:44:47.852+0000] {dag.py:3239} INFO - Sync 1 DAGs
[2024-09-26T13:44:47.864+0000] {logging_mixin.py:190} INFO - [2024-09-26T13:44:47.864+0000] {dag.py:4180} INFO - Setting next_dagrun for example_complex to None, run_after=None
[2024-09-26T13:44:47.879+0000] {processor.py:208} INFO - Processing /home/airflow/.local/lib/python3.12/site-packages/airflow/example_dags/example_complex.py took 0.069 seconds
[2024-09-26T13:45:18.782+0000] {processor.py:186} INFO - Started process (PID=27812) to work on /home/airflow/.local/lib/python3.12/site-packages/airflow/example_dags/example_complex.py
[2024-09-26T13:45:18.783+0000] {processor.py:914} INFO - Processing file /home/airflow/.local/lib/python3.12/site-packages/airflow/example_dags/example_complex.py for tasks to queue
[2024-09-26T13:45:18.785+0000] {logging_mixin.py:190} INFO - [2024-09-26T13:45:18.784+0000] {dagbag.py:588} INFO - Filling up the DagBag from /home/airflow/.local/lib/python3.12/site-packages/airflow/example_dags/example_complex.py
[2024-09-26T13:45:18.795+0000] {processor.py:925} INFO - DAG(s) 'example_complex' retrieved from /home/airflow/.local/lib/python3.12/site-packages/airflow/example_dags/example_complex.py
[2024-09-26T13:45:18.821+0000] {logging_mixin.py:190} INFO - [2024-09-26T13:45:18.821+0000] {dag.py:3239} INFO - Sync 1 DAGs
[2024-09-26T13:45:18.833+0000] {logging_mixin.py:190} INFO - [2024-09-26T13:45:18.833+0000] {dag.py:4180} INFO - Setting next_dagrun for example_complex to None, run_after=None
[2024-09-26T13:45:18.848+0000] {processor.py:208} INFO - Processing /home/airflow/.local/lib/python3.12/site-packages/airflow/example_dags/example_complex.py took 0.070 seconds
[2024-09-26T13:45:49.740+0000] {processor.py:186} INFO - Started process (PID=28103) to work on /home/airflow/.local/lib/python3.12/site-packages/airflow/example_dags/example_complex.py
[2024-09-26T13:45:49.741+0000] {processor.py:914} INFO - Processing file /home/airflow/.local/lib/python3.12/site-packages/airflow/example_dags/example_complex.py for tasks to queue
[2024-09-26T13:45:49.743+0000] {logging_mixin.py:190} INFO - [2024-09-26T13:45:49.743+0000] {dagbag.py:588} INFO - Filling up the DagBag from /home/airflow/.local/lib/python3.12/site-packages/airflow/example_dags/example_complex.py
[2024-09-26T13:45:49.754+0000] {processor.py:925} INFO - DAG(s) 'example_complex' retrieved from /home/airflow/.local/lib/python3.12/site-packages/airflow/example_dags/example_complex.py
[2024-09-26T13:45:49.780+0000] {logging_mixin.py:190} INFO - [2024-09-26T13:45:49.780+0000] {dag.py:3239} INFO - Sync 1 DAGs
[2024-09-26T13:45:49.793+0000] {logging_mixin.py:190} INFO - [2024-09-26T13:45:49.792+0000] {dag.py:4180} INFO - Setting next_dagrun for example_complex to None, run_after=None
[2024-09-26T13:45:49.807+0000] {processor.py:208} INFO - Processing /home/airflow/.local/lib/python3.12/site-packages/airflow/example_dags/example_complex.py took 0.071 seconds
[2024-09-26T13:46:20.042+0000] {processor.py:186} INFO - Started process (PID=28394) to work on /home/airflow/.local/lib/python3.12/site-packages/airflow/example_dags/example_complex.py
[2024-09-26T13:46:20.042+0000] {processor.py:914} INFO - Processing file /home/airflow/.local/lib/python3.12/site-packages/airflow/example_dags/example_complex.py for tasks to queue
[2024-09-26T13:46:20.044+0000] {logging_mixin.py:190} INFO - [2024-09-26T13:46:20.044+0000] {dagbag.py:588} INFO - Filling up the DagBag from /home/airflow/.local/lib/python3.12/site-packages/airflow/example_dags/example_complex.py
[2024-09-26T13:46:20.054+0000] {processor.py:925} INFO - DAG(s) 'example_complex' retrieved from /home/airflow/.local/lib/python3.12/site-packages/airflow/example_dags/example_complex.py
[2024-09-26T13:46:20.080+0000] {logging_mixin.py:190} INFO - [2024-09-26T13:46:20.080+0000] {dag.py:3239} INFO - Sync 1 DAGs
[2024-09-26T13:46:20.092+0000] {logging_mixin.py:190} INFO - [2024-09-26T13:46:20.092+0000] {dag.py:4180} INFO - Setting next_dagrun for example_complex to None, run_after=None
[2024-09-26T13:46:20.106+0000] {processor.py:208} INFO - Processing /home/airflow/.local/lib/python3.12/site-packages/airflow/example_dags/example_complex.py took 0.069 seconds
[2024-09-26T13:46:50.278+0000] {processor.py:186} INFO - Started process (PID=28685) to work on /home/airflow/.local/lib/python3.12/site-packages/airflow/example_dags/example_complex.py
[2024-09-26T13:46:50.279+0000] {processor.py:914} INFO - Processing file /home/airflow/.local/lib/python3.12/site-packages/airflow/example_dags/example_complex.py for tasks to queue
[2024-09-26T13:46:50.281+0000] {logging_mixin.py:190} INFO - [2024-09-26T13:46:50.280+0000] {dagbag.py:588} INFO - Filling up the DagBag from /home/airflow/.local/lib/python3.12/site-packages/airflow/example_dags/example_complex.py
[2024-09-26T13:46:50.291+0000] {processor.py:925} INFO - DAG(s) 'example_complex' retrieved from /home/airflow/.local/lib/python3.12/site-packages/airflow/example_dags/example_complex.py
[2024-09-26T13:46:50.317+0000] {logging_mixin.py:190} INFO - [2024-09-26T13:46:50.317+0000] {dag.py:3239} INFO - Sync 1 DAGs
[2024-09-26T13:46:50.329+0000] {logging_mixin.py:190} INFO - [2024-09-26T13:46:50.329+0000] {dag.py:4180} INFO - Setting next_dagrun for example_complex to None, run_after=None
[2024-09-26T13:46:50.343+0000] {processor.py:208} INFO - Processing /home/airflow/.local/lib/python3.12/site-packages/airflow/example_dags/example_complex.py took 0.070 seconds
[2024-09-26T13:47:20.453+0000] {processor.py:186} INFO - Started process (PID=28976) to work on /home/airflow/.local/lib/python3.12/site-packages/airflow/example_dags/example_complex.py
[2024-09-26T13:47:20.454+0000] {processor.py:914} INFO - Processing file /home/airflow/.local/lib/python3.12/site-packages/airflow/example_dags/example_complex.py for tasks to queue
[2024-09-26T13:47:20.455+0000] {logging_mixin.py:190} INFO - [2024-09-26T13:47:20.455+0000] {dagbag.py:588} INFO - Filling up the DagBag from /home/airflow/.local/lib/python3.12/site-packages/airflow/example_dags/example_complex.py
[2024-09-26T13:47:20.465+0000] {processor.py:925} INFO - DAG(s) 'example_complex' retrieved from /home/airflow/.local/lib/python3.12/site-packages/airflow/example_dags/example_complex.py
[2024-09-26T13:47:20.492+0000] {logging_mixin.py:190} INFO - [2024-09-26T13:47:20.491+0000] {dag.py:3239} INFO - Sync 1 DAGs
[2024-09-26T13:47:20.503+0000] {logging_mixin.py:190} INFO - [2024-09-26T13:47:20.503+0000] {dag.py:4180} INFO - Setting next_dagrun for example_complex to None, run_after=None
[2024-09-26T13:47:20.517+0000] {processor.py:208} INFO - Processing /home/airflow/.local/lib/python3.12/site-packages/airflow/example_dags/example_complex.py took 0.068 seconds
