[2024-09-26T13:25:07.540+0000] {processor.py:186} INFO - Started process (PID=16386) to work on /home/airflow/.local/lib/python3.12/site-packages/airflow/example_dags/example_external_task_marker_dag.py
[2024-09-26T13:25:07.541+0000] {processor.py:914} INFO - Processing file /home/airflow/.local/lib/python3.12/site-packages/airflow/example_dags/example_external_task_marker_dag.py for tasks to queue
[2024-09-26T13:25:07.542+0000] {logging_mixin.py:190} INFO - [2024-09-26T13:25:07.542+0000] {dagbag.py:588} INFO - Filling up the DagBag from /home/airflow/.local/lib/python3.12/site-packages/airflow/example_dags/example_external_task_marker_dag.py
[2024-09-26T13:25:07.548+0000] {processor.py:925} INFO - DAG(s) 'example_external_task_marker_parent', 'example_external_task_marker_child' retrieved from /home/airflow/.local/lib/python3.12/site-packages/airflow/example_dags/example_external_task_marker_dag.py
[2024-09-26T13:25:07.566+0000] {logging_mixin.py:190} INFO - [2024-09-26T13:25:07.566+0000] {dag.py:3239} INFO - Sync 2 DAGs
[2024-09-26T13:25:07.580+0000] {logging_mixin.py:190} INFO - [2024-09-26T13:25:07.580+0000] {dag.py:4180} INFO - Setting next_dagrun for example_external_task_marker_child to None, run_after=None
[2024-09-26T13:25:07.583+0000] {logging_mixin.py:190} INFO - [2024-09-26T13:25:07.583+0000] {dag.py:4180} INFO - Setting next_dagrun for example_external_task_marker_parent to None, run_after=None
[2024-09-26T13:25:07.599+0000] {processor.py:208} INFO - Processing /home/airflow/.local/lib/python3.12/site-packages/airflow/example_dags/example_external_task_marker_dag.py took 0.064 seconds
[2024-09-26T13:25:38.133+0000] {processor.py:186} INFO - Started process (PID=16670) to work on /home/airflow/.local/lib/python3.12/site-packages/airflow/example_dags/example_external_task_marker_dag.py
[2024-09-26T13:25:38.133+0000] {processor.py:914} INFO - Processing file /home/airflow/.local/lib/python3.12/site-packages/airflow/example_dags/example_external_task_marker_dag.py for tasks to queue
[2024-09-26T13:25:38.135+0000] {logging_mixin.py:190} INFO - [2024-09-26T13:25:38.135+0000] {dagbag.py:588} INFO - Filling up the DagBag from /home/airflow/.local/lib/python3.12/site-packages/airflow/example_dags/example_external_task_marker_dag.py
[2024-09-26T13:25:38.141+0000] {processor.py:925} INFO - DAG(s) 'example_external_task_marker_child', 'example_external_task_marker_parent' retrieved from /home/airflow/.local/lib/python3.12/site-packages/airflow/example_dags/example_external_task_marker_dag.py
[2024-09-26T13:25:38.158+0000] {logging_mixin.py:190} INFO - [2024-09-26T13:25:38.158+0000] {dag.py:3239} INFO - Sync 2 DAGs
[2024-09-26T13:25:38.170+0000] {logging_mixin.py:190} INFO - [2024-09-26T13:25:38.170+0000] {dag.py:4180} INFO - Setting next_dagrun for example_external_task_marker_child to None, run_after=None
[2024-09-26T13:25:38.174+0000] {logging_mixin.py:190} INFO - [2024-09-26T13:25:38.173+0000] {dag.py:4180} INFO - Setting next_dagrun for example_external_task_marker_parent to None, run_after=None
[2024-09-26T13:25:38.187+0000] {processor.py:208} INFO - Processing /home/airflow/.local/lib/python3.12/site-packages/airflow/example_dags/example_external_task_marker_dag.py took 0.059 seconds
[2024-09-26T13:26:08.509+0000] {processor.py:186} INFO - Started process (PID=16956) to work on /home/airflow/.local/lib/python3.12/site-packages/airflow/example_dags/example_external_task_marker_dag.py
[2024-09-26T13:26:08.510+0000] {processor.py:914} INFO - Processing file /home/airflow/.local/lib/python3.12/site-packages/airflow/example_dags/example_external_task_marker_dag.py for tasks to queue
[2024-09-26T13:26:08.512+0000] {logging_mixin.py:190} INFO - [2024-09-26T13:26:08.511+0000] {dagbag.py:588} INFO - Filling up the DagBag from /home/airflow/.local/lib/python3.12/site-packages/airflow/example_dags/example_external_task_marker_dag.py
[2024-09-26T13:26:08.518+0000] {processor.py:925} INFO - DAG(s) 'example_external_task_marker_child', 'example_external_task_marker_parent' retrieved from /home/airflow/.local/lib/python3.12/site-packages/airflow/example_dags/example_external_task_marker_dag.py
[2024-09-26T13:26:08.535+0000] {logging_mixin.py:190} INFO - [2024-09-26T13:26:08.535+0000] {dag.py:3239} INFO - Sync 2 DAGs
[2024-09-26T13:26:08.547+0000] {logging_mixin.py:190} INFO - [2024-09-26T13:26:08.547+0000] {dag.py:4180} INFO - Setting next_dagrun for example_external_task_marker_child to None, run_after=None
[2024-09-26T13:26:08.551+0000] {logging_mixin.py:190} INFO - [2024-09-26T13:26:08.551+0000] {dag.py:4180} INFO - Setting next_dagrun for example_external_task_marker_parent to None, run_after=None
[2024-09-26T13:26:08.564+0000] {processor.py:208} INFO - Processing /home/airflow/.local/lib/python3.12/site-packages/airflow/example_dags/example_external_task_marker_dag.py took 0.060 seconds
[2024-09-26T13:26:39.011+0000] {processor.py:186} INFO - Started process (PID=17242) to work on /home/airflow/.local/lib/python3.12/site-packages/airflow/example_dags/example_external_task_marker_dag.py
[2024-09-26T13:26:39.012+0000] {processor.py:914} INFO - Processing file /home/airflow/.local/lib/python3.12/site-packages/airflow/example_dags/example_external_task_marker_dag.py for tasks to queue
[2024-09-26T13:26:39.014+0000] {logging_mixin.py:190} INFO - [2024-09-26T13:26:39.013+0000] {dagbag.py:588} INFO - Filling up the DagBag from /home/airflow/.local/lib/python3.12/site-packages/airflow/example_dags/example_external_task_marker_dag.py
[2024-09-26T13:26:39.019+0000] {processor.py:925} INFO - DAG(s) 'example_external_task_marker_parent', 'example_external_task_marker_child' retrieved from /home/airflow/.local/lib/python3.12/site-packages/airflow/example_dags/example_external_task_marker_dag.py
[2024-09-26T13:26:39.037+0000] {logging_mixin.py:190} INFO - [2024-09-26T13:26:39.037+0000] {dag.py:3239} INFO - Sync 2 DAGs
[2024-09-26T13:26:39.049+0000] {logging_mixin.py:190} INFO - [2024-09-26T13:26:39.049+0000] {dag.py:4180} INFO - Setting next_dagrun for example_external_task_marker_child to None, run_after=None
[2024-09-26T13:26:39.053+0000] {logging_mixin.py:190} INFO - [2024-09-26T13:26:39.052+0000] {dag.py:4180} INFO - Setting next_dagrun for example_external_task_marker_parent to None, run_after=None
[2024-09-26T13:26:39.065+0000] {processor.py:208} INFO - Processing /home/airflow/.local/lib/python3.12/site-packages/airflow/example_dags/example_external_task_marker_dag.py took 0.058 seconds
[2024-09-26T13:27:09.498+0000] {processor.py:186} INFO - Started process (PID=17523) to work on /home/airflow/.local/lib/python3.12/site-packages/airflow/example_dags/example_external_task_marker_dag.py
[2024-09-26T13:27:09.499+0000] {processor.py:914} INFO - Processing file /home/airflow/.local/lib/python3.12/site-packages/airflow/example_dags/example_external_task_marker_dag.py for tasks to queue
[2024-09-26T13:27:09.500+0000] {logging_mixin.py:190} INFO - [2024-09-26T13:27:09.500+0000] {dagbag.py:588} INFO - Filling up the DagBag from /home/airflow/.local/lib/python3.12/site-packages/airflow/example_dags/example_external_task_marker_dag.py
[2024-09-26T13:27:09.506+0000] {processor.py:925} INFO - DAG(s) 'example_external_task_marker_parent', 'example_external_task_marker_child' retrieved from /home/airflow/.local/lib/python3.12/site-packages/airflow/example_dags/example_external_task_marker_dag.py
[2024-09-26T13:27:09.523+0000] {logging_mixin.py:190} INFO - [2024-09-26T13:27:09.523+0000] {dag.py:3239} INFO - Sync 2 DAGs
[2024-09-26T13:27:09.536+0000] {logging_mixin.py:190} INFO - [2024-09-26T13:27:09.536+0000] {dag.py:4180} INFO - Setting next_dagrun for example_external_task_marker_child to None, run_after=None
[2024-09-26T13:27:09.539+0000] {logging_mixin.py:190} INFO - [2024-09-26T13:27:09.539+0000] {dag.py:4180} INFO - Setting next_dagrun for example_external_task_marker_parent to None, run_after=None
[2024-09-26T13:27:09.552+0000] {processor.py:208} INFO - Processing /home/airflow/.local/lib/python3.12/site-packages/airflow/example_dags/example_external_task_marker_dag.py took 0.058 seconds
[2024-09-26T13:27:40.587+0000] {processor.py:186} INFO - Started process (PID=17809) to work on /home/airflow/.local/lib/python3.12/site-packages/airflow/example_dags/example_external_task_marker_dag.py
[2024-09-26T13:27:40.588+0000] {processor.py:914} INFO - Processing file /home/airflow/.local/lib/python3.12/site-packages/airflow/example_dags/example_external_task_marker_dag.py for tasks to queue
[2024-09-26T13:27:40.590+0000] {logging_mixin.py:190} INFO - [2024-09-26T13:27:40.590+0000] {dagbag.py:588} INFO - Filling up the DagBag from /home/airflow/.local/lib/python3.12/site-packages/airflow/example_dags/example_external_task_marker_dag.py
[2024-09-26T13:27:40.596+0000] {processor.py:925} INFO - DAG(s) 'example_external_task_marker_parent', 'example_external_task_marker_child' retrieved from /home/airflow/.local/lib/python3.12/site-packages/airflow/example_dags/example_external_task_marker_dag.py
[2024-09-26T13:27:40.615+0000] {logging_mixin.py:190} INFO - [2024-09-26T13:27:40.615+0000] {dag.py:3239} INFO - Sync 2 DAGs
[2024-09-26T13:27:40.629+0000] {logging_mixin.py:190} INFO - [2024-09-26T13:27:40.628+0000] {dag.py:4180} INFO - Setting next_dagrun for example_external_task_marker_child to None, run_after=None
[2024-09-26T13:27:40.632+0000] {logging_mixin.py:190} INFO - [2024-09-26T13:27:40.632+0000] {dag.py:4180} INFO - Setting next_dagrun for example_external_task_marker_parent to None, run_after=None
[2024-09-26T13:27:40.649+0000] {processor.py:208} INFO - Processing /home/airflow/.local/lib/python3.12/site-packages/airflow/example_dags/example_external_task_marker_dag.py took 0.067 seconds
[2024-09-26T13:28:11.833+0000] {processor.py:186} INFO - Started process (PID=18100) to work on /home/airflow/.local/lib/python3.12/site-packages/airflow/example_dags/example_external_task_marker_dag.py
[2024-09-26T13:28:11.834+0000] {processor.py:914} INFO - Processing file /home/airflow/.local/lib/python3.12/site-packages/airflow/example_dags/example_external_task_marker_dag.py for tasks to queue
[2024-09-26T13:28:11.836+0000] {logging_mixin.py:190} INFO - [2024-09-26T13:28:11.835+0000] {dagbag.py:588} INFO - Filling up the DagBag from /home/airflow/.local/lib/python3.12/site-packages/airflow/example_dags/example_external_task_marker_dag.py
[2024-09-26T13:28:11.841+0000] {processor.py:925} INFO - DAG(s) 'example_external_task_marker_parent', 'example_external_task_marker_child' retrieved from /home/airflow/.local/lib/python3.12/site-packages/airflow/example_dags/example_external_task_marker_dag.py
[2024-09-26T13:28:11.860+0000] {logging_mixin.py:190} INFO - [2024-09-26T13:28:11.860+0000] {dag.py:3239} INFO - Sync 2 DAGs
[2024-09-26T13:28:11.875+0000] {logging_mixin.py:190} INFO - [2024-09-26T13:28:11.875+0000] {dag.py:4180} INFO - Setting next_dagrun for example_external_task_marker_child to None, run_after=None
[2024-09-26T13:28:11.878+0000] {logging_mixin.py:190} INFO - [2024-09-26T13:28:11.878+0000] {dag.py:4180} INFO - Setting next_dagrun for example_external_task_marker_parent to None, run_after=None
[2024-09-26T13:28:11.892+0000] {processor.py:208} INFO - Processing /home/airflow/.local/lib/python3.12/site-packages/airflow/example_dags/example_external_task_marker_dag.py took 0.063 seconds
[2024-09-26T13:28:42.727+0000] {processor.py:186} INFO - Started process (PID=18386) to work on /home/airflow/.local/lib/python3.12/site-packages/airflow/example_dags/example_external_task_marker_dag.py
[2024-09-26T13:28:42.728+0000] {processor.py:914} INFO - Processing file /home/airflow/.local/lib/python3.12/site-packages/airflow/example_dags/example_external_task_marker_dag.py for tasks to queue
[2024-09-26T13:28:42.730+0000] {logging_mixin.py:190} INFO - [2024-09-26T13:28:42.730+0000] {dagbag.py:588} INFO - Filling up the DagBag from /home/airflow/.local/lib/python3.12/site-packages/airflow/example_dags/example_external_task_marker_dag.py
[2024-09-26T13:28:42.737+0000] {processor.py:925} INFO - DAG(s) 'example_external_task_marker_child', 'example_external_task_marker_parent' retrieved from /home/airflow/.local/lib/python3.12/site-packages/airflow/example_dags/example_external_task_marker_dag.py
[2024-09-26T13:28:42.755+0000] {logging_mixin.py:190} INFO - [2024-09-26T13:28:42.754+0000] {dag.py:3239} INFO - Sync 2 DAGs
[2024-09-26T13:28:42.768+0000] {logging_mixin.py:190} INFO - [2024-09-26T13:28:42.767+0000] {dag.py:4180} INFO - Setting next_dagrun for example_external_task_marker_child to None, run_after=None
[2024-09-26T13:28:42.771+0000] {logging_mixin.py:190} INFO - [2024-09-26T13:28:42.771+0000] {dag.py:4180} INFO - Setting next_dagrun for example_external_task_marker_parent to None, run_after=None
[2024-09-26T13:28:42.784+0000] {processor.py:208} INFO - Processing /home/airflow/.local/lib/python3.12/site-packages/airflow/example_dags/example_external_task_marker_dag.py took 0.062 seconds
[2024-09-26T13:29:13.048+0000] {processor.py:186} INFO - Started process (PID=18672) to work on /home/airflow/.local/lib/python3.12/site-packages/airflow/example_dags/example_external_task_marker_dag.py
[2024-09-26T13:29:13.049+0000] {processor.py:914} INFO - Processing file /home/airflow/.local/lib/python3.12/site-packages/airflow/example_dags/example_external_task_marker_dag.py for tasks to queue
[2024-09-26T13:29:13.052+0000] {logging_mixin.py:190} INFO - [2024-09-26T13:29:13.052+0000] {dagbag.py:588} INFO - Filling up the DagBag from /home/airflow/.local/lib/python3.12/site-packages/airflow/example_dags/example_external_task_marker_dag.py
[2024-09-26T13:29:13.060+0000] {processor.py:925} INFO - DAG(s) 'example_external_task_marker_parent', 'example_external_task_marker_child' retrieved from /home/airflow/.local/lib/python3.12/site-packages/airflow/example_dags/example_external_task_marker_dag.py
[2024-09-26T13:29:13.085+0000] {logging_mixin.py:190} INFO - [2024-09-26T13:29:13.084+0000] {dag.py:3239} INFO - Sync 2 DAGs
[2024-09-26T13:29:13.101+0000] {logging_mixin.py:190} INFO - [2024-09-26T13:29:13.101+0000] {dag.py:4180} INFO - Setting next_dagrun for example_external_task_marker_child to None, run_after=None
[2024-09-26T13:29:13.106+0000] {logging_mixin.py:190} INFO - [2024-09-26T13:29:13.106+0000] {dag.py:4180} INFO - Setting next_dagrun for example_external_task_marker_parent to None, run_after=None
[2024-09-26T13:29:13.125+0000] {processor.py:208} INFO - Processing /home/airflow/.local/lib/python3.12/site-packages/airflow/example_dags/example_external_task_marker_dag.py took 0.083 seconds
[2024-09-26T13:29:43.391+0000] {processor.py:186} INFO - Started process (PID=18960) to work on /home/airflow/.local/lib/python3.12/site-packages/airflow/example_dags/example_external_task_marker_dag.py
[2024-09-26T13:29:43.391+0000] {processor.py:914} INFO - Processing file /home/airflow/.local/lib/python3.12/site-packages/airflow/example_dags/example_external_task_marker_dag.py for tasks to queue
[2024-09-26T13:29:43.393+0000] {logging_mixin.py:190} INFO - [2024-09-26T13:29:43.393+0000] {dagbag.py:588} INFO - Filling up the DagBag from /home/airflow/.local/lib/python3.12/site-packages/airflow/example_dags/example_external_task_marker_dag.py
[2024-09-26T13:29:43.399+0000] {processor.py:925} INFO - DAG(s) 'example_external_task_marker_child', 'example_external_task_marker_parent' retrieved from /home/airflow/.local/lib/python3.12/site-packages/airflow/example_dags/example_external_task_marker_dag.py
[2024-09-26T13:29:43.417+0000] {logging_mixin.py:190} INFO - [2024-09-26T13:29:43.417+0000] {dag.py:3239} INFO - Sync 2 DAGs
[2024-09-26T13:29:43.429+0000] {logging_mixin.py:190} INFO - [2024-09-26T13:29:43.429+0000] {dag.py:4180} INFO - Setting next_dagrun for example_external_task_marker_child to None, run_after=None
[2024-09-26T13:29:43.433+0000] {logging_mixin.py:190} INFO - [2024-09-26T13:29:43.433+0000] {dag.py:4180} INFO - Setting next_dagrun for example_external_task_marker_parent to None, run_after=None
[2024-09-26T13:29:43.446+0000] {processor.py:208} INFO - Processing /home/airflow/.local/lib/python3.12/site-packages/airflow/example_dags/example_external_task_marker_dag.py took 0.060 seconds
[2024-09-26T13:30:13.523+0000] {processor.py:186} INFO - Started process (PID=19244) to work on /home/airflow/.local/lib/python3.12/site-packages/airflow/example_dags/example_external_task_marker_dag.py
[2024-09-26T13:30:13.524+0000] {processor.py:914} INFO - Processing file /home/airflow/.local/lib/python3.12/site-packages/airflow/example_dags/example_external_task_marker_dag.py for tasks to queue
[2024-09-26T13:30:13.525+0000] {logging_mixin.py:190} INFO - [2024-09-26T13:30:13.525+0000] {dagbag.py:588} INFO - Filling up the DagBag from /home/airflow/.local/lib/python3.12/site-packages/airflow/example_dags/example_external_task_marker_dag.py
[2024-09-26T13:30:13.531+0000] {processor.py:925} INFO - DAG(s) 'example_external_task_marker_parent', 'example_external_task_marker_child' retrieved from /home/airflow/.local/lib/python3.12/site-packages/airflow/example_dags/example_external_task_marker_dag.py
[2024-09-26T13:30:13.549+0000] {logging_mixin.py:190} INFO - [2024-09-26T13:30:13.549+0000] {dag.py:3239} INFO - Sync 2 DAGs
[2024-09-26T13:30:13.562+0000] {logging_mixin.py:190} INFO - [2024-09-26T13:30:13.562+0000] {dag.py:4180} INFO - Setting next_dagrun for example_external_task_marker_child to None, run_after=None
[2024-09-26T13:30:13.566+0000] {logging_mixin.py:190} INFO - [2024-09-26T13:30:13.566+0000] {dag.py:4180} INFO - Setting next_dagrun for example_external_task_marker_parent to None, run_after=None
[2024-09-26T13:30:13.581+0000] {processor.py:208} INFO - Processing /home/airflow/.local/lib/python3.12/site-packages/airflow/example_dags/example_external_task_marker_dag.py took 0.062 seconds
[2024-09-26T13:30:44.535+0000] {processor.py:186} INFO - Started process (PID=19536) to work on /home/airflow/.local/lib/python3.12/site-packages/airflow/example_dags/example_external_task_marker_dag.py
[2024-09-26T13:30:44.536+0000] {processor.py:914} INFO - Processing file /home/airflow/.local/lib/python3.12/site-packages/airflow/example_dags/example_external_task_marker_dag.py for tasks to queue
[2024-09-26T13:30:44.538+0000] {logging_mixin.py:190} INFO - [2024-09-26T13:30:44.538+0000] {dagbag.py:588} INFO - Filling up the DagBag from /home/airflow/.local/lib/python3.12/site-packages/airflow/example_dags/example_external_task_marker_dag.py
[2024-09-26T13:30:44.545+0000] {processor.py:925} INFO - DAG(s) 'example_external_task_marker_parent', 'example_external_task_marker_child' retrieved from /home/airflow/.local/lib/python3.12/site-packages/airflow/example_dags/example_external_task_marker_dag.py
[2024-09-26T13:30:44.565+0000] {logging_mixin.py:190} INFO - [2024-09-26T13:30:44.565+0000] {dag.py:3239} INFO - Sync 2 DAGs
[2024-09-26T13:30:44.583+0000] {logging_mixin.py:190} INFO - [2024-09-26T13:30:44.583+0000] {dag.py:4180} INFO - Setting next_dagrun for example_external_task_marker_child to None, run_after=None
[2024-09-26T13:30:44.587+0000] {logging_mixin.py:190} INFO - [2024-09-26T13:30:44.587+0000] {dag.py:4180} INFO - Setting next_dagrun for example_external_task_marker_parent to None, run_after=None
[2024-09-26T13:30:44.602+0000] {processor.py:208} INFO - Processing /home/airflow/.local/lib/python3.12/site-packages/airflow/example_dags/example_external_task_marker_dag.py took 0.072 seconds
[2024-09-26T13:31:15.402+0000] {processor.py:186} INFO - Started process (PID=19823) to work on /home/airflow/.local/lib/python3.12/site-packages/airflow/example_dags/example_external_task_marker_dag.py
[2024-09-26T13:31:15.403+0000] {processor.py:914} INFO - Processing file /home/airflow/.local/lib/python3.12/site-packages/airflow/example_dags/example_external_task_marker_dag.py for tasks to queue
[2024-09-26T13:31:15.405+0000] {logging_mixin.py:190} INFO - [2024-09-26T13:31:15.404+0000] {dagbag.py:588} INFO - Filling up the DagBag from /home/airflow/.local/lib/python3.12/site-packages/airflow/example_dags/example_external_task_marker_dag.py
[2024-09-26T13:31:15.413+0000] {processor.py:925} INFO - DAG(s) 'example_external_task_marker_child', 'example_external_task_marker_parent' retrieved from /home/airflow/.local/lib/python3.12/site-packages/airflow/example_dags/example_external_task_marker_dag.py
[2024-09-26T13:31:15.438+0000] {logging_mixin.py:190} INFO - [2024-09-26T13:31:15.437+0000] {dag.py:3239} INFO - Sync 2 DAGs
[2024-09-26T13:31:15.452+0000] {logging_mixin.py:190} INFO - [2024-09-26T13:31:15.452+0000] {dag.py:4180} INFO - Setting next_dagrun for example_external_task_marker_child to None, run_after=None
[2024-09-26T13:31:15.456+0000] {logging_mixin.py:190} INFO - [2024-09-26T13:31:15.456+0000] {dag.py:4180} INFO - Setting next_dagrun for example_external_task_marker_parent to None, run_after=None
[2024-09-26T13:31:15.468+0000] {processor.py:208} INFO - Processing /home/airflow/.local/lib/python3.12/site-packages/airflow/example_dags/example_external_task_marker_dag.py took 0.071 seconds
