[2024-09-26T12:56:32.460+0000] {processor.py:186} INFO - Started process (PID=280) to work on /home/airflow/.local/lib/python3.12/site-packages/airflow/example_dags/example_datasets.py
[2024-09-26T12:56:32.461+0000] {processor.py:914} INFO - Processing file /home/airflow/.local/lib/python3.12/site-packages/airflow/example_dags/example_datasets.py for tasks to queue
[2024-09-26T12:56:32.464+0000] {logging_mixin.py:190} INFO - [2024-09-26T12:56:32.463+0000] {dagbag.py:588} INFO - Filling up the DagBag from /home/airflow/.local/lib/python3.12/site-packages/airflow/example_dags/example_datasets.py
[2024-09-26T12:56:32.594+0000] {processor.py:925} INFO - DAG(s) 'dataset_consumes_1_and_2', 'dataset_consumes_1_never_scheduled', 'consume_1_or_both_2_and_3_with_dataset_expressions', 'conditional_dataset_and_time_based_timetable', 'consume_1_or_2_with_dataset_expressions', 'consume_1_and_2_with_dataset_expressions', 'dataset_consumes_unknown_never_scheduled', 'dataset_produces_2', 'dataset_consumes_1', 'dataset_produces_1' retrieved from /home/airflow/.local/lib/python3.12/site-packages/airflow/example_dags/example_datasets.py
[2024-09-26T12:56:32.634+0000] {logging_mixin.py:190} INFO - [2024-09-26T12:56:32.634+0000] {dag.py:3239} INFO - Sync 10 DAGs
[2024-09-26T12:56:32.661+0000] {logging_mixin.py:190} INFO - [2024-09-26T12:56:32.660+0000] {dag.py:4180} INFO - Setting next_dagrun for conditional_dataset_and_time_based_timetable to 2024-09-25 01:00:00+00:00, run_after=2024-09-25 01:00:00+00:00
[2024-09-26T12:56:32.664+0000] {logging_mixin.py:190} INFO - [2024-09-26T12:56:32.664+0000] {dag.py:4180} INFO - Setting next_dagrun for consume_1_and_2_with_dataset_expressions to None, run_after=None
[2024-09-26T12:56:32.666+0000] {logging_mixin.py:190} INFO - [2024-09-26T12:56:32.666+0000] {dag.py:4180} INFO - Setting next_dagrun for consume_1_or_2_with_dataset_expressions to None, run_after=None
[2024-09-26T12:56:32.667+0000] {logging_mixin.py:190} INFO - [2024-09-26T12:56:32.667+0000] {dag.py:4180} INFO - Setting next_dagrun for consume_1_or_both_2_and_3_with_dataset_expressions to None, run_after=None
[2024-09-26T12:56:32.668+0000] {logging_mixin.py:190} INFO - [2024-09-26T12:56:32.668+0000] {dag.py:4180} INFO - Setting next_dagrun for dataset_consumes_1 to None, run_after=None
[2024-09-26T12:56:32.669+0000] {logging_mixin.py:190} INFO - [2024-09-26T12:56:32.669+0000] {dag.py:4180} INFO - Setting next_dagrun for dataset_consumes_1_and_2 to None, run_after=None
[2024-09-26T12:56:32.670+0000] {logging_mixin.py:190} INFO - [2024-09-26T12:56:32.670+0000] {dag.py:4180} INFO - Setting next_dagrun for dataset_consumes_1_never_scheduled to None, run_after=None
[2024-09-26T12:56:32.671+0000] {logging_mixin.py:190} INFO - [2024-09-26T12:56:32.671+0000] {dag.py:4180} INFO - Setting next_dagrun for dataset_consumes_unknown_never_scheduled to None, run_after=None
[2024-09-26T12:56:32.674+0000] {logging_mixin.py:190} INFO - [2024-09-26T12:56:32.674+0000] {dag.py:4180} INFO - Setting next_dagrun for dataset_produces_1 to 2024-09-25 00:00:00+00:00, run_after=2024-09-26 00:00:00+00:00
[2024-09-26T12:56:32.675+0000] {logging_mixin.py:190} INFO - [2024-09-26T12:56:32.675+0000] {dag.py:4180} INFO - Setting next_dagrun for dataset_produces_2 to None, run_after=None
[2024-09-26T12:56:32.702+0000] {processor.py:208} INFO - Processing /home/airflow/.local/lib/python3.12/site-packages/airflow/example_dags/example_datasets.py took 0.248 seconds
[2024-09-26T12:57:02.909+0000] {processor.py:186} INFO - Started process (PID=578) to work on /home/airflow/.local/lib/python3.12/site-packages/airflow/example_dags/example_datasets.py
[2024-09-26T12:57:02.910+0000] {processor.py:914} INFO - Processing file /home/airflow/.local/lib/python3.12/site-packages/airflow/example_dags/example_datasets.py for tasks to queue
[2024-09-26T12:57:02.911+0000] {logging_mixin.py:190} INFO - [2024-09-26T12:57:02.911+0000] {dagbag.py:588} INFO - Filling up the DagBag from /home/airflow/.local/lib/python3.12/site-packages/airflow/example_dags/example_datasets.py
[2024-09-26T12:57:03.013+0000] {processor.py:925} INFO - DAG(s) 'dataset_produces_1', 'consume_1_or_2_with_dataset_expressions', 'dataset_consumes_1', 'conditional_dataset_and_time_based_timetable', 'dataset_consumes_unknown_never_scheduled', 'dataset_consumes_1_never_scheduled', 'dataset_produces_2', 'consume_1_and_2_with_dataset_expressions', 'dataset_consumes_1_and_2', 'consume_1_or_both_2_and_3_with_dataset_expressions' retrieved from /home/airflow/.local/lib/python3.12/site-packages/airflow/example_dags/example_datasets.py
[2024-09-26T12:57:03.047+0000] {logging_mixin.py:190} INFO - [2024-09-26T12:57:03.046+0000] {dag.py:3239} INFO - Sync 10 DAGs
[2024-09-26T12:57:03.070+0000] {logging_mixin.py:190} INFO - [2024-09-26T12:57:03.070+0000] {dag.py:4180} INFO - Setting next_dagrun for conditional_dataset_and_time_based_timetable to 2024-09-25 01:00:00+00:00, run_after=2024-09-25 01:00:00+00:00
[2024-09-26T12:57:03.073+0000] {logging_mixin.py:190} INFO - [2024-09-26T12:57:03.073+0000] {dag.py:4180} INFO - Setting next_dagrun for consume_1_and_2_with_dataset_expressions to None, run_after=None
[2024-09-26T12:57:03.074+0000] {logging_mixin.py:190} INFO - [2024-09-26T12:57:03.074+0000] {dag.py:4180} INFO - Setting next_dagrun for consume_1_or_2_with_dataset_expressions to None, run_after=None
[2024-09-26T12:57:03.075+0000] {logging_mixin.py:190} INFO - [2024-09-26T12:57:03.075+0000] {dag.py:4180} INFO - Setting next_dagrun for consume_1_or_both_2_and_3_with_dataset_expressions to None, run_after=None
[2024-09-26T12:57:03.076+0000] {logging_mixin.py:190} INFO - [2024-09-26T12:57:03.076+0000] {dag.py:4180} INFO - Setting next_dagrun for dataset_consumes_1 to None, run_after=None
[2024-09-26T12:57:03.081+0000] {logging_mixin.py:190} INFO - [2024-09-26T12:57:03.078+0000] {dag.py:4180} INFO - Setting next_dagrun for dataset_consumes_1_and_2 to None, run_after=None
[2024-09-26T12:57:03.083+0000] {logging_mixin.py:190} INFO - [2024-09-26T12:57:03.082+0000] {dag.py:4180} INFO - Setting next_dagrun for dataset_consumes_1_never_scheduled to None, run_after=None
[2024-09-26T12:57:03.084+0000] {logging_mixin.py:190} INFO - [2024-09-26T12:57:03.084+0000] {dag.py:4180} INFO - Setting next_dagrun for dataset_consumes_unknown_never_scheduled to None, run_after=None
[2024-09-26T12:57:03.087+0000] {logging_mixin.py:190} INFO - [2024-09-26T12:57:03.087+0000] {dag.py:4180} INFO - Setting next_dagrun for dataset_produces_1 to 2024-09-25 00:00:00+00:00, run_after=2024-09-26 00:00:00+00:00
[2024-09-26T12:57:03.089+0000] {logging_mixin.py:190} INFO - [2024-09-26T12:57:03.088+0000] {dag.py:4180} INFO - Setting next_dagrun for dataset_produces_2 to None, run_after=None
[2024-09-26T12:57:03.119+0000] {processor.py:208} INFO - Processing /home/airflow/.local/lib/python3.12/site-packages/airflow/example_dags/example_datasets.py took 0.214 seconds
[2024-09-26T12:57:33.709+0000] {processor.py:186} INFO - Started process (PID=864) to work on /home/airflow/.local/lib/python3.12/site-packages/airflow/example_dags/example_datasets.py
[2024-09-26T12:57:33.709+0000] {processor.py:914} INFO - Processing file /home/airflow/.local/lib/python3.12/site-packages/airflow/example_dags/example_datasets.py for tasks to queue
[2024-09-26T12:57:33.712+0000] {logging_mixin.py:190} INFO - [2024-09-26T12:57:33.711+0000] {dagbag.py:588} INFO - Filling up the DagBag from /home/airflow/.local/lib/python3.12/site-packages/airflow/example_dags/example_datasets.py
[2024-09-26T12:57:33.856+0000] {processor.py:925} INFO - DAG(s) 'dataset_produces_1', 'dataset_consumes_unknown_never_scheduled', 'dataset_consumes_1_and_2', 'consume_1_or_both_2_and_3_with_dataset_expressions', 'dataset_produces_2', 'consume_1_and_2_with_dataset_expressions', 'consume_1_or_2_with_dataset_expressions', 'conditional_dataset_and_time_based_timetable', 'dataset_consumes_1', 'dataset_consumes_1_never_scheduled' retrieved from /home/airflow/.local/lib/python3.12/site-packages/airflow/example_dags/example_datasets.py
[2024-09-26T12:57:33.899+0000] {logging_mixin.py:190} INFO - [2024-09-26T12:57:33.899+0000] {dag.py:3239} INFO - Sync 10 DAGs
[2024-09-26T12:57:33.926+0000] {logging_mixin.py:190} INFO - [2024-09-26T12:57:33.925+0000] {dag.py:4180} INFO - Setting next_dagrun for conditional_dataset_and_time_based_timetable to 2024-09-25 01:00:00+00:00, run_after=2024-09-25 01:00:00+00:00
[2024-09-26T12:57:33.929+0000] {logging_mixin.py:190} INFO - [2024-09-26T12:57:33.929+0000] {dag.py:4180} INFO - Setting next_dagrun for consume_1_and_2_with_dataset_expressions to None, run_after=None
[2024-09-26T12:57:33.930+0000] {logging_mixin.py:190} INFO - [2024-09-26T12:57:33.930+0000] {dag.py:4180} INFO - Setting next_dagrun for consume_1_or_2_with_dataset_expressions to None, run_after=None
[2024-09-26T12:57:33.931+0000] {logging_mixin.py:190} INFO - [2024-09-26T12:57:33.931+0000] {dag.py:4180} INFO - Setting next_dagrun for consume_1_or_both_2_and_3_with_dataset_expressions to None, run_after=None
[2024-09-26T12:57:33.932+0000] {logging_mixin.py:190} INFO - [2024-09-26T12:57:33.932+0000] {dag.py:4180} INFO - Setting next_dagrun for dataset_consumes_1 to None, run_after=None
[2024-09-26T12:57:33.933+0000] {logging_mixin.py:190} INFO - [2024-09-26T12:57:33.933+0000] {dag.py:4180} INFO - Setting next_dagrun for dataset_consumes_1_and_2 to None, run_after=None
[2024-09-26T12:57:33.934+0000] {logging_mixin.py:190} INFO - [2024-09-26T12:57:33.934+0000] {dag.py:4180} INFO - Setting next_dagrun for dataset_consumes_1_never_scheduled to None, run_after=None
[2024-09-26T12:57:33.935+0000] {logging_mixin.py:190} INFO - [2024-09-26T12:57:33.935+0000] {dag.py:4180} INFO - Setting next_dagrun for dataset_consumes_unknown_never_scheduled to None, run_after=None
[2024-09-26T12:57:33.938+0000] {logging_mixin.py:190} INFO - [2024-09-26T12:57:33.937+0000] {dag.py:4180} INFO - Setting next_dagrun for dataset_produces_1 to 2024-09-25 00:00:00+00:00, run_after=2024-09-26 00:00:00+00:00
[2024-09-26T12:57:33.940+0000] {logging_mixin.py:190} INFO - [2024-09-26T12:57:33.939+0000] {dag.py:4180} INFO - Setting next_dagrun for dataset_produces_2 to None, run_after=None
[2024-09-26T12:57:33.968+0000] {processor.py:208} INFO - Processing /home/airflow/.local/lib/python3.12/site-packages/airflow/example_dags/example_datasets.py took 0.263 seconds
[2024-09-26T12:58:04.714+0000] {processor.py:186} INFO - Started process (PID=1150) to work on /home/airflow/.local/lib/python3.12/site-packages/airflow/example_dags/example_datasets.py
[2024-09-26T12:58:04.715+0000] {processor.py:914} INFO - Processing file /home/airflow/.local/lib/python3.12/site-packages/airflow/example_dags/example_datasets.py for tasks to queue
[2024-09-26T12:58:04.718+0000] {logging_mixin.py:190} INFO - [2024-09-26T12:58:04.716+0000] {dagbag.py:588} INFO - Filling up the DagBag from /home/airflow/.local/lib/python3.12/site-packages/airflow/example_dags/example_datasets.py
[2024-09-26T12:58:04.840+0000] {processor.py:925} INFO - DAG(s) 'dataset_consumes_unknown_never_scheduled', 'dataset_consumes_1_and_2', 'dataset_produces_2', 'dataset_produces_1', 'consume_1_or_2_with_dataset_expressions', 'dataset_consumes_1_never_scheduled', 'consume_1_or_both_2_and_3_with_dataset_expressions', 'conditional_dataset_and_time_based_timetable', 'consume_1_and_2_with_dataset_expressions', 'dataset_consumes_1' retrieved from /home/airflow/.local/lib/python3.12/site-packages/airflow/example_dags/example_datasets.py
[2024-09-26T12:58:04.888+0000] {logging_mixin.py:190} INFO - [2024-09-26T12:58:04.887+0000] {dag.py:3239} INFO - Sync 10 DAGs
[2024-09-26T12:58:04.911+0000] {logging_mixin.py:190} INFO - [2024-09-26T12:58:04.911+0000] {dag.py:4180} INFO - Setting next_dagrun for conditional_dataset_and_time_based_timetable to 2024-09-25 01:00:00+00:00, run_after=2024-09-25 01:00:00+00:00
[2024-09-26T12:58:04.914+0000] {logging_mixin.py:190} INFO - [2024-09-26T12:58:04.914+0000] {dag.py:4180} INFO - Setting next_dagrun for consume_1_and_2_with_dataset_expressions to None, run_after=None
[2024-09-26T12:58:04.915+0000] {logging_mixin.py:190} INFO - [2024-09-26T12:58:04.915+0000] {dag.py:4180} INFO - Setting next_dagrun for consume_1_or_2_with_dataset_expressions to None, run_after=None
[2024-09-26T12:58:04.917+0000] {logging_mixin.py:190} INFO - [2024-09-26T12:58:04.917+0000] {dag.py:4180} INFO - Setting next_dagrun for consume_1_or_both_2_and_3_with_dataset_expressions to None, run_after=None
[2024-09-26T12:58:04.918+0000] {logging_mixin.py:190} INFO - [2024-09-26T12:58:04.918+0000] {dag.py:4180} INFO - Setting next_dagrun for dataset_consumes_1 to None, run_after=None
[2024-09-26T12:58:04.919+0000] {logging_mixin.py:190} INFO - [2024-09-26T12:58:04.919+0000] {dag.py:4180} INFO - Setting next_dagrun for dataset_consumes_1_and_2 to None, run_after=None
[2024-09-26T12:58:04.920+0000] {logging_mixin.py:190} INFO - [2024-09-26T12:58:04.920+0000] {dag.py:4180} INFO - Setting next_dagrun for dataset_consumes_1_never_scheduled to None, run_after=None
[2024-09-26T12:58:04.921+0000] {logging_mixin.py:190} INFO - [2024-09-26T12:58:04.921+0000] {dag.py:4180} INFO - Setting next_dagrun for dataset_consumes_unknown_never_scheduled to None, run_after=None
[2024-09-26T12:58:04.923+0000] {logging_mixin.py:190} INFO - [2024-09-26T12:58:04.923+0000] {dag.py:4180} INFO - Setting next_dagrun for dataset_produces_1 to 2024-09-25 00:00:00+00:00, run_after=2024-09-26 00:00:00+00:00
[2024-09-26T12:58:04.924+0000] {logging_mixin.py:190} INFO - [2024-09-26T12:58:04.924+0000] {dag.py:4180} INFO - Setting next_dagrun for dataset_produces_2 to None, run_after=None
[2024-09-26T12:58:04.955+0000] {processor.py:208} INFO - Processing /home/airflow/.local/lib/python3.12/site-packages/airflow/example_dags/example_datasets.py took 0.246 seconds
[2024-09-26T12:58:35.005+0000] {processor.py:186} INFO - Started process (PID=1438) to work on /home/airflow/.local/lib/python3.12/site-packages/airflow/example_dags/example_datasets.py
[2024-09-26T12:58:35.005+0000] {processor.py:914} INFO - Processing file /home/airflow/.local/lib/python3.12/site-packages/airflow/example_dags/example_datasets.py for tasks to queue
[2024-09-26T12:58:35.007+0000] {logging_mixin.py:190} INFO - [2024-09-26T12:58:35.007+0000] {dagbag.py:588} INFO - Filling up the DagBag from /home/airflow/.local/lib/python3.12/site-packages/airflow/example_dags/example_datasets.py
[2024-09-26T12:58:35.120+0000] {processor.py:925} INFO - DAG(s) 'dataset_produces_1', 'consume_1_and_2_with_dataset_expressions', 'consume_1_or_both_2_and_3_with_dataset_expressions', 'dataset_consumes_unknown_never_scheduled', 'dataset_consumes_1_never_scheduled', 'consume_1_or_2_with_dataset_expressions', 'dataset_consumes_1', 'dataset_produces_2', 'conditional_dataset_and_time_based_timetable', 'dataset_consumes_1_and_2' retrieved from /home/airflow/.local/lib/python3.12/site-packages/airflow/example_dags/example_datasets.py
[2024-09-26T12:58:35.157+0000] {logging_mixin.py:190} INFO - [2024-09-26T12:58:35.157+0000] {dag.py:3239} INFO - Sync 10 DAGs
[2024-09-26T12:58:35.179+0000] {logging_mixin.py:190} INFO - [2024-09-26T12:58:35.179+0000] {dag.py:4180} INFO - Setting next_dagrun for conditional_dataset_and_time_based_timetable to 2024-09-25 01:00:00+00:00, run_after=2024-09-25 01:00:00+00:00
[2024-09-26T12:58:35.182+0000] {logging_mixin.py:190} INFO - [2024-09-26T12:58:35.182+0000] {dag.py:4180} INFO - Setting next_dagrun for consume_1_and_2_with_dataset_expressions to None, run_after=None
[2024-09-26T12:58:35.183+0000] {logging_mixin.py:190} INFO - [2024-09-26T12:58:35.183+0000] {dag.py:4180} INFO - Setting next_dagrun for consume_1_or_2_with_dataset_expressions to None, run_after=None
[2024-09-26T12:58:35.184+0000] {logging_mixin.py:190} INFO - [2024-09-26T12:58:35.184+0000] {dag.py:4180} INFO - Setting next_dagrun for consume_1_or_both_2_and_3_with_dataset_expressions to None, run_after=None
[2024-09-26T12:58:35.185+0000] {logging_mixin.py:190} INFO - [2024-09-26T12:58:35.185+0000] {dag.py:4180} INFO - Setting next_dagrun for dataset_consumes_1 to None, run_after=None
[2024-09-26T12:58:35.186+0000] {logging_mixin.py:190} INFO - [2024-09-26T12:58:35.186+0000] {dag.py:4180} INFO - Setting next_dagrun for dataset_consumes_1_and_2 to None, run_after=None
[2024-09-26T12:58:35.187+0000] {logging_mixin.py:190} INFO - [2024-09-26T12:58:35.187+0000] {dag.py:4180} INFO - Setting next_dagrun for dataset_consumes_1_never_scheduled to None, run_after=None
[2024-09-26T12:58:35.188+0000] {logging_mixin.py:190} INFO - [2024-09-26T12:58:35.188+0000] {dag.py:4180} INFO - Setting next_dagrun for dataset_consumes_unknown_never_scheduled to None, run_after=None
[2024-09-26T12:58:35.190+0000] {logging_mixin.py:190} INFO - [2024-09-26T12:58:35.190+0000] {dag.py:4180} INFO - Setting next_dagrun for dataset_produces_1 to 2024-09-25 00:00:00+00:00, run_after=2024-09-26 00:00:00+00:00
[2024-09-26T12:58:35.191+0000] {logging_mixin.py:190} INFO - [2024-09-26T12:58:35.191+0000] {dag.py:4180} INFO - Setting next_dagrun for dataset_produces_2 to None, run_after=None
[2024-09-26T12:58:35.219+0000] {processor.py:208} INFO - Processing /home/airflow/.local/lib/python3.12/site-packages/airflow/example_dags/example_datasets.py took 0.219 seconds
[2024-09-26T12:59:05.815+0000] {processor.py:186} INFO - Started process (PID=1722) to work on /home/airflow/.local/lib/python3.12/site-packages/airflow/example_dags/example_datasets.py
[2024-09-26T12:59:05.815+0000] {processor.py:914} INFO - Processing file /home/airflow/.local/lib/python3.12/site-packages/airflow/example_dags/example_datasets.py for tasks to queue
[2024-09-26T12:59:05.817+0000] {logging_mixin.py:190} INFO - [2024-09-26T12:59:05.817+0000] {dagbag.py:588} INFO - Filling up the DagBag from /home/airflow/.local/lib/python3.12/site-packages/airflow/example_dags/example_datasets.py
[2024-09-26T12:59:05.922+0000] {processor.py:925} INFO - DAG(s) 'dataset_consumes_1_never_scheduled', 'dataset_consumes_1', 'dataset_produces_2', 'conditional_dataset_and_time_based_timetable', 'dataset_produces_1', 'consume_1_or_both_2_and_3_with_dataset_expressions', 'dataset_consumes_1_and_2', 'consume_1_or_2_with_dataset_expressions', 'dataset_consumes_unknown_never_scheduled', 'consume_1_and_2_with_dataset_expressions' retrieved from /home/airflow/.local/lib/python3.12/site-packages/airflow/example_dags/example_datasets.py
[2024-09-26T12:59:05.956+0000] {logging_mixin.py:190} INFO - [2024-09-26T12:59:05.956+0000] {dag.py:3239} INFO - Sync 10 DAGs
[2024-09-26T12:59:05.980+0000] {logging_mixin.py:190} INFO - [2024-09-26T12:59:05.979+0000] {dag.py:4180} INFO - Setting next_dagrun for conditional_dataset_and_time_based_timetable to 2024-09-25 01:00:00+00:00, run_after=2024-09-25 01:00:00+00:00
[2024-09-26T12:59:05.983+0000] {logging_mixin.py:190} INFO - [2024-09-26T12:59:05.983+0000] {dag.py:4180} INFO - Setting next_dagrun for consume_1_and_2_with_dataset_expressions to None, run_after=None
[2024-09-26T12:59:05.984+0000] {logging_mixin.py:190} INFO - [2024-09-26T12:59:05.984+0000] {dag.py:4180} INFO - Setting next_dagrun for consume_1_or_2_with_dataset_expressions to None, run_after=None
[2024-09-26T12:59:05.985+0000] {logging_mixin.py:190} INFO - [2024-09-26T12:59:05.985+0000] {dag.py:4180} INFO - Setting next_dagrun for consume_1_or_both_2_and_3_with_dataset_expressions to None, run_after=None
[2024-09-26T12:59:05.986+0000] {logging_mixin.py:190} INFO - [2024-09-26T12:59:05.986+0000] {dag.py:4180} INFO - Setting next_dagrun for dataset_consumes_1 to None, run_after=None
[2024-09-26T12:59:05.987+0000] {logging_mixin.py:190} INFO - [2024-09-26T12:59:05.987+0000] {dag.py:4180} INFO - Setting next_dagrun for dataset_consumes_1_and_2 to None, run_after=None
[2024-09-26T12:59:05.988+0000] {logging_mixin.py:190} INFO - [2024-09-26T12:59:05.988+0000] {dag.py:4180} INFO - Setting next_dagrun for dataset_consumes_1_never_scheduled to None, run_after=None
[2024-09-26T12:59:05.989+0000] {logging_mixin.py:190} INFO - [2024-09-26T12:59:05.989+0000] {dag.py:4180} INFO - Setting next_dagrun for dataset_consumes_unknown_never_scheduled to None, run_after=None
[2024-09-26T12:59:05.991+0000] {logging_mixin.py:190} INFO - [2024-09-26T12:59:05.991+0000] {dag.py:4180} INFO - Setting next_dagrun for dataset_produces_1 to 2024-09-25 00:00:00+00:00, run_after=2024-09-26 00:00:00+00:00
[2024-09-26T12:59:05.992+0000] {logging_mixin.py:190} INFO - [2024-09-26T12:59:05.992+0000] {dag.py:4180} INFO - Setting next_dagrun for dataset_produces_2 to None, run_after=None
[2024-09-26T12:59:06.017+0000] {processor.py:208} INFO - Processing /home/airflow/.local/lib/python3.12/site-packages/airflow/example_dags/example_datasets.py took 0.207 seconds
[2024-09-26T12:59:36.825+0000] {processor.py:186} INFO - Started process (PID=2008) to work on /home/airflow/.local/lib/python3.12/site-packages/airflow/example_dags/example_datasets.py
[2024-09-26T12:59:36.826+0000] {processor.py:914} INFO - Processing file /home/airflow/.local/lib/python3.12/site-packages/airflow/example_dags/example_datasets.py for tasks to queue
[2024-09-26T12:59:36.827+0000] {logging_mixin.py:190} INFO - [2024-09-26T12:59:36.827+0000] {dagbag.py:588} INFO - Filling up the DagBag from /home/airflow/.local/lib/python3.12/site-packages/airflow/example_dags/example_datasets.py
[2024-09-26T12:59:36.928+0000] {processor.py:925} INFO - DAG(s) 'conditional_dataset_and_time_based_timetable', 'consume_1_or_both_2_and_3_with_dataset_expressions', 'dataset_consumes_1_and_2', 'dataset_consumes_1_never_scheduled', 'dataset_consumes_unknown_never_scheduled', 'consume_1_and_2_with_dataset_expressions', 'dataset_produces_2', 'dataset_consumes_1', 'consume_1_or_2_with_dataset_expressions', 'dataset_produces_1' retrieved from /home/airflow/.local/lib/python3.12/site-packages/airflow/example_dags/example_datasets.py
[2024-09-26T12:59:36.964+0000] {logging_mixin.py:190} INFO - [2024-09-26T12:59:36.964+0000] {dag.py:3239} INFO - Sync 10 DAGs
[2024-09-26T12:59:36.987+0000] {logging_mixin.py:190} INFO - [2024-09-26T12:59:36.987+0000] {dag.py:4180} INFO - Setting next_dagrun for conditional_dataset_and_time_based_timetable to 2024-09-25 01:00:00+00:00, run_after=2024-09-25 01:00:00+00:00
[2024-09-26T12:59:36.990+0000] {logging_mixin.py:190} INFO - [2024-09-26T12:59:36.990+0000] {dag.py:4180} INFO - Setting next_dagrun for consume_1_and_2_with_dataset_expressions to None, run_after=None
[2024-09-26T12:59:36.991+0000] {logging_mixin.py:190} INFO - [2024-09-26T12:59:36.991+0000] {dag.py:4180} INFO - Setting next_dagrun for consume_1_or_2_with_dataset_expressions to None, run_after=None
[2024-09-26T12:59:36.992+0000] {logging_mixin.py:190} INFO - [2024-09-26T12:59:36.992+0000] {dag.py:4180} INFO - Setting next_dagrun for consume_1_or_both_2_and_3_with_dataset_expressions to None, run_after=None
[2024-09-26T12:59:36.994+0000] {logging_mixin.py:190} INFO - [2024-09-26T12:59:36.993+0000] {dag.py:4180} INFO - Setting next_dagrun for dataset_consumes_1 to None, run_after=None
[2024-09-26T12:59:36.995+0000] {logging_mixin.py:190} INFO - [2024-09-26T12:59:36.995+0000] {dag.py:4180} INFO - Setting next_dagrun for dataset_consumes_1_and_2 to None, run_after=None
[2024-09-26T12:59:36.996+0000] {logging_mixin.py:190} INFO - [2024-09-26T12:59:36.996+0000] {dag.py:4180} INFO - Setting next_dagrun for dataset_consumes_1_never_scheduled to None, run_after=None
[2024-09-26T12:59:36.997+0000] {logging_mixin.py:190} INFO - [2024-09-26T12:59:36.997+0000] {dag.py:4180} INFO - Setting next_dagrun for dataset_consumes_unknown_never_scheduled to None, run_after=None
[2024-09-26T12:59:36.999+0000] {logging_mixin.py:190} INFO - [2024-09-26T12:59:36.999+0000] {dag.py:4180} INFO - Setting next_dagrun for dataset_produces_1 to 2024-09-25 00:00:00+00:00, run_after=2024-09-26 00:00:00+00:00
[2024-09-26T12:59:37.000+0000] {logging_mixin.py:190} INFO - [2024-09-26T12:59:37.000+0000] {dag.py:4180} INFO - Setting next_dagrun for dataset_produces_2 to None, run_after=None
[2024-09-26T12:59:37.025+0000] {processor.py:208} INFO - Processing /home/airflow/.local/lib/python3.12/site-packages/airflow/example_dags/example_datasets.py took 0.204 seconds
[2024-09-26T13:00:07.877+0000] {processor.py:186} INFO - Started process (PID=2294) to work on /home/airflow/.local/lib/python3.12/site-packages/airflow/example_dags/example_datasets.py
[2024-09-26T13:00:07.878+0000] {processor.py:914} INFO - Processing file /home/airflow/.local/lib/python3.12/site-packages/airflow/example_dags/example_datasets.py for tasks to queue
[2024-09-26T13:00:07.879+0000] {logging_mixin.py:190} INFO - [2024-09-26T13:00:07.879+0000] {dagbag.py:588} INFO - Filling up the DagBag from /home/airflow/.local/lib/python3.12/site-packages/airflow/example_dags/example_datasets.py
[2024-09-26T13:00:07.987+0000] {processor.py:925} INFO - DAG(s) 'conditional_dataset_and_time_based_timetable', 'dataset_consumes_1_never_scheduled', 'consume_1_and_2_with_dataset_expressions', 'dataset_produces_1', 'dataset_produces_2', 'dataset_consumes_1', 'consume_1_or_both_2_and_3_with_dataset_expressions', 'dataset_consumes_unknown_never_scheduled', 'dataset_consumes_1_and_2', 'consume_1_or_2_with_dataset_expressions' retrieved from /home/airflow/.local/lib/python3.12/site-packages/airflow/example_dags/example_datasets.py
[2024-09-26T13:00:08.021+0000] {logging_mixin.py:190} INFO - [2024-09-26T13:00:08.020+0000] {dag.py:3239} INFO - Sync 10 DAGs
[2024-09-26T13:00:08.044+0000] {logging_mixin.py:190} INFO - [2024-09-26T13:00:08.044+0000] {dag.py:4180} INFO - Setting next_dagrun for conditional_dataset_and_time_based_timetable to 2024-09-25 01:00:00+00:00, run_after=2024-09-25 01:00:00+00:00
[2024-09-26T13:00:08.047+0000] {logging_mixin.py:190} INFO - [2024-09-26T13:00:08.047+0000] {dag.py:4180} INFO - Setting next_dagrun for consume_1_and_2_with_dataset_expressions to None, run_after=None
[2024-09-26T13:00:08.048+0000] {logging_mixin.py:190} INFO - [2024-09-26T13:00:08.048+0000] {dag.py:4180} INFO - Setting next_dagrun for consume_1_or_2_with_dataset_expressions to None, run_after=None
[2024-09-26T13:00:08.049+0000] {logging_mixin.py:190} INFO - [2024-09-26T13:00:08.049+0000] {dag.py:4180} INFO - Setting next_dagrun for consume_1_or_both_2_and_3_with_dataset_expressions to None, run_after=None
[2024-09-26T13:00:08.050+0000] {logging_mixin.py:190} INFO - [2024-09-26T13:00:08.050+0000] {dag.py:4180} INFO - Setting next_dagrun for dataset_consumes_1 to None, run_after=None
[2024-09-26T13:00:08.051+0000] {logging_mixin.py:190} INFO - [2024-09-26T13:00:08.051+0000] {dag.py:4180} INFO - Setting next_dagrun for dataset_consumes_1_and_2 to None, run_after=None
[2024-09-26T13:00:08.052+0000] {logging_mixin.py:190} INFO - [2024-09-26T13:00:08.052+0000] {dag.py:4180} INFO - Setting next_dagrun for dataset_consumes_1_never_scheduled to None, run_after=None
[2024-09-26T13:00:08.053+0000] {logging_mixin.py:190} INFO - [2024-09-26T13:00:08.053+0000] {dag.py:4180} INFO - Setting next_dagrun for dataset_consumes_unknown_never_scheduled to None, run_after=None
[2024-09-26T13:00:08.055+0000] {logging_mixin.py:190} INFO - [2024-09-26T13:00:08.055+0000] {dag.py:4180} INFO - Setting next_dagrun for dataset_produces_1 to 2024-09-25 00:00:00+00:00, run_after=2024-09-26 00:00:00+00:00
[2024-09-26T13:00:08.056+0000] {logging_mixin.py:190} INFO - [2024-09-26T13:00:08.056+0000] {dag.py:4180} INFO - Setting next_dagrun for dataset_produces_2 to None, run_after=None
[2024-09-26T13:00:08.080+0000] {processor.py:208} INFO - Processing /home/airflow/.local/lib/python3.12/site-packages/airflow/example_dags/example_datasets.py took 0.207 seconds
[2024-09-26T13:00:38.742+0000] {processor.py:186} INFO - Started process (PID=2580) to work on /home/airflow/.local/lib/python3.12/site-packages/airflow/example_dags/example_datasets.py
[2024-09-26T13:00:38.742+0000] {processor.py:914} INFO - Processing file /home/airflow/.local/lib/python3.12/site-packages/airflow/example_dags/example_datasets.py for tasks to queue
[2024-09-26T13:00:38.744+0000] {logging_mixin.py:190} INFO - [2024-09-26T13:00:38.744+0000] {dagbag.py:588} INFO - Filling up the DagBag from /home/airflow/.local/lib/python3.12/site-packages/airflow/example_dags/example_datasets.py
[2024-09-26T13:00:38.850+0000] {processor.py:925} INFO - DAG(s) 'consume_1_or_both_2_and_3_with_dataset_expressions', 'dataset_produces_2', 'dataset_produces_1', 'dataset_consumes_1_never_scheduled', 'dataset_consumes_1', 'dataset_consumes_1_and_2', 'conditional_dataset_and_time_based_timetable', 'consume_1_or_2_with_dataset_expressions', 'dataset_consumes_unknown_never_scheduled', 'consume_1_and_2_with_dataset_expressions' retrieved from /home/airflow/.local/lib/python3.12/site-packages/airflow/example_dags/example_datasets.py
[2024-09-26T13:00:38.884+0000] {logging_mixin.py:190} INFO - [2024-09-26T13:00:38.883+0000] {dag.py:3239} INFO - Sync 10 DAGs
[2024-09-26T13:00:38.907+0000] {logging_mixin.py:190} INFO - [2024-09-26T13:00:38.907+0000] {dag.py:4180} INFO - Setting next_dagrun for conditional_dataset_and_time_based_timetable to 2024-09-25 01:00:00+00:00, run_after=2024-09-25 01:00:00+00:00
[2024-09-26T13:00:38.910+0000] {logging_mixin.py:190} INFO - [2024-09-26T13:00:38.910+0000] {dag.py:4180} INFO - Setting next_dagrun for consume_1_and_2_with_dataset_expressions to None, run_after=None
[2024-09-26T13:00:38.911+0000] {logging_mixin.py:190} INFO - [2024-09-26T13:00:38.911+0000] {dag.py:4180} INFO - Setting next_dagrun for consume_1_or_2_with_dataset_expressions to None, run_after=None
[2024-09-26T13:00:38.913+0000] {logging_mixin.py:190} INFO - [2024-09-26T13:00:38.913+0000] {dag.py:4180} INFO - Setting next_dagrun for consume_1_or_both_2_and_3_with_dataset_expressions to None, run_after=None
[2024-09-26T13:00:38.914+0000] {logging_mixin.py:190} INFO - [2024-09-26T13:00:38.914+0000] {dag.py:4180} INFO - Setting next_dagrun for dataset_consumes_1 to None, run_after=None
[2024-09-26T13:00:38.915+0000] {logging_mixin.py:190} INFO - [2024-09-26T13:00:38.915+0000] {dag.py:4180} INFO - Setting next_dagrun for dataset_consumes_1_and_2 to None, run_after=None
[2024-09-26T13:00:38.916+0000] {logging_mixin.py:190} INFO - [2024-09-26T13:00:38.916+0000] {dag.py:4180} INFO - Setting next_dagrun for dataset_consumes_1_never_scheduled to None, run_after=None
[2024-09-26T13:00:38.917+0000] {logging_mixin.py:190} INFO - [2024-09-26T13:00:38.917+0000] {dag.py:4180} INFO - Setting next_dagrun for dataset_consumes_unknown_never_scheduled to None, run_after=None
[2024-09-26T13:00:38.920+0000] {logging_mixin.py:190} INFO - [2024-09-26T13:00:38.919+0000] {dag.py:4180} INFO - Setting next_dagrun for dataset_produces_1 to 2024-09-25 00:00:00+00:00, run_after=2024-09-26 00:00:00+00:00
[2024-09-26T13:00:38.921+0000] {logging_mixin.py:190} INFO - [2024-09-26T13:00:38.921+0000] {dag.py:4180} INFO - Setting next_dagrun for dataset_produces_2 to None, run_after=None
[2024-09-26T13:00:38.947+0000] {processor.py:208} INFO - Processing /home/airflow/.local/lib/python3.12/site-packages/airflow/example_dags/example_datasets.py took 0.209 seconds
[2024-09-26T13:01:09.673+0000] {processor.py:186} INFO - Started process (PID=2866) to work on /home/airflow/.local/lib/python3.12/site-packages/airflow/example_dags/example_datasets.py
[2024-09-26T13:01:09.674+0000] {processor.py:914} INFO - Processing file /home/airflow/.local/lib/python3.12/site-packages/airflow/example_dags/example_datasets.py for tasks to queue
[2024-09-26T13:01:09.675+0000] {logging_mixin.py:190} INFO - [2024-09-26T13:01:09.675+0000] {dagbag.py:588} INFO - Filling up the DagBag from /home/airflow/.local/lib/python3.12/site-packages/airflow/example_dags/example_datasets.py
[2024-09-26T13:01:09.777+0000] {processor.py:925} INFO - DAG(s) 'dataset_produces_2', 'dataset_consumes_unknown_never_scheduled', 'dataset_consumes_1', 'consume_1_and_2_with_dataset_expressions', 'conditional_dataset_and_time_based_timetable', 'consume_1_or_2_with_dataset_expressions', 'dataset_consumes_1_never_scheduled', 'dataset_consumes_1_and_2', 'consume_1_or_both_2_and_3_with_dataset_expressions', 'dataset_produces_1' retrieved from /home/airflow/.local/lib/python3.12/site-packages/airflow/example_dags/example_datasets.py
[2024-09-26T13:01:09.811+0000] {logging_mixin.py:190} INFO - [2024-09-26T13:01:09.811+0000] {dag.py:3239} INFO - Sync 10 DAGs
[2024-09-26T13:01:09.834+0000] {logging_mixin.py:190} INFO - [2024-09-26T13:01:09.834+0000] {dag.py:4180} INFO - Setting next_dagrun for conditional_dataset_and_time_based_timetable to 2024-09-25 01:00:00+00:00, run_after=2024-09-25 01:00:00+00:00
[2024-09-26T13:01:09.838+0000] {logging_mixin.py:190} INFO - [2024-09-26T13:01:09.838+0000] {dag.py:4180} INFO - Setting next_dagrun for consume_1_and_2_with_dataset_expressions to None, run_after=None
[2024-09-26T13:01:09.839+0000] {logging_mixin.py:190} INFO - [2024-09-26T13:01:09.839+0000] {dag.py:4180} INFO - Setting next_dagrun for consume_1_or_2_with_dataset_expressions to None, run_after=None
[2024-09-26T13:01:09.840+0000] {logging_mixin.py:190} INFO - [2024-09-26T13:01:09.840+0000] {dag.py:4180} INFO - Setting next_dagrun for consume_1_or_both_2_and_3_with_dataset_expressions to None, run_after=None
[2024-09-26T13:01:09.841+0000] {logging_mixin.py:190} INFO - [2024-09-26T13:01:09.841+0000] {dag.py:4180} INFO - Setting next_dagrun for dataset_consumes_1 to None, run_after=None
[2024-09-26T13:01:09.842+0000] {logging_mixin.py:190} INFO - [2024-09-26T13:01:09.842+0000] {dag.py:4180} INFO - Setting next_dagrun for dataset_consumes_1_and_2 to None, run_after=None
[2024-09-26T13:01:09.843+0000] {logging_mixin.py:190} INFO - [2024-09-26T13:01:09.843+0000] {dag.py:4180} INFO - Setting next_dagrun for dataset_consumes_1_never_scheduled to None, run_after=None
[2024-09-26T13:01:09.844+0000] {logging_mixin.py:190} INFO - [2024-09-26T13:01:09.844+0000] {dag.py:4180} INFO - Setting next_dagrun for dataset_consumes_unknown_never_scheduled to None, run_after=None
[2024-09-26T13:01:09.846+0000] {logging_mixin.py:190} INFO - [2024-09-26T13:01:09.846+0000] {dag.py:4180} INFO - Setting next_dagrun for dataset_produces_1 to 2024-09-25 00:00:00+00:00, run_after=2024-09-26 00:00:00+00:00
[2024-09-26T13:01:09.847+0000] {logging_mixin.py:190} INFO - [2024-09-26T13:01:09.847+0000] {dag.py:4180} INFO - Setting next_dagrun for dataset_produces_2 to None, run_after=None
[2024-09-26T13:01:09.872+0000] {processor.py:208} INFO - Processing /home/airflow/.local/lib/python3.12/site-packages/airflow/example_dags/example_datasets.py took 0.203 seconds
[2024-09-26T13:01:40.527+0000] {processor.py:186} INFO - Started process (PID=3154) to work on /home/airflow/.local/lib/python3.12/site-packages/airflow/example_dags/example_datasets.py
[2024-09-26T13:01:40.527+0000] {processor.py:914} INFO - Processing file /home/airflow/.local/lib/python3.12/site-packages/airflow/example_dags/example_datasets.py for tasks to queue
[2024-09-26T13:01:40.529+0000] {logging_mixin.py:190} INFO - [2024-09-26T13:01:40.529+0000] {dagbag.py:588} INFO - Filling up the DagBag from /home/airflow/.local/lib/python3.12/site-packages/airflow/example_dags/example_datasets.py
[2024-09-26T13:01:40.633+0000] {processor.py:925} INFO - DAG(s) 'consume_1_and_2_with_dataset_expressions', 'dataset_produces_2', 'dataset_produces_1', 'dataset_consumes_1', 'consume_1_or_2_with_dataset_expressions', 'consume_1_or_both_2_and_3_with_dataset_expressions', 'dataset_consumes_1_never_scheduled', 'conditional_dataset_and_time_based_timetable', 'dataset_consumes_unknown_never_scheduled', 'dataset_consumes_1_and_2' retrieved from /home/airflow/.local/lib/python3.12/site-packages/airflow/example_dags/example_datasets.py
[2024-09-26T13:01:40.665+0000] {logging_mixin.py:190} INFO - [2024-09-26T13:01:40.665+0000] {dag.py:3239} INFO - Sync 10 DAGs
[2024-09-26T13:01:40.687+0000] {logging_mixin.py:190} INFO - [2024-09-26T13:01:40.687+0000] {dag.py:4180} INFO - Setting next_dagrun for conditional_dataset_and_time_based_timetable to 2024-09-25 01:00:00+00:00, run_after=2024-09-25 01:00:00+00:00
[2024-09-26T13:01:40.690+0000] {logging_mixin.py:190} INFO - [2024-09-26T13:01:40.690+0000] {dag.py:4180} INFO - Setting next_dagrun for consume_1_and_2_with_dataset_expressions to None, run_after=None
[2024-09-26T13:01:40.691+0000] {logging_mixin.py:190} INFO - [2024-09-26T13:01:40.691+0000] {dag.py:4180} INFO - Setting next_dagrun for consume_1_or_2_with_dataset_expressions to None, run_after=None
[2024-09-26T13:01:40.692+0000] {logging_mixin.py:190} INFO - [2024-09-26T13:01:40.692+0000] {dag.py:4180} INFO - Setting next_dagrun for consume_1_or_both_2_and_3_with_dataset_expressions to None, run_after=None
[2024-09-26T13:01:40.693+0000] {logging_mixin.py:190} INFO - [2024-09-26T13:01:40.693+0000] {dag.py:4180} INFO - Setting next_dagrun for dataset_consumes_1 to None, run_after=None
[2024-09-26T13:01:40.695+0000] {logging_mixin.py:190} INFO - [2024-09-26T13:01:40.695+0000] {dag.py:4180} INFO - Setting next_dagrun for dataset_consumes_1_and_2 to None, run_after=None
[2024-09-26T13:01:40.696+0000] {logging_mixin.py:190} INFO - [2024-09-26T13:01:40.696+0000] {dag.py:4180} INFO - Setting next_dagrun for dataset_consumes_1_never_scheduled to None, run_after=None
[2024-09-26T13:01:40.697+0000] {logging_mixin.py:190} INFO - [2024-09-26T13:01:40.697+0000] {dag.py:4180} INFO - Setting next_dagrun for dataset_consumes_unknown_never_scheduled to None, run_after=None
[2024-09-26T13:01:40.699+0000] {logging_mixin.py:190} INFO - [2024-09-26T13:01:40.699+0000] {dag.py:4180} INFO - Setting next_dagrun for dataset_produces_1 to 2024-09-25 00:00:00+00:00, run_after=2024-09-26 00:00:00+00:00
[2024-09-26T13:01:40.700+0000] {logging_mixin.py:190} INFO - [2024-09-26T13:01:40.700+0000] {dag.py:4180} INFO - Setting next_dagrun for dataset_produces_2 to None, run_after=None
[2024-09-26T13:01:40.724+0000] {processor.py:208} INFO - Processing /home/airflow/.local/lib/python3.12/site-packages/airflow/example_dags/example_datasets.py took 0.203 seconds
[2024-09-26T13:02:11.297+0000] {processor.py:186} INFO - Started process (PID=3438) to work on /home/airflow/.local/lib/python3.12/site-packages/airflow/example_dags/example_datasets.py
[2024-09-26T13:02:11.298+0000] {processor.py:914} INFO - Processing file /home/airflow/.local/lib/python3.12/site-packages/airflow/example_dags/example_datasets.py for tasks to queue
[2024-09-26T13:02:11.300+0000] {logging_mixin.py:190} INFO - [2024-09-26T13:02:11.299+0000] {dagbag.py:588} INFO - Filling up the DagBag from /home/airflow/.local/lib/python3.12/site-packages/airflow/example_dags/example_datasets.py
[2024-09-26T13:02:11.410+0000] {processor.py:925} INFO - DAG(s) 'dataset_produces_2', 'dataset_consumes_1_and_2', 'conditional_dataset_and_time_based_timetable', 'dataset_consumes_1_never_scheduled', 'dataset_consumes_1', 'consume_1_or_2_with_dataset_expressions', 'consume_1_or_both_2_and_3_with_dataset_expressions', 'consume_1_and_2_with_dataset_expressions', 'dataset_produces_1', 'dataset_consumes_unknown_never_scheduled' retrieved from /home/airflow/.local/lib/python3.12/site-packages/airflow/example_dags/example_datasets.py
[2024-09-26T13:02:11.445+0000] {logging_mixin.py:190} INFO - [2024-09-26T13:02:11.445+0000] {dag.py:3239} INFO - Sync 10 DAGs
[2024-09-26T13:02:11.468+0000] {logging_mixin.py:190} INFO - [2024-09-26T13:02:11.468+0000] {dag.py:4180} INFO - Setting next_dagrun for conditional_dataset_and_time_based_timetable to 2024-09-25 01:00:00+00:00, run_after=2024-09-25 01:00:00+00:00
[2024-09-26T13:02:11.471+0000] {logging_mixin.py:190} INFO - [2024-09-26T13:02:11.471+0000] {dag.py:4180} INFO - Setting next_dagrun for consume_1_and_2_with_dataset_expressions to None, run_after=None
[2024-09-26T13:02:11.472+0000] {logging_mixin.py:190} INFO - [2024-09-26T13:02:11.472+0000] {dag.py:4180} INFO - Setting next_dagrun for consume_1_or_2_with_dataset_expressions to None, run_after=None
[2024-09-26T13:02:11.473+0000] {logging_mixin.py:190} INFO - [2024-09-26T13:02:11.473+0000] {dag.py:4180} INFO - Setting next_dagrun for consume_1_or_both_2_and_3_with_dataset_expressions to None, run_after=None
[2024-09-26T13:02:11.474+0000] {logging_mixin.py:190} INFO - [2024-09-26T13:02:11.474+0000] {dag.py:4180} INFO - Setting next_dagrun for dataset_consumes_1 to None, run_after=None
[2024-09-26T13:02:11.475+0000] {logging_mixin.py:190} INFO - [2024-09-26T13:02:11.475+0000] {dag.py:4180} INFO - Setting next_dagrun for dataset_consumes_1_and_2 to None, run_after=None
[2024-09-26T13:02:11.476+0000] {logging_mixin.py:190} INFO - [2024-09-26T13:02:11.476+0000] {dag.py:4180} INFO - Setting next_dagrun for dataset_consumes_1_never_scheduled to None, run_after=None
[2024-09-26T13:02:11.477+0000] {logging_mixin.py:190} INFO - [2024-09-26T13:02:11.477+0000] {dag.py:4180} INFO - Setting next_dagrun for dataset_consumes_unknown_never_scheduled to None, run_after=None
[2024-09-26T13:02:11.479+0000] {logging_mixin.py:190} INFO - [2024-09-26T13:02:11.479+0000] {dag.py:4180} INFO - Setting next_dagrun for dataset_produces_1 to 2024-09-25 00:00:00+00:00, run_after=2024-09-26 00:00:00+00:00
[2024-09-26T13:02:11.480+0000] {logging_mixin.py:190} INFO - [2024-09-26T13:02:11.480+0000] {dag.py:4180} INFO - Setting next_dagrun for dataset_produces_2 to None, run_after=None
[2024-09-26T13:02:11.506+0000] {processor.py:208} INFO - Processing /home/airflow/.local/lib/python3.12/site-packages/airflow/example_dags/example_datasets.py took 0.213 seconds
[2024-09-26T13:02:42.195+0000] {processor.py:186} INFO - Started process (PID=3724) to work on /home/airflow/.local/lib/python3.12/site-packages/airflow/example_dags/example_datasets.py
[2024-09-26T13:02:42.196+0000] {processor.py:914} INFO - Processing file /home/airflow/.local/lib/python3.12/site-packages/airflow/example_dags/example_datasets.py for tasks to queue
[2024-09-26T13:02:42.197+0000] {logging_mixin.py:190} INFO - [2024-09-26T13:02:42.197+0000] {dagbag.py:588} INFO - Filling up the DagBag from /home/airflow/.local/lib/python3.12/site-packages/airflow/example_dags/example_datasets.py
[2024-09-26T13:02:42.301+0000] {processor.py:925} INFO - DAG(s) 'dataset_produces_2', 'dataset_consumes_1_and_2', 'consume_1_and_2_with_dataset_expressions', 'consume_1_or_2_with_dataset_expressions', 'conditional_dataset_and_time_based_timetable', 'consume_1_or_both_2_and_3_with_dataset_expressions', 'dataset_produces_1', 'dataset_consumes_1_never_scheduled', 'dataset_consumes_unknown_never_scheduled', 'dataset_consumes_1' retrieved from /home/airflow/.local/lib/python3.12/site-packages/airflow/example_dags/example_datasets.py
[2024-09-26T13:02:42.333+0000] {logging_mixin.py:190} INFO - [2024-09-26T13:02:42.333+0000] {dag.py:3239} INFO - Sync 10 DAGs
[2024-09-26T13:02:42.354+0000] {logging_mixin.py:190} INFO - [2024-09-26T13:02:42.354+0000] {dag.py:4180} INFO - Setting next_dagrun for conditional_dataset_and_time_based_timetable to 2024-09-25 01:00:00+00:00, run_after=2024-09-25 01:00:00+00:00
[2024-09-26T13:02:42.357+0000] {logging_mixin.py:190} INFO - [2024-09-26T13:02:42.357+0000] {dag.py:4180} INFO - Setting next_dagrun for consume_1_and_2_with_dataset_expressions to None, run_after=None
[2024-09-26T13:02:42.359+0000] {logging_mixin.py:190} INFO - [2024-09-26T13:02:42.358+0000] {dag.py:4180} INFO - Setting next_dagrun for consume_1_or_2_with_dataset_expressions to None, run_after=None
[2024-09-26T13:02:42.360+0000] {logging_mixin.py:190} INFO - [2024-09-26T13:02:42.360+0000] {dag.py:4180} INFO - Setting next_dagrun for consume_1_or_both_2_and_3_with_dataset_expressions to None, run_after=None
[2024-09-26T13:02:42.361+0000] {logging_mixin.py:190} INFO - [2024-09-26T13:02:42.361+0000] {dag.py:4180} INFO - Setting next_dagrun for dataset_consumes_1 to None, run_after=None
[2024-09-26T13:02:42.362+0000] {logging_mixin.py:190} INFO - [2024-09-26T13:02:42.362+0000] {dag.py:4180} INFO - Setting next_dagrun for dataset_consumes_1_and_2 to None, run_after=None
[2024-09-26T13:02:42.363+0000] {logging_mixin.py:190} INFO - [2024-09-26T13:02:42.363+0000] {dag.py:4180} INFO - Setting next_dagrun for dataset_consumes_1_never_scheduled to None, run_after=None
[2024-09-26T13:02:42.364+0000] {logging_mixin.py:190} INFO - [2024-09-26T13:02:42.364+0000] {dag.py:4180} INFO - Setting next_dagrun for dataset_consumes_unknown_never_scheduled to None, run_after=None
[2024-09-26T13:02:42.367+0000] {logging_mixin.py:190} INFO - [2024-09-26T13:02:42.366+0000] {dag.py:4180} INFO - Setting next_dagrun for dataset_produces_1 to 2024-09-25 00:00:00+00:00, run_after=2024-09-26 00:00:00+00:00
[2024-09-26T13:02:42.368+0000] {logging_mixin.py:190} INFO - [2024-09-26T13:02:42.368+0000] {dag.py:4180} INFO - Setting next_dagrun for dataset_produces_2 to None, run_after=None
[2024-09-26T13:02:42.393+0000] {processor.py:208} INFO - Processing /home/airflow/.local/lib/python3.12/site-packages/airflow/example_dags/example_datasets.py took 0.202 seconds
[2024-09-26T13:03:13.114+0000] {processor.py:186} INFO - Started process (PID=4010) to work on /home/airflow/.local/lib/python3.12/site-packages/airflow/example_dags/example_datasets.py
[2024-09-26T13:03:13.115+0000] {processor.py:914} INFO - Processing file /home/airflow/.local/lib/python3.12/site-packages/airflow/example_dags/example_datasets.py for tasks to queue
[2024-09-26T13:03:13.117+0000] {logging_mixin.py:190} INFO - [2024-09-26T13:03:13.116+0000] {dagbag.py:588} INFO - Filling up the DagBag from /home/airflow/.local/lib/python3.12/site-packages/airflow/example_dags/example_datasets.py
[2024-09-26T13:03:13.219+0000] {processor.py:925} INFO - DAG(s) 'consume_1_or_2_with_dataset_expressions', 'conditional_dataset_and_time_based_timetable', 'dataset_consumes_1_and_2', 'dataset_produces_2', 'consume_1_and_2_with_dataset_expressions', 'dataset_consumes_1_never_scheduled', 'dataset_consumes_1', 'dataset_consumes_unknown_never_scheduled', 'consume_1_or_both_2_and_3_with_dataset_expressions', 'dataset_produces_1' retrieved from /home/airflow/.local/lib/python3.12/site-packages/airflow/example_dags/example_datasets.py
[2024-09-26T13:03:13.254+0000] {logging_mixin.py:190} INFO - [2024-09-26T13:03:13.254+0000] {dag.py:3239} INFO - Sync 10 DAGs
[2024-09-26T13:03:13.283+0000] {logging_mixin.py:190} INFO - [2024-09-26T13:03:13.283+0000] {dag.py:4180} INFO - Setting next_dagrun for conditional_dataset_and_time_based_timetable to 2024-09-25 01:00:00+00:00, run_after=2024-09-25 01:00:00+00:00
[2024-09-26T13:03:13.287+0000] {logging_mixin.py:190} INFO - [2024-09-26T13:03:13.287+0000] {dag.py:4180} INFO - Setting next_dagrun for consume_1_and_2_with_dataset_expressions to None, run_after=None
[2024-09-26T13:03:13.288+0000] {logging_mixin.py:190} INFO - [2024-09-26T13:03:13.288+0000] {dag.py:4180} INFO - Setting next_dagrun for consume_1_or_2_with_dataset_expressions to None, run_after=None
[2024-09-26T13:03:13.290+0000] {logging_mixin.py:190} INFO - [2024-09-26T13:03:13.290+0000] {dag.py:4180} INFO - Setting next_dagrun for consume_1_or_both_2_and_3_with_dataset_expressions to None, run_after=None
[2024-09-26T13:03:13.291+0000] {logging_mixin.py:190} INFO - [2024-09-26T13:03:13.291+0000] {dag.py:4180} INFO - Setting next_dagrun for dataset_consumes_1 to None, run_after=None
[2024-09-26T13:03:13.292+0000] {logging_mixin.py:190} INFO - [2024-09-26T13:03:13.292+0000] {dag.py:4180} INFO - Setting next_dagrun for dataset_consumes_1_and_2 to None, run_after=None
[2024-09-26T13:03:13.294+0000] {logging_mixin.py:190} INFO - [2024-09-26T13:03:13.294+0000] {dag.py:4180} INFO - Setting next_dagrun for dataset_consumes_1_never_scheduled to None, run_after=None
[2024-09-26T13:03:13.295+0000] {logging_mixin.py:190} INFO - [2024-09-26T13:03:13.295+0000] {dag.py:4180} INFO - Setting next_dagrun for dataset_consumes_unknown_never_scheduled to None, run_after=None
[2024-09-26T13:03:13.298+0000] {logging_mixin.py:190} INFO - [2024-09-26T13:03:13.298+0000] {dag.py:4180} INFO - Setting next_dagrun for dataset_produces_1 to 2024-09-25 00:00:00+00:00, run_after=2024-09-26 00:00:00+00:00
[2024-09-26T13:03:13.300+0000] {logging_mixin.py:190} INFO - [2024-09-26T13:03:13.300+0000] {dag.py:4180} INFO - Setting next_dagrun for dataset_produces_2 to None, run_after=None
[2024-09-26T13:03:13.327+0000] {processor.py:208} INFO - Processing /home/airflow/.local/lib/python3.12/site-packages/airflow/example_dags/example_datasets.py took 0.217 seconds
[2024-09-26T13:03:44.034+0000] {processor.py:186} INFO - Started process (PID=4302) to work on /home/airflow/.local/lib/python3.12/site-packages/airflow/example_dags/example_datasets.py
[2024-09-26T13:03:44.035+0000] {processor.py:914} INFO - Processing file /home/airflow/.local/lib/python3.12/site-packages/airflow/example_dags/example_datasets.py for tasks to queue
[2024-09-26T13:03:44.038+0000] {logging_mixin.py:190} INFO - [2024-09-26T13:03:44.037+0000] {dagbag.py:588} INFO - Filling up the DagBag from /home/airflow/.local/lib/python3.12/site-packages/airflow/example_dags/example_datasets.py
[2024-09-26T13:03:44.156+0000] {processor.py:925} INFO - DAG(s) 'dataset_produces_1', 'dataset_consumes_1_and_2', 'dataset_consumes_1_never_scheduled', 'dataset_consumes_unknown_never_scheduled', 'dataset_produces_2', 'consume_1_and_2_with_dataset_expressions', 'dataset_consumes_1', 'conditional_dataset_and_time_based_timetable', 'consume_1_or_both_2_and_3_with_dataset_expressions', 'consume_1_or_2_with_dataset_expressions' retrieved from /home/airflow/.local/lib/python3.12/site-packages/airflow/example_dags/example_datasets.py
[2024-09-26T13:03:44.191+0000] {logging_mixin.py:190} INFO - [2024-09-26T13:03:44.191+0000] {dag.py:3239} INFO - Sync 10 DAGs
[2024-09-26T13:03:44.214+0000] {logging_mixin.py:190} INFO - [2024-09-26T13:03:44.214+0000] {dag.py:4180} INFO - Setting next_dagrun for conditional_dataset_and_time_based_timetable to 2024-09-25 01:00:00+00:00, run_after=2024-09-25 01:00:00+00:00
[2024-09-26T13:03:44.218+0000] {logging_mixin.py:190} INFO - [2024-09-26T13:03:44.217+0000] {dag.py:4180} INFO - Setting next_dagrun for consume_1_and_2_with_dataset_expressions to None, run_after=None
[2024-09-26T13:03:44.219+0000] {logging_mixin.py:190} INFO - [2024-09-26T13:03:44.219+0000] {dag.py:4180} INFO - Setting next_dagrun for consume_1_or_2_with_dataset_expressions to None, run_after=None
[2024-09-26T13:03:44.221+0000] {logging_mixin.py:190} INFO - [2024-09-26T13:03:44.221+0000] {dag.py:4180} INFO - Setting next_dagrun for consume_1_or_both_2_and_3_with_dataset_expressions to None, run_after=None
[2024-09-26T13:03:44.222+0000] {logging_mixin.py:190} INFO - [2024-09-26T13:03:44.222+0000] {dag.py:4180} INFO - Setting next_dagrun for dataset_consumes_1 to None, run_after=None
[2024-09-26T13:03:44.223+0000] {logging_mixin.py:190} INFO - [2024-09-26T13:03:44.223+0000] {dag.py:4180} INFO - Setting next_dagrun for dataset_consumes_1_and_2 to None, run_after=None
[2024-09-26T13:03:44.225+0000] {logging_mixin.py:190} INFO - [2024-09-26T13:03:44.224+0000] {dag.py:4180} INFO - Setting next_dagrun for dataset_consumes_1_never_scheduled to None, run_after=None
[2024-09-26T13:03:44.226+0000] {logging_mixin.py:190} INFO - [2024-09-26T13:03:44.226+0000] {dag.py:4180} INFO - Setting next_dagrun for dataset_consumes_unknown_never_scheduled to None, run_after=None
[2024-09-26T13:03:44.228+0000] {logging_mixin.py:190} INFO - [2024-09-26T13:03:44.228+0000] {dag.py:4180} INFO - Setting next_dagrun for dataset_produces_1 to 2024-09-25 00:00:00+00:00, run_after=2024-09-26 00:00:00+00:00
[2024-09-26T13:03:44.230+0000] {logging_mixin.py:190} INFO - [2024-09-26T13:03:44.229+0000] {dag.py:4180} INFO - Setting next_dagrun for dataset_produces_2 to None, run_after=None
[2024-09-26T13:03:44.254+0000] {processor.py:208} INFO - Processing /home/airflow/.local/lib/python3.12/site-packages/airflow/example_dags/example_datasets.py took 0.226 seconds
[2024-09-26T13:04:14.956+0000] {processor.py:186} INFO - Started process (PID=4588) to work on /home/airflow/.local/lib/python3.12/site-packages/airflow/example_dags/example_datasets.py
[2024-09-26T13:04:14.957+0000] {processor.py:914} INFO - Processing file /home/airflow/.local/lib/python3.12/site-packages/airflow/example_dags/example_datasets.py for tasks to queue
[2024-09-26T13:04:14.958+0000] {logging_mixin.py:190} INFO - [2024-09-26T13:04:14.958+0000] {dagbag.py:588} INFO - Filling up the DagBag from /home/airflow/.local/lib/python3.12/site-packages/airflow/example_dags/example_datasets.py
[2024-09-26T13:04:15.066+0000] {processor.py:925} INFO - DAG(s) 'consume_1_and_2_with_dataset_expressions', 'dataset_consumes_1_and_2', 'dataset_consumes_1_never_scheduled', 'consume_1_or_both_2_and_3_with_dataset_expressions', 'dataset_consumes_1', 'dataset_consumes_unknown_never_scheduled', 'dataset_produces_1', 'dataset_produces_2', 'consume_1_or_2_with_dataset_expressions', 'conditional_dataset_and_time_based_timetable' retrieved from /home/airflow/.local/lib/python3.12/site-packages/airflow/example_dags/example_datasets.py
[2024-09-26T13:04:15.099+0000] {logging_mixin.py:190} INFO - [2024-09-26T13:04:15.098+0000] {dag.py:3239} INFO - Sync 10 DAGs
[2024-09-26T13:04:15.121+0000] {logging_mixin.py:190} INFO - [2024-09-26T13:04:15.121+0000] {dag.py:4180} INFO - Setting next_dagrun for conditional_dataset_and_time_based_timetable to 2024-09-25 01:00:00+00:00, run_after=2024-09-25 01:00:00+00:00
[2024-09-26T13:04:15.125+0000] {logging_mixin.py:190} INFO - [2024-09-26T13:04:15.125+0000] {dag.py:4180} INFO - Setting next_dagrun for consume_1_and_2_with_dataset_expressions to None, run_after=None
[2024-09-26T13:04:15.126+0000] {logging_mixin.py:190} INFO - [2024-09-26T13:04:15.126+0000] {dag.py:4180} INFO - Setting next_dagrun for consume_1_or_2_with_dataset_expressions to None, run_after=None
[2024-09-26T13:04:15.127+0000] {logging_mixin.py:190} INFO - [2024-09-26T13:04:15.127+0000] {dag.py:4180} INFO - Setting next_dagrun for consume_1_or_both_2_and_3_with_dataset_expressions to None, run_after=None
[2024-09-26T13:04:15.128+0000] {logging_mixin.py:190} INFO - [2024-09-26T13:04:15.128+0000] {dag.py:4180} INFO - Setting next_dagrun for dataset_consumes_1 to None, run_after=None
[2024-09-26T13:04:15.129+0000] {logging_mixin.py:190} INFO - [2024-09-26T13:04:15.129+0000] {dag.py:4180} INFO - Setting next_dagrun for dataset_consumes_1_and_2 to None, run_after=None
[2024-09-26T13:04:15.131+0000] {logging_mixin.py:190} INFO - [2024-09-26T13:04:15.130+0000] {dag.py:4180} INFO - Setting next_dagrun for dataset_consumes_1_never_scheduled to None, run_after=None
[2024-09-26T13:04:15.132+0000] {logging_mixin.py:190} INFO - [2024-09-26T13:04:15.132+0000] {dag.py:4180} INFO - Setting next_dagrun for dataset_consumes_unknown_never_scheduled to None, run_after=None
[2024-09-26T13:04:15.134+0000] {logging_mixin.py:190} INFO - [2024-09-26T13:04:15.134+0000] {dag.py:4180} INFO - Setting next_dagrun for dataset_produces_1 to 2024-09-25 00:00:00+00:00, run_after=2024-09-26 00:00:00+00:00
[2024-09-26T13:04:15.135+0000] {logging_mixin.py:190} INFO - [2024-09-26T13:04:15.135+0000] {dag.py:4180} INFO - Setting next_dagrun for dataset_produces_2 to None, run_after=None
[2024-09-26T13:04:15.160+0000] {processor.py:208} INFO - Processing /home/airflow/.local/lib/python3.12/site-packages/airflow/example_dags/example_datasets.py took 0.208 seconds
[2024-09-26T13:04:45.878+0000] {processor.py:186} INFO - Started process (PID=4874) to work on /home/airflow/.local/lib/python3.12/site-packages/airflow/example_dags/example_datasets.py
[2024-09-26T13:04:45.878+0000] {processor.py:914} INFO - Processing file /home/airflow/.local/lib/python3.12/site-packages/airflow/example_dags/example_datasets.py for tasks to queue
[2024-09-26T13:04:45.880+0000] {logging_mixin.py:190} INFO - [2024-09-26T13:04:45.880+0000] {dagbag.py:588} INFO - Filling up the DagBag from /home/airflow/.local/lib/python3.12/site-packages/airflow/example_dags/example_datasets.py
[2024-09-26T13:04:45.982+0000] {processor.py:925} INFO - DAG(s) 'conditional_dataset_and_time_based_timetable', 'consume_1_or_2_with_dataset_expressions', 'dataset_consumes_1_and_2', 'dataset_consumes_1', 'dataset_consumes_unknown_never_scheduled', 'dataset_consumes_1_never_scheduled', 'dataset_produces_2', 'dataset_produces_1', 'consume_1_or_both_2_and_3_with_dataset_expressions', 'consume_1_and_2_with_dataset_expressions' retrieved from /home/airflow/.local/lib/python3.12/site-packages/airflow/example_dags/example_datasets.py
[2024-09-26T13:04:46.014+0000] {logging_mixin.py:190} INFO - [2024-09-26T13:04:46.014+0000] {dag.py:3239} INFO - Sync 10 DAGs
[2024-09-26T13:04:46.035+0000] {logging_mixin.py:190} INFO - [2024-09-26T13:04:46.035+0000] {dag.py:4180} INFO - Setting next_dagrun for conditional_dataset_and_time_based_timetable to 2024-09-25 01:00:00+00:00, run_after=2024-09-25 01:00:00+00:00
[2024-09-26T13:04:46.038+0000] {logging_mixin.py:190} INFO - [2024-09-26T13:04:46.038+0000] {dag.py:4180} INFO - Setting next_dagrun for consume_1_and_2_with_dataset_expressions to None, run_after=None
[2024-09-26T13:04:46.039+0000] {logging_mixin.py:190} INFO - [2024-09-26T13:04:46.039+0000] {dag.py:4180} INFO - Setting next_dagrun for consume_1_or_2_with_dataset_expressions to None, run_after=None
[2024-09-26T13:04:46.040+0000] {logging_mixin.py:190} INFO - [2024-09-26T13:04:46.040+0000] {dag.py:4180} INFO - Setting next_dagrun for consume_1_or_both_2_and_3_with_dataset_expressions to None, run_after=None
[2024-09-26T13:04:46.042+0000] {logging_mixin.py:190} INFO - [2024-09-26T13:04:46.041+0000] {dag.py:4180} INFO - Setting next_dagrun for dataset_consumes_1 to None, run_after=None
[2024-09-26T13:04:46.044+0000] {logging_mixin.py:190} INFO - [2024-09-26T13:04:46.044+0000] {dag.py:4180} INFO - Setting next_dagrun for dataset_consumes_1_and_2 to None, run_after=None
[2024-09-26T13:04:46.045+0000] {logging_mixin.py:190} INFO - [2024-09-26T13:04:46.045+0000] {dag.py:4180} INFO - Setting next_dagrun for dataset_consumes_1_never_scheduled to None, run_after=None
[2024-09-26T13:04:46.047+0000] {logging_mixin.py:190} INFO - [2024-09-26T13:04:46.047+0000] {dag.py:4180} INFO - Setting next_dagrun for dataset_consumes_unknown_never_scheduled to None, run_after=None
[2024-09-26T13:04:46.049+0000] {logging_mixin.py:190} INFO - [2024-09-26T13:04:46.049+0000] {dag.py:4180} INFO - Setting next_dagrun for dataset_produces_1 to 2024-09-25 00:00:00+00:00, run_after=2024-09-26 00:00:00+00:00
[2024-09-26T13:04:46.050+0000] {logging_mixin.py:190} INFO - [2024-09-26T13:04:46.050+0000] {dag.py:4180} INFO - Setting next_dagrun for dataset_produces_2 to None, run_after=None
[2024-09-26T13:04:46.075+0000] {processor.py:208} INFO - Processing /home/airflow/.local/lib/python3.12/site-packages/airflow/example_dags/example_datasets.py took 0.202 seconds
[2024-09-26T13:05:16.165+0000] {processor.py:186} INFO - Started process (PID=5165) to work on /home/airflow/.local/lib/python3.12/site-packages/airflow/example_dags/example_datasets.py
[2024-09-26T13:05:16.166+0000] {processor.py:914} INFO - Processing file /home/airflow/.local/lib/python3.12/site-packages/airflow/example_dags/example_datasets.py for tasks to queue
[2024-09-26T13:05:16.168+0000] {logging_mixin.py:190} INFO - [2024-09-26T13:05:16.168+0000] {dagbag.py:588} INFO - Filling up the DagBag from /home/airflow/.local/lib/python3.12/site-packages/airflow/example_dags/example_datasets.py
[2024-09-26T13:05:16.273+0000] {processor.py:925} INFO - DAG(s) 'consume_1_and_2_with_dataset_expressions', 'dataset_consumes_unknown_never_scheduled', 'consume_1_or_2_with_dataset_expressions', 'consume_1_or_both_2_and_3_with_dataset_expressions', 'conditional_dataset_and_time_based_timetable', 'dataset_produces_2', 'dataset_consumes_1', 'dataset_consumes_1_and_2', 'dataset_produces_1', 'dataset_consumes_1_never_scheduled' retrieved from /home/airflow/.local/lib/python3.12/site-packages/airflow/example_dags/example_datasets.py
[2024-09-26T13:05:16.320+0000] {logging_mixin.py:190} INFO - [2024-09-26T13:05:16.320+0000] {dag.py:3239} INFO - Sync 10 DAGs
[2024-09-26T13:05:16.346+0000] {logging_mixin.py:190} INFO - [2024-09-26T13:05:16.346+0000] {dag.py:4180} INFO - Setting next_dagrun for conditional_dataset_and_time_based_timetable to 2024-09-25 01:00:00+00:00, run_after=2024-09-25 01:00:00+00:00
[2024-09-26T13:05:16.349+0000] {logging_mixin.py:190} INFO - [2024-09-26T13:05:16.349+0000] {dag.py:4180} INFO - Setting next_dagrun for consume_1_and_2_with_dataset_expressions to None, run_after=None
[2024-09-26T13:05:16.350+0000] {logging_mixin.py:190} INFO - [2024-09-26T13:05:16.350+0000] {dag.py:4180} INFO - Setting next_dagrun for consume_1_or_2_with_dataset_expressions to None, run_after=None
[2024-09-26T13:05:16.352+0000] {logging_mixin.py:190} INFO - [2024-09-26T13:05:16.351+0000] {dag.py:4180} INFO - Setting next_dagrun for consume_1_or_both_2_and_3_with_dataset_expressions to None, run_after=None
[2024-09-26T13:05:16.353+0000] {logging_mixin.py:190} INFO - [2024-09-26T13:05:16.353+0000] {dag.py:4180} INFO - Setting next_dagrun for dataset_consumes_1 to None, run_after=None
[2024-09-26T13:05:16.354+0000] {logging_mixin.py:190} INFO - [2024-09-26T13:05:16.354+0000] {dag.py:4180} INFO - Setting next_dagrun for dataset_consumes_1_and_2 to None, run_after=None
[2024-09-26T13:05:16.355+0000] {logging_mixin.py:190} INFO - [2024-09-26T13:05:16.355+0000] {dag.py:4180} INFO - Setting next_dagrun for dataset_consumes_1_never_scheduled to None, run_after=None
[2024-09-26T13:05:16.356+0000] {logging_mixin.py:190} INFO - [2024-09-26T13:05:16.356+0000] {dag.py:4180} INFO - Setting next_dagrun for dataset_consumes_unknown_never_scheduled to None, run_after=None
[2024-09-26T13:05:16.358+0000] {logging_mixin.py:190} INFO - [2024-09-26T13:05:16.358+0000] {dag.py:4180} INFO - Setting next_dagrun for dataset_produces_1 to 2024-09-25 00:00:00+00:00, run_after=2024-09-26 00:00:00+00:00
[2024-09-26T13:05:16.359+0000] {logging_mixin.py:190} INFO - [2024-09-26T13:05:16.359+0000] {dag.py:4180} INFO - Setting next_dagrun for dataset_produces_2 to None, run_after=None
[2024-09-26T13:05:16.388+0000] {processor.py:208} INFO - Processing /home/airflow/.local/lib/python3.12/site-packages/airflow/example_dags/example_datasets.py took 0.227 seconds
[2024-09-26T13:05:46.527+0000] {processor.py:186} INFO - Started process (PID=5461) to work on /home/airflow/.local/lib/python3.12/site-packages/airflow/example_dags/example_datasets.py
[2024-09-26T13:05:46.527+0000] {processor.py:914} INFO - Processing file /home/airflow/.local/lib/python3.12/site-packages/airflow/example_dags/example_datasets.py for tasks to queue
[2024-09-26T13:05:46.529+0000] {logging_mixin.py:190} INFO - [2024-09-26T13:05:46.529+0000] {dagbag.py:588} INFO - Filling up the DagBag from /home/airflow/.local/lib/python3.12/site-packages/airflow/example_dags/example_datasets.py
[2024-09-26T13:05:46.638+0000] {processor.py:925} INFO - DAG(s) 'dataset_consumes_1_and_2', 'conditional_dataset_and_time_based_timetable', 'consume_1_and_2_with_dataset_expressions', 'dataset_consumes_1', 'dataset_produces_1', 'consume_1_or_both_2_and_3_with_dataset_expressions', 'consume_1_or_2_with_dataset_expressions', 'dataset_consumes_1_never_scheduled', 'dataset_consumes_unknown_never_scheduled', 'dataset_produces_2' retrieved from /home/airflow/.local/lib/python3.12/site-packages/airflow/example_dags/example_datasets.py
[2024-09-26T13:05:46.671+0000] {logging_mixin.py:190} INFO - [2024-09-26T13:05:46.671+0000] {dag.py:3239} INFO - Sync 10 DAGs
[2024-09-26T13:05:46.692+0000] {logging_mixin.py:190} INFO - [2024-09-26T13:05:46.692+0000] {dag.py:4180} INFO - Setting next_dagrun for conditional_dataset_and_time_based_timetable to 2024-09-25 01:00:00+00:00, run_after=2024-09-25 01:00:00+00:00
[2024-09-26T13:05:46.695+0000] {logging_mixin.py:190} INFO - [2024-09-26T13:05:46.695+0000] {dag.py:4180} INFO - Setting next_dagrun for consume_1_and_2_with_dataset_expressions to None, run_after=None
[2024-09-26T13:05:46.696+0000] {logging_mixin.py:190} INFO - [2024-09-26T13:05:46.696+0000] {dag.py:4180} INFO - Setting next_dagrun for consume_1_or_2_with_dataset_expressions to None, run_after=None
[2024-09-26T13:05:46.697+0000] {logging_mixin.py:190} INFO - [2024-09-26T13:05:46.697+0000] {dag.py:4180} INFO - Setting next_dagrun for consume_1_or_both_2_and_3_with_dataset_expressions to None, run_after=None
[2024-09-26T13:05:46.698+0000] {logging_mixin.py:190} INFO - [2024-09-26T13:05:46.698+0000] {dag.py:4180} INFO - Setting next_dagrun for dataset_consumes_1 to None, run_after=None
[2024-09-26T13:05:46.699+0000] {logging_mixin.py:190} INFO - [2024-09-26T13:05:46.699+0000] {dag.py:4180} INFO - Setting next_dagrun for dataset_consumes_1_and_2 to None, run_after=None
[2024-09-26T13:05:46.700+0000] {logging_mixin.py:190} INFO - [2024-09-26T13:05:46.700+0000] {dag.py:4180} INFO - Setting next_dagrun for dataset_consumes_1_never_scheduled to None, run_after=None
[2024-09-26T13:05:46.701+0000] {logging_mixin.py:190} INFO - [2024-09-26T13:05:46.701+0000] {dag.py:4180} INFO - Setting next_dagrun for dataset_consumes_unknown_never_scheduled to None, run_after=None
[2024-09-26T13:05:46.703+0000] {logging_mixin.py:190} INFO - [2024-09-26T13:05:46.703+0000] {dag.py:4180} INFO - Setting next_dagrun for dataset_produces_1 to 2024-09-25 00:00:00+00:00, run_after=2024-09-26 00:00:00+00:00
[2024-09-26T13:05:46.704+0000] {logging_mixin.py:190} INFO - [2024-09-26T13:05:46.704+0000] {dag.py:4180} INFO - Setting next_dagrun for dataset_produces_2 to None, run_after=None
[2024-09-26T13:05:46.741+0000] {processor.py:208} INFO - Processing /home/airflow/.local/lib/python3.12/site-packages/airflow/example_dags/example_datasets.py took 0.219 seconds
