[2024-09-26T13:25:07.541+0000] {processor.py:186} INFO - Started process (PID=16389) to work on /home/airflow/.local/lib/python3.12/site-packages/airflow/example_dags/example_short_circuit_operator.py
[2024-09-26T13:25:07.542+0000] {processor.py:914} INFO - Processing file /home/airflow/.local/lib/python3.12/site-packages/airflow/example_dags/example_short_circuit_operator.py for tasks to queue
[2024-09-26T13:25:07.544+0000] {logging_mixin.py:190} INFO - [2024-09-26T13:25:07.543+0000] {dagbag.py:588} INFO - Filling up the DagBag from /home/airflow/.local/lib/python3.12/site-packages/airflow/example_dags/example_short_circuit_operator.py
[2024-09-26T13:25:07.550+0000] {processor.py:925} INFO - DAG(s) 'example_short_circuit_operator' retrieved from /home/airflow/.local/lib/python3.12/site-packages/airflow/example_dags/example_short_circuit_operator.py
[2024-09-26T13:25:07.568+0000] {logging_mixin.py:190} INFO - [2024-09-26T13:25:07.568+0000] {dag.py:3239} INFO - Sync 1 DAGs
[2024-09-26T13:25:07.580+0000] {logging_mixin.py:190} INFO - [2024-09-26T13:25:07.580+0000] {dag.py:4180} INFO - Setting next_dagrun for example_short_circuit_operator to None, run_after=None
[2024-09-26T13:25:07.596+0000] {processor.py:208} INFO - Processing /home/airflow/.local/lib/python3.12/site-packages/airflow/example_dags/example_short_circuit_operator.py took 0.060 seconds
[2024-09-26T13:25:38.213+0000] {processor.py:186} INFO - Started process (PID=16676) to work on /home/airflow/.local/lib/python3.12/site-packages/airflow/example_dags/example_short_circuit_operator.py
[2024-09-26T13:25:38.213+0000] {processor.py:914} INFO - Processing file /home/airflow/.local/lib/python3.12/site-packages/airflow/example_dags/example_short_circuit_operator.py for tasks to queue
[2024-09-26T13:25:38.215+0000] {logging_mixin.py:190} INFO - [2024-09-26T13:25:38.215+0000] {dagbag.py:588} INFO - Filling up the DagBag from /home/airflow/.local/lib/python3.12/site-packages/airflow/example_dags/example_short_circuit_operator.py
[2024-09-26T13:25:38.222+0000] {processor.py:925} INFO - DAG(s) 'example_short_circuit_operator' retrieved from /home/airflow/.local/lib/python3.12/site-packages/airflow/example_dags/example_short_circuit_operator.py
[2024-09-26T13:25:38.239+0000] {logging_mixin.py:190} INFO - [2024-09-26T13:25:38.239+0000] {dag.py:3239} INFO - Sync 1 DAGs
[2024-09-26T13:25:38.251+0000] {logging_mixin.py:190} INFO - [2024-09-26T13:25:38.251+0000] {dag.py:4180} INFO - Setting next_dagrun for example_short_circuit_operator to None, run_after=None
[2024-09-26T13:25:38.265+0000] {processor.py:208} INFO - Processing /home/airflow/.local/lib/python3.12/site-packages/airflow/example_dags/example_short_circuit_operator.py took 0.058 seconds
[2024-09-26T13:26:08.591+0000] {processor.py:186} INFO - Started process (PID=16961) to work on /home/airflow/.local/lib/python3.12/site-packages/airflow/example_dags/example_short_circuit_operator.py
[2024-09-26T13:26:08.592+0000] {processor.py:914} INFO - Processing file /home/airflow/.local/lib/python3.12/site-packages/airflow/example_dags/example_short_circuit_operator.py for tasks to queue
[2024-09-26T13:26:08.593+0000] {logging_mixin.py:190} INFO - [2024-09-26T13:26:08.593+0000] {dagbag.py:588} INFO - Filling up the DagBag from /home/airflow/.local/lib/python3.12/site-packages/airflow/example_dags/example_short_circuit_operator.py
[2024-09-26T13:26:08.600+0000] {processor.py:925} INFO - DAG(s) 'example_short_circuit_operator' retrieved from /home/airflow/.local/lib/python3.12/site-packages/airflow/example_dags/example_short_circuit_operator.py
[2024-09-26T13:26:08.619+0000] {logging_mixin.py:190} INFO - [2024-09-26T13:26:08.619+0000] {dag.py:3239} INFO - Sync 1 DAGs
[2024-09-26T13:26:08.631+0000] {logging_mixin.py:190} INFO - [2024-09-26T13:26:08.631+0000] {dag.py:4180} INFO - Setting next_dagrun for example_short_circuit_operator to None, run_after=None
[2024-09-26T13:26:08.645+0000] {processor.py:208} INFO - Processing /home/airflow/.local/lib/python3.12/site-packages/airflow/example_dags/example_short_circuit_operator.py took 0.059 seconds
[2024-09-26T13:26:39.091+0000] {processor.py:186} INFO - Started process (PID=17247) to work on /home/airflow/.local/lib/python3.12/site-packages/airflow/example_dags/example_short_circuit_operator.py
[2024-09-26T13:26:39.092+0000] {processor.py:914} INFO - Processing file /home/airflow/.local/lib/python3.12/site-packages/airflow/example_dags/example_short_circuit_operator.py for tasks to queue
[2024-09-26T13:26:39.093+0000] {logging_mixin.py:190} INFO - [2024-09-26T13:26:39.093+0000] {dagbag.py:588} INFO - Filling up the DagBag from /home/airflow/.local/lib/python3.12/site-packages/airflow/example_dags/example_short_circuit_operator.py
[2024-09-26T13:26:39.100+0000] {processor.py:925} INFO - DAG(s) 'example_short_circuit_operator' retrieved from /home/airflow/.local/lib/python3.12/site-packages/airflow/example_dags/example_short_circuit_operator.py
[2024-09-26T13:26:39.119+0000] {logging_mixin.py:190} INFO - [2024-09-26T13:26:39.119+0000] {dag.py:3239} INFO - Sync 1 DAGs
[2024-09-26T13:26:39.131+0000] {logging_mixin.py:190} INFO - [2024-09-26T13:26:39.131+0000] {dag.py:4180} INFO - Setting next_dagrun for example_short_circuit_operator to None, run_after=None
[2024-09-26T13:26:39.147+0000] {processor.py:208} INFO - Processing /home/airflow/.local/lib/python3.12/site-packages/airflow/example_dags/example_short_circuit_operator.py took 0.061 seconds
[2024-09-26T13:27:09.684+0000] {processor.py:186} INFO - Started process (PID=17535) to work on /home/airflow/.local/lib/python3.12/site-packages/airflow/example_dags/example_short_circuit_operator.py
[2024-09-26T13:27:09.685+0000] {processor.py:914} INFO - Processing file /home/airflow/.local/lib/python3.12/site-packages/airflow/example_dags/example_short_circuit_operator.py for tasks to queue
[2024-09-26T13:27:09.686+0000] {logging_mixin.py:190} INFO - [2024-09-26T13:27:09.686+0000] {dagbag.py:588} INFO - Filling up the DagBag from /home/airflow/.local/lib/python3.12/site-packages/airflow/example_dags/example_short_circuit_operator.py
[2024-09-26T13:27:09.693+0000] {processor.py:925} INFO - DAG(s) 'example_short_circuit_operator' retrieved from /home/airflow/.local/lib/python3.12/site-packages/airflow/example_dags/example_short_circuit_operator.py
[2024-09-26T13:27:09.712+0000] {logging_mixin.py:190} INFO - [2024-09-26T13:27:09.712+0000] {dag.py:3239} INFO - Sync 1 DAGs
[2024-09-26T13:27:09.724+0000] {logging_mixin.py:190} INFO - [2024-09-26T13:27:09.724+0000] {dag.py:4180} INFO - Setting next_dagrun for example_short_circuit_operator to None, run_after=None
[2024-09-26T13:27:09.738+0000] {processor.py:208} INFO - Processing /home/airflow/.local/lib/python3.12/site-packages/airflow/example_dags/example_short_circuit_operator.py took 0.059 seconds
[2024-09-26T13:27:40.682+0000] {processor.py:186} INFO - Started process (PID=17819) to work on /home/airflow/.local/lib/python3.12/site-packages/airflow/example_dags/example_short_circuit_operator.py
[2024-09-26T13:27:40.683+0000] {processor.py:914} INFO - Processing file /home/airflow/.local/lib/python3.12/site-packages/airflow/example_dags/example_short_circuit_operator.py for tasks to queue
[2024-09-26T13:27:40.684+0000] {logging_mixin.py:190} INFO - [2024-09-26T13:27:40.684+0000] {dagbag.py:588} INFO - Filling up the DagBag from /home/airflow/.local/lib/python3.12/site-packages/airflow/example_dags/example_short_circuit_operator.py
[2024-09-26T13:27:40.692+0000] {processor.py:925} INFO - DAG(s) 'example_short_circuit_operator' retrieved from /home/airflow/.local/lib/python3.12/site-packages/airflow/example_dags/example_short_circuit_operator.py
[2024-09-26T13:27:40.712+0000] {logging_mixin.py:190} INFO - [2024-09-26T13:27:40.712+0000] {dag.py:3239} INFO - Sync 1 DAGs
[2024-09-26T13:27:40.725+0000] {logging_mixin.py:190} INFO - [2024-09-26T13:27:40.724+0000] {dag.py:4180} INFO - Setting next_dagrun for example_short_circuit_operator to None, run_after=None
[2024-09-26T13:27:40.741+0000] {processor.py:208} INFO - Processing /home/airflow/.local/lib/python3.12/site-packages/airflow/example_dags/example_short_circuit_operator.py took 0.064 seconds
[2024-09-26T13:28:11.919+0000] {processor.py:186} INFO - Started process (PID=18105) to work on /home/airflow/.local/lib/python3.12/site-packages/airflow/example_dags/example_short_circuit_operator.py
[2024-09-26T13:28:11.920+0000] {processor.py:914} INFO - Processing file /home/airflow/.local/lib/python3.12/site-packages/airflow/example_dags/example_short_circuit_operator.py for tasks to queue
[2024-09-26T13:28:11.923+0000] {logging_mixin.py:190} INFO - [2024-09-26T13:28:11.922+0000] {dagbag.py:588} INFO - Filling up the DagBag from /home/airflow/.local/lib/python3.12/site-packages/airflow/example_dags/example_short_circuit_operator.py
[2024-09-26T13:28:11.929+0000] {processor.py:925} INFO - DAG(s) 'example_short_circuit_operator' retrieved from /home/airflow/.local/lib/python3.12/site-packages/airflow/example_dags/example_short_circuit_operator.py
[2024-09-26T13:28:11.948+0000] {logging_mixin.py:190} INFO - [2024-09-26T13:28:11.947+0000] {dag.py:3239} INFO - Sync 1 DAGs
[2024-09-26T13:28:11.960+0000] {logging_mixin.py:190} INFO - [2024-09-26T13:28:11.960+0000] {dag.py:4180} INFO - Setting next_dagrun for example_short_circuit_operator to None, run_after=None
[2024-09-26T13:28:11.976+0000] {processor.py:208} INFO - Processing /home/airflow/.local/lib/python3.12/site-packages/airflow/example_dags/example_short_circuit_operator.py took 0.062 seconds
[2024-09-26T13:28:42.754+0000] {processor.py:186} INFO - Started process (PID=18391) to work on /home/airflow/.local/lib/python3.12/site-packages/airflow/example_dags/example_short_circuit_operator.py
[2024-09-26T13:28:42.754+0000] {processor.py:914} INFO - Processing file /home/airflow/.local/lib/python3.12/site-packages/airflow/example_dags/example_short_circuit_operator.py for tasks to queue
[2024-09-26T13:28:42.756+0000] {logging_mixin.py:190} INFO - [2024-09-26T13:28:42.756+0000] {dagbag.py:588} INFO - Filling up the DagBag from /home/airflow/.local/lib/python3.12/site-packages/airflow/example_dags/example_short_circuit_operator.py
[2024-09-26T13:28:42.763+0000] {processor.py:925} INFO - DAG(s) 'example_short_circuit_operator' retrieved from /home/airflow/.local/lib/python3.12/site-packages/airflow/example_dags/example_short_circuit_operator.py
[2024-09-26T13:28:42.781+0000] {logging_mixin.py:190} INFO - [2024-09-26T13:28:42.781+0000] {dag.py:3239} INFO - Sync 1 DAGs
[2024-09-26T13:28:42.795+0000] {logging_mixin.py:190} INFO - [2024-09-26T13:28:42.794+0000] {dag.py:4180} INFO - Setting next_dagrun for example_short_circuit_operator to None, run_after=None
[2024-09-26T13:28:42.809+0000] {processor.py:208} INFO - Processing /home/airflow/.local/lib/python3.12/site-packages/airflow/example_dags/example_short_circuit_operator.py took 0.060 seconds
[2024-09-26T13:29:13.092+0000] {processor.py:186} INFO - Started process (PID=18677) to work on /home/airflow/.local/lib/python3.12/site-packages/airflow/example_dags/example_short_circuit_operator.py
[2024-09-26T13:29:13.093+0000] {processor.py:914} INFO - Processing file /home/airflow/.local/lib/python3.12/site-packages/airflow/example_dags/example_short_circuit_operator.py for tasks to queue
[2024-09-26T13:29:13.096+0000] {logging_mixin.py:190} INFO - [2024-09-26T13:29:13.096+0000] {dagbag.py:588} INFO - Filling up the DagBag from /home/airflow/.local/lib/python3.12/site-packages/airflow/example_dags/example_short_circuit_operator.py
[2024-09-26T13:29:13.105+0000] {processor.py:925} INFO - DAG(s) 'example_short_circuit_operator' retrieved from /home/airflow/.local/lib/python3.12/site-packages/airflow/example_dags/example_short_circuit_operator.py
[2024-09-26T13:29:13.129+0000] {logging_mixin.py:190} INFO - [2024-09-26T13:29:13.128+0000] {dag.py:3239} INFO - Sync 1 DAGs
[2024-09-26T13:29:13.145+0000] {logging_mixin.py:190} INFO - [2024-09-26T13:29:13.144+0000] {dag.py:4180} INFO - Setting next_dagrun for example_short_circuit_operator to None, run_after=None
[2024-09-26T13:29:13.161+0000] {processor.py:208} INFO - Processing /home/airflow/.local/lib/python3.12/site-packages/airflow/example_dags/example_short_circuit_operator.py took 0.074 seconds
[2024-09-26T13:29:43.392+0000] {processor.py:186} INFO - Started process (PID=18963) to work on /home/airflow/.local/lib/python3.12/site-packages/airflow/example_dags/example_short_circuit_operator.py
[2024-09-26T13:29:43.393+0000] {processor.py:914} INFO - Processing file /home/airflow/.local/lib/python3.12/site-packages/airflow/example_dags/example_short_circuit_operator.py for tasks to queue
[2024-09-26T13:29:43.394+0000] {logging_mixin.py:190} INFO - [2024-09-26T13:29:43.394+0000] {dagbag.py:588} INFO - Filling up the DagBag from /home/airflow/.local/lib/python3.12/site-packages/airflow/example_dags/example_short_circuit_operator.py
[2024-09-26T13:29:43.401+0000] {processor.py:925} INFO - DAG(s) 'example_short_circuit_operator' retrieved from /home/airflow/.local/lib/python3.12/site-packages/airflow/example_dags/example_short_circuit_operator.py
[2024-09-26T13:29:43.418+0000] {logging_mixin.py:190} INFO - [2024-09-26T13:29:43.418+0000] {dag.py:3239} INFO - Sync 1 DAGs
[2024-09-26T13:29:43.430+0000] {logging_mixin.py:190} INFO - [2024-09-26T13:29:43.429+0000] {dag.py:4180} INFO - Setting next_dagrun for example_short_circuit_operator to None, run_after=None
[2024-09-26T13:29:43.445+0000] {processor.py:208} INFO - Processing /home/airflow/.local/lib/python3.12/site-packages/airflow/example_dags/example_short_circuit_operator.py took 0.057 seconds
[2024-09-26T13:30:13.610+0000] {processor.py:186} INFO - Started process (PID=19249) to work on /home/airflow/.local/lib/python3.12/site-packages/airflow/example_dags/example_short_circuit_operator.py
[2024-09-26T13:30:13.611+0000] {processor.py:914} INFO - Processing file /home/airflow/.local/lib/python3.12/site-packages/airflow/example_dags/example_short_circuit_operator.py for tasks to queue
[2024-09-26T13:30:13.613+0000] {logging_mixin.py:190} INFO - [2024-09-26T13:30:13.612+0000] {dagbag.py:588} INFO - Filling up the DagBag from /home/airflow/.local/lib/python3.12/site-packages/airflow/example_dags/example_short_circuit_operator.py
[2024-09-26T13:30:13.619+0000] {processor.py:925} INFO - DAG(s) 'example_short_circuit_operator' retrieved from /home/airflow/.local/lib/python3.12/site-packages/airflow/example_dags/example_short_circuit_operator.py
[2024-09-26T13:30:13.644+0000] {logging_mixin.py:190} INFO - [2024-09-26T13:30:13.644+0000] {dag.py:3239} INFO - Sync 1 DAGs
[2024-09-26T13:30:13.657+0000] {logging_mixin.py:190} INFO - [2024-09-26T13:30:13.657+0000] {dag.py:4180} INFO - Setting next_dagrun for example_short_circuit_operator to None, run_after=None
[2024-09-26T13:30:13.672+0000] {processor.py:208} INFO - Processing /home/airflow/.local/lib/python3.12/site-packages/airflow/example_dags/example_short_circuit_operator.py took 0.067 seconds
[2024-09-26T13:30:44.566+0000] {processor.py:186} INFO - Started process (PID=19541) to work on /home/airflow/.local/lib/python3.12/site-packages/airflow/example_dags/example_short_circuit_operator.py
[2024-09-26T13:30:44.567+0000] {processor.py:914} INFO - Processing file /home/airflow/.local/lib/python3.12/site-packages/airflow/example_dags/example_short_circuit_operator.py for tasks to queue
[2024-09-26T13:30:44.569+0000] {logging_mixin.py:190} INFO - [2024-09-26T13:30:44.569+0000] {dagbag.py:588} INFO - Filling up the DagBag from /home/airflow/.local/lib/python3.12/site-packages/airflow/example_dags/example_short_circuit_operator.py
[2024-09-26T13:30:44.577+0000] {processor.py:925} INFO - DAG(s) 'example_short_circuit_operator' retrieved from /home/airflow/.local/lib/python3.12/site-packages/airflow/example_dags/example_short_circuit_operator.py
[2024-09-26T13:30:44.595+0000] {logging_mixin.py:190} INFO - [2024-09-26T13:30:44.595+0000] {dag.py:3239} INFO - Sync 1 DAGs
[2024-09-26T13:30:44.610+0000] {logging_mixin.py:190} INFO - [2024-09-26T13:30:44.609+0000] {dag.py:4180} INFO - Setting next_dagrun for example_short_circuit_operator to None, run_after=None
[2024-09-26T13:30:44.626+0000] {processor.py:208} INFO - Processing /home/airflow/.local/lib/python3.12/site-packages/airflow/example_dags/example_short_circuit_operator.py took 0.065 seconds
[2024-09-26T13:31:15.441+0000] {processor.py:186} INFO - Started process (PID=19828) to work on /home/airflow/.local/lib/python3.12/site-packages/airflow/example_dags/example_short_circuit_operator.py
[2024-09-26T13:31:15.442+0000] {processor.py:914} INFO - Processing file /home/airflow/.local/lib/python3.12/site-packages/airflow/example_dags/example_short_circuit_operator.py for tasks to queue
[2024-09-26T13:31:15.445+0000] {logging_mixin.py:190} INFO - [2024-09-26T13:31:15.445+0000] {dagbag.py:588} INFO - Filling up the DagBag from /home/airflow/.local/lib/python3.12/site-packages/airflow/example_dags/example_short_circuit_operator.py
[2024-09-26T13:31:15.452+0000] {processor.py:925} INFO - DAG(s) 'example_short_circuit_operator' retrieved from /home/airflow/.local/lib/python3.12/site-packages/airflow/example_dags/example_short_circuit_operator.py
[2024-09-26T13:31:15.470+0000] {logging_mixin.py:190} INFO - [2024-09-26T13:31:15.470+0000] {dag.py:3239} INFO - Sync 1 DAGs
[2024-09-26T13:31:15.482+0000] {logging_mixin.py:190} INFO - [2024-09-26T13:31:15.482+0000] {dag.py:4180} INFO - Setting next_dagrun for example_short_circuit_operator to None, run_after=None
[2024-09-26T13:31:15.497+0000] {processor.py:208} INFO - Processing /home/airflow/.local/lib/python3.12/site-packages/airflow/example_dags/example_short_circuit_operator.py took 0.060 seconds
[2024-09-26T13:31:46.274+0000] {processor.py:186} INFO - Started process (PID=20114) to work on /home/airflow/.local/lib/python3.12/site-packages/airflow/example_dags/example_short_circuit_operator.py
[2024-09-26T13:31:46.274+0000] {processor.py:914} INFO - Processing file /home/airflow/.local/lib/python3.12/site-packages/airflow/example_dags/example_short_circuit_operator.py for tasks to queue
[2024-09-26T13:31:46.276+0000] {logging_mixin.py:190} INFO - [2024-09-26T13:31:46.276+0000] {dagbag.py:588} INFO - Filling up the DagBag from /home/airflow/.local/lib/python3.12/site-packages/airflow/example_dags/example_short_circuit_operator.py
[2024-09-26T13:31:46.283+0000] {processor.py:925} INFO - DAG(s) 'example_short_circuit_operator' retrieved from /home/airflow/.local/lib/python3.12/site-packages/airflow/example_dags/example_short_circuit_operator.py
[2024-09-26T13:31:46.301+0000] {logging_mixin.py:190} INFO - [2024-09-26T13:31:46.301+0000] {dag.py:3239} INFO - Sync 1 DAGs
[2024-09-26T13:31:46.314+0000] {logging_mixin.py:190} INFO - [2024-09-26T13:31:46.314+0000] {dag.py:4180} INFO - Setting next_dagrun for example_short_circuit_operator to None, run_after=None
[2024-09-26T13:31:46.329+0000] {processor.py:208} INFO - Processing /home/airflow/.local/lib/python3.12/site-packages/airflow/example_dags/example_short_circuit_operator.py took 0.060 seconds
[2024-09-26T13:32:17.129+0000] {processor.py:186} INFO - Started process (PID=20400) to work on /home/airflow/.local/lib/python3.12/site-packages/airflow/example_dags/example_short_circuit_operator.py
[2024-09-26T13:32:17.129+0000] {processor.py:914} INFO - Processing file /home/airflow/.local/lib/python3.12/site-packages/airflow/example_dags/example_short_circuit_operator.py for tasks to queue
[2024-09-26T13:32:17.131+0000] {logging_mixin.py:190} INFO - [2024-09-26T13:32:17.131+0000] {dagbag.py:588} INFO - Filling up the DagBag from /home/airflow/.local/lib/python3.12/site-packages/airflow/example_dags/example_short_circuit_operator.py
[2024-09-26T13:32:17.138+0000] {processor.py:925} INFO - DAG(s) 'example_short_circuit_operator' retrieved from /home/airflow/.local/lib/python3.12/site-packages/airflow/example_dags/example_short_circuit_operator.py
[2024-09-26T13:32:17.156+0000] {logging_mixin.py:190} INFO - [2024-09-26T13:32:17.155+0000] {dag.py:3239} INFO - Sync 1 DAGs
[2024-09-26T13:32:17.168+0000] {logging_mixin.py:190} INFO - [2024-09-26T13:32:17.168+0000] {dag.py:4180} INFO - Setting next_dagrun for example_short_circuit_operator to None, run_after=None
[2024-09-26T13:32:17.183+0000] {processor.py:208} INFO - Processing /home/airflow/.local/lib/python3.12/site-packages/airflow/example_dags/example_short_circuit_operator.py took 0.059 seconds
[2024-09-26T13:32:47.884+0000] {processor.py:186} INFO - Started process (PID=20686) to work on /home/airflow/.local/lib/python3.12/site-packages/airflow/example_dags/example_short_circuit_operator.py
[2024-09-26T13:32:47.885+0000] {processor.py:914} INFO - Processing file /home/airflow/.local/lib/python3.12/site-packages/airflow/example_dags/example_short_circuit_operator.py for tasks to queue
[2024-09-26T13:32:47.887+0000] {logging_mixin.py:190} INFO - [2024-09-26T13:32:47.886+0000] {dagbag.py:588} INFO - Filling up the DagBag from /home/airflow/.local/lib/python3.12/site-packages/airflow/example_dags/example_short_circuit_operator.py
[2024-09-26T13:32:47.894+0000] {processor.py:925} INFO - DAG(s) 'example_short_circuit_operator' retrieved from /home/airflow/.local/lib/python3.12/site-packages/airflow/example_dags/example_short_circuit_operator.py
[2024-09-26T13:32:47.914+0000] {logging_mixin.py:190} INFO - [2024-09-26T13:32:47.913+0000] {dag.py:3239} INFO - Sync 1 DAGs
[2024-09-26T13:32:47.926+0000] {logging_mixin.py:190} INFO - [2024-09-26T13:32:47.926+0000] {dag.py:4180} INFO - Setting next_dagrun for example_short_circuit_operator to None, run_after=None
[2024-09-26T13:32:47.940+0000] {processor.py:208} INFO - Processing /home/airflow/.local/lib/python3.12/site-packages/airflow/example_dags/example_short_circuit_operator.py took 0.061 seconds
[2024-09-26T13:33:18.759+0000] {processor.py:186} INFO - Started process (PID=20972) to work on /home/airflow/.local/lib/python3.12/site-packages/airflow/example_dags/example_short_circuit_operator.py
[2024-09-26T13:33:18.759+0000] {processor.py:914} INFO - Processing file /home/airflow/.local/lib/python3.12/site-packages/airflow/example_dags/example_short_circuit_operator.py for tasks to queue
[2024-09-26T13:33:18.761+0000] {logging_mixin.py:190} INFO - [2024-09-26T13:33:18.761+0000] {dagbag.py:588} INFO - Filling up the DagBag from /home/airflow/.local/lib/python3.12/site-packages/airflow/example_dags/example_short_circuit_operator.py
[2024-09-26T13:33:18.768+0000] {processor.py:925} INFO - DAG(s) 'example_short_circuit_operator' retrieved from /home/airflow/.local/lib/python3.12/site-packages/airflow/example_dags/example_short_circuit_operator.py
[2024-09-26T13:33:18.785+0000] {logging_mixin.py:190} INFO - [2024-09-26T13:33:18.785+0000] {dag.py:3239} INFO - Sync 1 DAGs
[2024-09-26T13:33:18.798+0000] {logging_mixin.py:190} INFO - [2024-09-26T13:33:18.798+0000] {dag.py:4180} INFO - Setting next_dagrun for example_short_circuit_operator to None, run_after=None
[2024-09-26T13:33:18.813+0000] {processor.py:208} INFO - Processing /home/airflow/.local/lib/python3.12/site-packages/airflow/example_dags/example_short_circuit_operator.py took 0.059 seconds
[2024-09-26T13:33:49.612+0000] {processor.py:186} INFO - Started process (PID=21258) to work on /home/airflow/.local/lib/python3.12/site-packages/airflow/example_dags/example_short_circuit_operator.py
[2024-09-26T13:33:49.613+0000] {processor.py:914} INFO - Processing file /home/airflow/.local/lib/python3.12/site-packages/airflow/example_dags/example_short_circuit_operator.py for tasks to queue
[2024-09-26T13:33:49.615+0000] {logging_mixin.py:190} INFO - [2024-09-26T13:33:49.615+0000] {dagbag.py:588} INFO - Filling up the DagBag from /home/airflow/.local/lib/python3.12/site-packages/airflow/example_dags/example_short_circuit_operator.py
[2024-09-26T13:33:49.621+0000] {processor.py:925} INFO - DAG(s) 'example_short_circuit_operator' retrieved from /home/airflow/.local/lib/python3.12/site-packages/airflow/example_dags/example_short_circuit_operator.py
[2024-09-26T13:33:49.640+0000] {logging_mixin.py:190} INFO - [2024-09-26T13:33:49.639+0000] {dag.py:3239} INFO - Sync 1 DAGs
[2024-09-26T13:33:49.652+0000] {logging_mixin.py:190} INFO - [2024-09-26T13:33:49.652+0000] {dag.py:4180} INFO - Setting next_dagrun for example_short_circuit_operator to None, run_after=None
[2024-09-26T13:33:49.666+0000] {processor.py:208} INFO - Processing /home/airflow/.local/lib/python3.12/site-packages/airflow/example_dags/example_short_circuit_operator.py took 0.058 seconds
[2024-09-26T13:34:20.523+0000] {processor.py:186} INFO - Started process (PID=21544) to work on /home/airflow/.local/lib/python3.12/site-packages/airflow/example_dags/example_short_circuit_operator.py
[2024-09-26T13:34:20.523+0000] {processor.py:914} INFO - Processing file /home/airflow/.local/lib/python3.12/site-packages/airflow/example_dags/example_short_circuit_operator.py for tasks to queue
[2024-09-26T13:34:20.525+0000] {logging_mixin.py:190} INFO - [2024-09-26T13:34:20.525+0000] {dagbag.py:588} INFO - Filling up the DagBag from /home/airflow/.local/lib/python3.12/site-packages/airflow/example_dags/example_short_circuit_operator.py
[2024-09-26T13:34:20.532+0000] {processor.py:925} INFO - DAG(s) 'example_short_circuit_operator' retrieved from /home/airflow/.local/lib/python3.12/site-packages/airflow/example_dags/example_short_circuit_operator.py
[2024-09-26T13:34:20.550+0000] {logging_mixin.py:190} INFO - [2024-09-26T13:34:20.550+0000] {dag.py:3239} INFO - Sync 1 DAGs
[2024-09-26T13:34:20.563+0000] {logging_mixin.py:190} INFO - [2024-09-26T13:34:20.563+0000] {dag.py:4180} INFO - Setting next_dagrun for example_short_circuit_operator to None, run_after=None
[2024-09-26T13:34:20.577+0000] {processor.py:208} INFO - Processing /home/airflow/.local/lib/python3.12/site-packages/airflow/example_dags/example_short_circuit_operator.py took 0.059 seconds
[2024-09-26T13:34:51.350+0000] {processor.py:186} INFO - Started process (PID=21830) to work on /home/airflow/.local/lib/python3.12/site-packages/airflow/example_dags/example_short_circuit_operator.py
[2024-09-26T13:34:51.350+0000] {processor.py:914} INFO - Processing file /home/airflow/.local/lib/python3.12/site-packages/airflow/example_dags/example_short_circuit_operator.py for tasks to queue
[2024-09-26T13:34:51.352+0000] {logging_mixin.py:190} INFO - [2024-09-26T13:34:51.352+0000] {dagbag.py:588} INFO - Filling up the DagBag from /home/airflow/.local/lib/python3.12/site-packages/airflow/example_dags/example_short_circuit_operator.py
[2024-09-26T13:34:51.359+0000] {processor.py:925} INFO - DAG(s) 'example_short_circuit_operator' retrieved from /home/airflow/.local/lib/python3.12/site-packages/airflow/example_dags/example_short_circuit_operator.py
[2024-09-26T13:34:51.376+0000] {logging_mixin.py:190} INFO - [2024-09-26T13:34:51.376+0000] {dag.py:3239} INFO - Sync 1 DAGs
[2024-09-26T13:34:51.389+0000] {logging_mixin.py:190} INFO - [2024-09-26T13:34:51.388+0000] {dag.py:4180} INFO - Setting next_dagrun for example_short_circuit_operator to None, run_after=None
[2024-09-26T13:34:51.403+0000] {processor.py:208} INFO - Processing /home/airflow/.local/lib/python3.12/site-packages/airflow/example_dags/example_short_circuit_operator.py took 0.057 seconds
[2024-09-26T13:35:21.598+0000] {processor.py:186} INFO - Started process (PID=22116) to work on /home/airflow/.local/lib/python3.12/site-packages/airflow/example_dags/example_short_circuit_operator.py
[2024-09-26T13:35:21.599+0000] {processor.py:914} INFO - Processing file /home/airflow/.local/lib/python3.12/site-packages/airflow/example_dags/example_short_circuit_operator.py for tasks to queue
[2024-09-26T13:35:21.601+0000] {logging_mixin.py:190} INFO - [2024-09-26T13:35:21.600+0000] {dagbag.py:588} INFO - Filling up the DagBag from /home/airflow/.local/lib/python3.12/site-packages/airflow/example_dags/example_short_circuit_operator.py
[2024-09-26T13:35:21.608+0000] {processor.py:925} INFO - DAG(s) 'example_short_circuit_operator' retrieved from /home/airflow/.local/lib/python3.12/site-packages/airflow/example_dags/example_short_circuit_operator.py
[2024-09-26T13:35:21.626+0000] {logging_mixin.py:190} INFO - [2024-09-26T13:35:21.626+0000] {dag.py:3239} INFO - Sync 1 DAGs
[2024-09-26T13:35:21.638+0000] {logging_mixin.py:190} INFO - [2024-09-26T13:35:21.638+0000] {dag.py:4180} INFO - Setting next_dagrun for example_short_circuit_operator to None, run_after=None
[2024-09-26T13:35:21.653+0000] {processor.py:208} INFO - Processing /home/airflow/.local/lib/python3.12/site-packages/airflow/example_dags/example_short_circuit_operator.py took 0.060 seconds
[2024-09-26T13:35:51.825+0000] {processor.py:186} INFO - Started process (PID=22402) to work on /home/airflow/.local/lib/python3.12/site-packages/airflow/example_dags/example_short_circuit_operator.py
[2024-09-26T13:35:51.826+0000] {processor.py:914} INFO - Processing file /home/airflow/.local/lib/python3.12/site-packages/airflow/example_dags/example_short_circuit_operator.py for tasks to queue
[2024-09-26T13:35:51.828+0000] {logging_mixin.py:190} INFO - [2024-09-26T13:35:51.827+0000] {dagbag.py:588} INFO - Filling up the DagBag from /home/airflow/.local/lib/python3.12/site-packages/airflow/example_dags/example_short_circuit_operator.py
[2024-09-26T13:35:51.834+0000] {processor.py:925} INFO - DAG(s) 'example_short_circuit_operator' retrieved from /home/airflow/.local/lib/python3.12/site-packages/airflow/example_dags/example_short_circuit_operator.py
[2024-09-26T13:35:51.852+0000] {logging_mixin.py:190} INFO - [2024-09-26T13:35:51.851+0000] {dag.py:3239} INFO - Sync 1 DAGs
[2024-09-26T13:35:51.863+0000] {logging_mixin.py:190} INFO - [2024-09-26T13:35:51.863+0000] {dag.py:4180} INFO - Setting next_dagrun for example_short_circuit_operator to None, run_after=None
[2024-09-26T13:35:51.877+0000] {processor.py:208} INFO - Processing /home/airflow/.local/lib/python3.12/site-packages/airflow/example_dags/example_short_circuit_operator.py took 0.057 seconds
[2024-09-26T13:36:22.139+0000] {processor.py:186} INFO - Started process (PID=22688) to work on /home/airflow/.local/lib/python3.12/site-packages/airflow/example_dags/example_short_circuit_operator.py
[2024-09-26T13:36:22.140+0000] {processor.py:914} INFO - Processing file /home/airflow/.local/lib/python3.12/site-packages/airflow/example_dags/example_short_circuit_operator.py for tasks to queue
[2024-09-26T13:36:22.141+0000] {logging_mixin.py:190} INFO - [2024-09-26T13:36:22.141+0000] {dagbag.py:588} INFO - Filling up the DagBag from /home/airflow/.local/lib/python3.12/site-packages/airflow/example_dags/example_short_circuit_operator.py
[2024-09-26T13:36:22.148+0000] {processor.py:925} INFO - DAG(s) 'example_short_circuit_operator' retrieved from /home/airflow/.local/lib/python3.12/site-packages/airflow/example_dags/example_short_circuit_operator.py
[2024-09-26T13:36:22.167+0000] {logging_mixin.py:190} INFO - [2024-09-26T13:36:22.167+0000] {dag.py:3239} INFO - Sync 1 DAGs
[2024-09-26T13:36:22.180+0000] {logging_mixin.py:190} INFO - [2024-09-26T13:36:22.180+0000] {dag.py:4180} INFO - Setting next_dagrun for example_short_circuit_operator to None, run_after=None
[2024-09-26T13:36:22.196+0000] {processor.py:208} INFO - Processing /home/airflow/.local/lib/python3.12/site-packages/airflow/example_dags/example_short_circuit_operator.py took 0.062 seconds
[2024-09-26T13:36:52.392+0000] {processor.py:186} INFO - Started process (PID=22979) to work on /home/airflow/.local/lib/python3.12/site-packages/airflow/example_dags/example_short_circuit_operator.py
[2024-09-26T13:36:52.393+0000] {processor.py:914} INFO - Processing file /home/airflow/.local/lib/python3.12/site-packages/airflow/example_dags/example_short_circuit_operator.py for tasks to queue
[2024-09-26T13:36:52.396+0000] {logging_mixin.py:190} INFO - [2024-09-26T13:36:52.396+0000] {dagbag.py:588} INFO - Filling up the DagBag from /home/airflow/.local/lib/python3.12/site-packages/airflow/example_dags/example_short_circuit_operator.py
[2024-09-26T13:36:52.407+0000] {processor.py:925} INFO - DAG(s) 'example_short_circuit_operator' retrieved from /home/airflow/.local/lib/python3.12/site-packages/airflow/example_dags/example_short_circuit_operator.py
[2024-09-26T13:36:52.428+0000] {logging_mixin.py:190} INFO - [2024-09-26T13:36:52.428+0000] {dag.py:3239} INFO - Sync 1 DAGs
[2024-09-26T13:36:52.442+0000] {logging_mixin.py:190} INFO - [2024-09-26T13:36:52.442+0000] {dag.py:4180} INFO - Setting next_dagrun for example_short_circuit_operator to None, run_after=None
[2024-09-26T13:36:52.456+0000] {processor.py:208} INFO - Processing /home/airflow/.local/lib/python3.12/site-packages/airflow/example_dags/example_short_circuit_operator.py took 0.069 seconds
[2024-09-26T13:37:22.643+0000] {processor.py:186} INFO - Started process (PID=23270) to work on /home/airflow/.local/lib/python3.12/site-packages/airflow/example_dags/example_short_circuit_operator.py
[2024-09-26T13:37:22.644+0000] {processor.py:914} INFO - Processing file /home/airflow/.local/lib/python3.12/site-packages/airflow/example_dags/example_short_circuit_operator.py for tasks to queue
[2024-09-26T13:37:22.645+0000] {logging_mixin.py:190} INFO - [2024-09-26T13:37:22.645+0000] {dagbag.py:588} INFO - Filling up the DagBag from /home/airflow/.local/lib/python3.12/site-packages/airflow/example_dags/example_short_circuit_operator.py
[2024-09-26T13:37:22.652+0000] {processor.py:925} INFO - DAG(s) 'example_short_circuit_operator' retrieved from /home/airflow/.local/lib/python3.12/site-packages/airflow/example_dags/example_short_circuit_operator.py
[2024-09-26T13:37:22.670+0000] {logging_mixin.py:190} INFO - [2024-09-26T13:37:22.670+0000] {dag.py:3239} INFO - Sync 1 DAGs
[2024-09-26T13:37:22.682+0000] {logging_mixin.py:190} INFO - [2024-09-26T13:37:22.682+0000] {dag.py:4180} INFO - Setting next_dagrun for example_short_circuit_operator to None, run_after=None
[2024-09-26T13:37:22.698+0000] {processor.py:208} INFO - Processing /home/airflow/.local/lib/python3.12/site-packages/airflow/example_dags/example_short_circuit_operator.py took 0.059 seconds
[2024-09-26T13:37:52.789+0000] {processor.py:186} INFO - Started process (PID=23561) to work on /home/airflow/.local/lib/python3.12/site-packages/airflow/example_dags/example_short_circuit_operator.py
[2024-09-26T13:37:52.790+0000] {processor.py:914} INFO - Processing file /home/airflow/.local/lib/python3.12/site-packages/airflow/example_dags/example_short_circuit_operator.py for tasks to queue
[2024-09-26T13:37:52.792+0000] {logging_mixin.py:190} INFO - [2024-09-26T13:37:52.792+0000] {dagbag.py:588} INFO - Filling up the DagBag from /home/airflow/.local/lib/python3.12/site-packages/airflow/example_dags/example_short_circuit_operator.py
[2024-09-26T13:37:52.799+0000] {processor.py:925} INFO - DAG(s) 'example_short_circuit_operator' retrieved from /home/airflow/.local/lib/python3.12/site-packages/airflow/example_dags/example_short_circuit_operator.py
[2024-09-26T13:37:52.817+0000] {logging_mixin.py:190} INFO - [2024-09-26T13:37:52.817+0000] {dag.py:3239} INFO - Sync 1 DAGs
[2024-09-26T13:37:52.829+0000] {logging_mixin.py:190} INFO - [2024-09-26T13:37:52.829+0000] {dag.py:4180} INFO - Setting next_dagrun for example_short_circuit_operator to None, run_after=None
[2024-09-26T13:37:52.843+0000] {processor.py:208} INFO - Processing /home/airflow/.local/lib/python3.12/site-packages/airflow/example_dags/example_short_circuit_operator.py took 0.058 seconds
[2024-09-26T13:38:24.013+0000] {processor.py:186} INFO - Started process (PID=23852) to work on /home/airflow/.local/lib/python3.12/site-packages/airflow/example_dags/example_short_circuit_operator.py
[2024-09-26T13:38:24.014+0000] {processor.py:914} INFO - Processing file /home/airflow/.local/lib/python3.12/site-packages/airflow/example_dags/example_short_circuit_operator.py for tasks to queue
[2024-09-26T13:38:24.016+0000] {logging_mixin.py:190} INFO - [2024-09-26T13:38:24.015+0000] {dagbag.py:588} INFO - Filling up the DagBag from /home/airflow/.local/lib/python3.12/site-packages/airflow/example_dags/example_short_circuit_operator.py
[2024-09-26T13:38:24.022+0000] {processor.py:925} INFO - DAG(s) 'example_short_circuit_operator' retrieved from /home/airflow/.local/lib/python3.12/site-packages/airflow/example_dags/example_short_circuit_operator.py
[2024-09-26T13:38:24.041+0000] {logging_mixin.py:190} INFO - [2024-09-26T13:38:24.041+0000] {dag.py:3239} INFO - Sync 1 DAGs
[2024-09-26T13:38:24.053+0000] {logging_mixin.py:190} INFO - [2024-09-26T13:38:24.052+0000] {dag.py:4180} INFO - Setting next_dagrun for example_short_circuit_operator to None, run_after=None
[2024-09-26T13:38:24.066+0000] {processor.py:208} INFO - Processing /home/airflow/.local/lib/python3.12/site-packages/airflow/example_dags/example_short_circuit_operator.py took 0.058 seconds
[2024-09-26T13:38:54.276+0000] {processor.py:186} INFO - Started process (PID=24143) to work on /home/airflow/.local/lib/python3.12/site-packages/airflow/example_dags/example_short_circuit_operator.py
[2024-09-26T13:38:54.276+0000] {processor.py:914} INFO - Processing file /home/airflow/.local/lib/python3.12/site-packages/airflow/example_dags/example_short_circuit_operator.py for tasks to queue
[2024-09-26T13:38:54.278+0000] {logging_mixin.py:190} INFO - [2024-09-26T13:38:54.278+0000] {dagbag.py:588} INFO - Filling up the DagBag from /home/airflow/.local/lib/python3.12/site-packages/airflow/example_dags/example_short_circuit_operator.py
[2024-09-26T13:38:54.285+0000] {processor.py:925} INFO - DAG(s) 'example_short_circuit_operator' retrieved from /home/airflow/.local/lib/python3.12/site-packages/airflow/example_dags/example_short_circuit_operator.py
[2024-09-26T13:38:54.302+0000] {logging_mixin.py:190} INFO - [2024-09-26T13:38:54.302+0000] {dag.py:3239} INFO - Sync 1 DAGs
[2024-09-26T13:38:54.314+0000] {logging_mixin.py:190} INFO - [2024-09-26T13:38:54.314+0000] {dag.py:4180} INFO - Setting next_dagrun for example_short_circuit_operator to None, run_after=None
[2024-09-26T13:38:54.329+0000] {processor.py:208} INFO - Processing /home/airflow/.local/lib/python3.12/site-packages/airflow/example_dags/example_short_circuit_operator.py took 0.058 seconds
[2024-09-26T13:39:25.478+0000] {processor.py:186} INFO - Started process (PID=24434) to work on /home/airflow/.local/lib/python3.12/site-packages/airflow/example_dags/example_short_circuit_operator.py
[2024-09-26T13:39:25.478+0000] {processor.py:914} INFO - Processing file /home/airflow/.local/lib/python3.12/site-packages/airflow/example_dags/example_short_circuit_operator.py for tasks to queue
[2024-09-26T13:39:25.480+0000] {logging_mixin.py:190} INFO - [2024-09-26T13:39:25.480+0000] {dagbag.py:588} INFO - Filling up the DagBag from /home/airflow/.local/lib/python3.12/site-packages/airflow/example_dags/example_short_circuit_operator.py
[2024-09-26T13:39:25.487+0000] {processor.py:925} INFO - DAG(s) 'example_short_circuit_operator' retrieved from /home/airflow/.local/lib/python3.12/site-packages/airflow/example_dags/example_short_circuit_operator.py
[2024-09-26T13:39:25.505+0000] {logging_mixin.py:190} INFO - [2024-09-26T13:39:25.505+0000] {dag.py:3239} INFO - Sync 1 DAGs
[2024-09-26T13:39:25.518+0000] {logging_mixin.py:190} INFO - [2024-09-26T13:39:25.517+0000] {dag.py:4180} INFO - Setting next_dagrun for example_short_circuit_operator to None, run_after=None
[2024-09-26T13:39:25.532+0000] {processor.py:208} INFO - Processing /home/airflow/.local/lib/python3.12/site-packages/airflow/example_dags/example_short_circuit_operator.py took 0.059 seconds
[2024-09-26T13:39:55.740+0000] {processor.py:186} INFO - Started process (PID=24727) to work on /home/airflow/.local/lib/python3.12/site-packages/airflow/example_dags/example_short_circuit_operator.py
[2024-09-26T13:39:55.741+0000] {processor.py:914} INFO - Processing file /home/airflow/.local/lib/python3.12/site-packages/airflow/example_dags/example_short_circuit_operator.py for tasks to queue
[2024-09-26T13:39:55.743+0000] {logging_mixin.py:190} INFO - [2024-09-26T13:39:55.743+0000] {dagbag.py:588} INFO - Filling up the DagBag from /home/airflow/.local/lib/python3.12/site-packages/airflow/example_dags/example_short_circuit_operator.py
[2024-09-26T13:39:55.749+0000] {processor.py:925} INFO - DAG(s) 'example_short_circuit_operator' retrieved from /home/airflow/.local/lib/python3.12/site-packages/airflow/example_dags/example_short_circuit_operator.py
[2024-09-26T13:39:55.767+0000] {logging_mixin.py:190} INFO - [2024-09-26T13:39:55.767+0000] {dag.py:3239} INFO - Sync 1 DAGs
[2024-09-26T13:39:55.779+0000] {logging_mixin.py:190} INFO - [2024-09-26T13:39:55.779+0000] {dag.py:4180} INFO - Setting next_dagrun for example_short_circuit_operator to None, run_after=None
[2024-09-26T13:39:55.794+0000] {processor.py:208} INFO - Processing /home/airflow/.local/lib/python3.12/site-packages/airflow/example_dags/example_short_circuit_operator.py took 0.058 seconds
[2024-09-26T13:40:26.950+0000] {processor.py:186} INFO - Started process (PID=25023) to work on /home/airflow/.local/lib/python3.12/site-packages/airflow/example_dags/example_short_circuit_operator.py
[2024-09-26T13:40:26.951+0000] {processor.py:914} INFO - Processing file /home/airflow/.local/lib/python3.12/site-packages/airflow/example_dags/example_short_circuit_operator.py for tasks to queue
[2024-09-26T13:40:26.953+0000] {logging_mixin.py:190} INFO - [2024-09-26T13:40:26.952+0000] {dagbag.py:588} INFO - Filling up the DagBag from /home/airflow/.local/lib/python3.12/site-packages/airflow/example_dags/example_short_circuit_operator.py
[2024-09-26T13:40:26.959+0000] {processor.py:925} INFO - DAG(s) 'example_short_circuit_operator' retrieved from /home/airflow/.local/lib/python3.12/site-packages/airflow/example_dags/example_short_circuit_operator.py
[2024-09-26T13:40:26.978+0000] {logging_mixin.py:190} INFO - [2024-09-26T13:40:26.978+0000] {dag.py:3239} INFO - Sync 1 DAGs
[2024-09-26T13:40:26.990+0000] {logging_mixin.py:190} INFO - [2024-09-26T13:40:26.990+0000] {dag.py:4180} INFO - Setting next_dagrun for example_short_circuit_operator to None, run_after=None
[2024-09-26T13:40:27.005+0000] {processor.py:208} INFO - Processing /home/airflow/.local/lib/python3.12/site-packages/airflow/example_dags/example_short_circuit_operator.py took 0.059 seconds
[2024-09-26T13:40:57.260+0000] {processor.py:186} INFO - Started process (PID=25312) to work on /home/airflow/.local/lib/python3.12/site-packages/airflow/example_dags/example_short_circuit_operator.py
[2024-09-26T13:40:57.261+0000] {processor.py:914} INFO - Processing file /home/airflow/.local/lib/python3.12/site-packages/airflow/example_dags/example_short_circuit_operator.py for tasks to queue
[2024-09-26T13:40:57.263+0000] {logging_mixin.py:190} INFO - [2024-09-26T13:40:57.262+0000] {dagbag.py:588} INFO - Filling up the DagBag from /home/airflow/.local/lib/python3.12/site-packages/airflow/example_dags/example_short_circuit_operator.py
[2024-09-26T13:40:57.270+0000] {processor.py:925} INFO - DAG(s) 'example_short_circuit_operator' retrieved from /home/airflow/.local/lib/python3.12/site-packages/airflow/example_dags/example_short_circuit_operator.py
[2024-09-26T13:40:57.288+0000] {logging_mixin.py:190} INFO - [2024-09-26T13:40:57.288+0000] {dag.py:3239} INFO - Sync 1 DAGs
[2024-09-26T13:40:57.301+0000] {logging_mixin.py:190} INFO - [2024-09-26T13:40:57.301+0000] {dag.py:4180} INFO - Setting next_dagrun for example_short_circuit_operator to None, run_after=None
[2024-09-26T13:40:57.316+0000] {processor.py:208} INFO - Processing /home/airflow/.local/lib/python3.12/site-packages/airflow/example_dags/example_short_circuit_operator.py took 0.060 seconds
[2024-09-26T13:41:27.443+0000] {processor.py:186} INFO - Started process (PID=25605) to work on /home/airflow/.local/lib/python3.12/site-packages/airflow/example_dags/example_short_circuit_operator.py
[2024-09-26T13:41:27.444+0000] {processor.py:914} INFO - Processing file /home/airflow/.local/lib/python3.12/site-packages/airflow/example_dags/example_short_circuit_operator.py for tasks to queue
[2024-09-26T13:41:27.445+0000] {logging_mixin.py:190} INFO - [2024-09-26T13:41:27.445+0000] {dagbag.py:588} INFO - Filling up the DagBag from /home/airflow/.local/lib/python3.12/site-packages/airflow/example_dags/example_short_circuit_operator.py
[2024-09-26T13:41:27.452+0000] {processor.py:925} INFO - DAG(s) 'example_short_circuit_operator' retrieved from /home/airflow/.local/lib/python3.12/site-packages/airflow/example_dags/example_short_circuit_operator.py
[2024-09-26T13:41:27.470+0000] {logging_mixin.py:190} INFO - [2024-09-26T13:41:27.470+0000] {dag.py:3239} INFO - Sync 1 DAGs
[2024-09-26T13:41:27.482+0000] {logging_mixin.py:190} INFO - [2024-09-26T13:41:27.482+0000] {dag.py:4180} INFO - Setting next_dagrun for example_short_circuit_operator to None, run_after=None
[2024-09-26T13:41:27.497+0000] {processor.py:208} INFO - Processing /home/airflow/.local/lib/python3.12/site-packages/airflow/example_dags/example_short_circuit_operator.py took 0.058 seconds
[2024-09-26T13:41:57.728+0000] {processor.py:186} INFO - Started process (PID=25894) to work on /home/airflow/.local/lib/python3.12/site-packages/airflow/example_dags/example_short_circuit_operator.py
[2024-09-26T13:41:57.729+0000] {processor.py:914} INFO - Processing file /home/airflow/.local/lib/python3.12/site-packages/airflow/example_dags/example_short_circuit_operator.py for tasks to queue
[2024-09-26T13:41:57.731+0000] {logging_mixin.py:190} INFO - [2024-09-26T13:41:57.731+0000] {dagbag.py:588} INFO - Filling up the DagBag from /home/airflow/.local/lib/python3.12/site-packages/airflow/example_dags/example_short_circuit_operator.py
[2024-09-26T13:41:57.737+0000] {processor.py:925} INFO - DAG(s) 'example_short_circuit_operator' retrieved from /home/airflow/.local/lib/python3.12/site-packages/airflow/example_dags/example_short_circuit_operator.py
[2024-09-26T13:41:57.755+0000] {logging_mixin.py:190} INFO - [2024-09-26T13:41:57.755+0000] {dag.py:3239} INFO - Sync 1 DAGs
[2024-09-26T13:41:57.768+0000] {logging_mixin.py:190} INFO - [2024-09-26T13:41:57.768+0000] {dag.py:4180} INFO - Setting next_dagrun for example_short_circuit_operator to None, run_after=None
[2024-09-26T13:41:57.783+0000] {processor.py:208} INFO - Processing /home/airflow/.local/lib/python3.12/site-packages/airflow/example_dags/example_short_circuit_operator.py took 0.059 seconds
[2024-09-26T13:42:28.286+0000] {processor.py:186} INFO - Started process (PID=26187) to work on /home/airflow/.local/lib/python3.12/site-packages/airflow/example_dags/example_short_circuit_operator.py
[2024-09-26T13:42:28.286+0000] {processor.py:914} INFO - Processing file /home/airflow/.local/lib/python3.12/site-packages/airflow/example_dags/example_short_circuit_operator.py for tasks to queue
[2024-09-26T13:42:28.288+0000] {logging_mixin.py:190} INFO - [2024-09-26T13:42:28.288+0000] {dagbag.py:588} INFO - Filling up the DagBag from /home/airflow/.local/lib/python3.12/site-packages/airflow/example_dags/example_short_circuit_operator.py
[2024-09-26T13:42:28.295+0000] {processor.py:925} INFO - DAG(s) 'example_short_circuit_operator' retrieved from /home/airflow/.local/lib/python3.12/site-packages/airflow/example_dags/example_short_circuit_operator.py
[2024-09-26T13:42:28.313+0000] {logging_mixin.py:190} INFO - [2024-09-26T13:42:28.312+0000] {dag.py:3239} INFO - Sync 1 DAGs
[2024-09-26T13:42:28.325+0000] {logging_mixin.py:190} INFO - [2024-09-26T13:42:28.325+0000] {dag.py:4180} INFO - Setting next_dagrun for example_short_circuit_operator to None, run_after=None
[2024-09-26T13:42:28.340+0000] {processor.py:208} INFO - Processing /home/airflow/.local/lib/python3.12/site-packages/airflow/example_dags/example_short_circuit_operator.py took 0.059 seconds
[2024-09-26T13:42:58.559+0000] {processor.py:186} INFO - Started process (PID=26476) to work on /home/airflow/.local/lib/python3.12/site-packages/airflow/example_dags/example_short_circuit_operator.py
[2024-09-26T13:42:58.560+0000] {processor.py:914} INFO - Processing file /home/airflow/.local/lib/python3.12/site-packages/airflow/example_dags/example_short_circuit_operator.py for tasks to queue
[2024-09-26T13:42:58.562+0000] {logging_mixin.py:190} INFO - [2024-09-26T13:42:58.561+0000] {dagbag.py:588} INFO - Filling up the DagBag from /home/airflow/.local/lib/python3.12/site-packages/airflow/example_dags/example_short_circuit_operator.py
[2024-09-26T13:42:58.568+0000] {processor.py:925} INFO - DAG(s) 'example_short_circuit_operator' retrieved from /home/airflow/.local/lib/python3.12/site-packages/airflow/example_dags/example_short_circuit_operator.py
[2024-09-26T13:42:58.587+0000] {logging_mixin.py:190} INFO - [2024-09-26T13:42:58.587+0000] {dag.py:3239} INFO - Sync 1 DAGs
[2024-09-26T13:42:58.600+0000] {logging_mixin.py:190} INFO - [2024-09-26T13:42:58.599+0000] {dag.py:4180} INFO - Setting next_dagrun for example_short_circuit_operator to None, run_after=None
[2024-09-26T13:42:58.616+0000] {processor.py:208} INFO - Processing /home/airflow/.local/lib/python3.12/site-packages/airflow/example_dags/example_short_circuit_operator.py took 0.061 seconds
[2024-09-26T13:43:29.492+0000] {processor.py:186} INFO - Started process (PID=26769) to work on /home/airflow/.local/lib/python3.12/site-packages/airflow/example_dags/example_short_circuit_operator.py
[2024-09-26T13:43:29.492+0000] {processor.py:914} INFO - Processing file /home/airflow/.local/lib/python3.12/site-packages/airflow/example_dags/example_short_circuit_operator.py for tasks to queue
[2024-09-26T13:43:29.494+0000] {logging_mixin.py:190} INFO - [2024-09-26T13:43:29.494+0000] {dagbag.py:588} INFO - Filling up the DagBag from /home/airflow/.local/lib/python3.12/site-packages/airflow/example_dags/example_short_circuit_operator.py
[2024-09-26T13:43:29.501+0000] {processor.py:925} INFO - DAG(s) 'example_short_circuit_operator' retrieved from /home/airflow/.local/lib/python3.12/site-packages/airflow/example_dags/example_short_circuit_operator.py
[2024-09-26T13:43:29.520+0000] {logging_mixin.py:190} INFO - [2024-09-26T13:43:29.520+0000] {dag.py:3239} INFO - Sync 1 DAGs
[2024-09-26T13:43:29.532+0000] {logging_mixin.py:190} INFO - [2024-09-26T13:43:29.532+0000] {dag.py:4180} INFO - Setting next_dagrun for example_short_circuit_operator to None, run_after=None
[2024-09-26T13:43:29.552+0000] {processor.py:208} INFO - Processing /home/airflow/.local/lib/python3.12/site-packages/airflow/example_dags/example_short_circuit_operator.py took 0.066 seconds
[2024-09-26T13:43:59.811+0000] {processor.py:186} INFO - Started process (PID=27058) to work on /home/airflow/.local/lib/python3.12/site-packages/airflow/example_dags/example_short_circuit_operator.py
[2024-09-26T13:43:59.812+0000] {processor.py:914} INFO - Processing file /home/airflow/.local/lib/python3.12/site-packages/airflow/example_dags/example_short_circuit_operator.py for tasks to queue
[2024-09-26T13:43:59.814+0000] {logging_mixin.py:190} INFO - [2024-09-26T13:43:59.814+0000] {dagbag.py:588} INFO - Filling up the DagBag from /home/airflow/.local/lib/python3.12/site-packages/airflow/example_dags/example_short_circuit_operator.py
[2024-09-26T13:43:59.821+0000] {processor.py:925} INFO - DAG(s) 'example_short_circuit_operator' retrieved from /home/airflow/.local/lib/python3.12/site-packages/airflow/example_dags/example_short_circuit_operator.py
[2024-09-26T13:43:59.839+0000] {logging_mixin.py:190} INFO - [2024-09-26T13:43:59.839+0000] {dag.py:3239} INFO - Sync 1 DAGs
[2024-09-26T13:43:59.851+0000] {logging_mixin.py:190} INFO - [2024-09-26T13:43:59.851+0000] {dag.py:4180} INFO - Setting next_dagrun for example_short_circuit_operator to None, run_after=None
[2024-09-26T13:43:59.866+0000] {processor.py:208} INFO - Processing /home/airflow/.local/lib/python3.12/site-packages/airflow/example_dags/example_short_circuit_operator.py took 0.060 seconds
[2024-09-26T13:44:30.037+0000] {processor.py:186} INFO - Started process (PID=27351) to work on /home/airflow/.local/lib/python3.12/site-packages/airflow/example_dags/example_short_circuit_operator.py
[2024-09-26T13:44:30.038+0000] {processor.py:914} INFO - Processing file /home/airflow/.local/lib/python3.12/site-packages/airflow/example_dags/example_short_circuit_operator.py for tasks to queue
[2024-09-26T13:44:30.040+0000] {logging_mixin.py:190} INFO - [2024-09-26T13:44:30.039+0000] {dagbag.py:588} INFO - Filling up the DagBag from /home/airflow/.local/lib/python3.12/site-packages/airflow/example_dags/example_short_circuit_operator.py
[2024-09-26T13:44:30.046+0000] {processor.py:925} INFO - DAG(s) 'example_short_circuit_operator' retrieved from /home/airflow/.local/lib/python3.12/site-packages/airflow/example_dags/example_short_circuit_operator.py
[2024-09-26T13:44:30.065+0000] {logging_mixin.py:190} INFO - [2024-09-26T13:44:30.065+0000] {dag.py:3239} INFO - Sync 1 DAGs
[2024-09-26T13:44:30.077+0000] {logging_mixin.py:190} INFO - [2024-09-26T13:44:30.077+0000] {dag.py:4180} INFO - Setting next_dagrun for example_short_circuit_operator to None, run_after=None
[2024-09-26T13:44:30.091+0000] {processor.py:208} INFO - Processing /home/airflow/.local/lib/python3.12/site-packages/airflow/example_dags/example_short_circuit_operator.py took 0.058 seconds
[2024-09-26T13:45:00.208+0000] {processor.py:186} INFO - Started process (PID=27640) to work on /home/airflow/.local/lib/python3.12/site-packages/airflow/example_dags/example_short_circuit_operator.py
[2024-09-26T13:45:00.209+0000] {processor.py:914} INFO - Processing file /home/airflow/.local/lib/python3.12/site-packages/airflow/example_dags/example_short_circuit_operator.py for tasks to queue
[2024-09-26T13:45:00.211+0000] {logging_mixin.py:190} INFO - [2024-09-26T13:45:00.211+0000] {dagbag.py:588} INFO - Filling up the DagBag from /home/airflow/.local/lib/python3.12/site-packages/airflow/example_dags/example_short_circuit_operator.py
[2024-09-26T13:45:00.217+0000] {processor.py:925} INFO - DAG(s) 'example_short_circuit_operator' retrieved from /home/airflow/.local/lib/python3.12/site-packages/airflow/example_dags/example_short_circuit_operator.py
[2024-09-26T13:45:00.236+0000] {logging_mixin.py:190} INFO - [2024-09-26T13:45:00.236+0000] {dag.py:3239} INFO - Sync 1 DAGs
[2024-09-26T13:45:00.248+0000] {logging_mixin.py:190} INFO - [2024-09-26T13:45:00.248+0000] {dag.py:4180} INFO - Setting next_dagrun for example_short_circuit_operator to None, run_after=None
[2024-09-26T13:45:00.263+0000] {processor.py:208} INFO - Processing /home/airflow/.local/lib/python3.12/site-packages/airflow/example_dags/example_short_circuit_operator.py took 0.059 seconds
[2024-09-26T13:45:31.250+0000] {processor.py:186} INFO - Started process (PID=27932) to work on /home/airflow/.local/lib/python3.12/site-packages/airflow/example_dags/example_short_circuit_operator.py
[2024-09-26T13:45:31.251+0000] {processor.py:914} INFO - Processing file /home/airflow/.local/lib/python3.12/site-packages/airflow/example_dags/example_short_circuit_operator.py for tasks to queue
[2024-09-26T13:45:31.253+0000] {logging_mixin.py:190} INFO - [2024-09-26T13:45:31.252+0000] {dagbag.py:588} INFO - Filling up the DagBag from /home/airflow/.local/lib/python3.12/site-packages/airflow/example_dags/example_short_circuit_operator.py
[2024-09-26T13:45:31.259+0000] {processor.py:925} INFO - DAG(s) 'example_short_circuit_operator' retrieved from /home/airflow/.local/lib/python3.12/site-packages/airflow/example_dags/example_short_circuit_operator.py
[2024-09-26T13:45:31.278+0000] {logging_mixin.py:190} INFO - [2024-09-26T13:45:31.278+0000] {dag.py:3239} INFO - Sync 1 DAGs
[2024-09-26T13:45:31.291+0000] {logging_mixin.py:190} INFO - [2024-09-26T13:45:31.290+0000] {dag.py:4180} INFO - Setting next_dagrun for example_short_circuit_operator to None, run_after=None
[2024-09-26T13:45:31.306+0000] {processor.py:208} INFO - Processing /home/airflow/.local/lib/python3.12/site-packages/airflow/example_dags/example_short_circuit_operator.py took 0.061 seconds
[2024-09-26T13:46:02.183+0000] {processor.py:186} INFO - Started process (PID=28225) to work on /home/airflow/.local/lib/python3.12/site-packages/airflow/example_dags/example_short_circuit_operator.py
[2024-09-26T13:46:02.184+0000] {processor.py:914} INFO - Processing file /home/airflow/.local/lib/python3.12/site-packages/airflow/example_dags/example_short_circuit_operator.py for tasks to queue
[2024-09-26T13:46:02.186+0000] {logging_mixin.py:190} INFO - [2024-09-26T13:46:02.185+0000] {dagbag.py:588} INFO - Filling up the DagBag from /home/airflow/.local/lib/python3.12/site-packages/airflow/example_dags/example_short_circuit_operator.py
[2024-09-26T13:46:02.192+0000] {processor.py:925} INFO - DAG(s) 'example_short_circuit_operator' retrieved from /home/airflow/.local/lib/python3.12/site-packages/airflow/example_dags/example_short_circuit_operator.py
[2024-09-26T13:46:02.210+0000] {logging_mixin.py:190} INFO - [2024-09-26T13:46:02.210+0000] {dag.py:3239} INFO - Sync 1 DAGs
[2024-09-26T13:46:02.222+0000] {logging_mixin.py:190} INFO - [2024-09-26T13:46:02.222+0000] {dag.py:4180} INFO - Setting next_dagrun for example_short_circuit_operator to None, run_after=None
[2024-09-26T13:46:02.237+0000] {processor.py:208} INFO - Processing /home/airflow/.local/lib/python3.12/site-packages/airflow/example_dags/example_short_circuit_operator.py took 0.058 seconds
[2024-09-26T13:46:32.391+0000] {processor.py:186} INFO - Started process (PID=28514) to work on /home/airflow/.local/lib/python3.12/site-packages/airflow/example_dags/example_short_circuit_operator.py
[2024-09-26T13:46:32.392+0000] {processor.py:914} INFO - Processing file /home/airflow/.local/lib/python3.12/site-packages/airflow/example_dags/example_short_circuit_operator.py for tasks to queue
[2024-09-26T13:46:32.394+0000] {logging_mixin.py:190} INFO - [2024-09-26T13:46:32.394+0000] {dagbag.py:588} INFO - Filling up the DagBag from /home/airflow/.local/lib/python3.12/site-packages/airflow/example_dags/example_short_circuit_operator.py
[2024-09-26T13:46:32.401+0000] {processor.py:925} INFO - DAG(s) 'example_short_circuit_operator' retrieved from /home/airflow/.local/lib/python3.12/site-packages/airflow/example_dags/example_short_circuit_operator.py
[2024-09-26T13:46:32.420+0000] {logging_mixin.py:190} INFO - [2024-09-26T13:46:32.419+0000] {dag.py:3239} INFO - Sync 1 DAGs
[2024-09-26T13:46:32.432+0000] {logging_mixin.py:190} INFO - [2024-09-26T13:46:32.432+0000] {dag.py:4180} INFO - Setting next_dagrun for example_short_circuit_operator to None, run_after=None
[2024-09-26T13:46:32.447+0000] {processor.py:208} INFO - Processing /home/airflow/.local/lib/python3.12/site-packages/airflow/example_dags/example_short_circuit_operator.py took 0.060 seconds
[2024-09-26T13:47:02.728+0000] {processor.py:186} INFO - Started process (PID=28805) to work on /home/airflow/.local/lib/python3.12/site-packages/airflow/example_dags/example_short_circuit_operator.py
[2024-09-26T13:47:02.728+0000] {processor.py:914} INFO - Processing file /home/airflow/.local/lib/python3.12/site-packages/airflow/example_dags/example_short_circuit_operator.py for tasks to queue
[2024-09-26T13:47:02.730+0000] {logging_mixin.py:190} INFO - [2024-09-26T13:47:02.730+0000] {dagbag.py:588} INFO - Filling up the DagBag from /home/airflow/.local/lib/python3.12/site-packages/airflow/example_dags/example_short_circuit_operator.py
[2024-09-26T13:47:02.737+0000] {processor.py:925} INFO - DAG(s) 'example_short_circuit_operator' retrieved from /home/airflow/.local/lib/python3.12/site-packages/airflow/example_dags/example_short_circuit_operator.py
[2024-09-26T13:47:02.756+0000] {logging_mixin.py:190} INFO - [2024-09-26T13:47:02.756+0000] {dag.py:3239} INFO - Sync 1 DAGs
[2024-09-26T13:47:02.768+0000] {logging_mixin.py:190} INFO - [2024-09-26T13:47:02.768+0000] {dag.py:4180} INFO - Setting next_dagrun for example_short_circuit_operator to None, run_after=None
[2024-09-26T13:47:02.783+0000] {processor.py:208} INFO - Processing /home/airflow/.local/lib/python3.12/site-packages/airflow/example_dags/example_short_circuit_operator.py took 0.059 seconds
[2024-09-26T13:47:34.077+0000] {processor.py:186} INFO - Started process (PID=29101) to work on /home/airflow/.local/lib/python3.12/site-packages/airflow/example_dags/example_short_circuit_operator.py
[2024-09-26T13:47:34.078+0000] {processor.py:914} INFO - Processing file /home/airflow/.local/lib/python3.12/site-packages/airflow/example_dags/example_short_circuit_operator.py for tasks to queue
[2024-09-26T13:47:34.080+0000] {logging_mixin.py:190} INFO - [2024-09-26T13:47:34.079+0000] {dagbag.py:588} INFO - Filling up the DagBag from /home/airflow/.local/lib/python3.12/site-packages/airflow/example_dags/example_short_circuit_operator.py
[2024-09-26T13:47:34.086+0000] {processor.py:925} INFO - DAG(s) 'example_short_circuit_operator' retrieved from /home/airflow/.local/lib/python3.12/site-packages/airflow/example_dags/example_short_circuit_operator.py
[2024-09-26T13:47:34.106+0000] {logging_mixin.py:190} INFO - [2024-09-26T13:47:34.106+0000] {dag.py:3239} INFO - Sync 1 DAGs
[2024-09-26T13:47:34.118+0000] {logging_mixin.py:190} INFO - [2024-09-26T13:47:34.118+0000] {dag.py:4180} INFO - Setting next_dagrun for example_short_circuit_operator to None, run_after=None
[2024-09-26T13:47:34.133+0000] {processor.py:208} INFO - Processing /home/airflow/.local/lib/python3.12/site-packages/airflow/example_dags/example_short_circuit_operator.py took 0.061 seconds
