[2024-09-26T13:25:10.268+0000] {processor.py:186} INFO - Started process (PID=16439) to work on /home/airflow/.local/lib/python3.12/site-packages/airflow/example_dags/example_dag_decorator.py
[2024-09-26T13:25:10.269+0000] {processor.py:914} INFO - Processing file /home/airflow/.local/lib/python3.12/site-packages/airflow/example_dags/example_dag_decorator.py for tasks to queue
[2024-09-26T13:25:10.271+0000] {logging_mixin.py:190} INFO - [2024-09-26T13:25:10.270+0000] {dagbag.py:588} INFO - Filling up the DagBag from /home/airflow/.local/lib/python3.12/site-packages/airflow/example_dags/example_dag_decorator.py
[2024-09-26T13:25:10.280+0000] {processor.py:925} INFO - DAG(s) 'example_dag_decorator' retrieved from /home/airflow/.local/lib/python3.12/site-packages/airflow/example_dags/example_dag_decorator.py
[2024-09-26T13:25:10.375+0000] {logging_mixin.py:190} INFO - [2024-09-26T13:25:10.375+0000] {dag.py:3239} INFO - Sync 1 DAGs
[2024-09-26T13:25:10.512+0000] {logging_mixin.py:190} INFO - [2024-09-26T13:25:10.512+0000] {dag.py:4180} INFO - Setting next_dagrun for example_dag_decorator to None, run_after=None
[2024-09-26T13:25:10.526+0000] {processor.py:208} INFO - Processing /home/airflow/.local/lib/python3.12/site-packages/airflow/example_dags/example_dag_decorator.py took 0.262 seconds
[2024-09-26T13:25:40.887+0000] {processor.py:186} INFO - Started process (PID=16725) to work on /home/airflow/.local/lib/python3.12/site-packages/airflow/example_dags/example_dag_decorator.py
[2024-09-26T13:25:40.888+0000] {processor.py:914} INFO - Processing file /home/airflow/.local/lib/python3.12/site-packages/airflow/example_dags/example_dag_decorator.py for tasks to queue
[2024-09-26T13:25:40.890+0000] {logging_mixin.py:190} INFO - [2024-09-26T13:25:40.889+0000] {dagbag.py:588} INFO - Filling up the DagBag from /home/airflow/.local/lib/python3.12/site-packages/airflow/example_dags/example_dag_decorator.py
[2024-09-26T13:25:40.898+0000] {processor.py:925} INFO - DAG(s) 'example_dag_decorator' retrieved from /home/airflow/.local/lib/python3.12/site-packages/airflow/example_dags/example_dag_decorator.py
[2024-09-26T13:25:40.989+0000] {logging_mixin.py:190} INFO - [2024-09-26T13:25:40.989+0000] {dag.py:3239} INFO - Sync 1 DAGs
[2024-09-26T13:25:41.118+0000] {logging_mixin.py:190} INFO - [2024-09-26T13:25:41.118+0000] {dag.py:4180} INFO - Setting next_dagrun for example_dag_decorator to None, run_after=None
[2024-09-26T13:25:41.133+0000] {processor.py:208} INFO - Processing /home/airflow/.local/lib/python3.12/site-packages/airflow/example_dags/example_dag_decorator.py took 0.250 seconds
[2024-09-26T13:26:11.754+0000] {processor.py:186} INFO - Started process (PID=17016) to work on /home/airflow/.local/lib/python3.12/site-packages/airflow/example_dags/example_dag_decorator.py
[2024-09-26T13:26:11.755+0000] {processor.py:914} INFO - Processing file /home/airflow/.local/lib/python3.12/site-packages/airflow/example_dags/example_dag_decorator.py for tasks to queue
[2024-09-26T13:26:11.757+0000] {logging_mixin.py:190} INFO - [2024-09-26T13:26:11.756+0000] {dagbag.py:588} INFO - Filling up the DagBag from /home/airflow/.local/lib/python3.12/site-packages/airflow/example_dags/example_dag_decorator.py
[2024-09-26T13:26:11.766+0000] {processor.py:925} INFO - DAG(s) 'example_dag_decorator' retrieved from /home/airflow/.local/lib/python3.12/site-packages/airflow/example_dags/example_dag_decorator.py
[2024-09-26T13:26:11.859+0000] {logging_mixin.py:190} INFO - [2024-09-26T13:26:11.859+0000] {dag.py:3239} INFO - Sync 1 DAGs
[2024-09-26T13:26:11.870+0000] {logging_mixin.py:190} INFO - [2024-09-26T13:26:11.870+0000] {dag.py:4180} INFO - Setting next_dagrun for example_dag_decorator to None, run_after=None
[2024-09-26T13:26:12.002+0000] {processor.py:208} INFO - Processing /home/airflow/.local/lib/python3.12/site-packages/airflow/example_dags/example_dag_decorator.py took 0.252 seconds
[2024-09-26T13:26:42.078+0000] {processor.py:186} INFO - Started process (PID=17307) to work on /home/airflow/.local/lib/python3.12/site-packages/airflow/example_dags/example_dag_decorator.py
[2024-09-26T13:26:42.079+0000] {processor.py:914} INFO - Processing file /home/airflow/.local/lib/python3.12/site-packages/airflow/example_dags/example_dag_decorator.py for tasks to queue
[2024-09-26T13:26:42.081+0000] {logging_mixin.py:190} INFO - [2024-09-26T13:26:42.080+0000] {dagbag.py:588} INFO - Filling up the DagBag from /home/airflow/.local/lib/python3.12/site-packages/airflow/example_dags/example_dag_decorator.py
[2024-09-26T13:26:42.090+0000] {processor.py:925} INFO - DAG(s) 'example_dag_decorator' retrieved from /home/airflow/.local/lib/python3.12/site-packages/airflow/example_dags/example_dag_decorator.py
[2024-09-26T13:26:42.311+0000] {logging_mixin.py:190} INFO - [2024-09-26T13:26:42.311+0000] {dag.py:3239} INFO - Sync 1 DAGs
[2024-09-26T13:26:42.322+0000] {logging_mixin.py:190} INFO - [2024-09-26T13:26:42.322+0000] {dag.py:4180} INFO - Setting next_dagrun for example_dag_decorator to None, run_after=None
[2024-09-26T13:26:42.338+0000] {processor.py:208} INFO - Processing /home/airflow/.local/lib/python3.12/site-packages/airflow/example_dags/example_dag_decorator.py took 0.264 seconds
[2024-09-26T13:27:12.387+0000] {processor.py:186} INFO - Started process (PID=17593) to work on /home/airflow/.local/lib/python3.12/site-packages/airflow/example_dags/example_dag_decorator.py
[2024-09-26T13:27:12.388+0000] {processor.py:914} INFO - Processing file /home/airflow/.local/lib/python3.12/site-packages/airflow/example_dags/example_dag_decorator.py for tasks to queue
[2024-09-26T13:27:12.390+0000] {logging_mixin.py:190} INFO - [2024-09-26T13:27:12.390+0000] {dagbag.py:588} INFO - Filling up the DagBag from /home/airflow/.local/lib/python3.12/site-packages/airflow/example_dags/example_dag_decorator.py
[2024-09-26T13:27:12.399+0000] {processor.py:925} INFO - DAG(s) 'example_dag_decorator' retrieved from /home/airflow/.local/lib/python3.12/site-packages/airflow/example_dags/example_dag_decorator.py
[2024-09-26T13:27:12.419+0000] {logging_mixin.py:190} INFO - [2024-09-26T13:27:12.419+0000] {dag.py:3239} INFO - Sync 1 DAGs
[2024-09-26T13:27:12.431+0000] {logging_mixin.py:190} INFO - [2024-09-26T13:27:12.430+0000] {dag.py:4180} INFO - Setting next_dagrun for example_dag_decorator to None, run_after=None
[2024-09-26T13:27:12.446+0000] {processor.py:208} INFO - Processing /home/airflow/.local/lib/python3.12/site-packages/airflow/example_dags/example_dag_decorator.py took 0.064 seconds
[2024-09-26T13:27:43.500+0000] {processor.py:186} INFO - Started process (PID=17871) to work on /home/airflow/.local/lib/python3.12/site-packages/airflow/example_dags/example_dag_decorator.py
[2024-09-26T13:27:43.501+0000] {processor.py:914} INFO - Processing file /home/airflow/.local/lib/python3.12/site-packages/airflow/example_dags/example_dag_decorator.py for tasks to queue
[2024-09-26T13:27:43.503+0000] {logging_mixin.py:190} INFO - [2024-09-26T13:27:43.503+0000] {dagbag.py:588} INFO - Filling up the DagBag from /home/airflow/.local/lib/python3.12/site-packages/airflow/example_dags/example_dag_decorator.py
[2024-09-26T13:27:43.512+0000] {processor.py:925} INFO - DAG(s) 'example_dag_decorator' retrieved from /home/airflow/.local/lib/python3.12/site-packages/airflow/example_dags/example_dag_decorator.py
[2024-09-26T13:27:43.767+0000] {logging_mixin.py:190} INFO - [2024-09-26T13:27:43.766+0000] {dag.py:3239} INFO - Sync 1 DAGs
[2024-09-26T13:27:43.777+0000] {logging_mixin.py:190} INFO - [2024-09-26T13:27:43.776+0000] {dag.py:4180} INFO - Setting next_dagrun for example_dag_decorator to None, run_after=None
[2024-09-26T13:27:43.791+0000] {processor.py:208} INFO - Processing /home/airflow/.local/lib/python3.12/site-packages/airflow/example_dags/example_dag_decorator.py took 0.295 seconds
[2024-09-26T13:28:14.463+0000] {processor.py:186} INFO - Started process (PID=18161) to work on /home/airflow/.local/lib/python3.12/site-packages/airflow/example_dags/example_dag_decorator.py
[2024-09-26T13:28:14.463+0000] {processor.py:914} INFO - Processing file /home/airflow/.local/lib/python3.12/site-packages/airflow/example_dags/example_dag_decorator.py for tasks to queue
[2024-09-26T13:28:14.465+0000] {logging_mixin.py:190} INFO - [2024-09-26T13:28:14.465+0000] {dagbag.py:588} INFO - Filling up the DagBag from /home/airflow/.local/lib/python3.12/site-packages/airflow/example_dags/example_dag_decorator.py
[2024-09-26T13:28:14.474+0000] {processor.py:925} INFO - DAG(s) 'example_dag_decorator' retrieved from /home/airflow/.local/lib/python3.12/site-packages/airflow/example_dags/example_dag_decorator.py
[2024-09-26T13:28:14.567+0000] {logging_mixin.py:190} INFO - [2024-09-26T13:28:14.567+0000] {dag.py:3239} INFO - Sync 1 DAGs
[2024-09-26T13:28:14.577+0000] {logging_mixin.py:190} INFO - [2024-09-26T13:28:14.577+0000] {dag.py:4180} INFO - Setting next_dagrun for example_dag_decorator to None, run_after=None
[2024-09-26T13:28:14.592+0000] {processor.py:208} INFO - Processing /home/airflow/.local/lib/python3.12/site-packages/airflow/example_dags/example_dag_decorator.py took 0.134 seconds
[2024-09-26T13:28:45.584+0000] {processor.py:186} INFO - Started process (PID=18447) to work on /home/airflow/.local/lib/python3.12/site-packages/airflow/example_dags/example_dag_decorator.py
[2024-09-26T13:28:45.585+0000] {processor.py:914} INFO - Processing file /home/airflow/.local/lib/python3.12/site-packages/airflow/example_dags/example_dag_decorator.py for tasks to queue
[2024-09-26T13:28:45.587+0000] {logging_mixin.py:190} INFO - [2024-09-26T13:28:45.586+0000] {dagbag.py:588} INFO - Filling up the DagBag from /home/airflow/.local/lib/python3.12/site-packages/airflow/example_dags/example_dag_decorator.py
[2024-09-26T13:28:45.596+0000] {processor.py:925} INFO - DAG(s) 'example_dag_decorator' retrieved from /home/airflow/.local/lib/python3.12/site-packages/airflow/example_dags/example_dag_decorator.py
[2024-09-26T13:28:45.695+0000] {logging_mixin.py:190} INFO - [2024-09-26T13:28:45.694+0000] {dag.py:3239} INFO - Sync 1 DAGs
[2024-09-26T13:28:45.708+0000] {logging_mixin.py:190} INFO - [2024-09-26T13:28:45.707+0000] {dag.py:4180} INFO - Setting next_dagrun for example_dag_decorator to None, run_after=None
[2024-09-26T13:28:45.729+0000] {processor.py:208} INFO - Processing /home/airflow/.local/lib/python3.12/site-packages/airflow/example_dags/example_dag_decorator.py took 0.149 seconds
[2024-09-26T13:29:15.845+0000] {processor.py:186} INFO - Started process (PID=18738) to work on /home/airflow/.local/lib/python3.12/site-packages/airflow/example_dags/example_dag_decorator.py
[2024-09-26T13:29:15.846+0000] {processor.py:914} INFO - Processing file /home/airflow/.local/lib/python3.12/site-packages/airflow/example_dags/example_dag_decorator.py for tasks to queue
[2024-09-26T13:29:15.847+0000] {logging_mixin.py:190} INFO - [2024-09-26T13:29:15.847+0000] {dagbag.py:588} INFO - Filling up the DagBag from /home/airflow/.local/lib/python3.12/site-packages/airflow/example_dags/example_dag_decorator.py
[2024-09-26T13:29:15.857+0000] {processor.py:925} INFO - DAG(s) 'example_dag_decorator' retrieved from /home/airflow/.local/lib/python3.12/site-packages/airflow/example_dags/example_dag_decorator.py
[2024-09-26T13:29:15.947+0000] {logging_mixin.py:190} INFO - [2024-09-26T13:29:15.947+0000] {dag.py:3239} INFO - Sync 1 DAGs
[2024-09-26T13:29:15.957+0000] {logging_mixin.py:190} INFO - [2024-09-26T13:29:15.957+0000] {dag.py:4180} INFO - Setting next_dagrun for example_dag_decorator to None, run_after=None
[2024-09-26T13:29:15.972+0000] {processor.py:208} INFO - Processing /home/airflow/.local/lib/python3.12/site-packages/airflow/example_dags/example_dag_decorator.py took 0.131 seconds
[2024-09-26T13:29:46.076+0000] {processor.py:186} INFO - Started process (PID=19024) to work on /home/airflow/.local/lib/python3.12/site-packages/airflow/example_dags/example_dag_decorator.py
[2024-09-26T13:29:46.077+0000] {processor.py:914} INFO - Processing file /home/airflow/.local/lib/python3.12/site-packages/airflow/example_dags/example_dag_decorator.py for tasks to queue
[2024-09-26T13:29:46.079+0000] {logging_mixin.py:190} INFO - [2024-09-26T13:29:46.078+0000] {dagbag.py:588} INFO - Filling up the DagBag from /home/airflow/.local/lib/python3.12/site-packages/airflow/example_dags/example_dag_decorator.py
[2024-09-26T13:29:46.087+0000] {processor.py:925} INFO - DAG(s) 'example_dag_decorator' retrieved from /home/airflow/.local/lib/python3.12/site-packages/airflow/example_dags/example_dag_decorator.py
[2024-09-26T13:29:46.176+0000] {logging_mixin.py:190} INFO - [2024-09-26T13:29:46.176+0000] {dag.py:3239} INFO - Sync 1 DAGs
[2024-09-26T13:29:46.187+0000] {logging_mixin.py:190} INFO - [2024-09-26T13:29:46.187+0000] {dag.py:4180} INFO - Setting next_dagrun for example_dag_decorator to None, run_after=None
[2024-09-26T13:29:46.201+0000] {processor.py:208} INFO - Processing /home/airflow/.local/lib/python3.12/site-packages/airflow/example_dags/example_dag_decorator.py took 0.129 seconds
[2024-09-26T13:30:16.289+0000] {processor.py:186} INFO - Started process (PID=19310) to work on /home/airflow/.local/lib/python3.12/site-packages/airflow/example_dags/example_dag_decorator.py
[2024-09-26T13:30:16.289+0000] {processor.py:914} INFO - Processing file /home/airflow/.local/lib/python3.12/site-packages/airflow/example_dags/example_dag_decorator.py for tasks to queue
[2024-09-26T13:30:16.291+0000] {logging_mixin.py:190} INFO - [2024-09-26T13:30:16.291+0000] {dagbag.py:588} INFO - Filling up the DagBag from /home/airflow/.local/lib/python3.12/site-packages/airflow/example_dags/example_dag_decorator.py
[2024-09-26T13:30:16.300+0000] {processor.py:925} INFO - DAG(s) 'example_dag_decorator' retrieved from /home/airflow/.local/lib/python3.12/site-packages/airflow/example_dags/example_dag_decorator.py
[2024-09-26T13:30:16.393+0000] {logging_mixin.py:190} INFO - [2024-09-26T13:30:16.393+0000] {dag.py:3239} INFO - Sync 1 DAGs
[2024-09-26T13:30:16.404+0000] {logging_mixin.py:190} INFO - [2024-09-26T13:30:16.404+0000] {dag.py:4180} INFO - Setting next_dagrun for example_dag_decorator to None, run_after=None
[2024-09-26T13:30:16.418+0000] {processor.py:208} INFO - Processing /home/airflow/.local/lib/python3.12/site-packages/airflow/example_dags/example_dag_decorator.py took 0.134 seconds
[2024-09-26T13:30:47.216+0000] {processor.py:186} INFO - Started process (PID=19593) to work on /home/airflow/.local/lib/python3.12/site-packages/airflow/example_dags/example_dag_decorator.py
[2024-09-26T13:30:47.217+0000] {processor.py:914} INFO - Processing file /home/airflow/.local/lib/python3.12/site-packages/airflow/example_dags/example_dag_decorator.py for tasks to queue
[2024-09-26T13:30:47.218+0000] {logging_mixin.py:190} INFO - [2024-09-26T13:30:47.218+0000] {dagbag.py:588} INFO - Filling up the DagBag from /home/airflow/.local/lib/python3.12/site-packages/airflow/example_dags/example_dag_decorator.py
[2024-09-26T13:30:47.227+0000] {processor.py:925} INFO - DAG(s) 'example_dag_decorator' retrieved from /home/airflow/.local/lib/python3.12/site-packages/airflow/example_dags/example_dag_decorator.py
[2024-09-26T13:30:47.318+0000] {logging_mixin.py:190} INFO - [2024-09-26T13:30:47.318+0000] {dag.py:3239} INFO - Sync 1 DAGs
[2024-09-26T13:30:47.328+0000] {logging_mixin.py:190} INFO - [2024-09-26T13:30:47.328+0000] {dag.py:4180} INFO - Setting next_dagrun for example_dag_decorator to None, run_after=None
[2024-09-26T13:30:47.342+0000] {processor.py:208} INFO - Processing /home/airflow/.local/lib/python3.12/site-packages/airflow/example_dags/example_dag_decorator.py took 0.131 seconds
