[2024-09-26T13:25:10.097+0000] {processor.py:186} INFO - Started process (PID=16419) to work on /home/airflow/.local/lib/python3.12/site-packages/airflow/example_dags/example_branch_labels.py
[2024-09-26T13:25:10.098+0000] {processor.py:914} INFO - Processing file /home/airflow/.local/lib/python3.12/site-packages/airflow/example_dags/example_branch_labels.py for tasks to queue
[2024-09-26T13:25:10.100+0000] {logging_mixin.py:190} INFO - [2024-09-26T13:25:10.099+0000] {dagbag.py:588} INFO - Filling up the DagBag from /home/airflow/.local/lib/python3.12/site-packages/airflow/example_dags/example_branch_labels.py
[2024-09-26T13:25:10.108+0000] {processor.py:925} INFO - DAG(s) 'example_branch_labels' retrieved from /home/airflow/.local/lib/python3.12/site-packages/airflow/example_dags/example_branch_labels.py
[2024-09-26T13:25:10.123+0000] {logging_mixin.py:190} INFO - [2024-09-26T13:25:10.123+0000] {dag.py:3239} INFO - Sync 1 DAGs
[2024-09-26T13:25:10.145+0000] {logging_mixin.py:190} INFO - [2024-09-26T13:25:10.145+0000] {dag.py:4180} INFO - Setting next_dagrun for example_branch_labels to 2024-09-25 00:00:00+00:00, run_after=2024-09-26 00:00:00+00:00
[2024-09-26T13:25:10.161+0000] {processor.py:208} INFO - Processing /home/airflow/.local/lib/python3.12/site-packages/airflow/example_dags/example_branch_labels.py took 0.069 seconds
[2024-09-26T13:25:40.716+0000] {processor.py:186} INFO - Started process (PID=16705) to work on /home/airflow/.local/lib/python3.12/site-packages/airflow/example_dags/example_branch_labels.py
[2024-09-26T13:25:40.717+0000] {processor.py:914} INFO - Processing file /home/airflow/.local/lib/python3.12/site-packages/airflow/example_dags/example_branch_labels.py for tasks to queue
[2024-09-26T13:25:40.719+0000] {logging_mixin.py:190} INFO - [2024-09-26T13:25:40.719+0000] {dagbag.py:588} INFO - Filling up the DagBag from /home/airflow/.local/lib/python3.12/site-packages/airflow/example_dags/example_branch_labels.py
[2024-09-26T13:25:40.729+0000] {processor.py:925} INFO - DAG(s) 'example_branch_labels' retrieved from /home/airflow/.local/lib/python3.12/site-packages/airflow/example_dags/example_branch_labels.py
[2024-09-26T13:25:40.747+0000] {logging_mixin.py:190} INFO - [2024-09-26T13:25:40.746+0000] {dag.py:3239} INFO - Sync 1 DAGs
[2024-09-26T13:25:40.769+0000] {logging_mixin.py:190} INFO - [2024-09-26T13:25:40.769+0000] {dag.py:4180} INFO - Setting next_dagrun for example_branch_labels to 2024-09-25 00:00:00+00:00, run_after=2024-09-26 00:00:00+00:00
[2024-09-26T13:25:40.785+0000] {processor.py:208} INFO - Processing /home/airflow/.local/lib/python3.12/site-packages/airflow/example_dags/example_branch_labels.py took 0.074 seconds
[2024-09-26T13:26:11.263+0000] {processor.py:186} INFO - Started process (PID=16991) to work on /home/airflow/.local/lib/python3.12/site-packages/airflow/example_dags/example_branch_labels.py
[2024-09-26T13:26:11.264+0000] {processor.py:914} INFO - Processing file /home/airflow/.local/lib/python3.12/site-packages/airflow/example_dags/example_branch_labels.py for tasks to queue
[2024-09-26T13:26:11.265+0000] {logging_mixin.py:190} INFO - [2024-09-26T13:26:11.265+0000] {dagbag.py:588} INFO - Filling up the DagBag from /home/airflow/.local/lib/python3.12/site-packages/airflow/example_dags/example_branch_labels.py
[2024-09-26T13:26:11.274+0000] {processor.py:925} INFO - DAG(s) 'example_branch_labels' retrieved from /home/airflow/.local/lib/python3.12/site-packages/airflow/example_dags/example_branch_labels.py
[2024-09-26T13:26:11.289+0000] {logging_mixin.py:190} INFO - [2024-09-26T13:26:11.289+0000] {dag.py:3239} INFO - Sync 1 DAGs
[2024-09-26T13:26:11.311+0000] {logging_mixin.py:190} INFO - [2024-09-26T13:26:11.310+0000] {dag.py:4180} INFO - Setting next_dagrun for example_branch_labels to 2024-09-25 00:00:00+00:00, run_after=2024-09-26 00:00:00+00:00
[2024-09-26T13:26:11.444+0000] {processor.py:208} INFO - Processing /home/airflow/.local/lib/python3.12/site-packages/airflow/example_dags/example_branch_labels.py took 0.185 seconds
[2024-09-26T13:26:41.714+0000] {processor.py:186} INFO - Started process (PID=17277) to work on /home/airflow/.local/lib/python3.12/site-packages/airflow/example_dags/example_branch_labels.py
[2024-09-26T13:26:41.714+0000] {processor.py:914} INFO - Processing file /home/airflow/.local/lib/python3.12/site-packages/airflow/example_dags/example_branch_labels.py for tasks to queue
[2024-09-26T13:26:41.716+0000] {logging_mixin.py:190} INFO - [2024-09-26T13:26:41.716+0000] {dagbag.py:588} INFO - Filling up the DagBag from /home/airflow/.local/lib/python3.12/site-packages/airflow/example_dags/example_branch_labels.py
[2024-09-26T13:26:41.724+0000] {processor.py:925} INFO - DAG(s) 'example_branch_labels' retrieved from /home/airflow/.local/lib/python3.12/site-packages/airflow/example_dags/example_branch_labels.py
[2024-09-26T13:26:41.741+0000] {logging_mixin.py:190} INFO - [2024-09-26T13:26:41.740+0000] {dag.py:3239} INFO - Sync 1 DAGs
[2024-09-26T13:26:41.763+0000] {logging_mixin.py:190} INFO - [2024-09-26T13:26:41.763+0000] {dag.py:4180} INFO - Setting next_dagrun for example_branch_labels to 2024-09-25 00:00:00+00:00, run_after=2024-09-26 00:00:00+00:00
[2024-09-26T13:26:41.917+0000] {processor.py:208} INFO - Processing /home/airflow/.local/lib/python3.12/site-packages/airflow/example_dags/example_branch_labels.py took 0.208 seconds
[2024-09-26T13:27:12.144+0000] {processor.py:186} INFO - Started process (PID=17563) to work on /home/airflow/.local/lib/python3.12/site-packages/airflow/example_dags/example_branch_labels.py
[2024-09-26T13:27:12.144+0000] {processor.py:914} INFO - Processing file /home/airflow/.local/lib/python3.12/site-packages/airflow/example_dags/example_branch_labels.py for tasks to queue
[2024-09-26T13:27:12.146+0000] {logging_mixin.py:190} INFO - [2024-09-26T13:27:12.146+0000] {dagbag.py:588} INFO - Filling up the DagBag from /home/airflow/.local/lib/python3.12/site-packages/airflow/example_dags/example_branch_labels.py
[2024-09-26T13:27:12.153+0000] {processor.py:925} INFO - DAG(s) 'example_branch_labels' retrieved from /home/airflow/.local/lib/python3.12/site-packages/airflow/example_dags/example_branch_labels.py
[2024-09-26T13:27:12.169+0000] {logging_mixin.py:190} INFO - [2024-09-26T13:27:12.169+0000] {dag.py:3239} INFO - Sync 1 DAGs
[2024-09-26T13:27:12.191+0000] {logging_mixin.py:190} INFO - [2024-09-26T13:27:12.191+0000] {dag.py:4180} INFO - Setting next_dagrun for example_branch_labels to 2024-09-25 00:00:00+00:00, run_after=2024-09-26 00:00:00+00:00
[2024-09-26T13:27:12.207+0000] {processor.py:208} INFO - Processing /home/airflow/.local/lib/python3.12/site-packages/airflow/example_dags/example_branch_labels.py took 0.068 seconds
[2024-09-26T13:27:43.235+0000] {processor.py:186} INFO - Started process (PID=17849) to work on /home/airflow/.local/lib/python3.12/site-packages/airflow/example_dags/example_branch_labels.py
[2024-09-26T13:27:43.237+0000] {processor.py:914} INFO - Processing file /home/airflow/.local/lib/python3.12/site-packages/airflow/example_dags/example_branch_labels.py for tasks to queue
[2024-09-26T13:27:43.239+0000] {logging_mixin.py:190} INFO - [2024-09-26T13:27:43.239+0000] {dagbag.py:588} INFO - Filling up the DagBag from /home/airflow/.local/lib/python3.12/site-packages/airflow/example_dags/example_branch_labels.py
[2024-09-26T13:27:43.247+0000] {processor.py:925} INFO - DAG(s) 'example_branch_labels' retrieved from /home/airflow/.local/lib/python3.12/site-packages/airflow/example_dags/example_branch_labels.py
[2024-09-26T13:27:43.264+0000] {logging_mixin.py:190} INFO - [2024-09-26T13:27:43.264+0000] {dag.py:3239} INFO - Sync 1 DAGs
[2024-09-26T13:27:43.285+0000] {logging_mixin.py:190} INFO - [2024-09-26T13:27:43.285+0000] {dag.py:4180} INFO - Setting next_dagrun for example_branch_labels to 2024-09-25 00:00:00+00:00, run_after=2024-09-26 00:00:00+00:00
[2024-09-26T13:27:43.303+0000] {processor.py:208} INFO - Processing /home/airflow/.local/lib/python3.12/site-packages/airflow/example_dags/example_branch_labels.py took 0.073 seconds
[2024-09-26T13:28:14.274+0000] {processor.py:186} INFO - Started process (PID=18135) to work on /home/airflow/.local/lib/python3.12/site-packages/airflow/example_dags/example_branch_labels.py
[2024-09-26T13:28:14.277+0000] {processor.py:914} INFO - Processing file /home/airflow/.local/lib/python3.12/site-packages/airflow/example_dags/example_branch_labels.py for tasks to queue
[2024-09-26T13:28:14.281+0000] {logging_mixin.py:190} INFO - [2024-09-26T13:28:14.280+0000] {dagbag.py:588} INFO - Filling up the DagBag from /home/airflow/.local/lib/python3.12/site-packages/airflow/example_dags/example_branch_labels.py
[2024-09-26T13:28:14.291+0000] {processor.py:925} INFO - DAG(s) 'example_branch_labels' retrieved from /home/airflow/.local/lib/python3.12/site-packages/airflow/example_dags/example_branch_labels.py
[2024-09-26T13:28:14.312+0000] {logging_mixin.py:190} INFO - [2024-09-26T13:28:14.312+0000] {dag.py:3239} INFO - Sync 1 DAGs
[2024-09-26T13:28:14.335+0000] {logging_mixin.py:190} INFO - [2024-09-26T13:28:14.334+0000] {dag.py:4180} INFO - Setting next_dagrun for example_branch_labels to 2024-09-25 00:00:00+00:00, run_after=2024-09-26 00:00:00+00:00
[2024-09-26T13:28:14.349+0000] {processor.py:208} INFO - Processing /home/airflow/.local/lib/python3.12/site-packages/airflow/example_dags/example_branch_labels.py took 0.080 seconds
[2024-09-26T13:28:45.394+0000] {processor.py:186} INFO - Started process (PID=18427) to work on /home/airflow/.local/lib/python3.12/site-packages/airflow/example_dags/example_branch_labels.py
[2024-09-26T13:28:45.395+0000] {processor.py:914} INFO - Processing file /home/airflow/.local/lib/python3.12/site-packages/airflow/example_dags/example_branch_labels.py for tasks to queue
[2024-09-26T13:28:45.398+0000] {logging_mixin.py:190} INFO - [2024-09-26T13:28:45.397+0000] {dagbag.py:588} INFO - Filling up the DagBag from /home/airflow/.local/lib/python3.12/site-packages/airflow/example_dags/example_branch_labels.py
[2024-09-26T13:28:45.408+0000] {processor.py:925} INFO - DAG(s) 'example_branch_labels' retrieved from /home/airflow/.local/lib/python3.12/site-packages/airflow/example_dags/example_branch_labels.py
[2024-09-26T13:28:45.428+0000] {logging_mixin.py:190} INFO - [2024-09-26T13:28:45.427+0000] {dag.py:3239} INFO - Sync 1 DAGs
[2024-09-26T13:28:45.456+0000] {logging_mixin.py:190} INFO - [2024-09-26T13:28:45.456+0000] {dag.py:4180} INFO - Setting next_dagrun for example_branch_labels to 2024-09-25 00:00:00+00:00, run_after=2024-09-26 00:00:00+00:00
[2024-09-26T13:28:45.472+0000] {processor.py:208} INFO - Processing /home/airflow/.local/lib/python3.12/site-packages/airflow/example_dags/example_branch_labels.py took 0.085 seconds
[2024-09-26T13:29:15.634+0000] {processor.py:186} INFO - Started process (PID=18713) to work on /home/airflow/.local/lib/python3.12/site-packages/airflow/example_dags/example_branch_labels.py
[2024-09-26T13:29:15.634+0000] {processor.py:914} INFO - Processing file /home/airflow/.local/lib/python3.12/site-packages/airflow/example_dags/example_branch_labels.py for tasks to queue
[2024-09-26T13:29:15.636+0000] {logging_mixin.py:190} INFO - [2024-09-26T13:29:15.636+0000] {dagbag.py:588} INFO - Filling up the DagBag from /home/airflow/.local/lib/python3.12/site-packages/airflow/example_dags/example_branch_labels.py
[2024-09-26T13:29:15.644+0000] {processor.py:925} INFO - DAG(s) 'example_branch_labels' retrieved from /home/airflow/.local/lib/python3.12/site-packages/airflow/example_dags/example_branch_labels.py
[2024-09-26T13:29:15.660+0000] {logging_mixin.py:190} INFO - [2024-09-26T13:29:15.660+0000] {dag.py:3239} INFO - Sync 1 DAGs
[2024-09-26T13:29:15.682+0000] {logging_mixin.py:190} INFO - [2024-09-26T13:29:15.681+0000] {dag.py:4180} INFO - Setting next_dagrun for example_branch_labels to 2024-09-25 00:00:00+00:00, run_after=2024-09-26 00:00:00+00:00
[2024-09-26T13:29:15.696+0000] {processor.py:208} INFO - Processing /home/airflow/.local/lib/python3.12/site-packages/airflow/example_dags/example_branch_labels.py took 0.067 seconds
[2024-09-26T13:29:45.823+0000] {processor.py:186} INFO - Started process (PID=18999) to work on /home/airflow/.local/lib/python3.12/site-packages/airflow/example_dags/example_branch_labels.py
[2024-09-26T13:29:45.823+0000] {processor.py:914} INFO - Processing file /home/airflow/.local/lib/python3.12/site-packages/airflow/example_dags/example_branch_labels.py for tasks to queue
[2024-09-26T13:29:45.825+0000] {logging_mixin.py:190} INFO - [2024-09-26T13:29:45.825+0000] {dagbag.py:588} INFO - Filling up the DagBag from /home/airflow/.local/lib/python3.12/site-packages/airflow/example_dags/example_branch_labels.py
[2024-09-26T13:29:45.833+0000] {processor.py:925} INFO - DAG(s) 'example_branch_labels' retrieved from /home/airflow/.local/lib/python3.12/site-packages/airflow/example_dags/example_branch_labels.py
[2024-09-26T13:29:45.848+0000] {logging_mixin.py:190} INFO - [2024-09-26T13:29:45.848+0000] {dag.py:3239} INFO - Sync 1 DAGs
[2024-09-26T13:29:45.868+0000] {logging_mixin.py:190} INFO - [2024-09-26T13:29:45.867+0000] {dag.py:4180} INFO - Setting next_dagrun for example_branch_labels to 2024-09-25 00:00:00+00:00, run_after=2024-09-26 00:00:00+00:00
[2024-09-26T13:29:45.882+0000] {processor.py:208} INFO - Processing /home/airflow/.local/lib/python3.12/site-packages/airflow/example_dags/example_branch_labels.py took 0.064 seconds
[2024-09-26T13:30:16.036+0000] {processor.py:186} INFO - Started process (PID=19285) to work on /home/airflow/.local/lib/python3.12/site-packages/airflow/example_dags/example_branch_labels.py
[2024-09-26T13:30:16.037+0000] {processor.py:914} INFO - Processing file /home/airflow/.local/lib/python3.12/site-packages/airflow/example_dags/example_branch_labels.py for tasks to queue
[2024-09-26T13:30:16.038+0000] {logging_mixin.py:190} INFO - [2024-09-26T13:30:16.038+0000] {dagbag.py:588} INFO - Filling up the DagBag from /home/airflow/.local/lib/python3.12/site-packages/airflow/example_dags/example_branch_labels.py
[2024-09-26T13:30:16.046+0000] {processor.py:925} INFO - DAG(s) 'example_branch_labels' retrieved from /home/airflow/.local/lib/python3.12/site-packages/airflow/example_dags/example_branch_labels.py
[2024-09-26T13:30:16.061+0000] {logging_mixin.py:190} INFO - [2024-09-26T13:30:16.061+0000] {dag.py:3239} INFO - Sync 1 DAGs
[2024-09-26T13:30:16.082+0000] {logging_mixin.py:190} INFO - [2024-09-26T13:30:16.081+0000] {dag.py:4180} INFO - Setting next_dagrun for example_branch_labels to 2024-09-25 00:00:00+00:00, run_after=2024-09-26 00:00:00+00:00
[2024-09-26T13:30:16.096+0000] {processor.py:208} INFO - Processing /home/airflow/.local/lib/python3.12/site-packages/airflow/example_dags/example_branch_labels.py took 0.065 seconds
[2024-09-26T13:30:46.964+0000] {processor.py:186} INFO - Started process (PID=19571) to work on /home/airflow/.local/lib/python3.12/site-packages/airflow/example_dags/example_branch_labels.py
[2024-09-26T13:30:46.965+0000] {processor.py:914} INFO - Processing file /home/airflow/.local/lib/python3.12/site-packages/airflow/example_dags/example_branch_labels.py for tasks to queue
[2024-09-26T13:30:46.967+0000] {logging_mixin.py:190} INFO - [2024-09-26T13:30:46.966+0000] {dagbag.py:588} INFO - Filling up the DagBag from /home/airflow/.local/lib/python3.12/site-packages/airflow/example_dags/example_branch_labels.py
[2024-09-26T13:30:46.974+0000] {processor.py:925} INFO - DAG(s) 'example_branch_labels' retrieved from /home/airflow/.local/lib/python3.12/site-packages/airflow/example_dags/example_branch_labels.py
[2024-09-26T13:30:46.991+0000] {logging_mixin.py:190} INFO - [2024-09-26T13:30:46.990+0000] {dag.py:3239} INFO - Sync 1 DAGs
[2024-09-26T13:30:47.011+0000] {logging_mixin.py:190} INFO - [2024-09-26T13:30:47.011+0000] {dag.py:4180} INFO - Setting next_dagrun for example_branch_labels to 2024-09-25 00:00:00+00:00, run_after=2024-09-26 00:00:00+00:00
[2024-09-26T13:30:47.025+0000] {processor.py:208} INFO - Processing /home/airflow/.local/lib/python3.12/site-packages/airflow/example_dags/example_branch_labels.py took 0.065 seconds
[2024-09-26T13:31:17.827+0000] {processor.py:186} INFO - Started process (PID=19858) to work on /home/airflow/.local/lib/python3.12/site-packages/airflow/example_dags/example_branch_labels.py
[2024-09-26T13:31:17.828+0000] {processor.py:914} INFO - Processing file /home/airflow/.local/lib/python3.12/site-packages/airflow/example_dags/example_branch_labels.py for tasks to queue
[2024-09-26T13:31:17.830+0000] {logging_mixin.py:190} INFO - [2024-09-26T13:31:17.830+0000] {dagbag.py:588} INFO - Filling up the DagBag from /home/airflow/.local/lib/python3.12/site-packages/airflow/example_dags/example_branch_labels.py
[2024-09-26T13:31:17.837+0000] {processor.py:925} INFO - DAG(s) 'example_branch_labels' retrieved from /home/airflow/.local/lib/python3.12/site-packages/airflow/example_dags/example_branch_labels.py
[2024-09-26T13:31:17.854+0000] {logging_mixin.py:190} INFO - [2024-09-26T13:31:17.853+0000] {dag.py:3239} INFO - Sync 1 DAGs
[2024-09-26T13:31:17.874+0000] {logging_mixin.py:190} INFO - [2024-09-26T13:31:17.874+0000] {dag.py:4180} INFO - Setting next_dagrun for example_branch_labels to 2024-09-25 00:00:00+00:00, run_after=2024-09-26 00:00:00+00:00
[2024-09-26T13:31:17.888+0000] {processor.py:208} INFO - Processing /home/airflow/.local/lib/python3.12/site-packages/airflow/example_dags/example_branch_labels.py took 0.065 seconds
[2024-09-26T13:31:48.662+0000] {processor.py:186} INFO - Started process (PID=20144) to work on /home/airflow/.local/lib/python3.12/site-packages/airflow/example_dags/example_branch_labels.py
[2024-09-26T13:31:48.663+0000] {processor.py:914} INFO - Processing file /home/airflow/.local/lib/python3.12/site-packages/airflow/example_dags/example_branch_labels.py for tasks to queue
[2024-09-26T13:31:48.665+0000] {logging_mixin.py:190} INFO - [2024-09-26T13:31:48.664+0000] {dagbag.py:588} INFO - Filling up the DagBag from /home/airflow/.local/lib/python3.12/site-packages/airflow/example_dags/example_branch_labels.py
[2024-09-26T13:31:48.673+0000] {processor.py:925} INFO - DAG(s) 'example_branch_labels' retrieved from /home/airflow/.local/lib/python3.12/site-packages/airflow/example_dags/example_branch_labels.py
[2024-09-26T13:31:48.688+0000] {logging_mixin.py:190} INFO - [2024-09-26T13:31:48.688+0000] {dag.py:3239} INFO - Sync 1 DAGs
[2024-09-26T13:31:48.709+0000] {logging_mixin.py:190} INFO - [2024-09-26T13:31:48.709+0000] {dag.py:4180} INFO - Setting next_dagrun for example_branch_labels to 2024-09-25 00:00:00+00:00, run_after=2024-09-26 00:00:00+00:00
[2024-09-26T13:31:48.723+0000] {processor.py:208} INFO - Processing /home/airflow/.local/lib/python3.12/site-packages/airflow/example_dags/example_branch_labels.py took 0.065 seconds
[2024-09-26T13:32:19.524+0000] {processor.py:186} INFO - Started process (PID=20430) to work on /home/airflow/.local/lib/python3.12/site-packages/airflow/example_dags/example_branch_labels.py
[2024-09-26T13:32:19.525+0000] {processor.py:914} INFO - Processing file /home/airflow/.local/lib/python3.12/site-packages/airflow/example_dags/example_branch_labels.py for tasks to queue
[2024-09-26T13:32:19.526+0000] {logging_mixin.py:190} INFO - [2024-09-26T13:32:19.526+0000] {dagbag.py:588} INFO - Filling up the DagBag from /home/airflow/.local/lib/python3.12/site-packages/airflow/example_dags/example_branch_labels.py
[2024-09-26T13:32:19.534+0000] {processor.py:925} INFO - DAG(s) 'example_branch_labels' retrieved from /home/airflow/.local/lib/python3.12/site-packages/airflow/example_dags/example_branch_labels.py
[2024-09-26T13:32:19.549+0000] {logging_mixin.py:190} INFO - [2024-09-26T13:32:19.549+0000] {dag.py:3239} INFO - Sync 1 DAGs
[2024-09-26T13:32:19.569+0000] {logging_mixin.py:190} INFO - [2024-09-26T13:32:19.569+0000] {dag.py:4180} INFO - Setting next_dagrun for example_branch_labels to 2024-09-25 00:00:00+00:00, run_after=2024-09-26 00:00:00+00:00
[2024-09-26T13:32:19.584+0000] {processor.py:208} INFO - Processing /home/airflow/.local/lib/python3.12/site-packages/airflow/example_dags/example_branch_labels.py took 0.065 seconds
[2024-09-26T13:32:50.322+0000] {processor.py:186} INFO - Started process (PID=20716) to work on /home/airflow/.local/lib/python3.12/site-packages/airflow/example_dags/example_branch_labels.py
[2024-09-26T13:32:50.323+0000] {processor.py:914} INFO - Processing file /home/airflow/.local/lib/python3.12/site-packages/airflow/example_dags/example_branch_labels.py for tasks to queue
[2024-09-26T13:32:50.325+0000] {logging_mixin.py:190} INFO - [2024-09-26T13:32:50.325+0000] {dagbag.py:588} INFO - Filling up the DagBag from /home/airflow/.local/lib/python3.12/site-packages/airflow/example_dags/example_branch_labels.py
[2024-09-26T13:32:50.335+0000] {processor.py:925} INFO - DAG(s) 'example_branch_labels' retrieved from /home/airflow/.local/lib/python3.12/site-packages/airflow/example_dags/example_branch_labels.py
[2024-09-26T13:32:50.352+0000] {logging_mixin.py:190} INFO - [2024-09-26T13:32:50.352+0000] {dag.py:3239} INFO - Sync 1 DAGs
[2024-09-26T13:32:50.373+0000] {logging_mixin.py:190} INFO - [2024-09-26T13:32:50.373+0000] {dag.py:4180} INFO - Setting next_dagrun for example_branch_labels to 2024-09-25 00:00:00+00:00, run_after=2024-09-26 00:00:00+00:00
[2024-09-26T13:32:50.390+0000] {processor.py:208} INFO - Processing /home/airflow/.local/lib/python3.12/site-packages/airflow/example_dags/example_branch_labels.py took 0.072 seconds
[2024-09-26T13:33:21.119+0000] {processor.py:186} INFO - Started process (PID=21002) to work on /home/airflow/.local/lib/python3.12/site-packages/airflow/example_dags/example_branch_labels.py
[2024-09-26T13:33:21.120+0000] {processor.py:914} INFO - Processing file /home/airflow/.local/lib/python3.12/site-packages/airflow/example_dags/example_branch_labels.py for tasks to queue
[2024-09-26T13:33:21.121+0000] {logging_mixin.py:190} INFO - [2024-09-26T13:33:21.121+0000] {dagbag.py:588} INFO - Filling up the DagBag from /home/airflow/.local/lib/python3.12/site-packages/airflow/example_dags/example_branch_labels.py
[2024-09-26T13:33:21.129+0000] {processor.py:925} INFO - DAG(s) 'example_branch_labels' retrieved from /home/airflow/.local/lib/python3.12/site-packages/airflow/example_dags/example_branch_labels.py
[2024-09-26T13:33:21.146+0000] {logging_mixin.py:190} INFO - [2024-09-26T13:33:21.145+0000] {dag.py:3239} INFO - Sync 1 DAGs
[2024-09-26T13:33:21.166+0000] {logging_mixin.py:190} INFO - [2024-09-26T13:33:21.166+0000] {dag.py:4180} INFO - Setting next_dagrun for example_branch_labels to 2024-09-25 00:00:00+00:00, run_after=2024-09-26 00:00:00+00:00
[2024-09-26T13:33:21.182+0000] {processor.py:208} INFO - Processing /home/airflow/.local/lib/python3.12/site-packages/airflow/example_dags/example_branch_labels.py took 0.069 seconds
[2024-09-26T13:33:52.019+0000] {processor.py:186} INFO - Started process (PID=21288) to work on /home/airflow/.local/lib/python3.12/site-packages/airflow/example_dags/example_branch_labels.py
[2024-09-26T13:33:52.019+0000] {processor.py:914} INFO - Processing file /home/airflow/.local/lib/python3.12/site-packages/airflow/example_dags/example_branch_labels.py for tasks to queue
[2024-09-26T13:33:52.021+0000] {logging_mixin.py:190} INFO - [2024-09-26T13:33:52.021+0000] {dagbag.py:588} INFO - Filling up the DagBag from /home/airflow/.local/lib/python3.12/site-packages/airflow/example_dags/example_branch_labels.py
[2024-09-26T13:33:52.029+0000] {processor.py:925} INFO - DAG(s) 'example_branch_labels' retrieved from /home/airflow/.local/lib/python3.12/site-packages/airflow/example_dags/example_branch_labels.py
[2024-09-26T13:33:52.044+0000] {logging_mixin.py:190} INFO - [2024-09-26T13:33:52.044+0000] {dag.py:3239} INFO - Sync 1 DAGs
[2024-09-26T13:33:52.063+0000] {logging_mixin.py:190} INFO - [2024-09-26T13:33:52.063+0000] {dag.py:4180} INFO - Setting next_dagrun for example_branch_labels to 2024-09-25 00:00:00+00:00, run_after=2024-09-26 00:00:00+00:00
[2024-09-26T13:33:52.077+0000] {processor.py:208} INFO - Processing /home/airflow/.local/lib/python3.12/site-packages/airflow/example_dags/example_branch_labels.py took 0.063 seconds
[2024-09-26T13:34:22.898+0000] {processor.py:186} INFO - Started process (PID=21574) to work on /home/airflow/.local/lib/python3.12/site-packages/airflow/example_dags/example_branch_labels.py
[2024-09-26T13:34:22.899+0000] {processor.py:914} INFO - Processing file /home/airflow/.local/lib/python3.12/site-packages/airflow/example_dags/example_branch_labels.py for tasks to queue
[2024-09-26T13:34:22.901+0000] {logging_mixin.py:190} INFO - [2024-09-26T13:34:22.901+0000] {dagbag.py:588} INFO - Filling up the DagBag from /home/airflow/.local/lib/python3.12/site-packages/airflow/example_dags/example_branch_labels.py
[2024-09-26T13:34:22.908+0000] {processor.py:925} INFO - DAG(s) 'example_branch_labels' retrieved from /home/airflow/.local/lib/python3.12/site-packages/airflow/example_dags/example_branch_labels.py
[2024-09-26T13:34:22.923+0000] {logging_mixin.py:190} INFO - [2024-09-26T13:34:22.923+0000] {dag.py:3239} INFO - Sync 1 DAGs
[2024-09-26T13:34:22.944+0000] {logging_mixin.py:190} INFO - [2024-09-26T13:34:22.944+0000] {dag.py:4180} INFO - Setting next_dagrun for example_branch_labels to 2024-09-25 00:00:00+00:00, run_after=2024-09-26 00:00:00+00:00
[2024-09-26T13:34:22.959+0000] {processor.py:208} INFO - Processing /home/airflow/.local/lib/python3.12/site-packages/airflow/example_dags/example_branch_labels.py took 0.065 seconds
[2024-09-26T13:34:53.751+0000] {processor.py:186} INFO - Started process (PID=21860) to work on /home/airflow/.local/lib/python3.12/site-packages/airflow/example_dags/example_branch_labels.py
[2024-09-26T13:34:53.751+0000] {processor.py:914} INFO - Processing file /home/airflow/.local/lib/python3.12/site-packages/airflow/example_dags/example_branch_labels.py for tasks to queue
[2024-09-26T13:34:53.753+0000] {logging_mixin.py:190} INFO - [2024-09-26T13:34:53.753+0000] {dagbag.py:588} INFO - Filling up the DagBag from /home/airflow/.local/lib/python3.12/site-packages/airflow/example_dags/example_branch_labels.py
[2024-09-26T13:34:53.762+0000] {processor.py:925} INFO - DAG(s) 'example_branch_labels' retrieved from /home/airflow/.local/lib/python3.12/site-packages/airflow/example_dags/example_branch_labels.py
[2024-09-26T13:34:53.778+0000] {logging_mixin.py:190} INFO - [2024-09-26T13:34:53.778+0000] {dag.py:3239} INFO - Sync 1 DAGs
[2024-09-26T13:34:53.799+0000] {logging_mixin.py:190} INFO - [2024-09-26T13:34:53.799+0000] {dag.py:4180} INFO - Setting next_dagrun for example_branch_labels to 2024-09-25 00:00:00+00:00, run_after=2024-09-26 00:00:00+00:00
[2024-09-26T13:34:53.814+0000] {processor.py:208} INFO - Processing /home/airflow/.local/lib/python3.12/site-packages/airflow/example_dags/example_branch_labels.py took 0.068 seconds
[2024-09-26T13:35:24.128+0000] {processor.py:186} INFO - Started process (PID=22148) to work on /home/airflow/.local/lib/python3.12/site-packages/airflow/example_dags/example_branch_labels.py
[2024-09-26T13:35:24.129+0000] {processor.py:914} INFO - Processing file /home/airflow/.local/lib/python3.12/site-packages/airflow/example_dags/example_branch_labels.py for tasks to queue
[2024-09-26T13:35:24.131+0000] {logging_mixin.py:190} INFO - [2024-09-26T13:35:24.131+0000] {dagbag.py:588} INFO - Filling up the DagBag from /home/airflow/.local/lib/python3.12/site-packages/airflow/example_dags/example_branch_labels.py
[2024-09-26T13:35:24.138+0000] {processor.py:925} INFO - DAG(s) 'example_branch_labels' retrieved from /home/airflow/.local/lib/python3.12/site-packages/airflow/example_dags/example_branch_labels.py
[2024-09-26T13:35:24.155+0000] {logging_mixin.py:190} INFO - [2024-09-26T13:35:24.154+0000] {dag.py:3239} INFO - Sync 1 DAGs
[2024-09-26T13:35:24.175+0000] {logging_mixin.py:190} INFO - [2024-09-26T13:35:24.175+0000] {dag.py:4180} INFO - Setting next_dagrun for example_branch_labels to 2024-09-25 00:00:00+00:00, run_after=2024-09-26 00:00:00+00:00
[2024-09-26T13:35:24.190+0000] {processor.py:208} INFO - Processing /home/airflow/.local/lib/python3.12/site-packages/airflow/example_dags/example_branch_labels.py took 0.066 seconds
[2024-09-26T13:35:54.313+0000] {processor.py:186} INFO - Started process (PID=22432) to work on /home/airflow/.local/lib/python3.12/site-packages/airflow/example_dags/example_branch_labels.py
[2024-09-26T13:35:54.314+0000] {processor.py:914} INFO - Processing file /home/airflow/.local/lib/python3.12/site-packages/airflow/example_dags/example_branch_labels.py for tasks to queue
[2024-09-26T13:35:54.316+0000] {logging_mixin.py:190} INFO - [2024-09-26T13:35:54.315+0000] {dagbag.py:588} INFO - Filling up the DagBag from /home/airflow/.local/lib/python3.12/site-packages/airflow/example_dags/example_branch_labels.py
[2024-09-26T13:35:54.324+0000] {processor.py:925} INFO - DAG(s) 'example_branch_labels' retrieved from /home/airflow/.local/lib/python3.12/site-packages/airflow/example_dags/example_branch_labels.py
[2024-09-26T13:35:54.340+0000] {logging_mixin.py:190} INFO - [2024-09-26T13:35:54.340+0000] {dag.py:3239} INFO - Sync 1 DAGs
[2024-09-26T13:35:54.361+0000] {logging_mixin.py:190} INFO - [2024-09-26T13:35:54.361+0000] {dag.py:4180} INFO - Setting next_dagrun for example_branch_labels to 2024-09-25 00:00:00+00:00, run_after=2024-09-26 00:00:00+00:00
[2024-09-26T13:35:54.377+0000] {processor.py:208} INFO - Processing /home/airflow/.local/lib/python3.12/site-packages/airflow/example_dags/example_branch_labels.py took 0.068 seconds
[2024-09-26T13:36:24.507+0000] {processor.py:186} INFO - Started process (PID=22718) to work on /home/airflow/.local/lib/python3.12/site-packages/airflow/example_dags/example_branch_labels.py
[2024-09-26T13:36:24.508+0000] {processor.py:914} INFO - Processing file /home/airflow/.local/lib/python3.12/site-packages/airflow/example_dags/example_branch_labels.py for tasks to queue
[2024-09-26T13:36:24.510+0000] {logging_mixin.py:190} INFO - [2024-09-26T13:36:24.510+0000] {dagbag.py:588} INFO - Filling up the DagBag from /home/airflow/.local/lib/python3.12/site-packages/airflow/example_dags/example_branch_labels.py
[2024-09-26T13:36:24.518+0000] {processor.py:925} INFO - DAG(s) 'example_branch_labels' retrieved from /home/airflow/.local/lib/python3.12/site-packages/airflow/example_dags/example_branch_labels.py
[2024-09-26T13:36:24.535+0000] {logging_mixin.py:190} INFO - [2024-09-26T13:36:24.534+0000] {dag.py:3239} INFO - Sync 1 DAGs
[2024-09-26T13:36:24.556+0000] {logging_mixin.py:190} INFO - [2024-09-26T13:36:24.556+0000] {dag.py:4180} INFO - Setting next_dagrun for example_branch_labels to 2024-09-25 00:00:00+00:00, run_after=2024-09-26 00:00:00+00:00
[2024-09-26T13:36:24.570+0000] {processor.py:208} INFO - Processing /home/airflow/.local/lib/python3.12/site-packages/airflow/example_dags/example_branch_labels.py took 0.068 seconds
[2024-09-26T13:36:54.625+0000] {processor.py:186} INFO - Started process (PID=23004) to work on /home/airflow/.local/lib/python3.12/site-packages/airflow/example_dags/example_branch_labels.py
[2024-09-26T13:36:54.626+0000] {processor.py:914} INFO - Processing file /home/airflow/.local/lib/python3.12/site-packages/airflow/example_dags/example_branch_labels.py for tasks to queue
[2024-09-26T13:36:54.628+0000] {logging_mixin.py:190} INFO - [2024-09-26T13:36:54.627+0000] {dagbag.py:588} INFO - Filling up the DagBag from /home/airflow/.local/lib/python3.12/site-packages/airflow/example_dags/example_branch_labels.py
[2024-09-26T13:36:54.635+0000] {processor.py:925} INFO - DAG(s) 'example_branch_labels' retrieved from /home/airflow/.local/lib/python3.12/site-packages/airflow/example_dags/example_branch_labels.py
[2024-09-26T13:36:54.650+0000] {logging_mixin.py:190} INFO - [2024-09-26T13:36:54.650+0000] {dag.py:3239} INFO - Sync 1 DAGs
[2024-09-26T13:36:54.670+0000] {logging_mixin.py:190} INFO - [2024-09-26T13:36:54.670+0000] {dag.py:4180} INFO - Setting next_dagrun for example_branch_labels to 2024-09-25 00:00:00+00:00, run_after=2024-09-26 00:00:00+00:00
[2024-09-26T13:36:54.684+0000] {processor.py:208} INFO - Processing /home/airflow/.local/lib/python3.12/site-packages/airflow/example_dags/example_branch_labels.py took 0.063 seconds
[2024-09-26T13:37:24.920+0000] {processor.py:186} INFO - Started process (PID=23295) to work on /home/airflow/.local/lib/python3.12/site-packages/airflow/example_dags/example_branch_labels.py
[2024-09-26T13:37:24.921+0000] {processor.py:914} INFO - Processing file /home/airflow/.local/lib/python3.12/site-packages/airflow/example_dags/example_branch_labels.py for tasks to queue
[2024-09-26T13:37:24.923+0000] {logging_mixin.py:190} INFO - [2024-09-26T13:37:24.923+0000] {dagbag.py:588} INFO - Filling up the DagBag from /home/airflow/.local/lib/python3.12/site-packages/airflow/example_dags/example_branch_labels.py
[2024-09-26T13:37:24.931+0000] {processor.py:925} INFO - DAG(s) 'example_branch_labels' retrieved from /home/airflow/.local/lib/python3.12/site-packages/airflow/example_dags/example_branch_labels.py
[2024-09-26T13:37:24.946+0000] {logging_mixin.py:190} INFO - [2024-09-26T13:37:24.946+0000] {dag.py:3239} INFO - Sync 1 DAGs
[2024-09-26T13:37:24.968+0000] {logging_mixin.py:190} INFO - [2024-09-26T13:37:24.968+0000] {dag.py:4180} INFO - Setting next_dagrun for example_branch_labels to 2024-09-25 00:00:00+00:00, run_after=2024-09-26 00:00:00+00:00
[2024-09-26T13:37:24.984+0000] {processor.py:208} INFO - Processing /home/airflow/.local/lib/python3.12/site-packages/airflow/example_dags/example_branch_labels.py took 0.069 seconds
[2024-09-26T13:37:55.116+0000] {processor.py:186} INFO - Started process (PID=23586) to work on /home/airflow/.local/lib/python3.12/site-packages/airflow/example_dags/example_branch_labels.py
[2024-09-26T13:37:55.117+0000] {processor.py:914} INFO - Processing file /home/airflow/.local/lib/python3.12/site-packages/airflow/example_dags/example_branch_labels.py for tasks to queue
[2024-09-26T13:37:55.119+0000] {logging_mixin.py:190} INFO - [2024-09-26T13:37:55.119+0000] {dagbag.py:588} INFO - Filling up the DagBag from /home/airflow/.local/lib/python3.12/site-packages/airflow/example_dags/example_branch_labels.py
[2024-09-26T13:37:55.126+0000] {processor.py:925} INFO - DAG(s) 'example_branch_labels' retrieved from /home/airflow/.local/lib/python3.12/site-packages/airflow/example_dags/example_branch_labels.py
[2024-09-26T13:37:55.143+0000] {logging_mixin.py:190} INFO - [2024-09-26T13:37:55.143+0000] {dag.py:3239} INFO - Sync 1 DAGs
[2024-09-26T13:37:55.163+0000] {logging_mixin.py:190} INFO - [2024-09-26T13:37:55.163+0000] {dag.py:4180} INFO - Setting next_dagrun for example_branch_labels to 2024-09-25 00:00:00+00:00, run_after=2024-09-26 00:00:00+00:00
[2024-09-26T13:37:55.178+0000] {processor.py:208} INFO - Processing /home/airflow/.local/lib/python3.12/site-packages/airflow/example_dags/example_branch_labels.py took 0.066 seconds
[2024-09-26T13:38:25.258+0000] {processor.py:186} INFO - Started process (PID=23877) to work on /home/airflow/.local/lib/python3.12/site-packages/airflow/example_dags/example_branch_labels.py
[2024-09-26T13:38:25.259+0000] {processor.py:914} INFO - Processing file /home/airflow/.local/lib/python3.12/site-packages/airflow/example_dags/example_branch_labels.py for tasks to queue
[2024-09-26T13:38:25.261+0000] {logging_mixin.py:190} INFO - [2024-09-26T13:38:25.260+0000] {dagbag.py:588} INFO - Filling up the DagBag from /home/airflow/.local/lib/python3.12/site-packages/airflow/example_dags/example_branch_labels.py
[2024-09-26T13:38:25.268+0000] {processor.py:925} INFO - DAG(s) 'example_branch_labels' retrieved from /home/airflow/.local/lib/python3.12/site-packages/airflow/example_dags/example_branch_labels.py
[2024-09-26T13:38:25.285+0000] {logging_mixin.py:190} INFO - [2024-09-26T13:38:25.284+0000] {dag.py:3239} INFO - Sync 1 DAGs
[2024-09-26T13:38:25.304+0000] {logging_mixin.py:190} INFO - [2024-09-26T13:38:25.304+0000] {dag.py:4180} INFO - Setting next_dagrun for example_branch_labels to 2024-09-25 00:00:00+00:00, run_after=2024-09-26 00:00:00+00:00
[2024-09-26T13:38:25.319+0000] {processor.py:208} INFO - Processing /home/airflow/.local/lib/python3.12/site-packages/airflow/example_dags/example_branch_labels.py took 0.065 seconds
[2024-09-26T13:38:55.398+0000] {processor.py:186} INFO - Started process (PID=24163) to work on /home/airflow/.local/lib/python3.12/site-packages/airflow/example_dags/example_branch_labels.py
[2024-09-26T13:38:55.398+0000] {processor.py:914} INFO - Processing file /home/airflow/.local/lib/python3.12/site-packages/airflow/example_dags/example_branch_labels.py for tasks to queue
[2024-09-26T13:38:55.400+0000] {logging_mixin.py:190} INFO - [2024-09-26T13:38:55.400+0000] {dagbag.py:588} INFO - Filling up the DagBag from /home/airflow/.local/lib/python3.12/site-packages/airflow/example_dags/example_branch_labels.py
[2024-09-26T13:38:55.408+0000] {processor.py:925} INFO - DAG(s) 'example_branch_labels' retrieved from /home/airflow/.local/lib/python3.12/site-packages/airflow/example_dags/example_branch_labels.py
[2024-09-26T13:38:55.424+0000] {logging_mixin.py:190} INFO - [2024-09-26T13:38:55.424+0000] {dag.py:3239} INFO - Sync 1 DAGs
[2024-09-26T13:38:55.444+0000] {logging_mixin.py:190} INFO - [2024-09-26T13:38:55.444+0000] {dag.py:4180} INFO - Setting next_dagrun for example_branch_labels to 2024-09-25 00:00:00+00:00, run_after=2024-09-26 00:00:00+00:00
[2024-09-26T13:38:55.458+0000] {processor.py:208} INFO - Processing /home/airflow/.local/lib/python3.12/site-packages/airflow/example_dags/example_branch_labels.py took 0.065 seconds
[2024-09-26T13:39:25.639+0000] {processor.py:186} INFO - Started process (PID=24454) to work on /home/airflow/.local/lib/python3.12/site-packages/airflow/example_dags/example_branch_labels.py
[2024-09-26T13:39:25.640+0000] {processor.py:914} INFO - Processing file /home/airflow/.local/lib/python3.12/site-packages/airflow/example_dags/example_branch_labels.py for tasks to queue
[2024-09-26T13:39:25.642+0000] {logging_mixin.py:190} INFO - [2024-09-26T13:39:25.642+0000] {dagbag.py:588} INFO - Filling up the DagBag from /home/airflow/.local/lib/python3.12/site-packages/airflow/example_dags/example_branch_labels.py
[2024-09-26T13:39:25.649+0000] {processor.py:925} INFO - DAG(s) 'example_branch_labels' retrieved from /home/airflow/.local/lib/python3.12/site-packages/airflow/example_dags/example_branch_labels.py
[2024-09-26T13:39:25.666+0000] {logging_mixin.py:190} INFO - [2024-09-26T13:39:25.666+0000] {dag.py:3239} INFO - Sync 1 DAGs
[2024-09-26T13:39:25.686+0000] {logging_mixin.py:190} INFO - [2024-09-26T13:39:25.686+0000] {dag.py:4180} INFO - Setting next_dagrun for example_branch_labels to 2024-09-25 00:00:00+00:00, run_after=2024-09-26 00:00:00+00:00
[2024-09-26T13:39:25.702+0000] {processor.py:208} INFO - Processing /home/airflow/.local/lib/python3.12/site-packages/airflow/example_dags/example_branch_labels.py took 0.067 seconds
[2024-09-26T13:39:55.901+0000] {processor.py:186} INFO - Started process (PID=24745) to work on /home/airflow/.local/lib/python3.12/site-packages/airflow/example_dags/example_branch_labels.py
[2024-09-26T13:39:55.902+0000] {processor.py:914} INFO - Processing file /home/airflow/.local/lib/python3.12/site-packages/airflow/example_dags/example_branch_labels.py for tasks to queue
[2024-09-26T13:39:55.904+0000] {logging_mixin.py:190} INFO - [2024-09-26T13:39:55.904+0000] {dagbag.py:588} INFO - Filling up the DagBag from /home/airflow/.local/lib/python3.12/site-packages/airflow/example_dags/example_branch_labels.py
[2024-09-26T13:39:55.911+0000] {processor.py:925} INFO - DAG(s) 'example_branch_labels' retrieved from /home/airflow/.local/lib/python3.12/site-packages/airflow/example_dags/example_branch_labels.py
[2024-09-26T13:39:55.928+0000] {logging_mixin.py:190} INFO - [2024-09-26T13:39:55.928+0000] {dag.py:3239} INFO - Sync 1 DAGs
[2024-09-26T13:39:55.950+0000] {logging_mixin.py:190} INFO - [2024-09-26T13:39:55.950+0000] {dag.py:4180} INFO - Setting next_dagrun for example_branch_labels to 2024-09-25 00:00:00+00:00, run_after=2024-09-26 00:00:00+00:00
[2024-09-26T13:39:55.964+0000] {processor.py:208} INFO - Processing /home/airflow/.local/lib/python3.12/site-packages/airflow/example_dags/example_branch_labels.py took 0.067 seconds
[2024-09-26T13:40:27.114+0000] {processor.py:186} INFO - Started process (PID=25041) to work on /home/airflow/.local/lib/python3.12/site-packages/airflow/example_dags/example_branch_labels.py
[2024-09-26T13:40:27.114+0000] {processor.py:914} INFO - Processing file /home/airflow/.local/lib/python3.12/site-packages/airflow/example_dags/example_branch_labels.py for tasks to queue
[2024-09-26T13:40:27.116+0000] {logging_mixin.py:190} INFO - [2024-09-26T13:40:27.116+0000] {dagbag.py:588} INFO - Filling up the DagBag from /home/airflow/.local/lib/python3.12/site-packages/airflow/example_dags/example_branch_labels.py
[2024-09-26T13:40:27.124+0000] {processor.py:925} INFO - DAG(s) 'example_branch_labels' retrieved from /home/airflow/.local/lib/python3.12/site-packages/airflow/example_dags/example_branch_labels.py
[2024-09-26T13:40:27.140+0000] {logging_mixin.py:190} INFO - [2024-09-26T13:40:27.140+0000] {dag.py:3239} INFO - Sync 1 DAGs
[2024-09-26T13:40:27.161+0000] {logging_mixin.py:190} INFO - [2024-09-26T13:40:27.161+0000] {dag.py:4180} INFO - Setting next_dagrun for example_branch_labels to 2024-09-25 00:00:00+00:00, run_after=2024-09-26 00:00:00+00:00
[2024-09-26T13:40:27.175+0000] {processor.py:208} INFO - Processing /home/airflow/.local/lib/python3.12/site-packages/airflow/example_dags/example_branch_labels.py took 0.066 seconds
[2024-09-26T13:40:57.424+0000] {processor.py:186} INFO - Started process (PID=25332) to work on /home/airflow/.local/lib/python3.12/site-packages/airflow/example_dags/example_branch_labels.py
[2024-09-26T13:40:57.425+0000] {processor.py:914} INFO - Processing file /home/airflow/.local/lib/python3.12/site-packages/airflow/example_dags/example_branch_labels.py for tasks to queue
[2024-09-26T13:40:57.427+0000] {logging_mixin.py:190} INFO - [2024-09-26T13:40:57.426+0000] {dagbag.py:588} INFO - Filling up the DagBag from /home/airflow/.local/lib/python3.12/site-packages/airflow/example_dags/example_branch_labels.py
[2024-09-26T13:40:57.434+0000] {processor.py:925} INFO - DAG(s) 'example_branch_labels' retrieved from /home/airflow/.local/lib/python3.12/site-packages/airflow/example_dags/example_branch_labels.py
[2024-09-26T13:40:57.450+0000] {logging_mixin.py:190} INFO - [2024-09-26T13:40:57.449+0000] {dag.py:3239} INFO - Sync 1 DAGs
[2024-09-26T13:40:57.469+0000] {logging_mixin.py:190} INFO - [2024-09-26T13:40:57.469+0000] {dag.py:4180} INFO - Setting next_dagrun for example_branch_labels to 2024-09-25 00:00:00+00:00, run_after=2024-09-26 00:00:00+00:00
[2024-09-26T13:40:57.484+0000] {processor.py:208} INFO - Processing /home/airflow/.local/lib/python3.12/site-packages/airflow/example_dags/example_branch_labels.py took 0.064 seconds
[2024-09-26T13:41:27.622+0000] {processor.py:186} INFO - Started process (PID=25623) to work on /home/airflow/.local/lib/python3.12/site-packages/airflow/example_dags/example_branch_labels.py
[2024-09-26T13:41:27.622+0000] {processor.py:914} INFO - Processing file /home/airflow/.local/lib/python3.12/site-packages/airflow/example_dags/example_branch_labels.py for tasks to queue
[2024-09-26T13:41:27.624+0000] {logging_mixin.py:190} INFO - [2024-09-26T13:41:27.624+0000] {dagbag.py:588} INFO - Filling up the DagBag from /home/airflow/.local/lib/python3.12/site-packages/airflow/example_dags/example_branch_labels.py
[2024-09-26T13:41:27.632+0000] {processor.py:925} INFO - DAG(s) 'example_branch_labels' retrieved from /home/airflow/.local/lib/python3.12/site-packages/airflow/example_dags/example_branch_labels.py
[2024-09-26T13:41:27.648+0000] {logging_mixin.py:190} INFO - [2024-09-26T13:41:27.647+0000] {dag.py:3239} INFO - Sync 1 DAGs
[2024-09-26T13:41:27.667+0000] {logging_mixin.py:190} INFO - [2024-09-26T13:41:27.667+0000] {dag.py:4180} INFO - Setting next_dagrun for example_branch_labels to 2024-09-25 00:00:00+00:00, run_after=2024-09-26 00:00:00+00:00
[2024-09-26T13:41:27.681+0000] {processor.py:208} INFO - Processing /home/airflow/.local/lib/python3.12/site-packages/airflow/example_dags/example_branch_labels.py took 0.064 seconds
[2024-09-26T13:41:57.893+0000] {processor.py:186} INFO - Started process (PID=25914) to work on /home/airflow/.local/lib/python3.12/site-packages/airflow/example_dags/example_branch_labels.py
[2024-09-26T13:41:57.894+0000] {processor.py:914} INFO - Processing file /home/airflow/.local/lib/python3.12/site-packages/airflow/example_dags/example_branch_labels.py for tasks to queue
[2024-09-26T13:41:57.896+0000] {logging_mixin.py:190} INFO - [2024-09-26T13:41:57.895+0000] {dagbag.py:588} INFO - Filling up the DagBag from /home/airflow/.local/lib/python3.12/site-packages/airflow/example_dags/example_branch_labels.py
[2024-09-26T13:41:57.903+0000] {processor.py:925} INFO - DAG(s) 'example_branch_labels' retrieved from /home/airflow/.local/lib/python3.12/site-packages/airflow/example_dags/example_branch_labels.py
[2024-09-26T13:41:57.919+0000] {logging_mixin.py:190} INFO - [2024-09-26T13:41:57.919+0000] {dag.py:3239} INFO - Sync 1 DAGs
[2024-09-26T13:41:57.941+0000] {logging_mixin.py:190} INFO - [2024-09-26T13:41:57.941+0000] {dag.py:4180} INFO - Setting next_dagrun for example_branch_labels to 2024-09-25 00:00:00+00:00, run_after=2024-09-26 00:00:00+00:00
[2024-09-26T13:41:57.955+0000] {processor.py:208} INFO - Processing /home/airflow/.local/lib/python3.12/site-packages/airflow/example_dags/example_branch_labels.py took 0.067 seconds
[2024-09-26T13:42:28.451+0000] {processor.py:186} INFO - Started process (PID=26205) to work on /home/airflow/.local/lib/python3.12/site-packages/airflow/example_dags/example_branch_labels.py
[2024-09-26T13:42:28.452+0000] {processor.py:914} INFO - Processing file /home/airflow/.local/lib/python3.12/site-packages/airflow/example_dags/example_branch_labels.py for tasks to queue
[2024-09-26T13:42:28.453+0000] {logging_mixin.py:190} INFO - [2024-09-26T13:42:28.453+0000] {dagbag.py:588} INFO - Filling up the DagBag from /home/airflow/.local/lib/python3.12/site-packages/airflow/example_dags/example_branch_labels.py
[2024-09-26T13:42:28.461+0000] {processor.py:925} INFO - DAG(s) 'example_branch_labels' retrieved from /home/airflow/.local/lib/python3.12/site-packages/airflow/example_dags/example_branch_labels.py
[2024-09-26T13:42:28.476+0000] {logging_mixin.py:190} INFO - [2024-09-26T13:42:28.476+0000] {dag.py:3239} INFO - Sync 1 DAGs
[2024-09-26T13:42:28.497+0000] {logging_mixin.py:190} INFO - [2024-09-26T13:42:28.496+0000] {dag.py:4180} INFO - Setting next_dagrun for example_branch_labels to 2024-09-25 00:00:00+00:00, run_after=2024-09-26 00:00:00+00:00
[2024-09-26T13:42:28.510+0000] {processor.py:208} INFO - Processing /home/airflow/.local/lib/python3.12/site-packages/airflow/example_dags/example_branch_labels.py took 0.064 seconds
[2024-09-26T13:42:58.728+0000] {processor.py:186} INFO - Started process (PID=26496) to work on /home/airflow/.local/lib/python3.12/site-packages/airflow/example_dags/example_branch_labels.py
[2024-09-26T13:42:58.729+0000] {processor.py:914} INFO - Processing file /home/airflow/.local/lib/python3.12/site-packages/airflow/example_dags/example_branch_labels.py for tasks to queue
[2024-09-26T13:42:58.730+0000] {logging_mixin.py:190} INFO - [2024-09-26T13:42:58.730+0000] {dagbag.py:588} INFO - Filling up the DagBag from /home/airflow/.local/lib/python3.12/site-packages/airflow/example_dags/example_branch_labels.py
[2024-09-26T13:42:58.738+0000] {processor.py:925} INFO - DAG(s) 'example_branch_labels' retrieved from /home/airflow/.local/lib/python3.12/site-packages/airflow/example_dags/example_branch_labels.py
[2024-09-26T13:42:58.754+0000] {logging_mixin.py:190} INFO - [2024-09-26T13:42:58.754+0000] {dag.py:3239} INFO - Sync 1 DAGs
[2024-09-26T13:42:58.775+0000] {logging_mixin.py:190} INFO - [2024-09-26T13:42:58.775+0000] {dag.py:4180} INFO - Setting next_dagrun for example_branch_labels to 2024-09-25 00:00:00+00:00, run_after=2024-09-26 00:00:00+00:00
[2024-09-26T13:42:58.789+0000] {processor.py:208} INFO - Processing /home/airflow/.local/lib/python3.12/site-packages/airflow/example_dags/example_branch_labels.py took 0.066 seconds
[2024-09-26T13:43:29.777+0000] {processor.py:186} INFO - Started process (PID=26789) to work on /home/airflow/.local/lib/python3.12/site-packages/airflow/example_dags/example_branch_labels.py
[2024-09-26T13:43:29.777+0000] {processor.py:914} INFO - Processing file /home/airflow/.local/lib/python3.12/site-packages/airflow/example_dags/example_branch_labels.py for tasks to queue
[2024-09-26T13:43:29.779+0000] {logging_mixin.py:190} INFO - [2024-09-26T13:43:29.779+0000] {dagbag.py:588} INFO - Filling up the DagBag from /home/airflow/.local/lib/python3.12/site-packages/airflow/example_dags/example_branch_labels.py
[2024-09-26T13:43:29.787+0000] {processor.py:925} INFO - DAG(s) 'example_branch_labels' retrieved from /home/airflow/.local/lib/python3.12/site-packages/airflow/example_dags/example_branch_labels.py
[2024-09-26T13:43:29.803+0000] {logging_mixin.py:190} INFO - [2024-09-26T13:43:29.803+0000] {dag.py:3239} INFO - Sync 1 DAGs
[2024-09-26T13:43:29.824+0000] {logging_mixin.py:190} INFO - [2024-09-26T13:43:29.824+0000] {dag.py:4180} INFO - Setting next_dagrun for example_branch_labels to 2024-09-25 00:00:00+00:00, run_after=2024-09-26 00:00:00+00:00
[2024-09-26T13:43:29.839+0000] {processor.py:208} INFO - Processing /home/airflow/.local/lib/python3.12/site-packages/airflow/example_dags/example_branch_labels.py took 0.066 seconds
[2024-09-26T13:43:59.978+0000] {processor.py:186} INFO - Started process (PID=27078) to work on /home/airflow/.local/lib/python3.12/site-packages/airflow/example_dags/example_branch_labels.py
[2024-09-26T13:43:59.979+0000] {processor.py:914} INFO - Processing file /home/airflow/.local/lib/python3.12/site-packages/airflow/example_dags/example_branch_labels.py for tasks to queue
[2024-09-26T13:43:59.980+0000] {logging_mixin.py:190} INFO - [2024-09-26T13:43:59.980+0000] {dagbag.py:588} INFO - Filling up the DagBag from /home/airflow/.local/lib/python3.12/site-packages/airflow/example_dags/example_branch_labels.py
[2024-09-26T13:43:59.988+0000] {processor.py:925} INFO - DAG(s) 'example_branch_labels' retrieved from /home/airflow/.local/lib/python3.12/site-packages/airflow/example_dags/example_branch_labels.py
[2024-09-26T13:44:00.005+0000] {logging_mixin.py:190} INFO - [2024-09-26T13:44:00.004+0000] {dag.py:3239} INFO - Sync 1 DAGs
[2024-09-26T13:44:00.026+0000] {logging_mixin.py:190} INFO - [2024-09-26T13:44:00.026+0000] {dag.py:4180} INFO - Setting next_dagrun for example_branch_labels to 2024-09-25 00:00:00+00:00, run_after=2024-09-26 00:00:00+00:00
[2024-09-26T13:44:00.041+0000] {processor.py:208} INFO - Processing /home/airflow/.local/lib/python3.12/site-packages/airflow/example_dags/example_branch_labels.py took 0.067 seconds
[2024-09-26T13:44:30.216+0000] {processor.py:186} INFO - Started process (PID=27369) to work on /home/airflow/.local/lib/python3.12/site-packages/airflow/example_dags/example_branch_labels.py
[2024-09-26T13:44:30.217+0000] {processor.py:914} INFO - Processing file /home/airflow/.local/lib/python3.12/site-packages/airflow/example_dags/example_branch_labels.py for tasks to queue
[2024-09-26T13:44:30.218+0000] {logging_mixin.py:190} INFO - [2024-09-26T13:44:30.218+0000] {dagbag.py:588} INFO - Filling up the DagBag from /home/airflow/.local/lib/python3.12/site-packages/airflow/example_dags/example_branch_labels.py
[2024-09-26T13:44:30.226+0000] {processor.py:925} INFO - DAG(s) 'example_branch_labels' retrieved from /home/airflow/.local/lib/python3.12/site-packages/airflow/example_dags/example_branch_labels.py
[2024-09-26T13:44:30.241+0000] {logging_mixin.py:190} INFO - [2024-09-26T13:44:30.241+0000] {dag.py:3239} INFO - Sync 1 DAGs
[2024-09-26T13:44:30.261+0000] {logging_mixin.py:190} INFO - [2024-09-26T13:44:30.261+0000] {dag.py:4180} INFO - Setting next_dagrun for example_branch_labels to 2024-09-25 00:00:00+00:00, run_after=2024-09-26 00:00:00+00:00
[2024-09-26T13:44:30.275+0000] {processor.py:208} INFO - Processing /home/airflow/.local/lib/python3.12/site-packages/airflow/example_dags/example_branch_labels.py took 0.064 seconds
[2024-09-26T13:45:00.468+0000] {processor.py:186} INFO - Started process (PID=27661) to work on /home/airflow/.local/lib/python3.12/site-packages/airflow/example_dags/example_branch_labels.py
[2024-09-26T13:45:00.469+0000] {processor.py:914} INFO - Processing file /home/airflow/.local/lib/python3.12/site-packages/airflow/example_dags/example_branch_labels.py for tasks to queue
[2024-09-26T13:45:00.470+0000] {logging_mixin.py:190} INFO - [2024-09-26T13:45:00.470+0000] {dagbag.py:588} INFO - Filling up the DagBag from /home/airflow/.local/lib/python3.12/site-packages/airflow/example_dags/example_branch_labels.py
[2024-09-26T13:45:00.478+0000] {processor.py:925} INFO - DAG(s) 'example_branch_labels' retrieved from /home/airflow/.local/lib/python3.12/site-packages/airflow/example_dags/example_branch_labels.py
[2024-09-26T13:45:00.493+0000] {logging_mixin.py:190} INFO - [2024-09-26T13:45:00.493+0000] {dag.py:3239} INFO - Sync 1 DAGs
[2024-09-26T13:45:00.516+0000] {logging_mixin.py:190} INFO - [2024-09-26T13:45:00.516+0000] {dag.py:4180} INFO - Setting next_dagrun for example_branch_labels to 2024-09-25 00:00:00+00:00, run_after=2024-09-26 00:00:00+00:00
[2024-09-26T13:45:00.530+0000] {processor.py:208} INFO - Processing /home/airflow/.local/lib/python3.12/site-packages/airflow/example_dags/example_branch_labels.py took 0.067 seconds
[2024-09-26T13:45:31.414+0000] {processor.py:186} INFO - Started process (PID=27952) to work on /home/airflow/.local/lib/python3.12/site-packages/airflow/example_dags/example_branch_labels.py
[2024-09-26T13:45:31.415+0000] {processor.py:914} INFO - Processing file /home/airflow/.local/lib/python3.12/site-packages/airflow/example_dags/example_branch_labels.py for tasks to queue
[2024-09-26T13:45:31.417+0000] {logging_mixin.py:190} INFO - [2024-09-26T13:45:31.416+0000] {dagbag.py:588} INFO - Filling up the DagBag from /home/airflow/.local/lib/python3.12/site-packages/airflow/example_dags/example_branch_labels.py
[2024-09-26T13:45:31.425+0000] {processor.py:925} INFO - DAG(s) 'example_branch_labels' retrieved from /home/airflow/.local/lib/python3.12/site-packages/airflow/example_dags/example_branch_labels.py
[2024-09-26T13:45:31.441+0000] {logging_mixin.py:190} INFO - [2024-09-26T13:45:31.440+0000] {dag.py:3239} INFO - Sync 1 DAGs
[2024-09-26T13:45:31.461+0000] {logging_mixin.py:190} INFO - [2024-09-26T13:45:31.461+0000] {dag.py:4180} INFO - Setting next_dagrun for example_branch_labels to 2024-09-25 00:00:00+00:00, run_after=2024-09-26 00:00:00+00:00
[2024-09-26T13:45:31.476+0000] {processor.py:208} INFO - Processing /home/airflow/.local/lib/python3.12/site-packages/airflow/example_dags/example_branch_labels.py took 0.066 seconds
[2024-09-26T13:46:02.358+0000] {processor.py:186} INFO - Started process (PID=28243) to work on /home/airflow/.local/lib/python3.12/site-packages/airflow/example_dags/example_branch_labels.py
[2024-09-26T13:46:02.359+0000] {processor.py:914} INFO - Processing file /home/airflow/.local/lib/python3.12/site-packages/airflow/example_dags/example_branch_labels.py for tasks to queue
[2024-09-26T13:46:02.360+0000] {logging_mixin.py:190} INFO - [2024-09-26T13:46:02.360+0000] {dagbag.py:588} INFO - Filling up the DagBag from /home/airflow/.local/lib/python3.12/site-packages/airflow/example_dags/example_branch_labels.py
[2024-09-26T13:46:02.368+0000] {processor.py:925} INFO - DAG(s) 'example_branch_labels' retrieved from /home/airflow/.local/lib/python3.12/site-packages/airflow/example_dags/example_branch_labels.py
[2024-09-26T13:46:02.383+0000] {logging_mixin.py:190} INFO - [2024-09-26T13:46:02.383+0000] {dag.py:3239} INFO - Sync 1 DAGs
[2024-09-26T13:46:02.403+0000] {logging_mixin.py:190} INFO - [2024-09-26T13:46:02.403+0000] {dag.py:4180} INFO - Setting next_dagrun for example_branch_labels to 2024-09-25 00:00:00+00:00, run_after=2024-09-26 00:00:00+00:00
[2024-09-26T13:46:02.417+0000] {processor.py:208} INFO - Processing /home/airflow/.local/lib/python3.12/site-packages/airflow/example_dags/example_branch_labels.py took 0.063 seconds
[2024-09-26T13:46:32.554+0000] {processor.py:186} INFO - Started process (PID=28534) to work on /home/airflow/.local/lib/python3.12/site-packages/airflow/example_dags/example_branch_labels.py
[2024-09-26T13:46:32.555+0000] {processor.py:914} INFO - Processing file /home/airflow/.local/lib/python3.12/site-packages/airflow/example_dags/example_branch_labels.py for tasks to queue
[2024-09-26T13:46:32.557+0000] {logging_mixin.py:190} INFO - [2024-09-26T13:46:32.556+0000] {dagbag.py:588} INFO - Filling up the DagBag from /home/airflow/.local/lib/python3.12/site-packages/airflow/example_dags/example_branch_labels.py
[2024-09-26T13:46:32.564+0000] {processor.py:925} INFO - DAG(s) 'example_branch_labels' retrieved from /home/airflow/.local/lib/python3.12/site-packages/airflow/example_dags/example_branch_labels.py
[2024-09-26T13:46:32.581+0000] {logging_mixin.py:190} INFO - [2024-09-26T13:46:32.581+0000] {dag.py:3239} INFO - Sync 1 DAGs
[2024-09-26T13:46:32.602+0000] {logging_mixin.py:190} INFO - [2024-09-26T13:46:32.601+0000] {dag.py:4180} INFO - Setting next_dagrun for example_branch_labels to 2024-09-25 00:00:00+00:00, run_after=2024-09-26 00:00:00+00:00
[2024-09-26T13:46:32.616+0000] {processor.py:208} INFO - Processing /home/airflow/.local/lib/python3.12/site-packages/airflow/example_dags/example_branch_labels.py took 0.067 seconds
[2024-09-26T13:47:02.924+0000] {processor.py:186} INFO - Started process (PID=28825) to work on /home/airflow/.local/lib/python3.12/site-packages/airflow/example_dags/example_branch_labels.py
[2024-09-26T13:47:02.925+0000] {processor.py:914} INFO - Processing file /home/airflow/.local/lib/python3.12/site-packages/airflow/example_dags/example_branch_labels.py for tasks to queue
[2024-09-26T13:47:02.927+0000] {logging_mixin.py:190} INFO - [2024-09-26T13:47:02.927+0000] {dagbag.py:588} INFO - Filling up the DagBag from /home/airflow/.local/lib/python3.12/site-packages/airflow/example_dags/example_branch_labels.py
[2024-09-26T13:47:02.934+0000] {processor.py:925} INFO - DAG(s) 'example_branch_labels' retrieved from /home/airflow/.local/lib/python3.12/site-packages/airflow/example_dags/example_branch_labels.py
[2024-09-26T13:47:02.950+0000] {logging_mixin.py:190} INFO - [2024-09-26T13:47:02.950+0000] {dag.py:3239} INFO - Sync 1 DAGs
[2024-09-26T13:47:02.970+0000] {logging_mixin.py:190} INFO - [2024-09-26T13:47:02.970+0000] {dag.py:4180} INFO - Setting next_dagrun for example_branch_labels to 2024-09-25 00:00:00+00:00, run_after=2024-09-26 00:00:00+00:00
[2024-09-26T13:47:02.984+0000] {processor.py:208} INFO - Processing /home/airflow/.local/lib/python3.12/site-packages/airflow/example_dags/example_branch_labels.py took 0.064 seconds
[2024-09-26T13:47:34.343+0000] {processor.py:186} INFO - Started process (PID=29121) to work on /home/airflow/.local/lib/python3.12/site-packages/airflow/example_dags/example_branch_labels.py
[2024-09-26T13:47:34.344+0000] {processor.py:914} INFO - Processing file /home/airflow/.local/lib/python3.12/site-packages/airflow/example_dags/example_branch_labels.py for tasks to queue
[2024-09-26T13:47:34.346+0000] {logging_mixin.py:190} INFO - [2024-09-26T13:47:34.346+0000] {dagbag.py:588} INFO - Filling up the DagBag from /home/airflow/.local/lib/python3.12/site-packages/airflow/example_dags/example_branch_labels.py
[2024-09-26T13:47:34.354+0000] {processor.py:925} INFO - DAG(s) 'example_branch_labels' retrieved from /home/airflow/.local/lib/python3.12/site-packages/airflow/example_dags/example_branch_labels.py
[2024-09-26T13:47:34.370+0000] {logging_mixin.py:190} INFO - [2024-09-26T13:47:34.370+0000] {dag.py:3239} INFO - Sync 1 DAGs
[2024-09-26T13:47:34.392+0000] {logging_mixin.py:190} INFO - [2024-09-26T13:47:34.392+0000] {dag.py:4180} INFO - Setting next_dagrun for example_branch_labels to 2024-09-25 00:00:00+00:00, run_after=2024-09-26 00:00:00+00:00
[2024-09-26T13:47:34.407+0000] {processor.py:208} INFO - Processing /home/airflow/.local/lib/python3.12/site-packages/airflow/example_dags/example_branch_labels.py took 0.068 seconds
