[2024-09-26T13:25:07.434+0000] {processor.py:186} INFO - Started process (PID=16381) to work on /home/airflow/.local/lib/python3.12/site-packages/airflow/example_dags/example_subdag_operator.py
[2024-09-26T13:25:07.435+0000] {processor.py:914} INFO - Processing file /home/airflow/.local/lib/python3.12/site-packages/airflow/example_dags/example_subdag_operator.py for tasks to queue
[2024-09-26T13:25:07.437+0000] {logging_mixin.py:190} INFO - [2024-09-26T13:25:07.436+0000] {dagbag.py:588} INFO - Filling up the DagBag from /home/airflow/.local/lib/python3.12/site-packages/airflow/example_dags/example_subdag_operator.py
[2024-09-26T13:25:07.455+0000] {processor.py:925} INFO - DAG(s) 'example_subdag_operator.section-1', 'example_subdag_operator.section-2', 'example_subdag_operator' retrieved from /home/airflow/.local/lib/python3.12/site-packages/airflow/example_dags/example_subdag_operator.py
[2024-09-26T13:25:07.468+0000] {logging_mixin.py:190} INFO - [2024-09-26T13:25:07.468+0000] {dag.py:3239} INFO - Sync 3 DAGs
[2024-09-26T13:25:07.488+0000] {logging_mixin.py:190} INFO - [2024-09-26T13:25:07.488+0000] {dag.py:4180} INFO - Setting next_dagrun for example_subdag_operator to 2022-01-01 00:00:00+00:00, run_after=2022-01-01 00:00:00+00:00
[2024-09-26T13:25:07.491+0000] {logging_mixin.py:190} INFO - [2024-09-26T13:25:07.491+0000] {dag.py:4180} INFO - Setting next_dagrun for example_subdag_operator.section-1 to None, run_after=None
[2024-09-26T13:25:07.492+0000] {logging_mixin.py:190} INFO - [2024-09-26T13:25:07.492+0000] {dag.py:4180} INFO - Setting next_dagrun for example_subdag_operator.section-2 to None, run_after=None
[2024-09-26T13:25:07.497+0000] {logging_mixin.py:190} INFO - [2024-09-26T13:25:07.497+0000] {dag.py:3239} INFO - Sync 2 DAGs
[2024-09-26T13:25:07.502+0000] {logging_mixin.py:190} INFO - [2024-09-26T13:25:07.501+0000] {dag.py:4180} INFO - Setting next_dagrun for example_subdag_operator.section-1 to None, run_after=None
[2024-09-26T13:25:07.502+0000] {logging_mixin.py:190} INFO - [2024-09-26T13:25:07.502+0000] {dag.py:4180} INFO - Setting next_dagrun for example_subdag_operator.section-2 to None, run_after=None
[2024-09-26T13:25:07.510+0000] {processor.py:208} INFO - Processing /home/airflow/.local/lib/python3.12/site-packages/airflow/example_dags/example_subdag_operator.py took 0.081 seconds
[2024-09-26T13:25:38.118+0000] {processor.py:186} INFO - Started process (PID=16665) to work on /home/airflow/.local/lib/python3.12/site-packages/airflow/example_dags/example_subdag_operator.py
[2024-09-26T13:25:38.119+0000] {processor.py:914} INFO - Processing file /home/airflow/.local/lib/python3.12/site-packages/airflow/example_dags/example_subdag_operator.py for tasks to queue
[2024-09-26T13:25:38.121+0000] {logging_mixin.py:190} INFO - [2024-09-26T13:25:38.121+0000] {dagbag.py:588} INFO - Filling up the DagBag from /home/airflow/.local/lib/python3.12/site-packages/airflow/example_dags/example_subdag_operator.py
[2024-09-26T13:25:38.139+0000] {processor.py:925} INFO - DAG(s) 'example_subdag_operator.section-1', 'example_subdag_operator.section-2', 'example_subdag_operator' retrieved from /home/airflow/.local/lib/python3.12/site-packages/airflow/example_dags/example_subdag_operator.py
[2024-09-26T13:25:38.153+0000] {logging_mixin.py:190} INFO - [2024-09-26T13:25:38.152+0000] {dag.py:3239} INFO - Sync 3 DAGs
[2024-09-26T13:25:38.174+0000] {logging_mixin.py:190} INFO - [2024-09-26T13:25:38.174+0000] {dag.py:4180} INFO - Setting next_dagrun for example_subdag_operator to 2022-01-01 00:00:00+00:00, run_after=2022-01-01 00:00:00+00:00
[2024-09-26T13:25:38.177+0000] {logging_mixin.py:190} INFO - [2024-09-26T13:25:38.177+0000] {dag.py:4180} INFO - Setting next_dagrun for example_subdag_operator.section-1 to None, run_after=None
[2024-09-26T13:25:38.178+0000] {logging_mixin.py:190} INFO - [2024-09-26T13:25:38.178+0000] {dag.py:4180} INFO - Setting next_dagrun for example_subdag_operator.section-2 to None, run_after=None
[2024-09-26T13:25:38.184+0000] {logging_mixin.py:190} INFO - [2024-09-26T13:25:38.184+0000] {dag.py:3239} INFO - Sync 2 DAGs
[2024-09-26T13:25:38.189+0000] {logging_mixin.py:190} INFO - [2024-09-26T13:25:38.189+0000] {dag.py:4180} INFO - Setting next_dagrun for example_subdag_operator.section-1 to None, run_after=None
[2024-09-26T13:25:38.189+0000] {logging_mixin.py:190} INFO - [2024-09-26T13:25:38.189+0000] {dag.py:4180} INFO - Setting next_dagrun for example_subdag_operator.section-2 to None, run_after=None
[2024-09-26T13:25:38.198+0000] {processor.py:208} INFO - Processing /home/airflow/.local/lib/python3.12/site-packages/airflow/example_dags/example_subdag_operator.py took 0.085 seconds
[2024-09-26T13:26:08.495+0000] {processor.py:186} INFO - Started process (PID=16953) to work on /home/airflow/.local/lib/python3.12/site-packages/airflow/example_dags/example_subdag_operator.py
[2024-09-26T13:26:08.495+0000] {processor.py:914} INFO - Processing file /home/airflow/.local/lib/python3.12/site-packages/airflow/example_dags/example_subdag_operator.py for tasks to queue
[2024-09-26T13:26:08.497+0000] {logging_mixin.py:190} INFO - [2024-09-26T13:26:08.497+0000] {dagbag.py:588} INFO - Filling up the DagBag from /home/airflow/.local/lib/python3.12/site-packages/airflow/example_dags/example_subdag_operator.py
[2024-09-26T13:26:08.517+0000] {processor.py:925} INFO - DAG(s) 'example_subdag_operator.section-1', 'example_subdag_operator.section-2', 'example_subdag_operator' retrieved from /home/airflow/.local/lib/python3.12/site-packages/airflow/example_dags/example_subdag_operator.py
[2024-09-26T13:26:08.530+0000] {logging_mixin.py:190} INFO - [2024-09-26T13:26:08.530+0000] {dag.py:3239} INFO - Sync 3 DAGs
[2024-09-26T13:26:08.549+0000] {logging_mixin.py:190} INFO - [2024-09-26T13:26:08.549+0000] {dag.py:4180} INFO - Setting next_dagrun for example_subdag_operator to 2022-01-01 00:00:00+00:00, run_after=2022-01-01 00:00:00+00:00
[2024-09-26T13:26:08.552+0000] {logging_mixin.py:190} INFO - [2024-09-26T13:26:08.552+0000] {dag.py:4180} INFO - Setting next_dagrun for example_subdag_operator.section-1 to None, run_after=None
[2024-09-26T13:26:08.553+0000] {logging_mixin.py:190} INFO - [2024-09-26T13:26:08.553+0000] {dag.py:4180} INFO - Setting next_dagrun for example_subdag_operator.section-2 to None, run_after=None
[2024-09-26T13:26:08.672+0000] {logging_mixin.py:190} INFO - [2024-09-26T13:26:08.672+0000] {dag.py:3239} INFO - Sync 2 DAGs
[2024-09-26T13:26:08.677+0000] {logging_mixin.py:190} INFO - [2024-09-26T13:26:08.676+0000] {dag.py:4180} INFO - Setting next_dagrun for example_subdag_operator.section-1 to None, run_after=None
[2024-09-26T13:26:08.677+0000] {logging_mixin.py:190} INFO - [2024-09-26T13:26:08.677+0000] {dag.py:4180} INFO - Setting next_dagrun for example_subdag_operator.section-2 to None, run_after=None
[2024-09-26T13:26:08.685+0000] {processor.py:208} INFO - Processing /home/airflow/.local/lib/python3.12/site-packages/airflow/example_dags/example_subdag_operator.py took 0.195 seconds
[2024-09-26T13:26:38.992+0000] {processor.py:186} INFO - Started process (PID=17237) to work on /home/airflow/.local/lib/python3.12/site-packages/airflow/example_dags/example_subdag_operator.py
[2024-09-26T13:26:38.992+0000] {processor.py:914} INFO - Processing file /home/airflow/.local/lib/python3.12/site-packages/airflow/example_dags/example_subdag_operator.py for tasks to queue
[2024-09-26T13:26:38.994+0000] {logging_mixin.py:190} INFO - [2024-09-26T13:26:38.994+0000] {dagbag.py:588} INFO - Filling up the DagBag from /home/airflow/.local/lib/python3.12/site-packages/airflow/example_dags/example_subdag_operator.py
[2024-09-26T13:26:39.013+0000] {processor.py:925} INFO - DAG(s) 'example_subdag_operator.section-1', 'example_subdag_operator.section-2', 'example_subdag_operator' retrieved from /home/airflow/.local/lib/python3.12/site-packages/airflow/example_dags/example_subdag_operator.py
[2024-09-26T13:26:39.026+0000] {logging_mixin.py:190} INFO - [2024-09-26T13:26:39.025+0000] {dag.py:3239} INFO - Sync 3 DAGs
[2024-09-26T13:26:39.045+0000] {logging_mixin.py:190} INFO - [2024-09-26T13:26:39.045+0000] {dag.py:4180} INFO - Setting next_dagrun for example_subdag_operator to 2022-01-01 00:00:00+00:00, run_after=2022-01-01 00:00:00+00:00
[2024-09-26T13:26:39.048+0000] {logging_mixin.py:190} INFO - [2024-09-26T13:26:39.048+0000] {dag.py:4180} INFO - Setting next_dagrun for example_subdag_operator.section-1 to None, run_after=None
[2024-09-26T13:26:39.050+0000] {logging_mixin.py:190} INFO - [2024-09-26T13:26:39.050+0000] {dag.py:4180} INFO - Setting next_dagrun for example_subdag_operator.section-2 to None, run_after=None
[2024-09-26T13:26:39.056+0000] {logging_mixin.py:190} INFO - [2024-09-26T13:26:39.056+0000] {dag.py:3239} INFO - Sync 2 DAGs
[2024-09-26T13:26:39.061+0000] {logging_mixin.py:190} INFO - [2024-09-26T13:26:39.061+0000] {dag.py:4180} INFO - Setting next_dagrun for example_subdag_operator.section-1 to None, run_after=None
[2024-09-26T13:26:39.061+0000] {logging_mixin.py:190} INFO - [2024-09-26T13:26:39.061+0000] {dag.py:4180} INFO - Setting next_dagrun for example_subdag_operator.section-2 to None, run_after=None
[2024-09-26T13:26:39.184+0000] {processor.py:208} INFO - Processing /home/airflow/.local/lib/python3.12/site-packages/airflow/example_dags/example_subdag_operator.py took 0.197 seconds
[2024-09-26T13:27:09.580+0000] {processor.py:186} INFO - Started process (PID=17530) to work on /home/airflow/.local/lib/python3.12/site-packages/airflow/example_dags/example_subdag_operator.py
[2024-09-26T13:27:09.581+0000] {processor.py:914} INFO - Processing file /home/airflow/.local/lib/python3.12/site-packages/airflow/example_dags/example_subdag_operator.py for tasks to queue
[2024-09-26T13:27:09.582+0000] {logging_mixin.py:190} INFO - [2024-09-26T13:27:09.582+0000] {dagbag.py:588} INFO - Filling up the DagBag from /home/airflow/.local/lib/python3.12/site-packages/airflow/example_dags/example_subdag_operator.py
[2024-09-26T13:27:09.601+0000] {processor.py:925} INFO - DAG(s) 'example_subdag_operator.section-1', 'example_subdag_operator.section-2', 'example_subdag_operator' retrieved from /home/airflow/.local/lib/python3.12/site-packages/airflow/example_dags/example_subdag_operator.py
[2024-09-26T13:27:09.613+0000] {logging_mixin.py:190} INFO - [2024-09-26T13:27:09.613+0000] {dag.py:3239} INFO - Sync 3 DAGs
[2024-09-26T13:27:09.631+0000] {logging_mixin.py:190} INFO - [2024-09-26T13:27:09.631+0000] {dag.py:4180} INFO - Setting next_dagrun for example_subdag_operator to 2022-01-01 00:00:00+00:00, run_after=2022-01-01 00:00:00+00:00
[2024-09-26T13:27:09.634+0000] {logging_mixin.py:190} INFO - [2024-09-26T13:27:09.634+0000] {dag.py:4180} INFO - Setting next_dagrun for example_subdag_operator.section-1 to None, run_after=None
[2024-09-26T13:27:09.635+0000] {logging_mixin.py:190} INFO - [2024-09-26T13:27:09.635+0000] {dag.py:4180} INFO - Setting next_dagrun for example_subdag_operator.section-2 to None, run_after=None
[2024-09-26T13:27:09.640+0000] {logging_mixin.py:190} INFO - [2024-09-26T13:27:09.640+0000] {dag.py:3239} INFO - Sync 2 DAGs
[2024-09-26T13:27:09.644+0000] {logging_mixin.py:190} INFO - [2024-09-26T13:27:09.644+0000] {dag.py:4180} INFO - Setting next_dagrun for example_subdag_operator.section-1 to None, run_after=None
[2024-09-26T13:27:09.645+0000] {logging_mixin.py:190} INFO - [2024-09-26T13:27:09.645+0000] {dag.py:4180} INFO - Setting next_dagrun for example_subdag_operator.section-2 to None, run_after=None
[2024-09-26T13:27:09.654+0000] {processor.py:208} INFO - Processing /home/airflow/.local/lib/python3.12/site-packages/airflow/example_dags/example_subdag_operator.py took 0.079 seconds
[2024-09-26T13:27:40.646+0000] {processor.py:186} INFO - Started process (PID=17814) to work on /home/airflow/.local/lib/python3.12/site-packages/airflow/example_dags/example_subdag_operator.py
[2024-09-26T13:27:40.647+0000] {processor.py:914} INFO - Processing file /home/airflow/.local/lib/python3.12/site-packages/airflow/example_dags/example_subdag_operator.py for tasks to queue
[2024-09-26T13:27:40.649+0000] {logging_mixin.py:190} INFO - [2024-09-26T13:27:40.649+0000] {dagbag.py:588} INFO - Filling up the DagBag from /home/airflow/.local/lib/python3.12/site-packages/airflow/example_dags/example_subdag_operator.py
[2024-09-26T13:27:40.673+0000] {processor.py:925} INFO - DAG(s) 'example_subdag_operator.section-1', 'example_subdag_operator.section-2', 'example_subdag_operator' retrieved from /home/airflow/.local/lib/python3.12/site-packages/airflow/example_dags/example_subdag_operator.py
[2024-09-26T13:27:40.685+0000] {logging_mixin.py:190} INFO - [2024-09-26T13:27:40.685+0000] {dag.py:3239} INFO - Sync 3 DAGs
[2024-09-26T13:27:40.707+0000] {logging_mixin.py:190} INFO - [2024-09-26T13:27:40.707+0000] {dag.py:4180} INFO - Setting next_dagrun for example_subdag_operator to 2022-01-01 00:00:00+00:00, run_after=2022-01-01 00:00:00+00:00
[2024-09-26T13:27:40.710+0000] {logging_mixin.py:190} INFO - [2024-09-26T13:27:40.710+0000] {dag.py:4180} INFO - Setting next_dagrun for example_subdag_operator.section-1 to None, run_after=None
[2024-09-26T13:27:40.711+0000] {logging_mixin.py:190} INFO - [2024-09-26T13:27:40.711+0000] {dag.py:4180} INFO - Setting next_dagrun for example_subdag_operator.section-2 to None, run_after=None
[2024-09-26T13:27:40.717+0000] {logging_mixin.py:190} INFO - [2024-09-26T13:27:40.717+0000] {dag.py:3239} INFO - Sync 2 DAGs
[2024-09-26T13:27:40.722+0000] {logging_mixin.py:190} INFO - [2024-09-26T13:27:40.721+0000] {dag.py:4180} INFO - Setting next_dagrun for example_subdag_operator.section-1 to None, run_after=None
[2024-09-26T13:27:40.722+0000] {logging_mixin.py:190} INFO - [2024-09-26T13:27:40.722+0000] {dag.py:4180} INFO - Setting next_dagrun for example_subdag_operator.section-2 to None, run_after=None
[2024-09-26T13:27:40.731+0000] {processor.py:208} INFO - Processing /home/airflow/.local/lib/python3.12/site-packages/airflow/example_dags/example_subdag_operator.py took 0.091 seconds
[2024-09-26T13:28:11.832+0000] {processor.py:186} INFO - Started process (PID=18097) to work on /home/airflow/.local/lib/python3.12/site-packages/airflow/example_dags/example_subdag_operator.py
[2024-09-26T13:28:11.833+0000] {processor.py:914} INFO - Processing file /home/airflow/.local/lib/python3.12/site-packages/airflow/example_dags/example_subdag_operator.py for tasks to queue
[2024-09-26T13:28:11.835+0000] {logging_mixin.py:190} INFO - [2024-09-26T13:28:11.834+0000] {dagbag.py:588} INFO - Filling up the DagBag from /home/airflow/.local/lib/python3.12/site-packages/airflow/example_dags/example_subdag_operator.py
[2024-09-26T13:28:11.854+0000] {processor.py:925} INFO - DAG(s) 'example_subdag_operator.section-1', 'example_subdag_operator.section-2', 'example_subdag_operator' retrieved from /home/airflow/.local/lib/python3.12/site-packages/airflow/example_dags/example_subdag_operator.py
[2024-09-26T13:28:11.868+0000] {logging_mixin.py:190} INFO - [2024-09-26T13:28:11.867+0000] {dag.py:3239} INFO - Sync 3 DAGs
[2024-09-26T13:28:11.887+0000] {logging_mixin.py:190} INFO - [2024-09-26T13:28:11.887+0000] {dag.py:4180} INFO - Setting next_dagrun for example_subdag_operator to 2022-01-01 00:00:00+00:00, run_after=2022-01-01 00:00:00+00:00
[2024-09-26T13:28:11.890+0000] {logging_mixin.py:190} INFO - [2024-09-26T13:28:11.890+0000] {dag.py:4180} INFO - Setting next_dagrun for example_subdag_operator.section-1 to None, run_after=None
[2024-09-26T13:28:11.891+0000] {logging_mixin.py:190} INFO - [2024-09-26T13:28:11.891+0000] {dag.py:4180} INFO - Setting next_dagrun for example_subdag_operator.section-2 to None, run_after=None
[2024-09-26T13:28:11.897+0000] {logging_mixin.py:190} INFO - [2024-09-26T13:28:11.897+0000] {dag.py:3239} INFO - Sync 2 DAGs
[2024-09-26T13:28:11.902+0000] {logging_mixin.py:190} INFO - [2024-09-26T13:28:11.902+0000] {dag.py:4180} INFO - Setting next_dagrun for example_subdag_operator.section-1 to None, run_after=None
[2024-09-26T13:28:11.903+0000] {logging_mixin.py:190} INFO - [2024-09-26T13:28:11.903+0000] {dag.py:4180} INFO - Setting next_dagrun for example_subdag_operator.section-2 to None, run_after=None
[2024-09-26T13:28:11.911+0000] {processor.py:208} INFO - Processing /home/airflow/.local/lib/python3.12/site-packages/airflow/example_dags/example_subdag_operator.py took 0.085 seconds
[2024-09-26T13:28:42.648+0000] {processor.py:186} INFO - Started process (PID=18381) to work on /home/airflow/.local/lib/python3.12/site-packages/airflow/example_dags/example_subdag_operator.py
[2024-09-26T13:28:42.648+0000] {processor.py:914} INFO - Processing file /home/airflow/.local/lib/python3.12/site-packages/airflow/example_dags/example_subdag_operator.py for tasks to queue
[2024-09-26T13:28:42.650+0000] {logging_mixin.py:190} INFO - [2024-09-26T13:28:42.650+0000] {dagbag.py:588} INFO - Filling up the DagBag from /home/airflow/.local/lib/python3.12/site-packages/airflow/example_dags/example_subdag_operator.py
[2024-09-26T13:28:42.668+0000] {processor.py:925} INFO - DAG(s) 'example_subdag_operator.section-1', 'example_subdag_operator.section-2', 'example_subdag_operator' retrieved from /home/airflow/.local/lib/python3.12/site-packages/airflow/example_dags/example_subdag_operator.py
[2024-09-26T13:28:42.681+0000] {logging_mixin.py:190} INFO - [2024-09-26T13:28:42.681+0000] {dag.py:3239} INFO - Sync 3 DAGs
[2024-09-26T13:28:42.701+0000] {logging_mixin.py:190} INFO - [2024-09-26T13:28:42.700+0000] {dag.py:4180} INFO - Setting next_dagrun for example_subdag_operator to 2022-01-01 00:00:00+00:00, run_after=2022-01-01 00:00:00+00:00
[2024-09-26T13:28:42.705+0000] {logging_mixin.py:190} INFO - [2024-09-26T13:28:42.704+0000] {dag.py:4180} INFO - Setting next_dagrun for example_subdag_operator.section-1 to None, run_after=None
[2024-09-26T13:28:42.706+0000] {logging_mixin.py:190} INFO - [2024-09-26T13:28:42.706+0000] {dag.py:4180} INFO - Setting next_dagrun for example_subdag_operator.section-2 to None, run_after=None
[2024-09-26T13:28:42.712+0000] {logging_mixin.py:190} INFO - [2024-09-26T13:28:42.712+0000] {dag.py:3239} INFO - Sync 2 DAGs
[2024-09-26T13:28:42.717+0000] {logging_mixin.py:190} INFO - [2024-09-26T13:28:42.717+0000] {dag.py:4180} INFO - Setting next_dagrun for example_subdag_operator.section-1 to None, run_after=None
[2024-09-26T13:28:42.718+0000] {logging_mixin.py:190} INFO - [2024-09-26T13:28:42.718+0000] {dag.py:4180} INFO - Setting next_dagrun for example_subdag_operator.section-2 to None, run_after=None
[2024-09-26T13:28:42.726+0000] {processor.py:208} INFO - Processing /home/airflow/.local/lib/python3.12/site-packages/airflow/example_dags/example_subdag_operator.py took 0.083 seconds
[2024-09-26T13:29:12.946+0000] {processor.py:186} INFO - Started process (PID=18667) to work on /home/airflow/.local/lib/python3.12/site-packages/airflow/example_dags/example_subdag_operator.py
[2024-09-26T13:29:12.947+0000] {processor.py:914} INFO - Processing file /home/airflow/.local/lib/python3.12/site-packages/airflow/example_dags/example_subdag_operator.py for tasks to queue
[2024-09-26T13:29:12.950+0000] {logging_mixin.py:190} INFO - [2024-09-26T13:29:12.949+0000] {dagbag.py:588} INFO - Filling up the DagBag from /home/airflow/.local/lib/python3.12/site-packages/airflow/example_dags/example_subdag_operator.py
[2024-09-26T13:29:12.973+0000] {processor.py:925} INFO - DAG(s) 'example_subdag_operator.section-1', 'example_subdag_operator.section-2', 'example_subdag_operator' retrieved from /home/airflow/.local/lib/python3.12/site-packages/airflow/example_dags/example_subdag_operator.py
[2024-09-26T13:29:12.988+0000] {logging_mixin.py:190} INFO - [2024-09-26T13:29:12.988+0000] {dag.py:3239} INFO - Sync 3 DAGs
[2024-09-26T13:29:13.018+0000] {logging_mixin.py:190} INFO - [2024-09-26T13:29:13.018+0000] {dag.py:4180} INFO - Setting next_dagrun for example_subdag_operator to 2022-01-01 00:00:00+00:00, run_after=2022-01-01 00:00:00+00:00
[2024-09-26T13:29:13.023+0000] {logging_mixin.py:190} INFO - [2024-09-26T13:29:13.023+0000] {dag.py:4180} INFO - Setting next_dagrun for example_subdag_operator.section-1 to None, run_after=None
[2024-09-26T13:29:13.026+0000] {logging_mixin.py:190} INFO - [2024-09-26T13:29:13.025+0000] {dag.py:4180} INFO - Setting next_dagrun for example_subdag_operator.section-2 to None, run_after=None
[2024-09-26T13:29:13.036+0000] {logging_mixin.py:190} INFO - [2024-09-26T13:29:13.036+0000] {dag.py:3239} INFO - Sync 2 DAGs
[2024-09-26T13:29:13.045+0000] {logging_mixin.py:190} INFO - [2024-09-26T13:29:13.045+0000] {dag.py:4180} INFO - Setting next_dagrun for example_subdag_operator.section-1 to None, run_after=None
[2024-09-26T13:29:13.045+0000] {logging_mixin.py:190} INFO - [2024-09-26T13:29:13.045+0000] {dag.py:4180} INFO - Setting next_dagrun for example_subdag_operator.section-2 to None, run_after=None
[2024-09-26T13:29:13.058+0000] {processor.py:208} INFO - Processing /home/airflow/.local/lib/python3.12/site-packages/airflow/example_dags/example_subdag_operator.py took 0.118 seconds
[2024-09-26T13:29:43.284+0000] {processor.py:186} INFO - Started process (PID=18955) to work on /home/airflow/.local/lib/python3.12/site-packages/airflow/example_dags/example_subdag_operator.py
[2024-09-26T13:29:43.285+0000] {processor.py:914} INFO - Processing file /home/airflow/.local/lib/python3.12/site-packages/airflow/example_dags/example_subdag_operator.py for tasks to queue
[2024-09-26T13:29:43.287+0000] {logging_mixin.py:190} INFO - [2024-09-26T13:29:43.286+0000] {dagbag.py:588} INFO - Filling up the DagBag from /home/airflow/.local/lib/python3.12/site-packages/airflow/example_dags/example_subdag_operator.py
[2024-09-26T13:29:43.306+0000] {processor.py:925} INFO - DAG(s) 'example_subdag_operator.section-1', 'example_subdag_operator.section-2', 'example_subdag_operator' retrieved from /home/airflow/.local/lib/python3.12/site-packages/airflow/example_dags/example_subdag_operator.py
[2024-09-26T13:29:43.320+0000] {logging_mixin.py:190} INFO - [2024-09-26T13:29:43.320+0000] {dag.py:3239} INFO - Sync 3 DAGs
[2024-09-26T13:29:43.339+0000] {logging_mixin.py:190} INFO - [2024-09-26T13:29:43.339+0000] {dag.py:4180} INFO - Setting next_dagrun for example_subdag_operator to 2022-01-01 00:00:00+00:00, run_after=2022-01-01 00:00:00+00:00
[2024-09-26T13:29:43.342+0000] {logging_mixin.py:190} INFO - [2024-09-26T13:29:43.342+0000] {dag.py:4180} INFO - Setting next_dagrun for example_subdag_operator.section-1 to None, run_after=None
[2024-09-26T13:29:43.343+0000] {logging_mixin.py:190} INFO - [2024-09-26T13:29:43.343+0000] {dag.py:4180} INFO - Setting next_dagrun for example_subdag_operator.section-2 to None, run_after=None
[2024-09-26T13:29:43.349+0000] {logging_mixin.py:190} INFO - [2024-09-26T13:29:43.349+0000] {dag.py:3239} INFO - Sync 2 DAGs
[2024-09-26T13:29:43.353+0000] {logging_mixin.py:190} INFO - [2024-09-26T13:29:43.353+0000] {dag.py:4180} INFO - Setting next_dagrun for example_subdag_operator.section-1 to None, run_after=None
[2024-09-26T13:29:43.354+0000] {logging_mixin.py:190} INFO - [2024-09-26T13:29:43.354+0000] {dag.py:4180} INFO - Setting next_dagrun for example_subdag_operator.section-2 to None, run_after=None
[2024-09-26T13:29:43.361+0000] {processor.py:208} INFO - Processing /home/airflow/.local/lib/python3.12/site-packages/airflow/example_dags/example_subdag_operator.py took 0.082 seconds
[2024-09-26T13:30:13.522+0000] {processor.py:186} INFO - Started process (PID=19241) to work on /home/airflow/.local/lib/python3.12/site-packages/airflow/example_dags/example_subdag_operator.py
[2024-09-26T13:30:13.523+0000] {processor.py:914} INFO - Processing file /home/airflow/.local/lib/python3.12/site-packages/airflow/example_dags/example_subdag_operator.py for tasks to queue
[2024-09-26T13:30:13.525+0000] {logging_mixin.py:190} INFO - [2024-09-26T13:30:13.524+0000] {dagbag.py:588} INFO - Filling up the DagBag from /home/airflow/.local/lib/python3.12/site-packages/airflow/example_dags/example_subdag_operator.py
[2024-09-26T13:30:13.544+0000] {processor.py:925} INFO - DAG(s) 'example_subdag_operator.section-1', 'example_subdag_operator.section-2', 'example_subdag_operator' retrieved from /home/airflow/.local/lib/python3.12/site-packages/airflow/example_dags/example_subdag_operator.py
[2024-09-26T13:30:13.558+0000] {logging_mixin.py:190} INFO - [2024-09-26T13:30:13.557+0000] {dag.py:3239} INFO - Sync 3 DAGs
[2024-09-26T13:30:13.578+0000] {logging_mixin.py:190} INFO - [2024-09-26T13:30:13.578+0000] {dag.py:4180} INFO - Setting next_dagrun for example_subdag_operator to 2022-01-01 00:00:00+00:00, run_after=2022-01-01 00:00:00+00:00
[2024-09-26T13:30:13.582+0000] {logging_mixin.py:190} INFO - [2024-09-26T13:30:13.581+0000] {dag.py:4180} INFO - Setting next_dagrun for example_subdag_operator.section-1 to None, run_after=None
[2024-09-26T13:30:13.583+0000] {logging_mixin.py:190} INFO - [2024-09-26T13:30:13.583+0000] {dag.py:4180} INFO - Setting next_dagrun for example_subdag_operator.section-2 to None, run_after=None
[2024-09-26T13:30:13.590+0000] {logging_mixin.py:190} INFO - [2024-09-26T13:30:13.590+0000] {dag.py:3239} INFO - Sync 2 DAGs
[2024-09-26T13:30:13.595+0000] {logging_mixin.py:190} INFO - [2024-09-26T13:30:13.595+0000] {dag.py:4180} INFO - Setting next_dagrun for example_subdag_operator.section-1 to None, run_after=None
[2024-09-26T13:30:13.596+0000] {logging_mixin.py:190} INFO - [2024-09-26T13:30:13.596+0000] {dag.py:4180} INFO - Setting next_dagrun for example_subdag_operator.section-2 to None, run_after=None
[2024-09-26T13:30:13.605+0000] {processor.py:208} INFO - Processing /home/airflow/.local/lib/python3.12/site-packages/airflow/example_dags/example_subdag_operator.py took 0.087 seconds
[2024-09-26T13:30:44.443+0000] {processor.py:186} INFO - Started process (PID=19525) to work on /home/airflow/.local/lib/python3.12/site-packages/airflow/example_dags/example_subdag_operator.py
[2024-09-26T13:30:44.443+0000] {processor.py:914} INFO - Processing file /home/airflow/.local/lib/python3.12/site-packages/airflow/example_dags/example_subdag_operator.py for tasks to queue
[2024-09-26T13:30:44.445+0000] {logging_mixin.py:190} INFO - [2024-09-26T13:30:44.445+0000] {dagbag.py:588} INFO - Filling up the DagBag from /home/airflow/.local/lib/python3.12/site-packages/airflow/example_dags/example_subdag_operator.py
[2024-09-26T13:30:44.463+0000] {processor.py:925} INFO - DAG(s) 'example_subdag_operator.section-1', 'example_subdag_operator.section-2', 'example_subdag_operator' retrieved from /home/airflow/.local/lib/python3.12/site-packages/airflow/example_dags/example_subdag_operator.py
[2024-09-26T13:30:44.481+0000] {logging_mixin.py:190} INFO - [2024-09-26T13:30:44.481+0000] {dag.py:3239} INFO - Sync 3 DAGs
[2024-09-26T13:30:44.508+0000] {logging_mixin.py:190} INFO - [2024-09-26T13:30:44.507+0000] {dag.py:4180} INFO - Setting next_dagrun for example_subdag_operator to 2022-01-01 00:00:00+00:00, run_after=2022-01-01 00:00:00+00:00
[2024-09-26T13:30:44.511+0000] {logging_mixin.py:190} INFO - [2024-09-26T13:30:44.511+0000] {dag.py:4180} INFO - Setting next_dagrun for example_subdag_operator.section-1 to None, run_after=None
[2024-09-26T13:30:44.512+0000] {logging_mixin.py:190} INFO - [2024-09-26T13:30:44.512+0000] {dag.py:4180} INFO - Setting next_dagrun for example_subdag_operator.section-2 to None, run_after=None
[2024-09-26T13:30:44.518+0000] {logging_mixin.py:190} INFO - [2024-09-26T13:30:44.518+0000] {dag.py:3239} INFO - Sync 2 DAGs
[2024-09-26T13:30:44.525+0000] {logging_mixin.py:190} INFO - [2024-09-26T13:30:44.524+0000] {dag.py:4180} INFO - Setting next_dagrun for example_subdag_operator.section-1 to None, run_after=None
[2024-09-26T13:30:44.525+0000] {logging_mixin.py:190} INFO - [2024-09-26T13:30:44.525+0000] {dag.py:4180} INFO - Setting next_dagrun for example_subdag_operator.section-2 to None, run_after=None
[2024-09-26T13:30:44.535+0000] {processor.py:208} INFO - Processing /home/airflow/.local/lib/python3.12/site-packages/airflow/example_dags/example_subdag_operator.py took 0.097 seconds
[2024-09-26T13:31:15.321+0000] {processor.py:186} INFO - Started process (PID=19818) to work on /home/airflow/.local/lib/python3.12/site-packages/airflow/example_dags/example_subdag_operator.py
[2024-09-26T13:31:15.322+0000] {processor.py:914} INFO - Processing file /home/airflow/.local/lib/python3.12/site-packages/airflow/example_dags/example_subdag_operator.py for tasks to queue
[2024-09-26T13:31:15.324+0000] {logging_mixin.py:190} INFO - [2024-09-26T13:31:15.323+0000] {dagbag.py:588} INFO - Filling up the DagBag from /home/airflow/.local/lib/python3.12/site-packages/airflow/example_dags/example_subdag_operator.py
[2024-09-26T13:31:15.343+0000] {processor.py:925} INFO - DAG(s) 'example_subdag_operator.section-1', 'example_subdag_operator.section-2', 'example_subdag_operator' retrieved from /home/airflow/.local/lib/python3.12/site-packages/airflow/example_dags/example_subdag_operator.py
[2024-09-26T13:31:15.356+0000] {logging_mixin.py:190} INFO - [2024-09-26T13:31:15.356+0000] {dag.py:3239} INFO - Sync 3 DAGs
[2024-09-26T13:31:15.379+0000] {logging_mixin.py:190} INFO - [2024-09-26T13:31:15.378+0000] {dag.py:4180} INFO - Setting next_dagrun for example_subdag_operator to 2022-01-01 00:00:00+00:00, run_after=2022-01-01 00:00:00+00:00
[2024-09-26T13:31:15.383+0000] {logging_mixin.py:190} INFO - [2024-09-26T13:31:15.383+0000] {dag.py:4180} INFO - Setting next_dagrun for example_subdag_operator.section-1 to None, run_after=None
[2024-09-26T13:31:15.384+0000] {logging_mixin.py:190} INFO - [2024-09-26T13:31:15.384+0000] {dag.py:4180} INFO - Setting next_dagrun for example_subdag_operator.section-2 to None, run_after=None
[2024-09-26T13:31:15.392+0000] {logging_mixin.py:190} INFO - [2024-09-26T13:31:15.392+0000] {dag.py:3239} INFO - Sync 2 DAGs
[2024-09-26T13:31:15.398+0000] {logging_mixin.py:190} INFO - [2024-09-26T13:31:15.398+0000] {dag.py:4180} INFO - Setting next_dagrun for example_subdag_operator.section-1 to None, run_after=None
[2024-09-26T13:31:15.398+0000] {logging_mixin.py:190} INFO - [2024-09-26T13:31:15.398+0000] {dag.py:4180} INFO - Setting next_dagrun for example_subdag_operator.section-2 to None, run_after=None
[2024-09-26T13:31:15.409+0000] {processor.py:208} INFO - Processing /home/airflow/.local/lib/python3.12/site-packages/airflow/example_dags/example_subdag_operator.py took 0.092 seconds
