[2024-09-26T13:24:58.239+0000] {processor.py:186} INFO - Started process (PID=16296) to work on /home/airflow/.local/lib/python3.12/site-packages/airflow/example_dags/example_xcom.py
[2024-09-26T13:24:58.240+0000] {processor.py:914} INFO - Processing file /home/airflow/.local/lib/python3.12/site-packages/airflow/example_dags/example_xcom.py for tasks to queue
[2024-09-26T13:24:58.242+0000] {logging_mixin.py:190} INFO - [2024-09-26T13:24:58.242+0000] {dagbag.py:588} INFO - Filling up the DagBag from /home/airflow/.local/lib/python3.12/site-packages/airflow/example_dags/example_xcom.py
[2024-09-26T13:24:58.251+0000] {processor.py:925} INFO - DAG(s) 'example_xcom' retrieved from /home/airflow/.local/lib/python3.12/site-packages/airflow/example_dags/example_xcom.py
[2024-09-26T13:24:58.267+0000] {logging_mixin.py:190} INFO - [2024-09-26T13:24:58.267+0000] {dag.py:3239} INFO - Sync 1 DAGs
[2024-09-26T13:24:58.289+0000] {logging_mixin.py:190} INFO - [2024-09-26T13:24:58.288+0000] {dag.py:4180} INFO - Setting next_dagrun for example_xcom to 2021-01-01 00:00:00+00:00, run_after=2021-01-01 00:00:00+00:00
[2024-09-26T13:24:58.433+0000] {processor.py:208} INFO - Processing /home/airflow/.local/lib/python3.12/site-packages/airflow/example_dags/example_xcom.py took 0.199 seconds
[2024-09-26T13:25:28.545+0000] {processor.py:186} INFO - Started process (PID=16582) to work on /home/airflow/.local/lib/python3.12/site-packages/airflow/example_dags/example_xcom.py
[2024-09-26T13:25:28.545+0000] {processor.py:914} INFO - Processing file /home/airflow/.local/lib/python3.12/site-packages/airflow/example_dags/example_xcom.py for tasks to queue
[2024-09-26T13:25:28.547+0000] {logging_mixin.py:190} INFO - [2024-09-26T13:25:28.547+0000] {dagbag.py:588} INFO - Filling up the DagBag from /home/airflow/.local/lib/python3.12/site-packages/airflow/example_dags/example_xcom.py
[2024-09-26T13:25:28.556+0000] {processor.py:925} INFO - DAG(s) 'example_xcom' retrieved from /home/airflow/.local/lib/python3.12/site-packages/airflow/example_dags/example_xcom.py
[2024-09-26T13:25:28.572+0000] {logging_mixin.py:190} INFO - [2024-09-26T13:25:28.572+0000] {dag.py:3239} INFO - Sync 1 DAGs
[2024-09-26T13:25:28.590+0000] {logging_mixin.py:190} INFO - [2024-09-26T13:25:28.590+0000] {dag.py:4180} INFO - Setting next_dagrun for example_xcom to 2021-01-01 00:00:00+00:00, run_after=2021-01-01 00:00:00+00:00
[2024-09-26T13:25:28.605+0000] {processor.py:208} INFO - Processing /home/airflow/.local/lib/python3.12/site-packages/airflow/example_dags/example_xcom.py took 0.065 seconds
[2024-09-26T13:25:59.218+0000] {processor.py:186} INFO - Started process (PID=16868) to work on /home/airflow/.local/lib/python3.12/site-packages/airflow/example_dags/example_xcom.py
[2024-09-26T13:25:59.218+0000] {processor.py:914} INFO - Processing file /home/airflow/.local/lib/python3.12/site-packages/airflow/example_dags/example_xcom.py for tasks to queue
[2024-09-26T13:25:59.221+0000] {logging_mixin.py:190} INFO - [2024-09-26T13:25:59.220+0000] {dagbag.py:588} INFO - Filling up the DagBag from /home/airflow/.local/lib/python3.12/site-packages/airflow/example_dags/example_xcom.py
[2024-09-26T13:25:59.229+0000] {processor.py:925} INFO - DAG(s) 'example_xcom' retrieved from /home/airflow/.local/lib/python3.12/site-packages/airflow/example_dags/example_xcom.py
[2024-09-26T13:25:59.246+0000] {logging_mixin.py:190} INFO - [2024-09-26T13:25:59.246+0000] {dag.py:3239} INFO - Sync 1 DAGs
[2024-09-26T13:25:59.265+0000] {logging_mixin.py:190} INFO - [2024-09-26T13:25:59.265+0000] {dag.py:4180} INFO - Setting next_dagrun for example_xcom to 2021-01-01 00:00:00+00:00, run_after=2021-01-01 00:00:00+00:00
[2024-09-26T13:25:59.281+0000] {processor.py:208} INFO - Processing /home/airflow/.local/lib/python3.12/site-packages/airflow/example_dags/example_xcom.py took 0.068 seconds
[2024-09-26T13:26:30.011+0000] {processor.py:186} INFO - Started process (PID=17154) to work on /home/airflow/.local/lib/python3.12/site-packages/airflow/example_dags/example_xcom.py
[2024-09-26T13:26:30.012+0000] {processor.py:914} INFO - Processing file /home/airflow/.local/lib/python3.12/site-packages/airflow/example_dags/example_xcom.py for tasks to queue
[2024-09-26T13:26:30.013+0000] {logging_mixin.py:190} INFO - [2024-09-26T13:26:30.013+0000] {dagbag.py:588} INFO - Filling up the DagBag from /home/airflow/.local/lib/python3.12/site-packages/airflow/example_dags/example_xcom.py
[2024-09-26T13:26:30.020+0000] {processor.py:925} INFO - DAG(s) 'example_xcom' retrieved from /home/airflow/.local/lib/python3.12/site-packages/airflow/example_dags/example_xcom.py
[2024-09-26T13:26:30.036+0000] {logging_mixin.py:190} INFO - [2024-09-26T13:26:30.036+0000] {dag.py:3239} INFO - Sync 1 DAGs
[2024-09-26T13:26:30.054+0000] {logging_mixin.py:190} INFO - [2024-09-26T13:26:30.054+0000] {dag.py:4180} INFO - Setting next_dagrun for example_xcom to 2021-01-01 00:00:00+00:00, run_after=2021-01-01 00:00:00+00:00
[2024-09-26T13:26:30.068+0000] {processor.py:208} INFO - Processing /home/airflow/.local/lib/python3.12/site-packages/airflow/example_dags/example_xcom.py took 0.062 seconds
[2024-09-26T13:27:00.513+0000] {processor.py:186} INFO - Started process (PID=17440) to work on /home/airflow/.local/lib/python3.12/site-packages/airflow/example_dags/example_xcom.py
[2024-09-26T13:27:00.514+0000] {processor.py:914} INFO - Processing file /home/airflow/.local/lib/python3.12/site-packages/airflow/example_dags/example_xcom.py for tasks to queue
[2024-09-26T13:27:00.516+0000] {logging_mixin.py:190} INFO - [2024-09-26T13:27:00.515+0000] {dagbag.py:588} INFO - Filling up the DagBag from /home/airflow/.local/lib/python3.12/site-packages/airflow/example_dags/example_xcom.py
[2024-09-26T13:27:00.523+0000] {processor.py:925} INFO - DAG(s) 'example_xcom' retrieved from /home/airflow/.local/lib/python3.12/site-packages/airflow/example_dags/example_xcom.py
[2024-09-26T13:27:00.539+0000] {logging_mixin.py:190} INFO - [2024-09-26T13:27:00.538+0000] {dag.py:3239} INFO - Sync 1 DAGs
[2024-09-26T13:27:00.557+0000] {logging_mixin.py:190} INFO - [2024-09-26T13:27:00.557+0000] {dag.py:4180} INFO - Setting next_dagrun for example_xcom to 2021-01-01 00:00:00+00:00, run_after=2021-01-01 00:00:00+00:00
[2024-09-26T13:27:00.571+0000] {processor.py:208} INFO - Processing /home/airflow/.local/lib/python3.12/site-packages/airflow/example_dags/example_xcom.py took 0.063 seconds
[2024-09-26T13:27:31.397+0000] {processor.py:186} INFO - Started process (PID=17724) to work on /home/airflow/.local/lib/python3.12/site-packages/airflow/example_dags/example_xcom.py
[2024-09-26T13:27:31.398+0000] {processor.py:914} INFO - Processing file /home/airflow/.local/lib/python3.12/site-packages/airflow/example_dags/example_xcom.py for tasks to queue
[2024-09-26T13:27:31.399+0000] {logging_mixin.py:190} INFO - [2024-09-26T13:27:31.399+0000] {dagbag.py:588} INFO - Filling up the DagBag from /home/airflow/.local/lib/python3.12/site-packages/airflow/example_dags/example_xcom.py
[2024-09-26T13:27:31.406+0000] {processor.py:925} INFO - DAG(s) 'example_xcom' retrieved from /home/airflow/.local/lib/python3.12/site-packages/airflow/example_dags/example_xcom.py
[2024-09-26T13:27:31.423+0000] {logging_mixin.py:190} INFO - [2024-09-26T13:27:31.423+0000] {dag.py:3239} INFO - Sync 1 DAGs
[2024-09-26T13:27:31.442+0000] {logging_mixin.py:190} INFO - [2024-09-26T13:27:31.441+0000] {dag.py:4180} INFO - Setting next_dagrun for example_xcom to 2021-01-01 00:00:00+00:00, run_after=2021-01-01 00:00:00+00:00
[2024-09-26T13:27:31.457+0000] {processor.py:208} INFO - Processing /home/airflow/.local/lib/python3.12/site-packages/airflow/example_dags/example_xcom.py took 0.065 seconds
[2024-09-26T13:28:02.853+0000] {processor.py:186} INFO - Started process (PID=18010) to work on /home/airflow/.local/lib/python3.12/site-packages/airflow/example_dags/example_xcom.py
[2024-09-26T13:28:02.854+0000] {processor.py:914} INFO - Processing file /home/airflow/.local/lib/python3.12/site-packages/airflow/example_dags/example_xcom.py for tasks to queue
[2024-09-26T13:28:02.856+0000] {logging_mixin.py:190} INFO - [2024-09-26T13:28:02.856+0000] {dagbag.py:588} INFO - Filling up the DagBag from /home/airflow/.local/lib/python3.12/site-packages/airflow/example_dags/example_xcom.py
[2024-09-26T13:28:02.864+0000] {processor.py:925} INFO - DAG(s) 'example_xcom' retrieved from /home/airflow/.local/lib/python3.12/site-packages/airflow/example_dags/example_xcom.py
[2024-09-26T13:28:02.999+0000] {logging_mixin.py:190} INFO - [2024-09-26T13:28:02.999+0000] {dag.py:3239} INFO - Sync 1 DAGs
[2024-09-26T13:28:03.016+0000] {logging_mixin.py:190} INFO - [2024-09-26T13:28:03.016+0000] {dag.py:4180} INFO - Setting next_dagrun for example_xcom to 2021-01-01 00:00:00+00:00, run_after=2021-01-01 00:00:00+00:00
[2024-09-26T13:28:03.030+0000] {processor.py:208} INFO - Processing /home/airflow/.local/lib/python3.12/site-packages/airflow/example_dags/example_xcom.py took 0.181 seconds
[2024-09-26T13:28:33.805+0000] {processor.py:186} INFO - Started process (PID=18296) to work on /home/airflow/.local/lib/python3.12/site-packages/airflow/example_dags/example_xcom.py
[2024-09-26T13:28:33.806+0000] {processor.py:914} INFO - Processing file /home/airflow/.local/lib/python3.12/site-packages/airflow/example_dags/example_xcom.py for tasks to queue
[2024-09-26T13:28:33.807+0000] {logging_mixin.py:190} INFO - [2024-09-26T13:28:33.807+0000] {dagbag.py:588} INFO - Filling up the DagBag from /home/airflow/.local/lib/python3.12/site-packages/airflow/example_dags/example_xcom.py
[2024-09-26T13:28:33.814+0000] {processor.py:925} INFO - DAG(s) 'example_xcom' retrieved from /home/airflow/.local/lib/python3.12/site-packages/airflow/example_dags/example_xcom.py
[2024-09-26T13:28:33.832+0000] {logging_mixin.py:190} INFO - [2024-09-26T13:28:33.832+0000] {dag.py:3239} INFO - Sync 1 DAGs
[2024-09-26T13:28:33.850+0000] {logging_mixin.py:190} INFO - [2024-09-26T13:28:33.850+0000] {dag.py:4180} INFO - Setting next_dagrun for example_xcom to 2021-01-01 00:00:00+00:00, run_after=2021-01-01 00:00:00+00:00
[2024-09-26T13:28:33.864+0000] {processor.py:208} INFO - Processing /home/airflow/.local/lib/python3.12/site-packages/airflow/example_dags/example_xcom.py took 0.063 seconds
[2024-09-26T13:29:04.115+0000] {processor.py:186} INFO - Started process (PID=18582) to work on /home/airflow/.local/lib/python3.12/site-packages/airflow/example_dags/example_xcom.py
[2024-09-26T13:29:04.115+0000] {processor.py:914} INFO - Processing file /home/airflow/.local/lib/python3.12/site-packages/airflow/example_dags/example_xcom.py for tasks to queue
[2024-09-26T13:29:04.117+0000] {logging_mixin.py:190} INFO - [2024-09-26T13:29:04.117+0000] {dagbag.py:588} INFO - Filling up the DagBag from /home/airflow/.local/lib/python3.12/site-packages/airflow/example_dags/example_xcom.py
[2024-09-26T13:29:04.124+0000] {processor.py:925} INFO - DAG(s) 'example_xcom' retrieved from /home/airflow/.local/lib/python3.12/site-packages/airflow/example_dags/example_xcom.py
[2024-09-26T13:29:04.141+0000] {logging_mixin.py:190} INFO - [2024-09-26T13:29:04.140+0000] {dag.py:3239} INFO - Sync 1 DAGs
[2024-09-26T13:29:04.161+0000] {logging_mixin.py:190} INFO - [2024-09-26T13:29:04.161+0000] {dag.py:4180} INFO - Setting next_dagrun for example_xcom to 2021-01-01 00:00:00+00:00, run_after=2021-01-01 00:00:00+00:00
[2024-09-26T13:29:04.174+0000] {processor.py:208} INFO - Processing /home/airflow/.local/lib/python3.12/site-packages/airflow/example_dags/example_xcom.py took 0.064 seconds
[2024-09-26T13:29:35.151+0000] {processor.py:186} INFO - Started process (PID=18868) to work on /home/airflow/.local/lib/python3.12/site-packages/airflow/example_dags/example_xcom.py
[2024-09-26T13:29:35.152+0000] {processor.py:914} INFO - Processing file /home/airflow/.local/lib/python3.12/site-packages/airflow/example_dags/example_xcom.py for tasks to queue
[2024-09-26T13:29:35.154+0000] {logging_mixin.py:190} INFO - [2024-09-26T13:29:35.153+0000] {dagbag.py:588} INFO - Filling up the DagBag from /home/airflow/.local/lib/python3.12/site-packages/airflow/example_dags/example_xcom.py
[2024-09-26T13:29:35.161+0000] {processor.py:925} INFO - DAG(s) 'example_xcom' retrieved from /home/airflow/.local/lib/python3.12/site-packages/airflow/example_dags/example_xcom.py
[2024-09-26T13:29:35.179+0000] {logging_mixin.py:190} INFO - [2024-09-26T13:29:35.179+0000] {dag.py:3239} INFO - Sync 1 DAGs
[2024-09-26T13:29:35.201+0000] {logging_mixin.py:190} INFO - [2024-09-26T13:29:35.200+0000] {dag.py:4180} INFO - Setting next_dagrun for example_xcom to 2021-01-01 00:00:00+00:00, run_after=2021-01-01 00:00:00+00:00
[2024-09-26T13:29:35.215+0000] {processor.py:208} INFO - Processing /home/airflow/.local/lib/python3.12/site-packages/airflow/example_dags/example_xcom.py took 0.068 seconds
[2024-09-26T13:30:05.378+0000] {processor.py:186} INFO - Started process (PID=19154) to work on /home/airflow/.local/lib/python3.12/site-packages/airflow/example_dags/example_xcom.py
[2024-09-26T13:30:05.379+0000] {processor.py:914} INFO - Processing file /home/airflow/.local/lib/python3.12/site-packages/airflow/example_dags/example_xcom.py for tasks to queue
[2024-09-26T13:30:05.383+0000] {logging_mixin.py:190} INFO - [2024-09-26T13:30:05.382+0000] {dagbag.py:588} INFO - Filling up the DagBag from /home/airflow/.local/lib/python3.12/site-packages/airflow/example_dags/example_xcom.py
[2024-09-26T13:30:05.394+0000] {processor.py:925} INFO - DAG(s) 'example_xcom' retrieved from /home/airflow/.local/lib/python3.12/site-packages/airflow/example_dags/example_xcom.py
[2024-09-26T13:30:05.420+0000] {logging_mixin.py:190} INFO - [2024-09-26T13:30:05.420+0000] {dag.py:3239} INFO - Sync 1 DAGs
[2024-09-26T13:30:05.444+0000] {logging_mixin.py:190} INFO - [2024-09-26T13:30:05.443+0000] {dag.py:4180} INFO - Setting next_dagrun for example_xcom to 2021-01-01 00:00:00+00:00, run_after=2021-01-01 00:00:00+00:00
[2024-09-26T13:30:05.459+0000] {processor.py:208} INFO - Processing /home/airflow/.local/lib/python3.12/site-packages/airflow/example_dags/example_xcom.py took 0.087 seconds
[2024-09-26T13:30:35.591+0000] {processor.py:186} INFO - Started process (PID=19440) to work on /home/airflow/.local/lib/python3.12/site-packages/airflow/example_dags/example_xcom.py
[2024-09-26T13:30:35.592+0000] {processor.py:914} INFO - Processing file /home/airflow/.local/lib/python3.12/site-packages/airflow/example_dags/example_xcom.py for tasks to queue
[2024-09-26T13:30:35.594+0000] {logging_mixin.py:190} INFO - [2024-09-26T13:30:35.594+0000] {dagbag.py:588} INFO - Filling up the DagBag from /home/airflow/.local/lib/python3.12/site-packages/airflow/example_dags/example_xcom.py
[2024-09-26T13:30:35.601+0000] {processor.py:925} INFO - DAG(s) 'example_xcom' retrieved from /home/airflow/.local/lib/python3.12/site-packages/airflow/example_dags/example_xcom.py
[2024-09-26T13:30:35.617+0000] {logging_mixin.py:190} INFO - [2024-09-26T13:30:35.617+0000] {dag.py:3239} INFO - Sync 1 DAGs
[2024-09-26T13:30:35.641+0000] {logging_mixin.py:190} INFO - [2024-09-26T13:30:35.640+0000] {dag.py:4180} INFO - Setting next_dagrun for example_xcom to 2021-01-01 00:00:00+00:00, run_after=2021-01-01 00:00:00+00:00
[2024-09-26T13:30:35.654+0000] {processor.py:208} INFO - Processing /home/airflow/.local/lib/python3.12/site-packages/airflow/example_dags/example_xcom.py took 0.067 seconds
[2024-09-26T13:31:06.457+0000] {processor.py:186} INFO - Started process (PID=19726) to work on /home/airflow/.local/lib/python3.12/site-packages/airflow/example_dags/example_xcom.py
[2024-09-26T13:31:06.458+0000] {processor.py:914} INFO - Processing file /home/airflow/.local/lib/python3.12/site-packages/airflow/example_dags/example_xcom.py for tasks to queue
[2024-09-26T13:31:06.460+0000] {logging_mixin.py:190} INFO - [2024-09-26T13:31:06.459+0000] {dagbag.py:588} INFO - Filling up the DagBag from /home/airflow/.local/lib/python3.12/site-packages/airflow/example_dags/example_xcom.py
[2024-09-26T13:31:06.467+0000] {processor.py:925} INFO - DAG(s) 'example_xcom' retrieved from /home/airflow/.local/lib/python3.12/site-packages/airflow/example_dags/example_xcom.py
[2024-09-26T13:31:06.483+0000] {logging_mixin.py:190} INFO - [2024-09-26T13:31:06.482+0000] {dag.py:3239} INFO - Sync 1 DAGs
[2024-09-26T13:31:06.503+0000] {logging_mixin.py:190} INFO - [2024-09-26T13:31:06.503+0000] {dag.py:4180} INFO - Setting next_dagrun for example_xcom to 2021-01-01 00:00:00+00:00, run_after=2021-01-01 00:00:00+00:00
[2024-09-26T13:31:06.518+0000] {processor.py:208} INFO - Processing /home/airflow/.local/lib/python3.12/site-packages/airflow/example_dags/example_xcom.py took 0.065 seconds
