[2024-09-26T13:25:07.176+0000] {processor.py:186} INFO - Started process (PID=16354) to work on /home/airflow/.local/lib/python3.12/site-packages/airflow/example_dags/example_trigger_target_dag.py
[2024-09-26T13:25:07.177+0000] {processor.py:914} INFO - Processing file /home/airflow/.local/lib/python3.12/site-packages/airflow/example_dags/example_trigger_target_dag.py for tasks to queue
[2024-09-26T13:25:07.179+0000] {logging_mixin.py:190} INFO - [2024-09-26T13:25:07.178+0000] {dagbag.py:588} INFO - Filling up the DagBag from /home/airflow/.local/lib/python3.12/site-packages/airflow/example_dags/example_trigger_target_dag.py
[2024-09-26T13:25:07.184+0000] {processor.py:925} INFO - DAG(s) 'example_trigger_target_dag' retrieved from /home/airflow/.local/lib/python3.12/site-packages/airflow/example_dags/example_trigger_target_dag.py
[2024-09-26T13:25:07.198+0000] {logging_mixin.py:190} INFO - [2024-09-26T13:25:07.198+0000] {dag.py:3239} INFO - Sync 1 DAGs
[2024-09-26T13:25:07.210+0000] {logging_mixin.py:190} INFO - [2024-09-26T13:25:07.210+0000] {dag.py:4180} INFO - Setting next_dagrun for example_trigger_target_dag to None, run_after=None
[2024-09-26T13:25:07.224+0000] {processor.py:208} INFO - Processing /home/airflow/.local/lib/python3.12/site-packages/airflow/example_dags/example_trigger_target_dag.py took 0.053 seconds
[2024-09-26T13:25:37.871+0000] {processor.py:186} INFO - Started process (PID=16642) to work on /home/airflow/.local/lib/python3.12/site-packages/airflow/example_dags/example_trigger_target_dag.py
[2024-09-26T13:25:37.872+0000] {processor.py:914} INFO - Processing file /home/airflow/.local/lib/python3.12/site-packages/airflow/example_dags/example_trigger_target_dag.py for tasks to queue
[2024-09-26T13:25:37.874+0000] {logging_mixin.py:190} INFO - [2024-09-26T13:25:37.874+0000] {dagbag.py:588} INFO - Filling up the DagBag from /home/airflow/.local/lib/python3.12/site-packages/airflow/example_dags/example_trigger_target_dag.py
[2024-09-26T13:25:37.880+0000] {processor.py:925} INFO - DAG(s) 'example_trigger_target_dag' retrieved from /home/airflow/.local/lib/python3.12/site-packages/airflow/example_dags/example_trigger_target_dag.py
[2024-09-26T13:25:37.895+0000] {logging_mixin.py:190} INFO - [2024-09-26T13:25:37.895+0000] {dag.py:3239} INFO - Sync 1 DAGs
[2024-09-26T13:25:37.907+0000] {logging_mixin.py:190} INFO - [2024-09-26T13:25:37.907+0000] {dag.py:4180} INFO - Setting next_dagrun for example_trigger_target_dag to None, run_after=None
[2024-09-26T13:25:37.921+0000] {processor.py:208} INFO - Processing /home/airflow/.local/lib/python3.12/site-packages/airflow/example_dags/example_trigger_target_dag.py took 0.054 seconds
[2024-09-26T13:26:08.010+0000] {processor.py:186} INFO - Started process (PID=16926) to work on /home/airflow/.local/lib/python3.12/site-packages/airflow/example_dags/example_trigger_target_dag.py
[2024-09-26T13:26:08.011+0000] {processor.py:914} INFO - Processing file /home/airflow/.local/lib/python3.12/site-packages/airflow/example_dags/example_trigger_target_dag.py for tasks to queue
[2024-09-26T13:26:08.013+0000] {logging_mixin.py:190} INFO - [2024-09-26T13:26:08.013+0000] {dagbag.py:588} INFO - Filling up the DagBag from /home/airflow/.local/lib/python3.12/site-packages/airflow/example_dags/example_trigger_target_dag.py
[2024-09-26T13:26:08.019+0000] {processor.py:925} INFO - DAG(s) 'example_trigger_target_dag' retrieved from /home/airflow/.local/lib/python3.12/site-packages/airflow/example_dags/example_trigger_target_dag.py
[2024-09-26T13:26:08.034+0000] {logging_mixin.py:190} INFO - [2024-09-26T13:26:08.033+0000] {dag.py:3239} INFO - Sync 1 DAGs
[2024-09-26T13:26:08.046+0000] {logging_mixin.py:190} INFO - [2024-09-26T13:26:08.046+0000] {dag.py:4180} INFO - Setting next_dagrun for example_trigger_target_dag to None, run_after=None
[2024-09-26T13:26:08.061+0000] {processor.py:208} INFO - Processing /home/airflow/.local/lib/python3.12/site-packages/airflow/example_dags/example_trigger_target_dag.py took 0.055 seconds
[2024-09-26T13:26:38.759+0000] {processor.py:186} INFO - Started process (PID=17212) to work on /home/airflow/.local/lib/python3.12/site-packages/airflow/example_dags/example_trigger_target_dag.py
[2024-09-26T13:26:38.760+0000] {processor.py:914} INFO - Processing file /home/airflow/.local/lib/python3.12/site-packages/airflow/example_dags/example_trigger_target_dag.py for tasks to queue
[2024-09-26T13:26:38.761+0000] {logging_mixin.py:190} INFO - [2024-09-26T13:26:38.761+0000] {dagbag.py:588} INFO - Filling up the DagBag from /home/airflow/.local/lib/python3.12/site-packages/airflow/example_dags/example_trigger_target_dag.py
[2024-09-26T13:26:38.767+0000] {processor.py:925} INFO - DAG(s) 'example_trigger_target_dag' retrieved from /home/airflow/.local/lib/python3.12/site-packages/airflow/example_dags/example_trigger_target_dag.py
[2024-09-26T13:26:38.783+0000] {logging_mixin.py:190} INFO - [2024-09-26T13:26:38.783+0000] {dag.py:3239} INFO - Sync 1 DAGs
[2024-09-26T13:26:38.795+0000] {logging_mixin.py:190} INFO - [2024-09-26T13:26:38.795+0000] {dag.py:4180} INFO - Setting next_dagrun for example_trigger_target_dag to None, run_after=None
[2024-09-26T13:26:38.812+0000] {processor.py:208} INFO - Processing /home/airflow/.local/lib/python3.12/site-packages/airflow/example_dags/example_trigger_target_dag.py took 0.058 seconds
[2024-09-26T13:27:09.256+0000] {processor.py:186} INFO - Started process (PID=17498) to work on /home/airflow/.local/lib/python3.12/site-packages/airflow/example_dags/example_trigger_target_dag.py
[2024-09-26T13:27:09.257+0000] {processor.py:914} INFO - Processing file /home/airflow/.local/lib/python3.12/site-packages/airflow/example_dags/example_trigger_target_dag.py for tasks to queue
[2024-09-26T13:27:09.259+0000] {logging_mixin.py:190} INFO - [2024-09-26T13:27:09.259+0000] {dagbag.py:588} INFO - Filling up the DagBag from /home/airflow/.local/lib/python3.12/site-packages/airflow/example_dags/example_trigger_target_dag.py
[2024-09-26T13:27:09.264+0000] {processor.py:925} INFO - DAG(s) 'example_trigger_target_dag' retrieved from /home/airflow/.local/lib/python3.12/site-packages/airflow/example_dags/example_trigger_target_dag.py
[2024-09-26T13:27:09.280+0000] {logging_mixin.py:190} INFO - [2024-09-26T13:27:09.280+0000] {dag.py:3239} INFO - Sync 1 DAGs
[2024-09-26T13:27:09.292+0000] {logging_mixin.py:190} INFO - [2024-09-26T13:27:09.292+0000] {dag.py:4180} INFO - Setting next_dagrun for example_trigger_target_dag to None, run_after=None
[2024-09-26T13:27:09.307+0000] {processor.py:208} INFO - Processing /home/airflow/.local/lib/python3.12/site-packages/airflow/example_dags/example_trigger_target_dag.py took 0.055 seconds
[2024-09-26T13:27:40.371+0000] {processor.py:186} INFO - Started process (PID=17786) to work on /home/airflow/.local/lib/python3.12/site-packages/airflow/example_dags/example_trigger_target_dag.py
[2024-09-26T13:27:40.372+0000] {processor.py:914} INFO - Processing file /home/airflow/.local/lib/python3.12/site-packages/airflow/example_dags/example_trigger_target_dag.py for tasks to queue
[2024-09-26T13:27:40.375+0000] {logging_mixin.py:190} INFO - [2024-09-26T13:27:40.374+0000] {dagbag.py:588} INFO - Filling up the DagBag from /home/airflow/.local/lib/python3.12/site-packages/airflow/example_dags/example_trigger_target_dag.py
[2024-09-26T13:27:40.383+0000] {processor.py:925} INFO - DAG(s) 'example_trigger_target_dag' retrieved from /home/airflow/.local/lib/python3.12/site-packages/airflow/example_dags/example_trigger_target_dag.py
[2024-09-26T13:27:40.401+0000] {logging_mixin.py:190} INFO - [2024-09-26T13:27:40.401+0000] {dag.py:3239} INFO - Sync 1 DAGs
[2024-09-26T13:27:40.422+0000] {logging_mixin.py:190} INFO - [2024-09-26T13:27:40.422+0000] {dag.py:4180} INFO - Setting next_dagrun for example_trigger_target_dag to None, run_after=None
[2024-09-26T13:27:40.440+0000] {processor.py:208} INFO - Processing /home/airflow/.local/lib/python3.12/site-packages/airflow/example_dags/example_trigger_target_dag.py took 0.075 seconds
[2024-09-26T13:28:11.194+0000] {processor.py:186} INFO - Started process (PID=18070) to work on /home/airflow/.local/lib/python3.12/site-packages/airflow/example_dags/example_trigger_target_dag.py
[2024-09-26T13:28:11.195+0000] {processor.py:914} INFO - Processing file /home/airflow/.local/lib/python3.12/site-packages/airflow/example_dags/example_trigger_target_dag.py for tasks to queue
[2024-09-26T13:28:11.340+0000] {logging_mixin.py:190} INFO - [2024-09-26T13:28:11.340+0000] {dagbag.py:588} INFO - Filling up the DagBag from /home/airflow/.local/lib/python3.12/site-packages/airflow/example_dags/example_trigger_target_dag.py
[2024-09-26T13:28:11.345+0000] {processor.py:925} INFO - DAG(s) 'example_trigger_target_dag' retrieved from /home/airflow/.local/lib/python3.12/site-packages/airflow/example_dags/example_trigger_target_dag.py
[2024-09-26T13:28:11.358+0000] {logging_mixin.py:190} INFO - [2024-09-26T13:28:11.358+0000] {dag.py:3239} INFO - Sync 1 DAGs
[2024-09-26T13:28:11.369+0000] {logging_mixin.py:190} INFO - [2024-09-26T13:28:11.369+0000] {dag.py:4180} INFO - Setting next_dagrun for example_trigger_target_dag to None, run_after=None
[2024-09-26T13:28:11.383+0000] {processor.py:208} INFO - Processing /home/airflow/.local/lib/python3.12/site-packages/airflow/example_dags/example_trigger_target_dag.py took 0.194 seconds
[2024-09-26T13:28:41.467+0000] {processor.py:186} INFO - Started process (PID=18356) to work on /home/airflow/.local/lib/python3.12/site-packages/airflow/example_dags/example_trigger_target_dag.py
[2024-09-26T13:28:41.468+0000] {processor.py:914} INFO - Processing file /home/airflow/.local/lib/python3.12/site-packages/airflow/example_dags/example_trigger_target_dag.py for tasks to queue
[2024-09-26T13:28:41.469+0000] {logging_mixin.py:190} INFO - [2024-09-26T13:28:41.469+0000] {dagbag.py:588} INFO - Filling up the DagBag from /home/airflow/.local/lib/python3.12/site-packages/airflow/example_dags/example_trigger_target_dag.py
[2024-09-26T13:28:41.475+0000] {processor.py:925} INFO - DAG(s) 'example_trigger_target_dag' retrieved from /home/airflow/.local/lib/python3.12/site-packages/airflow/example_dags/example_trigger_target_dag.py
[2024-09-26T13:28:41.490+0000] {logging_mixin.py:190} INFO - [2024-09-26T13:28:41.490+0000] {dag.py:3239} INFO - Sync 1 DAGs
[2024-09-26T13:28:41.502+0000] {logging_mixin.py:190} INFO - [2024-09-26T13:28:41.502+0000] {dag.py:4180} INFO - Setting next_dagrun for example_trigger_target_dag to None, run_after=None
[2024-09-26T13:28:41.518+0000] {processor.py:208} INFO - Processing /home/airflow/.local/lib/python3.12/site-packages/airflow/example_dags/example_trigger_target_dag.py took 0.056 seconds
[2024-09-26T13:29:11.760+0000] {processor.py:186} INFO - Started process (PID=18642) to work on /home/airflow/.local/lib/python3.12/site-packages/airflow/example_dags/example_trigger_target_dag.py
[2024-09-26T13:29:11.761+0000] {processor.py:914} INFO - Processing file /home/airflow/.local/lib/python3.12/site-packages/airflow/example_dags/example_trigger_target_dag.py for tasks to queue
[2024-09-26T13:29:11.763+0000] {logging_mixin.py:190} INFO - [2024-09-26T13:29:11.762+0000] {dagbag.py:588} INFO - Filling up the DagBag from /home/airflow/.local/lib/python3.12/site-packages/airflow/example_dags/example_trigger_target_dag.py
[2024-09-26T13:29:11.768+0000] {processor.py:925} INFO - DAG(s) 'example_trigger_target_dag' retrieved from /home/airflow/.local/lib/python3.12/site-packages/airflow/example_dags/example_trigger_target_dag.py
[2024-09-26T13:29:11.782+0000] {logging_mixin.py:190} INFO - [2024-09-26T13:29:11.782+0000] {dag.py:3239} INFO - Sync 1 DAGs
[2024-09-26T13:29:11.796+0000] {logging_mixin.py:190} INFO - [2024-09-26T13:29:11.796+0000] {dag.py:4180} INFO - Setting next_dagrun for example_trigger_target_dag to None, run_after=None
[2024-09-26T13:29:11.810+0000] {processor.py:208} INFO - Processing /home/airflow/.local/lib/python3.12/site-packages/airflow/example_dags/example_trigger_target_dag.py took 0.054 seconds
[2024-09-26T13:29:42.005+0000] {processor.py:186} INFO - Started process (PID=18928) to work on /home/airflow/.local/lib/python3.12/site-packages/airflow/example_dags/example_trigger_target_dag.py
[2024-09-26T13:29:42.006+0000] {processor.py:914} INFO - Processing file /home/airflow/.local/lib/python3.12/site-packages/airflow/example_dags/example_trigger_target_dag.py for tasks to queue
[2024-09-26T13:29:42.008+0000] {logging_mixin.py:190} INFO - [2024-09-26T13:29:42.008+0000] {dagbag.py:588} INFO - Filling up the DagBag from /home/airflow/.local/lib/python3.12/site-packages/airflow/example_dags/example_trigger_target_dag.py
[2024-09-26T13:29:42.013+0000] {processor.py:925} INFO - DAG(s) 'example_trigger_target_dag' retrieved from /home/airflow/.local/lib/python3.12/site-packages/airflow/example_dags/example_trigger_target_dag.py
[2024-09-26T13:29:42.027+0000] {logging_mixin.py:190} INFO - [2024-09-26T13:29:42.027+0000] {dag.py:3239} INFO - Sync 1 DAGs
[2024-09-26T13:29:42.039+0000] {logging_mixin.py:190} INFO - [2024-09-26T13:29:42.039+0000] {dag.py:4180} INFO - Setting next_dagrun for example_trigger_target_dag to None, run_after=None
[2024-09-26T13:29:42.054+0000] {processor.py:208} INFO - Processing /home/airflow/.local/lib/python3.12/site-packages/airflow/example_dags/example_trigger_target_dag.py took 0.054 seconds
[2024-09-26T13:30:12.259+0000] {processor.py:186} INFO - Started process (PID=19214) to work on /home/airflow/.local/lib/python3.12/site-packages/airflow/example_dags/example_trigger_target_dag.py
[2024-09-26T13:30:12.260+0000] {processor.py:914} INFO - Processing file /home/airflow/.local/lib/python3.12/site-packages/airflow/example_dags/example_trigger_target_dag.py for tasks to queue
[2024-09-26T13:30:12.262+0000] {logging_mixin.py:190} INFO - [2024-09-26T13:30:12.261+0000] {dagbag.py:588} INFO - Filling up the DagBag from /home/airflow/.local/lib/python3.12/site-packages/airflow/example_dags/example_trigger_target_dag.py
[2024-09-26T13:30:12.267+0000] {processor.py:925} INFO - DAG(s) 'example_trigger_target_dag' retrieved from /home/airflow/.local/lib/python3.12/site-packages/airflow/example_dags/example_trigger_target_dag.py
[2024-09-26T13:30:12.281+0000] {logging_mixin.py:190} INFO - [2024-09-26T13:30:12.281+0000] {dag.py:3239} INFO - Sync 1 DAGs
[2024-09-26T13:30:12.294+0000] {logging_mixin.py:190} INFO - [2024-09-26T13:30:12.293+0000] {dag.py:4180} INFO - Setting next_dagrun for example_trigger_target_dag to None, run_after=None
[2024-09-26T13:30:12.308+0000] {processor.py:208} INFO - Processing /home/airflow/.local/lib/python3.12/site-packages/airflow/example_dags/example_trigger_target_dag.py took 0.054 seconds
[2024-09-26T13:30:43.259+0000] {processor.py:186} INFO - Started process (PID=19500) to work on /home/airflow/.local/lib/python3.12/site-packages/airflow/example_dags/example_trigger_target_dag.py
[2024-09-26T13:30:43.260+0000] {processor.py:914} INFO - Processing file /home/airflow/.local/lib/python3.12/site-packages/airflow/example_dags/example_trigger_target_dag.py for tasks to queue
[2024-09-26T13:30:43.263+0000] {logging_mixin.py:190} INFO - [2024-09-26T13:30:43.262+0000] {dagbag.py:588} INFO - Filling up the DagBag from /home/airflow/.local/lib/python3.12/site-packages/airflow/example_dags/example_trigger_target_dag.py
[2024-09-26T13:30:43.268+0000] {processor.py:925} INFO - DAG(s) 'example_trigger_target_dag' retrieved from /home/airflow/.local/lib/python3.12/site-packages/airflow/example_dags/example_trigger_target_dag.py
[2024-09-26T13:30:43.283+0000] {logging_mixin.py:190} INFO - [2024-09-26T13:30:43.282+0000] {dag.py:3239} INFO - Sync 1 DAGs
[2024-09-26T13:30:43.296+0000] {logging_mixin.py:190} INFO - [2024-09-26T13:30:43.296+0000] {dag.py:4180} INFO - Setting next_dagrun for example_trigger_target_dag to None, run_after=None
[2024-09-26T13:30:43.311+0000] {processor.py:208} INFO - Processing /home/airflow/.local/lib/python3.12/site-packages/airflow/example_dags/example_trigger_target_dag.py took 0.056 seconds
[2024-09-26T13:31:14.131+0000] {processor.py:186} INFO - Started process (PID=19786) to work on /home/airflow/.local/lib/python3.12/site-packages/airflow/example_dags/example_trigger_target_dag.py
[2024-09-26T13:31:14.132+0000] {processor.py:914} INFO - Processing file /home/airflow/.local/lib/python3.12/site-packages/airflow/example_dags/example_trigger_target_dag.py for tasks to queue
[2024-09-26T13:31:14.134+0000] {logging_mixin.py:190} INFO - [2024-09-26T13:31:14.134+0000] {dagbag.py:588} INFO - Filling up the DagBag from /home/airflow/.local/lib/python3.12/site-packages/airflow/example_dags/example_trigger_target_dag.py
[2024-09-26T13:31:14.139+0000] {processor.py:925} INFO - DAG(s) 'example_trigger_target_dag' retrieved from /home/airflow/.local/lib/python3.12/site-packages/airflow/example_dags/example_trigger_target_dag.py
[2024-09-26T13:31:14.153+0000] {logging_mixin.py:190} INFO - [2024-09-26T13:31:14.153+0000] {dag.py:3239} INFO - Sync 1 DAGs
[2024-09-26T13:31:14.166+0000] {logging_mixin.py:190} INFO - [2024-09-26T13:31:14.166+0000] {dag.py:4180} INFO - Setting next_dagrun for example_trigger_target_dag to None, run_after=None
[2024-09-26T13:31:14.182+0000] {processor.py:208} INFO - Processing /home/airflow/.local/lib/python3.12/site-packages/airflow/example_dags/example_trigger_target_dag.py took 0.056 seconds
