[2024-09-26T13:24:57.997+0000] {processor.py:186} INFO - Started process (PID=16269) to work on /home/airflow/.local/lib/python3.12/site-packages/airflow/example_dags/example_latest_only.py
[2024-09-26T13:24:57.997+0000] {processor.py:914} INFO - Processing file /home/airflow/.local/lib/python3.12/site-packages/airflow/example_dags/example_latest_only.py for tasks to queue
[2024-09-26T13:24:57.999+0000] {logging_mixin.py:190} INFO - [2024-09-26T13:24:57.999+0000] {dagbag.py:588} INFO - Filling up the DagBag from /home/airflow/.local/lib/python3.12/site-packages/airflow/example_dags/example_latest_only.py
[2024-09-26T13:24:58.004+0000] {processor.py:925} INFO - DAG(s) 'latest_only' retrieved from /home/airflow/.local/lib/python3.12/site-packages/airflow/example_dags/example_latest_only.py
[2024-09-26T13:24:58.020+0000] {logging_mixin.py:190} INFO - [2024-09-26T13:24:58.020+0000] {dag.py:3239} INFO - Sync 1 DAGs
[2024-09-26T13:24:58.040+0000] {logging_mixin.py:190} INFO - [2024-09-26T13:24:58.040+0000] {dag.py:4180} INFO - Setting next_dagrun for latest_only to 2024-09-26 08:00:00+00:00, run_after=2024-09-26 12:00:00+00:00
[2024-09-26T13:24:58.055+0000] {processor.py:208} INFO - Processing /home/airflow/.local/lib/python3.12/site-packages/airflow/example_dags/example_latest_only.py took 0.063 seconds
[2024-09-26T13:25:28.299+0000] {processor.py:186} INFO - Started process (PID=16555) to work on /home/airflow/.local/lib/python3.12/site-packages/airflow/example_dags/example_latest_only.py
[2024-09-26T13:25:28.300+0000] {processor.py:914} INFO - Processing file /home/airflow/.local/lib/python3.12/site-packages/airflow/example_dags/example_latest_only.py for tasks to queue
[2024-09-26T13:25:28.301+0000] {logging_mixin.py:190} INFO - [2024-09-26T13:25:28.301+0000] {dagbag.py:588} INFO - Filling up the DagBag from /home/airflow/.local/lib/python3.12/site-packages/airflow/example_dags/example_latest_only.py
[2024-09-26T13:25:28.307+0000] {processor.py:925} INFO - DAG(s) 'latest_only' retrieved from /home/airflow/.local/lib/python3.12/site-packages/airflow/example_dags/example_latest_only.py
[2024-09-26T13:25:28.321+0000] {logging_mixin.py:190} INFO - [2024-09-26T13:25:28.321+0000] {dag.py:3239} INFO - Sync 1 DAGs
[2024-09-26T13:25:28.341+0000] {logging_mixin.py:190} INFO - [2024-09-26T13:25:28.341+0000] {dag.py:4180} INFO - Setting next_dagrun for latest_only to 2024-09-26 08:00:00+00:00, run_after=2024-09-26 12:00:00+00:00
[2024-09-26T13:25:28.355+0000] {processor.py:208} INFO - Processing /home/airflow/.local/lib/python3.12/site-packages/airflow/example_dags/example_latest_only.py took 0.061 seconds
[2024-09-26T13:25:58.959+0000] {processor.py:186} INFO - Started process (PID=16841) to work on /home/airflow/.local/lib/python3.12/site-packages/airflow/example_dags/example_latest_only.py
[2024-09-26T13:25:58.960+0000] {processor.py:914} INFO - Processing file /home/airflow/.local/lib/python3.12/site-packages/airflow/example_dags/example_latest_only.py for tasks to queue
[2024-09-26T13:25:58.962+0000] {logging_mixin.py:190} INFO - [2024-09-26T13:25:58.962+0000] {dagbag.py:588} INFO - Filling up the DagBag from /home/airflow/.local/lib/python3.12/site-packages/airflow/example_dags/example_latest_only.py
[2024-09-26T13:25:58.967+0000] {processor.py:925} INFO - DAG(s) 'latest_only' retrieved from /home/airflow/.local/lib/python3.12/site-packages/airflow/example_dags/example_latest_only.py
[2024-09-26T13:25:58.983+0000] {logging_mixin.py:190} INFO - [2024-09-26T13:25:58.983+0000] {dag.py:3239} INFO - Sync 1 DAGs
[2024-09-26T13:25:59.003+0000] {logging_mixin.py:190} INFO - [2024-09-26T13:25:59.003+0000] {dag.py:4180} INFO - Setting next_dagrun for latest_only to 2024-09-26 08:00:00+00:00, run_after=2024-09-26 12:00:00+00:00
[2024-09-26T13:25:59.018+0000] {processor.py:208} INFO - Processing /home/airflow/.local/lib/python3.12/site-packages/airflow/example_dags/example_latest_only.py took 0.064 seconds
[2024-09-26T13:26:29.769+0000] {processor.py:186} INFO - Started process (PID=17127) to work on /home/airflow/.local/lib/python3.12/site-packages/airflow/example_dags/example_latest_only.py
[2024-09-26T13:26:29.770+0000] {processor.py:914} INFO - Processing file /home/airflow/.local/lib/python3.12/site-packages/airflow/example_dags/example_latest_only.py for tasks to queue
[2024-09-26T13:26:29.772+0000] {logging_mixin.py:190} INFO - [2024-09-26T13:26:29.771+0000] {dagbag.py:588} INFO - Filling up the DagBag from /home/airflow/.local/lib/python3.12/site-packages/airflow/example_dags/example_latest_only.py
[2024-09-26T13:26:29.777+0000] {processor.py:925} INFO - DAG(s) 'latest_only' retrieved from /home/airflow/.local/lib/python3.12/site-packages/airflow/example_dags/example_latest_only.py
[2024-09-26T13:26:29.792+0000] {logging_mixin.py:190} INFO - [2024-09-26T13:26:29.792+0000] {dag.py:3239} INFO - Sync 1 DAGs
[2024-09-26T13:26:29.812+0000] {logging_mixin.py:190} INFO - [2024-09-26T13:26:29.812+0000] {dag.py:4180} INFO - Setting next_dagrun for latest_only to 2024-09-26 08:00:00+00:00, run_after=2024-09-26 12:00:00+00:00
[2024-09-26T13:26:29.827+0000] {processor.py:208} INFO - Processing /home/airflow/.local/lib/python3.12/site-packages/airflow/example_dags/example_latest_only.py took 0.063 seconds
[2024-09-26T13:27:00.282+0000] {processor.py:186} INFO - Started process (PID=17413) to work on /home/airflow/.local/lib/python3.12/site-packages/airflow/example_dags/example_latest_only.py
[2024-09-26T13:27:00.282+0000] {processor.py:914} INFO - Processing file /home/airflow/.local/lib/python3.12/site-packages/airflow/example_dags/example_latest_only.py for tasks to queue
[2024-09-26T13:27:00.284+0000] {logging_mixin.py:190} INFO - [2024-09-26T13:27:00.284+0000] {dagbag.py:588} INFO - Filling up the DagBag from /home/airflow/.local/lib/python3.12/site-packages/airflow/example_dags/example_latest_only.py
[2024-09-26T13:27:00.289+0000] {processor.py:925} INFO - DAG(s) 'latest_only' retrieved from /home/airflow/.local/lib/python3.12/site-packages/airflow/example_dags/example_latest_only.py
[2024-09-26T13:27:00.304+0000] {logging_mixin.py:190} INFO - [2024-09-26T13:27:00.303+0000] {dag.py:3239} INFO - Sync 1 DAGs
[2024-09-26T13:27:00.323+0000] {logging_mixin.py:190} INFO - [2024-09-26T13:27:00.323+0000] {dag.py:4180} INFO - Setting next_dagrun for latest_only to 2024-09-26 08:00:00+00:00, run_after=2024-09-26 12:00:00+00:00
[2024-09-26T13:27:00.336+0000] {processor.py:208} INFO - Processing /home/airflow/.local/lib/python3.12/site-packages/airflow/example_dags/example_latest_only.py took 0.059 seconds
[2024-09-26T13:27:31.117+0000] {processor.py:186} INFO - Started process (PID=17699) to work on /home/airflow/.local/lib/python3.12/site-packages/airflow/example_dags/example_latest_only.py
[2024-09-26T13:27:31.118+0000] {processor.py:914} INFO - Processing file /home/airflow/.local/lib/python3.12/site-packages/airflow/example_dags/example_latest_only.py for tasks to queue
[2024-09-26T13:27:31.119+0000] {logging_mixin.py:190} INFO - [2024-09-26T13:27:31.119+0000] {dagbag.py:588} INFO - Filling up the DagBag from /home/airflow/.local/lib/python3.12/site-packages/airflow/example_dags/example_latest_only.py
[2024-09-26T13:27:31.124+0000] {processor.py:925} INFO - DAG(s) 'latest_only' retrieved from /home/airflow/.local/lib/python3.12/site-packages/airflow/example_dags/example_latest_only.py
[2024-09-26T13:27:31.141+0000] {logging_mixin.py:190} INFO - [2024-09-26T13:27:31.140+0000] {dag.py:3239} INFO - Sync 1 DAGs
[2024-09-26T13:27:31.161+0000] {logging_mixin.py:190} INFO - [2024-09-26T13:27:31.161+0000] {dag.py:4180} INFO - Setting next_dagrun for latest_only to 2024-09-26 08:00:00+00:00, run_after=2024-09-26 12:00:00+00:00
[2024-09-26T13:27:31.177+0000] {processor.py:208} INFO - Processing /home/airflow/.local/lib/python3.12/site-packages/airflow/example_dags/example_latest_only.py took 0.065 seconds
[2024-09-26T13:28:02.361+0000] {processor.py:186} INFO - Started process (PID=17985) to work on /home/airflow/.local/lib/python3.12/site-packages/airflow/example_dags/example_latest_only.py
[2024-09-26T13:28:02.362+0000] {processor.py:914} INFO - Processing file /home/airflow/.local/lib/python3.12/site-packages/airflow/example_dags/example_latest_only.py for tasks to queue
[2024-09-26T13:28:02.364+0000] {logging_mixin.py:190} INFO - [2024-09-26T13:28:02.364+0000] {dagbag.py:588} INFO - Filling up the DagBag from /home/airflow/.local/lib/python3.12/site-packages/airflow/example_dags/example_latest_only.py
[2024-09-26T13:28:02.369+0000] {processor.py:925} INFO - DAG(s) 'latest_only' retrieved from /home/airflow/.local/lib/python3.12/site-packages/airflow/example_dags/example_latest_only.py
[2024-09-26T13:28:02.385+0000] {logging_mixin.py:190} INFO - [2024-09-26T13:28:02.384+0000] {dag.py:3239} INFO - Sync 1 DAGs
[2024-09-26T13:28:02.524+0000] {logging_mixin.py:190} INFO - [2024-09-26T13:28:02.524+0000] {dag.py:4180} INFO - Setting next_dagrun for latest_only to 2024-09-26 08:00:00+00:00, run_after=2024-09-26 12:00:00+00:00
[2024-09-26T13:28:02.539+0000] {processor.py:208} INFO - Processing /home/airflow/.local/lib/python3.12/site-packages/airflow/example_dags/example_latest_only.py took 0.181 seconds
[2024-09-26T13:28:32.607+0000] {processor.py:186} INFO - Started process (PID=18271) to work on /home/airflow/.local/lib/python3.12/site-packages/airflow/example_dags/example_latest_only.py
[2024-09-26T13:28:32.608+0000] {processor.py:914} INFO - Processing file /home/airflow/.local/lib/python3.12/site-packages/airflow/example_dags/example_latest_only.py for tasks to queue
[2024-09-26T13:28:32.609+0000] {logging_mixin.py:190} INFO - [2024-09-26T13:28:32.609+0000] {dagbag.py:588} INFO - Filling up the DagBag from /home/airflow/.local/lib/python3.12/site-packages/airflow/example_dags/example_latest_only.py
[2024-09-26T13:28:32.615+0000] {processor.py:925} INFO - DAG(s) 'latest_only' retrieved from /home/airflow/.local/lib/python3.12/site-packages/airflow/example_dags/example_latest_only.py
[2024-09-26T13:28:32.629+0000] {logging_mixin.py:190} INFO - [2024-09-26T13:28:32.629+0000] {dag.py:3239} INFO - Sync 1 DAGs
[2024-09-26T13:28:32.649+0000] {logging_mixin.py:190} INFO - [2024-09-26T13:28:32.649+0000] {dag.py:4180} INFO - Setting next_dagrun for latest_only to 2024-09-26 08:00:00+00:00, run_after=2024-09-26 12:00:00+00:00
[2024-09-26T13:28:32.664+0000] {processor.py:208} INFO - Processing /home/airflow/.local/lib/python3.12/site-packages/airflow/example_dags/example_latest_only.py took 0.062 seconds
[2024-09-26T13:29:02.897+0000] {processor.py:186} INFO - Started process (PID=18557) to work on /home/airflow/.local/lib/python3.12/site-packages/airflow/example_dags/example_latest_only.py
[2024-09-26T13:29:02.898+0000] {processor.py:914} INFO - Processing file /home/airflow/.local/lib/python3.12/site-packages/airflow/example_dags/example_latest_only.py for tasks to queue
[2024-09-26T13:29:02.899+0000] {logging_mixin.py:190} INFO - [2024-09-26T13:29:02.899+0000] {dagbag.py:588} INFO - Filling up the DagBag from /home/airflow/.local/lib/python3.12/site-packages/airflow/example_dags/example_latest_only.py
[2024-09-26T13:29:02.904+0000] {processor.py:925} INFO - DAG(s) 'latest_only' retrieved from /home/airflow/.local/lib/python3.12/site-packages/airflow/example_dags/example_latest_only.py
[2024-09-26T13:29:02.919+0000] {logging_mixin.py:190} INFO - [2024-09-26T13:29:02.919+0000] {dag.py:3239} INFO - Sync 1 DAGs
[2024-09-26T13:29:02.942+0000] {logging_mixin.py:190} INFO - [2024-09-26T13:29:02.942+0000] {dag.py:4180} INFO - Setting next_dagrun for latest_only to 2024-09-26 08:00:00+00:00, run_after=2024-09-26 12:00:00+00:00
[2024-09-26T13:29:02.957+0000] {processor.py:208} INFO - Processing /home/airflow/.local/lib/python3.12/site-packages/airflow/example_dags/example_latest_only.py took 0.064 seconds
[2024-09-26T13:29:33.928+0000] {processor.py:186} INFO - Started process (PID=18843) to work on /home/airflow/.local/lib/python3.12/site-packages/airflow/example_dags/example_latest_only.py
[2024-09-26T13:29:33.929+0000] {processor.py:914} INFO - Processing file /home/airflow/.local/lib/python3.12/site-packages/airflow/example_dags/example_latest_only.py for tasks to queue
[2024-09-26T13:29:33.931+0000] {logging_mixin.py:190} INFO - [2024-09-26T13:29:33.931+0000] {dagbag.py:588} INFO - Filling up the DagBag from /home/airflow/.local/lib/python3.12/site-packages/airflow/example_dags/example_latest_only.py
[2024-09-26T13:29:33.936+0000] {processor.py:925} INFO - DAG(s) 'latest_only' retrieved from /home/airflow/.local/lib/python3.12/site-packages/airflow/example_dags/example_latest_only.py
[2024-09-26T13:29:33.952+0000] {logging_mixin.py:190} INFO - [2024-09-26T13:29:33.951+0000] {dag.py:3239} INFO - Sync 1 DAGs
[2024-09-26T13:29:33.973+0000] {logging_mixin.py:190} INFO - [2024-09-26T13:29:33.973+0000] {dag.py:4180} INFO - Setting next_dagrun for latest_only to 2024-09-26 08:00:00+00:00, run_after=2024-09-26 12:00:00+00:00
[2024-09-26T13:29:33.988+0000] {processor.py:208} INFO - Processing /home/airflow/.local/lib/python3.12/site-packages/airflow/example_dags/example_latest_only.py took 0.064 seconds
[2024-09-26T13:30:04.172+0000] {processor.py:186} INFO - Started process (PID=19129) to work on /home/airflow/.local/lib/python3.12/site-packages/airflow/example_dags/example_latest_only.py
[2024-09-26T13:30:04.173+0000] {processor.py:914} INFO - Processing file /home/airflow/.local/lib/python3.12/site-packages/airflow/example_dags/example_latest_only.py for tasks to queue
[2024-09-26T13:30:04.174+0000] {logging_mixin.py:190} INFO - [2024-09-26T13:30:04.174+0000] {dagbag.py:588} INFO - Filling up the DagBag from /home/airflow/.local/lib/python3.12/site-packages/airflow/example_dags/example_latest_only.py
[2024-09-26T13:30:04.180+0000] {processor.py:925} INFO - DAG(s) 'latest_only' retrieved from /home/airflow/.local/lib/python3.12/site-packages/airflow/example_dags/example_latest_only.py
[2024-09-26T13:30:04.196+0000] {logging_mixin.py:190} INFO - [2024-09-26T13:30:04.196+0000] {dag.py:3239} INFO - Sync 1 DAGs
[2024-09-26T13:30:04.216+0000] {logging_mixin.py:190} INFO - [2024-09-26T13:30:04.215+0000] {dag.py:4180} INFO - Setting next_dagrun for latest_only to 2024-09-26 08:00:00+00:00, run_after=2024-09-26 12:00:00+00:00
[2024-09-26T13:30:04.231+0000] {processor.py:208} INFO - Processing /home/airflow/.local/lib/python3.12/site-packages/airflow/example_dags/example_latest_only.py took 0.064 seconds
[2024-09-26T13:30:34.389+0000] {processor.py:186} INFO - Started process (PID=19415) to work on /home/airflow/.local/lib/python3.12/site-packages/airflow/example_dags/example_latest_only.py
[2024-09-26T13:30:34.390+0000] {processor.py:914} INFO - Processing file /home/airflow/.local/lib/python3.12/site-packages/airflow/example_dags/example_latest_only.py for tasks to queue
[2024-09-26T13:30:34.392+0000] {logging_mixin.py:190} INFO - [2024-09-26T13:30:34.392+0000] {dagbag.py:588} INFO - Filling up the DagBag from /home/airflow/.local/lib/python3.12/site-packages/airflow/example_dags/example_latest_only.py
[2024-09-26T13:30:34.397+0000] {processor.py:925} INFO - DAG(s) 'latest_only' retrieved from /home/airflow/.local/lib/python3.12/site-packages/airflow/example_dags/example_latest_only.py
[2024-09-26T13:30:34.412+0000] {logging_mixin.py:190} INFO - [2024-09-26T13:30:34.412+0000] {dag.py:3239} INFO - Sync 1 DAGs
[2024-09-26T13:30:34.433+0000] {logging_mixin.py:190} INFO - [2024-09-26T13:30:34.433+0000] {dag.py:4180} INFO - Setting next_dagrun for latest_only to 2024-09-26 08:00:00+00:00, run_after=2024-09-26 12:00:00+00:00
[2024-09-26T13:30:34.448+0000] {processor.py:208} INFO - Processing /home/airflow/.local/lib/python3.12/site-packages/airflow/example_dags/example_latest_only.py took 0.063 seconds
[2024-09-26T13:31:05.261+0000] {processor.py:186} INFO - Started process (PID=19701) to work on /home/airflow/.local/lib/python3.12/site-packages/airflow/example_dags/example_latest_only.py
[2024-09-26T13:31:05.262+0000] {processor.py:914} INFO - Processing file /home/airflow/.local/lib/python3.12/site-packages/airflow/example_dags/example_latest_only.py for tasks to queue
[2024-09-26T13:31:05.264+0000] {logging_mixin.py:190} INFO - [2024-09-26T13:31:05.264+0000] {dagbag.py:588} INFO - Filling up the DagBag from /home/airflow/.local/lib/python3.12/site-packages/airflow/example_dags/example_latest_only.py
[2024-09-26T13:31:05.269+0000] {processor.py:925} INFO - DAG(s) 'latest_only' retrieved from /home/airflow/.local/lib/python3.12/site-packages/airflow/example_dags/example_latest_only.py
[2024-09-26T13:31:05.284+0000] {logging_mixin.py:190} INFO - [2024-09-26T13:31:05.283+0000] {dag.py:3239} INFO - Sync 1 DAGs
[2024-09-26T13:31:05.304+0000] {logging_mixin.py:190} INFO - [2024-09-26T13:31:05.304+0000] {dag.py:4180} INFO - Setting next_dagrun for latest_only to 2024-09-26 08:00:00+00:00, run_after=2024-09-26 12:00:00+00:00
[2024-09-26T13:31:05.319+0000] {processor.py:208} INFO - Processing /home/airflow/.local/lib/python3.12/site-packages/airflow/example_dags/example_latest_only.py took 0.062 seconds
[2024-09-26T13:31:36.168+0000] {processor.py:186} INFO - Started process (PID=19988) to work on /home/airflow/.local/lib/python3.12/site-packages/airflow/example_dags/example_latest_only.py
[2024-09-26T13:31:36.169+0000] {processor.py:914} INFO - Processing file /home/airflow/.local/lib/python3.12/site-packages/airflow/example_dags/example_latest_only.py for tasks to queue
[2024-09-26T13:31:36.171+0000] {logging_mixin.py:190} INFO - [2024-09-26T13:31:36.170+0000] {dagbag.py:588} INFO - Filling up the DagBag from /home/airflow/.local/lib/python3.12/site-packages/airflow/example_dags/example_latest_only.py
[2024-09-26T13:31:36.176+0000] {processor.py:925} INFO - DAG(s) 'latest_only' retrieved from /home/airflow/.local/lib/python3.12/site-packages/airflow/example_dags/example_latest_only.py
[2024-09-26T13:31:36.191+0000] {logging_mixin.py:190} INFO - [2024-09-26T13:31:36.190+0000] {dag.py:3239} INFO - Sync 1 DAGs
[2024-09-26T13:31:36.211+0000] {logging_mixin.py:190} INFO - [2024-09-26T13:31:36.211+0000] {dag.py:4180} INFO - Setting next_dagrun for latest_only to 2024-09-26 08:00:00+00:00, run_after=2024-09-26 12:00:00+00:00
[2024-09-26T13:31:36.225+0000] {processor.py:208} INFO - Processing /home/airflow/.local/lib/python3.12/site-packages/airflow/example_dags/example_latest_only.py took 0.062 seconds
[2024-09-26T13:32:06.983+0000] {processor.py:186} INFO - Started process (PID=20274) to work on /home/airflow/.local/lib/python3.12/site-packages/airflow/example_dags/example_latest_only.py
[2024-09-26T13:32:06.984+0000] {processor.py:914} INFO - Processing file /home/airflow/.local/lib/python3.12/site-packages/airflow/example_dags/example_latest_only.py for tasks to queue
[2024-09-26T13:32:06.986+0000] {logging_mixin.py:190} INFO - [2024-09-26T13:32:06.986+0000] {dagbag.py:588} INFO - Filling up the DagBag from /home/airflow/.local/lib/python3.12/site-packages/airflow/example_dags/example_latest_only.py
[2024-09-26T13:32:06.992+0000] {processor.py:925} INFO - DAG(s) 'latest_only' retrieved from /home/airflow/.local/lib/python3.12/site-packages/airflow/example_dags/example_latest_only.py
[2024-09-26T13:32:07.009+0000] {logging_mixin.py:190} INFO - [2024-09-26T13:32:07.009+0000] {dag.py:3239} INFO - Sync 1 DAGs
[2024-09-26T13:32:07.029+0000] {logging_mixin.py:190} INFO - [2024-09-26T13:32:07.029+0000] {dag.py:4180} INFO - Setting next_dagrun for latest_only to 2024-09-26 08:00:00+00:00, run_after=2024-09-26 12:00:00+00:00
[2024-09-26T13:32:07.043+0000] {processor.py:208} INFO - Processing /home/airflow/.local/lib/python3.12/site-packages/airflow/example_dags/example_latest_only.py took 0.065 seconds
[2024-09-26T13:32:37.726+0000] {processor.py:186} INFO - Started process (PID=20560) to work on /home/airflow/.local/lib/python3.12/site-packages/airflow/example_dags/example_latest_only.py
[2024-09-26T13:32:37.727+0000] {processor.py:914} INFO - Processing file /home/airflow/.local/lib/python3.12/site-packages/airflow/example_dags/example_latest_only.py for tasks to queue
[2024-09-26T13:32:37.728+0000] {logging_mixin.py:190} INFO - [2024-09-26T13:32:37.728+0000] {dagbag.py:588} INFO - Filling up the DagBag from /home/airflow/.local/lib/python3.12/site-packages/airflow/example_dags/example_latest_only.py
[2024-09-26T13:32:37.734+0000] {processor.py:925} INFO - DAG(s) 'latest_only' retrieved from /home/airflow/.local/lib/python3.12/site-packages/airflow/example_dags/example_latest_only.py
[2024-09-26T13:32:37.748+0000] {logging_mixin.py:190} INFO - [2024-09-26T13:32:37.747+0000] {dag.py:3239} INFO - Sync 1 DAGs
[2024-09-26T13:32:37.767+0000] {logging_mixin.py:190} INFO - [2024-09-26T13:32:37.767+0000] {dag.py:4180} INFO - Setting next_dagrun for latest_only to 2024-09-26 08:00:00+00:00, run_after=2024-09-26 12:00:00+00:00
[2024-09-26T13:32:37.781+0000] {processor.py:208} INFO - Processing /home/airflow/.local/lib/python3.12/site-packages/airflow/example_dags/example_latest_only.py took 0.059 seconds
[2024-09-26T13:33:08.562+0000] {processor.py:186} INFO - Started process (PID=20846) to work on /home/airflow/.local/lib/python3.12/site-packages/airflow/example_dags/example_latest_only.py
[2024-09-26T13:33:08.563+0000] {processor.py:914} INFO - Processing file /home/airflow/.local/lib/python3.12/site-packages/airflow/example_dags/example_latest_only.py for tasks to queue
[2024-09-26T13:33:08.564+0000] {logging_mixin.py:190} INFO - [2024-09-26T13:33:08.564+0000] {dagbag.py:588} INFO - Filling up the DagBag from /home/airflow/.local/lib/python3.12/site-packages/airflow/example_dags/example_latest_only.py
[2024-09-26T13:33:08.570+0000] {processor.py:925} INFO - DAG(s) 'latest_only' retrieved from /home/airflow/.local/lib/python3.12/site-packages/airflow/example_dags/example_latest_only.py
[2024-09-26T13:33:08.586+0000] {logging_mixin.py:190} INFO - [2024-09-26T13:33:08.586+0000] {dag.py:3239} INFO - Sync 1 DAGs
[2024-09-26T13:33:08.605+0000] {logging_mixin.py:190} INFO - [2024-09-26T13:33:08.605+0000] {dag.py:4180} INFO - Setting next_dagrun for latest_only to 2024-09-26 08:00:00+00:00, run_after=2024-09-26 12:00:00+00:00
[2024-09-26T13:33:08.620+0000] {processor.py:208} INFO - Processing /home/airflow/.local/lib/python3.12/site-packages/airflow/example_dags/example_latest_only.py took 0.062 seconds
[2024-09-26T13:33:39.433+0000] {processor.py:186} INFO - Started process (PID=21132) to work on /home/airflow/.local/lib/python3.12/site-packages/airflow/example_dags/example_latest_only.py
[2024-09-26T13:33:39.433+0000] {processor.py:914} INFO - Processing file /home/airflow/.local/lib/python3.12/site-packages/airflow/example_dags/example_latest_only.py for tasks to queue
[2024-09-26T13:33:39.435+0000] {logging_mixin.py:190} INFO - [2024-09-26T13:33:39.435+0000] {dagbag.py:588} INFO - Filling up the DagBag from /home/airflow/.local/lib/python3.12/site-packages/airflow/example_dags/example_latest_only.py
[2024-09-26T13:33:39.440+0000] {processor.py:925} INFO - DAG(s) 'latest_only' retrieved from /home/airflow/.local/lib/python3.12/site-packages/airflow/example_dags/example_latest_only.py
[2024-09-26T13:33:39.455+0000] {logging_mixin.py:190} INFO - [2024-09-26T13:33:39.455+0000] {dag.py:3239} INFO - Sync 1 DAGs
[2024-09-26T13:33:39.475+0000] {logging_mixin.py:190} INFO - [2024-09-26T13:33:39.474+0000] {dag.py:4180} INFO - Setting next_dagrun for latest_only to 2024-09-26 08:00:00+00:00, run_after=2024-09-26 12:00:00+00:00
[2024-09-26T13:33:39.489+0000] {processor.py:208} INFO - Processing /home/airflow/.local/lib/python3.12/site-packages/airflow/example_dags/example_latest_only.py took 0.061 seconds
[2024-09-26T13:34:10.380+0000] {processor.py:186} INFO - Started process (PID=21418) to work on /home/airflow/.local/lib/python3.12/site-packages/airflow/example_dags/example_latest_only.py
[2024-09-26T13:34:10.381+0000] {processor.py:914} INFO - Processing file /home/airflow/.local/lib/python3.12/site-packages/airflow/example_dags/example_latest_only.py for tasks to queue
[2024-09-26T13:34:10.382+0000] {logging_mixin.py:190} INFO - [2024-09-26T13:34:10.382+0000] {dagbag.py:588} INFO - Filling up the DagBag from /home/airflow/.local/lib/python3.12/site-packages/airflow/example_dags/example_latest_only.py
[2024-09-26T13:34:10.387+0000] {processor.py:925} INFO - DAG(s) 'latest_only' retrieved from /home/airflow/.local/lib/python3.12/site-packages/airflow/example_dags/example_latest_only.py
[2024-09-26T13:34:10.403+0000] {logging_mixin.py:190} INFO - [2024-09-26T13:34:10.403+0000] {dag.py:3239} INFO - Sync 1 DAGs
[2024-09-26T13:34:10.425+0000] {logging_mixin.py:190} INFO - [2024-09-26T13:34:10.425+0000] {dag.py:4180} INFO - Setting next_dagrun for latest_only to 2024-09-26 08:00:00+00:00, run_after=2024-09-26 12:00:00+00:00
[2024-09-26T13:34:10.440+0000] {processor.py:208} INFO - Processing /home/airflow/.local/lib/python3.12/site-packages/airflow/example_dags/example_latest_only.py took 0.065 seconds
[2024-09-26T13:34:41.086+0000] {processor.py:186} INFO - Started process (PID=21704) to work on /home/airflow/.local/lib/python3.12/site-packages/airflow/example_dags/example_latest_only.py
[2024-09-26T13:34:41.086+0000] {processor.py:914} INFO - Processing file /home/airflow/.local/lib/python3.12/site-packages/airflow/example_dags/example_latest_only.py for tasks to queue
[2024-09-26T13:34:41.088+0000] {logging_mixin.py:190} INFO - [2024-09-26T13:34:41.088+0000] {dagbag.py:588} INFO - Filling up the DagBag from /home/airflow/.local/lib/python3.12/site-packages/airflow/example_dags/example_latest_only.py
[2024-09-26T13:34:41.093+0000] {processor.py:925} INFO - DAG(s) 'latest_only' retrieved from /home/airflow/.local/lib/python3.12/site-packages/airflow/example_dags/example_latest_only.py
[2024-09-26T13:34:41.107+0000] {logging_mixin.py:190} INFO - [2024-09-26T13:34:41.107+0000] {dag.py:3239} INFO - Sync 1 DAGs
[2024-09-26T13:34:41.127+0000] {logging_mixin.py:190} INFO - [2024-09-26T13:34:41.127+0000] {dag.py:4180} INFO - Setting next_dagrun for latest_only to 2024-09-26 08:00:00+00:00, run_after=2024-09-26 12:00:00+00:00
[2024-09-26T13:34:41.141+0000] {processor.py:208} INFO - Processing /home/airflow/.local/lib/python3.12/site-packages/airflow/example_dags/example_latest_only.py took 0.060 seconds
[2024-09-26T13:35:12.082+0000] {processor.py:186} INFO - Started process (PID=21990) to work on /home/airflow/.local/lib/python3.12/site-packages/airflow/example_dags/example_latest_only.py
[2024-09-26T13:35:12.083+0000] {processor.py:914} INFO - Processing file /home/airflow/.local/lib/python3.12/site-packages/airflow/example_dags/example_latest_only.py for tasks to queue
[2024-09-26T13:35:12.084+0000] {logging_mixin.py:190} INFO - [2024-09-26T13:35:12.084+0000] {dagbag.py:588} INFO - Filling up the DagBag from /home/airflow/.local/lib/python3.12/site-packages/airflow/example_dags/example_latest_only.py
[2024-09-26T13:35:12.089+0000] {processor.py:925} INFO - DAG(s) 'latest_only' retrieved from /home/airflow/.local/lib/python3.12/site-packages/airflow/example_dags/example_latest_only.py
[2024-09-26T13:35:12.105+0000] {logging_mixin.py:190} INFO - [2024-09-26T13:35:12.104+0000] {dag.py:3239} INFO - Sync 1 DAGs
[2024-09-26T13:35:12.126+0000] {logging_mixin.py:190} INFO - [2024-09-26T13:35:12.126+0000] {dag.py:4180} INFO - Setting next_dagrun for latest_only to 2024-09-26 08:00:00+00:00, run_after=2024-09-26 12:00:00+00:00
[2024-09-26T13:35:12.140+0000] {processor.py:208} INFO - Processing /home/airflow/.local/lib/python3.12/site-packages/airflow/example_dags/example_latest_only.py took 0.063 seconds
[2024-09-26T13:35:42.498+0000] {processor.py:186} INFO - Started process (PID=22276) to work on /home/airflow/.local/lib/python3.12/site-packages/airflow/example_dags/example_latest_only.py
[2024-09-26T13:35:42.499+0000] {processor.py:914} INFO - Processing file /home/airflow/.local/lib/python3.12/site-packages/airflow/example_dags/example_latest_only.py for tasks to queue
[2024-09-26T13:35:42.501+0000] {logging_mixin.py:190} INFO - [2024-09-26T13:35:42.501+0000] {dagbag.py:588} INFO - Filling up the DagBag from /home/airflow/.local/lib/python3.12/site-packages/airflow/example_dags/example_latest_only.py
[2024-09-26T13:35:42.507+0000] {processor.py:925} INFO - DAG(s) 'latest_only' retrieved from /home/airflow/.local/lib/python3.12/site-packages/airflow/example_dags/example_latest_only.py
[2024-09-26T13:35:42.524+0000] {logging_mixin.py:190} INFO - [2024-09-26T13:35:42.524+0000] {dag.py:3239} INFO - Sync 1 DAGs
[2024-09-26T13:35:42.552+0000] {logging_mixin.py:190} INFO - [2024-09-26T13:35:42.551+0000] {dag.py:4180} INFO - Setting next_dagrun for latest_only to 2024-09-26 08:00:00+00:00, run_after=2024-09-26 12:00:00+00:00
[2024-09-26T13:35:42.572+0000] {processor.py:208} INFO - Processing /home/airflow/.local/lib/python3.12/site-packages/airflow/example_dags/example_latest_only.py took 0.079 seconds
[2024-09-26T13:36:12.621+0000] {processor.py:186} INFO - Started process (PID=22562) to work on /home/airflow/.local/lib/python3.12/site-packages/airflow/example_dags/example_latest_only.py
[2024-09-26T13:36:12.622+0000] {processor.py:914} INFO - Processing file /home/airflow/.local/lib/python3.12/site-packages/airflow/example_dags/example_latest_only.py for tasks to queue
[2024-09-26T13:36:12.624+0000] {logging_mixin.py:190} INFO - [2024-09-26T13:36:12.623+0000] {dagbag.py:588} INFO - Filling up the DagBag from /home/airflow/.local/lib/python3.12/site-packages/airflow/example_dags/example_latest_only.py
[2024-09-26T13:36:12.629+0000] {processor.py:925} INFO - DAG(s) 'latest_only' retrieved from /home/airflow/.local/lib/python3.12/site-packages/airflow/example_dags/example_latest_only.py
[2024-09-26T13:36:12.644+0000] {logging_mixin.py:190} INFO - [2024-09-26T13:36:12.644+0000] {dag.py:3239} INFO - Sync 1 DAGs
[2024-09-26T13:36:12.665+0000] {logging_mixin.py:190} INFO - [2024-09-26T13:36:12.665+0000] {dag.py:4180} INFO - Setting next_dagrun for latest_only to 2024-09-26 08:00:00+00:00, run_after=2024-09-26 12:00:00+00:00
[2024-09-26T13:36:12.681+0000] {processor.py:208} INFO - Processing /home/airflow/.local/lib/python3.12/site-packages/airflow/example_dags/example_latest_only.py took 0.064 seconds
[2024-09-26T13:36:42.848+0000] {processor.py:186} INFO - Started process (PID=22853) to work on /home/airflow/.local/lib/python3.12/site-packages/airflow/example_dags/example_latest_only.py
[2024-09-26T13:36:42.849+0000] {processor.py:914} INFO - Processing file /home/airflow/.local/lib/python3.12/site-packages/airflow/example_dags/example_latest_only.py for tasks to queue
[2024-09-26T13:36:42.850+0000] {logging_mixin.py:190} INFO - [2024-09-26T13:36:42.850+0000] {dagbag.py:588} INFO - Filling up the DagBag from /home/airflow/.local/lib/python3.12/site-packages/airflow/example_dags/example_latest_only.py
[2024-09-26T13:36:42.856+0000] {processor.py:925} INFO - DAG(s) 'latest_only' retrieved from /home/airflow/.local/lib/python3.12/site-packages/airflow/example_dags/example_latest_only.py
[2024-09-26T13:36:42.871+0000] {logging_mixin.py:190} INFO - [2024-09-26T13:36:42.870+0000] {dag.py:3239} INFO - Sync 1 DAGs
[2024-09-26T13:36:42.892+0000] {logging_mixin.py:190} INFO - [2024-09-26T13:36:42.892+0000] {dag.py:4180} INFO - Setting next_dagrun for latest_only to 2024-09-26 08:00:00+00:00, run_after=2024-09-26 12:00:00+00:00
[2024-09-26T13:36:42.906+0000] {processor.py:208} INFO - Processing /home/airflow/.local/lib/python3.12/site-packages/airflow/example_dags/example_latest_only.py took 0.064 seconds
[2024-09-26T13:37:13.169+0000] {processor.py:186} INFO - Started process (PID=23144) to work on /home/airflow/.local/lib/python3.12/site-packages/airflow/example_dags/example_latest_only.py
[2024-09-26T13:37:13.169+0000] {processor.py:914} INFO - Processing file /home/airflow/.local/lib/python3.12/site-packages/airflow/example_dags/example_latest_only.py for tasks to queue
[2024-09-26T13:37:13.171+0000] {logging_mixin.py:190} INFO - [2024-09-26T13:37:13.171+0000] {dagbag.py:588} INFO - Filling up the DagBag from /home/airflow/.local/lib/python3.12/site-packages/airflow/example_dags/example_latest_only.py
[2024-09-26T13:37:13.177+0000] {processor.py:925} INFO - DAG(s) 'latest_only' retrieved from /home/airflow/.local/lib/python3.12/site-packages/airflow/example_dags/example_latest_only.py
[2024-09-26T13:37:13.191+0000] {logging_mixin.py:190} INFO - [2024-09-26T13:37:13.191+0000] {dag.py:3239} INFO - Sync 1 DAGs
[2024-09-26T13:37:13.211+0000] {logging_mixin.py:190} INFO - [2024-09-26T13:37:13.211+0000] {dag.py:4180} INFO - Setting next_dagrun for latest_only to 2024-09-26 08:00:00+00:00, run_after=2024-09-26 12:00:00+00:00
[2024-09-26T13:37:13.226+0000] {processor.py:208} INFO - Processing /home/airflow/.local/lib/python3.12/site-packages/airflow/example_dags/example_latest_only.py took 0.062 seconds
[2024-09-26T13:37:43.513+0000] {processor.py:186} INFO - Started process (PID=23435) to work on /home/airflow/.local/lib/python3.12/site-packages/airflow/example_dags/example_latest_only.py
[2024-09-26T13:37:43.513+0000] {processor.py:914} INFO - Processing file /home/airflow/.local/lib/python3.12/site-packages/airflow/example_dags/example_latest_only.py for tasks to queue
[2024-09-26T13:37:43.515+0000] {logging_mixin.py:190} INFO - [2024-09-26T13:37:43.515+0000] {dagbag.py:588} INFO - Filling up the DagBag from /home/airflow/.local/lib/python3.12/site-packages/airflow/example_dags/example_latest_only.py
[2024-09-26T13:37:43.520+0000] {processor.py:925} INFO - DAG(s) 'latest_only' retrieved from /home/airflow/.local/lib/python3.12/site-packages/airflow/example_dags/example_latest_only.py
[2024-09-26T13:37:43.535+0000] {logging_mixin.py:190} INFO - [2024-09-26T13:37:43.535+0000] {dag.py:3239} INFO - Sync 1 DAGs
[2024-09-26T13:37:43.554+0000] {logging_mixin.py:190} INFO - [2024-09-26T13:37:43.554+0000] {dag.py:4180} INFO - Setting next_dagrun for latest_only to 2024-09-26 08:00:00+00:00, run_after=2024-09-26 12:00:00+00:00
[2024-09-26T13:37:43.568+0000] {processor.py:208} INFO - Processing /home/airflow/.local/lib/python3.12/site-packages/airflow/example_dags/example_latest_only.py took 0.060 seconds
[2024-09-26T13:38:14.539+0000] {processor.py:186} INFO - Started process (PID=23726) to work on /home/airflow/.local/lib/python3.12/site-packages/airflow/example_dags/example_latest_only.py
[2024-09-26T13:38:14.540+0000] {processor.py:914} INFO - Processing file /home/airflow/.local/lib/python3.12/site-packages/airflow/example_dags/example_latest_only.py for tasks to queue
[2024-09-26T13:38:14.542+0000] {logging_mixin.py:190} INFO - [2024-09-26T13:38:14.541+0000] {dagbag.py:588} INFO - Filling up the DagBag from /home/airflow/.local/lib/python3.12/site-packages/airflow/example_dags/example_latest_only.py
[2024-09-26T13:38:14.547+0000] {processor.py:925} INFO - DAG(s) 'latest_only' retrieved from /home/airflow/.local/lib/python3.12/site-packages/airflow/example_dags/example_latest_only.py
[2024-09-26T13:38:14.562+0000] {logging_mixin.py:190} INFO - [2024-09-26T13:38:14.561+0000] {dag.py:3239} INFO - Sync 1 DAGs
[2024-09-26T13:38:14.582+0000] {logging_mixin.py:190} INFO - [2024-09-26T13:38:14.581+0000] {dag.py:4180} INFO - Setting next_dagrun for latest_only to 2024-09-26 08:00:00+00:00, run_after=2024-09-26 12:00:00+00:00
[2024-09-26T13:38:14.595+0000] {processor.py:208} INFO - Processing /home/airflow/.local/lib/python3.12/site-packages/airflow/example_dags/example_latest_only.py took 0.060 seconds
[2024-09-26T13:38:44.805+0000] {processor.py:186} INFO - Started process (PID=24017) to work on /home/airflow/.local/lib/python3.12/site-packages/airflow/example_dags/example_latest_only.py
[2024-09-26T13:38:44.806+0000] {processor.py:914} INFO - Processing file /home/airflow/.local/lib/python3.12/site-packages/airflow/example_dags/example_latest_only.py for tasks to queue
[2024-09-26T13:38:44.808+0000] {logging_mixin.py:190} INFO - [2024-09-26T13:38:44.808+0000] {dagbag.py:588} INFO - Filling up the DagBag from /home/airflow/.local/lib/python3.12/site-packages/airflow/example_dags/example_latest_only.py
[2024-09-26T13:38:44.814+0000] {processor.py:925} INFO - DAG(s) 'latest_only' retrieved from /home/airflow/.local/lib/python3.12/site-packages/airflow/example_dags/example_latest_only.py
[2024-09-26T13:38:44.830+0000] {logging_mixin.py:190} INFO - [2024-09-26T13:38:44.829+0000] {dag.py:3239} INFO - Sync 1 DAGs
[2024-09-26T13:38:44.851+0000] {logging_mixin.py:190} INFO - [2024-09-26T13:38:44.850+0000] {dag.py:4180} INFO - Setting next_dagrun for latest_only to 2024-09-26 08:00:00+00:00, run_after=2024-09-26 12:00:00+00:00
[2024-09-26T13:38:44.864+0000] {processor.py:208} INFO - Processing /home/airflow/.local/lib/python3.12/site-packages/airflow/example_dags/example_latest_only.py took 0.063 seconds
[2024-09-26T13:39:14.945+0000] {processor.py:186} INFO - Started process (PID=24314) to work on /home/airflow/.local/lib/python3.12/site-packages/airflow/example_dags/example_latest_only.py
[2024-09-26T13:39:14.946+0000] {processor.py:914} INFO - Processing file /home/airflow/.local/lib/python3.12/site-packages/airflow/example_dags/example_latest_only.py for tasks to queue
[2024-09-26T13:39:14.948+0000] {logging_mixin.py:190} INFO - [2024-09-26T13:39:14.947+0000] {dagbag.py:588} INFO - Filling up the DagBag from /home/airflow/.local/lib/python3.12/site-packages/airflow/example_dags/example_latest_only.py
[2024-09-26T13:39:14.953+0000] {processor.py:925} INFO - DAG(s) 'latest_only' retrieved from /home/airflow/.local/lib/python3.12/site-packages/airflow/example_dags/example_latest_only.py
[2024-09-26T13:39:14.968+0000] {logging_mixin.py:190} INFO - [2024-09-26T13:39:14.968+0000] {dag.py:3239} INFO - Sync 1 DAGs
[2024-09-26T13:39:14.988+0000] {logging_mixin.py:190} INFO - [2024-09-26T13:39:14.988+0000] {dag.py:4180} INFO - Setting next_dagrun for latest_only to 2024-09-26 08:00:00+00:00, run_after=2024-09-26 12:00:00+00:00
[2024-09-26T13:39:15.003+0000] {processor.py:208} INFO - Processing /home/airflow/.local/lib/python3.12/site-packages/airflow/example_dags/example_latest_only.py took 0.062 seconds
[2024-09-26T13:39:45.159+0000] {processor.py:186} INFO - Started process (PID=24605) to work on /home/airflow/.local/lib/python3.12/site-packages/airflow/example_dags/example_latest_only.py
[2024-09-26T13:39:45.160+0000] {processor.py:914} INFO - Processing file /home/airflow/.local/lib/python3.12/site-packages/airflow/example_dags/example_latest_only.py for tasks to queue
[2024-09-26T13:39:45.162+0000] {logging_mixin.py:190} INFO - [2024-09-26T13:39:45.161+0000] {dagbag.py:588} INFO - Filling up the DagBag from /home/airflow/.local/lib/python3.12/site-packages/airflow/example_dags/example_latest_only.py
[2024-09-26T13:39:45.167+0000] {processor.py:925} INFO - DAG(s) 'latest_only' retrieved from /home/airflow/.local/lib/python3.12/site-packages/airflow/example_dags/example_latest_only.py
[2024-09-26T13:39:45.182+0000] {logging_mixin.py:190} INFO - [2024-09-26T13:39:45.182+0000] {dag.py:3239} INFO - Sync 1 DAGs
[2024-09-26T13:39:45.203+0000] {logging_mixin.py:190} INFO - [2024-09-26T13:39:45.203+0000] {dag.py:4180} INFO - Setting next_dagrun for latest_only to 2024-09-26 08:00:00+00:00, run_after=2024-09-26 12:00:00+00:00
[2024-09-26T13:39:45.218+0000] {processor.py:208} INFO - Processing /home/airflow/.local/lib/python3.12/site-packages/airflow/example_dags/example_latest_only.py took 0.063 seconds
[2024-09-26T13:40:15.331+0000] {processor.py:186} INFO - Started process (PID=24896) to work on /home/airflow/.local/lib/python3.12/site-packages/airflow/example_dags/example_latest_only.py
[2024-09-26T13:40:15.332+0000] {processor.py:914} INFO - Processing file /home/airflow/.local/lib/python3.12/site-packages/airflow/example_dags/example_latest_only.py for tasks to queue
[2024-09-26T13:40:15.333+0000] {logging_mixin.py:190} INFO - [2024-09-26T13:40:15.333+0000] {dagbag.py:588} INFO - Filling up the DagBag from /home/airflow/.local/lib/python3.12/site-packages/airflow/example_dags/example_latest_only.py
[2024-09-26T13:40:15.339+0000] {processor.py:925} INFO - DAG(s) 'latest_only' retrieved from /home/airflow/.local/lib/python3.12/site-packages/airflow/example_dags/example_latest_only.py
[2024-09-26T13:40:15.354+0000] {logging_mixin.py:190} INFO - [2024-09-26T13:40:15.353+0000] {dag.py:3239} INFO - Sync 1 DAGs
[2024-09-26T13:40:15.374+0000] {logging_mixin.py:190} INFO - [2024-09-26T13:40:15.374+0000] {dag.py:4180} INFO - Setting next_dagrun for latest_only to 2024-09-26 08:00:00+00:00, run_after=2024-09-26 12:00:00+00:00
[2024-09-26T13:40:15.389+0000] {processor.py:208} INFO - Processing /home/airflow/.local/lib/python3.12/site-packages/airflow/example_dags/example_latest_only.py took 0.062 seconds
[2024-09-26T13:40:45.639+0000] {processor.py:186} INFO - Started process (PID=25187) to work on /home/airflow/.local/lib/python3.12/site-packages/airflow/example_dags/example_latest_only.py
[2024-09-26T13:40:45.640+0000] {processor.py:914} INFO - Processing file /home/airflow/.local/lib/python3.12/site-packages/airflow/example_dags/example_latest_only.py for tasks to queue
[2024-09-26T13:40:45.642+0000] {logging_mixin.py:190} INFO - [2024-09-26T13:40:45.641+0000] {dagbag.py:588} INFO - Filling up the DagBag from /home/airflow/.local/lib/python3.12/site-packages/airflow/example_dags/example_latest_only.py
[2024-09-26T13:40:45.647+0000] {processor.py:925} INFO - DAG(s) 'latest_only' retrieved from /home/airflow/.local/lib/python3.12/site-packages/airflow/example_dags/example_latest_only.py
[2024-09-26T13:40:45.662+0000] {logging_mixin.py:190} INFO - [2024-09-26T13:40:45.662+0000] {dag.py:3239} INFO - Sync 1 DAGs
[2024-09-26T13:40:45.683+0000] {logging_mixin.py:190} INFO - [2024-09-26T13:40:45.682+0000] {dag.py:4180} INFO - Setting next_dagrun for latest_only to 2024-09-26 08:00:00+00:00, run_after=2024-09-26 12:00:00+00:00
[2024-09-26T13:40:45.697+0000] {processor.py:208} INFO - Processing /home/airflow/.local/lib/python3.12/site-packages/airflow/example_dags/example_latest_only.py took 0.063 seconds
[2024-09-26T13:41:15.920+0000] {processor.py:186} INFO - Started process (PID=25478) to work on /home/airflow/.local/lib/python3.12/site-packages/airflow/example_dags/example_latest_only.py
[2024-09-26T13:41:15.921+0000] {processor.py:914} INFO - Processing file /home/airflow/.local/lib/python3.12/site-packages/airflow/example_dags/example_latest_only.py for tasks to queue
[2024-09-26T13:41:15.922+0000] {logging_mixin.py:190} INFO - [2024-09-26T13:41:15.922+0000] {dagbag.py:588} INFO - Filling up the DagBag from /home/airflow/.local/lib/python3.12/site-packages/airflow/example_dags/example_latest_only.py
[2024-09-26T13:41:15.928+0000] {processor.py:925} INFO - DAG(s) 'latest_only' retrieved from /home/airflow/.local/lib/python3.12/site-packages/airflow/example_dags/example_latest_only.py
[2024-09-26T13:41:15.942+0000] {logging_mixin.py:190} INFO - [2024-09-26T13:41:15.942+0000] {dag.py:3239} INFO - Sync 1 DAGs
[2024-09-26T13:41:15.962+0000] {logging_mixin.py:190} INFO - [2024-09-26T13:41:15.962+0000] {dag.py:4180} INFO - Setting next_dagrun for latest_only to 2024-09-26 08:00:00+00:00, run_after=2024-09-26 12:00:00+00:00
[2024-09-26T13:41:15.977+0000] {processor.py:208} INFO - Processing /home/airflow/.local/lib/python3.12/site-packages/airflow/example_dags/example_latest_only.py took 0.061 seconds
[2024-09-26T13:41:46.142+0000] {processor.py:186} INFO - Started process (PID=25769) to work on /home/airflow/.local/lib/python3.12/site-packages/airflow/example_dags/example_latest_only.py
[2024-09-26T13:41:46.143+0000] {processor.py:914} INFO - Processing file /home/airflow/.local/lib/python3.12/site-packages/airflow/example_dags/example_latest_only.py for tasks to queue
[2024-09-26T13:41:46.144+0000] {logging_mixin.py:190} INFO - [2024-09-26T13:41:46.144+0000] {dagbag.py:588} INFO - Filling up the DagBag from /home/airflow/.local/lib/python3.12/site-packages/airflow/example_dags/example_latest_only.py
[2024-09-26T13:41:46.150+0000] {processor.py:925} INFO - DAG(s) 'latest_only' retrieved from /home/airflow/.local/lib/python3.12/site-packages/airflow/example_dags/example_latest_only.py
[2024-09-26T13:41:46.165+0000] {logging_mixin.py:190} INFO - [2024-09-26T13:41:46.164+0000] {dag.py:3239} INFO - Sync 1 DAGs
[2024-09-26T13:41:46.184+0000] {logging_mixin.py:190} INFO - [2024-09-26T13:41:46.184+0000] {dag.py:4180} INFO - Setting next_dagrun for latest_only to 2024-09-26 08:00:00+00:00, run_after=2024-09-26 12:00:00+00:00
[2024-09-26T13:41:46.198+0000] {processor.py:208} INFO - Processing /home/airflow/.local/lib/python3.12/site-packages/airflow/example_dags/example_latest_only.py took 0.061 seconds
[2024-09-26T13:42:16.602+0000] {processor.py:186} INFO - Started process (PID=26060) to work on /home/airflow/.local/lib/python3.12/site-packages/airflow/example_dags/example_latest_only.py
[2024-09-26T13:42:16.603+0000] {processor.py:914} INFO - Processing file /home/airflow/.local/lib/python3.12/site-packages/airflow/example_dags/example_latest_only.py for tasks to queue
[2024-09-26T13:42:16.605+0000] {logging_mixin.py:190} INFO - [2024-09-26T13:42:16.604+0000] {dagbag.py:588} INFO - Filling up the DagBag from /home/airflow/.local/lib/python3.12/site-packages/airflow/example_dags/example_latest_only.py
[2024-09-26T13:42:16.610+0000] {processor.py:925} INFO - DAG(s) 'latest_only' retrieved from /home/airflow/.local/lib/python3.12/site-packages/airflow/example_dags/example_latest_only.py
[2024-09-26T13:42:16.624+0000] {logging_mixin.py:190} INFO - [2024-09-26T13:42:16.624+0000] {dag.py:3239} INFO - Sync 1 DAGs
[2024-09-26T13:42:16.645+0000] {logging_mixin.py:190} INFO - [2024-09-26T13:42:16.645+0000] {dag.py:4180} INFO - Setting next_dagrun for latest_only to 2024-09-26 08:00:00+00:00, run_after=2024-09-26 12:00:00+00:00
[2024-09-26T13:42:16.661+0000] {processor.py:208} INFO - Processing /home/airflow/.local/lib/python3.12/site-packages/airflow/example_dags/example_latest_only.py took 0.064 seconds
[2024-09-26T13:42:46.957+0000] {processor.py:186} INFO - Started process (PID=26351) to work on /home/airflow/.local/lib/python3.12/site-packages/airflow/example_dags/example_latest_only.py
[2024-09-26T13:42:46.958+0000] {processor.py:914} INFO - Processing file /home/airflow/.local/lib/python3.12/site-packages/airflow/example_dags/example_latest_only.py for tasks to queue
[2024-09-26T13:42:46.959+0000] {logging_mixin.py:190} INFO - [2024-09-26T13:42:46.959+0000] {dagbag.py:588} INFO - Filling up the DagBag from /home/airflow/.local/lib/python3.12/site-packages/airflow/example_dags/example_latest_only.py
[2024-09-26T13:42:46.965+0000] {processor.py:925} INFO - DAG(s) 'latest_only' retrieved from /home/airflow/.local/lib/python3.12/site-packages/airflow/example_dags/example_latest_only.py
[2024-09-26T13:42:46.979+0000] {logging_mixin.py:190} INFO - [2024-09-26T13:42:46.979+0000] {dag.py:3239} INFO - Sync 1 DAGs
[2024-09-26T13:42:46.999+0000] {logging_mixin.py:190} INFO - [2024-09-26T13:42:46.999+0000] {dag.py:4180} INFO - Setting next_dagrun for latest_only to 2024-09-26 08:00:00+00:00, run_after=2024-09-26 12:00:00+00:00
[2024-09-26T13:42:47.014+0000] {processor.py:208} INFO - Processing /home/airflow/.local/lib/python3.12/site-packages/airflow/example_dags/example_latest_only.py took 0.062 seconds
[2024-09-26T13:43:17.097+0000] {processor.py:186} INFO - Started process (PID=26642) to work on /home/airflow/.local/lib/python3.12/site-packages/airflow/example_dags/example_latest_only.py
[2024-09-26T13:43:17.097+0000] {processor.py:914} INFO - Processing file /home/airflow/.local/lib/python3.12/site-packages/airflow/example_dags/example_latest_only.py for tasks to queue
[2024-09-26T13:43:17.099+0000] {logging_mixin.py:190} INFO - [2024-09-26T13:43:17.099+0000] {dagbag.py:588} INFO - Filling up the DagBag from /home/airflow/.local/lib/python3.12/site-packages/airflow/example_dags/example_latest_only.py
[2024-09-26T13:43:17.105+0000] {processor.py:925} INFO - DAG(s) 'latest_only' retrieved from /home/airflow/.local/lib/python3.12/site-packages/airflow/example_dags/example_latest_only.py
[2024-09-26T13:43:17.120+0000] {logging_mixin.py:190} INFO - [2024-09-26T13:43:17.119+0000] {dag.py:3239} INFO - Sync 1 DAGs
[2024-09-26T13:43:17.140+0000] {logging_mixin.py:190} INFO - [2024-09-26T13:43:17.139+0000] {dag.py:4180} INFO - Setting next_dagrun for latest_only to 2024-09-26 08:00:00+00:00, run_after=2024-09-26 12:00:00+00:00
[2024-09-26T13:43:17.154+0000] {processor.py:208} INFO - Processing /home/airflow/.local/lib/python3.12/site-packages/airflow/example_dags/example_latest_only.py took 0.061 seconds
[2024-09-26T13:43:47.304+0000] {processor.py:186} INFO - Started process (PID=26933) to work on /home/airflow/.local/lib/python3.12/site-packages/airflow/example_dags/example_latest_only.py
[2024-09-26T13:43:47.305+0000] {processor.py:914} INFO - Processing file /home/airflow/.local/lib/python3.12/site-packages/airflow/example_dags/example_latest_only.py for tasks to queue
[2024-09-26T13:43:47.307+0000] {logging_mixin.py:190} INFO - [2024-09-26T13:43:47.307+0000] {dagbag.py:588} INFO - Filling up the DagBag from /home/airflow/.local/lib/python3.12/site-packages/airflow/example_dags/example_latest_only.py
[2024-09-26T13:43:47.312+0000] {processor.py:925} INFO - DAG(s) 'latest_only' retrieved from /home/airflow/.local/lib/python3.12/site-packages/airflow/example_dags/example_latest_only.py
[2024-09-26T13:43:47.327+0000] {logging_mixin.py:190} INFO - [2024-09-26T13:43:47.327+0000] {dag.py:3239} INFO - Sync 1 DAGs
[2024-09-26T13:43:47.347+0000] {logging_mixin.py:190} INFO - [2024-09-26T13:43:47.347+0000] {dag.py:4180} INFO - Setting next_dagrun for latest_only to 2024-09-26 08:00:00+00:00, run_after=2024-09-26 12:00:00+00:00
[2024-09-26T13:43:47.361+0000] {processor.py:208} INFO - Processing /home/airflow/.local/lib/python3.12/site-packages/airflow/example_dags/example_latest_only.py took 0.061 seconds
[2024-09-26T13:44:17.520+0000] {processor.py:186} INFO - Started process (PID=27224) to work on /home/airflow/.local/lib/python3.12/site-packages/airflow/example_dags/example_latest_only.py
[2024-09-26T13:44:17.521+0000] {processor.py:914} INFO - Processing file /home/airflow/.local/lib/python3.12/site-packages/airflow/example_dags/example_latest_only.py for tasks to queue
[2024-09-26T13:44:17.522+0000] {logging_mixin.py:190} INFO - [2024-09-26T13:44:17.522+0000] {dagbag.py:588} INFO - Filling up the DagBag from /home/airflow/.local/lib/python3.12/site-packages/airflow/example_dags/example_latest_only.py
[2024-09-26T13:44:17.528+0000] {processor.py:925} INFO - DAG(s) 'latest_only' retrieved from /home/airflow/.local/lib/python3.12/site-packages/airflow/example_dags/example_latest_only.py
[2024-09-26T13:44:17.543+0000] {logging_mixin.py:190} INFO - [2024-09-26T13:44:17.542+0000] {dag.py:3239} INFO - Sync 1 DAGs
[2024-09-26T13:44:17.562+0000] {logging_mixin.py:190} INFO - [2024-09-26T13:44:17.562+0000] {dag.py:4180} INFO - Setting next_dagrun for latest_only to 2024-09-26 08:00:00+00:00, run_after=2024-09-26 12:00:00+00:00
[2024-09-26T13:44:17.577+0000] {processor.py:208} INFO - Processing /home/airflow/.local/lib/python3.12/site-packages/airflow/example_dags/example_latest_only.py took 0.061 seconds
[2024-09-26T13:44:47.763+0000] {processor.py:186} INFO - Started process (PID=27515) to work on /home/airflow/.local/lib/python3.12/site-packages/airflow/example_dags/example_latest_only.py
[2024-09-26T13:44:47.764+0000] {processor.py:914} INFO - Processing file /home/airflow/.local/lib/python3.12/site-packages/airflow/example_dags/example_latest_only.py for tasks to queue
[2024-09-26T13:44:47.765+0000] {logging_mixin.py:190} INFO - [2024-09-26T13:44:47.765+0000] {dagbag.py:588} INFO - Filling up the DagBag from /home/airflow/.local/lib/python3.12/site-packages/airflow/example_dags/example_latest_only.py
[2024-09-26T13:44:47.771+0000] {processor.py:925} INFO - DAG(s) 'latest_only' retrieved from /home/airflow/.local/lib/python3.12/site-packages/airflow/example_dags/example_latest_only.py
[2024-09-26T13:44:47.785+0000] {logging_mixin.py:190} INFO - [2024-09-26T13:44:47.785+0000] {dag.py:3239} INFO - Sync 1 DAGs
[2024-09-26T13:44:47.805+0000] {logging_mixin.py:190} INFO - [2024-09-26T13:44:47.805+0000] {dag.py:4180} INFO - Setting next_dagrun for latest_only to 2024-09-26 08:00:00+00:00, run_after=2024-09-26 12:00:00+00:00
[2024-09-26T13:44:47.819+0000] {processor.py:208} INFO - Processing /home/airflow/.local/lib/python3.12/site-packages/airflow/example_dags/example_latest_only.py took 0.060 seconds
[2024-09-26T13:45:18.733+0000] {processor.py:186} INFO - Started process (PID=27807) to work on /home/airflow/.local/lib/python3.12/site-packages/airflow/example_dags/example_latest_only.py
[2024-09-26T13:45:18.734+0000] {processor.py:914} INFO - Processing file /home/airflow/.local/lib/python3.12/site-packages/airflow/example_dags/example_latest_only.py for tasks to queue
[2024-09-26T13:45:18.736+0000] {logging_mixin.py:190} INFO - [2024-09-26T13:45:18.735+0000] {dagbag.py:588} INFO - Filling up the DagBag from /home/airflow/.local/lib/python3.12/site-packages/airflow/example_dags/example_latest_only.py
[2024-09-26T13:45:18.741+0000] {processor.py:925} INFO - DAG(s) 'latest_only' retrieved from /home/airflow/.local/lib/python3.12/site-packages/airflow/example_dags/example_latest_only.py
[2024-09-26T13:45:18.756+0000] {logging_mixin.py:190} INFO - [2024-09-26T13:45:18.756+0000] {dag.py:3239} INFO - Sync 1 DAGs
[2024-09-26T13:45:18.776+0000] {logging_mixin.py:190} INFO - [2024-09-26T13:45:18.776+0000] {dag.py:4180} INFO - Setting next_dagrun for latest_only to 2024-09-26 08:00:00+00:00, run_after=2024-09-26 12:00:00+00:00
[2024-09-26T13:45:18.791+0000] {processor.py:208} INFO - Processing /home/airflow/.local/lib/python3.12/site-packages/airflow/example_dags/example_latest_only.py took 0.062 seconds
[2024-09-26T13:45:49.691+0000] {processor.py:186} INFO - Started process (PID=28098) to work on /home/airflow/.local/lib/python3.12/site-packages/airflow/example_dags/example_latest_only.py
[2024-09-26T13:45:49.691+0000] {processor.py:914} INFO - Processing file /home/airflow/.local/lib/python3.12/site-packages/airflow/example_dags/example_latest_only.py for tasks to queue
[2024-09-26T13:45:49.693+0000] {logging_mixin.py:190} INFO - [2024-09-26T13:45:49.693+0000] {dagbag.py:588} INFO - Filling up the DagBag from /home/airflow/.local/lib/python3.12/site-packages/airflow/example_dags/example_latest_only.py
[2024-09-26T13:45:49.699+0000] {processor.py:925} INFO - DAG(s) 'latest_only' retrieved from /home/airflow/.local/lib/python3.12/site-packages/airflow/example_dags/example_latest_only.py
[2024-09-26T13:45:49.715+0000] {logging_mixin.py:190} INFO - [2024-09-26T13:45:49.714+0000] {dag.py:3239} INFO - Sync 1 DAGs
[2024-09-26T13:45:49.736+0000] {logging_mixin.py:190} INFO - [2024-09-26T13:45:49.736+0000] {dag.py:4180} INFO - Setting next_dagrun for latest_only to 2024-09-26 08:00:00+00:00, run_after=2024-09-26 12:00:00+00:00
[2024-09-26T13:45:49.751+0000] {processor.py:208} INFO - Processing /home/airflow/.local/lib/python3.12/site-packages/airflow/example_dags/example_latest_only.py took 0.065 seconds
[2024-09-26T13:46:19.990+0000] {processor.py:186} INFO - Started process (PID=28389) to work on /home/airflow/.local/lib/python3.12/site-packages/airflow/example_dags/example_latest_only.py
[2024-09-26T13:46:19.991+0000] {processor.py:914} INFO - Processing file /home/airflow/.local/lib/python3.12/site-packages/airflow/example_dags/example_latest_only.py for tasks to queue
[2024-09-26T13:46:19.993+0000] {logging_mixin.py:190} INFO - [2024-09-26T13:46:19.993+0000] {dagbag.py:588} INFO - Filling up the DagBag from /home/airflow/.local/lib/python3.12/site-packages/airflow/example_dags/example_latest_only.py
[2024-09-26T13:46:19.998+0000] {processor.py:925} INFO - DAG(s) 'latest_only' retrieved from /home/airflow/.local/lib/python3.12/site-packages/airflow/example_dags/example_latest_only.py
[2024-09-26T13:46:20.013+0000] {logging_mixin.py:190} INFO - [2024-09-26T13:46:20.012+0000] {dag.py:3239} INFO - Sync 1 DAGs
[2024-09-26T13:46:20.033+0000] {logging_mixin.py:190} INFO - [2024-09-26T13:46:20.032+0000] {dag.py:4180} INFO - Setting next_dagrun for latest_only to 2024-09-26 08:00:00+00:00, run_after=2024-09-26 12:00:00+00:00
[2024-09-26T13:46:20.048+0000] {processor.py:208} INFO - Processing /home/airflow/.local/lib/python3.12/site-packages/airflow/example_dags/example_latest_only.py took 0.062 seconds
[2024-09-26T13:46:50.232+0000] {processor.py:186} INFO - Started process (PID=28680) to work on /home/airflow/.local/lib/python3.12/site-packages/airflow/example_dags/example_latest_only.py
[2024-09-26T13:46:50.232+0000] {processor.py:914} INFO - Processing file /home/airflow/.local/lib/python3.12/site-packages/airflow/example_dags/example_latest_only.py for tasks to queue
[2024-09-26T13:46:50.234+0000] {logging_mixin.py:190} INFO - [2024-09-26T13:46:50.234+0000] {dagbag.py:588} INFO - Filling up the DagBag from /home/airflow/.local/lib/python3.12/site-packages/airflow/example_dags/example_latest_only.py
[2024-09-26T13:46:50.239+0000] {processor.py:925} INFO - DAG(s) 'latest_only' retrieved from /home/airflow/.local/lib/python3.12/site-packages/airflow/example_dags/example_latest_only.py
[2024-09-26T13:46:50.254+0000] {logging_mixin.py:190} INFO - [2024-09-26T13:46:50.254+0000] {dag.py:3239} INFO - Sync 1 DAGs
[2024-09-26T13:46:50.274+0000] {logging_mixin.py:190} INFO - [2024-09-26T13:46:50.274+0000] {dag.py:4180} INFO - Setting next_dagrun for latest_only to 2024-09-26 08:00:00+00:00, run_after=2024-09-26 12:00:00+00:00
[2024-09-26T13:46:50.288+0000] {processor.py:208} INFO - Processing /home/airflow/.local/lib/python3.12/site-packages/airflow/example_dags/example_latest_only.py took 0.060 seconds
[2024-09-26T13:47:20.405+0000] {processor.py:186} INFO - Started process (PID=28971) to work on /home/airflow/.local/lib/python3.12/site-packages/airflow/example_dags/example_latest_only.py
[2024-09-26T13:47:20.406+0000] {processor.py:914} INFO - Processing file /home/airflow/.local/lib/python3.12/site-packages/airflow/example_dags/example_latest_only.py for tasks to queue
[2024-09-26T13:47:20.408+0000] {logging_mixin.py:190} INFO - [2024-09-26T13:47:20.407+0000] {dagbag.py:588} INFO - Filling up the DagBag from /home/airflow/.local/lib/python3.12/site-packages/airflow/example_dags/example_latest_only.py
[2024-09-26T13:47:20.413+0000] {processor.py:925} INFO - DAG(s) 'latest_only' retrieved from /home/airflow/.local/lib/python3.12/site-packages/airflow/example_dags/example_latest_only.py
[2024-09-26T13:47:20.428+0000] {logging_mixin.py:190} INFO - [2024-09-26T13:47:20.428+0000] {dag.py:3239} INFO - Sync 1 DAGs
[2024-09-26T13:47:20.448+0000] {logging_mixin.py:190} INFO - [2024-09-26T13:47:20.447+0000] {dag.py:4180} INFO - Setting next_dagrun for latest_only to 2024-09-26 08:00:00+00:00, run_after=2024-09-26 12:00:00+00:00
[2024-09-26T13:47:20.461+0000] {processor.py:208} INFO - Processing /home/airflow/.local/lib/python3.12/site-packages/airflow/example_dags/example_latest_only.py took 0.061 seconds
