[2024-09-26T13:24:57.676+0000] {processor.py:186} INFO - Started process (PID=16234) to work on /home/airflow/.local/lib/python3.12/site-packages/airflow/example_dags/example_bash_decorator.py
[2024-09-26T13:24:57.677+0000] {processor.py:914} INFO - Processing file /home/airflow/.local/lib/python3.12/site-packages/airflow/example_dags/example_bash_decorator.py for tasks to queue
[2024-09-26T13:24:57.679+0000] {logging_mixin.py:190} INFO - [2024-09-26T13:24:57.678+0000] {dagbag.py:588} INFO - Filling up the DagBag from /home/airflow/.local/lib/python3.12/site-packages/airflow/example_dags/example_bash_decorator.py
[2024-09-26T13:24:57.691+0000] {processor.py:925} INFO - DAG(s) 'example_bash_decorator' retrieved from /home/airflow/.local/lib/python3.12/site-packages/airflow/example_dags/example_bash_decorator.py
[2024-09-26T13:24:57.710+0000] {logging_mixin.py:190} INFO - [2024-09-26T13:24:57.709+0000] {dag.py:3239} INFO - Sync 1 DAGs
[2024-09-26T13:24:57.725+0000] {logging_mixin.py:190} INFO - [2024-09-26T13:24:57.724+0000] {dag.py:4180} INFO - Setting next_dagrun for example_bash_decorator to None, run_after=None
[2024-09-26T13:24:57.741+0000] {processor.py:208} INFO - Processing /home/airflow/.local/lib/python3.12/site-packages/airflow/example_dags/example_bash_decorator.py took 0.069 seconds
[2024-09-26T13:25:27.997+0000] {processor.py:186} INFO - Started process (PID=16520) to work on /home/airflow/.local/lib/python3.12/site-packages/airflow/example_dags/example_bash_decorator.py
[2024-09-26T13:25:27.998+0000] {processor.py:914} INFO - Processing file /home/airflow/.local/lib/python3.12/site-packages/airflow/example_dags/example_bash_decorator.py for tasks to queue
[2024-09-26T13:25:28.000+0000] {logging_mixin.py:190} INFO - [2024-09-26T13:25:28.000+0000] {dagbag.py:588} INFO - Filling up the DagBag from /home/airflow/.local/lib/python3.12/site-packages/airflow/example_dags/example_bash_decorator.py
[2024-09-26T13:25:28.012+0000] {processor.py:925} INFO - DAG(s) 'example_bash_decorator' retrieved from /home/airflow/.local/lib/python3.12/site-packages/airflow/example_dags/example_bash_decorator.py
[2024-09-26T13:25:28.029+0000] {logging_mixin.py:190} INFO - [2024-09-26T13:25:28.029+0000] {dag.py:3239} INFO - Sync 1 DAGs
[2024-09-26T13:25:28.041+0000] {logging_mixin.py:190} INFO - [2024-09-26T13:25:28.041+0000] {dag.py:4180} INFO - Setting next_dagrun for example_bash_decorator to None, run_after=None
[2024-09-26T13:25:28.055+0000] {processor.py:208} INFO - Processing /home/airflow/.local/lib/python3.12/site-packages/airflow/example_dags/example_bash_decorator.py took 0.063 seconds
[2024-09-26T13:25:58.632+0000] {processor.py:186} INFO - Started process (PID=16806) to work on /home/airflow/.local/lib/python3.12/site-packages/airflow/example_dags/example_bash_decorator.py
[2024-09-26T13:25:58.633+0000] {processor.py:914} INFO - Processing file /home/airflow/.local/lib/python3.12/site-packages/airflow/example_dags/example_bash_decorator.py for tasks to queue
[2024-09-26T13:25:58.635+0000] {logging_mixin.py:190} INFO - [2024-09-26T13:25:58.634+0000] {dagbag.py:588} INFO - Filling up the DagBag from /home/airflow/.local/lib/python3.12/site-packages/airflow/example_dags/example_bash_decorator.py
[2024-09-26T13:25:58.647+0000] {processor.py:925} INFO - DAG(s) 'example_bash_decorator' retrieved from /home/airflow/.local/lib/python3.12/site-packages/airflow/example_dags/example_bash_decorator.py
[2024-09-26T13:25:58.667+0000] {logging_mixin.py:190} INFO - [2024-09-26T13:25:58.667+0000] {dag.py:3239} INFO - Sync 1 DAGs
[2024-09-26T13:25:58.680+0000] {logging_mixin.py:190} INFO - [2024-09-26T13:25:58.680+0000] {dag.py:4180} INFO - Setting next_dagrun for example_bash_decorator to None, run_after=None
[2024-09-26T13:25:58.697+0000] {processor.py:208} INFO - Processing /home/airflow/.local/lib/python3.12/site-packages/airflow/example_dags/example_bash_decorator.py took 0.071 seconds
[2024-09-26T13:26:29.457+0000] {processor.py:186} INFO - Started process (PID=17092) to work on /home/airflow/.local/lib/python3.12/site-packages/airflow/example_dags/example_bash_decorator.py
[2024-09-26T13:26:29.458+0000] {processor.py:914} INFO - Processing file /home/airflow/.local/lib/python3.12/site-packages/airflow/example_dags/example_bash_decorator.py for tasks to queue
[2024-09-26T13:26:29.459+0000] {logging_mixin.py:190} INFO - [2024-09-26T13:26:29.459+0000] {dagbag.py:588} INFO - Filling up the DagBag from /home/airflow/.local/lib/python3.12/site-packages/airflow/example_dags/example_bash_decorator.py
[2024-09-26T13:26:29.472+0000] {processor.py:925} INFO - DAG(s) 'example_bash_decorator' retrieved from /home/airflow/.local/lib/python3.12/site-packages/airflow/example_dags/example_bash_decorator.py
[2024-09-26T13:26:29.490+0000] {logging_mixin.py:190} INFO - [2024-09-26T13:26:29.490+0000] {dag.py:3239} INFO - Sync 1 DAGs
[2024-09-26T13:26:29.503+0000] {logging_mixin.py:190} INFO - [2024-09-26T13:26:29.503+0000] {dag.py:4180} INFO - Setting next_dagrun for example_bash_decorator to None, run_after=None
[2024-09-26T13:26:29.517+0000] {processor.py:208} INFO - Processing /home/airflow/.local/lib/python3.12/site-packages/airflow/example_dags/example_bash_decorator.py took 0.065 seconds
[2024-09-26T13:26:59.979+0000] {processor.py:186} INFO - Started process (PID=17378) to work on /home/airflow/.local/lib/python3.12/site-packages/airflow/example_dags/example_bash_decorator.py
[2024-09-26T13:26:59.980+0000] {processor.py:914} INFO - Processing file /home/airflow/.local/lib/python3.12/site-packages/airflow/example_dags/example_bash_decorator.py for tasks to queue
[2024-09-26T13:26:59.982+0000] {logging_mixin.py:190} INFO - [2024-09-26T13:26:59.982+0000] {dagbag.py:588} INFO - Filling up the DagBag from /home/airflow/.local/lib/python3.12/site-packages/airflow/example_dags/example_bash_decorator.py
[2024-09-26T13:26:59.993+0000] {processor.py:925} INFO - DAG(s) 'example_bash_decorator' retrieved from /home/airflow/.local/lib/python3.12/site-packages/airflow/example_dags/example_bash_decorator.py
[2024-09-26T13:27:00.012+0000] {logging_mixin.py:190} INFO - [2024-09-26T13:27:00.012+0000] {dag.py:3239} INFO - Sync 1 DAGs
[2024-09-26T13:27:00.025+0000] {logging_mixin.py:190} INFO - [2024-09-26T13:27:00.024+0000] {dag.py:4180} INFO - Setting next_dagrun for example_bash_decorator to None, run_after=None
[2024-09-26T13:27:00.040+0000] {processor.py:208} INFO - Processing /home/airflow/.local/lib/python3.12/site-packages/airflow/example_dags/example_bash_decorator.py took 0.065 seconds
[2024-09-26T13:27:30.310+0000] {processor.py:186} INFO - Started process (PID=17664) to work on /home/airflow/.local/lib/python3.12/site-packages/airflow/example_dags/example_bash_decorator.py
[2024-09-26T13:27:30.311+0000] {processor.py:914} INFO - Processing file /home/airflow/.local/lib/python3.12/site-packages/airflow/example_dags/example_bash_decorator.py for tasks to queue
[2024-09-26T13:27:30.314+0000] {logging_mixin.py:190} INFO - [2024-09-26T13:27:30.313+0000] {dagbag.py:588} INFO - Filling up the DagBag from /home/airflow/.local/lib/python3.12/site-packages/airflow/example_dags/example_bash_decorator.py
[2024-09-26T13:27:30.326+0000] {processor.py:925} INFO - DAG(s) 'example_bash_decorator' retrieved from /home/airflow/.local/lib/python3.12/site-packages/airflow/example_dags/example_bash_decorator.py
[2024-09-26T13:27:30.347+0000] {logging_mixin.py:190} INFO - [2024-09-26T13:27:30.347+0000] {dag.py:3239} INFO - Sync 1 DAGs
[2024-09-26T13:27:30.489+0000] {logging_mixin.py:190} INFO - [2024-09-26T13:27:30.489+0000] {dag.py:4180} INFO - Setting next_dagrun for example_bash_decorator to None, run_after=None
[2024-09-26T13:27:30.503+0000] {processor.py:208} INFO - Processing /home/airflow/.local/lib/python3.12/site-packages/airflow/example_dags/example_bash_decorator.py took 0.198 seconds
[2024-09-26T13:28:01.533+0000] {processor.py:186} INFO - Started process (PID=17950) to work on /home/airflow/.local/lib/python3.12/site-packages/airflow/example_dags/example_bash_decorator.py
[2024-09-26T13:28:01.534+0000] {processor.py:914} INFO - Processing file /home/airflow/.local/lib/python3.12/site-packages/airflow/example_dags/example_bash_decorator.py for tasks to queue
[2024-09-26T13:28:01.535+0000] {logging_mixin.py:190} INFO - [2024-09-26T13:28:01.535+0000] {dagbag.py:588} INFO - Filling up the DagBag from /home/airflow/.local/lib/python3.12/site-packages/airflow/example_dags/example_bash_decorator.py
[2024-09-26T13:28:01.547+0000] {processor.py:925} INFO - DAG(s) 'example_bash_decorator' retrieved from /home/airflow/.local/lib/python3.12/site-packages/airflow/example_dags/example_bash_decorator.py
[2024-09-26T13:28:01.567+0000] {logging_mixin.py:190} INFO - [2024-09-26T13:28:01.566+0000] {dag.py:3239} INFO - Sync 1 DAGs
[2024-09-26T13:28:01.721+0000] {logging_mixin.py:190} INFO - [2024-09-26T13:28:01.721+0000] {dag.py:4180} INFO - Setting next_dagrun for example_bash_decorator to None, run_after=None
[2024-09-26T13:28:01.735+0000] {processor.py:208} INFO - Processing /home/airflow/.local/lib/python3.12/site-packages/airflow/example_dags/example_bash_decorator.py took 0.206 seconds
[2024-09-26T13:28:32.289+0000] {processor.py:186} INFO - Started process (PID=18236) to work on /home/airflow/.local/lib/python3.12/site-packages/airflow/example_dags/example_bash_decorator.py
[2024-09-26T13:28:32.290+0000] {processor.py:914} INFO - Processing file /home/airflow/.local/lib/python3.12/site-packages/airflow/example_dags/example_bash_decorator.py for tasks to queue
[2024-09-26T13:28:32.292+0000] {logging_mixin.py:190} INFO - [2024-09-26T13:28:32.291+0000] {dagbag.py:588} INFO - Filling up the DagBag from /home/airflow/.local/lib/python3.12/site-packages/airflow/example_dags/example_bash_decorator.py
[2024-09-26T13:28:32.303+0000] {processor.py:925} INFO - DAG(s) 'example_bash_decorator' retrieved from /home/airflow/.local/lib/python3.12/site-packages/airflow/example_dags/example_bash_decorator.py
[2024-09-26T13:28:32.322+0000] {logging_mixin.py:190} INFO - [2024-09-26T13:28:32.322+0000] {dag.py:3239} INFO - Sync 1 DAGs
[2024-09-26T13:28:32.335+0000] {logging_mixin.py:190} INFO - [2024-09-26T13:28:32.335+0000] {dag.py:4180} INFO - Setting next_dagrun for example_bash_decorator to None, run_after=None
[2024-09-26T13:28:32.350+0000] {processor.py:208} INFO - Processing /home/airflow/.local/lib/python3.12/site-packages/airflow/example_dags/example_bash_decorator.py took 0.065 seconds
[2024-09-26T13:29:02.543+0000] {processor.py:186} INFO - Started process (PID=18522) to work on /home/airflow/.local/lib/python3.12/site-packages/airflow/example_dags/example_bash_decorator.py
[2024-09-26T13:29:02.543+0000] {processor.py:914} INFO - Processing file /home/airflow/.local/lib/python3.12/site-packages/airflow/example_dags/example_bash_decorator.py for tasks to queue
[2024-09-26T13:29:02.545+0000] {logging_mixin.py:190} INFO - [2024-09-26T13:29:02.545+0000] {dagbag.py:588} INFO - Filling up the DagBag from /home/airflow/.local/lib/python3.12/site-packages/airflow/example_dags/example_bash_decorator.py
[2024-09-26T13:29:02.557+0000] {processor.py:925} INFO - DAG(s) 'example_bash_decorator' retrieved from /home/airflow/.local/lib/python3.12/site-packages/airflow/example_dags/example_bash_decorator.py
[2024-09-26T13:29:02.576+0000] {logging_mixin.py:190} INFO - [2024-09-26T13:29:02.576+0000] {dag.py:3239} INFO - Sync 1 DAGs
[2024-09-26T13:29:02.589+0000] {logging_mixin.py:190} INFO - [2024-09-26T13:29:02.589+0000] {dag.py:4180} INFO - Setting next_dagrun for example_bash_decorator to None, run_after=None
[2024-09-26T13:29:02.626+0000] {processor.py:208} INFO - Processing /home/airflow/.local/lib/python3.12/site-packages/airflow/example_dags/example_bash_decorator.py took 0.087 seconds
[2024-09-26T13:29:33.604+0000] {processor.py:186} INFO - Started process (PID=18808) to work on /home/airflow/.local/lib/python3.12/site-packages/airflow/example_dags/example_bash_decorator.py
[2024-09-26T13:29:33.605+0000] {processor.py:914} INFO - Processing file /home/airflow/.local/lib/python3.12/site-packages/airflow/example_dags/example_bash_decorator.py for tasks to queue
[2024-09-26T13:29:33.606+0000] {logging_mixin.py:190} INFO - [2024-09-26T13:29:33.606+0000] {dagbag.py:588} INFO - Filling up the DagBag from /home/airflow/.local/lib/python3.12/site-packages/airflow/example_dags/example_bash_decorator.py
[2024-09-26T13:29:33.626+0000] {processor.py:925} INFO - DAG(s) 'example_bash_decorator' retrieved from /home/airflow/.local/lib/python3.12/site-packages/airflow/example_dags/example_bash_decorator.py
[2024-09-26T13:29:33.646+0000] {logging_mixin.py:190} INFO - [2024-09-26T13:29:33.646+0000] {dag.py:3239} INFO - Sync 1 DAGs
[2024-09-26T13:29:33.659+0000] {logging_mixin.py:190} INFO - [2024-09-26T13:29:33.659+0000] {dag.py:4180} INFO - Setting next_dagrun for example_bash_decorator to None, run_after=None
[2024-09-26T13:29:33.677+0000] {processor.py:208} INFO - Processing /home/airflow/.local/lib/python3.12/site-packages/airflow/example_dags/example_bash_decorator.py took 0.078 seconds
[2024-09-26T13:30:03.843+0000] {processor.py:186} INFO - Started process (PID=19094) to work on /home/airflow/.local/lib/python3.12/site-packages/airflow/example_dags/example_bash_decorator.py
[2024-09-26T13:30:03.844+0000] {processor.py:914} INFO - Processing file /home/airflow/.local/lib/python3.12/site-packages/airflow/example_dags/example_bash_decorator.py for tasks to queue
[2024-09-26T13:30:03.846+0000] {logging_mixin.py:190} INFO - [2024-09-26T13:30:03.845+0000] {dagbag.py:588} INFO - Filling up the DagBag from /home/airflow/.local/lib/python3.12/site-packages/airflow/example_dags/example_bash_decorator.py
[2024-09-26T13:30:03.858+0000] {processor.py:925} INFO - DAG(s) 'example_bash_decorator' retrieved from /home/airflow/.local/lib/python3.12/site-packages/airflow/example_dags/example_bash_decorator.py
[2024-09-26T13:30:03.877+0000] {logging_mixin.py:190} INFO - [2024-09-26T13:30:03.876+0000] {dag.py:3239} INFO - Sync 1 DAGs
[2024-09-26T13:30:03.889+0000] {logging_mixin.py:190} INFO - [2024-09-26T13:30:03.888+0000] {dag.py:4180} INFO - Setting next_dagrun for example_bash_decorator to None, run_after=None
[2024-09-26T13:30:03.903+0000] {processor.py:208} INFO - Processing /home/airflow/.local/lib/python3.12/site-packages/airflow/example_dags/example_bash_decorator.py took 0.064 seconds
[2024-09-26T13:30:34.033+0000] {processor.py:186} INFO - Started process (PID=19380) to work on /home/airflow/.local/lib/python3.12/site-packages/airflow/example_dags/example_bash_decorator.py
[2024-09-26T13:30:34.034+0000] {processor.py:914} INFO - Processing file /home/airflow/.local/lib/python3.12/site-packages/airflow/example_dags/example_bash_decorator.py for tasks to queue
[2024-09-26T13:30:34.036+0000] {logging_mixin.py:190} INFO - [2024-09-26T13:30:34.036+0000] {dagbag.py:588} INFO - Filling up the DagBag from /home/airflow/.local/lib/python3.12/site-packages/airflow/example_dags/example_bash_decorator.py
[2024-09-26T13:30:34.048+0000] {processor.py:925} INFO - DAG(s) 'example_bash_decorator' retrieved from /home/airflow/.local/lib/python3.12/site-packages/airflow/example_dags/example_bash_decorator.py
[2024-09-26T13:30:34.066+0000] {logging_mixin.py:190} INFO - [2024-09-26T13:30:34.066+0000] {dag.py:3239} INFO - Sync 1 DAGs
[2024-09-26T13:30:34.080+0000] {logging_mixin.py:190} INFO - [2024-09-26T13:30:34.079+0000] {dag.py:4180} INFO - Setting next_dagrun for example_bash_decorator to None, run_after=None
[2024-09-26T13:30:34.099+0000] {processor.py:208} INFO - Processing /home/airflow/.local/lib/python3.12/site-packages/airflow/example_dags/example_bash_decorator.py took 0.071 seconds
[2024-09-26T13:31:04.947+0000] {processor.py:186} INFO - Started process (PID=19666) to work on /home/airflow/.local/lib/python3.12/site-packages/airflow/example_dags/example_bash_decorator.py
[2024-09-26T13:31:04.947+0000] {processor.py:914} INFO - Processing file /home/airflow/.local/lib/python3.12/site-packages/airflow/example_dags/example_bash_decorator.py for tasks to queue
[2024-09-26T13:31:04.949+0000] {logging_mixin.py:190} INFO - [2024-09-26T13:31:04.949+0000] {dagbag.py:588} INFO - Filling up the DagBag from /home/airflow/.local/lib/python3.12/site-packages/airflow/example_dags/example_bash_decorator.py
[2024-09-26T13:31:04.961+0000] {processor.py:925} INFO - DAG(s) 'example_bash_decorator' retrieved from /home/airflow/.local/lib/python3.12/site-packages/airflow/example_dags/example_bash_decorator.py
[2024-09-26T13:31:04.979+0000] {logging_mixin.py:190} INFO - [2024-09-26T13:31:04.979+0000] {dag.py:3239} INFO - Sync 1 DAGs
[2024-09-26T13:31:04.991+0000] {logging_mixin.py:190} INFO - [2024-09-26T13:31:04.991+0000] {dag.py:4180} INFO - Setting next_dagrun for example_bash_decorator to None, run_after=None
[2024-09-26T13:31:05.006+0000] {processor.py:208} INFO - Processing /home/airflow/.local/lib/python3.12/site-packages/airflow/example_dags/example_bash_decorator.py took 0.063 seconds
