[2024-09-26T13:25:06.609+0000] {processor.py:186} INFO - Started process (PID=16319) to work on /home/airflow/.local/lib/python3.12/site-packages/airflow/example_dags/example_inlet_event_extra.py
[2024-09-26T13:25:06.610+0000] {processor.py:914} INFO - Processing file /home/airflow/.local/lib/python3.12/site-packages/airflow/example_dags/example_inlet_event_extra.py for tasks to queue
[2024-09-26T13:25:06.612+0000] {logging_mixin.py:190} INFO - [2024-09-26T13:25:06.611+0000] {dagbag.py:588} INFO - Filling up the DagBag from /home/airflow/.local/lib/python3.12/site-packages/airflow/example_dags/example_inlet_event_extra.py
[2024-09-26T13:25:06.833+0000] {processor.py:925} INFO - DAG(s) 'read_dataset_event', 'read_dataset_event_from_classic' retrieved from /home/airflow/.local/lib/python3.12/site-packages/airflow/example_dags/example_inlet_event_extra.py
[2024-09-26T13:25:06.849+0000] {logging_mixin.py:190} INFO - [2024-09-26T13:25:06.849+0000] {dag.py:3239} INFO - Sync 2 DAGs
[2024-09-26T13:25:06.870+0000] {logging_mixin.py:190} INFO - [2024-09-26T13:25:06.870+0000] {dag.py:4180} INFO - Setting next_dagrun for read_dataset_event to 2024-09-25 00:00:00+00:00, run_after=2024-09-26 00:00:00+00:00
[2024-09-26T13:25:06.875+0000] {logging_mixin.py:190} INFO - [2024-09-26T13:25:06.875+0000] {dag.py:4180} INFO - Setting next_dagrun for read_dataset_event_from_classic to 2024-09-25 00:00:00+00:00, run_after=2024-09-26 00:00:00+00:00
[2024-09-26T13:25:06.892+0000] {processor.py:208} INFO - Processing /home/airflow/.local/lib/python3.12/site-packages/airflow/example_dags/example_inlet_event_extra.py took 0.287 seconds
[2024-09-26T13:25:37.001+0000] {processor.py:186} INFO - Started process (PID=16605) to work on /home/airflow/.local/lib/python3.12/site-packages/airflow/example_dags/example_inlet_event_extra.py
[2024-09-26T13:25:37.005+0000] {processor.py:914} INFO - Processing file /home/airflow/.local/lib/python3.12/site-packages/airflow/example_dags/example_inlet_event_extra.py for tasks to queue
[2024-09-26T13:25:37.009+0000] {logging_mixin.py:190} INFO - [2024-09-26T13:25:37.008+0000] {dagbag.py:588} INFO - Filling up the DagBag from /home/airflow/.local/lib/python3.12/site-packages/airflow/example_dags/example_inlet_event_extra.py
[2024-09-26T13:25:37.246+0000] {processor.py:925} INFO - DAG(s) 'read_dataset_event', 'read_dataset_event_from_classic' retrieved from /home/airflow/.local/lib/python3.12/site-packages/airflow/example_dags/example_inlet_event_extra.py
[2024-09-26T13:25:37.261+0000] {logging_mixin.py:190} INFO - [2024-09-26T13:25:37.261+0000] {dag.py:3239} INFO - Sync 2 DAGs
[2024-09-26T13:25:37.284+0000] {logging_mixin.py:190} INFO - [2024-09-26T13:25:37.283+0000] {dag.py:4180} INFO - Setting next_dagrun for read_dataset_event to 2024-09-25 00:00:00+00:00, run_after=2024-09-26 00:00:00+00:00
[2024-09-26T13:25:37.288+0000] {logging_mixin.py:190} INFO - [2024-09-26T13:25:37.288+0000] {dag.py:4180} INFO - Setting next_dagrun for read_dataset_event_from_classic to 2024-09-25 00:00:00+00:00, run_after=2024-09-26 00:00:00+00:00
[2024-09-26T13:25:37.302+0000] {processor.py:208} INFO - Processing /home/airflow/.local/lib/python3.12/site-packages/airflow/example_dags/example_inlet_event_extra.py took 0.308 seconds
[2024-09-26T13:26:07.431+0000] {processor.py:186} INFO - Started process (PID=16891) to work on /home/airflow/.local/lib/python3.12/site-packages/airflow/example_dags/example_inlet_event_extra.py
[2024-09-26T13:26:07.432+0000] {processor.py:914} INFO - Processing file /home/airflow/.local/lib/python3.12/site-packages/airflow/example_dags/example_inlet_event_extra.py for tasks to queue
[2024-09-26T13:26:07.434+0000] {logging_mixin.py:190} INFO - [2024-09-26T13:26:07.433+0000] {dagbag.py:588} INFO - Filling up the DagBag from /home/airflow/.local/lib/python3.12/site-packages/airflow/example_dags/example_inlet_event_extra.py
[2024-09-26T13:26:07.654+0000] {processor.py:925} INFO - DAG(s) 'read_dataset_event_from_classic', 'read_dataset_event' retrieved from /home/airflow/.local/lib/python3.12/site-packages/airflow/example_dags/example_inlet_event_extra.py
[2024-09-26T13:26:07.670+0000] {logging_mixin.py:190} INFO - [2024-09-26T13:26:07.670+0000] {dag.py:3239} INFO - Sync 2 DAGs
[2024-09-26T13:26:07.690+0000] {logging_mixin.py:190} INFO - [2024-09-26T13:26:07.690+0000] {dag.py:4180} INFO - Setting next_dagrun for read_dataset_event to 2024-09-25 00:00:00+00:00, run_after=2024-09-26 00:00:00+00:00
[2024-09-26T13:26:07.694+0000] {logging_mixin.py:190} INFO - [2024-09-26T13:26:07.694+0000] {dag.py:4180} INFO - Setting next_dagrun for read_dataset_event_from_classic to 2024-09-25 00:00:00+00:00, run_after=2024-09-26 00:00:00+00:00
[2024-09-26T13:26:07.710+0000] {processor.py:208} INFO - Processing /home/airflow/.local/lib/python3.12/site-packages/airflow/example_dags/example_inlet_event_extra.py took 0.284 seconds
[2024-09-26T13:26:38.216+0000] {processor.py:186} INFO - Started process (PID=17177) to work on /home/airflow/.local/lib/python3.12/site-packages/airflow/example_dags/example_inlet_event_extra.py
[2024-09-26T13:26:38.217+0000] {processor.py:914} INFO - Processing file /home/airflow/.local/lib/python3.12/site-packages/airflow/example_dags/example_inlet_event_extra.py for tasks to queue
[2024-09-26T13:26:38.219+0000] {logging_mixin.py:190} INFO - [2024-09-26T13:26:38.219+0000] {dagbag.py:588} INFO - Filling up the DagBag from /home/airflow/.local/lib/python3.12/site-packages/airflow/example_dags/example_inlet_event_extra.py
[2024-09-26T13:26:38.432+0000] {processor.py:925} INFO - DAG(s) 'read_dataset_event_from_classic', 'read_dataset_event' retrieved from /home/airflow/.local/lib/python3.12/site-packages/airflow/example_dags/example_inlet_event_extra.py
[2024-09-26T13:26:38.449+0000] {logging_mixin.py:190} INFO - [2024-09-26T13:26:38.448+0000] {dag.py:3239} INFO - Sync 2 DAGs
[2024-09-26T13:26:38.467+0000] {logging_mixin.py:190} INFO - [2024-09-26T13:26:38.466+0000] {dag.py:4180} INFO - Setting next_dagrun for read_dataset_event to 2024-09-25 00:00:00+00:00, run_after=2024-09-26 00:00:00+00:00
[2024-09-26T13:26:38.471+0000] {logging_mixin.py:190} INFO - [2024-09-26T13:26:38.471+0000] {dag.py:4180} INFO - Setting next_dagrun for read_dataset_event_from_classic to 2024-09-25 00:00:00+00:00, run_after=2024-09-26 00:00:00+00:00
[2024-09-26T13:26:38.483+0000] {processor.py:208} INFO - Processing /home/airflow/.local/lib/python3.12/site-packages/airflow/example_dags/example_inlet_event_extra.py took 0.271 seconds
[2024-09-26T13:27:08.724+0000] {processor.py:186} INFO - Started process (PID=17463) to work on /home/airflow/.local/lib/python3.12/site-packages/airflow/example_dags/example_inlet_event_extra.py
[2024-09-26T13:27:08.724+0000] {processor.py:914} INFO - Processing file /home/airflow/.local/lib/python3.12/site-packages/airflow/example_dags/example_inlet_event_extra.py for tasks to queue
[2024-09-26T13:27:08.726+0000] {logging_mixin.py:190} INFO - [2024-09-26T13:27:08.726+0000] {dagbag.py:588} INFO - Filling up the DagBag from /home/airflow/.local/lib/python3.12/site-packages/airflow/example_dags/example_inlet_event_extra.py
[2024-09-26T13:27:08.933+0000] {processor.py:925} INFO - DAG(s) 'read_dataset_event', 'read_dataset_event_from_classic' retrieved from /home/airflow/.local/lib/python3.12/site-packages/airflow/example_dags/example_inlet_event_extra.py
[2024-09-26T13:27:08.949+0000] {logging_mixin.py:190} INFO - [2024-09-26T13:27:08.949+0000] {dag.py:3239} INFO - Sync 2 DAGs
[2024-09-26T13:27:08.967+0000] {logging_mixin.py:190} INFO - [2024-09-26T13:27:08.967+0000] {dag.py:4180} INFO - Setting next_dagrun for read_dataset_event to 2024-09-25 00:00:00+00:00, run_after=2024-09-26 00:00:00+00:00
[2024-09-26T13:27:08.971+0000] {logging_mixin.py:190} INFO - [2024-09-26T13:27:08.971+0000] {dag.py:4180} INFO - Setting next_dagrun for read_dataset_event_from_classic to 2024-09-25 00:00:00+00:00, run_after=2024-09-26 00:00:00+00:00
[2024-09-26T13:27:08.983+0000] {processor.py:208} INFO - Processing /home/airflow/.local/lib/python3.12/site-packages/airflow/example_dags/example_inlet_event_extra.py took 0.263 seconds
[2024-09-26T13:27:39.624+0000] {processor.py:186} INFO - Started process (PID=17749) to work on /home/airflow/.local/lib/python3.12/site-packages/airflow/example_dags/example_inlet_event_extra.py
[2024-09-26T13:27:39.625+0000] {processor.py:914} INFO - Processing file /home/airflow/.local/lib/python3.12/site-packages/airflow/example_dags/example_inlet_event_extra.py for tasks to queue
[2024-09-26T13:27:39.627+0000] {logging_mixin.py:190} INFO - [2024-09-26T13:27:39.627+0000] {dagbag.py:588} INFO - Filling up the DagBag from /home/airflow/.local/lib/python3.12/site-packages/airflow/example_dags/example_inlet_event_extra.py
[2024-09-26T13:27:39.870+0000] {processor.py:925} INFO - DAG(s) 'read_dataset_event_from_classic', 'read_dataset_event' retrieved from /home/airflow/.local/lib/python3.12/site-packages/airflow/example_dags/example_inlet_event_extra.py
[2024-09-26T13:27:39.884+0000] {logging_mixin.py:190} INFO - [2024-09-26T13:27:39.884+0000] {dag.py:3239} INFO - Sync 2 DAGs
[2024-09-26T13:27:39.907+0000] {logging_mixin.py:190} INFO - [2024-09-26T13:27:39.907+0000] {dag.py:4180} INFO - Setting next_dagrun for read_dataset_event to 2024-09-25 00:00:00+00:00, run_after=2024-09-26 00:00:00+00:00
[2024-09-26T13:27:39.911+0000] {logging_mixin.py:190} INFO - [2024-09-26T13:27:39.911+0000] {dag.py:4180} INFO - Setting next_dagrun for read_dataset_event_from_classic to 2024-09-25 00:00:00+00:00, run_after=2024-09-26 00:00:00+00:00
[2024-09-26T13:27:39.925+0000] {processor.py:208} INFO - Processing /home/airflow/.local/lib/python3.12/site-packages/airflow/example_dags/example_inlet_event_extra.py took 0.305 seconds
[2024-09-26T13:28:10.304+0000] {processor.py:186} INFO - Started process (PID=18035) to work on /home/airflow/.local/lib/python3.12/site-packages/airflow/example_dags/example_inlet_event_extra.py
[2024-09-26T13:28:10.304+0000] {processor.py:914} INFO - Processing file /home/airflow/.local/lib/python3.12/site-packages/airflow/example_dags/example_inlet_event_extra.py for tasks to queue
[2024-09-26T13:28:10.306+0000] {logging_mixin.py:190} INFO - [2024-09-26T13:28:10.306+0000] {dagbag.py:588} INFO - Filling up the DagBag from /home/airflow/.local/lib/python3.12/site-packages/airflow/example_dags/example_inlet_event_extra.py
[2024-09-26T13:28:10.515+0000] {processor.py:925} INFO - DAG(s) 'read_dataset_event_from_classic', 'read_dataset_event' retrieved from /home/airflow/.local/lib/python3.12/site-packages/airflow/example_dags/example_inlet_event_extra.py
[2024-09-26T13:28:10.532+0000] {logging_mixin.py:190} INFO - [2024-09-26T13:28:10.532+0000] {dag.py:3239} INFO - Sync 2 DAGs
[2024-09-26T13:28:10.552+0000] {logging_mixin.py:190} INFO - [2024-09-26T13:28:10.552+0000] {dag.py:4180} INFO - Setting next_dagrun for read_dataset_event to 2024-09-25 00:00:00+00:00, run_after=2024-09-26 00:00:00+00:00
[2024-09-26T13:28:10.556+0000] {logging_mixin.py:190} INFO - [2024-09-26T13:28:10.556+0000] {dag.py:4180} INFO - Setting next_dagrun for read_dataset_event_from_classic to 2024-09-25 00:00:00+00:00, run_after=2024-09-26 00:00:00+00:00
[2024-09-26T13:28:10.569+0000] {processor.py:208} INFO - Processing /home/airflow/.local/lib/python3.12/site-packages/airflow/example_dags/example_inlet_event_extra.py took 0.269 seconds
[2024-09-26T13:28:41.028+0000] {processor.py:186} INFO - Started process (PID=18321) to work on /home/airflow/.local/lib/python3.12/site-packages/airflow/example_dags/example_inlet_event_extra.py
[2024-09-26T13:28:41.029+0000] {processor.py:914} INFO - Processing file /home/airflow/.local/lib/python3.12/site-packages/airflow/example_dags/example_inlet_event_extra.py for tasks to queue
[2024-09-26T13:28:41.031+0000] {logging_mixin.py:190} INFO - [2024-09-26T13:28:41.030+0000] {dagbag.py:588} INFO - Filling up the DagBag from /home/airflow/.local/lib/python3.12/site-packages/airflow/example_dags/example_inlet_event_extra.py
[2024-09-26T13:28:41.129+0000] {processor.py:925} INFO - DAG(s) 'read_dataset_event_from_classic', 'read_dataset_event' retrieved from /home/airflow/.local/lib/python3.12/site-packages/airflow/example_dags/example_inlet_event_extra.py
[2024-09-26T13:28:41.144+0000] {logging_mixin.py:190} INFO - [2024-09-26T13:28:41.144+0000] {dag.py:3239} INFO - Sync 2 DAGs
[2024-09-26T13:28:41.168+0000] {logging_mixin.py:190} INFO - [2024-09-26T13:28:41.168+0000] {dag.py:4180} INFO - Setting next_dagrun for read_dataset_event to 2024-09-25 00:00:00+00:00, run_after=2024-09-26 00:00:00+00:00
[2024-09-26T13:28:41.172+0000] {logging_mixin.py:190} INFO - [2024-09-26T13:28:41.172+0000] {dag.py:4180} INFO - Setting next_dagrun for read_dataset_event_from_classic to 2024-09-25 00:00:00+00:00, run_after=2024-09-26 00:00:00+00:00
[2024-09-26T13:28:41.186+0000] {processor.py:208} INFO - Processing /home/airflow/.local/lib/python3.12/site-packages/airflow/example_dags/example_inlet_event_extra.py took 0.163 seconds
[2024-09-26T13:29:11.325+0000] {processor.py:186} INFO - Started process (PID=18607) to work on /home/airflow/.local/lib/python3.12/site-packages/airflow/example_dags/example_inlet_event_extra.py
[2024-09-26T13:29:11.326+0000] {processor.py:914} INFO - Processing file /home/airflow/.local/lib/python3.12/site-packages/airflow/example_dags/example_inlet_event_extra.py for tasks to queue
[2024-09-26T13:29:11.327+0000] {logging_mixin.py:190} INFO - [2024-09-26T13:29:11.327+0000] {dagbag.py:588} INFO - Filling up the DagBag from /home/airflow/.local/lib/python3.12/site-packages/airflow/example_dags/example_inlet_event_extra.py
[2024-09-26T13:29:11.422+0000] {processor.py:925} INFO - DAG(s) 'read_dataset_event_from_classic', 'read_dataset_event' retrieved from /home/airflow/.local/lib/python3.12/site-packages/airflow/example_dags/example_inlet_event_extra.py
[2024-09-26T13:29:11.438+0000] {logging_mixin.py:190} INFO - [2024-09-26T13:29:11.438+0000] {dag.py:3239} INFO - Sync 2 DAGs
[2024-09-26T13:29:11.462+0000] {logging_mixin.py:190} INFO - [2024-09-26T13:29:11.462+0000] {dag.py:4180} INFO - Setting next_dagrun for read_dataset_event to 2024-09-25 00:00:00+00:00, run_after=2024-09-26 00:00:00+00:00
[2024-09-26T13:29:11.467+0000] {logging_mixin.py:190} INFO - [2024-09-26T13:29:11.467+0000] {dag.py:4180} INFO - Setting next_dagrun for read_dataset_event_from_classic to 2024-09-25 00:00:00+00:00, run_after=2024-09-26 00:00:00+00:00
[2024-09-26T13:29:11.479+0000] {processor.py:208} INFO - Processing /home/airflow/.local/lib/python3.12/site-packages/airflow/example_dags/example_inlet_event_extra.py took 0.158 seconds
[2024-09-26T13:29:41.540+0000] {processor.py:186} INFO - Started process (PID=18893) to work on /home/airflow/.local/lib/python3.12/site-packages/airflow/example_dags/example_inlet_event_extra.py
[2024-09-26T13:29:41.541+0000] {processor.py:914} INFO - Processing file /home/airflow/.local/lib/python3.12/site-packages/airflow/example_dags/example_inlet_event_extra.py for tasks to queue
[2024-09-26T13:29:41.543+0000] {logging_mixin.py:190} INFO - [2024-09-26T13:29:41.542+0000] {dagbag.py:588} INFO - Filling up the DagBag from /home/airflow/.local/lib/python3.12/site-packages/airflow/example_dags/example_inlet_event_extra.py
[2024-09-26T13:29:41.643+0000] {processor.py:925} INFO - DAG(s) 'read_dataset_event', 'read_dataset_event_from_classic' retrieved from /home/airflow/.local/lib/python3.12/site-packages/airflow/example_dags/example_inlet_event_extra.py
[2024-09-26T13:29:41.660+0000] {logging_mixin.py:190} INFO - [2024-09-26T13:29:41.660+0000] {dag.py:3239} INFO - Sync 2 DAGs
[2024-09-26T13:29:41.681+0000] {logging_mixin.py:190} INFO - [2024-09-26T13:29:41.681+0000] {dag.py:4180} INFO - Setting next_dagrun for read_dataset_event to 2024-09-25 00:00:00+00:00, run_after=2024-09-26 00:00:00+00:00
[2024-09-26T13:29:41.687+0000] {logging_mixin.py:190} INFO - [2024-09-26T13:29:41.687+0000] {dag.py:4180} INFO - Setting next_dagrun for read_dataset_event_from_classic to 2024-09-25 00:00:00+00:00, run_after=2024-09-26 00:00:00+00:00
[2024-09-26T13:29:41.699+0000] {processor.py:208} INFO - Processing /home/airflow/.local/lib/python3.12/site-packages/airflow/example_dags/example_inlet_event_extra.py took 0.163 seconds
[2024-09-26T13:30:11.826+0000] {processor.py:186} INFO - Started process (PID=19179) to work on /home/airflow/.local/lib/python3.12/site-packages/airflow/example_dags/example_inlet_event_extra.py
[2024-09-26T13:30:11.827+0000] {processor.py:914} INFO - Processing file /home/airflow/.local/lib/python3.12/site-packages/airflow/example_dags/example_inlet_event_extra.py for tasks to queue
[2024-09-26T13:30:11.828+0000] {logging_mixin.py:190} INFO - [2024-09-26T13:30:11.828+0000] {dagbag.py:588} INFO - Filling up the DagBag from /home/airflow/.local/lib/python3.12/site-packages/airflow/example_dags/example_inlet_event_extra.py
[2024-09-26T13:30:11.923+0000] {processor.py:925} INFO - DAG(s) 'read_dataset_event', 'read_dataset_event_from_classic' retrieved from /home/airflow/.local/lib/python3.12/site-packages/airflow/example_dags/example_inlet_event_extra.py
[2024-09-26T13:30:11.940+0000] {logging_mixin.py:190} INFO - [2024-09-26T13:30:11.940+0000] {dag.py:3239} INFO - Sync 2 DAGs
[2024-09-26T13:30:11.959+0000] {logging_mixin.py:190} INFO - [2024-09-26T13:30:11.959+0000] {dag.py:4180} INFO - Setting next_dagrun for read_dataset_event to 2024-09-25 00:00:00+00:00, run_after=2024-09-26 00:00:00+00:00
[2024-09-26T13:30:11.964+0000] {logging_mixin.py:190} INFO - [2024-09-26T13:30:11.963+0000] {dag.py:4180} INFO - Setting next_dagrun for read_dataset_event_from_classic to 2024-09-25 00:00:00+00:00, run_after=2024-09-26 00:00:00+00:00
[2024-09-26T13:30:11.978+0000] {processor.py:208} INFO - Processing /home/airflow/.local/lib/python3.12/site-packages/airflow/example_dags/example_inlet_event_extra.py took 0.156 seconds
[2024-09-26T13:30:42.792+0000] {processor.py:186} INFO - Started process (PID=19465) to work on /home/airflow/.local/lib/python3.12/site-packages/airflow/example_dags/example_inlet_event_extra.py
[2024-09-26T13:30:42.792+0000] {processor.py:914} INFO - Processing file /home/airflow/.local/lib/python3.12/site-packages/airflow/example_dags/example_inlet_event_extra.py for tasks to queue
[2024-09-26T13:30:42.794+0000] {logging_mixin.py:190} INFO - [2024-09-26T13:30:42.794+0000] {dagbag.py:588} INFO - Filling up the DagBag from /home/airflow/.local/lib/python3.12/site-packages/airflow/example_dags/example_inlet_event_extra.py
[2024-09-26T13:30:42.889+0000] {processor.py:925} INFO - DAG(s) 'read_dataset_event_from_classic', 'read_dataset_event' retrieved from /home/airflow/.local/lib/python3.12/site-packages/airflow/example_dags/example_inlet_event_extra.py
[2024-09-26T13:30:42.905+0000] {logging_mixin.py:190} INFO - [2024-09-26T13:30:42.905+0000] {dag.py:3239} INFO - Sync 2 DAGs
[2024-09-26T13:30:42.926+0000] {logging_mixin.py:190} INFO - [2024-09-26T13:30:42.925+0000] {dag.py:4180} INFO - Setting next_dagrun for read_dataset_event to 2024-09-25 00:00:00+00:00, run_after=2024-09-26 00:00:00+00:00
[2024-09-26T13:30:42.930+0000] {logging_mixin.py:190} INFO - [2024-09-26T13:30:42.930+0000] {dag.py:4180} INFO - Setting next_dagrun for read_dataset_event_from_classic to 2024-09-25 00:00:00+00:00, run_after=2024-09-26 00:00:00+00:00
[2024-09-26T13:30:42.944+0000] {processor.py:208} INFO - Processing /home/airflow/.local/lib/python3.12/site-packages/airflow/example_dags/example_inlet_event_extra.py took 0.156 seconds
[2024-09-26T13:31:13.659+0000] {processor.py:186} INFO - Started process (PID=19751) to work on /home/airflow/.local/lib/python3.12/site-packages/airflow/example_dags/example_inlet_event_extra.py
[2024-09-26T13:31:13.660+0000] {processor.py:914} INFO - Processing file /home/airflow/.local/lib/python3.12/site-packages/airflow/example_dags/example_inlet_event_extra.py for tasks to queue
[2024-09-26T13:31:13.662+0000] {logging_mixin.py:190} INFO - [2024-09-26T13:31:13.661+0000] {dagbag.py:588} INFO - Filling up the DagBag from /home/airflow/.local/lib/python3.12/site-packages/airflow/example_dags/example_inlet_event_extra.py
[2024-09-26T13:31:13.759+0000] {processor.py:925} INFO - DAG(s) 'read_dataset_event', 'read_dataset_event_from_classic' retrieved from /home/airflow/.local/lib/python3.12/site-packages/airflow/example_dags/example_inlet_event_extra.py
[2024-09-26T13:31:13.776+0000] {logging_mixin.py:190} INFO - [2024-09-26T13:31:13.776+0000] {dag.py:3239} INFO - Sync 2 DAGs
[2024-09-26T13:31:13.796+0000] {logging_mixin.py:190} INFO - [2024-09-26T13:31:13.796+0000] {dag.py:4180} INFO - Setting next_dagrun for read_dataset_event to 2024-09-25 00:00:00+00:00, run_after=2024-09-26 00:00:00+00:00
[2024-09-26T13:31:13.800+0000] {logging_mixin.py:190} INFO - [2024-09-26T13:31:13.800+0000] {dag.py:4180} INFO - Setting next_dagrun for read_dataset_event_from_classic to 2024-09-25 00:00:00+00:00, run_after=2024-09-26 00:00:00+00:00
[2024-09-26T13:31:13.814+0000] {processor.py:208} INFO - Processing /home/airflow/.local/lib/python3.12/site-packages/airflow/example_dags/example_inlet_event_extra.py took 0.159 seconds
