[2024-09-26T13:24:57.563+0000] {processor.py:186} INFO - Started process (PID=16221) to work on /home/airflow/.local/lib/python3.12/site-packages/airflow/example_dags/example_params_trigger_ui.py
[2024-09-26T13:24:57.564+0000] {processor.py:914} INFO - Processing file /home/airflow/.local/lib/python3.12/site-packages/airflow/example_dags/example_params_trigger_ui.py for tasks to queue
[2024-09-26T13:24:57.566+0000] {logging_mixin.py:190} INFO - [2024-09-26T13:24:57.566+0000] {dagbag.py:588} INFO - Filling up the DagBag from /home/airflow/.local/lib/python3.12/site-packages/airflow/example_dags/example_params_trigger_ui.py
[2024-09-26T13:24:57.574+0000] {processor.py:925} INFO - DAG(s) 'example_params_trigger_ui' retrieved from /home/airflow/.local/lib/python3.12/site-packages/airflow/example_dags/example_params_trigger_ui.py
[2024-09-26T13:24:57.613+0000] {logging_mixin.py:190} INFO - [2024-09-26T13:24:57.612+0000] {dag.py:3239} INFO - Sync 1 DAGs
[2024-09-26T13:24:57.626+0000] {logging_mixin.py:190} INFO - [2024-09-26T13:24:57.625+0000] {dag.py:4180} INFO - Setting next_dagrun for example_params_trigger_ui to None, run_after=None
[2024-09-26T13:24:57.643+0000] {processor.py:208} INFO - Processing /home/airflow/.local/lib/python3.12/site-packages/airflow/example_dags/example_params_trigger_ui.py took 0.084 seconds
[2024-09-26T13:25:27.895+0000] {processor.py:186} INFO - Started process (PID=16507) to work on /home/airflow/.local/lib/python3.12/site-packages/airflow/example_dags/example_params_trigger_ui.py
[2024-09-26T13:25:27.896+0000] {processor.py:914} INFO - Processing file /home/airflow/.local/lib/python3.12/site-packages/airflow/example_dags/example_params_trigger_ui.py for tasks to queue
[2024-09-26T13:25:27.898+0000] {logging_mixin.py:190} INFO - [2024-09-26T13:25:27.897+0000] {dagbag.py:588} INFO - Filling up the DagBag from /home/airflow/.local/lib/python3.12/site-packages/airflow/example_dags/example_params_trigger_ui.py
[2024-09-26T13:25:27.906+0000] {processor.py:925} INFO - DAG(s) 'example_params_trigger_ui' retrieved from /home/airflow/.local/lib/python3.12/site-packages/airflow/example_dags/example_params_trigger_ui.py
[2024-09-26T13:25:27.943+0000] {logging_mixin.py:190} INFO - [2024-09-26T13:25:27.943+0000] {dag.py:3239} INFO - Sync 1 DAGs
[2024-09-26T13:25:27.955+0000] {logging_mixin.py:190} INFO - [2024-09-26T13:25:27.955+0000] {dag.py:4180} INFO - Setting next_dagrun for example_params_trigger_ui to None, run_after=None
[2024-09-26T13:25:27.971+0000] {processor.py:208} INFO - Processing /home/airflow/.local/lib/python3.12/site-packages/airflow/example_dags/example_params_trigger_ui.py took 0.080 seconds
[2024-09-26T13:25:58.489+0000] {processor.py:186} INFO - Started process (PID=16793) to work on /home/airflow/.local/lib/python3.12/site-packages/airflow/example_dags/example_params_trigger_ui.py
[2024-09-26T13:25:58.489+0000] {processor.py:914} INFO - Processing file /home/airflow/.local/lib/python3.12/site-packages/airflow/example_dags/example_params_trigger_ui.py for tasks to queue
[2024-09-26T13:25:58.491+0000] {logging_mixin.py:190} INFO - [2024-09-26T13:25:58.491+0000] {dagbag.py:588} INFO - Filling up the DagBag from /home/airflow/.local/lib/python3.12/site-packages/airflow/example_dags/example_params_trigger_ui.py
[2024-09-26T13:25:58.500+0000] {processor.py:925} INFO - DAG(s) 'example_params_trigger_ui' retrieved from /home/airflow/.local/lib/python3.12/site-packages/airflow/example_dags/example_params_trigger_ui.py
[2024-09-26T13:25:58.546+0000] {logging_mixin.py:190} INFO - [2024-09-26T13:25:58.545+0000] {dag.py:3239} INFO - Sync 1 DAGs
[2024-09-26T13:25:58.563+0000] {logging_mixin.py:190} INFO - [2024-09-26T13:25:58.562+0000] {dag.py:4180} INFO - Setting next_dagrun for example_params_trigger_ui to None, run_after=None
[2024-09-26T13:25:58.596+0000] {processor.py:208} INFO - Processing /home/airflow/.local/lib/python3.12/site-packages/airflow/example_dags/example_params_trigger_ui.py took 0.112 seconds
[2024-09-26T13:26:29.354+0000] {processor.py:186} INFO - Started process (PID=17079) to work on /home/airflow/.local/lib/python3.12/site-packages/airflow/example_dags/example_params_trigger_ui.py
[2024-09-26T13:26:29.355+0000] {processor.py:914} INFO - Processing file /home/airflow/.local/lib/python3.12/site-packages/airflow/example_dags/example_params_trigger_ui.py for tasks to queue
[2024-09-26T13:26:29.357+0000] {logging_mixin.py:190} INFO - [2024-09-26T13:26:29.357+0000] {dagbag.py:588} INFO - Filling up the DagBag from /home/airflow/.local/lib/python3.12/site-packages/airflow/example_dags/example_params_trigger_ui.py
[2024-09-26T13:26:29.365+0000] {processor.py:925} INFO - DAG(s) 'example_params_trigger_ui' retrieved from /home/airflow/.local/lib/python3.12/site-packages/airflow/example_dags/example_params_trigger_ui.py
[2024-09-26T13:26:29.402+0000] {logging_mixin.py:190} INFO - [2024-09-26T13:26:29.402+0000] {dag.py:3239} INFO - Sync 1 DAGs
[2024-09-26T13:26:29.414+0000] {logging_mixin.py:190} INFO - [2024-09-26T13:26:29.414+0000] {dag.py:4180} INFO - Setting next_dagrun for example_params_trigger_ui to None, run_after=None
[2024-09-26T13:26:29.430+0000] {processor.py:208} INFO - Processing /home/airflow/.local/lib/python3.12/site-packages/airflow/example_dags/example_params_trigger_ui.py took 0.081 seconds
[2024-09-26T13:26:59.879+0000] {processor.py:186} INFO - Started process (PID=17365) to work on /home/airflow/.local/lib/python3.12/site-packages/airflow/example_dags/example_params_trigger_ui.py
[2024-09-26T13:26:59.879+0000] {processor.py:914} INFO - Processing file /home/airflow/.local/lib/python3.12/site-packages/airflow/example_dags/example_params_trigger_ui.py for tasks to queue
[2024-09-26T13:26:59.881+0000] {logging_mixin.py:190} INFO - [2024-09-26T13:26:59.881+0000] {dagbag.py:588} INFO - Filling up the DagBag from /home/airflow/.local/lib/python3.12/site-packages/airflow/example_dags/example_params_trigger_ui.py
[2024-09-26T13:26:59.890+0000] {processor.py:925} INFO - DAG(s) 'example_params_trigger_ui' retrieved from /home/airflow/.local/lib/python3.12/site-packages/airflow/example_dags/example_params_trigger_ui.py
[2024-09-26T13:26:59.926+0000] {logging_mixin.py:190} INFO - [2024-09-26T13:26:59.926+0000] {dag.py:3239} INFO - Sync 1 DAGs
[2024-09-26T13:26:59.938+0000] {logging_mixin.py:190} INFO - [2024-09-26T13:26:59.938+0000] {dag.py:4180} INFO - Setting next_dagrun for example_params_trigger_ui to None, run_after=None
[2024-09-26T13:26:59.953+0000] {processor.py:208} INFO - Processing /home/airflow/.local/lib/python3.12/site-packages/airflow/example_dags/example_params_trigger_ui.py took 0.078 seconds
[2024-09-26T13:27:30.064+0000] {processor.py:186} INFO - Started process (PID=17651) to work on /home/airflow/.local/lib/python3.12/site-packages/airflow/example_dags/example_params_trigger_ui.py
[2024-09-26T13:27:30.064+0000] {processor.py:914} INFO - Processing file /home/airflow/.local/lib/python3.12/site-packages/airflow/example_dags/example_params_trigger_ui.py for tasks to queue
[2024-09-26T13:27:30.066+0000] {logging_mixin.py:190} INFO - [2024-09-26T13:27:30.066+0000] {dagbag.py:588} INFO - Filling up the DagBag from /home/airflow/.local/lib/python3.12/site-packages/airflow/example_dags/example_params_trigger_ui.py
[2024-09-26T13:27:30.077+0000] {processor.py:925} INFO - DAG(s) 'example_params_trigger_ui' retrieved from /home/airflow/.local/lib/python3.12/site-packages/airflow/example_dags/example_params_trigger_ui.py
[2024-09-26T13:27:30.245+0000] {logging_mixin.py:190} INFO - [2024-09-26T13:27:30.244+0000] {dag.py:3239} INFO - Sync 1 DAGs
[2024-09-26T13:27:30.261+0000] {logging_mixin.py:190} INFO - [2024-09-26T13:27:30.261+0000] {dag.py:4180} INFO - Setting next_dagrun for example_params_trigger_ui to None, run_after=None
[2024-09-26T13:27:30.276+0000] {processor.py:208} INFO - Processing /home/airflow/.local/lib/python3.12/site-packages/airflow/example_dags/example_params_trigger_ui.py took 0.217 seconds
[2024-09-26T13:28:01.263+0000] {processor.py:186} INFO - Started process (PID=17937) to work on /home/airflow/.local/lib/python3.12/site-packages/airflow/example_dags/example_params_trigger_ui.py
[2024-09-26T13:28:01.264+0000] {processor.py:914} INFO - Processing file /home/airflow/.local/lib/python3.12/site-packages/airflow/example_dags/example_params_trigger_ui.py for tasks to queue
[2024-09-26T13:28:01.266+0000] {logging_mixin.py:190} INFO - [2024-09-26T13:28:01.265+0000] {dagbag.py:588} INFO - Filling up the DagBag from /home/airflow/.local/lib/python3.12/site-packages/airflow/example_dags/example_params_trigger_ui.py
[2024-09-26T13:28:01.274+0000] {processor.py:925} INFO - DAG(s) 'example_params_trigger_ui' retrieved from /home/airflow/.local/lib/python3.12/site-packages/airflow/example_dags/example_params_trigger_ui.py
[2024-09-26T13:28:01.320+0000] {logging_mixin.py:190} INFO - [2024-09-26T13:28:01.320+0000] {dag.py:3239} INFO - Sync 1 DAGs
[2024-09-26T13:28:01.490+0000] {logging_mixin.py:190} INFO - [2024-09-26T13:28:01.490+0000] {dag.py:4180} INFO - Setting next_dagrun for example_params_trigger_ui to None, run_after=None
[2024-09-26T13:28:01.504+0000] {processor.py:208} INFO - Processing /home/airflow/.local/lib/python3.12/site-packages/airflow/example_dags/example_params_trigger_ui.py took 0.246 seconds
[2024-09-26T13:28:32.185+0000] {processor.py:186} INFO - Started process (PID=18223) to work on /home/airflow/.local/lib/python3.12/site-packages/airflow/example_dags/example_params_trigger_ui.py
[2024-09-26T13:28:32.186+0000] {processor.py:914} INFO - Processing file /home/airflow/.local/lib/python3.12/site-packages/airflow/example_dags/example_params_trigger_ui.py for tasks to queue
[2024-09-26T13:28:32.188+0000] {logging_mixin.py:190} INFO - [2024-09-26T13:28:32.187+0000] {dagbag.py:588} INFO - Filling up the DagBag from /home/airflow/.local/lib/python3.12/site-packages/airflow/example_dags/example_params_trigger_ui.py
[2024-09-26T13:28:32.196+0000] {processor.py:925} INFO - DAG(s) 'example_params_trigger_ui' retrieved from /home/airflow/.local/lib/python3.12/site-packages/airflow/example_dags/example_params_trigger_ui.py
[2024-09-26T13:28:32.233+0000] {logging_mixin.py:190} INFO - [2024-09-26T13:28:32.233+0000] {dag.py:3239} INFO - Sync 1 DAGs
[2024-09-26T13:28:32.245+0000] {logging_mixin.py:190} INFO - [2024-09-26T13:28:32.245+0000] {dag.py:4180} INFO - Setting next_dagrun for example_params_trigger_ui to None, run_after=None
[2024-09-26T13:28:32.260+0000] {processor.py:208} INFO - Processing /home/airflow/.local/lib/python3.12/site-packages/airflow/example_dags/example_params_trigger_ui.py took 0.079 seconds
[2024-09-26T13:29:02.435+0000] {processor.py:186} INFO - Started process (PID=18509) to work on /home/airflow/.local/lib/python3.12/site-packages/airflow/example_dags/example_params_trigger_ui.py
[2024-09-26T13:29:02.436+0000] {processor.py:914} INFO - Processing file /home/airflow/.local/lib/python3.12/site-packages/airflow/example_dags/example_params_trigger_ui.py for tasks to queue
[2024-09-26T13:29:02.438+0000] {logging_mixin.py:190} INFO - [2024-09-26T13:29:02.437+0000] {dagbag.py:588} INFO - Filling up the DagBag from /home/airflow/.local/lib/python3.12/site-packages/airflow/example_dags/example_params_trigger_ui.py
[2024-09-26T13:29:02.447+0000] {processor.py:925} INFO - DAG(s) 'example_params_trigger_ui' retrieved from /home/airflow/.local/lib/python3.12/site-packages/airflow/example_dags/example_params_trigger_ui.py
[2024-09-26T13:29:02.485+0000] {logging_mixin.py:190} INFO - [2024-09-26T13:29:02.485+0000] {dag.py:3239} INFO - Sync 1 DAGs
[2024-09-26T13:29:02.498+0000] {logging_mixin.py:190} INFO - [2024-09-26T13:29:02.497+0000] {dag.py:4180} INFO - Setting next_dagrun for example_params_trigger_ui to None, run_after=None
[2024-09-26T13:29:02.514+0000] {processor.py:208} INFO - Processing /home/airflow/.local/lib/python3.12/site-packages/airflow/example_dags/example_params_trigger_ui.py took 0.084 seconds
[2024-09-26T13:29:33.499+0000] {processor.py:186} INFO - Started process (PID=18795) to work on /home/airflow/.local/lib/python3.12/site-packages/airflow/example_dags/example_params_trigger_ui.py
[2024-09-26T13:29:33.500+0000] {processor.py:914} INFO - Processing file /home/airflow/.local/lib/python3.12/site-packages/airflow/example_dags/example_params_trigger_ui.py for tasks to queue
[2024-09-26T13:29:33.502+0000] {logging_mixin.py:190} INFO - [2024-09-26T13:29:33.502+0000] {dagbag.py:588} INFO - Filling up the DagBag from /home/airflow/.local/lib/python3.12/site-packages/airflow/example_dags/example_params_trigger_ui.py
[2024-09-26T13:29:33.511+0000] {processor.py:925} INFO - DAG(s) 'example_params_trigger_ui' retrieved from /home/airflow/.local/lib/python3.12/site-packages/airflow/example_dags/example_params_trigger_ui.py
[2024-09-26T13:29:33.548+0000] {logging_mixin.py:190} INFO - [2024-09-26T13:29:33.548+0000] {dag.py:3239} INFO - Sync 1 DAGs
[2024-09-26T13:29:33.560+0000] {logging_mixin.py:190} INFO - [2024-09-26T13:29:33.560+0000] {dag.py:4180} INFO - Setting next_dagrun for example_params_trigger_ui to None, run_after=None
[2024-09-26T13:29:33.576+0000] {processor.py:208} INFO - Processing /home/airflow/.local/lib/python3.12/site-packages/airflow/example_dags/example_params_trigger_ui.py took 0.081 seconds
[2024-09-26T13:30:03.743+0000] {processor.py:186} INFO - Started process (PID=19081) to work on /home/airflow/.local/lib/python3.12/site-packages/airflow/example_dags/example_params_trigger_ui.py
[2024-09-26T13:30:03.743+0000] {processor.py:914} INFO - Processing file /home/airflow/.local/lib/python3.12/site-packages/airflow/example_dags/example_params_trigger_ui.py for tasks to queue
[2024-09-26T13:30:03.745+0000] {logging_mixin.py:190} INFO - [2024-09-26T13:30:03.745+0000] {dagbag.py:588} INFO - Filling up the DagBag from /home/airflow/.local/lib/python3.12/site-packages/airflow/example_dags/example_params_trigger_ui.py
[2024-09-26T13:30:03.753+0000] {processor.py:925} INFO - DAG(s) 'example_params_trigger_ui' retrieved from /home/airflow/.local/lib/python3.12/site-packages/airflow/example_dags/example_params_trigger_ui.py
[2024-09-26T13:30:03.789+0000] {logging_mixin.py:190} INFO - [2024-09-26T13:30:03.789+0000] {dag.py:3239} INFO - Sync 1 DAGs
[2024-09-26T13:30:03.801+0000] {logging_mixin.py:190} INFO - [2024-09-26T13:30:03.801+0000] {dag.py:4180} INFO - Setting next_dagrun for example_params_trigger_ui to None, run_after=None
[2024-09-26T13:30:03.816+0000] {processor.py:208} INFO - Processing /home/airflow/.local/lib/python3.12/site-packages/airflow/example_dags/example_params_trigger_ui.py took 0.078 seconds
[2024-09-26T13:30:33.905+0000] {processor.py:186} INFO - Started process (PID=19367) to work on /home/airflow/.local/lib/python3.12/site-packages/airflow/example_dags/example_params_trigger_ui.py
[2024-09-26T13:30:33.906+0000] {processor.py:914} INFO - Processing file /home/airflow/.local/lib/python3.12/site-packages/airflow/example_dags/example_params_trigger_ui.py for tasks to queue
[2024-09-26T13:30:33.908+0000] {logging_mixin.py:190} INFO - [2024-09-26T13:30:33.907+0000] {dagbag.py:588} INFO - Filling up the DagBag from /home/airflow/.local/lib/python3.12/site-packages/airflow/example_dags/example_params_trigger_ui.py
[2024-09-26T13:30:33.916+0000] {processor.py:925} INFO - DAG(s) 'example_params_trigger_ui' retrieved from /home/airflow/.local/lib/python3.12/site-packages/airflow/example_dags/example_params_trigger_ui.py
[2024-09-26T13:30:33.955+0000] {logging_mixin.py:190} INFO - [2024-09-26T13:30:33.955+0000] {dag.py:3239} INFO - Sync 1 DAGs
[2024-09-26T13:30:33.979+0000] {logging_mixin.py:190} INFO - [2024-09-26T13:30:33.978+0000] {dag.py:4180} INFO - Setting next_dagrun for example_params_trigger_ui to None, run_after=None
[2024-09-26T13:30:34.004+0000] {processor.py:208} INFO - Processing /home/airflow/.local/lib/python3.12/site-packages/airflow/example_dags/example_params_trigger_ui.py took 0.103 seconds
[2024-09-26T13:31:04.844+0000] {processor.py:186} INFO - Started process (PID=19653) to work on /home/airflow/.local/lib/python3.12/site-packages/airflow/example_dags/example_params_trigger_ui.py
[2024-09-26T13:31:04.845+0000] {processor.py:914} INFO - Processing file /home/airflow/.local/lib/python3.12/site-packages/airflow/example_dags/example_params_trigger_ui.py for tasks to queue
[2024-09-26T13:31:04.847+0000] {logging_mixin.py:190} INFO - [2024-09-26T13:31:04.847+0000] {dagbag.py:588} INFO - Filling up the DagBag from /home/airflow/.local/lib/python3.12/site-packages/airflow/example_dags/example_params_trigger_ui.py
[2024-09-26T13:31:04.855+0000] {processor.py:925} INFO - DAG(s) 'example_params_trigger_ui' retrieved from /home/airflow/.local/lib/python3.12/site-packages/airflow/example_dags/example_params_trigger_ui.py
[2024-09-26T13:31:04.892+0000] {logging_mixin.py:190} INFO - [2024-09-26T13:31:04.892+0000] {dag.py:3239} INFO - Sync 1 DAGs
[2024-09-26T13:31:04.904+0000] {logging_mixin.py:190} INFO - [2024-09-26T13:31:04.904+0000] {dag.py:4180} INFO - Setting next_dagrun for example_params_trigger_ui to None, run_after=None
[2024-09-26T13:31:04.920+0000] {processor.py:208} INFO - Processing /home/airflow/.local/lib/python3.12/site-packages/airflow/example_dags/example_params_trigger_ui.py took 0.081 seconds
[2024-09-26T13:31:35.733+0000] {processor.py:186} INFO - Started process (PID=19940) to work on /home/airflow/.local/lib/python3.12/site-packages/airflow/example_dags/example_params_trigger_ui.py
[2024-09-26T13:31:35.734+0000] {processor.py:914} INFO - Processing file /home/airflow/.local/lib/python3.12/site-packages/airflow/example_dags/example_params_trigger_ui.py for tasks to queue
[2024-09-26T13:31:35.736+0000] {logging_mixin.py:190} INFO - [2024-09-26T13:31:35.735+0000] {dagbag.py:588} INFO - Filling up the DagBag from /home/airflow/.local/lib/python3.12/site-packages/airflow/example_dags/example_params_trigger_ui.py
[2024-09-26T13:31:35.745+0000] {processor.py:925} INFO - DAG(s) 'example_params_trigger_ui' retrieved from /home/airflow/.local/lib/python3.12/site-packages/airflow/example_dags/example_params_trigger_ui.py
[2024-09-26T13:31:35.786+0000] {logging_mixin.py:190} INFO - [2024-09-26T13:31:35.786+0000] {dag.py:3239} INFO - Sync 1 DAGs
[2024-09-26T13:31:35.798+0000] {logging_mixin.py:190} INFO - [2024-09-26T13:31:35.798+0000] {dag.py:4180} INFO - Setting next_dagrun for example_params_trigger_ui to None, run_after=None
[2024-09-26T13:31:35.821+0000] {processor.py:208} INFO - Processing /home/airflow/.local/lib/python3.12/site-packages/airflow/example_dags/example_params_trigger_ui.py took 0.092 seconds
[2024-09-26T13:32:06.576+0000] {processor.py:186} INFO - Started process (PID=20226) to work on /home/airflow/.local/lib/python3.12/site-packages/airflow/example_dags/example_params_trigger_ui.py
[2024-09-26T13:32:06.576+0000] {processor.py:914} INFO - Processing file /home/airflow/.local/lib/python3.12/site-packages/airflow/example_dags/example_params_trigger_ui.py for tasks to queue
[2024-09-26T13:32:06.578+0000] {logging_mixin.py:190} INFO - [2024-09-26T13:32:06.578+0000] {dagbag.py:588} INFO - Filling up the DagBag from /home/airflow/.local/lib/python3.12/site-packages/airflow/example_dags/example_params_trigger_ui.py
[2024-09-26T13:32:06.587+0000] {processor.py:925} INFO - DAG(s) 'example_params_trigger_ui' retrieved from /home/airflow/.local/lib/python3.12/site-packages/airflow/example_dags/example_params_trigger_ui.py
[2024-09-26T13:32:06.624+0000] {logging_mixin.py:190} INFO - [2024-09-26T13:32:06.623+0000] {dag.py:3239} INFO - Sync 1 DAGs
[2024-09-26T13:32:06.636+0000] {logging_mixin.py:190} INFO - [2024-09-26T13:32:06.635+0000] {dag.py:4180} INFO - Setting next_dagrun for example_params_trigger_ui to None, run_after=None
[2024-09-26T13:32:06.650+0000] {processor.py:208} INFO - Processing /home/airflow/.local/lib/python3.12/site-packages/airflow/example_dags/example_params_trigger_ui.py took 0.079 seconds
[2024-09-26T13:32:37.315+0000] {processor.py:186} INFO - Started process (PID=20512) to work on /home/airflow/.local/lib/python3.12/site-packages/airflow/example_dags/example_params_trigger_ui.py
[2024-09-26T13:32:37.316+0000] {processor.py:914} INFO - Processing file /home/airflow/.local/lib/python3.12/site-packages/airflow/example_dags/example_params_trigger_ui.py for tasks to queue
[2024-09-26T13:32:37.318+0000] {logging_mixin.py:190} INFO - [2024-09-26T13:32:37.317+0000] {dagbag.py:588} INFO - Filling up the DagBag from /home/airflow/.local/lib/python3.12/site-packages/airflow/example_dags/example_params_trigger_ui.py
[2024-09-26T13:32:37.327+0000] {processor.py:925} INFO - DAG(s) 'example_params_trigger_ui' retrieved from /home/airflow/.local/lib/python3.12/site-packages/airflow/example_dags/example_params_trigger_ui.py
[2024-09-26T13:32:37.366+0000] {logging_mixin.py:190} INFO - [2024-09-26T13:32:37.366+0000] {dag.py:3239} INFO - Sync 1 DAGs
[2024-09-26T13:32:37.378+0000] {logging_mixin.py:190} INFO - [2024-09-26T13:32:37.378+0000] {dag.py:4180} INFO - Setting next_dagrun for example_params_trigger_ui to None, run_after=None
[2024-09-26T13:32:37.393+0000] {processor.py:208} INFO - Processing /home/airflow/.local/lib/python3.12/site-packages/airflow/example_dags/example_params_trigger_ui.py took 0.082 seconds
[2024-09-26T13:33:08.130+0000] {processor.py:186} INFO - Started process (PID=20798) to work on /home/airflow/.local/lib/python3.12/site-packages/airflow/example_dags/example_params_trigger_ui.py
[2024-09-26T13:33:08.131+0000] {processor.py:914} INFO - Processing file /home/airflow/.local/lib/python3.12/site-packages/airflow/example_dags/example_params_trigger_ui.py for tasks to queue
[2024-09-26T13:33:08.133+0000] {logging_mixin.py:190} INFO - [2024-09-26T13:33:08.133+0000] {dagbag.py:588} INFO - Filling up the DagBag from /home/airflow/.local/lib/python3.12/site-packages/airflow/example_dags/example_params_trigger_ui.py
[2024-09-26T13:33:08.142+0000] {processor.py:925} INFO - DAG(s) 'example_params_trigger_ui' retrieved from /home/airflow/.local/lib/python3.12/site-packages/airflow/example_dags/example_params_trigger_ui.py
[2024-09-26T13:33:08.184+0000] {logging_mixin.py:190} INFO - [2024-09-26T13:33:08.183+0000] {dag.py:3239} INFO - Sync 1 DAGs
[2024-09-26T13:33:08.196+0000] {logging_mixin.py:190} INFO - [2024-09-26T13:33:08.196+0000] {dag.py:4180} INFO - Setting next_dagrun for example_params_trigger_ui to None, run_after=None
[2024-09-26T13:33:08.211+0000] {processor.py:208} INFO - Processing /home/airflow/.local/lib/python3.12/site-packages/airflow/example_dags/example_params_trigger_ui.py took 0.085 seconds
[2024-09-26T13:33:39.024+0000] {processor.py:186} INFO - Started process (PID=21084) to work on /home/airflow/.local/lib/python3.12/site-packages/airflow/example_dags/example_params_trigger_ui.py
[2024-09-26T13:33:39.025+0000] {processor.py:914} INFO - Processing file /home/airflow/.local/lib/python3.12/site-packages/airflow/example_dags/example_params_trigger_ui.py for tasks to queue
[2024-09-26T13:33:39.026+0000] {logging_mixin.py:190} INFO - [2024-09-26T13:33:39.026+0000] {dagbag.py:588} INFO - Filling up the DagBag from /home/airflow/.local/lib/python3.12/site-packages/airflow/example_dags/example_params_trigger_ui.py
[2024-09-26T13:33:39.035+0000] {processor.py:925} INFO - DAG(s) 'example_params_trigger_ui' retrieved from /home/airflow/.local/lib/python3.12/site-packages/airflow/example_dags/example_params_trigger_ui.py
[2024-09-26T13:33:39.072+0000] {logging_mixin.py:190} INFO - [2024-09-26T13:33:39.072+0000] {dag.py:3239} INFO - Sync 1 DAGs
[2024-09-26T13:33:39.084+0000] {logging_mixin.py:190} INFO - [2024-09-26T13:33:39.083+0000] {dag.py:4180} INFO - Setting next_dagrun for example_params_trigger_ui to None, run_after=None
[2024-09-26T13:33:39.098+0000] {processor.py:208} INFO - Processing /home/airflow/.local/lib/python3.12/site-packages/airflow/example_dags/example_params_trigger_ui.py took 0.079 seconds
[2024-09-26T13:34:09.946+0000] {processor.py:186} INFO - Started process (PID=21370) to work on /home/airflow/.local/lib/python3.12/site-packages/airflow/example_dags/example_params_trigger_ui.py
[2024-09-26T13:34:09.946+0000] {processor.py:914} INFO - Processing file /home/airflow/.local/lib/python3.12/site-packages/airflow/example_dags/example_params_trigger_ui.py for tasks to queue
[2024-09-26T13:34:09.948+0000] {logging_mixin.py:190} INFO - [2024-09-26T13:34:09.948+0000] {dagbag.py:588} INFO - Filling up the DagBag from /home/airflow/.local/lib/python3.12/site-packages/airflow/example_dags/example_params_trigger_ui.py
[2024-09-26T13:34:09.957+0000] {processor.py:925} INFO - DAG(s) 'example_params_trigger_ui' retrieved from /home/airflow/.local/lib/python3.12/site-packages/airflow/example_dags/example_params_trigger_ui.py
[2024-09-26T13:34:09.994+0000] {logging_mixin.py:190} INFO - [2024-09-26T13:34:09.994+0000] {dag.py:3239} INFO - Sync 1 DAGs
[2024-09-26T13:34:10.007+0000] {logging_mixin.py:190} INFO - [2024-09-26T13:34:10.007+0000] {dag.py:4180} INFO - Setting next_dagrun for example_params_trigger_ui to None, run_after=None
[2024-09-26T13:34:10.023+0000] {processor.py:208} INFO - Processing /home/airflow/.local/lib/python3.12/site-packages/airflow/example_dags/example_params_trigger_ui.py took 0.082 seconds
[2024-09-26T13:34:40.676+0000] {processor.py:186} INFO - Started process (PID=21656) to work on /home/airflow/.local/lib/python3.12/site-packages/airflow/example_dags/example_params_trigger_ui.py
[2024-09-26T13:34:40.676+0000] {processor.py:914} INFO - Processing file /home/airflow/.local/lib/python3.12/site-packages/airflow/example_dags/example_params_trigger_ui.py for tasks to queue
[2024-09-26T13:34:40.678+0000] {logging_mixin.py:190} INFO - [2024-09-26T13:34:40.678+0000] {dagbag.py:588} INFO - Filling up the DagBag from /home/airflow/.local/lib/python3.12/site-packages/airflow/example_dags/example_params_trigger_ui.py
[2024-09-26T13:34:40.687+0000] {processor.py:925} INFO - DAG(s) 'example_params_trigger_ui' retrieved from /home/airflow/.local/lib/python3.12/site-packages/airflow/example_dags/example_params_trigger_ui.py
[2024-09-26T13:34:40.721+0000] {logging_mixin.py:190} INFO - [2024-09-26T13:34:40.721+0000] {dag.py:3239} INFO - Sync 1 DAGs
[2024-09-26T13:34:40.734+0000] {logging_mixin.py:190} INFO - [2024-09-26T13:34:40.734+0000] {dag.py:4180} INFO - Setting next_dagrun for example_params_trigger_ui to None, run_after=None
[2024-09-26T13:34:40.751+0000] {processor.py:208} INFO - Processing /home/airflow/.local/lib/python3.12/site-packages/airflow/example_dags/example_params_trigger_ui.py took 0.081 seconds
[2024-09-26T13:35:11.661+0000] {processor.py:186} INFO - Started process (PID=21942) to work on /home/airflow/.local/lib/python3.12/site-packages/airflow/example_dags/example_params_trigger_ui.py
[2024-09-26T13:35:11.662+0000] {processor.py:914} INFO - Processing file /home/airflow/.local/lib/python3.12/site-packages/airflow/example_dags/example_params_trigger_ui.py for tasks to queue
[2024-09-26T13:35:11.664+0000] {logging_mixin.py:190} INFO - [2024-09-26T13:35:11.664+0000] {dagbag.py:588} INFO - Filling up the DagBag from /home/airflow/.local/lib/python3.12/site-packages/airflow/example_dags/example_params_trigger_ui.py
[2024-09-26T13:35:11.673+0000] {processor.py:925} INFO - DAG(s) 'example_params_trigger_ui' retrieved from /home/airflow/.local/lib/python3.12/site-packages/airflow/example_dags/example_params_trigger_ui.py
[2024-09-26T13:35:11.711+0000] {logging_mixin.py:190} INFO - [2024-09-26T13:35:11.711+0000] {dag.py:3239} INFO - Sync 1 DAGs
[2024-09-26T13:35:11.724+0000] {logging_mixin.py:190} INFO - [2024-09-26T13:35:11.724+0000] {dag.py:4180} INFO - Setting next_dagrun for example_params_trigger_ui to None, run_after=None
[2024-09-26T13:35:11.740+0000] {processor.py:208} INFO - Processing /home/airflow/.local/lib/python3.12/site-packages/airflow/example_dags/example_params_trigger_ui.py took 0.083 seconds
[2024-09-26T13:35:41.998+0000] {processor.py:186} INFO - Started process (PID=22228) to work on /home/airflow/.local/lib/python3.12/site-packages/airflow/example_dags/example_params_trigger_ui.py
[2024-09-26T13:35:42.000+0000] {processor.py:914} INFO - Processing file /home/airflow/.local/lib/python3.12/site-packages/airflow/example_dags/example_params_trigger_ui.py for tasks to queue
[2024-09-26T13:35:42.002+0000] {logging_mixin.py:190} INFO - [2024-09-26T13:35:42.002+0000] {dagbag.py:588} INFO - Filling up the DagBag from /home/airflow/.local/lib/python3.12/site-packages/airflow/example_dags/example_params_trigger_ui.py
[2024-09-26T13:35:42.017+0000] {processor.py:925} INFO - DAG(s) 'example_params_trigger_ui' retrieved from /home/airflow/.local/lib/python3.12/site-packages/airflow/example_dags/example_params_trigger_ui.py
[2024-09-26T13:35:42.069+0000] {logging_mixin.py:190} INFO - [2024-09-26T13:35:42.069+0000] {dag.py:3239} INFO - Sync 1 DAGs
[2024-09-26T13:35:42.085+0000] {logging_mixin.py:190} INFO - [2024-09-26T13:35:42.084+0000] {dag.py:4180} INFO - Setting next_dagrun for example_params_trigger_ui to None, run_after=None
[2024-09-26T13:35:42.103+0000] {processor.py:208} INFO - Processing /home/airflow/.local/lib/python3.12/site-packages/airflow/example_dags/example_params_trigger_ui.py took 0.112 seconds
[2024-09-26T13:36:12.197+0000] {processor.py:186} INFO - Started process (PID=22514) to work on /home/airflow/.local/lib/python3.12/site-packages/airflow/example_dags/example_params_trigger_ui.py
[2024-09-26T13:36:12.198+0000] {processor.py:914} INFO - Processing file /home/airflow/.local/lib/python3.12/site-packages/airflow/example_dags/example_params_trigger_ui.py for tasks to queue
[2024-09-26T13:36:12.199+0000] {logging_mixin.py:190} INFO - [2024-09-26T13:36:12.199+0000] {dagbag.py:588} INFO - Filling up the DagBag from /home/airflow/.local/lib/python3.12/site-packages/airflow/example_dags/example_params_trigger_ui.py
[2024-09-26T13:36:12.208+0000] {processor.py:925} INFO - DAG(s) 'example_params_trigger_ui' retrieved from /home/airflow/.local/lib/python3.12/site-packages/airflow/example_dags/example_params_trigger_ui.py
[2024-09-26T13:36:12.246+0000] {logging_mixin.py:190} INFO - [2024-09-26T13:36:12.246+0000] {dag.py:3239} INFO - Sync 1 DAGs
[2024-09-26T13:36:12.259+0000] {logging_mixin.py:190} INFO - [2024-09-26T13:36:12.258+0000] {dag.py:4180} INFO - Setting next_dagrun for example_params_trigger_ui to None, run_after=None
[2024-09-26T13:36:12.275+0000] {processor.py:208} INFO - Processing /home/airflow/.local/lib/python3.12/site-packages/airflow/example_dags/example_params_trigger_ui.py took 0.083 seconds
[2024-09-26T13:36:42.422+0000] {processor.py:186} INFO - Started process (PID=22805) to work on /home/airflow/.local/lib/python3.12/site-packages/airflow/example_dags/example_params_trigger_ui.py
[2024-09-26T13:36:42.423+0000] {processor.py:914} INFO - Processing file /home/airflow/.local/lib/python3.12/site-packages/airflow/example_dags/example_params_trigger_ui.py for tasks to queue
[2024-09-26T13:36:42.425+0000] {logging_mixin.py:190} INFO - [2024-09-26T13:36:42.424+0000] {dagbag.py:588} INFO - Filling up the DagBag from /home/airflow/.local/lib/python3.12/site-packages/airflow/example_dags/example_params_trigger_ui.py
[2024-09-26T13:36:42.433+0000] {processor.py:925} INFO - DAG(s) 'example_params_trigger_ui' retrieved from /home/airflow/.local/lib/python3.12/site-packages/airflow/example_dags/example_params_trigger_ui.py
[2024-09-26T13:36:42.471+0000] {logging_mixin.py:190} INFO - [2024-09-26T13:36:42.470+0000] {dag.py:3239} INFO - Sync 1 DAGs
[2024-09-26T13:36:42.482+0000] {logging_mixin.py:190} INFO - [2024-09-26T13:36:42.482+0000] {dag.py:4180} INFO - Setting next_dagrun for example_params_trigger_ui to None, run_after=None
[2024-09-26T13:36:42.497+0000] {processor.py:208} INFO - Processing /home/airflow/.local/lib/python3.12/site-packages/airflow/example_dags/example_params_trigger_ui.py took 0.079 seconds
[2024-09-26T13:37:12.712+0000] {processor.py:186} INFO - Started process (PID=23096) to work on /home/airflow/.local/lib/python3.12/site-packages/airflow/example_dags/example_params_trigger_ui.py
[2024-09-26T13:37:12.713+0000] {processor.py:914} INFO - Processing file /home/airflow/.local/lib/python3.12/site-packages/airflow/example_dags/example_params_trigger_ui.py for tasks to queue
[2024-09-26T13:37:12.716+0000] {logging_mixin.py:190} INFO - [2024-09-26T13:37:12.715+0000] {dagbag.py:588} INFO - Filling up the DagBag from /home/airflow/.local/lib/python3.12/site-packages/airflow/example_dags/example_params_trigger_ui.py
[2024-09-26T13:37:12.726+0000] {processor.py:925} INFO - DAG(s) 'example_params_trigger_ui' retrieved from /home/airflow/.local/lib/python3.12/site-packages/airflow/example_dags/example_params_trigger_ui.py
[2024-09-26T13:37:12.764+0000] {logging_mixin.py:190} INFO - [2024-09-26T13:37:12.764+0000] {dag.py:3239} INFO - Sync 1 DAGs
[2024-09-26T13:37:12.777+0000] {logging_mixin.py:190} INFO - [2024-09-26T13:37:12.777+0000] {dag.py:4180} INFO - Setting next_dagrun for example_params_trigger_ui to None, run_after=None
[2024-09-26T13:37:12.793+0000] {processor.py:208} INFO - Processing /home/airflow/.local/lib/python3.12/site-packages/airflow/example_dags/example_params_trigger_ui.py took 0.087 seconds
[2024-09-26T13:37:43.089+0000] {processor.py:186} INFO - Started process (PID=23387) to work on /home/airflow/.local/lib/python3.12/site-packages/airflow/example_dags/example_params_trigger_ui.py
[2024-09-26T13:37:43.089+0000] {processor.py:914} INFO - Processing file /home/airflow/.local/lib/python3.12/site-packages/airflow/example_dags/example_params_trigger_ui.py for tasks to queue
[2024-09-26T13:37:43.091+0000] {logging_mixin.py:190} INFO - [2024-09-26T13:37:43.091+0000] {dagbag.py:588} INFO - Filling up the DagBag from /home/airflow/.local/lib/python3.12/site-packages/airflow/example_dags/example_params_trigger_ui.py
[2024-09-26T13:37:43.100+0000] {processor.py:925} INFO - DAG(s) 'example_params_trigger_ui' retrieved from /home/airflow/.local/lib/python3.12/site-packages/airflow/example_dags/example_params_trigger_ui.py
[2024-09-26T13:37:43.139+0000] {logging_mixin.py:190} INFO - [2024-09-26T13:37:43.139+0000] {dag.py:3239} INFO - Sync 1 DAGs
[2024-09-26T13:37:43.152+0000] {logging_mixin.py:190} INFO - [2024-09-26T13:37:43.151+0000] {dag.py:4180} INFO - Setting next_dagrun for example_params_trigger_ui to None, run_after=None
[2024-09-26T13:37:43.167+0000] {processor.py:208} INFO - Processing /home/airflow/.local/lib/python3.12/site-packages/airflow/example_dags/example_params_trigger_ui.py took 0.082 seconds
[2024-09-26T13:38:14.117+0000] {processor.py:186} INFO - Started process (PID=23678) to work on /home/airflow/.local/lib/python3.12/site-packages/airflow/example_dags/example_params_trigger_ui.py
[2024-09-26T13:38:14.118+0000] {processor.py:914} INFO - Processing file /home/airflow/.local/lib/python3.12/site-packages/airflow/example_dags/example_params_trigger_ui.py for tasks to queue
[2024-09-26T13:38:14.120+0000] {logging_mixin.py:190} INFO - [2024-09-26T13:38:14.120+0000] {dagbag.py:588} INFO - Filling up the DagBag from /home/airflow/.local/lib/python3.12/site-packages/airflow/example_dags/example_params_trigger_ui.py
[2024-09-26T13:38:14.128+0000] {processor.py:925} INFO - DAG(s) 'example_params_trigger_ui' retrieved from /home/airflow/.local/lib/python3.12/site-packages/airflow/example_dags/example_params_trigger_ui.py
[2024-09-26T13:38:14.167+0000] {logging_mixin.py:190} INFO - [2024-09-26T13:38:14.167+0000] {dag.py:3239} INFO - Sync 1 DAGs
[2024-09-26T13:38:14.179+0000] {logging_mixin.py:190} INFO - [2024-09-26T13:38:14.179+0000] {dag.py:4180} INFO - Setting next_dagrun for example_params_trigger_ui to None, run_after=None
[2024-09-26T13:38:14.194+0000] {processor.py:208} INFO - Processing /home/airflow/.local/lib/python3.12/site-packages/airflow/example_dags/example_params_trigger_ui.py took 0.082 seconds
[2024-09-26T13:38:44.387+0000] {processor.py:186} INFO - Started process (PID=23969) to work on /home/airflow/.local/lib/python3.12/site-packages/airflow/example_dags/example_params_trigger_ui.py
[2024-09-26T13:38:44.388+0000] {processor.py:914} INFO - Processing file /home/airflow/.local/lib/python3.12/site-packages/airflow/example_dags/example_params_trigger_ui.py for tasks to queue
[2024-09-26T13:38:44.390+0000] {logging_mixin.py:190} INFO - [2024-09-26T13:38:44.390+0000] {dagbag.py:588} INFO - Filling up the DagBag from /home/airflow/.local/lib/python3.12/site-packages/airflow/example_dags/example_params_trigger_ui.py
[2024-09-26T13:38:44.398+0000] {processor.py:925} INFO - DAG(s) 'example_params_trigger_ui' retrieved from /home/airflow/.local/lib/python3.12/site-packages/airflow/example_dags/example_params_trigger_ui.py
[2024-09-26T13:38:44.437+0000] {logging_mixin.py:190} INFO - [2024-09-26T13:38:44.437+0000] {dag.py:3239} INFO - Sync 1 DAGs
[2024-09-26T13:38:44.449+0000] {logging_mixin.py:190} INFO - [2024-09-26T13:38:44.449+0000] {dag.py:4180} INFO - Setting next_dagrun for example_params_trigger_ui to None, run_after=None
[2024-09-26T13:38:44.464+0000] {processor.py:208} INFO - Processing /home/airflow/.local/lib/python3.12/site-packages/airflow/example_dags/example_params_trigger_ui.py took 0.081 seconds
[2024-09-26T13:39:14.518+0000] {processor.py:186} INFO - Started process (PID=24260) to work on /home/airflow/.local/lib/python3.12/site-packages/airflow/example_dags/example_params_trigger_ui.py
[2024-09-26T13:39:14.518+0000] {processor.py:914} INFO - Processing file /home/airflow/.local/lib/python3.12/site-packages/airflow/example_dags/example_params_trigger_ui.py for tasks to queue
[2024-09-26T13:39:14.520+0000] {logging_mixin.py:190} INFO - [2024-09-26T13:39:14.520+0000] {dagbag.py:588} INFO - Filling up the DagBag from /home/airflow/.local/lib/python3.12/site-packages/airflow/example_dags/example_params_trigger_ui.py
[2024-09-26T13:39:14.529+0000] {processor.py:925} INFO - DAG(s) 'example_params_trigger_ui' retrieved from /home/airflow/.local/lib/python3.12/site-packages/airflow/example_dags/example_params_trigger_ui.py
[2024-09-26T13:39:14.566+0000] {logging_mixin.py:190} INFO - [2024-09-26T13:39:14.566+0000] {dag.py:3239} INFO - Sync 1 DAGs
[2024-09-26T13:39:14.578+0000] {logging_mixin.py:190} INFO - [2024-09-26T13:39:14.578+0000] {dag.py:4180} INFO - Setting next_dagrun for example_params_trigger_ui to None, run_after=None
[2024-09-26T13:39:14.593+0000] {processor.py:208} INFO - Processing /home/airflow/.local/lib/python3.12/site-packages/airflow/example_dags/example_params_trigger_ui.py took 0.080 seconds
[2024-09-26T13:39:44.734+0000] {processor.py:186} INFO - Started process (PID=24551) to work on /home/airflow/.local/lib/python3.12/site-packages/airflow/example_dags/example_params_trigger_ui.py
[2024-09-26T13:39:44.735+0000] {processor.py:914} INFO - Processing file /home/airflow/.local/lib/python3.12/site-packages/airflow/example_dags/example_params_trigger_ui.py for tasks to queue
[2024-09-26T13:39:44.736+0000] {logging_mixin.py:190} INFO - [2024-09-26T13:39:44.736+0000] {dagbag.py:588} INFO - Filling up the DagBag from /home/airflow/.local/lib/python3.12/site-packages/airflow/example_dags/example_params_trigger_ui.py
[2024-09-26T13:39:44.745+0000] {processor.py:925} INFO - DAG(s) 'example_params_trigger_ui' retrieved from /home/airflow/.local/lib/python3.12/site-packages/airflow/example_dags/example_params_trigger_ui.py
[2024-09-26T13:39:44.782+0000] {logging_mixin.py:190} INFO - [2024-09-26T13:39:44.782+0000] {dag.py:3239} INFO - Sync 1 DAGs
[2024-09-26T13:39:44.794+0000] {logging_mixin.py:190} INFO - [2024-09-26T13:39:44.794+0000] {dag.py:4180} INFO - Setting next_dagrun for example_params_trigger_ui to None, run_after=None
[2024-09-26T13:39:44.810+0000] {processor.py:208} INFO - Processing /home/airflow/.local/lib/python3.12/site-packages/airflow/example_dags/example_params_trigger_ui.py took 0.081 seconds
[2024-09-26T13:40:14.914+0000] {processor.py:186} INFO - Started process (PID=24848) to work on /home/airflow/.local/lib/python3.12/site-packages/airflow/example_dags/example_params_trigger_ui.py
[2024-09-26T13:40:14.914+0000] {processor.py:914} INFO - Processing file /home/airflow/.local/lib/python3.12/site-packages/airflow/example_dags/example_params_trigger_ui.py for tasks to queue
[2024-09-26T13:40:14.916+0000] {logging_mixin.py:190} INFO - [2024-09-26T13:40:14.916+0000] {dagbag.py:588} INFO - Filling up the DagBag from /home/airflow/.local/lib/python3.12/site-packages/airflow/example_dags/example_params_trigger_ui.py
[2024-09-26T13:40:14.925+0000] {processor.py:925} INFO - DAG(s) 'example_params_trigger_ui' retrieved from /home/airflow/.local/lib/python3.12/site-packages/airflow/example_dags/example_params_trigger_ui.py
[2024-09-26T13:40:14.961+0000] {logging_mixin.py:190} INFO - [2024-09-26T13:40:14.961+0000] {dag.py:3239} INFO - Sync 1 DAGs
[2024-09-26T13:40:14.974+0000] {logging_mixin.py:190} INFO - [2024-09-26T13:40:14.974+0000] {dag.py:4180} INFO - Setting next_dagrun for example_params_trigger_ui to None, run_after=None
[2024-09-26T13:40:14.989+0000] {processor.py:208} INFO - Processing /home/airflow/.local/lib/python3.12/site-packages/airflow/example_dags/example_params_trigger_ui.py took 0.080 seconds
[2024-09-26T13:40:45.214+0000] {processor.py:186} INFO - Started process (PID=25139) to work on /home/airflow/.local/lib/python3.12/site-packages/airflow/example_dags/example_params_trigger_ui.py
[2024-09-26T13:40:45.215+0000] {processor.py:914} INFO - Processing file /home/airflow/.local/lib/python3.12/site-packages/airflow/example_dags/example_params_trigger_ui.py for tasks to queue
[2024-09-26T13:40:45.216+0000] {logging_mixin.py:190} INFO - [2024-09-26T13:40:45.216+0000] {dagbag.py:588} INFO - Filling up the DagBag from /home/airflow/.local/lib/python3.12/site-packages/airflow/example_dags/example_params_trigger_ui.py
[2024-09-26T13:40:45.225+0000] {processor.py:925} INFO - DAG(s) 'example_params_trigger_ui' retrieved from /home/airflow/.local/lib/python3.12/site-packages/airflow/example_dags/example_params_trigger_ui.py
[2024-09-26T13:40:45.263+0000] {logging_mixin.py:190} INFO - [2024-09-26T13:40:45.263+0000] {dag.py:3239} INFO - Sync 1 DAGs
[2024-09-26T13:40:45.276+0000] {logging_mixin.py:190} INFO - [2024-09-26T13:40:45.276+0000] {dag.py:4180} INFO - Setting next_dagrun for example_params_trigger_ui to None, run_after=None
[2024-09-26T13:40:45.291+0000] {processor.py:208} INFO - Processing /home/airflow/.local/lib/python3.12/site-packages/airflow/example_dags/example_params_trigger_ui.py took 0.081 seconds
[2024-09-26T13:41:15.498+0000] {processor.py:186} INFO - Started process (PID=25430) to work on /home/airflow/.local/lib/python3.12/site-packages/airflow/example_dags/example_params_trigger_ui.py
[2024-09-26T13:41:15.499+0000] {processor.py:914} INFO - Processing file /home/airflow/.local/lib/python3.12/site-packages/airflow/example_dags/example_params_trigger_ui.py for tasks to queue
[2024-09-26T13:41:15.500+0000] {logging_mixin.py:190} INFO - [2024-09-26T13:41:15.500+0000] {dagbag.py:588} INFO - Filling up the DagBag from /home/airflow/.local/lib/python3.12/site-packages/airflow/example_dags/example_params_trigger_ui.py
[2024-09-26T13:41:15.509+0000] {processor.py:925} INFO - DAG(s) 'example_params_trigger_ui' retrieved from /home/airflow/.local/lib/python3.12/site-packages/airflow/example_dags/example_params_trigger_ui.py
[2024-09-26T13:41:15.547+0000] {logging_mixin.py:190} INFO - [2024-09-26T13:41:15.547+0000] {dag.py:3239} INFO - Sync 1 DAGs
[2024-09-26T13:41:15.559+0000] {logging_mixin.py:190} INFO - [2024-09-26T13:41:15.559+0000] {dag.py:4180} INFO - Setting next_dagrun for example_params_trigger_ui to None, run_after=None
[2024-09-26T13:41:15.574+0000] {processor.py:208} INFO - Processing /home/airflow/.local/lib/python3.12/site-packages/airflow/example_dags/example_params_trigger_ui.py took 0.081 seconds
[2024-09-26T13:41:45.721+0000] {processor.py:186} INFO - Started process (PID=25721) to work on /home/airflow/.local/lib/python3.12/site-packages/airflow/example_dags/example_params_trigger_ui.py
[2024-09-26T13:41:45.722+0000] {processor.py:914} INFO - Processing file /home/airflow/.local/lib/python3.12/site-packages/airflow/example_dags/example_params_trigger_ui.py for tasks to queue
[2024-09-26T13:41:45.723+0000] {logging_mixin.py:190} INFO - [2024-09-26T13:41:45.723+0000] {dagbag.py:588} INFO - Filling up the DagBag from /home/airflow/.local/lib/python3.12/site-packages/airflow/example_dags/example_params_trigger_ui.py
[2024-09-26T13:41:45.732+0000] {processor.py:925} INFO - DAG(s) 'example_params_trigger_ui' retrieved from /home/airflow/.local/lib/python3.12/site-packages/airflow/example_dags/example_params_trigger_ui.py
[2024-09-26T13:41:45.769+0000] {logging_mixin.py:190} INFO - [2024-09-26T13:41:45.769+0000] {dag.py:3239} INFO - Sync 1 DAGs
[2024-09-26T13:41:45.781+0000] {logging_mixin.py:190} INFO - [2024-09-26T13:41:45.780+0000] {dag.py:4180} INFO - Setting next_dagrun for example_params_trigger_ui to None, run_after=None
[2024-09-26T13:41:45.796+0000] {processor.py:208} INFO - Processing /home/airflow/.local/lib/python3.12/site-packages/airflow/example_dags/example_params_trigger_ui.py took 0.079 seconds
[2024-09-26T13:42:16.182+0000] {processor.py:186} INFO - Started process (PID=26012) to work on /home/airflow/.local/lib/python3.12/site-packages/airflow/example_dags/example_params_trigger_ui.py
[2024-09-26T13:42:16.182+0000] {processor.py:914} INFO - Processing file /home/airflow/.local/lib/python3.12/site-packages/airflow/example_dags/example_params_trigger_ui.py for tasks to queue
[2024-09-26T13:42:16.184+0000] {logging_mixin.py:190} INFO - [2024-09-26T13:42:16.184+0000] {dagbag.py:588} INFO - Filling up the DagBag from /home/airflow/.local/lib/python3.12/site-packages/airflow/example_dags/example_params_trigger_ui.py
[2024-09-26T13:42:16.193+0000] {processor.py:925} INFO - DAG(s) 'example_params_trigger_ui' retrieved from /home/airflow/.local/lib/python3.12/site-packages/airflow/example_dags/example_params_trigger_ui.py
[2024-09-26T13:42:16.235+0000] {logging_mixin.py:190} INFO - [2024-09-26T13:42:16.235+0000] {dag.py:3239} INFO - Sync 1 DAGs
[2024-09-26T13:42:16.249+0000] {logging_mixin.py:190} INFO - [2024-09-26T13:42:16.249+0000] {dag.py:4180} INFO - Setting next_dagrun for example_params_trigger_ui to None, run_after=None
[2024-09-26T13:42:16.265+0000] {processor.py:208} INFO - Processing /home/airflow/.local/lib/python3.12/site-packages/airflow/example_dags/example_params_trigger_ui.py took 0.088 seconds
[2024-09-26T13:42:46.527+0000] {processor.py:186} INFO - Started process (PID=26303) to work on /home/airflow/.local/lib/python3.12/site-packages/airflow/example_dags/example_params_trigger_ui.py
[2024-09-26T13:42:46.528+0000] {processor.py:914} INFO - Processing file /home/airflow/.local/lib/python3.12/site-packages/airflow/example_dags/example_params_trigger_ui.py for tasks to queue
[2024-09-26T13:42:46.530+0000] {logging_mixin.py:190} INFO - [2024-09-26T13:42:46.529+0000] {dagbag.py:588} INFO - Filling up the DagBag from /home/airflow/.local/lib/python3.12/site-packages/airflow/example_dags/example_params_trigger_ui.py
[2024-09-26T13:42:46.538+0000] {processor.py:925} INFO - DAG(s) 'example_params_trigger_ui' retrieved from /home/airflow/.local/lib/python3.12/site-packages/airflow/example_dags/example_params_trigger_ui.py
[2024-09-26T13:42:46.576+0000] {logging_mixin.py:190} INFO - [2024-09-26T13:42:46.576+0000] {dag.py:3239} INFO - Sync 1 DAGs
[2024-09-26T13:42:46.588+0000] {logging_mixin.py:190} INFO - [2024-09-26T13:42:46.588+0000] {dag.py:4180} INFO - Setting next_dagrun for example_params_trigger_ui to None, run_after=None
[2024-09-26T13:42:46.603+0000] {processor.py:208} INFO - Processing /home/airflow/.local/lib/python3.12/site-packages/airflow/example_dags/example_params_trigger_ui.py took 0.080 seconds
[2024-09-26T13:43:16.665+0000] {processor.py:186} INFO - Started process (PID=26594) to work on /home/airflow/.local/lib/python3.12/site-packages/airflow/example_dags/example_params_trigger_ui.py
[2024-09-26T13:43:16.665+0000] {processor.py:914} INFO - Processing file /home/airflow/.local/lib/python3.12/site-packages/airflow/example_dags/example_params_trigger_ui.py for tasks to queue
[2024-09-26T13:43:16.667+0000] {logging_mixin.py:190} INFO - [2024-09-26T13:43:16.667+0000] {dagbag.py:588} INFO - Filling up the DagBag from /home/airflow/.local/lib/python3.12/site-packages/airflow/example_dags/example_params_trigger_ui.py
[2024-09-26T13:43:16.675+0000] {processor.py:925} INFO - DAG(s) 'example_params_trigger_ui' retrieved from /home/airflow/.local/lib/python3.12/site-packages/airflow/example_dags/example_params_trigger_ui.py
[2024-09-26T13:43:16.713+0000] {logging_mixin.py:190} INFO - [2024-09-26T13:43:16.713+0000] {dag.py:3239} INFO - Sync 1 DAGs
[2024-09-26T13:43:16.725+0000] {logging_mixin.py:190} INFO - [2024-09-26T13:43:16.725+0000] {dag.py:4180} INFO - Setting next_dagrun for example_params_trigger_ui to None, run_after=None
[2024-09-26T13:43:16.741+0000] {processor.py:208} INFO - Processing /home/airflow/.local/lib/python3.12/site-packages/airflow/example_dags/example_params_trigger_ui.py took 0.081 seconds
[2024-09-26T13:43:46.874+0000] {processor.py:186} INFO - Started process (PID=26885) to work on /home/airflow/.local/lib/python3.12/site-packages/airflow/example_dags/example_params_trigger_ui.py
[2024-09-26T13:43:46.875+0000] {processor.py:914} INFO - Processing file /home/airflow/.local/lib/python3.12/site-packages/airflow/example_dags/example_params_trigger_ui.py for tasks to queue
[2024-09-26T13:43:46.877+0000] {logging_mixin.py:190} INFO - [2024-09-26T13:43:46.876+0000] {dagbag.py:588} INFO - Filling up the DagBag from /home/airflow/.local/lib/python3.12/site-packages/airflow/example_dags/example_params_trigger_ui.py
[2024-09-26T13:43:46.885+0000] {processor.py:925} INFO - DAG(s) 'example_params_trigger_ui' retrieved from /home/airflow/.local/lib/python3.12/site-packages/airflow/example_dags/example_params_trigger_ui.py
[2024-09-26T13:43:46.926+0000] {logging_mixin.py:190} INFO - [2024-09-26T13:43:46.926+0000] {dag.py:3239} INFO - Sync 1 DAGs
[2024-09-26T13:43:46.941+0000] {logging_mixin.py:190} INFO - [2024-09-26T13:43:46.941+0000] {dag.py:4180} INFO - Setting next_dagrun for example_params_trigger_ui to None, run_after=None
[2024-09-26T13:43:46.961+0000] {processor.py:208} INFO - Processing /home/airflow/.local/lib/python3.12/site-packages/airflow/example_dags/example_params_trigger_ui.py took 0.091 seconds
[2024-09-26T13:44:17.101+0000] {processor.py:186} INFO - Started process (PID=27176) to work on /home/airflow/.local/lib/python3.12/site-packages/airflow/example_dags/example_params_trigger_ui.py
[2024-09-26T13:44:17.102+0000] {processor.py:914} INFO - Processing file /home/airflow/.local/lib/python3.12/site-packages/airflow/example_dags/example_params_trigger_ui.py for tasks to queue
[2024-09-26T13:44:17.104+0000] {logging_mixin.py:190} INFO - [2024-09-26T13:44:17.103+0000] {dagbag.py:588} INFO - Filling up the DagBag from /home/airflow/.local/lib/python3.12/site-packages/airflow/example_dags/example_params_trigger_ui.py
[2024-09-26T13:44:17.112+0000] {processor.py:925} INFO - DAG(s) 'example_params_trigger_ui' retrieved from /home/airflow/.local/lib/python3.12/site-packages/airflow/example_dags/example_params_trigger_ui.py
[2024-09-26T13:44:17.149+0000] {logging_mixin.py:190} INFO - [2024-09-26T13:44:17.149+0000] {dag.py:3239} INFO - Sync 1 DAGs
[2024-09-26T13:44:17.161+0000] {logging_mixin.py:190} INFO - [2024-09-26T13:44:17.161+0000] {dag.py:4180} INFO - Setting next_dagrun for example_params_trigger_ui to None, run_after=None
[2024-09-26T13:44:17.176+0000] {processor.py:208} INFO - Processing /home/airflow/.local/lib/python3.12/site-packages/airflow/example_dags/example_params_trigger_ui.py took 0.079 seconds
[2024-09-26T13:44:47.346+0000] {processor.py:186} INFO - Started process (PID=27467) to work on /home/airflow/.local/lib/python3.12/site-packages/airflow/example_dags/example_params_trigger_ui.py
[2024-09-26T13:44:47.347+0000] {processor.py:914} INFO - Processing file /home/airflow/.local/lib/python3.12/site-packages/airflow/example_dags/example_params_trigger_ui.py for tasks to queue
[2024-09-26T13:44:47.348+0000] {logging_mixin.py:190} INFO - [2024-09-26T13:44:47.348+0000] {dagbag.py:588} INFO - Filling up the DagBag from /home/airflow/.local/lib/python3.12/site-packages/airflow/example_dags/example_params_trigger_ui.py
[2024-09-26T13:44:47.357+0000] {processor.py:925} INFO - DAG(s) 'example_params_trigger_ui' retrieved from /home/airflow/.local/lib/python3.12/site-packages/airflow/example_dags/example_params_trigger_ui.py
[2024-09-26T13:44:47.394+0000] {logging_mixin.py:190} INFO - [2024-09-26T13:44:47.394+0000] {dag.py:3239} INFO - Sync 1 DAGs
[2024-09-26T13:44:47.407+0000] {logging_mixin.py:190} INFO - [2024-09-26T13:44:47.406+0000] {dag.py:4180} INFO - Setting next_dagrun for example_params_trigger_ui to None, run_after=None
[2024-09-26T13:44:47.422+0000] {processor.py:208} INFO - Processing /home/airflow/.local/lib/python3.12/site-packages/airflow/example_dags/example_params_trigger_ui.py took 0.081 seconds
[2024-09-26T13:45:18.315+0000] {processor.py:186} INFO - Started process (PID=27759) to work on /home/airflow/.local/lib/python3.12/site-packages/airflow/example_dags/example_params_trigger_ui.py
[2024-09-26T13:45:18.316+0000] {processor.py:914} INFO - Processing file /home/airflow/.local/lib/python3.12/site-packages/airflow/example_dags/example_params_trigger_ui.py for tasks to queue
[2024-09-26T13:45:18.318+0000] {logging_mixin.py:190} INFO - [2024-09-26T13:45:18.317+0000] {dagbag.py:588} INFO - Filling up the DagBag from /home/airflow/.local/lib/python3.12/site-packages/airflow/example_dags/example_params_trigger_ui.py
[2024-09-26T13:45:18.326+0000] {processor.py:925} INFO - DAG(s) 'example_params_trigger_ui' retrieved from /home/airflow/.local/lib/python3.12/site-packages/airflow/example_dags/example_params_trigger_ui.py
[2024-09-26T13:45:18.364+0000] {logging_mixin.py:190} INFO - [2024-09-26T13:45:18.364+0000] {dag.py:3239} INFO - Sync 1 DAGs
[2024-09-26T13:45:18.376+0000] {logging_mixin.py:190} INFO - [2024-09-26T13:45:18.376+0000] {dag.py:4180} INFO - Setting next_dagrun for example_params_trigger_ui to None, run_after=None
[2024-09-26T13:45:18.392+0000] {processor.py:208} INFO - Processing /home/airflow/.local/lib/python3.12/site-packages/airflow/example_dags/example_params_trigger_ui.py took 0.081 seconds
[2024-09-26T13:45:49.265+0000] {processor.py:186} INFO - Started process (PID=28050) to work on /home/airflow/.local/lib/python3.12/site-packages/airflow/example_dags/example_params_trigger_ui.py
[2024-09-26T13:45:49.265+0000] {processor.py:914} INFO - Processing file /home/airflow/.local/lib/python3.12/site-packages/airflow/example_dags/example_params_trigger_ui.py for tasks to queue
[2024-09-26T13:45:49.267+0000] {logging_mixin.py:190} INFO - [2024-09-26T13:45:49.267+0000] {dagbag.py:588} INFO - Filling up the DagBag from /home/airflow/.local/lib/python3.12/site-packages/airflow/example_dags/example_params_trigger_ui.py
[2024-09-26T13:45:49.276+0000] {processor.py:925} INFO - DAG(s) 'example_params_trigger_ui' retrieved from /home/airflow/.local/lib/python3.12/site-packages/airflow/example_dags/example_params_trigger_ui.py
[2024-09-26T13:45:49.313+0000] {logging_mixin.py:190} INFO - [2024-09-26T13:45:49.313+0000] {dag.py:3239} INFO - Sync 1 DAGs
[2024-09-26T13:45:49.325+0000] {logging_mixin.py:190} INFO - [2024-09-26T13:45:49.325+0000] {dag.py:4180} INFO - Setting next_dagrun for example_params_trigger_ui to None, run_after=None
[2024-09-26T13:45:49.340+0000] {processor.py:208} INFO - Processing /home/airflow/.local/lib/python3.12/site-packages/airflow/example_dags/example_params_trigger_ui.py took 0.080 seconds
[2024-09-26T13:46:19.558+0000] {processor.py:186} INFO - Started process (PID=28341) to work on /home/airflow/.local/lib/python3.12/site-packages/airflow/example_dags/example_params_trigger_ui.py
[2024-09-26T13:46:19.558+0000] {processor.py:914} INFO - Processing file /home/airflow/.local/lib/python3.12/site-packages/airflow/example_dags/example_params_trigger_ui.py for tasks to queue
[2024-09-26T13:46:19.560+0000] {logging_mixin.py:190} INFO - [2024-09-26T13:46:19.560+0000] {dagbag.py:588} INFO - Filling up the DagBag from /home/airflow/.local/lib/python3.12/site-packages/airflow/example_dags/example_params_trigger_ui.py
[2024-09-26T13:46:19.568+0000] {processor.py:925} INFO - DAG(s) 'example_params_trigger_ui' retrieved from /home/airflow/.local/lib/python3.12/site-packages/airflow/example_dags/example_params_trigger_ui.py
[2024-09-26T13:46:19.606+0000] {logging_mixin.py:190} INFO - [2024-09-26T13:46:19.606+0000] {dag.py:3239} INFO - Sync 1 DAGs
[2024-09-26T13:46:19.618+0000] {logging_mixin.py:190} INFO - [2024-09-26T13:46:19.618+0000] {dag.py:4180} INFO - Setting next_dagrun for example_params_trigger_ui to None, run_after=None
[2024-09-26T13:46:19.633+0000] {processor.py:208} INFO - Processing /home/airflow/.local/lib/python3.12/site-packages/airflow/example_dags/example_params_trigger_ui.py took 0.080 seconds
[2024-09-26T13:46:49.814+0000] {processor.py:186} INFO - Started process (PID=28632) to work on /home/airflow/.local/lib/python3.12/site-packages/airflow/example_dags/example_params_trigger_ui.py
[2024-09-26T13:46:49.815+0000] {processor.py:914} INFO - Processing file /home/airflow/.local/lib/python3.12/site-packages/airflow/example_dags/example_params_trigger_ui.py for tasks to queue
[2024-09-26T13:46:49.816+0000] {logging_mixin.py:190} INFO - [2024-09-26T13:46:49.816+0000] {dagbag.py:588} INFO - Filling up the DagBag from /home/airflow/.local/lib/python3.12/site-packages/airflow/example_dags/example_params_trigger_ui.py
[2024-09-26T13:46:49.825+0000] {processor.py:925} INFO - DAG(s) 'example_params_trigger_ui' retrieved from /home/airflow/.local/lib/python3.12/site-packages/airflow/example_dags/example_params_trigger_ui.py
[2024-09-26T13:46:49.861+0000] {logging_mixin.py:190} INFO - [2024-09-26T13:46:49.861+0000] {dag.py:3239} INFO - Sync 1 DAGs
[2024-09-26T13:46:49.873+0000] {logging_mixin.py:190} INFO - [2024-09-26T13:46:49.873+0000] {dag.py:4180} INFO - Setting next_dagrun for example_params_trigger_ui to None, run_after=None
[2024-09-26T13:46:49.887+0000] {processor.py:208} INFO - Processing /home/airflow/.local/lib/python3.12/site-packages/airflow/example_dags/example_params_trigger_ui.py took 0.078 seconds
[2024-09-26T13:47:19.978+0000] {processor.py:186} INFO - Started process (PID=28923) to work on /home/airflow/.local/lib/python3.12/site-packages/airflow/example_dags/example_params_trigger_ui.py
[2024-09-26T13:47:19.979+0000] {processor.py:914} INFO - Processing file /home/airflow/.local/lib/python3.12/site-packages/airflow/example_dags/example_params_trigger_ui.py for tasks to queue
[2024-09-26T13:47:19.981+0000] {logging_mixin.py:190} INFO - [2024-09-26T13:47:19.981+0000] {dagbag.py:588} INFO - Filling up the DagBag from /home/airflow/.local/lib/python3.12/site-packages/airflow/example_dags/example_params_trigger_ui.py
[2024-09-26T13:47:19.989+0000] {processor.py:925} INFO - DAG(s) 'example_params_trigger_ui' retrieved from /home/airflow/.local/lib/python3.12/site-packages/airflow/example_dags/example_params_trigger_ui.py
[2024-09-26T13:47:20.031+0000] {logging_mixin.py:190} INFO - [2024-09-26T13:47:20.030+0000] {dag.py:3239} INFO - Sync 1 DAGs
[2024-09-26T13:47:20.045+0000] {logging_mixin.py:190} INFO - [2024-09-26T13:47:20.044+0000] {dag.py:4180} INFO - Setting next_dagrun for example_params_trigger_ui to None, run_after=None
[2024-09-26T13:47:20.060+0000] {processor.py:208} INFO - Processing /home/airflow/.local/lib/python3.12/site-packages/airflow/example_dags/example_params_trigger_ui.py took 0.086 seconds
