[2024-09-26T13:25:07.251+0000] {processor.py:186} INFO - Started process (PID=16364) to work on /home/airflow/.local/lib/python3.12/site-packages/airflow/example_dags/example_skip_dag.py
[2024-09-26T13:25:07.252+0000] {processor.py:914} INFO - Processing file /home/airflow/.local/lib/python3.12/site-packages/airflow/example_dags/example_skip_dag.py for tasks to queue
[2024-09-26T13:25:07.254+0000] {logging_mixin.py:190} INFO - [2024-09-26T13:25:07.254+0000] {dagbag.py:588} INFO - Filling up the DagBag from /home/airflow/.local/lib/python3.12/site-packages/airflow/example_dags/example_skip_dag.py
[2024-09-26T13:25:07.260+0000] {processor.py:925} INFO - DAG(s) 'example_skip_dag' retrieved from /home/airflow/.local/lib/python3.12/site-packages/airflow/example_dags/example_skip_dag.py
[2024-09-26T13:25:07.276+0000] {logging_mixin.py:190} INFO - [2024-09-26T13:25:07.276+0000] {dag.py:3239} INFO - Sync 1 DAGs
[2024-09-26T13:25:07.295+0000] {logging_mixin.py:190} INFO - [2024-09-26T13:25:07.295+0000] {dag.py:4180} INFO - Setting next_dagrun for example_skip_dag to 2024-09-25 00:00:00+00:00, run_after=2024-09-26 00:00:00+00:00
[2024-09-26T13:25:07.309+0000] {processor.py:208} INFO - Processing /home/airflow/.local/lib/python3.12/site-packages/airflow/example_dags/example_skip_dag.py took 0.062 seconds
[2024-09-26T13:25:37.950+0000] {processor.py:186} INFO - Started process (PID=16650) to work on /home/airflow/.local/lib/python3.12/site-packages/airflow/example_dags/example_skip_dag.py
[2024-09-26T13:25:37.951+0000] {processor.py:914} INFO - Processing file /home/airflow/.local/lib/python3.12/site-packages/airflow/example_dags/example_skip_dag.py for tasks to queue
[2024-09-26T13:25:37.953+0000] {logging_mixin.py:190} INFO - [2024-09-26T13:25:37.952+0000] {dagbag.py:588} INFO - Filling up the DagBag from /home/airflow/.local/lib/python3.12/site-packages/airflow/example_dags/example_skip_dag.py
[2024-09-26T13:25:37.958+0000] {processor.py:925} INFO - DAG(s) 'example_skip_dag' retrieved from /home/airflow/.local/lib/python3.12/site-packages/airflow/example_dags/example_skip_dag.py
[2024-09-26T13:25:37.975+0000] {logging_mixin.py:190} INFO - [2024-09-26T13:25:37.975+0000] {dag.py:3239} INFO - Sync 1 DAGs
[2024-09-26T13:25:37.995+0000] {logging_mixin.py:190} INFO - [2024-09-26T13:25:37.995+0000] {dag.py:4180} INFO - Setting next_dagrun for example_skip_dag to 2024-09-25 00:00:00+00:00, run_after=2024-09-26 00:00:00+00:00
[2024-09-26T13:25:38.009+0000] {processor.py:208} INFO - Processing /home/airflow/.local/lib/python3.12/site-packages/airflow/example_dags/example_skip_dag.py took 0.063 seconds
[2024-09-26T13:26:08.203+0000] {processor.py:186} INFO - Started process (PID=16936) to work on /home/airflow/.local/lib/python3.12/site-packages/airflow/example_dags/example_skip_dag.py
[2024-09-26T13:26:08.204+0000] {processor.py:914} INFO - Processing file /home/airflow/.local/lib/python3.12/site-packages/airflow/example_dags/example_skip_dag.py for tasks to queue
[2024-09-26T13:26:08.206+0000] {logging_mixin.py:190} INFO - [2024-09-26T13:26:08.206+0000] {dagbag.py:588} INFO - Filling up the DagBag from /home/airflow/.local/lib/python3.12/site-packages/airflow/example_dags/example_skip_dag.py
[2024-09-26T13:26:08.212+0000] {processor.py:925} INFO - DAG(s) 'example_skip_dag' retrieved from /home/airflow/.local/lib/python3.12/site-packages/airflow/example_dags/example_skip_dag.py
[2024-09-26T13:26:08.229+0000] {logging_mixin.py:190} INFO - [2024-09-26T13:26:08.229+0000] {dag.py:3239} INFO - Sync 1 DAGs
[2024-09-26T13:26:08.248+0000] {logging_mixin.py:190} INFO - [2024-09-26T13:26:08.248+0000] {dag.py:4180} INFO - Setting next_dagrun for example_skip_dag to 2024-09-25 00:00:00+00:00, run_after=2024-09-26 00:00:00+00:00
[2024-09-26T13:26:08.382+0000] {processor.py:208} INFO - Processing /home/airflow/.local/lib/python3.12/site-packages/airflow/example_dags/example_skip_dag.py took 0.183 seconds
[2024-09-26T13:26:38.837+0000] {processor.py:186} INFO - Started process (PID=17222) to work on /home/airflow/.local/lib/python3.12/site-packages/airflow/example_dags/example_skip_dag.py
[2024-09-26T13:26:38.838+0000] {processor.py:914} INFO - Processing file /home/airflow/.local/lib/python3.12/site-packages/airflow/example_dags/example_skip_dag.py for tasks to queue
[2024-09-26T13:26:38.840+0000] {logging_mixin.py:190} INFO - [2024-09-26T13:26:38.840+0000] {dagbag.py:588} INFO - Filling up the DagBag from /home/airflow/.local/lib/python3.12/site-packages/airflow/example_dags/example_skip_dag.py
[2024-09-26T13:26:38.846+0000] {processor.py:925} INFO - DAG(s) 'example_skip_dag' retrieved from /home/airflow/.local/lib/python3.12/site-packages/airflow/example_dags/example_skip_dag.py
[2024-09-26T13:26:38.862+0000] {logging_mixin.py:190} INFO - [2024-09-26T13:26:38.862+0000] {dag.py:3239} INFO - Sync 1 DAGs
[2024-09-26T13:26:38.882+0000] {logging_mixin.py:190} INFO - [2024-09-26T13:26:38.881+0000] {dag.py:4180} INFO - Setting next_dagrun for example_skip_dag to 2024-09-25 00:00:00+00:00, run_after=2024-09-26 00:00:00+00:00
[2024-09-26T13:26:38.898+0000] {processor.py:208} INFO - Processing /home/airflow/.local/lib/python3.12/site-packages/airflow/example_dags/example_skip_dag.py took 0.065 seconds
[2024-09-26T13:27:09.332+0000] {processor.py:186} INFO - Started process (PID=17508) to work on /home/airflow/.local/lib/python3.12/site-packages/airflow/example_dags/example_skip_dag.py
[2024-09-26T13:27:09.333+0000] {processor.py:914} INFO - Processing file /home/airflow/.local/lib/python3.12/site-packages/airflow/example_dags/example_skip_dag.py for tasks to queue
[2024-09-26T13:27:09.335+0000] {logging_mixin.py:190} INFO - [2024-09-26T13:27:09.335+0000] {dagbag.py:588} INFO - Filling up the DagBag from /home/airflow/.local/lib/python3.12/site-packages/airflow/example_dags/example_skip_dag.py
[2024-09-26T13:27:09.340+0000] {processor.py:925} INFO - DAG(s) 'example_skip_dag' retrieved from /home/airflow/.local/lib/python3.12/site-packages/airflow/example_dags/example_skip_dag.py
[2024-09-26T13:27:09.357+0000] {logging_mixin.py:190} INFO - [2024-09-26T13:27:09.356+0000] {dag.py:3239} INFO - Sync 1 DAGs
[2024-09-26T13:27:09.375+0000] {logging_mixin.py:190} INFO - [2024-09-26T13:27:09.375+0000] {dag.py:4180} INFO - Setting next_dagrun for example_skip_dag to 2024-09-25 00:00:00+00:00, run_after=2024-09-26 00:00:00+00:00
[2024-09-26T13:27:09.388+0000] {processor.py:208} INFO - Processing /home/airflow/.local/lib/python3.12/site-packages/airflow/example_dags/example_skip_dag.py took 0.061 seconds
[2024-09-26T13:27:40.467+0000] {processor.py:186} INFO - Started process (PID=17794) to work on /home/airflow/.local/lib/python3.12/site-packages/airflow/example_dags/example_skip_dag.py
[2024-09-26T13:27:40.468+0000] {processor.py:914} INFO - Processing file /home/airflow/.local/lib/python3.12/site-packages/airflow/example_dags/example_skip_dag.py for tasks to queue
[2024-09-26T13:27:40.470+0000] {logging_mixin.py:190} INFO - [2024-09-26T13:27:40.470+0000] {dagbag.py:588} INFO - Filling up the DagBag from /home/airflow/.local/lib/python3.12/site-packages/airflow/example_dags/example_skip_dag.py
[2024-09-26T13:27:40.476+0000] {processor.py:925} INFO - DAG(s) 'example_skip_dag' retrieved from /home/airflow/.local/lib/python3.12/site-packages/airflow/example_dags/example_skip_dag.py
[2024-09-26T13:27:40.492+0000] {logging_mixin.py:190} INFO - [2024-09-26T13:27:40.492+0000] {dag.py:3239} INFO - Sync 1 DAGs
[2024-09-26T13:27:40.513+0000] {logging_mixin.py:190} INFO - [2024-09-26T13:27:40.513+0000] {dag.py:4180} INFO - Setting next_dagrun for example_skip_dag to 2024-09-25 00:00:00+00:00, run_after=2024-09-26 00:00:00+00:00
[2024-09-26T13:27:40.528+0000] {processor.py:208} INFO - Processing /home/airflow/.local/lib/python3.12/site-packages/airflow/example_dags/example_skip_dag.py took 0.067 seconds
[2024-09-26T13:28:11.414+0000] {processor.py:186} INFO - Started process (PID=18080) to work on /home/airflow/.local/lib/python3.12/site-packages/airflow/example_dags/example_skip_dag.py
[2024-09-26T13:28:11.414+0000] {processor.py:914} INFO - Processing file /home/airflow/.local/lib/python3.12/site-packages/airflow/example_dags/example_skip_dag.py for tasks to queue
[2024-09-26T13:28:11.545+0000] {logging_mixin.py:190} INFO - [2024-09-26T13:28:11.545+0000] {dagbag.py:588} INFO - Filling up the DagBag from /home/airflow/.local/lib/python3.12/site-packages/airflow/example_dags/example_skip_dag.py
[2024-09-26T13:28:11.550+0000] {processor.py:925} INFO - DAG(s) 'example_skip_dag' retrieved from /home/airflow/.local/lib/python3.12/site-packages/airflow/example_dags/example_skip_dag.py
[2024-09-26T13:28:11.565+0000] {logging_mixin.py:190} INFO - [2024-09-26T13:28:11.565+0000] {dag.py:3239} INFO - Sync 1 DAGs
[2024-09-26T13:28:11.583+0000] {logging_mixin.py:190} INFO - [2024-09-26T13:28:11.582+0000] {dag.py:4180} INFO - Setting next_dagrun for example_skip_dag to 2024-09-25 00:00:00+00:00, run_after=2024-09-26 00:00:00+00:00
[2024-09-26T13:28:11.597+0000] {processor.py:208} INFO - Processing /home/airflow/.local/lib/python3.12/site-packages/airflow/example_dags/example_skip_dag.py took 0.189 seconds
[2024-09-26T13:28:42.555+0000] {processor.py:186} INFO - Started process (PID=18368) to work on /home/airflow/.local/lib/python3.12/site-packages/airflow/example_dags/example_skip_dag.py
[2024-09-26T13:28:42.556+0000] {processor.py:914} INFO - Processing file /home/airflow/.local/lib/python3.12/site-packages/airflow/example_dags/example_skip_dag.py for tasks to queue
[2024-09-26T13:28:42.558+0000] {logging_mixin.py:190} INFO - [2024-09-26T13:28:42.557+0000] {dagbag.py:588} INFO - Filling up the DagBag from /home/airflow/.local/lib/python3.12/site-packages/airflow/example_dags/example_skip_dag.py
[2024-09-26T13:28:42.564+0000] {processor.py:925} INFO - DAG(s) 'example_skip_dag' retrieved from /home/airflow/.local/lib/python3.12/site-packages/airflow/example_dags/example_skip_dag.py
[2024-09-26T13:28:42.580+0000] {logging_mixin.py:190} INFO - [2024-09-26T13:28:42.580+0000] {dag.py:3239} INFO - Sync 1 DAGs
[2024-09-26T13:28:42.599+0000] {logging_mixin.py:190} INFO - [2024-09-26T13:28:42.599+0000] {dag.py:4180} INFO - Setting next_dagrun for example_skip_dag to 2024-09-25 00:00:00+00:00, run_after=2024-09-26 00:00:00+00:00
[2024-09-26T13:28:42.615+0000] {processor.py:208} INFO - Processing /home/airflow/.local/lib/python3.12/site-packages/airflow/example_dags/example_skip_dag.py took 0.065 seconds
[2024-09-26T13:29:12.846+0000] {processor.py:186} INFO - Started process (PID=18654) to work on /home/airflow/.local/lib/python3.12/site-packages/airflow/example_dags/example_skip_dag.py
[2024-09-26T13:29:12.847+0000] {processor.py:914} INFO - Processing file /home/airflow/.local/lib/python3.12/site-packages/airflow/example_dags/example_skip_dag.py for tasks to queue
[2024-09-26T13:29:12.849+0000] {logging_mixin.py:190} INFO - [2024-09-26T13:29:12.848+0000] {dagbag.py:588} INFO - Filling up the DagBag from /home/airflow/.local/lib/python3.12/site-packages/airflow/example_dags/example_skip_dag.py
[2024-09-26T13:29:12.855+0000] {processor.py:925} INFO - DAG(s) 'example_skip_dag' retrieved from /home/airflow/.local/lib/python3.12/site-packages/airflow/example_dags/example_skip_dag.py
[2024-09-26T13:29:12.873+0000] {logging_mixin.py:190} INFO - [2024-09-26T13:29:12.873+0000] {dag.py:3239} INFO - Sync 1 DAGs
[2024-09-26T13:29:12.893+0000] {logging_mixin.py:190} INFO - [2024-09-26T13:29:12.893+0000] {dag.py:4180} INFO - Setting next_dagrun for example_skip_dag to 2024-09-25 00:00:00+00:00, run_after=2024-09-26 00:00:00+00:00
[2024-09-26T13:29:12.910+0000] {processor.py:208} INFO - Processing /home/airflow/.local/lib/python3.12/site-packages/airflow/example_dags/example_skip_dag.py took 0.069 seconds
[2024-09-26T13:29:43.089+0000] {processor.py:186} INFO - Started process (PID=18940) to work on /home/airflow/.local/lib/python3.12/site-packages/airflow/example_dags/example_skip_dag.py
[2024-09-26T13:29:43.090+0000] {processor.py:914} INFO - Processing file /home/airflow/.local/lib/python3.12/site-packages/airflow/example_dags/example_skip_dag.py for tasks to queue
[2024-09-26T13:29:43.092+0000] {logging_mixin.py:190} INFO - [2024-09-26T13:29:43.092+0000] {dagbag.py:588} INFO - Filling up the DagBag from /home/airflow/.local/lib/python3.12/site-packages/airflow/example_dags/example_skip_dag.py
[2024-09-26T13:29:43.098+0000] {processor.py:925} INFO - DAG(s) 'example_skip_dag' retrieved from /home/airflow/.local/lib/python3.12/site-packages/airflow/example_dags/example_skip_dag.py
[2024-09-26T13:29:43.122+0000] {logging_mixin.py:190} INFO - [2024-09-26T13:29:43.122+0000] {dag.py:3239} INFO - Sync 1 DAGs
[2024-09-26T13:29:43.146+0000] {logging_mixin.py:190} INFO - [2024-09-26T13:29:43.145+0000] {dag.py:4180} INFO - Setting next_dagrun for example_skip_dag to 2024-09-25 00:00:00+00:00, run_after=2024-09-26 00:00:00+00:00
[2024-09-26T13:29:43.164+0000] {processor.py:208} INFO - Processing /home/airflow/.local/lib/python3.12/site-packages/airflow/example_dags/example_skip_dag.py took 0.079 seconds
[2024-09-26T13:30:13.347+0000] {processor.py:186} INFO - Started process (PID=19226) to work on /home/airflow/.local/lib/python3.12/site-packages/airflow/example_dags/example_skip_dag.py
[2024-09-26T13:30:13.348+0000] {processor.py:914} INFO - Processing file /home/airflow/.local/lib/python3.12/site-packages/airflow/example_dags/example_skip_dag.py for tasks to queue
[2024-09-26T13:30:13.350+0000] {logging_mixin.py:190} INFO - [2024-09-26T13:30:13.349+0000] {dagbag.py:588} INFO - Filling up the DagBag from /home/airflow/.local/lib/python3.12/site-packages/airflow/example_dags/example_skip_dag.py
[2024-09-26T13:30:13.356+0000] {processor.py:925} INFO - DAG(s) 'example_skip_dag' retrieved from /home/airflow/.local/lib/python3.12/site-packages/airflow/example_dags/example_skip_dag.py
[2024-09-26T13:30:13.372+0000] {logging_mixin.py:190} INFO - [2024-09-26T13:30:13.372+0000] {dag.py:3239} INFO - Sync 1 DAGs
[2024-09-26T13:30:13.391+0000] {logging_mixin.py:190} INFO - [2024-09-26T13:30:13.391+0000] {dag.py:4180} INFO - Setting next_dagrun for example_skip_dag to 2024-09-25 00:00:00+00:00, run_after=2024-09-26 00:00:00+00:00
[2024-09-26T13:30:13.407+0000] {processor.py:208} INFO - Processing /home/airflow/.local/lib/python3.12/site-packages/airflow/example_dags/example_skip_dag.py took 0.066 seconds
[2024-09-26T13:30:44.347+0000] {processor.py:186} INFO - Started process (PID=19512) to work on /home/airflow/.local/lib/python3.12/site-packages/airflow/example_dags/example_skip_dag.py
[2024-09-26T13:30:44.347+0000] {processor.py:914} INFO - Processing file /home/airflow/.local/lib/python3.12/site-packages/airflow/example_dags/example_skip_dag.py for tasks to queue
[2024-09-26T13:30:44.349+0000] {logging_mixin.py:190} INFO - [2024-09-26T13:30:44.349+0000] {dagbag.py:588} INFO - Filling up the DagBag from /home/airflow/.local/lib/python3.12/site-packages/airflow/example_dags/example_skip_dag.py
[2024-09-26T13:30:44.355+0000] {processor.py:925} INFO - DAG(s) 'example_skip_dag' retrieved from /home/airflow/.local/lib/python3.12/site-packages/airflow/example_dags/example_skip_dag.py
[2024-09-26T13:30:44.371+0000] {logging_mixin.py:190} INFO - [2024-09-26T13:30:44.371+0000] {dag.py:3239} INFO - Sync 1 DAGs
[2024-09-26T13:30:44.393+0000] {logging_mixin.py:190} INFO - [2024-09-26T13:30:44.393+0000] {dag.py:4180} INFO - Setting next_dagrun for example_skip_dag to 2024-09-25 00:00:00+00:00, run_after=2024-09-26 00:00:00+00:00
[2024-09-26T13:30:44.408+0000] {processor.py:208} INFO - Processing /home/airflow/.local/lib/python3.12/site-packages/airflow/example_dags/example_skip_dag.py took 0.067 seconds
[2024-09-26T13:31:15.223+0000] {processor.py:186} INFO - Started process (PID=19805) to work on /home/airflow/.local/lib/python3.12/site-packages/airflow/example_dags/example_skip_dag.py
[2024-09-26T13:31:15.224+0000] {processor.py:914} INFO - Processing file /home/airflow/.local/lib/python3.12/site-packages/airflow/example_dags/example_skip_dag.py for tasks to queue
[2024-09-26T13:31:15.226+0000] {logging_mixin.py:190} INFO - [2024-09-26T13:31:15.226+0000] {dagbag.py:588} INFO - Filling up the DagBag from /home/airflow/.local/lib/python3.12/site-packages/airflow/example_dags/example_skip_dag.py
[2024-09-26T13:31:15.232+0000] {processor.py:925} INFO - DAG(s) 'example_skip_dag' retrieved from /home/airflow/.local/lib/python3.12/site-packages/airflow/example_dags/example_skip_dag.py
[2024-09-26T13:31:15.249+0000] {logging_mixin.py:190} INFO - [2024-09-26T13:31:15.249+0000] {dag.py:3239} INFO - Sync 1 DAGs
[2024-09-26T13:31:15.269+0000] {logging_mixin.py:190} INFO - [2024-09-26T13:31:15.269+0000] {dag.py:4180} INFO - Setting next_dagrun for example_skip_dag to 2024-09-25 00:00:00+00:00, run_after=2024-09-26 00:00:00+00:00
[2024-09-26T13:31:15.284+0000] {processor.py:208} INFO - Processing /home/airflow/.local/lib/python3.12/site-packages/airflow/example_dags/example_skip_dag.py took 0.066 seconds
