[2024-09-26T13:25:09.640+0000] {processor.py:186} INFO - Started process (PID=16399) to work on /home/airflow/.local/lib/python3.12/site-packages/airflow/example_dags/example_dataset_alias_with_no_taskflow.py
[2024-09-26T13:25:09.641+0000] {processor.py:914} INFO - Processing file /home/airflow/.local/lib/python3.12/site-packages/airflow/example_dags/example_dataset_alias_with_no_taskflow.py for tasks to queue
[2024-09-26T13:25:09.642+0000] {logging_mixin.py:190} INFO - [2024-09-26T13:25:09.642+0000] {dagbag.py:588} INFO - Filling up the DagBag from /home/airflow/.local/lib/python3.12/site-packages/airflow/example_dags/example_dataset_alias_with_no_taskflow.py
[2024-09-26T13:25:09.876+0000] {processor.py:925} INFO - DAG(s) 'dataset_s3_bucket_producer_with_no_taskflow', 'dataset_s3_bucket_consumer_with_no_taskflow', 'dataset_alias_example_alias_consumer_with_no_taskflow', 'dataset_alias_example_alias_producer_with_no_taskflow' retrieved from /home/airflow/.local/lib/python3.12/site-packages/airflow/example_dags/example_dataset_alias_with_no_taskflow.py
[2024-09-26T13:25:09.892+0000] {logging_mixin.py:190} INFO - [2024-09-26T13:25:09.892+0000] {dag.py:3239} INFO - Sync 4 DAGs
[2024-09-26T13:25:09.909+0000] {logging_mixin.py:190} INFO - [2024-09-26T13:25:09.909+0000] {dag.py:4180} INFO - Setting next_dagrun for dataset_alias_example_alias_consumer_with_no_taskflow to None, run_after=None
[2024-09-26T13:25:09.912+0000] {logging_mixin.py:190} INFO - [2024-09-26T13:25:09.911+0000] {dag.py:4180} INFO - Setting next_dagrun for dataset_alias_example_alias_producer_with_no_taskflow to None, run_after=None
[2024-09-26T13:25:09.913+0000] {logging_mixin.py:190} INFO - [2024-09-26T13:25:09.913+0000] {dag.py:4180} INFO - Setting next_dagrun for dataset_s3_bucket_consumer_with_no_taskflow to None, run_after=None
[2024-09-26T13:25:09.914+0000] {logging_mixin.py:190} INFO - [2024-09-26T13:25:09.914+0000] {dag.py:4180} INFO - Setting next_dagrun for dataset_s3_bucket_producer_with_no_taskflow to None, run_after=None
[2024-09-26T13:25:09.930+0000] {processor.py:208} INFO - Processing /home/airflow/.local/lib/python3.12/site-packages/airflow/example_dags/example_dataset_alias_with_no_taskflow.py took 0.295 seconds
[2024-09-26T13:25:40.240+0000] {processor.py:186} INFO - Started process (PID=16685) to work on /home/airflow/.local/lib/python3.12/site-packages/airflow/example_dags/example_dataset_alias_with_no_taskflow.py
[2024-09-26T13:25:40.240+0000] {processor.py:914} INFO - Processing file /home/airflow/.local/lib/python3.12/site-packages/airflow/example_dags/example_dataset_alias_with_no_taskflow.py for tasks to queue
[2024-09-26T13:25:40.242+0000] {logging_mixin.py:190} INFO - [2024-09-26T13:25:40.242+0000] {dagbag.py:588} INFO - Filling up the DagBag from /home/airflow/.local/lib/python3.12/site-packages/airflow/example_dags/example_dataset_alias_with_no_taskflow.py
[2024-09-26T13:25:40.473+0000] {processor.py:925} INFO - DAG(s) 'dataset_s3_bucket_producer_with_no_taskflow', 'dataset_alias_example_alias_consumer_with_no_taskflow', 'dataset_alias_example_alias_producer_with_no_taskflow', 'dataset_s3_bucket_consumer_with_no_taskflow' retrieved from /home/airflow/.local/lib/python3.12/site-packages/airflow/example_dags/example_dataset_alias_with_no_taskflow.py
[2024-09-26T13:25:40.490+0000] {logging_mixin.py:190} INFO - [2024-09-26T13:25:40.490+0000] {dag.py:3239} INFO - Sync 4 DAGs
[2024-09-26T13:25:40.508+0000] {logging_mixin.py:190} INFO - [2024-09-26T13:25:40.508+0000] {dag.py:4180} INFO - Setting next_dagrun for dataset_alias_example_alias_consumer_with_no_taskflow to None, run_after=None
[2024-09-26T13:25:40.511+0000] {logging_mixin.py:190} INFO - [2024-09-26T13:25:40.511+0000] {dag.py:4180} INFO - Setting next_dagrun for dataset_alias_example_alias_producer_with_no_taskflow to None, run_after=None
[2024-09-26T13:25:40.513+0000] {logging_mixin.py:190} INFO - [2024-09-26T13:25:40.512+0000] {dag.py:4180} INFO - Setting next_dagrun for dataset_s3_bucket_consumer_with_no_taskflow to None, run_after=None
[2024-09-26T13:25:40.514+0000] {logging_mixin.py:190} INFO - [2024-09-26T13:25:40.514+0000] {dag.py:4180} INFO - Setting next_dagrun for dataset_s3_bucket_producer_with_no_taskflow to None, run_after=None
[2024-09-26T13:25:40.533+0000] {processor.py:208} INFO - Processing /home/airflow/.local/lib/python3.12/site-packages/airflow/example_dags/example_dataset_alias_with_no_taskflow.py took 0.298 seconds
[2024-09-26T13:26:10.701+0000] {processor.py:186} INFO - Started process (PID=16971) to work on /home/airflow/.local/lib/python3.12/site-packages/airflow/example_dags/example_dataset_alias_with_no_taskflow.py
[2024-09-26T13:26:10.701+0000] {processor.py:914} INFO - Processing file /home/airflow/.local/lib/python3.12/site-packages/airflow/example_dags/example_dataset_alias_with_no_taskflow.py for tasks to queue
[2024-09-26T13:26:10.703+0000] {logging_mixin.py:190} INFO - [2024-09-26T13:26:10.703+0000] {dagbag.py:588} INFO - Filling up the DagBag from /home/airflow/.local/lib/python3.12/site-packages/airflow/example_dags/example_dataset_alias_with_no_taskflow.py
[2024-09-26T13:26:10.938+0000] {processor.py:925} INFO - DAG(s) 'dataset_s3_bucket_consumer_with_no_taskflow', 'dataset_alias_example_alias_consumer_with_no_taskflow', 'dataset_s3_bucket_producer_with_no_taskflow', 'dataset_alias_example_alias_producer_with_no_taskflow' retrieved from /home/airflow/.local/lib/python3.12/site-packages/airflow/example_dags/example_dataset_alias_with_no_taskflow.py
[2024-09-26T13:26:10.954+0000] {logging_mixin.py:190} INFO - [2024-09-26T13:26:10.953+0000] {dag.py:3239} INFO - Sync 4 DAGs
[2024-09-26T13:26:10.970+0000] {logging_mixin.py:190} INFO - [2024-09-26T13:26:10.970+0000] {dag.py:4180} INFO - Setting next_dagrun for dataset_alias_example_alias_consumer_with_no_taskflow to None, run_after=None
[2024-09-26T13:26:10.972+0000] {logging_mixin.py:190} INFO - [2024-09-26T13:26:10.972+0000] {dag.py:4180} INFO - Setting next_dagrun for dataset_alias_example_alias_producer_with_no_taskflow to None, run_after=None
[2024-09-26T13:26:10.974+0000] {logging_mixin.py:190} INFO - [2024-09-26T13:26:10.974+0000] {dag.py:4180} INFO - Setting next_dagrun for dataset_s3_bucket_consumer_with_no_taskflow to None, run_after=None
[2024-09-26T13:26:10.975+0000] {logging_mixin.py:190} INFO - [2024-09-26T13:26:10.975+0000] {dag.py:4180} INFO - Setting next_dagrun for dataset_s3_bucket_producer_with_no_taskflow to None, run_after=None
[2024-09-26T13:26:10.993+0000] {processor.py:208} INFO - Processing /home/airflow/.local/lib/python3.12/site-packages/airflow/example_dags/example_dataset_alias_with_no_taskflow.py took 0.296 seconds
[2024-09-26T13:26:41.184+0000] {processor.py:186} INFO - Started process (PID=17257) to work on /home/airflow/.local/lib/python3.12/site-packages/airflow/example_dags/example_dataset_alias_with_no_taskflow.py
[2024-09-26T13:26:41.185+0000] {processor.py:914} INFO - Processing file /home/airflow/.local/lib/python3.12/site-packages/airflow/example_dags/example_dataset_alias_with_no_taskflow.py for tasks to queue
[2024-09-26T13:26:41.186+0000] {logging_mixin.py:190} INFO - [2024-09-26T13:26:41.186+0000] {dagbag.py:588} INFO - Filling up the DagBag from /home/airflow/.local/lib/python3.12/site-packages/airflow/example_dags/example_dataset_alias_with_no_taskflow.py
[2024-09-26T13:26:41.417+0000] {processor.py:925} INFO - DAG(s) 'dataset_alias_example_alias_consumer_with_no_taskflow', 'dataset_alias_example_alias_producer_with_no_taskflow', 'dataset_s3_bucket_consumer_with_no_taskflow', 'dataset_s3_bucket_producer_with_no_taskflow' retrieved from /home/airflow/.local/lib/python3.12/site-packages/airflow/example_dags/example_dataset_alias_with_no_taskflow.py
[2024-09-26T13:26:41.434+0000] {logging_mixin.py:190} INFO - [2024-09-26T13:26:41.434+0000] {dag.py:3239} INFO - Sync 4 DAGs
[2024-09-26T13:26:41.452+0000] {logging_mixin.py:190} INFO - [2024-09-26T13:26:41.452+0000] {dag.py:4180} INFO - Setting next_dagrun for dataset_alias_example_alias_consumer_with_no_taskflow to None, run_after=None
[2024-09-26T13:26:41.454+0000] {logging_mixin.py:190} INFO - [2024-09-26T13:26:41.454+0000] {dag.py:4180} INFO - Setting next_dagrun for dataset_alias_example_alias_producer_with_no_taskflow to None, run_after=None
[2024-09-26T13:26:41.455+0000] {logging_mixin.py:190} INFO - [2024-09-26T13:26:41.455+0000] {dag.py:4180} INFO - Setting next_dagrun for dataset_s3_bucket_consumer_with_no_taskflow to None, run_after=None
[2024-09-26T13:26:41.456+0000] {logging_mixin.py:190} INFO - [2024-09-26T13:26:41.456+0000] {dag.py:4180} INFO - Setting next_dagrun for dataset_s3_bucket_producer_with_no_taskflow to None, run_after=None
[2024-09-26T13:26:41.474+0000] {processor.py:208} INFO - Processing /home/airflow/.local/lib/python3.12/site-packages/airflow/example_dags/example_dataset_alias_with_no_taskflow.py took 0.294 seconds
[2024-09-26T13:27:11.714+0000] {processor.py:186} INFO - Started process (PID=17543) to work on /home/airflow/.local/lib/python3.12/site-packages/airflow/example_dags/example_dataset_alias_with_no_taskflow.py
[2024-09-26T13:27:11.714+0000] {processor.py:914} INFO - Processing file /home/airflow/.local/lib/python3.12/site-packages/airflow/example_dags/example_dataset_alias_with_no_taskflow.py for tasks to queue
[2024-09-26T13:27:11.716+0000] {logging_mixin.py:190} INFO - [2024-09-26T13:27:11.716+0000] {dagbag.py:588} INFO - Filling up the DagBag from /home/airflow/.local/lib/python3.12/site-packages/airflow/example_dags/example_dataset_alias_with_no_taskflow.py
[2024-09-26T13:27:11.938+0000] {processor.py:925} INFO - DAG(s) 'dataset_s3_bucket_consumer_with_no_taskflow', 'dataset_alias_example_alias_consumer_with_no_taskflow', 'dataset_s3_bucket_producer_with_no_taskflow', 'dataset_alias_example_alias_producer_with_no_taskflow' retrieved from /home/airflow/.local/lib/python3.12/site-packages/airflow/example_dags/example_dataset_alias_with_no_taskflow.py
[2024-09-26T13:27:11.954+0000] {logging_mixin.py:190} INFO - [2024-09-26T13:27:11.953+0000] {dag.py:3239} INFO - Sync 4 DAGs
[2024-09-26T13:27:11.970+0000] {logging_mixin.py:190} INFO - [2024-09-26T13:27:11.970+0000] {dag.py:4180} INFO - Setting next_dagrun for dataset_alias_example_alias_consumer_with_no_taskflow to None, run_after=None
[2024-09-26T13:27:11.972+0000] {logging_mixin.py:190} INFO - [2024-09-26T13:27:11.972+0000] {dag.py:4180} INFO - Setting next_dagrun for dataset_alias_example_alias_producer_with_no_taskflow to None, run_after=None
[2024-09-26T13:27:11.974+0000] {logging_mixin.py:190} INFO - [2024-09-26T13:27:11.973+0000] {dag.py:4180} INFO - Setting next_dagrun for dataset_s3_bucket_consumer_with_no_taskflow to None, run_after=None
[2024-09-26T13:27:11.975+0000] {logging_mixin.py:190} INFO - [2024-09-26T13:27:11.975+0000] {dag.py:4180} INFO - Setting next_dagrun for dataset_s3_bucket_producer_with_no_taskflow to None, run_after=None
[2024-09-26T13:27:11.992+0000] {processor.py:208} INFO - Processing /home/airflow/.local/lib/python3.12/site-packages/airflow/example_dags/example_dataset_alias_with_no_taskflow.py took 0.283 seconds
[2024-09-26T13:27:42.777+0000] {processor.py:186} INFO - Started process (PID=17829) to work on /home/airflow/.local/lib/python3.12/site-packages/airflow/example_dags/example_dataset_alias_with_no_taskflow.py
[2024-09-26T13:27:42.778+0000] {processor.py:914} INFO - Processing file /home/airflow/.local/lib/python3.12/site-packages/airflow/example_dags/example_dataset_alias_with_no_taskflow.py for tasks to queue
[2024-09-26T13:27:42.780+0000] {logging_mixin.py:190} INFO - [2024-09-26T13:27:42.779+0000] {dagbag.py:588} INFO - Filling up the DagBag from /home/airflow/.local/lib/python3.12/site-packages/airflow/example_dags/example_dataset_alias_with_no_taskflow.py
[2024-09-26T13:27:43.018+0000] {processor.py:925} INFO - DAG(s) 'dataset_alias_example_alias_consumer_with_no_taskflow', 'dataset_s3_bucket_consumer_with_no_taskflow', 'dataset_s3_bucket_producer_with_no_taskflow', 'dataset_alias_example_alias_producer_with_no_taskflow' retrieved from /home/airflow/.local/lib/python3.12/site-packages/airflow/example_dags/example_dataset_alias_with_no_taskflow.py
[2024-09-26T13:27:43.040+0000] {logging_mixin.py:190} INFO - [2024-09-26T13:27:43.040+0000] {dag.py:3239} INFO - Sync 4 DAGs
[2024-09-26T13:27:43.057+0000] {logging_mixin.py:190} INFO - [2024-09-26T13:27:43.057+0000] {dag.py:4180} INFO - Setting next_dagrun for dataset_alias_example_alias_consumer_with_no_taskflow to None, run_after=None
[2024-09-26T13:27:43.059+0000] {logging_mixin.py:190} INFO - [2024-09-26T13:27:43.059+0000] {dag.py:4180} INFO - Setting next_dagrun for dataset_alias_example_alias_producer_with_no_taskflow to None, run_after=None
[2024-09-26T13:27:43.061+0000] {logging_mixin.py:190} INFO - [2024-09-26T13:27:43.060+0000] {dag.py:4180} INFO - Setting next_dagrun for dataset_s3_bucket_consumer_with_no_taskflow to None, run_after=None
[2024-09-26T13:27:43.063+0000] {logging_mixin.py:190} INFO - [2024-09-26T13:27:43.063+0000] {dag.py:4180} INFO - Setting next_dagrun for dataset_s3_bucket_producer_with_no_taskflow to None, run_after=None
[2024-09-26T13:27:43.083+0000] {processor.py:208} INFO - Processing /home/airflow/.local/lib/python3.12/site-packages/airflow/example_dags/example_dataset_alias_with_no_taskflow.py took 0.310 seconds
[2024-09-26T13:28:13.955+0000] {processor.py:186} INFO - Started process (PID=18115) to work on /home/airflow/.local/lib/python3.12/site-packages/airflow/example_dags/example_dataset_alias_with_no_taskflow.py
[2024-09-26T13:28:13.956+0000] {processor.py:914} INFO - Processing file /home/airflow/.local/lib/python3.12/site-packages/airflow/example_dags/example_dataset_alias_with_no_taskflow.py for tasks to queue
[2024-09-26T13:28:13.957+0000] {logging_mixin.py:190} INFO - [2024-09-26T13:28:13.957+0000] {dagbag.py:588} INFO - Filling up the DagBag from /home/airflow/.local/lib/python3.12/site-packages/airflow/example_dags/example_dataset_alias_with_no_taskflow.py
[2024-09-26T13:28:14.069+0000] {processor.py:925} INFO - DAG(s) 'dataset_s3_bucket_producer_with_no_taskflow', 'dataset_s3_bucket_consumer_with_no_taskflow', 'dataset_alias_example_alias_consumer_with_no_taskflow', 'dataset_alias_example_alias_producer_with_no_taskflow' retrieved from /home/airflow/.local/lib/python3.12/site-packages/airflow/example_dags/example_dataset_alias_with_no_taskflow.py
[2024-09-26T13:28:14.085+0000] {logging_mixin.py:190} INFO - [2024-09-26T13:28:14.085+0000] {dag.py:3239} INFO - Sync 4 DAGs
[2024-09-26T13:28:14.103+0000] {logging_mixin.py:190} INFO - [2024-09-26T13:28:14.103+0000] {dag.py:4180} INFO - Setting next_dagrun for dataset_alias_example_alias_consumer_with_no_taskflow to None, run_after=None
[2024-09-26T13:28:14.106+0000] {logging_mixin.py:190} INFO - [2024-09-26T13:28:14.105+0000] {dag.py:4180} INFO - Setting next_dagrun for dataset_alias_example_alias_producer_with_no_taskflow to None, run_after=None
[2024-09-26T13:28:14.107+0000] {logging_mixin.py:190} INFO - [2024-09-26T13:28:14.107+0000] {dag.py:4180} INFO - Setting next_dagrun for dataset_s3_bucket_consumer_with_no_taskflow to None, run_after=None
[2024-09-26T13:28:14.108+0000] {logging_mixin.py:190} INFO - [2024-09-26T13:28:14.108+0000] {dag.py:4180} INFO - Setting next_dagrun for dataset_s3_bucket_producer_with_no_taskflow to None, run_after=None
[2024-09-26T13:28:14.125+0000] {processor.py:208} INFO - Processing /home/airflow/.local/lib/python3.12/site-packages/airflow/example_dags/example_dataset_alias_with_no_taskflow.py took 0.175 seconds
[2024-09-26T13:28:44.830+0000] {processor.py:186} INFO - Started process (PID=18407) to work on /home/airflow/.local/lib/python3.12/site-packages/airflow/example_dags/example_dataset_alias_with_no_taskflow.py
[2024-09-26T13:28:44.830+0000] {processor.py:914} INFO - Processing file /home/airflow/.local/lib/python3.12/site-packages/airflow/example_dags/example_dataset_alias_with_no_taskflow.py for tasks to queue
[2024-09-26T13:28:44.832+0000] {logging_mixin.py:190} INFO - [2024-09-26T13:28:44.832+0000] {dagbag.py:588} INFO - Filling up the DagBag from /home/airflow/.local/lib/python3.12/site-packages/airflow/example_dags/example_dataset_alias_with_no_taskflow.py
[2024-09-26T13:28:44.970+0000] {processor.py:925} INFO - DAG(s) 'dataset_s3_bucket_producer_with_no_taskflow', 'dataset_s3_bucket_consumer_with_no_taskflow', 'dataset_alias_example_alias_consumer_with_no_taskflow', 'dataset_alias_example_alias_producer_with_no_taskflow' retrieved from /home/airflow/.local/lib/python3.12/site-packages/airflow/example_dags/example_dataset_alias_with_no_taskflow.py
[2024-09-26T13:28:45.003+0000] {logging_mixin.py:190} INFO - [2024-09-26T13:28:45.003+0000] {dag.py:3239} INFO - Sync 4 DAGs
[2024-09-26T13:28:45.034+0000] {logging_mixin.py:190} INFO - [2024-09-26T13:28:45.034+0000] {dag.py:4180} INFO - Setting next_dagrun for dataset_alias_example_alias_consumer_with_no_taskflow to None, run_after=None
[2024-09-26T13:28:45.038+0000] {logging_mixin.py:190} INFO - [2024-09-26T13:28:45.038+0000] {dag.py:4180} INFO - Setting next_dagrun for dataset_alias_example_alias_producer_with_no_taskflow to None, run_after=None
[2024-09-26T13:28:45.040+0000] {logging_mixin.py:190} INFO - [2024-09-26T13:28:45.040+0000] {dag.py:4180} INFO - Setting next_dagrun for dataset_s3_bucket_consumer_with_no_taskflow to None, run_after=None
[2024-09-26T13:28:45.043+0000] {logging_mixin.py:190} INFO - [2024-09-26T13:28:45.042+0000] {dag.py:4180} INFO - Setting next_dagrun for dataset_s3_bucket_producer_with_no_taskflow to None, run_after=None
[2024-09-26T13:28:45.082+0000] {processor.py:208} INFO - Processing /home/airflow/.local/lib/python3.12/site-packages/airflow/example_dags/example_dataset_alias_with_no_taskflow.py took 0.258 seconds
[2024-09-26T13:29:15.170+0000] {processor.py:186} INFO - Started process (PID=18690) to work on /home/airflow/.local/lib/python3.12/site-packages/airflow/example_dags/example_dataset_alias_with_no_taskflow.py
[2024-09-26T13:29:15.171+0000] {processor.py:914} INFO - Processing file /home/airflow/.local/lib/python3.12/site-packages/airflow/example_dags/example_dataset_alias_with_no_taskflow.py for tasks to queue
[2024-09-26T13:29:15.174+0000] {logging_mixin.py:190} INFO - [2024-09-26T13:29:15.173+0000] {dagbag.py:588} INFO - Filling up the DagBag from /home/airflow/.local/lib/python3.12/site-packages/airflow/example_dags/example_dataset_alias_with_no_taskflow.py
[2024-09-26T13:29:15.289+0000] {processor.py:925} INFO - DAG(s) 'dataset_alias_example_alias_producer_with_no_taskflow', 'dataset_s3_bucket_producer_with_no_taskflow', 'dataset_s3_bucket_consumer_with_no_taskflow', 'dataset_alias_example_alias_consumer_with_no_taskflow' retrieved from /home/airflow/.local/lib/python3.12/site-packages/airflow/example_dags/example_dataset_alias_with_no_taskflow.py
[2024-09-26T13:29:15.310+0000] {logging_mixin.py:190} INFO - [2024-09-26T13:29:15.309+0000] {dag.py:3239} INFO - Sync 4 DAGs
[2024-09-26T13:29:15.336+0000] {logging_mixin.py:190} INFO - [2024-09-26T13:29:15.336+0000] {dag.py:4180} INFO - Setting next_dagrun for dataset_alias_example_alias_consumer_with_no_taskflow to None, run_after=None
[2024-09-26T13:29:15.340+0000] {logging_mixin.py:190} INFO - [2024-09-26T13:29:15.340+0000] {dag.py:4180} INFO - Setting next_dagrun for dataset_alias_example_alias_producer_with_no_taskflow to None, run_after=None
[2024-09-26T13:29:15.341+0000] {logging_mixin.py:190} INFO - [2024-09-26T13:29:15.341+0000] {dag.py:4180} INFO - Setting next_dagrun for dataset_s3_bucket_consumer_with_no_taskflow to None, run_after=None
[2024-09-26T13:29:15.342+0000] {logging_mixin.py:190} INFO - [2024-09-26T13:29:15.342+0000] {dag.py:4180} INFO - Setting next_dagrun for dataset_s3_bucket_producer_with_no_taskflow to None, run_after=None
[2024-09-26T13:29:15.366+0000] {processor.py:208} INFO - Processing /home/airflow/.local/lib/python3.12/site-packages/airflow/example_dags/example_dataset_alias_with_no_taskflow.py took 0.201 seconds
[2024-09-26T13:29:45.416+0000] {processor.py:186} INFO - Started process (PID=18976) to work on /home/airflow/.local/lib/python3.12/site-packages/airflow/example_dags/example_dataset_alias_with_no_taskflow.py
[2024-09-26T13:29:45.417+0000] {processor.py:914} INFO - Processing file /home/airflow/.local/lib/python3.12/site-packages/airflow/example_dags/example_dataset_alias_with_no_taskflow.py for tasks to queue
[2024-09-26T13:29:45.419+0000] {logging_mixin.py:190} INFO - [2024-09-26T13:29:45.418+0000] {dagbag.py:588} INFO - Filling up the DagBag from /home/airflow/.local/lib/python3.12/site-packages/airflow/example_dags/example_dataset_alias_with_no_taskflow.py
[2024-09-26T13:29:45.536+0000] {processor.py:925} INFO - DAG(s) 'dataset_s3_bucket_consumer_with_no_taskflow', 'dataset_s3_bucket_producer_with_no_taskflow', 'dataset_alias_example_alias_consumer_with_no_taskflow', 'dataset_alias_example_alias_producer_with_no_taskflow' retrieved from /home/airflow/.local/lib/python3.12/site-packages/airflow/example_dags/example_dataset_alias_with_no_taskflow.py
[2024-09-26T13:29:45.556+0000] {logging_mixin.py:190} INFO - [2024-09-26T13:29:45.555+0000] {dag.py:3239} INFO - Sync 4 DAGs
[2024-09-26T13:29:45.576+0000] {logging_mixin.py:190} INFO - [2024-09-26T13:29:45.576+0000] {dag.py:4180} INFO - Setting next_dagrun for dataset_alias_example_alias_consumer_with_no_taskflow to None, run_after=None
[2024-09-26T13:29:45.579+0000] {logging_mixin.py:190} INFO - [2024-09-26T13:29:45.579+0000] {dag.py:4180} INFO - Setting next_dagrun for dataset_alias_example_alias_producer_with_no_taskflow to None, run_after=None
[2024-09-26T13:29:45.581+0000] {logging_mixin.py:190} INFO - [2024-09-26T13:29:45.580+0000] {dag.py:4180} INFO - Setting next_dagrun for dataset_s3_bucket_consumer_with_no_taskflow to None, run_after=None
[2024-09-26T13:29:45.582+0000] {logging_mixin.py:190} INFO - [2024-09-26T13:29:45.581+0000] {dag.py:4180} INFO - Setting next_dagrun for dataset_s3_bucket_producer_with_no_taskflow to None, run_after=None
[2024-09-26T13:29:45.600+0000] {processor.py:208} INFO - Processing /home/airflow/.local/lib/python3.12/site-packages/airflow/example_dags/example_dataset_alias_with_no_taskflow.py took 0.189 seconds
[2024-09-26T13:30:15.647+0000] {processor.py:186} INFO - Started process (PID=19262) to work on /home/airflow/.local/lib/python3.12/site-packages/airflow/example_dags/example_dataset_alias_with_no_taskflow.py
[2024-09-26T13:30:15.648+0000] {processor.py:914} INFO - Processing file /home/airflow/.local/lib/python3.12/site-packages/airflow/example_dags/example_dataset_alias_with_no_taskflow.py for tasks to queue
[2024-09-26T13:30:15.650+0000] {logging_mixin.py:190} INFO - [2024-09-26T13:30:15.650+0000] {dagbag.py:588} INFO - Filling up the DagBag from /home/airflow/.local/lib/python3.12/site-packages/airflow/example_dags/example_dataset_alias_with_no_taskflow.py
[2024-09-26T13:30:15.758+0000] {processor.py:925} INFO - DAG(s) 'dataset_alias_example_alias_consumer_with_no_taskflow', 'dataset_s3_bucket_producer_with_no_taskflow', 'dataset_alias_example_alias_producer_with_no_taskflow', 'dataset_s3_bucket_consumer_with_no_taskflow' retrieved from /home/airflow/.local/lib/python3.12/site-packages/airflow/example_dags/example_dataset_alias_with_no_taskflow.py
[2024-09-26T13:30:15.775+0000] {logging_mixin.py:190} INFO - [2024-09-26T13:30:15.774+0000] {dag.py:3239} INFO - Sync 4 DAGs
[2024-09-26T13:30:15.793+0000] {logging_mixin.py:190} INFO - [2024-09-26T13:30:15.793+0000] {dag.py:4180} INFO - Setting next_dagrun for dataset_alias_example_alias_consumer_with_no_taskflow to None, run_after=None
[2024-09-26T13:30:15.796+0000] {logging_mixin.py:190} INFO - [2024-09-26T13:30:15.796+0000] {dag.py:4180} INFO - Setting next_dagrun for dataset_alias_example_alias_producer_with_no_taskflow to None, run_after=None
[2024-09-26T13:30:15.798+0000] {logging_mixin.py:190} INFO - [2024-09-26T13:30:15.798+0000] {dag.py:4180} INFO - Setting next_dagrun for dataset_s3_bucket_consumer_with_no_taskflow to None, run_after=None
[2024-09-26T13:30:15.799+0000] {logging_mixin.py:190} INFO - [2024-09-26T13:30:15.799+0000] {dag.py:4180} INFO - Setting next_dagrun for dataset_s3_bucket_producer_with_no_taskflow to None, run_after=None
[2024-09-26T13:30:15.817+0000] {processor.py:208} INFO - Processing /home/airflow/.local/lib/python3.12/site-packages/airflow/example_dags/example_dataset_alias_with_no_taskflow.py took 0.173 seconds
[2024-09-26T13:30:46.646+0000] {processor.py:186} INFO - Started process (PID=19551) to work on /home/airflow/.local/lib/python3.12/site-packages/airflow/example_dags/example_dataset_alias_with_no_taskflow.py
[2024-09-26T13:30:46.647+0000] {processor.py:914} INFO - Processing file /home/airflow/.local/lib/python3.12/site-packages/airflow/example_dags/example_dataset_alias_with_no_taskflow.py for tasks to queue
[2024-09-26T13:30:46.648+0000] {logging_mixin.py:190} INFO - [2024-09-26T13:30:46.648+0000] {dagbag.py:588} INFO - Filling up the DagBag from /home/airflow/.local/lib/python3.12/site-packages/airflow/example_dags/example_dataset_alias_with_no_taskflow.py
[2024-09-26T13:30:46.756+0000] {processor.py:925} INFO - DAG(s) 'dataset_alias_example_alias_consumer_with_no_taskflow', 'dataset_s3_bucket_producer_with_no_taskflow', 'dataset_alias_example_alias_producer_with_no_taskflow', 'dataset_s3_bucket_consumer_with_no_taskflow' retrieved from /home/airflow/.local/lib/python3.12/site-packages/airflow/example_dags/example_dataset_alias_with_no_taskflow.py
[2024-09-26T13:30:46.772+0000] {logging_mixin.py:190} INFO - [2024-09-26T13:30:46.772+0000] {dag.py:3239} INFO - Sync 4 DAGs
[2024-09-26T13:30:46.790+0000] {logging_mixin.py:190} INFO - [2024-09-26T13:30:46.790+0000] {dag.py:4180} INFO - Setting next_dagrun for dataset_alias_example_alias_consumer_with_no_taskflow to None, run_after=None
[2024-09-26T13:30:46.794+0000] {logging_mixin.py:190} INFO - [2024-09-26T13:30:46.794+0000] {dag.py:4180} INFO - Setting next_dagrun for dataset_alias_example_alias_producer_with_no_taskflow to None, run_after=None
[2024-09-26T13:30:46.795+0000] {logging_mixin.py:190} INFO - [2024-09-26T13:30:46.795+0000] {dag.py:4180} INFO - Setting next_dagrun for dataset_s3_bucket_consumer_with_no_taskflow to None, run_after=None
[2024-09-26T13:30:46.796+0000] {logging_mixin.py:190} INFO - [2024-09-26T13:30:46.796+0000] {dag.py:4180} INFO - Setting next_dagrun for dataset_s3_bucket_producer_with_no_taskflow to None, run_after=None
[2024-09-26T13:30:46.813+0000] {processor.py:208} INFO - Processing /home/airflow/.local/lib/python3.12/site-packages/airflow/example_dags/example_dataset_alias_with_no_taskflow.py took 0.172 seconds
