[2024-09-26T13:24:57.920+0000] {processor.py:186} INFO - Started process (PID=16259) to work on /home/airflow/.local/lib/python3.12/site-packages/airflow/example_dags/example_sensor_decorator.py
[2024-09-26T13:24:57.921+0000] {processor.py:914} INFO - Processing file /home/airflow/.local/lib/python3.12/site-packages/airflow/example_dags/example_sensor_decorator.py for tasks to queue
[2024-09-26T13:24:57.922+0000] {logging_mixin.py:190} INFO - [2024-09-26T13:24:57.922+0000] {dagbag.py:588} INFO - Filling up the DagBag from /home/airflow/.local/lib/python3.12/site-packages/airflow/example_dags/example_sensor_decorator.py
[2024-09-26T13:24:57.929+0000] {processor.py:925} INFO - DAG(s) 'example_sensor_decorator' retrieved from /home/airflow/.local/lib/python3.12/site-packages/airflow/example_dags/example_sensor_decorator.py
[2024-09-26T13:24:57.943+0000] {logging_mixin.py:190} INFO - [2024-09-26T13:24:57.943+0000] {dag.py:3239} INFO - Sync 1 DAGs
[2024-09-26T13:24:57.956+0000] {logging_mixin.py:190} INFO - [2024-09-26T13:24:57.956+0000] {dag.py:4180} INFO - Setting next_dagrun for example_sensor_decorator to None, run_after=None
[2024-09-26T13:24:57.970+0000] {processor.py:208} INFO - Processing /home/airflow/.local/lib/python3.12/site-packages/airflow/example_dags/example_sensor_decorator.py took 0.054 seconds
[2024-09-26T13:25:28.224+0000] {processor.py:186} INFO - Started process (PID=16545) to work on /home/airflow/.local/lib/python3.12/site-packages/airflow/example_dags/example_sensor_decorator.py
[2024-09-26T13:25:28.225+0000] {processor.py:914} INFO - Processing file /home/airflow/.local/lib/python3.12/site-packages/airflow/example_dags/example_sensor_decorator.py for tasks to queue
[2024-09-26T13:25:28.226+0000] {logging_mixin.py:190} INFO - [2024-09-26T13:25:28.226+0000] {dagbag.py:588} INFO - Filling up the DagBag from /home/airflow/.local/lib/python3.12/site-packages/airflow/example_dags/example_sensor_decorator.py
[2024-09-26T13:25:28.232+0000] {processor.py:925} INFO - DAG(s) 'example_sensor_decorator' retrieved from /home/airflow/.local/lib/python3.12/site-packages/airflow/example_dags/example_sensor_decorator.py
[2024-09-26T13:25:28.246+0000] {logging_mixin.py:190} INFO - [2024-09-26T13:25:28.246+0000] {dag.py:3239} INFO - Sync 1 DAGs
[2024-09-26T13:25:28.258+0000] {logging_mixin.py:190} INFO - [2024-09-26T13:25:28.258+0000] {dag.py:4180} INFO - Setting next_dagrun for example_sensor_decorator to None, run_after=None
[2024-09-26T13:25:28.273+0000] {processor.py:208} INFO - Processing /home/airflow/.local/lib/python3.12/site-packages/airflow/example_dags/example_sensor_decorator.py took 0.053 seconds
[2024-09-26T13:25:58.879+0000] {processor.py:186} INFO - Started process (PID=16831) to work on /home/airflow/.local/lib/python3.12/site-packages/airflow/example_dags/example_sensor_decorator.py
[2024-09-26T13:25:58.879+0000] {processor.py:914} INFO - Processing file /home/airflow/.local/lib/python3.12/site-packages/airflow/example_dags/example_sensor_decorator.py for tasks to queue
[2024-09-26T13:25:58.881+0000] {logging_mixin.py:190} INFO - [2024-09-26T13:25:58.881+0000] {dagbag.py:588} INFO - Filling up the DagBag from /home/airflow/.local/lib/python3.12/site-packages/airflow/example_dags/example_sensor_decorator.py
[2024-09-26T13:25:58.888+0000] {processor.py:925} INFO - DAG(s) 'example_sensor_decorator' retrieved from /home/airflow/.local/lib/python3.12/site-packages/airflow/example_dags/example_sensor_decorator.py
[2024-09-26T13:25:58.903+0000] {logging_mixin.py:190} INFO - [2024-09-26T13:25:58.903+0000] {dag.py:3239} INFO - Sync 1 DAGs
[2024-09-26T13:25:58.916+0000] {logging_mixin.py:190} INFO - [2024-09-26T13:25:58.915+0000] {dag.py:4180} INFO - Setting next_dagrun for example_sensor_decorator to None, run_after=None
[2024-09-26T13:25:58.930+0000] {processor.py:208} INFO - Processing /home/airflow/.local/lib/python3.12/site-packages/airflow/example_dags/example_sensor_decorator.py took 0.056 seconds
[2024-09-26T13:26:29.691+0000] {processor.py:186} INFO - Started process (PID=17117) to work on /home/airflow/.local/lib/python3.12/site-packages/airflow/example_dags/example_sensor_decorator.py
[2024-09-26T13:26:29.692+0000] {processor.py:914} INFO - Processing file /home/airflow/.local/lib/python3.12/site-packages/airflow/example_dags/example_sensor_decorator.py for tasks to queue
[2024-09-26T13:26:29.694+0000] {logging_mixin.py:190} INFO - [2024-09-26T13:26:29.694+0000] {dagbag.py:588} INFO - Filling up the DagBag from /home/airflow/.local/lib/python3.12/site-packages/airflow/example_dags/example_sensor_decorator.py
[2024-09-26T13:26:29.701+0000] {processor.py:925} INFO - DAG(s) 'example_sensor_decorator' retrieved from /home/airflow/.local/lib/python3.12/site-packages/airflow/example_dags/example_sensor_decorator.py
[2024-09-26T13:26:29.716+0000] {logging_mixin.py:190} INFO - [2024-09-26T13:26:29.716+0000] {dag.py:3239} INFO - Sync 1 DAGs
[2024-09-26T13:26:29.728+0000] {logging_mixin.py:190} INFO - [2024-09-26T13:26:29.728+0000] {dag.py:4180} INFO - Setting next_dagrun for example_sensor_decorator to None, run_after=None
[2024-09-26T13:26:29.743+0000] {processor.py:208} INFO - Processing /home/airflow/.local/lib/python3.12/site-packages/airflow/example_dags/example_sensor_decorator.py took 0.057 seconds
[2024-09-26T13:27:00.208+0000] {processor.py:186} INFO - Started process (PID=17403) to work on /home/airflow/.local/lib/python3.12/site-packages/airflow/example_dags/example_sensor_decorator.py
[2024-09-26T13:27:00.209+0000] {processor.py:914} INFO - Processing file /home/airflow/.local/lib/python3.12/site-packages/airflow/example_dags/example_sensor_decorator.py for tasks to queue
[2024-09-26T13:27:00.211+0000] {logging_mixin.py:190} INFO - [2024-09-26T13:27:00.211+0000] {dagbag.py:588} INFO - Filling up the DagBag from /home/airflow/.local/lib/python3.12/site-packages/airflow/example_dags/example_sensor_decorator.py
[2024-09-26T13:27:00.217+0000] {processor.py:925} INFO - DAG(s) 'example_sensor_decorator' retrieved from /home/airflow/.local/lib/python3.12/site-packages/airflow/example_dags/example_sensor_decorator.py
[2024-09-26T13:27:00.231+0000] {logging_mixin.py:190} INFO - [2024-09-26T13:27:00.231+0000] {dag.py:3239} INFO - Sync 1 DAGs
[2024-09-26T13:27:00.243+0000] {logging_mixin.py:190} INFO - [2024-09-26T13:27:00.243+0000] {dag.py:4180} INFO - Setting next_dagrun for example_sensor_decorator to None, run_after=None
[2024-09-26T13:27:00.257+0000] {processor.py:208} INFO - Processing /home/airflow/.local/lib/python3.12/site-packages/airflow/example_dags/example_sensor_decorator.py took 0.053 seconds
[2024-09-26T13:27:31.004+0000] {processor.py:186} INFO - Started process (PID=17689) to work on /home/airflow/.local/lib/python3.12/site-packages/airflow/example_dags/example_sensor_decorator.py
[2024-09-26T13:27:31.004+0000] {processor.py:914} INFO - Processing file /home/airflow/.local/lib/python3.12/site-packages/airflow/example_dags/example_sensor_decorator.py for tasks to queue
[2024-09-26T13:27:31.008+0000] {logging_mixin.py:190} INFO - [2024-09-26T13:27:31.008+0000] {dagbag.py:588} INFO - Filling up the DagBag from /home/airflow/.local/lib/python3.12/site-packages/airflow/example_dags/example_sensor_decorator.py
[2024-09-26T13:27:31.014+0000] {processor.py:925} INFO - DAG(s) 'example_sensor_decorator' retrieved from /home/airflow/.local/lib/python3.12/site-packages/airflow/example_dags/example_sensor_decorator.py
[2024-09-26T13:27:31.032+0000] {logging_mixin.py:190} INFO - [2024-09-26T13:27:31.031+0000] {dag.py:3239} INFO - Sync 1 DAGs
[2024-09-26T13:27:31.044+0000] {logging_mixin.py:190} INFO - [2024-09-26T13:27:31.044+0000] {dag.py:4180} INFO - Setting next_dagrun for example_sensor_decorator to None, run_after=None
[2024-09-26T13:27:31.063+0000] {processor.py:208} INFO - Processing /home/airflow/.local/lib/python3.12/site-packages/airflow/example_dags/example_sensor_decorator.py took 0.063 seconds
[2024-09-26T13:28:02.158+0000] {processor.py:186} INFO - Started process (PID=17975) to work on /home/airflow/.local/lib/python3.12/site-packages/airflow/example_dags/example_sensor_decorator.py
[2024-09-26T13:28:02.159+0000] {processor.py:914} INFO - Processing file /home/airflow/.local/lib/python3.12/site-packages/airflow/example_dags/example_sensor_decorator.py for tasks to queue
[2024-09-26T13:28:02.161+0000] {logging_mixin.py:190} INFO - [2024-09-26T13:28:02.161+0000] {dagbag.py:588} INFO - Filling up the DagBag from /home/airflow/.local/lib/python3.12/site-packages/airflow/example_dags/example_sensor_decorator.py
[2024-09-26T13:28:02.167+0000] {processor.py:925} INFO - DAG(s) 'example_sensor_decorator' retrieved from /home/airflow/.local/lib/python3.12/site-packages/airflow/example_dags/example_sensor_decorator.py
[2024-09-26T13:28:02.183+0000] {logging_mixin.py:190} INFO - [2024-09-26T13:28:02.183+0000] {dag.py:3239} INFO - Sync 1 DAGs
[2024-09-26T13:28:02.321+0000] {logging_mixin.py:190} INFO - [2024-09-26T13:28:02.321+0000] {dag.py:4180} INFO - Setting next_dagrun for example_sensor_decorator to None, run_after=None
[2024-09-26T13:28:02.334+0000] {processor.py:208} INFO - Processing /home/airflow/.local/lib/python3.12/site-packages/airflow/example_dags/example_sensor_decorator.py took 0.181 seconds
[2024-09-26T13:28:32.527+0000] {processor.py:186} INFO - Started process (PID=18261) to work on /home/airflow/.local/lib/python3.12/site-packages/airflow/example_dags/example_sensor_decorator.py
[2024-09-26T13:28:32.528+0000] {processor.py:914} INFO - Processing file /home/airflow/.local/lib/python3.12/site-packages/airflow/example_dags/example_sensor_decorator.py for tasks to queue
[2024-09-26T13:28:32.529+0000] {logging_mixin.py:190} INFO - [2024-09-26T13:28:32.529+0000] {dagbag.py:588} INFO - Filling up the DagBag from /home/airflow/.local/lib/python3.12/site-packages/airflow/example_dags/example_sensor_decorator.py
[2024-09-26T13:28:32.535+0000] {processor.py:925} INFO - DAG(s) 'example_sensor_decorator' retrieved from /home/airflow/.local/lib/python3.12/site-packages/airflow/example_dags/example_sensor_decorator.py
[2024-09-26T13:28:32.550+0000] {logging_mixin.py:190} INFO - [2024-09-26T13:28:32.550+0000] {dag.py:3239} INFO - Sync 1 DAGs
[2024-09-26T13:28:32.564+0000] {logging_mixin.py:190} INFO - [2024-09-26T13:28:32.564+0000] {dag.py:4180} INFO - Setting next_dagrun for example_sensor_decorator to None, run_after=None
[2024-09-26T13:28:32.579+0000] {processor.py:208} INFO - Processing /home/airflow/.local/lib/python3.12/site-packages/airflow/example_dags/example_sensor_decorator.py took 0.056 seconds
[2024-09-26T13:29:02.820+0000] {processor.py:186} INFO - Started process (PID=18547) to work on /home/airflow/.local/lib/python3.12/site-packages/airflow/example_dags/example_sensor_decorator.py
[2024-09-26T13:29:02.821+0000] {processor.py:914} INFO - Processing file /home/airflow/.local/lib/python3.12/site-packages/airflow/example_dags/example_sensor_decorator.py for tasks to queue
[2024-09-26T13:29:02.822+0000] {logging_mixin.py:190} INFO - [2024-09-26T13:29:02.822+0000] {dagbag.py:588} INFO - Filling up the DagBag from /home/airflow/.local/lib/python3.12/site-packages/airflow/example_dags/example_sensor_decorator.py
[2024-09-26T13:29:02.828+0000] {processor.py:925} INFO - DAG(s) 'example_sensor_decorator' retrieved from /home/airflow/.local/lib/python3.12/site-packages/airflow/example_dags/example_sensor_decorator.py
[2024-09-26T13:29:02.843+0000] {logging_mixin.py:190} INFO - [2024-09-26T13:29:02.843+0000] {dag.py:3239} INFO - Sync 1 DAGs
[2024-09-26T13:29:02.856+0000] {logging_mixin.py:190} INFO - [2024-09-26T13:29:02.856+0000] {dag.py:4180} INFO - Setting next_dagrun for example_sensor_decorator to None, run_after=None
[2024-09-26T13:29:02.871+0000] {processor.py:208} INFO - Processing /home/airflow/.local/lib/python3.12/site-packages/airflow/example_dags/example_sensor_decorator.py took 0.056 seconds
[2024-09-26T13:29:33.852+0000] {processor.py:186} INFO - Started process (PID=18833) to work on /home/airflow/.local/lib/python3.12/site-packages/airflow/example_dags/example_sensor_decorator.py
[2024-09-26T13:29:33.853+0000] {processor.py:914} INFO - Processing file /home/airflow/.local/lib/python3.12/site-packages/airflow/example_dags/example_sensor_decorator.py for tasks to queue
[2024-09-26T13:29:33.854+0000] {logging_mixin.py:190} INFO - [2024-09-26T13:29:33.854+0000] {dagbag.py:588} INFO - Filling up the DagBag from /home/airflow/.local/lib/python3.12/site-packages/airflow/example_dags/example_sensor_decorator.py
[2024-09-26T13:29:33.861+0000] {processor.py:925} INFO - DAG(s) 'example_sensor_decorator' retrieved from /home/airflow/.local/lib/python3.12/site-packages/airflow/example_dags/example_sensor_decorator.py
[2024-09-26T13:29:33.875+0000] {logging_mixin.py:190} INFO - [2024-09-26T13:29:33.875+0000] {dag.py:3239} INFO - Sync 1 DAGs
[2024-09-26T13:29:33.888+0000] {logging_mixin.py:190} INFO - [2024-09-26T13:29:33.888+0000] {dag.py:4180} INFO - Setting next_dagrun for example_sensor_decorator to None, run_after=None
[2024-09-26T13:29:33.902+0000] {processor.py:208} INFO - Processing /home/airflow/.local/lib/python3.12/site-packages/airflow/example_dags/example_sensor_decorator.py took 0.055 seconds
[2024-09-26T13:30:04.087+0000] {processor.py:186} INFO - Started process (PID=19119) to work on /home/airflow/.local/lib/python3.12/site-packages/airflow/example_dags/example_sensor_decorator.py
[2024-09-26T13:30:04.088+0000] {processor.py:914} INFO - Processing file /home/airflow/.local/lib/python3.12/site-packages/airflow/example_dags/example_sensor_decorator.py for tasks to queue
[2024-09-26T13:30:04.091+0000] {logging_mixin.py:190} INFO - [2024-09-26T13:30:04.090+0000] {dagbag.py:588} INFO - Filling up the DagBag from /home/airflow/.local/lib/python3.12/site-packages/airflow/example_dags/example_sensor_decorator.py
[2024-09-26T13:30:04.097+0000] {processor.py:925} INFO - DAG(s) 'example_sensor_decorator' retrieved from /home/airflow/.local/lib/python3.12/site-packages/airflow/example_dags/example_sensor_decorator.py
[2024-09-26T13:30:04.113+0000] {logging_mixin.py:190} INFO - [2024-09-26T13:30:04.112+0000] {dag.py:3239} INFO - Sync 1 DAGs
[2024-09-26T13:30:04.128+0000] {logging_mixin.py:190} INFO - [2024-09-26T13:30:04.128+0000] {dag.py:4180} INFO - Setting next_dagrun for example_sensor_decorator to None, run_after=None
[2024-09-26T13:30:04.143+0000] {processor.py:208} INFO - Processing /home/airflow/.local/lib/python3.12/site-packages/airflow/example_dags/example_sensor_decorator.py took 0.062 seconds
[2024-09-26T13:30:34.304+0000] {processor.py:186} INFO - Started process (PID=19405) to work on /home/airflow/.local/lib/python3.12/site-packages/airflow/example_dags/example_sensor_decorator.py
[2024-09-26T13:30:34.305+0000] {processor.py:914} INFO - Processing file /home/airflow/.local/lib/python3.12/site-packages/airflow/example_dags/example_sensor_decorator.py for tasks to queue
[2024-09-26T13:30:34.306+0000] {logging_mixin.py:190} INFO - [2024-09-26T13:30:34.306+0000] {dagbag.py:588} INFO - Filling up the DagBag from /home/airflow/.local/lib/python3.12/site-packages/airflow/example_dags/example_sensor_decorator.py
[2024-09-26T13:30:34.313+0000] {processor.py:925} INFO - DAG(s) 'example_sensor_decorator' retrieved from /home/airflow/.local/lib/python3.12/site-packages/airflow/example_dags/example_sensor_decorator.py
[2024-09-26T13:30:34.335+0000] {logging_mixin.py:190} INFO - [2024-09-26T13:30:34.335+0000] {dag.py:3239} INFO - Sync 1 DAGs
[2024-09-26T13:30:34.349+0000] {logging_mixin.py:190} INFO - [2024-09-26T13:30:34.349+0000] {dag.py:4180} INFO - Setting next_dagrun for example_sensor_decorator to None, run_after=None
[2024-09-26T13:30:34.364+0000] {processor.py:208} INFO - Processing /home/airflow/.local/lib/python3.12/site-packages/airflow/example_dags/example_sensor_decorator.py took 0.064 seconds
[2024-09-26T13:31:05.183+0000] {processor.py:186} INFO - Started process (PID=19691) to work on /home/airflow/.local/lib/python3.12/site-packages/airflow/example_dags/example_sensor_decorator.py
[2024-09-26T13:31:05.183+0000] {processor.py:914} INFO - Processing file /home/airflow/.local/lib/python3.12/site-packages/airflow/example_dags/example_sensor_decorator.py for tasks to queue
[2024-09-26T13:31:05.185+0000] {logging_mixin.py:190} INFO - [2024-09-26T13:31:05.185+0000] {dagbag.py:588} INFO - Filling up the DagBag from /home/airflow/.local/lib/python3.12/site-packages/airflow/example_dags/example_sensor_decorator.py
[2024-09-26T13:31:05.191+0000] {processor.py:925} INFO - DAG(s) 'example_sensor_decorator' retrieved from /home/airflow/.local/lib/python3.12/site-packages/airflow/example_dags/example_sensor_decorator.py
[2024-09-26T13:31:05.206+0000] {logging_mixin.py:190} INFO - [2024-09-26T13:31:05.206+0000] {dag.py:3239} INFO - Sync 1 DAGs
[2024-09-26T13:31:05.219+0000] {logging_mixin.py:190} INFO - [2024-09-26T13:31:05.218+0000] {dag.py:4180} INFO - Setting next_dagrun for example_sensor_decorator to None, run_after=None
[2024-09-26T13:31:05.234+0000] {processor.py:208} INFO - Processing /home/airflow/.local/lib/python3.12/site-packages/airflow/example_dags/example_sensor_decorator.py took 0.056 seconds
[2024-09-26T13:31:36.088+0000] {processor.py:186} INFO - Started process (PID=19978) to work on /home/airflow/.local/lib/python3.12/site-packages/airflow/example_dags/example_sensor_decorator.py
[2024-09-26T13:31:36.089+0000] {processor.py:914} INFO - Processing file /home/airflow/.local/lib/python3.12/site-packages/airflow/example_dags/example_sensor_decorator.py for tasks to queue
[2024-09-26T13:31:36.091+0000] {logging_mixin.py:190} INFO - [2024-09-26T13:31:36.090+0000] {dagbag.py:588} INFO - Filling up the DagBag from /home/airflow/.local/lib/python3.12/site-packages/airflow/example_dags/example_sensor_decorator.py
[2024-09-26T13:31:36.097+0000] {processor.py:925} INFO - DAG(s) 'example_sensor_decorator' retrieved from /home/airflow/.local/lib/python3.12/site-packages/airflow/example_dags/example_sensor_decorator.py
[2024-09-26T13:31:36.113+0000] {logging_mixin.py:190} INFO - [2024-09-26T13:31:36.113+0000] {dag.py:3239} INFO - Sync 1 DAGs
[2024-09-26T13:31:36.126+0000] {logging_mixin.py:190} INFO - [2024-09-26T13:31:36.126+0000] {dag.py:4180} INFO - Setting next_dagrun for example_sensor_decorator to None, run_after=None
[2024-09-26T13:31:36.141+0000] {processor.py:208} INFO - Processing /home/airflow/.local/lib/python3.12/site-packages/airflow/example_dags/example_sensor_decorator.py took 0.057 seconds
[2024-09-26T13:32:06.906+0000] {processor.py:186} INFO - Started process (PID=20264) to work on /home/airflow/.local/lib/python3.12/site-packages/airflow/example_dags/example_sensor_decorator.py
[2024-09-26T13:32:06.906+0000] {processor.py:914} INFO - Processing file /home/airflow/.local/lib/python3.12/site-packages/airflow/example_dags/example_sensor_decorator.py for tasks to queue
[2024-09-26T13:32:06.908+0000] {logging_mixin.py:190} INFO - [2024-09-26T13:32:06.908+0000] {dagbag.py:588} INFO - Filling up the DagBag from /home/airflow/.local/lib/python3.12/site-packages/airflow/example_dags/example_sensor_decorator.py
[2024-09-26T13:32:06.914+0000] {processor.py:925} INFO - DAG(s) 'example_sensor_decorator' retrieved from /home/airflow/.local/lib/python3.12/site-packages/airflow/example_dags/example_sensor_decorator.py
[2024-09-26T13:32:06.928+0000] {logging_mixin.py:190} INFO - [2024-09-26T13:32:06.928+0000] {dag.py:3239} INFO - Sync 1 DAGs
[2024-09-26T13:32:06.940+0000] {logging_mixin.py:190} INFO - [2024-09-26T13:32:06.940+0000] {dag.py:4180} INFO - Setting next_dagrun for example_sensor_decorator to None, run_after=None
[2024-09-26T13:32:06.955+0000] {processor.py:208} INFO - Processing /home/airflow/.local/lib/python3.12/site-packages/airflow/example_dags/example_sensor_decorator.py took 0.054 seconds
[2024-09-26T13:32:37.649+0000] {processor.py:186} INFO - Started process (PID=20550) to work on /home/airflow/.local/lib/python3.12/site-packages/airflow/example_dags/example_sensor_decorator.py
[2024-09-26T13:32:37.650+0000] {processor.py:914} INFO - Processing file /home/airflow/.local/lib/python3.12/site-packages/airflow/example_dags/example_sensor_decorator.py for tasks to queue
[2024-09-26T13:32:37.651+0000] {logging_mixin.py:190} INFO - [2024-09-26T13:32:37.651+0000] {dagbag.py:588} INFO - Filling up the DagBag from /home/airflow/.local/lib/python3.12/site-packages/airflow/example_dags/example_sensor_decorator.py
[2024-09-26T13:32:37.657+0000] {processor.py:925} INFO - DAG(s) 'example_sensor_decorator' retrieved from /home/airflow/.local/lib/python3.12/site-packages/airflow/example_dags/example_sensor_decorator.py
[2024-09-26T13:32:37.673+0000] {logging_mixin.py:190} INFO - [2024-09-26T13:32:37.673+0000] {dag.py:3239} INFO - Sync 1 DAGs
[2024-09-26T13:32:37.686+0000] {logging_mixin.py:190} INFO - [2024-09-26T13:32:37.686+0000] {dag.py:4180} INFO - Setting next_dagrun for example_sensor_decorator to None, run_after=None
[2024-09-26T13:32:37.700+0000] {processor.py:208} INFO - Processing /home/airflow/.local/lib/python3.12/site-packages/airflow/example_dags/example_sensor_decorator.py took 0.056 seconds
[2024-09-26T13:33:08.484+0000] {processor.py:186} INFO - Started process (PID=20836) to work on /home/airflow/.local/lib/python3.12/site-packages/airflow/example_dags/example_sensor_decorator.py
[2024-09-26T13:33:08.484+0000] {processor.py:914} INFO - Processing file /home/airflow/.local/lib/python3.12/site-packages/airflow/example_dags/example_sensor_decorator.py for tasks to queue
[2024-09-26T13:33:08.486+0000] {logging_mixin.py:190} INFO - [2024-09-26T13:33:08.486+0000] {dagbag.py:588} INFO - Filling up the DagBag from /home/airflow/.local/lib/python3.12/site-packages/airflow/example_dags/example_sensor_decorator.py
[2024-09-26T13:33:08.492+0000] {processor.py:925} INFO - DAG(s) 'example_sensor_decorator' retrieved from /home/airflow/.local/lib/python3.12/site-packages/airflow/example_dags/example_sensor_decorator.py
[2024-09-26T13:33:08.508+0000] {logging_mixin.py:190} INFO - [2024-09-26T13:33:08.508+0000] {dag.py:3239} INFO - Sync 1 DAGs
[2024-09-26T13:33:08.520+0000] {logging_mixin.py:190} INFO - [2024-09-26T13:33:08.520+0000] {dag.py:4180} INFO - Setting next_dagrun for example_sensor_decorator to None, run_after=None
[2024-09-26T13:33:08.535+0000] {processor.py:208} INFO - Processing /home/airflow/.local/lib/python3.12/site-packages/airflow/example_dags/example_sensor_decorator.py took 0.056 seconds
[2024-09-26T13:33:39.359+0000] {processor.py:186} INFO - Started process (PID=21122) to work on /home/airflow/.local/lib/python3.12/site-packages/airflow/example_dags/example_sensor_decorator.py
[2024-09-26T13:33:39.360+0000] {processor.py:914} INFO - Processing file /home/airflow/.local/lib/python3.12/site-packages/airflow/example_dags/example_sensor_decorator.py for tasks to queue
[2024-09-26T13:33:39.361+0000] {logging_mixin.py:190} INFO - [2024-09-26T13:33:39.361+0000] {dagbag.py:588} INFO - Filling up the DagBag from /home/airflow/.local/lib/python3.12/site-packages/airflow/example_dags/example_sensor_decorator.py
[2024-09-26T13:33:39.367+0000] {processor.py:925} INFO - DAG(s) 'example_sensor_decorator' retrieved from /home/airflow/.local/lib/python3.12/site-packages/airflow/example_dags/example_sensor_decorator.py
[2024-09-26T13:33:39.382+0000] {logging_mixin.py:190} INFO - [2024-09-26T13:33:39.382+0000] {dag.py:3239} INFO - Sync 1 DAGs
[2024-09-26T13:33:39.394+0000] {logging_mixin.py:190} INFO - [2024-09-26T13:33:39.393+0000] {dag.py:4180} INFO - Setting next_dagrun for example_sensor_decorator to None, run_after=None
[2024-09-26T13:33:39.407+0000] {processor.py:208} INFO - Processing /home/airflow/.local/lib/python3.12/site-packages/airflow/example_dags/example_sensor_decorator.py took 0.053 seconds
[2024-09-26T13:34:10.301+0000] {processor.py:186} INFO - Started process (PID=21408) to work on /home/airflow/.local/lib/python3.12/site-packages/airflow/example_dags/example_sensor_decorator.py
[2024-09-26T13:34:10.302+0000] {processor.py:914} INFO - Processing file /home/airflow/.local/lib/python3.12/site-packages/airflow/example_dags/example_sensor_decorator.py for tasks to queue
[2024-09-26T13:34:10.304+0000] {logging_mixin.py:190} INFO - [2024-09-26T13:34:10.304+0000] {dagbag.py:588} INFO - Filling up the DagBag from /home/airflow/.local/lib/python3.12/site-packages/airflow/example_dags/example_sensor_decorator.py
[2024-09-26T13:34:10.310+0000] {processor.py:925} INFO - DAG(s) 'example_sensor_decorator' retrieved from /home/airflow/.local/lib/python3.12/site-packages/airflow/example_dags/example_sensor_decorator.py
[2024-09-26T13:34:10.325+0000] {logging_mixin.py:190} INFO - [2024-09-26T13:34:10.325+0000] {dag.py:3239} INFO - Sync 1 DAGs
[2024-09-26T13:34:10.339+0000] {logging_mixin.py:190} INFO - [2024-09-26T13:34:10.338+0000] {dag.py:4180} INFO - Setting next_dagrun for example_sensor_decorator to None, run_after=None
[2024-09-26T13:34:10.353+0000] {processor.py:208} INFO - Processing /home/airflow/.local/lib/python3.12/site-packages/airflow/example_dags/example_sensor_decorator.py took 0.057 seconds
[2024-09-26T13:34:41.007+0000] {processor.py:186} INFO - Started process (PID=21694) to work on /home/airflow/.local/lib/python3.12/site-packages/airflow/example_dags/example_sensor_decorator.py
[2024-09-26T13:34:41.007+0000] {processor.py:914} INFO - Processing file /home/airflow/.local/lib/python3.12/site-packages/airflow/example_dags/example_sensor_decorator.py for tasks to queue
[2024-09-26T13:34:41.009+0000] {logging_mixin.py:190} INFO - [2024-09-26T13:34:41.009+0000] {dagbag.py:588} INFO - Filling up the DagBag from /home/airflow/.local/lib/python3.12/site-packages/airflow/example_dags/example_sensor_decorator.py
[2024-09-26T13:34:41.016+0000] {processor.py:925} INFO - DAG(s) 'example_sensor_decorator' retrieved from /home/airflow/.local/lib/python3.12/site-packages/airflow/example_dags/example_sensor_decorator.py
[2024-09-26T13:34:41.031+0000] {logging_mixin.py:190} INFO - [2024-09-26T13:34:41.031+0000] {dag.py:3239} INFO - Sync 1 DAGs
[2024-09-26T13:34:41.045+0000] {logging_mixin.py:190} INFO - [2024-09-26T13:34:41.045+0000] {dag.py:4180} INFO - Setting next_dagrun for example_sensor_decorator to None, run_after=None
[2024-09-26T13:34:41.059+0000] {processor.py:208} INFO - Processing /home/airflow/.local/lib/python3.12/site-packages/airflow/example_dags/example_sensor_decorator.py took 0.057 seconds
[2024-09-26T13:35:12.004+0000] {processor.py:186} INFO - Started process (PID=21980) to work on /home/airflow/.local/lib/python3.12/site-packages/airflow/example_dags/example_sensor_decorator.py
[2024-09-26T13:35:12.005+0000] {processor.py:914} INFO - Processing file /home/airflow/.local/lib/python3.12/site-packages/airflow/example_dags/example_sensor_decorator.py for tasks to queue
[2024-09-26T13:35:12.006+0000] {logging_mixin.py:190} INFO - [2024-09-26T13:35:12.006+0000] {dagbag.py:588} INFO - Filling up the DagBag from /home/airflow/.local/lib/python3.12/site-packages/airflow/example_dags/example_sensor_decorator.py
[2024-09-26T13:35:12.012+0000] {processor.py:925} INFO - DAG(s) 'example_sensor_decorator' retrieved from /home/airflow/.local/lib/python3.12/site-packages/airflow/example_dags/example_sensor_decorator.py
[2024-09-26T13:35:12.027+0000] {logging_mixin.py:190} INFO - [2024-09-26T13:35:12.026+0000] {dag.py:3239} INFO - Sync 1 DAGs
[2024-09-26T13:35:12.040+0000] {logging_mixin.py:190} INFO - [2024-09-26T13:35:12.040+0000] {dag.py:4180} INFO - Setting next_dagrun for example_sensor_decorator to None, run_after=None
[2024-09-26T13:35:12.055+0000] {processor.py:208} INFO - Processing /home/airflow/.local/lib/python3.12/site-packages/airflow/example_dags/example_sensor_decorator.py took 0.056 seconds
[2024-09-26T13:35:42.409+0000] {processor.py:186} INFO - Started process (PID=22266) to work on /home/airflow/.local/lib/python3.12/site-packages/airflow/example_dags/example_sensor_decorator.py
[2024-09-26T13:35:42.410+0000] {processor.py:914} INFO - Processing file /home/airflow/.local/lib/python3.12/site-packages/airflow/example_dags/example_sensor_decorator.py for tasks to queue
[2024-09-26T13:35:42.412+0000] {logging_mixin.py:190} INFO - [2024-09-26T13:35:42.411+0000] {dagbag.py:588} INFO - Filling up the DagBag from /home/airflow/.local/lib/python3.12/site-packages/airflow/example_dags/example_sensor_decorator.py
[2024-09-26T13:35:42.421+0000] {processor.py:925} INFO - DAG(s) 'example_sensor_decorator' retrieved from /home/airflow/.local/lib/python3.12/site-packages/airflow/example_dags/example_sensor_decorator.py
[2024-09-26T13:35:42.438+0000] {logging_mixin.py:190} INFO - [2024-09-26T13:35:42.438+0000] {dag.py:3239} INFO - Sync 1 DAGs
[2024-09-26T13:35:42.452+0000] {logging_mixin.py:190} INFO - [2024-09-26T13:35:42.452+0000] {dag.py:4180} INFO - Setting next_dagrun for example_sensor_decorator to None, run_after=None
[2024-09-26T13:35:42.469+0000] {processor.py:208} INFO - Processing /home/airflow/.local/lib/python3.12/site-packages/airflow/example_dags/example_sensor_decorator.py took 0.067 seconds
[2024-09-26T13:36:12.540+0000] {processor.py:186} INFO - Started process (PID=22552) to work on /home/airflow/.local/lib/python3.12/site-packages/airflow/example_dags/example_sensor_decorator.py
[2024-09-26T13:36:12.541+0000] {processor.py:914} INFO - Processing file /home/airflow/.local/lib/python3.12/site-packages/airflow/example_dags/example_sensor_decorator.py for tasks to queue
[2024-09-26T13:36:12.543+0000] {logging_mixin.py:190} INFO - [2024-09-26T13:36:12.543+0000] {dagbag.py:588} INFO - Filling up the DagBag from /home/airflow/.local/lib/python3.12/site-packages/airflow/example_dags/example_sensor_decorator.py
[2024-09-26T13:36:12.549+0000] {processor.py:925} INFO - DAG(s) 'example_sensor_decorator' retrieved from /home/airflow/.local/lib/python3.12/site-packages/airflow/example_dags/example_sensor_decorator.py
[2024-09-26T13:36:12.565+0000] {logging_mixin.py:190} INFO - [2024-09-26T13:36:12.565+0000] {dag.py:3239} INFO - Sync 1 DAGs
[2024-09-26T13:36:12.578+0000] {logging_mixin.py:190} INFO - [2024-09-26T13:36:12.578+0000] {dag.py:4180} INFO - Setting next_dagrun for example_sensor_decorator to None, run_after=None
[2024-09-26T13:36:12.593+0000] {processor.py:208} INFO - Processing /home/airflow/.local/lib/python3.12/site-packages/airflow/example_dags/example_sensor_decorator.py took 0.057 seconds
[2024-09-26T13:36:42.767+0000] {processor.py:186} INFO - Started process (PID=22843) to work on /home/airflow/.local/lib/python3.12/site-packages/airflow/example_dags/example_sensor_decorator.py
[2024-09-26T13:36:42.768+0000] {processor.py:914} INFO - Processing file /home/airflow/.local/lib/python3.12/site-packages/airflow/example_dags/example_sensor_decorator.py for tasks to queue
[2024-09-26T13:36:42.769+0000] {logging_mixin.py:190} INFO - [2024-09-26T13:36:42.769+0000] {dagbag.py:588} INFO - Filling up the DagBag from /home/airflow/.local/lib/python3.12/site-packages/airflow/example_dags/example_sensor_decorator.py
[2024-09-26T13:36:42.776+0000] {processor.py:925} INFO - DAG(s) 'example_sensor_decorator' retrieved from /home/airflow/.local/lib/python3.12/site-packages/airflow/example_dags/example_sensor_decorator.py
[2024-09-26T13:36:42.792+0000] {logging_mixin.py:190} INFO - [2024-09-26T13:36:42.791+0000] {dag.py:3239} INFO - Sync 1 DAGs
[2024-09-26T13:36:42.805+0000] {logging_mixin.py:190} INFO - [2024-09-26T13:36:42.805+0000] {dag.py:4180} INFO - Setting next_dagrun for example_sensor_decorator to None, run_after=None
[2024-09-26T13:36:42.820+0000] {processor.py:208} INFO - Processing /home/airflow/.local/lib/python3.12/site-packages/airflow/example_dags/example_sensor_decorator.py took 0.058 seconds
[2024-09-26T13:37:13.085+0000] {processor.py:186} INFO - Started process (PID=23134) to work on /home/airflow/.local/lib/python3.12/site-packages/airflow/example_dags/example_sensor_decorator.py
[2024-09-26T13:37:13.086+0000] {processor.py:914} INFO - Processing file /home/airflow/.local/lib/python3.12/site-packages/airflow/example_dags/example_sensor_decorator.py for tasks to queue
[2024-09-26T13:37:13.088+0000] {logging_mixin.py:190} INFO - [2024-09-26T13:37:13.088+0000] {dagbag.py:588} INFO - Filling up the DagBag from /home/airflow/.local/lib/python3.12/site-packages/airflow/example_dags/example_sensor_decorator.py
[2024-09-26T13:37:13.095+0000] {processor.py:925} INFO - DAG(s) 'example_sensor_decorator' retrieved from /home/airflow/.local/lib/python3.12/site-packages/airflow/example_dags/example_sensor_decorator.py
[2024-09-26T13:37:13.111+0000] {logging_mixin.py:190} INFO - [2024-09-26T13:37:13.111+0000] {dag.py:3239} INFO - Sync 1 DAGs
[2024-09-26T13:37:13.124+0000] {logging_mixin.py:190} INFO - [2024-09-26T13:37:13.123+0000] {dag.py:4180} INFO - Setting next_dagrun for example_sensor_decorator to None, run_after=None
[2024-09-26T13:37:13.141+0000] {processor.py:208} INFO - Processing /home/airflow/.local/lib/python3.12/site-packages/airflow/example_dags/example_sensor_decorator.py took 0.061 seconds
[2024-09-26T13:37:43.434+0000] {processor.py:186} INFO - Started process (PID=23425) to work on /home/airflow/.local/lib/python3.12/site-packages/airflow/example_dags/example_sensor_decorator.py
[2024-09-26T13:37:43.435+0000] {processor.py:914} INFO - Processing file /home/airflow/.local/lib/python3.12/site-packages/airflow/example_dags/example_sensor_decorator.py for tasks to queue
[2024-09-26T13:37:43.437+0000] {logging_mixin.py:190} INFO - [2024-09-26T13:37:43.437+0000] {dagbag.py:588} INFO - Filling up the DagBag from /home/airflow/.local/lib/python3.12/site-packages/airflow/example_dags/example_sensor_decorator.py
[2024-09-26T13:37:43.443+0000] {processor.py:925} INFO - DAG(s) 'example_sensor_decorator' retrieved from /home/airflow/.local/lib/python3.12/site-packages/airflow/example_dags/example_sensor_decorator.py
[2024-09-26T13:37:43.458+0000] {logging_mixin.py:190} INFO - [2024-09-26T13:37:43.458+0000] {dag.py:3239} INFO - Sync 1 DAGs
[2024-09-26T13:37:43.470+0000] {logging_mixin.py:190} INFO - [2024-09-26T13:37:43.470+0000] {dag.py:4180} INFO - Setting next_dagrun for example_sensor_decorator to None, run_after=None
[2024-09-26T13:37:43.485+0000] {processor.py:208} INFO - Processing /home/airflow/.local/lib/python3.12/site-packages/airflow/example_dags/example_sensor_decorator.py took 0.055 seconds
[2024-09-26T13:38:14.460+0000] {processor.py:186} INFO - Started process (PID=23716) to work on /home/airflow/.local/lib/python3.12/site-packages/airflow/example_dags/example_sensor_decorator.py
[2024-09-26T13:38:14.461+0000] {processor.py:914} INFO - Processing file /home/airflow/.local/lib/python3.12/site-packages/airflow/example_dags/example_sensor_decorator.py for tasks to queue
[2024-09-26T13:38:14.463+0000] {logging_mixin.py:190} INFO - [2024-09-26T13:38:14.463+0000] {dagbag.py:588} INFO - Filling up the DagBag from /home/airflow/.local/lib/python3.12/site-packages/airflow/example_dags/example_sensor_decorator.py
[2024-09-26T13:38:14.469+0000] {processor.py:925} INFO - DAG(s) 'example_sensor_decorator' retrieved from /home/airflow/.local/lib/python3.12/site-packages/airflow/example_dags/example_sensor_decorator.py
[2024-09-26T13:38:14.484+0000] {logging_mixin.py:190} INFO - [2024-09-26T13:38:14.484+0000] {dag.py:3239} INFO - Sync 1 DAGs
[2024-09-26T13:38:14.497+0000] {logging_mixin.py:190} INFO - [2024-09-26T13:38:14.497+0000] {dag.py:4180} INFO - Setting next_dagrun for example_sensor_decorator to None, run_after=None
[2024-09-26T13:38:14.512+0000] {processor.py:208} INFO - Processing /home/airflow/.local/lib/python3.12/site-packages/airflow/example_dags/example_sensor_decorator.py took 0.056 seconds
[2024-09-26T13:38:44.728+0000] {processor.py:186} INFO - Started process (PID=24007) to work on /home/airflow/.local/lib/python3.12/site-packages/airflow/example_dags/example_sensor_decorator.py
[2024-09-26T13:38:44.729+0000] {processor.py:914} INFO - Processing file /home/airflow/.local/lib/python3.12/site-packages/airflow/example_dags/example_sensor_decorator.py for tasks to queue
[2024-09-26T13:38:44.731+0000] {logging_mixin.py:190} INFO - [2024-09-26T13:38:44.731+0000] {dagbag.py:588} INFO - Filling up the DagBag from /home/airflow/.local/lib/python3.12/site-packages/airflow/example_dags/example_sensor_decorator.py
[2024-09-26T13:38:44.737+0000] {processor.py:925} INFO - DAG(s) 'example_sensor_decorator' retrieved from /home/airflow/.local/lib/python3.12/site-packages/airflow/example_dags/example_sensor_decorator.py
[2024-09-26T13:38:44.752+0000] {logging_mixin.py:190} INFO - [2024-09-26T13:38:44.752+0000] {dag.py:3239} INFO - Sync 1 DAGs
[2024-09-26T13:38:44.764+0000] {logging_mixin.py:190} INFO - [2024-09-26T13:38:44.764+0000] {dag.py:4180} INFO - Setting next_dagrun for example_sensor_decorator to None, run_after=None
[2024-09-26T13:38:44.779+0000] {processor.py:208} INFO - Processing /home/airflow/.local/lib/python3.12/site-packages/airflow/example_dags/example_sensor_decorator.py took 0.056 seconds
[2024-09-26T13:39:14.866+0000] {processor.py:186} INFO - Started process (PID=24304) to work on /home/airflow/.local/lib/python3.12/site-packages/airflow/example_dags/example_sensor_decorator.py
[2024-09-26T13:39:14.867+0000] {processor.py:914} INFO - Processing file /home/airflow/.local/lib/python3.12/site-packages/airflow/example_dags/example_sensor_decorator.py for tasks to queue
[2024-09-26T13:39:14.868+0000] {logging_mixin.py:190} INFO - [2024-09-26T13:39:14.868+0000] {dagbag.py:588} INFO - Filling up the DagBag from /home/airflow/.local/lib/python3.12/site-packages/airflow/example_dags/example_sensor_decorator.py
[2024-09-26T13:39:14.874+0000] {processor.py:925} INFO - DAG(s) 'example_sensor_decorator' retrieved from /home/airflow/.local/lib/python3.12/site-packages/airflow/example_dags/example_sensor_decorator.py
[2024-09-26T13:39:14.889+0000] {logging_mixin.py:190} INFO - [2024-09-26T13:39:14.889+0000] {dag.py:3239} INFO - Sync 1 DAGs
[2024-09-26T13:39:14.901+0000] {logging_mixin.py:190} INFO - [2024-09-26T13:39:14.901+0000] {dag.py:4180} INFO - Setting next_dagrun for example_sensor_decorator to None, run_after=None
[2024-09-26T13:39:14.916+0000] {processor.py:208} INFO - Processing /home/airflow/.local/lib/python3.12/site-packages/airflow/example_dags/example_sensor_decorator.py took 0.055 seconds
[2024-09-26T13:39:45.079+0000] {processor.py:186} INFO - Started process (PID=24595) to work on /home/airflow/.local/lib/python3.12/site-packages/airflow/example_dags/example_sensor_decorator.py
[2024-09-26T13:39:45.080+0000] {processor.py:914} INFO - Processing file /home/airflow/.local/lib/python3.12/site-packages/airflow/example_dags/example_sensor_decorator.py for tasks to queue
[2024-09-26T13:39:45.082+0000] {logging_mixin.py:190} INFO - [2024-09-26T13:39:45.082+0000] {dagbag.py:588} INFO - Filling up the DagBag from /home/airflow/.local/lib/python3.12/site-packages/airflow/example_dags/example_sensor_decorator.py
[2024-09-26T13:39:45.088+0000] {processor.py:925} INFO - DAG(s) 'example_sensor_decorator' retrieved from /home/airflow/.local/lib/python3.12/site-packages/airflow/example_dags/example_sensor_decorator.py
[2024-09-26T13:39:45.103+0000] {logging_mixin.py:190} INFO - [2024-09-26T13:39:45.103+0000] {dag.py:3239} INFO - Sync 1 DAGs
[2024-09-26T13:39:45.116+0000] {logging_mixin.py:190} INFO - [2024-09-26T13:39:45.116+0000] {dag.py:4180} INFO - Setting next_dagrun for example_sensor_decorator to None, run_after=None
[2024-09-26T13:39:45.131+0000] {processor.py:208} INFO - Processing /home/airflow/.local/lib/python3.12/site-packages/airflow/example_dags/example_sensor_decorator.py took 0.056 seconds
[2024-09-26T13:40:15.253+0000] {processor.py:186} INFO - Started process (PID=24886) to work on /home/airflow/.local/lib/python3.12/site-packages/airflow/example_dags/example_sensor_decorator.py
[2024-09-26T13:40:15.254+0000] {processor.py:914} INFO - Processing file /home/airflow/.local/lib/python3.12/site-packages/airflow/example_dags/example_sensor_decorator.py for tasks to queue
[2024-09-26T13:40:15.256+0000] {logging_mixin.py:190} INFO - [2024-09-26T13:40:15.256+0000] {dagbag.py:588} INFO - Filling up the DagBag from /home/airflow/.local/lib/python3.12/site-packages/airflow/example_dags/example_sensor_decorator.py
[2024-09-26T13:40:15.262+0000] {processor.py:925} INFO - DAG(s) 'example_sensor_decorator' retrieved from /home/airflow/.local/lib/python3.12/site-packages/airflow/example_dags/example_sensor_decorator.py
[2024-09-26T13:40:15.277+0000] {logging_mixin.py:190} INFO - [2024-09-26T13:40:15.277+0000] {dag.py:3239} INFO - Sync 1 DAGs
[2024-09-26T13:40:15.289+0000] {logging_mixin.py:190} INFO - [2024-09-26T13:40:15.289+0000] {dag.py:4180} INFO - Setting next_dagrun for example_sensor_decorator to None, run_after=None
[2024-09-26T13:40:15.304+0000] {processor.py:208} INFO - Processing /home/airflow/.local/lib/python3.12/site-packages/airflow/example_dags/example_sensor_decorator.py took 0.055 seconds
[2024-09-26T13:40:45.560+0000] {processor.py:186} INFO - Started process (PID=25177) to work on /home/airflow/.local/lib/python3.12/site-packages/airflow/example_dags/example_sensor_decorator.py
[2024-09-26T13:40:45.561+0000] {processor.py:914} INFO - Processing file /home/airflow/.local/lib/python3.12/site-packages/airflow/example_dags/example_sensor_decorator.py for tasks to queue
[2024-09-26T13:40:45.563+0000] {logging_mixin.py:190} INFO - [2024-09-26T13:40:45.562+0000] {dagbag.py:588} INFO - Filling up the DagBag from /home/airflow/.local/lib/python3.12/site-packages/airflow/example_dags/example_sensor_decorator.py
[2024-09-26T13:40:45.569+0000] {processor.py:925} INFO - DAG(s) 'example_sensor_decorator' retrieved from /home/airflow/.local/lib/python3.12/site-packages/airflow/example_dags/example_sensor_decorator.py
[2024-09-26T13:40:45.584+0000] {logging_mixin.py:190} INFO - [2024-09-26T13:40:45.584+0000] {dag.py:3239} INFO - Sync 1 DAGs
[2024-09-26T13:40:45.597+0000] {logging_mixin.py:190} INFO - [2024-09-26T13:40:45.597+0000] {dag.py:4180} INFO - Setting next_dagrun for example_sensor_decorator to None, run_after=None
[2024-09-26T13:40:45.612+0000] {processor.py:208} INFO - Processing /home/airflow/.local/lib/python3.12/site-packages/airflow/example_dags/example_sensor_decorator.py took 0.057 seconds
[2024-09-26T13:41:15.842+0000] {processor.py:186} INFO - Started process (PID=25468) to work on /home/airflow/.local/lib/python3.12/site-packages/airflow/example_dags/example_sensor_decorator.py
[2024-09-26T13:41:15.842+0000] {processor.py:914} INFO - Processing file /home/airflow/.local/lib/python3.12/site-packages/airflow/example_dags/example_sensor_decorator.py for tasks to queue
[2024-09-26T13:41:15.844+0000] {logging_mixin.py:190} INFO - [2024-09-26T13:41:15.844+0000] {dagbag.py:588} INFO - Filling up the DagBag from /home/airflow/.local/lib/python3.12/site-packages/airflow/example_dags/example_sensor_decorator.py
[2024-09-26T13:41:15.850+0000] {processor.py:925} INFO - DAG(s) 'example_sensor_decorator' retrieved from /home/airflow/.local/lib/python3.12/site-packages/airflow/example_dags/example_sensor_decorator.py
[2024-09-26T13:41:15.865+0000] {logging_mixin.py:190} INFO - [2024-09-26T13:41:15.865+0000] {dag.py:3239} INFO - Sync 1 DAGs
[2024-09-26T13:41:15.877+0000] {logging_mixin.py:190} INFO - [2024-09-26T13:41:15.877+0000] {dag.py:4180} INFO - Setting next_dagrun for example_sensor_decorator to None, run_after=None
[2024-09-26T13:41:15.891+0000] {processor.py:208} INFO - Processing /home/airflow/.local/lib/python3.12/site-packages/airflow/example_dags/example_sensor_decorator.py took 0.054 seconds
[2024-09-26T13:41:46.066+0000] {processor.py:186} INFO - Started process (PID=25759) to work on /home/airflow/.local/lib/python3.12/site-packages/airflow/example_dags/example_sensor_decorator.py
[2024-09-26T13:41:46.066+0000] {processor.py:914} INFO - Processing file /home/airflow/.local/lib/python3.12/site-packages/airflow/example_dags/example_sensor_decorator.py for tasks to queue
[2024-09-26T13:41:46.068+0000] {logging_mixin.py:190} INFO - [2024-09-26T13:41:46.068+0000] {dagbag.py:588} INFO - Filling up the DagBag from /home/airflow/.local/lib/python3.12/site-packages/airflow/example_dags/example_sensor_decorator.py
[2024-09-26T13:41:46.074+0000] {processor.py:925} INFO - DAG(s) 'example_sensor_decorator' retrieved from /home/airflow/.local/lib/python3.12/site-packages/airflow/example_dags/example_sensor_decorator.py
[2024-09-26T13:41:46.088+0000] {logging_mixin.py:190} INFO - [2024-09-26T13:41:46.088+0000] {dag.py:3239} INFO - Sync 1 DAGs
[2024-09-26T13:41:46.100+0000] {logging_mixin.py:190} INFO - [2024-09-26T13:41:46.100+0000] {dag.py:4180} INFO - Setting next_dagrun for example_sensor_decorator to None, run_after=None
[2024-09-26T13:41:46.115+0000] {processor.py:208} INFO - Processing /home/airflow/.local/lib/python3.12/site-packages/airflow/example_dags/example_sensor_decorator.py took 0.054 seconds
[2024-09-26T13:42:16.526+0000] {processor.py:186} INFO - Started process (PID=26050) to work on /home/airflow/.local/lib/python3.12/site-packages/airflow/example_dags/example_sensor_decorator.py
[2024-09-26T13:42:16.526+0000] {processor.py:914} INFO - Processing file /home/airflow/.local/lib/python3.12/site-packages/airflow/example_dags/example_sensor_decorator.py for tasks to queue
[2024-09-26T13:42:16.528+0000] {logging_mixin.py:190} INFO - [2024-09-26T13:42:16.528+0000] {dagbag.py:588} INFO - Filling up the DagBag from /home/airflow/.local/lib/python3.12/site-packages/airflow/example_dags/example_sensor_decorator.py
[2024-09-26T13:42:16.534+0000] {processor.py:925} INFO - DAG(s) 'example_sensor_decorator' retrieved from /home/airflow/.local/lib/python3.12/site-packages/airflow/example_dags/example_sensor_decorator.py
[2024-09-26T13:42:16.549+0000] {logging_mixin.py:190} INFO - [2024-09-26T13:42:16.549+0000] {dag.py:3239} INFO - Sync 1 DAGs
[2024-09-26T13:42:16.561+0000] {logging_mixin.py:190} INFO - [2024-09-26T13:42:16.561+0000] {dag.py:4180} INFO - Setting next_dagrun for example_sensor_decorator to None, run_after=None
[2024-09-26T13:42:16.575+0000] {processor.py:208} INFO - Processing /home/airflow/.local/lib/python3.12/site-packages/airflow/example_dags/example_sensor_decorator.py took 0.054 seconds
[2024-09-26T13:42:46.870+0000] {processor.py:186} INFO - Started process (PID=26341) to work on /home/airflow/.local/lib/python3.12/site-packages/airflow/example_dags/example_sensor_decorator.py
[2024-09-26T13:42:46.870+0000] {processor.py:914} INFO - Processing file /home/airflow/.local/lib/python3.12/site-packages/airflow/example_dags/example_sensor_decorator.py for tasks to queue
[2024-09-26T13:42:46.873+0000] {logging_mixin.py:190} INFO - [2024-09-26T13:42:46.872+0000] {dagbag.py:588} INFO - Filling up the DagBag from /home/airflow/.local/lib/python3.12/site-packages/airflow/example_dags/example_sensor_decorator.py
[2024-09-26T13:42:46.879+0000] {processor.py:925} INFO - DAG(s) 'example_sensor_decorator' retrieved from /home/airflow/.local/lib/python3.12/site-packages/airflow/example_dags/example_sensor_decorator.py
[2024-09-26T13:42:46.899+0000] {logging_mixin.py:190} INFO - [2024-09-26T13:42:46.898+0000] {dag.py:3239} INFO - Sync 1 DAGs
[2024-09-26T13:42:46.915+0000] {logging_mixin.py:190} INFO - [2024-09-26T13:42:46.915+0000] {dag.py:4180} INFO - Setting next_dagrun for example_sensor_decorator to None, run_after=None
[2024-09-26T13:42:46.930+0000] {processor.py:208} INFO - Processing /home/airflow/.local/lib/python3.12/site-packages/airflow/example_dags/example_sensor_decorator.py took 0.066 seconds
[2024-09-26T13:43:17.016+0000] {processor.py:186} INFO - Started process (PID=26632) to work on /home/airflow/.local/lib/python3.12/site-packages/airflow/example_dags/example_sensor_decorator.py
[2024-09-26T13:43:17.016+0000] {processor.py:914} INFO - Processing file /home/airflow/.local/lib/python3.12/site-packages/airflow/example_dags/example_sensor_decorator.py for tasks to queue
[2024-09-26T13:43:17.018+0000] {logging_mixin.py:190} INFO - [2024-09-26T13:43:17.018+0000] {dagbag.py:588} INFO - Filling up the DagBag from /home/airflow/.local/lib/python3.12/site-packages/airflow/example_dags/example_sensor_decorator.py
[2024-09-26T13:43:17.024+0000] {processor.py:925} INFO - DAG(s) 'example_sensor_decorator' retrieved from /home/airflow/.local/lib/python3.12/site-packages/airflow/example_dags/example_sensor_decorator.py
[2024-09-26T13:43:17.040+0000] {logging_mixin.py:190} INFO - [2024-09-26T13:43:17.040+0000] {dag.py:3239} INFO - Sync 1 DAGs
[2024-09-26T13:43:17.054+0000] {logging_mixin.py:190} INFO - [2024-09-26T13:43:17.054+0000] {dag.py:4180} INFO - Setting next_dagrun for example_sensor_decorator to None, run_after=None
[2024-09-26T13:43:17.068+0000] {processor.py:208} INFO - Processing /home/airflow/.local/lib/python3.12/site-packages/airflow/example_dags/example_sensor_decorator.py took 0.057 seconds
[2024-09-26T13:43:47.227+0000] {processor.py:186} INFO - Started process (PID=26923) to work on /home/airflow/.local/lib/python3.12/site-packages/airflow/example_dags/example_sensor_decorator.py
[2024-09-26T13:43:47.227+0000] {processor.py:914} INFO - Processing file /home/airflow/.local/lib/python3.12/site-packages/airflow/example_dags/example_sensor_decorator.py for tasks to queue
[2024-09-26T13:43:47.229+0000] {logging_mixin.py:190} INFO - [2024-09-26T13:43:47.229+0000] {dagbag.py:588} INFO - Filling up the DagBag from /home/airflow/.local/lib/python3.12/site-packages/airflow/example_dags/example_sensor_decorator.py
[2024-09-26T13:43:47.235+0000] {processor.py:925} INFO - DAG(s) 'example_sensor_decorator' retrieved from /home/airflow/.local/lib/python3.12/site-packages/airflow/example_dags/example_sensor_decorator.py
[2024-09-26T13:43:47.250+0000] {logging_mixin.py:190} INFO - [2024-09-26T13:43:47.250+0000] {dag.py:3239} INFO - Sync 1 DAGs
[2024-09-26T13:43:47.263+0000] {logging_mixin.py:190} INFO - [2024-09-26T13:43:47.262+0000] {dag.py:4180} INFO - Setting next_dagrun for example_sensor_decorator to None, run_after=None
[2024-09-26T13:43:47.277+0000] {processor.py:208} INFO - Processing /home/airflow/.local/lib/python3.12/site-packages/airflow/example_dags/example_sensor_decorator.py took 0.055 seconds
[2024-09-26T13:44:17.442+0000] {processor.py:186} INFO - Started process (PID=27214) to work on /home/airflow/.local/lib/python3.12/site-packages/airflow/example_dags/example_sensor_decorator.py
[2024-09-26T13:44:17.443+0000] {processor.py:914} INFO - Processing file /home/airflow/.local/lib/python3.12/site-packages/airflow/example_dags/example_sensor_decorator.py for tasks to queue
[2024-09-26T13:44:17.444+0000] {logging_mixin.py:190} INFO - [2024-09-26T13:44:17.444+0000] {dagbag.py:588} INFO - Filling up the DagBag from /home/airflow/.local/lib/python3.12/site-packages/airflow/example_dags/example_sensor_decorator.py
[2024-09-26T13:44:17.450+0000] {processor.py:925} INFO - DAG(s) 'example_sensor_decorator' retrieved from /home/airflow/.local/lib/python3.12/site-packages/airflow/example_dags/example_sensor_decorator.py
[2024-09-26T13:44:17.466+0000] {logging_mixin.py:190} INFO - [2024-09-26T13:44:17.466+0000] {dag.py:3239} INFO - Sync 1 DAGs
[2024-09-26T13:44:17.478+0000] {logging_mixin.py:190} INFO - [2024-09-26T13:44:17.478+0000] {dag.py:4180} INFO - Setting next_dagrun for example_sensor_decorator to None, run_after=None
[2024-09-26T13:44:17.493+0000] {processor.py:208} INFO - Processing /home/airflow/.local/lib/python3.12/site-packages/airflow/example_dags/example_sensor_decorator.py took 0.055 seconds
[2024-09-26T13:44:47.686+0000] {processor.py:186} INFO - Started process (PID=27505) to work on /home/airflow/.local/lib/python3.12/site-packages/airflow/example_dags/example_sensor_decorator.py
[2024-09-26T13:44:47.687+0000] {processor.py:914} INFO - Processing file /home/airflow/.local/lib/python3.12/site-packages/airflow/example_dags/example_sensor_decorator.py for tasks to queue
[2024-09-26T13:44:47.689+0000] {logging_mixin.py:190} INFO - [2024-09-26T13:44:47.688+0000] {dagbag.py:588} INFO - Filling up the DagBag from /home/airflow/.local/lib/python3.12/site-packages/airflow/example_dags/example_sensor_decorator.py
[2024-09-26T13:44:47.695+0000] {processor.py:925} INFO - DAG(s) 'example_sensor_decorator' retrieved from /home/airflow/.local/lib/python3.12/site-packages/airflow/example_dags/example_sensor_decorator.py
[2024-09-26T13:44:47.710+0000] {logging_mixin.py:190} INFO - [2024-09-26T13:44:47.710+0000] {dag.py:3239} INFO - Sync 1 DAGs
[2024-09-26T13:44:47.723+0000] {logging_mixin.py:190} INFO - [2024-09-26T13:44:47.722+0000] {dag.py:4180} INFO - Setting next_dagrun for example_sensor_decorator to None, run_after=None
[2024-09-26T13:44:47.737+0000] {processor.py:208} INFO - Processing /home/airflow/.local/lib/python3.12/site-packages/airflow/example_dags/example_sensor_decorator.py took 0.055 seconds
[2024-09-26T13:45:18.655+0000] {processor.py:186} INFO - Started process (PID=27797) to work on /home/airflow/.local/lib/python3.12/site-packages/airflow/example_dags/example_sensor_decorator.py
[2024-09-26T13:45:18.656+0000] {processor.py:914} INFO - Processing file /home/airflow/.local/lib/python3.12/site-packages/airflow/example_dags/example_sensor_decorator.py for tasks to queue
[2024-09-26T13:45:18.658+0000] {logging_mixin.py:190} INFO - [2024-09-26T13:45:18.657+0000] {dagbag.py:588} INFO - Filling up the DagBag from /home/airflow/.local/lib/python3.12/site-packages/airflow/example_dags/example_sensor_decorator.py
[2024-09-26T13:45:18.664+0000] {processor.py:925} INFO - DAG(s) 'example_sensor_decorator' retrieved from /home/airflow/.local/lib/python3.12/site-packages/airflow/example_dags/example_sensor_decorator.py
[2024-09-26T13:45:18.679+0000] {logging_mixin.py:190} INFO - [2024-09-26T13:45:18.679+0000] {dag.py:3239} INFO - Sync 1 DAGs
[2024-09-26T13:45:18.692+0000] {logging_mixin.py:190} INFO - [2024-09-26T13:45:18.692+0000] {dag.py:4180} INFO - Setting next_dagrun for example_sensor_decorator to None, run_after=None
[2024-09-26T13:45:18.707+0000] {processor.py:208} INFO - Processing /home/airflow/.local/lib/python3.12/site-packages/airflow/example_dags/example_sensor_decorator.py took 0.057 seconds
[2024-09-26T13:45:49.608+0000] {processor.py:186} INFO - Started process (PID=28088) to work on /home/airflow/.local/lib/python3.12/site-packages/airflow/example_dags/example_sensor_decorator.py
[2024-09-26T13:45:49.609+0000] {processor.py:914} INFO - Processing file /home/airflow/.local/lib/python3.12/site-packages/airflow/example_dags/example_sensor_decorator.py for tasks to queue
[2024-09-26T13:45:49.611+0000] {logging_mixin.py:190} INFO - [2024-09-26T13:45:49.611+0000] {dagbag.py:588} INFO - Filling up the DagBag from /home/airflow/.local/lib/python3.12/site-packages/airflow/example_dags/example_sensor_decorator.py
[2024-09-26T13:45:49.617+0000] {processor.py:925} INFO - DAG(s) 'example_sensor_decorator' retrieved from /home/airflow/.local/lib/python3.12/site-packages/airflow/example_dags/example_sensor_decorator.py
[2024-09-26T13:45:49.633+0000] {logging_mixin.py:190} INFO - [2024-09-26T13:45:49.633+0000] {dag.py:3239} INFO - Sync 1 DAGs
[2024-09-26T13:45:49.645+0000] {logging_mixin.py:190} INFO - [2024-09-26T13:45:49.645+0000] {dag.py:4180} INFO - Setting next_dagrun for example_sensor_decorator to None, run_after=None
[2024-09-26T13:45:49.664+0000] {processor.py:208} INFO - Processing /home/airflow/.local/lib/python3.12/site-packages/airflow/example_dags/example_sensor_decorator.py took 0.060 seconds
[2024-09-26T13:46:19.912+0000] {processor.py:186} INFO - Started process (PID=28379) to work on /home/airflow/.local/lib/python3.12/site-packages/airflow/example_dags/example_sensor_decorator.py
[2024-09-26T13:46:19.913+0000] {processor.py:914} INFO - Processing file /home/airflow/.local/lib/python3.12/site-packages/airflow/example_dags/example_sensor_decorator.py for tasks to queue
[2024-09-26T13:46:19.915+0000] {logging_mixin.py:190} INFO - [2024-09-26T13:46:19.915+0000] {dagbag.py:588} INFO - Filling up the DagBag from /home/airflow/.local/lib/python3.12/site-packages/airflow/example_dags/example_sensor_decorator.py
[2024-09-26T13:46:19.921+0000] {processor.py:925} INFO - DAG(s) 'example_sensor_decorator' retrieved from /home/airflow/.local/lib/python3.12/site-packages/airflow/example_dags/example_sensor_decorator.py
[2024-09-26T13:46:19.936+0000] {logging_mixin.py:190} INFO - [2024-09-26T13:46:19.936+0000] {dag.py:3239} INFO - Sync 1 DAGs
[2024-09-26T13:46:19.948+0000] {logging_mixin.py:190} INFO - [2024-09-26T13:46:19.948+0000] {dag.py:4180} INFO - Setting next_dagrun for example_sensor_decorator to None, run_after=None
[2024-09-26T13:46:19.963+0000] {processor.py:208} INFO - Processing /home/airflow/.local/lib/python3.12/site-packages/airflow/example_dags/example_sensor_decorator.py took 0.055 seconds
[2024-09-26T13:46:50.156+0000] {processor.py:186} INFO - Started process (PID=28670) to work on /home/airflow/.local/lib/python3.12/site-packages/airflow/example_dags/example_sensor_decorator.py
[2024-09-26T13:46:50.157+0000] {processor.py:914} INFO - Processing file /home/airflow/.local/lib/python3.12/site-packages/airflow/example_dags/example_sensor_decorator.py for tasks to queue
[2024-09-26T13:46:50.158+0000] {logging_mixin.py:190} INFO - [2024-09-26T13:46:50.158+0000] {dagbag.py:588} INFO - Filling up the DagBag from /home/airflow/.local/lib/python3.12/site-packages/airflow/example_dags/example_sensor_decorator.py
[2024-09-26T13:46:50.164+0000] {processor.py:925} INFO - DAG(s) 'example_sensor_decorator' retrieved from /home/airflow/.local/lib/python3.12/site-packages/airflow/example_dags/example_sensor_decorator.py
[2024-09-26T13:46:50.179+0000] {logging_mixin.py:190} INFO - [2024-09-26T13:46:50.179+0000] {dag.py:3239} INFO - Sync 1 DAGs
[2024-09-26T13:46:50.191+0000] {logging_mixin.py:190} INFO - [2024-09-26T13:46:50.191+0000] {dag.py:4180} INFO - Setting next_dagrun for example_sensor_decorator to None, run_after=None
[2024-09-26T13:46:50.206+0000] {processor.py:208} INFO - Processing /home/airflow/.local/lib/python3.12/site-packages/airflow/example_dags/example_sensor_decorator.py took 0.054 seconds
[2024-09-26T13:47:20.327+0000] {processor.py:186} INFO - Started process (PID=28961) to work on /home/airflow/.local/lib/python3.12/site-packages/airflow/example_dags/example_sensor_decorator.py
[2024-09-26T13:47:20.328+0000] {processor.py:914} INFO - Processing file /home/airflow/.local/lib/python3.12/site-packages/airflow/example_dags/example_sensor_decorator.py for tasks to queue
[2024-09-26T13:47:20.330+0000] {logging_mixin.py:190} INFO - [2024-09-26T13:47:20.330+0000] {dagbag.py:588} INFO - Filling up the DagBag from /home/airflow/.local/lib/python3.12/site-packages/airflow/example_dags/example_sensor_decorator.py
[2024-09-26T13:47:20.336+0000] {processor.py:925} INFO - DAG(s) 'example_sensor_decorator' retrieved from /home/airflow/.local/lib/python3.12/site-packages/airflow/example_dags/example_sensor_decorator.py
[2024-09-26T13:47:20.351+0000] {logging_mixin.py:190} INFO - [2024-09-26T13:47:20.351+0000] {dag.py:3239} INFO - Sync 1 DAGs
[2024-09-26T13:47:20.364+0000] {logging_mixin.py:190} INFO - [2024-09-26T13:47:20.363+0000] {dag.py:4180} INFO - Setting next_dagrun for example_sensor_decorator to None, run_after=None
[2024-09-26T13:47:20.379+0000] {processor.py:208} INFO - Processing /home/airflow/.local/lib/python3.12/site-packages/airflow/example_dags/example_sensor_decorator.py took 0.056 seconds
