[2024-09-26T12:56:33.064+0000] {processor.py:186} INFO - Started process (PID=326) to work on /home/airflow/.local/lib/python3.12/site-packages/airflow/example_dags/example_nested_branch_dag.py
[2024-09-26T12:56:33.065+0000] {processor.py:914} INFO - Processing file /home/airflow/.local/lib/python3.12/site-packages/airflow/example_dags/example_nested_branch_dag.py for tasks to queue
[2024-09-26T12:56:33.066+0000] {logging_mixin.py:190} INFO - [2024-09-26T12:56:33.066+0000] {dagbag.py:588} INFO - Filling up the DagBag from /home/airflow/.local/lib/python3.12/site-packages/airflow/example_dags/example_nested_branch_dag.py
[2024-09-26T12:56:33.076+0000] {processor.py:925} INFO - DAG(s) 'example_nested_branch_dag' retrieved from /home/airflow/.local/lib/python3.12/site-packages/airflow/example_dags/example_nested_branch_dag.py
[2024-09-26T12:56:33.097+0000] {logging_mixin.py:190} INFO - [2024-09-26T12:56:33.096+0000] {dag.py:3239} INFO - Sync 1 DAGs
[2024-09-26T12:56:33.119+0000] {logging_mixin.py:190} INFO - [2024-09-26T12:56:33.118+0000] {dag.py:4180} INFO - Setting next_dagrun for example_nested_branch_dag to 2024-09-25 00:00:00+00:00, run_after=2024-09-26 00:00:00+00:00
[2024-09-26T12:56:33.134+0000] {processor.py:208} INFO - Processing /home/airflow/.local/lib/python3.12/site-packages/airflow/example_dags/example_nested_branch_dag.py took 0.078 seconds
[2024-09-26T12:57:03.339+0000] {processor.py:186} INFO - Started process (PID=618) to work on /home/airflow/.local/lib/python3.12/site-packages/airflow/example_dags/example_nested_branch_dag.py
[2024-09-26T12:57:03.340+0000] {processor.py:914} INFO - Processing file /home/airflow/.local/lib/python3.12/site-packages/airflow/example_dags/example_nested_branch_dag.py for tasks to queue
[2024-09-26T12:57:03.341+0000] {logging_mixin.py:190} INFO - [2024-09-26T12:57:03.341+0000] {dagbag.py:588} INFO - Filling up the DagBag from /home/airflow/.local/lib/python3.12/site-packages/airflow/example_dags/example_nested_branch_dag.py
[2024-09-26T12:57:03.350+0000] {processor.py:925} INFO - DAG(s) 'example_nested_branch_dag' retrieved from /home/airflow/.local/lib/python3.12/site-packages/airflow/example_dags/example_nested_branch_dag.py
[2024-09-26T12:57:03.367+0000] {logging_mixin.py:190} INFO - [2024-09-26T12:57:03.366+0000] {dag.py:3239} INFO - Sync 1 DAGs
[2024-09-26T12:57:03.386+0000] {logging_mixin.py:190} INFO - [2024-09-26T12:57:03.386+0000] {dag.py:4180} INFO - Setting next_dagrun for example_nested_branch_dag to 2024-09-25 00:00:00+00:00, run_after=2024-09-26 00:00:00+00:00
[2024-09-26T12:57:03.401+0000] {processor.py:208} INFO - Processing /home/airflow/.local/lib/python3.12/site-packages/airflow/example_dags/example_nested_branch_dag.py took 0.066 seconds
[2024-09-26T12:57:34.229+0000] {processor.py:186} INFO - Started process (PID=904) to work on /home/airflow/.local/lib/python3.12/site-packages/airflow/example_dags/example_nested_branch_dag.py
[2024-09-26T12:57:34.230+0000] {processor.py:914} INFO - Processing file /home/airflow/.local/lib/python3.12/site-packages/airflow/example_dags/example_nested_branch_dag.py for tasks to queue
[2024-09-26T12:57:34.232+0000] {logging_mixin.py:190} INFO - [2024-09-26T12:57:34.231+0000] {dagbag.py:588} INFO - Filling up the DagBag from /home/airflow/.local/lib/python3.12/site-packages/airflow/example_dags/example_nested_branch_dag.py
[2024-09-26T12:57:34.241+0000] {processor.py:925} INFO - DAG(s) 'example_nested_branch_dag' retrieved from /home/airflow/.local/lib/python3.12/site-packages/airflow/example_dags/example_nested_branch_dag.py
[2024-09-26T12:57:34.258+0000] {logging_mixin.py:190} INFO - [2024-09-26T12:57:34.257+0000] {dag.py:3239} INFO - Sync 1 DAGs
[2024-09-26T12:57:34.278+0000] {logging_mixin.py:190} INFO - [2024-09-26T12:57:34.278+0000] {dag.py:4180} INFO - Setting next_dagrun for example_nested_branch_dag to 2024-09-25 00:00:00+00:00, run_after=2024-09-26 00:00:00+00:00
[2024-09-26T12:57:34.293+0000] {processor.py:208} INFO - Processing /home/airflow/.local/lib/python3.12/site-packages/airflow/example_dags/example_nested_branch_dag.py took 0.069 seconds
[2024-09-26T12:58:05.264+0000] {processor.py:186} INFO - Started process (PID=1190) to work on /home/airflow/.local/lib/python3.12/site-packages/airflow/example_dags/example_nested_branch_dag.py
[2024-09-26T12:58:05.266+0000] {processor.py:914} INFO - Processing file /home/airflow/.local/lib/python3.12/site-packages/airflow/example_dags/example_nested_branch_dag.py for tasks to queue
[2024-09-26T12:58:05.269+0000] {logging_mixin.py:190} INFO - [2024-09-26T12:58:05.268+0000] {dagbag.py:588} INFO - Filling up the DagBag from /home/airflow/.local/lib/python3.12/site-packages/airflow/example_dags/example_nested_branch_dag.py
[2024-09-26T12:58:05.279+0000] {processor.py:925} INFO - DAG(s) 'example_nested_branch_dag' retrieved from /home/airflow/.local/lib/python3.12/site-packages/airflow/example_dags/example_nested_branch_dag.py
[2024-09-26T12:58:05.299+0000] {logging_mixin.py:190} INFO - [2024-09-26T12:58:05.298+0000] {dag.py:3239} INFO - Sync 1 DAGs
[2024-09-26T12:58:05.319+0000] {logging_mixin.py:190} INFO - [2024-09-26T12:58:05.319+0000] {dag.py:4180} INFO - Setting next_dagrun for example_nested_branch_dag to 2024-09-25 00:00:00+00:00, run_after=2024-09-26 00:00:00+00:00
[2024-09-26T12:58:05.336+0000] {processor.py:208} INFO - Processing /home/airflow/.local/lib/python3.12/site-packages/airflow/example_dags/example_nested_branch_dag.py took 0.077 seconds
[2024-09-26T12:58:35.446+0000] {processor.py:186} INFO - Started process (PID=1476) to work on /home/airflow/.local/lib/python3.12/site-packages/airflow/example_dags/example_nested_branch_dag.py
[2024-09-26T12:58:35.447+0000] {processor.py:914} INFO - Processing file /home/airflow/.local/lib/python3.12/site-packages/airflow/example_dags/example_nested_branch_dag.py for tasks to queue
[2024-09-26T12:58:35.449+0000] {logging_mixin.py:190} INFO - [2024-09-26T12:58:35.448+0000] {dagbag.py:588} INFO - Filling up the DagBag from /home/airflow/.local/lib/python3.12/site-packages/airflow/example_dags/example_nested_branch_dag.py
[2024-09-26T12:58:35.458+0000] {processor.py:925} INFO - DAG(s) 'example_nested_branch_dag' retrieved from /home/airflow/.local/lib/python3.12/site-packages/airflow/example_dags/example_nested_branch_dag.py
[2024-09-26T12:58:35.476+0000] {logging_mixin.py:190} INFO - [2024-09-26T12:58:35.476+0000] {dag.py:3239} INFO - Sync 1 DAGs
[2024-09-26T12:58:35.499+0000] {logging_mixin.py:190} INFO - [2024-09-26T12:58:35.499+0000] {dag.py:4180} INFO - Setting next_dagrun for example_nested_branch_dag to 2024-09-25 00:00:00+00:00, run_after=2024-09-26 00:00:00+00:00
[2024-09-26T12:58:35.516+0000] {processor.py:208} INFO - Processing /home/airflow/.local/lib/python3.12/site-packages/airflow/example_dags/example_nested_branch_dag.py took 0.074 seconds
[2024-09-26T12:59:06.361+0000] {processor.py:186} INFO - Started process (PID=1762) to work on /home/airflow/.local/lib/python3.12/site-packages/airflow/example_dags/example_nested_branch_dag.py
[2024-09-26T12:59:06.362+0000] {processor.py:914} INFO - Processing file /home/airflow/.local/lib/python3.12/site-packages/airflow/example_dags/example_nested_branch_dag.py for tasks to queue
[2024-09-26T12:59:06.364+0000] {logging_mixin.py:190} INFO - [2024-09-26T12:59:06.363+0000] {dagbag.py:588} INFO - Filling up the DagBag from /home/airflow/.local/lib/python3.12/site-packages/airflow/example_dags/example_nested_branch_dag.py
[2024-09-26T12:59:06.372+0000] {processor.py:925} INFO - DAG(s) 'example_nested_branch_dag' retrieved from /home/airflow/.local/lib/python3.12/site-packages/airflow/example_dags/example_nested_branch_dag.py
[2024-09-26T12:59:06.388+0000] {logging_mixin.py:190} INFO - [2024-09-26T12:59:06.388+0000] {dag.py:3239} INFO - Sync 1 DAGs
[2024-09-26T12:59:06.410+0000] {logging_mixin.py:190} INFO - [2024-09-26T12:59:06.410+0000] {dag.py:4180} INFO - Setting next_dagrun for example_nested_branch_dag to 2024-09-25 00:00:00+00:00, run_after=2024-09-26 00:00:00+00:00
[2024-09-26T12:59:06.429+0000] {processor.py:208} INFO - Processing /home/airflow/.local/lib/python3.12/site-packages/airflow/example_dags/example_nested_branch_dag.py took 0.071 seconds
[2024-09-26T12:59:37.367+0000] {processor.py:186} INFO - Started process (PID=2048) to work on /home/airflow/.local/lib/python3.12/site-packages/airflow/example_dags/example_nested_branch_dag.py
[2024-09-26T12:59:37.367+0000] {processor.py:914} INFO - Processing file /home/airflow/.local/lib/python3.12/site-packages/airflow/example_dags/example_nested_branch_dag.py for tasks to queue
[2024-09-26T12:59:37.369+0000] {logging_mixin.py:190} INFO - [2024-09-26T12:59:37.369+0000] {dagbag.py:588} INFO - Filling up the DagBag from /home/airflow/.local/lib/python3.12/site-packages/airflow/example_dags/example_nested_branch_dag.py
[2024-09-26T12:59:37.378+0000] {processor.py:925} INFO - DAG(s) 'example_nested_branch_dag' retrieved from /home/airflow/.local/lib/python3.12/site-packages/airflow/example_dags/example_nested_branch_dag.py
[2024-09-26T12:59:37.394+0000] {logging_mixin.py:190} INFO - [2024-09-26T12:59:37.394+0000] {dag.py:3239} INFO - Sync 1 DAGs
[2024-09-26T12:59:37.414+0000] {logging_mixin.py:190} INFO - [2024-09-26T12:59:37.413+0000] {dag.py:4180} INFO - Setting next_dagrun for example_nested_branch_dag to 2024-09-25 00:00:00+00:00, run_after=2024-09-26 00:00:00+00:00
[2024-09-26T12:59:37.428+0000] {processor.py:208} INFO - Processing /home/airflow/.local/lib/python3.12/site-packages/airflow/example_dags/example_nested_branch_dag.py took 0.065 seconds
[2024-09-26T13:00:08.364+0000] {processor.py:186} INFO - Started process (PID=2334) to work on /home/airflow/.local/lib/python3.12/site-packages/airflow/example_dags/example_nested_branch_dag.py
[2024-09-26T13:00:08.365+0000] {processor.py:914} INFO - Processing file /home/airflow/.local/lib/python3.12/site-packages/airflow/example_dags/example_nested_branch_dag.py for tasks to queue
[2024-09-26T13:00:08.367+0000] {logging_mixin.py:190} INFO - [2024-09-26T13:00:08.366+0000] {dagbag.py:588} INFO - Filling up the DagBag from /home/airflow/.local/lib/python3.12/site-packages/airflow/example_dags/example_nested_branch_dag.py
[2024-09-26T13:00:08.376+0000] {processor.py:925} INFO - DAG(s) 'example_nested_branch_dag' retrieved from /home/airflow/.local/lib/python3.12/site-packages/airflow/example_dags/example_nested_branch_dag.py
[2024-09-26T13:00:08.392+0000] {logging_mixin.py:190} INFO - [2024-09-26T13:00:08.392+0000] {dag.py:3239} INFO - Sync 1 DAGs
[2024-09-26T13:00:08.412+0000] {logging_mixin.py:190} INFO - [2024-09-26T13:00:08.412+0000] {dag.py:4180} INFO - Setting next_dagrun for example_nested_branch_dag to 2024-09-25 00:00:00+00:00, run_after=2024-09-26 00:00:00+00:00
[2024-09-26T13:00:08.426+0000] {processor.py:208} INFO - Processing /home/airflow/.local/lib/python3.12/site-packages/airflow/example_dags/example_nested_branch_dag.py took 0.066 seconds
[2024-09-26T13:00:39.248+0000] {processor.py:186} INFO - Started process (PID=2620) to work on /home/airflow/.local/lib/python3.12/site-packages/airflow/example_dags/example_nested_branch_dag.py
[2024-09-26T13:00:39.249+0000] {processor.py:914} INFO - Processing file /home/airflow/.local/lib/python3.12/site-packages/airflow/example_dags/example_nested_branch_dag.py for tasks to queue
[2024-09-26T13:00:39.251+0000] {logging_mixin.py:190} INFO - [2024-09-26T13:00:39.250+0000] {dagbag.py:588} INFO - Filling up the DagBag from /home/airflow/.local/lib/python3.12/site-packages/airflow/example_dags/example_nested_branch_dag.py
[2024-09-26T13:00:39.261+0000] {processor.py:925} INFO - DAG(s) 'example_nested_branch_dag' retrieved from /home/airflow/.local/lib/python3.12/site-packages/airflow/example_dags/example_nested_branch_dag.py
[2024-09-26T13:00:39.277+0000] {logging_mixin.py:190} INFO - [2024-09-26T13:00:39.277+0000] {dag.py:3239} INFO - Sync 1 DAGs
[2024-09-26T13:00:39.300+0000] {logging_mixin.py:190} INFO - [2024-09-26T13:00:39.300+0000] {dag.py:4180} INFO - Setting next_dagrun for example_nested_branch_dag to 2024-09-25 00:00:00+00:00, run_after=2024-09-26 00:00:00+00:00
[2024-09-26T13:00:39.314+0000] {processor.py:208} INFO - Processing /home/airflow/.local/lib/python3.12/site-packages/airflow/example_dags/example_nested_branch_dag.py took 0.071 seconds
[2024-09-26T13:01:10.154+0000] {processor.py:186} INFO - Started process (PID=2906) to work on /home/airflow/.local/lib/python3.12/site-packages/airflow/example_dags/example_nested_branch_dag.py
[2024-09-26T13:01:10.155+0000] {processor.py:914} INFO - Processing file /home/airflow/.local/lib/python3.12/site-packages/airflow/example_dags/example_nested_branch_dag.py for tasks to queue
[2024-09-26T13:01:10.157+0000] {logging_mixin.py:190} INFO - [2024-09-26T13:01:10.156+0000] {dagbag.py:588} INFO - Filling up the DagBag from /home/airflow/.local/lib/python3.12/site-packages/airflow/example_dags/example_nested_branch_dag.py
[2024-09-26T13:01:10.166+0000] {processor.py:925} INFO - DAG(s) 'example_nested_branch_dag' retrieved from /home/airflow/.local/lib/python3.12/site-packages/airflow/example_dags/example_nested_branch_dag.py
[2024-09-26T13:01:10.181+0000] {logging_mixin.py:190} INFO - [2024-09-26T13:01:10.181+0000] {dag.py:3239} INFO - Sync 1 DAGs
[2024-09-26T13:01:10.201+0000] {logging_mixin.py:190} INFO - [2024-09-26T13:01:10.201+0000] {dag.py:4180} INFO - Setting next_dagrun for example_nested_branch_dag to 2024-09-25 00:00:00+00:00, run_after=2024-09-26 00:00:00+00:00
[2024-09-26T13:01:10.215+0000] {processor.py:208} INFO - Processing /home/airflow/.local/lib/python3.12/site-packages/airflow/example_dags/example_nested_branch_dag.py took 0.065 seconds
[2024-09-26T13:01:40.953+0000] {processor.py:186} INFO - Started process (PID=3192) to work on /home/airflow/.local/lib/python3.12/site-packages/airflow/example_dags/example_nested_branch_dag.py
[2024-09-26T13:01:40.954+0000] {processor.py:914} INFO - Processing file /home/airflow/.local/lib/python3.12/site-packages/airflow/example_dags/example_nested_branch_dag.py for tasks to queue
[2024-09-26T13:01:40.955+0000] {logging_mixin.py:190} INFO - [2024-09-26T13:01:40.955+0000] {dagbag.py:588} INFO - Filling up the DagBag from /home/airflow/.local/lib/python3.12/site-packages/airflow/example_dags/example_nested_branch_dag.py
[2024-09-26T13:01:40.964+0000] {processor.py:925} INFO - DAG(s) 'example_nested_branch_dag' retrieved from /home/airflow/.local/lib/python3.12/site-packages/airflow/example_dags/example_nested_branch_dag.py
[2024-09-26T13:01:40.980+0000] {logging_mixin.py:190} INFO - [2024-09-26T13:01:40.980+0000] {dag.py:3239} INFO - Sync 1 DAGs
[2024-09-26T13:01:41.000+0000] {logging_mixin.py:190} INFO - [2024-09-26T13:01:41.000+0000] {dag.py:4180} INFO - Setting next_dagrun for example_nested_branch_dag to 2024-09-25 00:00:00+00:00, run_after=2024-09-26 00:00:00+00:00
[2024-09-26T13:01:41.015+0000] {processor.py:208} INFO - Processing /home/airflow/.local/lib/python3.12/site-packages/airflow/example_dags/example_nested_branch_dag.py took 0.066 seconds
[2024-09-26T13:02:11.892+0000] {processor.py:186} INFO - Started process (PID=3478) to work on /home/airflow/.local/lib/python3.12/site-packages/airflow/example_dags/example_nested_branch_dag.py
[2024-09-26T13:02:11.892+0000] {processor.py:914} INFO - Processing file /home/airflow/.local/lib/python3.12/site-packages/airflow/example_dags/example_nested_branch_dag.py for tasks to queue
[2024-09-26T13:02:11.894+0000] {logging_mixin.py:190} INFO - [2024-09-26T13:02:11.894+0000] {dagbag.py:588} INFO - Filling up the DagBag from /home/airflow/.local/lib/python3.12/site-packages/airflow/example_dags/example_nested_branch_dag.py
[2024-09-26T13:02:11.902+0000] {processor.py:925} INFO - DAG(s) 'example_nested_branch_dag' retrieved from /home/airflow/.local/lib/python3.12/site-packages/airflow/example_dags/example_nested_branch_dag.py
[2024-09-26T13:02:11.918+0000] {logging_mixin.py:190} INFO - [2024-09-26T13:02:11.918+0000] {dag.py:3239} INFO - Sync 1 DAGs
[2024-09-26T13:02:11.937+0000] {logging_mixin.py:190} INFO - [2024-09-26T13:02:11.937+0000] {dag.py:4180} INFO - Setting next_dagrun for example_nested_branch_dag to 2024-09-25 00:00:00+00:00, run_after=2024-09-26 00:00:00+00:00
[2024-09-26T13:02:11.952+0000] {processor.py:208} INFO - Processing /home/airflow/.local/lib/python3.12/site-packages/airflow/example_dags/example_nested_branch_dag.py took 0.065 seconds
[2024-09-26T13:02:42.683+0000] {processor.py:186} INFO - Started process (PID=3764) to work on /home/airflow/.local/lib/python3.12/site-packages/airflow/example_dags/example_nested_branch_dag.py
[2024-09-26T13:02:42.684+0000] {processor.py:914} INFO - Processing file /home/airflow/.local/lib/python3.12/site-packages/airflow/example_dags/example_nested_branch_dag.py for tasks to queue
[2024-09-26T13:02:42.686+0000] {logging_mixin.py:190} INFO - [2024-09-26T13:02:42.685+0000] {dagbag.py:588} INFO - Filling up the DagBag from /home/airflow/.local/lib/python3.12/site-packages/airflow/example_dags/example_nested_branch_dag.py
[2024-09-26T13:02:42.694+0000] {processor.py:925} INFO - DAG(s) 'example_nested_branch_dag' retrieved from /home/airflow/.local/lib/python3.12/site-packages/airflow/example_dags/example_nested_branch_dag.py
[2024-09-26T13:02:42.710+0000] {logging_mixin.py:190} INFO - [2024-09-26T13:02:42.710+0000] {dag.py:3239} INFO - Sync 1 DAGs
[2024-09-26T13:02:42.729+0000] {logging_mixin.py:190} INFO - [2024-09-26T13:02:42.729+0000] {dag.py:4180} INFO - Setting next_dagrun for example_nested_branch_dag to 2024-09-25 00:00:00+00:00, run_after=2024-09-26 00:00:00+00:00
[2024-09-26T13:02:42.744+0000] {processor.py:208} INFO - Processing /home/airflow/.local/lib/python3.12/site-packages/airflow/example_dags/example_nested_branch_dag.py took 0.066 seconds
[2024-09-26T13:03:13.618+0000] {processor.py:186} INFO - Started process (PID=4056) to work on /home/airflow/.local/lib/python3.12/site-packages/airflow/example_dags/example_nested_branch_dag.py
[2024-09-26T13:03:13.618+0000] {processor.py:914} INFO - Processing file /home/airflow/.local/lib/python3.12/site-packages/airflow/example_dags/example_nested_branch_dag.py for tasks to queue
[2024-09-26T13:03:13.620+0000] {logging_mixin.py:190} INFO - [2024-09-26T13:03:13.620+0000] {dagbag.py:588} INFO - Filling up the DagBag from /home/airflow/.local/lib/python3.12/site-packages/airflow/example_dags/example_nested_branch_dag.py
[2024-09-26T13:03:13.629+0000] {processor.py:925} INFO - DAG(s) 'example_nested_branch_dag' retrieved from /home/airflow/.local/lib/python3.12/site-packages/airflow/example_dags/example_nested_branch_dag.py
[2024-09-26T13:03:13.645+0000] {logging_mixin.py:190} INFO - [2024-09-26T13:03:13.645+0000] {dag.py:3239} INFO - Sync 1 DAGs
[2024-09-26T13:03:13.665+0000] {logging_mixin.py:190} INFO - [2024-09-26T13:03:13.665+0000] {dag.py:4180} INFO - Setting next_dagrun for example_nested_branch_dag to 2024-09-25 00:00:00+00:00, run_after=2024-09-26 00:00:00+00:00
[2024-09-26T13:03:13.679+0000] {processor.py:208} INFO - Processing /home/airflow/.local/lib/python3.12/site-packages/airflow/example_dags/example_nested_branch_dag.py took 0.066 seconds
[2024-09-26T13:03:44.543+0000] {processor.py:186} INFO - Started process (PID=4342) to work on /home/airflow/.local/lib/python3.12/site-packages/airflow/example_dags/example_nested_branch_dag.py
[2024-09-26T13:03:44.543+0000] {processor.py:914} INFO - Processing file /home/airflow/.local/lib/python3.12/site-packages/airflow/example_dags/example_nested_branch_dag.py for tasks to queue
[2024-09-26T13:03:44.545+0000] {logging_mixin.py:190} INFO - [2024-09-26T13:03:44.545+0000] {dagbag.py:588} INFO - Filling up the DagBag from /home/airflow/.local/lib/python3.12/site-packages/airflow/example_dags/example_nested_branch_dag.py
[2024-09-26T13:03:44.554+0000] {processor.py:925} INFO - DAG(s) 'example_nested_branch_dag' retrieved from /home/airflow/.local/lib/python3.12/site-packages/airflow/example_dags/example_nested_branch_dag.py
[2024-09-26T13:03:44.572+0000] {logging_mixin.py:190} INFO - [2024-09-26T13:03:44.572+0000] {dag.py:3239} INFO - Sync 1 DAGs
[2024-09-26T13:03:44.593+0000] {logging_mixin.py:190} INFO - [2024-09-26T13:03:44.593+0000] {dag.py:4180} INFO - Setting next_dagrun for example_nested_branch_dag to 2024-09-25 00:00:00+00:00, run_after=2024-09-26 00:00:00+00:00
[2024-09-26T13:03:44.608+0000] {processor.py:208} INFO - Processing /home/airflow/.local/lib/python3.12/site-packages/airflow/example_dags/example_nested_branch_dag.py took 0.070 seconds
[2024-09-26T13:04:15.461+0000] {processor.py:186} INFO - Started process (PID=4628) to work on /home/airflow/.local/lib/python3.12/site-packages/airflow/example_dags/example_nested_branch_dag.py
[2024-09-26T13:04:15.462+0000] {processor.py:914} INFO - Processing file /home/airflow/.local/lib/python3.12/site-packages/airflow/example_dags/example_nested_branch_dag.py for tasks to queue
[2024-09-26T13:04:15.464+0000] {logging_mixin.py:190} INFO - [2024-09-26T13:04:15.464+0000] {dagbag.py:588} INFO - Filling up the DagBag from /home/airflow/.local/lib/python3.12/site-packages/airflow/example_dags/example_nested_branch_dag.py
[2024-09-26T13:04:15.474+0000] {processor.py:925} INFO - DAG(s) 'example_nested_branch_dag' retrieved from /home/airflow/.local/lib/python3.12/site-packages/airflow/example_dags/example_nested_branch_dag.py
[2024-09-26T13:04:15.492+0000] {logging_mixin.py:190} INFO - [2024-09-26T13:04:15.491+0000] {dag.py:3239} INFO - Sync 1 DAGs
[2024-09-26T13:04:15.513+0000] {logging_mixin.py:190} INFO - [2024-09-26T13:04:15.513+0000] {dag.py:4180} INFO - Setting next_dagrun for example_nested_branch_dag to 2024-09-25 00:00:00+00:00, run_after=2024-09-26 00:00:00+00:00
[2024-09-26T13:04:15.527+0000] {processor.py:208} INFO - Processing /home/airflow/.local/lib/python3.12/site-packages/airflow/example_dags/example_nested_branch_dag.py took 0.071 seconds
[2024-09-26T13:04:46.409+0000] {processor.py:186} INFO - Started process (PID=4914) to work on /home/airflow/.local/lib/python3.12/site-packages/airflow/example_dags/example_nested_branch_dag.py
[2024-09-26T13:04:46.410+0000] {processor.py:914} INFO - Processing file /home/airflow/.local/lib/python3.12/site-packages/airflow/example_dags/example_nested_branch_dag.py for tasks to queue
[2024-09-26T13:04:46.412+0000] {logging_mixin.py:190} INFO - [2024-09-26T13:04:46.412+0000] {dagbag.py:588} INFO - Filling up the DagBag from /home/airflow/.local/lib/python3.12/site-packages/airflow/example_dags/example_nested_branch_dag.py
[2024-09-26T13:04:46.422+0000] {processor.py:925} INFO - DAG(s) 'example_nested_branch_dag' retrieved from /home/airflow/.local/lib/python3.12/site-packages/airflow/example_dags/example_nested_branch_dag.py
[2024-09-26T13:04:46.441+0000] {logging_mixin.py:190} INFO - [2024-09-26T13:04:46.441+0000] {dag.py:3239} INFO - Sync 1 DAGs
[2024-09-26T13:04:46.468+0000] {logging_mixin.py:190} INFO - [2024-09-26T13:04:46.468+0000] {dag.py:4180} INFO - Setting next_dagrun for example_nested_branch_dag to 2024-09-25 00:00:00+00:00, run_after=2024-09-26 00:00:00+00:00
[2024-09-26T13:04:46.486+0000] {processor.py:208} INFO - Processing /home/airflow/.local/lib/python3.12/site-packages/airflow/example_dags/example_nested_branch_dag.py took 0.084 seconds
[2024-09-26T13:05:16.628+0000] {processor.py:186} INFO - Started process (PID=5200) to work on /home/airflow/.local/lib/python3.12/site-packages/airflow/example_dags/example_nested_branch_dag.py
[2024-09-26T13:05:16.629+0000] {processor.py:914} INFO - Processing file /home/airflow/.local/lib/python3.12/site-packages/airflow/example_dags/example_nested_branch_dag.py for tasks to queue
[2024-09-26T13:05:16.631+0000] {logging_mixin.py:190} INFO - [2024-09-26T13:05:16.630+0000] {dagbag.py:588} INFO - Filling up the DagBag from /home/airflow/.local/lib/python3.12/site-packages/airflow/example_dags/example_nested_branch_dag.py
[2024-09-26T13:05:16.642+0000] {processor.py:925} INFO - DAG(s) 'example_nested_branch_dag' retrieved from /home/airflow/.local/lib/python3.12/site-packages/airflow/example_dags/example_nested_branch_dag.py
[2024-09-26T13:05:16.659+0000] {logging_mixin.py:190} INFO - [2024-09-26T13:05:16.659+0000] {dag.py:3239} INFO - Sync 1 DAGs
[2024-09-26T13:05:16.681+0000] {logging_mixin.py:190} INFO - [2024-09-26T13:05:16.681+0000] {dag.py:4180} INFO - Setting next_dagrun for example_nested_branch_dag to 2024-09-25 00:00:00+00:00, run_after=2024-09-26 00:00:00+00:00
[2024-09-26T13:05:16.698+0000] {processor.py:208} INFO - Processing /home/airflow/.local/lib/python3.12/site-packages/airflow/example_dags/example_nested_branch_dag.py took 0.075 seconds
[2024-09-26T13:05:46.878+0000] {processor.py:186} INFO - Started process (PID=5486) to work on /home/airflow/.local/lib/python3.12/site-packages/airflow/example_dags/example_nested_branch_dag.py
[2024-09-26T13:05:46.878+0000] {processor.py:914} INFO - Processing file /home/airflow/.local/lib/python3.12/site-packages/airflow/example_dags/example_nested_branch_dag.py for tasks to queue
[2024-09-26T13:05:46.880+0000] {logging_mixin.py:190} INFO - [2024-09-26T13:05:46.880+0000] {dagbag.py:588} INFO - Filling up the DagBag from /home/airflow/.local/lib/python3.12/site-packages/airflow/example_dags/example_nested_branch_dag.py
[2024-09-26T13:05:46.889+0000] {processor.py:925} INFO - DAG(s) 'example_nested_branch_dag' retrieved from /home/airflow/.local/lib/python3.12/site-packages/airflow/example_dags/example_nested_branch_dag.py
[2024-09-26T13:05:46.906+0000] {logging_mixin.py:190} INFO - [2024-09-26T13:05:46.905+0000] {dag.py:3239} INFO - Sync 1 DAGs
[2024-09-26T13:05:46.926+0000] {logging_mixin.py:190} INFO - [2024-09-26T13:05:46.926+0000] {dag.py:4180} INFO - Setting next_dagrun for example_nested_branch_dag to 2024-09-25 00:00:00+00:00, run_after=2024-09-26 00:00:00+00:00
[2024-09-26T13:05:46.941+0000] {processor.py:208} INFO - Processing /home/airflow/.local/lib/python3.12/site-packages/airflow/example_dags/example_nested_branch_dag.py took 0.068 seconds
