[2024-09-26T13:25:10.156+0000] {processor.py:186} INFO - Started process (PID=16424) to work on /home/airflow/.local/lib/python3.12/site-packages/airflow/example_dags/example_xcomargs.py
[2024-09-26T13:25:10.157+0000] {processor.py:914} INFO - Processing file /home/airflow/.local/lib/python3.12/site-packages/airflow/example_dags/example_xcomargs.py for tasks to queue
[2024-09-26T13:25:10.158+0000] {logging_mixin.py:190} INFO - [2024-09-26T13:25:10.158+0000] {dagbag.py:588} INFO - Filling up the DagBag from /home/airflow/.local/lib/python3.12/site-packages/airflow/example_dags/example_xcomargs.py
[2024-09-26T13:25:10.167+0000] {processor.py:925} INFO - DAG(s) 'example_xcom_args_with_operators', 'example_xcom_args' retrieved from /home/airflow/.local/lib/python3.12/site-packages/airflow/example_dags/example_xcomargs.py
[2024-09-26T13:25:10.185+0000] {logging_mixin.py:190} INFO - [2024-09-26T13:25:10.185+0000] {dag.py:3239} INFO - Sync 2 DAGs
[2024-09-26T13:25:10.198+0000] {logging_mixin.py:190} INFO - [2024-09-26T13:25:10.198+0000] {dag.py:4180} INFO - Setting next_dagrun for example_xcom_args to None, run_after=None
[2024-09-26T13:25:10.201+0000] {logging_mixin.py:190} INFO - [2024-09-26T13:25:10.201+0000] {dag.py:4180} INFO - Setting next_dagrun for example_xcom_args_with_operators to None, run_after=None
[2024-09-26T13:25:10.214+0000] {processor.py:208} INFO - Processing /home/airflow/.local/lib/python3.12/site-packages/airflow/example_dags/example_xcomargs.py took 0.063 seconds
[2024-09-26T13:25:40.774+0000] {processor.py:186} INFO - Started process (PID=16710) to work on /home/airflow/.local/lib/python3.12/site-packages/airflow/example_dags/example_xcomargs.py
[2024-09-26T13:25:40.774+0000] {processor.py:914} INFO - Processing file /home/airflow/.local/lib/python3.12/site-packages/airflow/example_dags/example_xcomargs.py for tasks to queue
[2024-09-26T13:25:40.776+0000] {logging_mixin.py:190} INFO - [2024-09-26T13:25:40.776+0000] {dagbag.py:588} INFO - Filling up the DagBag from /home/airflow/.local/lib/python3.12/site-packages/airflow/example_dags/example_xcomargs.py
[2024-09-26T13:25:40.784+0000] {processor.py:925} INFO - DAG(s) 'example_xcom_args', 'example_xcom_args_with_operators' retrieved from /home/airflow/.local/lib/python3.12/site-packages/airflow/example_dags/example_xcomargs.py
[2024-09-26T13:25:40.803+0000] {logging_mixin.py:190} INFO - [2024-09-26T13:25:40.803+0000] {dag.py:3239} INFO - Sync 2 DAGs
[2024-09-26T13:25:40.816+0000] {logging_mixin.py:190} INFO - [2024-09-26T13:25:40.816+0000] {dag.py:4180} INFO - Setting next_dagrun for example_xcom_args to None, run_after=None
[2024-09-26T13:25:40.820+0000] {logging_mixin.py:190} INFO - [2024-09-26T13:25:40.820+0000] {dag.py:4180} INFO - Setting next_dagrun for example_xcom_args_with_operators to None, run_after=None
[2024-09-26T13:25:40.832+0000] {processor.py:208} INFO - Processing /home/airflow/.local/lib/python3.12/site-packages/airflow/example_dags/example_xcomargs.py took 0.063 seconds
[2024-09-26T13:26:11.458+0000] {processor.py:186} INFO - Started process (PID=16998) to work on /home/airflow/.local/lib/python3.12/site-packages/airflow/example_dags/example_xcomargs.py
[2024-09-26T13:26:11.458+0000] {processor.py:914} INFO - Processing file /home/airflow/.local/lib/python3.12/site-packages/airflow/example_dags/example_xcomargs.py for tasks to queue
[2024-09-26T13:26:11.460+0000] {logging_mixin.py:190} INFO - [2024-09-26T13:26:11.460+0000] {dagbag.py:588} INFO - Filling up the DagBag from /home/airflow/.local/lib/python3.12/site-packages/airflow/example_dags/example_xcomargs.py
[2024-09-26T13:26:11.468+0000] {processor.py:925} INFO - DAG(s) 'example_xcom_args', 'example_xcom_args_with_operators' retrieved from /home/airflow/.local/lib/python3.12/site-packages/airflow/example_dags/example_xcomargs.py
[2024-09-26T13:26:11.486+0000] {logging_mixin.py:190} INFO - [2024-09-26T13:26:11.486+0000] {dag.py:3239} INFO - Sync 2 DAGs
[2024-09-26T13:26:11.500+0000] {logging_mixin.py:190} INFO - [2024-09-26T13:26:11.500+0000] {dag.py:4180} INFO - Setting next_dagrun for example_xcom_args to None, run_after=None
[2024-09-26T13:26:11.503+0000] {logging_mixin.py:190} INFO - [2024-09-26T13:26:11.503+0000] {dag.py:4180} INFO - Setting next_dagrun for example_xcom_args_with_operators to None, run_after=None
[2024-09-26T13:26:11.633+0000] {processor.py:208} INFO - Processing /home/airflow/.local/lib/python3.12/site-packages/airflow/example_dags/example_xcomargs.py took 0.180 seconds
[2024-09-26T13:26:41.836+0000] {processor.py:186} INFO - Started process (PID=17282) to work on /home/airflow/.local/lib/python3.12/site-packages/airflow/example_dags/example_xcomargs.py
[2024-09-26T13:26:41.837+0000] {processor.py:914} INFO - Processing file /home/airflow/.local/lib/python3.12/site-packages/airflow/example_dags/example_xcomargs.py for tasks to queue
[2024-09-26T13:26:41.839+0000] {logging_mixin.py:190} INFO - [2024-09-26T13:26:41.838+0000] {dagbag.py:588} INFO - Filling up the DagBag from /home/airflow/.local/lib/python3.12/site-packages/airflow/example_dags/example_xcomargs.py
[2024-09-26T13:26:41.846+0000] {processor.py:925} INFO - DAG(s) 'example_xcom_args_with_operators', 'example_xcom_args' retrieved from /home/airflow/.local/lib/python3.12/site-packages/airflow/example_dags/example_xcomargs.py
[2024-09-26T13:26:41.866+0000] {logging_mixin.py:190} INFO - [2024-09-26T13:26:41.866+0000] {dag.py:3239} INFO - Sync 2 DAGs
[2024-09-26T13:26:41.879+0000] {logging_mixin.py:190} INFO - [2024-09-26T13:26:41.879+0000] {dag.py:4180} INFO - Setting next_dagrun for example_xcom_args to None, run_after=None
[2024-09-26T13:26:41.884+0000] {logging_mixin.py:190} INFO - [2024-09-26T13:26:41.883+0000] {dag.py:4180} INFO - Setting next_dagrun for example_xcom_args_with_operators to None, run_after=None
[2024-09-26T13:26:41.898+0000] {processor.py:208} INFO - Processing /home/airflow/.local/lib/python3.12/site-packages/airflow/example_dags/example_xcomargs.py took 0.067 seconds
[2024-09-26T13:27:12.203+0000] {processor.py:186} INFO - Started process (PID=17568) to work on /home/airflow/.local/lib/python3.12/site-packages/airflow/example_dags/example_xcomargs.py
[2024-09-26T13:27:12.203+0000] {processor.py:914} INFO - Processing file /home/airflow/.local/lib/python3.12/site-packages/airflow/example_dags/example_xcomargs.py for tasks to queue
[2024-09-26T13:27:12.205+0000] {logging_mixin.py:190} INFO - [2024-09-26T13:27:12.205+0000] {dagbag.py:588} INFO - Filling up the DagBag from /home/airflow/.local/lib/python3.12/site-packages/airflow/example_dags/example_xcomargs.py
[2024-09-26T13:27:12.213+0000] {processor.py:925} INFO - DAG(s) 'example_xcom_args_with_operators', 'example_xcom_args' retrieved from /home/airflow/.local/lib/python3.12/site-packages/airflow/example_dags/example_xcomargs.py
[2024-09-26T13:27:12.231+0000] {logging_mixin.py:190} INFO - [2024-09-26T13:27:12.231+0000] {dag.py:3239} INFO - Sync 2 DAGs
[2024-09-26T13:27:12.243+0000] {logging_mixin.py:190} INFO - [2024-09-26T13:27:12.243+0000] {dag.py:4180} INFO - Setting next_dagrun for example_xcom_args to None, run_after=None
[2024-09-26T13:27:12.246+0000] {logging_mixin.py:190} INFO - [2024-09-26T13:27:12.246+0000] {dag.py:4180} INFO - Setting next_dagrun for example_xcom_args_with_operators to None, run_after=None
[2024-09-26T13:27:12.259+0000] {processor.py:208} INFO - Processing /home/airflow/.local/lib/python3.12/site-packages/airflow/example_dags/example_xcomargs.py took 0.060 seconds
[2024-09-26T13:27:43.319+0000] {processor.py:186} INFO - Started process (PID=17856) to work on /home/airflow/.local/lib/python3.12/site-packages/airflow/example_dags/example_xcomargs.py
[2024-09-26T13:27:43.320+0000] {processor.py:914} INFO - Processing file /home/airflow/.local/lib/python3.12/site-packages/airflow/example_dags/example_xcomargs.py for tasks to queue
[2024-09-26T13:27:43.322+0000] {logging_mixin.py:190} INFO - [2024-09-26T13:27:43.322+0000] {dagbag.py:588} INFO - Filling up the DagBag from /home/airflow/.local/lib/python3.12/site-packages/airflow/example_dags/example_xcomargs.py
[2024-09-26T13:27:43.331+0000] {processor.py:925} INFO - DAG(s) 'example_xcom_args_with_operators', 'example_xcom_args' retrieved from /home/airflow/.local/lib/python3.12/site-packages/airflow/example_dags/example_xcomargs.py
[2024-09-26T13:27:43.351+0000] {logging_mixin.py:190} INFO - [2024-09-26T13:27:43.350+0000] {dag.py:3239} INFO - Sync 2 DAGs
[2024-09-26T13:27:43.363+0000] {logging_mixin.py:190} INFO - [2024-09-26T13:27:43.363+0000] {dag.py:4180} INFO - Setting next_dagrun for example_xcom_args to None, run_after=None
[2024-09-26T13:27:43.367+0000] {logging_mixin.py:190} INFO - [2024-09-26T13:27:43.366+0000] {dag.py:4180} INFO - Setting next_dagrun for example_xcom_args_with_operators to None, run_after=None
[2024-09-26T13:27:43.383+0000] {processor.py:208} INFO - Processing /home/airflow/.local/lib/python3.12/site-packages/airflow/example_dags/example_xcomargs.py took 0.068 seconds
[2024-09-26T13:28:14.372+0000] {processor.py:186} INFO - Started process (PID=18142) to work on /home/airflow/.local/lib/python3.12/site-packages/airflow/example_dags/example_xcomargs.py
[2024-09-26T13:28:14.373+0000] {processor.py:914} INFO - Processing file /home/airflow/.local/lib/python3.12/site-packages/airflow/example_dags/example_xcomargs.py for tasks to queue
[2024-09-26T13:28:14.375+0000] {logging_mixin.py:190} INFO - [2024-09-26T13:28:14.375+0000] {dagbag.py:588} INFO - Filling up the DagBag from /home/airflow/.local/lib/python3.12/site-packages/airflow/example_dags/example_xcomargs.py
[2024-09-26T13:28:14.385+0000] {processor.py:925} INFO - DAG(s) 'example_xcom_args_with_operators', 'example_xcom_args' retrieved from /home/airflow/.local/lib/python3.12/site-packages/airflow/example_dags/example_xcomargs.py
[2024-09-26T13:28:14.402+0000] {logging_mixin.py:190} INFO - [2024-09-26T13:28:14.402+0000] {dag.py:3239} INFO - Sync 2 DAGs
[2024-09-26T13:28:14.415+0000] {logging_mixin.py:190} INFO - [2024-09-26T13:28:14.415+0000] {dag.py:4180} INFO - Setting next_dagrun for example_xcom_args to None, run_after=None
[2024-09-26T13:28:14.418+0000] {logging_mixin.py:190} INFO - [2024-09-26T13:28:14.418+0000] {dag.py:4180} INFO - Setting next_dagrun for example_xcom_args_with_operators to None, run_after=None
[2024-09-26T13:28:14.431+0000] {processor.py:208} INFO - Processing /home/airflow/.local/lib/python3.12/site-packages/airflow/example_dags/example_xcomargs.py took 0.063 seconds
[2024-09-26T13:28:45.467+0000] {processor.py:186} INFO - Started process (PID=18432) to work on /home/airflow/.local/lib/python3.12/site-packages/airflow/example_dags/example_xcomargs.py
[2024-09-26T13:28:45.468+0000] {processor.py:914} INFO - Processing file /home/airflow/.local/lib/python3.12/site-packages/airflow/example_dags/example_xcomargs.py for tasks to queue
[2024-09-26T13:28:45.469+0000] {logging_mixin.py:190} INFO - [2024-09-26T13:28:45.469+0000] {dagbag.py:588} INFO - Filling up the DagBag from /home/airflow/.local/lib/python3.12/site-packages/airflow/example_dags/example_xcomargs.py
[2024-09-26T13:28:45.479+0000] {processor.py:925} INFO - DAG(s) 'example_xcom_args_with_operators', 'example_xcom_args' retrieved from /home/airflow/.local/lib/python3.12/site-packages/airflow/example_dags/example_xcomargs.py
[2024-09-26T13:28:45.499+0000] {logging_mixin.py:190} INFO - [2024-09-26T13:28:45.499+0000] {dag.py:3239} INFO - Sync 2 DAGs
[2024-09-26T13:28:45.513+0000] {logging_mixin.py:190} INFO - [2024-09-26T13:28:45.513+0000] {dag.py:4180} INFO - Setting next_dagrun for example_xcom_args to None, run_after=None
[2024-09-26T13:28:45.517+0000] {logging_mixin.py:190} INFO - [2024-09-26T13:28:45.517+0000] {dag.py:4180} INFO - Setting next_dagrun for example_xcom_args_with_operators to None, run_after=None
[2024-09-26T13:28:45.530+0000] {processor.py:208} INFO - Processing /home/airflow/.local/lib/python3.12/site-packages/airflow/example_dags/example_xcomargs.py took 0.068 seconds
[2024-09-26T13:29:15.675+0000] {processor.py:186} INFO - Started process (PID=18718) to work on /home/airflow/.local/lib/python3.12/site-packages/airflow/example_dags/example_xcomargs.py
[2024-09-26T13:29:15.676+0000] {processor.py:914} INFO - Processing file /home/airflow/.local/lib/python3.12/site-packages/airflow/example_dags/example_xcomargs.py for tasks to queue
[2024-09-26T13:29:15.677+0000] {logging_mixin.py:190} INFO - [2024-09-26T13:29:15.677+0000] {dagbag.py:588} INFO - Filling up the DagBag from /home/airflow/.local/lib/python3.12/site-packages/airflow/example_dags/example_xcomargs.py
[2024-09-26T13:29:15.685+0000] {processor.py:925} INFO - DAG(s) 'example_xcom_args_with_operators', 'example_xcom_args' retrieved from /home/airflow/.local/lib/python3.12/site-packages/airflow/example_dags/example_xcomargs.py
[2024-09-26T13:29:15.704+0000] {logging_mixin.py:190} INFO - [2024-09-26T13:29:15.703+0000] {dag.py:3239} INFO - Sync 2 DAGs
[2024-09-26T13:29:15.718+0000] {logging_mixin.py:190} INFO - [2024-09-26T13:29:15.718+0000] {dag.py:4180} INFO - Setting next_dagrun for example_xcom_args to None, run_after=None
[2024-09-26T13:29:15.721+0000] {logging_mixin.py:190} INFO - [2024-09-26T13:29:15.721+0000] {dag.py:4180} INFO - Setting next_dagrun for example_xcom_args_with_operators to None, run_after=None
[2024-09-26T13:29:15.734+0000] {processor.py:208} INFO - Processing /home/airflow/.local/lib/python3.12/site-packages/airflow/example_dags/example_xcomargs.py took 0.064 seconds
[2024-09-26T13:29:45.908+0000] {processor.py:186} INFO - Started process (PID=19004) to work on /home/airflow/.local/lib/python3.12/site-packages/airflow/example_dags/example_xcomargs.py
[2024-09-26T13:29:45.909+0000] {processor.py:914} INFO - Processing file /home/airflow/.local/lib/python3.12/site-packages/airflow/example_dags/example_xcomargs.py for tasks to queue
[2024-09-26T13:29:45.911+0000] {logging_mixin.py:190} INFO - [2024-09-26T13:29:45.911+0000] {dagbag.py:588} INFO - Filling up the DagBag from /home/airflow/.local/lib/python3.12/site-packages/airflow/example_dags/example_xcomargs.py
[2024-09-26T13:29:45.919+0000] {processor.py:925} INFO - DAG(s) 'example_xcom_args_with_operators', 'example_xcom_args' retrieved from /home/airflow/.local/lib/python3.12/site-packages/airflow/example_dags/example_xcomargs.py
[2024-09-26T13:29:45.937+0000] {logging_mixin.py:190} INFO - [2024-09-26T13:29:45.937+0000] {dag.py:3239} INFO - Sync 2 DAGs
[2024-09-26T13:29:45.950+0000] {logging_mixin.py:190} INFO - [2024-09-26T13:29:45.950+0000] {dag.py:4180} INFO - Setting next_dagrun for example_xcom_args to None, run_after=None
[2024-09-26T13:29:45.954+0000] {logging_mixin.py:190} INFO - [2024-09-26T13:29:45.954+0000] {dag.py:4180} INFO - Setting next_dagrun for example_xcom_args_with_operators to None, run_after=None
[2024-09-26T13:29:45.966+0000] {processor.py:208} INFO - Processing /home/airflow/.local/lib/python3.12/site-packages/airflow/example_dags/example_xcomargs.py took 0.063 seconds
[2024-09-26T13:30:16.122+0000] {processor.py:186} INFO - Started process (PID=19290) to work on /home/airflow/.local/lib/python3.12/site-packages/airflow/example_dags/example_xcomargs.py
[2024-09-26T13:30:16.123+0000] {processor.py:914} INFO - Processing file /home/airflow/.local/lib/python3.12/site-packages/airflow/example_dags/example_xcomargs.py for tasks to queue
[2024-09-26T13:30:16.125+0000] {logging_mixin.py:190} INFO - [2024-09-26T13:30:16.125+0000] {dagbag.py:588} INFO - Filling up the DagBag from /home/airflow/.local/lib/python3.12/site-packages/airflow/example_dags/example_xcomargs.py
[2024-09-26T13:30:16.133+0000] {processor.py:925} INFO - DAG(s) 'example_xcom_args', 'example_xcom_args_with_operators' retrieved from /home/airflow/.local/lib/python3.12/site-packages/airflow/example_dags/example_xcomargs.py
[2024-09-26T13:30:16.151+0000] {logging_mixin.py:190} INFO - [2024-09-26T13:30:16.151+0000] {dag.py:3239} INFO - Sync 2 DAGs
[2024-09-26T13:30:16.164+0000] {logging_mixin.py:190} INFO - [2024-09-26T13:30:16.164+0000] {dag.py:4180} INFO - Setting next_dagrun for example_xcom_args to None, run_after=None
[2024-09-26T13:30:16.167+0000] {logging_mixin.py:190} INFO - [2024-09-26T13:30:16.167+0000] {dag.py:4180} INFO - Setting next_dagrun for example_xcom_args_with_operators to None, run_after=None
[2024-09-26T13:30:16.180+0000] {processor.py:208} INFO - Processing /home/airflow/.local/lib/python3.12/site-packages/airflow/example_dags/example_xcomargs.py took 0.062 seconds
[2024-09-26T13:30:47.050+0000] {processor.py:186} INFO - Started process (PID=19578) to work on /home/airflow/.local/lib/python3.12/site-packages/airflow/example_dags/example_xcomargs.py
[2024-09-26T13:30:47.050+0000] {processor.py:914} INFO - Processing file /home/airflow/.local/lib/python3.12/site-packages/airflow/example_dags/example_xcomargs.py for tasks to queue
[2024-09-26T13:30:47.052+0000] {logging_mixin.py:190} INFO - [2024-09-26T13:30:47.052+0000] {dagbag.py:588} INFO - Filling up the DagBag from /home/airflow/.local/lib/python3.12/site-packages/airflow/example_dags/example_xcomargs.py
[2024-09-26T13:30:47.060+0000] {processor.py:925} INFO - DAG(s) 'example_xcom_args_with_operators', 'example_xcom_args' retrieved from /home/airflow/.local/lib/python3.12/site-packages/airflow/example_dags/example_xcomargs.py
[2024-09-26T13:30:47.076+0000] {logging_mixin.py:190} INFO - [2024-09-26T13:30:47.076+0000] {dag.py:3239} INFO - Sync 2 DAGs
[2024-09-26T13:30:47.089+0000] {logging_mixin.py:190} INFO - [2024-09-26T13:30:47.089+0000] {dag.py:4180} INFO - Setting next_dagrun for example_xcom_args to None, run_after=None
[2024-09-26T13:30:47.092+0000] {logging_mixin.py:190} INFO - [2024-09-26T13:30:47.092+0000] {dag.py:4180} INFO - Setting next_dagrun for example_xcom_args_with_operators to None, run_after=None
[2024-09-26T13:30:47.103+0000] {processor.py:208} INFO - Processing /home/airflow/.local/lib/python3.12/site-packages/airflow/example_dags/example_xcomargs.py took 0.058 seconds
[2024-09-26T13:31:17.902+0000] {processor.py:186} INFO - Started process (PID=19865) to work on /home/airflow/.local/lib/python3.12/site-packages/airflow/example_dags/example_xcomargs.py
[2024-09-26T13:31:17.903+0000] {processor.py:914} INFO - Processing file /home/airflow/.local/lib/python3.12/site-packages/airflow/example_dags/example_xcomargs.py for tasks to queue
[2024-09-26T13:31:17.905+0000] {logging_mixin.py:190} INFO - [2024-09-26T13:31:17.905+0000] {dagbag.py:588} INFO - Filling up the DagBag from /home/airflow/.local/lib/python3.12/site-packages/airflow/example_dags/example_xcomargs.py
[2024-09-26T13:31:17.913+0000] {processor.py:925} INFO - DAG(s) 'example_xcom_args', 'example_xcom_args_with_operators' retrieved from /home/airflow/.local/lib/python3.12/site-packages/airflow/example_dags/example_xcomargs.py
[2024-09-26T13:31:17.931+0000] {logging_mixin.py:190} INFO - [2024-09-26T13:31:17.930+0000] {dag.py:3239} INFO - Sync 2 DAGs
[2024-09-26T13:31:17.943+0000] {logging_mixin.py:190} INFO - [2024-09-26T13:31:17.943+0000] {dag.py:4180} INFO - Setting next_dagrun for example_xcom_args to None, run_after=None
[2024-09-26T13:31:17.947+0000] {logging_mixin.py:190} INFO - [2024-09-26T13:31:17.947+0000] {dag.py:4180} INFO - Setting next_dagrun for example_xcom_args_with_operators to None, run_after=None
[2024-09-26T13:31:17.961+0000] {processor.py:208} INFO - Processing /home/airflow/.local/lib/python3.12/site-packages/airflow/example_dags/example_xcomargs.py took 0.063 seconds
[2024-09-26T13:31:48.752+0000] {processor.py:186} INFO - Started process (PID=20151) to work on /home/airflow/.local/lib/python3.12/site-packages/airflow/example_dags/example_xcomargs.py
[2024-09-26T13:31:48.753+0000] {processor.py:914} INFO - Processing file /home/airflow/.local/lib/python3.12/site-packages/airflow/example_dags/example_xcomargs.py for tasks to queue
[2024-09-26T13:31:48.755+0000] {logging_mixin.py:190} INFO - [2024-09-26T13:31:48.754+0000] {dagbag.py:588} INFO - Filling up the DagBag from /home/airflow/.local/lib/python3.12/site-packages/airflow/example_dags/example_xcomargs.py
[2024-09-26T13:31:48.762+0000] {processor.py:925} INFO - DAG(s) 'example_xcom_args', 'example_xcom_args_with_operators' retrieved from /home/airflow/.local/lib/python3.12/site-packages/airflow/example_dags/example_xcomargs.py
[2024-09-26T13:31:48.780+0000] {logging_mixin.py:190} INFO - [2024-09-26T13:31:48.780+0000] {dag.py:3239} INFO - Sync 2 DAGs
[2024-09-26T13:31:48.793+0000] {logging_mixin.py:190} INFO - [2024-09-26T13:31:48.793+0000] {dag.py:4180} INFO - Setting next_dagrun for example_xcom_args to None, run_after=None
[2024-09-26T13:31:48.796+0000] {logging_mixin.py:190} INFO - [2024-09-26T13:31:48.796+0000] {dag.py:4180} INFO - Setting next_dagrun for example_xcom_args_with_operators to None, run_after=None
[2024-09-26T13:31:48.809+0000] {processor.py:208} INFO - Processing /home/airflow/.local/lib/python3.12/site-packages/airflow/example_dags/example_xcomargs.py took 0.061 seconds
[2024-09-26T13:32:19.598+0000] {processor.py:186} INFO - Started process (PID=20436) to work on /home/airflow/.local/lib/python3.12/site-packages/airflow/example_dags/example_xcomargs.py
[2024-09-26T13:32:19.599+0000] {processor.py:914} INFO - Processing file /home/airflow/.local/lib/python3.12/site-packages/airflow/example_dags/example_xcomargs.py for tasks to queue
[2024-09-26T13:32:19.600+0000] {logging_mixin.py:190} INFO - [2024-09-26T13:32:19.600+0000] {dagbag.py:588} INFO - Filling up the DagBag from /home/airflow/.local/lib/python3.12/site-packages/airflow/example_dags/example_xcomargs.py
[2024-09-26T13:32:19.608+0000] {processor.py:925} INFO - DAG(s) 'example_xcom_args', 'example_xcom_args_with_operators' retrieved from /home/airflow/.local/lib/python3.12/site-packages/airflow/example_dags/example_xcomargs.py
[2024-09-26T13:32:19.626+0000] {logging_mixin.py:190} INFO - [2024-09-26T13:32:19.626+0000] {dag.py:3239} INFO - Sync 2 DAGs
[2024-09-26T13:32:19.640+0000] {logging_mixin.py:190} INFO - [2024-09-26T13:32:19.640+0000] {dag.py:4180} INFO - Setting next_dagrun for example_xcom_args to None, run_after=None
[2024-09-26T13:32:19.644+0000] {logging_mixin.py:190} INFO - [2024-09-26T13:32:19.643+0000] {dag.py:4180} INFO - Setting next_dagrun for example_xcom_args_with_operators to None, run_after=None
[2024-09-26T13:32:19.658+0000] {processor.py:208} INFO - Processing /home/airflow/.local/lib/python3.12/site-packages/airflow/example_dags/example_xcomargs.py took 0.064 seconds
[2024-09-26T13:32:50.403+0000] {processor.py:186} INFO - Started process (PID=20722) to work on /home/airflow/.local/lib/python3.12/site-packages/airflow/example_dags/example_xcomargs.py
[2024-09-26T13:32:50.404+0000] {processor.py:914} INFO - Processing file /home/airflow/.local/lib/python3.12/site-packages/airflow/example_dags/example_xcomargs.py for tasks to queue
[2024-09-26T13:32:50.405+0000] {logging_mixin.py:190} INFO - [2024-09-26T13:32:50.405+0000] {dagbag.py:588} INFO - Filling up the DagBag from /home/airflow/.local/lib/python3.12/site-packages/airflow/example_dags/example_xcomargs.py
[2024-09-26T13:32:50.413+0000] {processor.py:925} INFO - DAG(s) 'example_xcom_args_with_operators', 'example_xcom_args' retrieved from /home/airflow/.local/lib/python3.12/site-packages/airflow/example_dags/example_xcomargs.py
[2024-09-26T13:32:50.431+0000] {logging_mixin.py:190} INFO - [2024-09-26T13:32:50.431+0000] {dag.py:3239} INFO - Sync 2 DAGs
[2024-09-26T13:32:50.444+0000] {logging_mixin.py:190} INFO - [2024-09-26T13:32:50.444+0000] {dag.py:4180} INFO - Setting next_dagrun for example_xcom_args to None, run_after=None
[2024-09-26T13:32:50.447+0000] {logging_mixin.py:190} INFO - [2024-09-26T13:32:50.447+0000] {dag.py:4180} INFO - Setting next_dagrun for example_xcom_args_with_operators to None, run_after=None
[2024-09-26T13:32:50.461+0000] {processor.py:208} INFO - Processing /home/airflow/.local/lib/python3.12/site-packages/airflow/example_dags/example_xcomargs.py took 0.063 seconds
[2024-09-26T13:33:21.204+0000] {processor.py:186} INFO - Started process (PID=21009) to work on /home/airflow/.local/lib/python3.12/site-packages/airflow/example_dags/example_xcomargs.py
[2024-09-26T13:33:21.205+0000] {processor.py:914} INFO - Processing file /home/airflow/.local/lib/python3.12/site-packages/airflow/example_dags/example_xcomargs.py for tasks to queue
[2024-09-26T13:33:21.206+0000] {logging_mixin.py:190} INFO - [2024-09-26T13:33:21.206+0000] {dagbag.py:588} INFO - Filling up the DagBag from /home/airflow/.local/lib/python3.12/site-packages/airflow/example_dags/example_xcomargs.py
[2024-09-26T13:33:21.214+0000] {processor.py:925} INFO - DAG(s) 'example_xcom_args_with_operators', 'example_xcom_args' retrieved from /home/airflow/.local/lib/python3.12/site-packages/airflow/example_dags/example_xcomargs.py
[2024-09-26T13:33:21.232+0000] {logging_mixin.py:190} INFO - [2024-09-26T13:33:21.232+0000] {dag.py:3239} INFO - Sync 2 DAGs
[2024-09-26T13:33:21.244+0000] {logging_mixin.py:190} INFO - [2024-09-26T13:33:21.244+0000] {dag.py:4180} INFO - Setting next_dagrun for example_xcom_args to None, run_after=None
[2024-09-26T13:33:21.248+0000] {logging_mixin.py:190} INFO - [2024-09-26T13:33:21.248+0000] {dag.py:4180} INFO - Setting next_dagrun for example_xcom_args_with_operators to None, run_after=None
[2024-09-26T13:33:21.260+0000] {processor.py:208} INFO - Processing /home/airflow/.local/lib/python3.12/site-packages/airflow/example_dags/example_xcomargs.py took 0.061 seconds
[2024-09-26T13:33:52.105+0000] {processor.py:186} INFO - Started process (PID=21295) to work on /home/airflow/.local/lib/python3.12/site-packages/airflow/example_dags/example_xcomargs.py
[2024-09-26T13:33:52.106+0000] {processor.py:914} INFO - Processing file /home/airflow/.local/lib/python3.12/site-packages/airflow/example_dags/example_xcomargs.py for tasks to queue
[2024-09-26T13:33:52.108+0000] {logging_mixin.py:190} INFO - [2024-09-26T13:33:52.107+0000] {dagbag.py:588} INFO - Filling up the DagBag from /home/airflow/.local/lib/python3.12/site-packages/airflow/example_dags/example_xcomargs.py
[2024-09-26T13:33:52.115+0000] {processor.py:925} INFO - DAG(s) 'example_xcom_args', 'example_xcom_args_with_operators' retrieved from /home/airflow/.local/lib/python3.12/site-packages/airflow/example_dags/example_xcomargs.py
[2024-09-26T13:33:52.132+0000] {logging_mixin.py:190} INFO - [2024-09-26T13:33:52.132+0000] {dag.py:3239} INFO - Sync 2 DAGs
[2024-09-26T13:33:52.144+0000] {logging_mixin.py:190} INFO - [2024-09-26T13:33:52.144+0000] {dag.py:4180} INFO - Setting next_dagrun for example_xcom_args to None, run_after=None
[2024-09-26T13:33:52.147+0000] {logging_mixin.py:190} INFO - [2024-09-26T13:33:52.147+0000] {dag.py:4180} INFO - Setting next_dagrun for example_xcom_args_with_operators to None, run_after=None
[2024-09-26T13:33:52.160+0000] {processor.py:208} INFO - Processing /home/airflow/.local/lib/python3.12/site-packages/airflow/example_dags/example_xcomargs.py took 0.059 seconds
[2024-09-26T13:34:22.980+0000] {processor.py:186} INFO - Started process (PID=21581) to work on /home/airflow/.local/lib/python3.12/site-packages/airflow/example_dags/example_xcomargs.py
[2024-09-26T13:34:22.981+0000] {processor.py:914} INFO - Processing file /home/airflow/.local/lib/python3.12/site-packages/airflow/example_dags/example_xcomargs.py for tasks to queue
[2024-09-26T13:34:22.983+0000] {logging_mixin.py:190} INFO - [2024-09-26T13:34:22.983+0000] {dagbag.py:588} INFO - Filling up the DagBag from /home/airflow/.local/lib/python3.12/site-packages/airflow/example_dags/example_xcomargs.py
[2024-09-26T13:34:22.991+0000] {processor.py:925} INFO - DAG(s) 'example_xcom_args_with_operators', 'example_xcom_args' retrieved from /home/airflow/.local/lib/python3.12/site-packages/airflow/example_dags/example_xcomargs.py
[2024-09-26T13:34:23.009+0000] {logging_mixin.py:190} INFO - [2024-09-26T13:34:23.008+0000] {dag.py:3239} INFO - Sync 2 DAGs
[2024-09-26T13:34:23.021+0000] {logging_mixin.py:190} INFO - [2024-09-26T13:34:23.021+0000] {dag.py:4180} INFO - Setting next_dagrun for example_xcom_args to None, run_after=None
[2024-09-26T13:34:23.024+0000] {logging_mixin.py:190} INFO - [2024-09-26T13:34:23.024+0000] {dag.py:4180} INFO - Setting next_dagrun for example_xcom_args_with_operators to None, run_after=None
[2024-09-26T13:34:23.036+0000] {processor.py:208} INFO - Processing /home/airflow/.local/lib/python3.12/site-packages/airflow/example_dags/example_xcomargs.py took 0.060 seconds
[2024-09-26T13:34:53.827+0000] {processor.py:186} INFO - Started process (PID=21865) to work on /home/airflow/.local/lib/python3.12/site-packages/airflow/example_dags/example_xcomargs.py
[2024-09-26T13:34:53.828+0000] {processor.py:914} INFO - Processing file /home/airflow/.local/lib/python3.12/site-packages/airflow/example_dags/example_xcomargs.py for tasks to queue
[2024-09-26T13:34:53.831+0000] {logging_mixin.py:190} INFO - [2024-09-26T13:34:53.831+0000] {dagbag.py:588} INFO - Filling up the DagBag from /home/airflow/.local/lib/python3.12/site-packages/airflow/example_dags/example_xcomargs.py
[2024-09-26T13:34:53.841+0000] {processor.py:925} INFO - DAG(s) 'example_xcom_args_with_operators', 'example_xcom_args' retrieved from /home/airflow/.local/lib/python3.12/site-packages/airflow/example_dags/example_xcomargs.py
[2024-09-26T13:34:53.861+0000] {logging_mixin.py:190} INFO - [2024-09-26T13:34:53.860+0000] {dag.py:3239} INFO - Sync 2 DAGs
[2024-09-26T13:34:53.876+0000] {logging_mixin.py:190} INFO - [2024-09-26T13:34:53.876+0000] {dag.py:4180} INFO - Setting next_dagrun for example_xcom_args to None, run_after=None
[2024-09-26T13:34:53.880+0000] {logging_mixin.py:190} INFO - [2024-09-26T13:34:53.880+0000] {dag.py:4180} INFO - Setting next_dagrun for example_xcom_args_with_operators to None, run_after=None
[2024-09-26T13:34:53.894+0000] {processor.py:208} INFO - Processing /home/airflow/.local/lib/python3.12/site-packages/airflow/example_dags/example_xcomargs.py took 0.072 seconds
[2024-09-26T13:35:24.129+0000] {processor.py:186} INFO - Started process (PID=22151) to work on /home/airflow/.local/lib/python3.12/site-packages/airflow/example_dags/example_xcomargs.py
[2024-09-26T13:35:24.130+0000] {processor.py:914} INFO - Processing file /home/airflow/.local/lib/python3.12/site-packages/airflow/example_dags/example_xcomargs.py for tasks to queue
[2024-09-26T13:35:24.132+0000] {logging_mixin.py:190} INFO - [2024-09-26T13:35:24.131+0000] {dagbag.py:588} INFO - Filling up the DagBag from /home/airflow/.local/lib/python3.12/site-packages/airflow/example_dags/example_xcomargs.py
[2024-09-26T13:35:24.139+0000] {processor.py:925} INFO - DAG(s) 'example_xcom_args_with_operators', 'example_xcom_args' retrieved from /home/airflow/.local/lib/python3.12/site-packages/airflow/example_dags/example_xcomargs.py
[2024-09-26T13:35:24.158+0000] {logging_mixin.py:190} INFO - [2024-09-26T13:35:24.158+0000] {dag.py:3239} INFO - Sync 2 DAGs
[2024-09-26T13:35:24.170+0000] {logging_mixin.py:190} INFO - [2024-09-26T13:35:24.170+0000] {dag.py:4180} INFO - Setting next_dagrun for example_xcom_args to None, run_after=None
[2024-09-26T13:35:24.174+0000] {logging_mixin.py:190} INFO - [2024-09-26T13:35:24.174+0000] {dag.py:4180} INFO - Setting next_dagrun for example_xcom_args_with_operators to None, run_after=None
[2024-09-26T13:35:24.188+0000] {processor.py:208} INFO - Processing /home/airflow/.local/lib/python3.12/site-packages/airflow/example_dags/example_xcomargs.py took 0.063 seconds
[2024-09-26T13:35:54.355+0000] {processor.py:186} INFO - Started process (PID=22437) to work on /home/airflow/.local/lib/python3.12/site-packages/airflow/example_dags/example_xcomargs.py
[2024-09-26T13:35:54.356+0000] {processor.py:914} INFO - Processing file /home/airflow/.local/lib/python3.12/site-packages/airflow/example_dags/example_xcomargs.py for tasks to queue
[2024-09-26T13:35:54.358+0000] {logging_mixin.py:190} INFO - [2024-09-26T13:35:54.358+0000] {dagbag.py:588} INFO - Filling up the DagBag from /home/airflow/.local/lib/python3.12/site-packages/airflow/example_dags/example_xcomargs.py
[2024-09-26T13:35:54.366+0000] {processor.py:925} INFO - DAG(s) 'example_xcom_args', 'example_xcom_args_with_operators' retrieved from /home/airflow/.local/lib/python3.12/site-packages/airflow/example_dags/example_xcomargs.py
[2024-09-26T13:35:54.390+0000] {logging_mixin.py:190} INFO - [2024-09-26T13:35:54.389+0000] {dag.py:3239} INFO - Sync 2 DAGs
[2024-09-26T13:35:54.404+0000] {logging_mixin.py:190} INFO - [2024-09-26T13:35:54.403+0000] {dag.py:4180} INFO - Setting next_dagrun for example_xcom_args to None, run_after=None
[2024-09-26T13:35:54.407+0000] {logging_mixin.py:190} INFO - [2024-09-26T13:35:54.407+0000] {dag.py:4180} INFO - Setting next_dagrun for example_xcom_args_with_operators to None, run_after=None
[2024-09-26T13:35:54.421+0000] {processor.py:208} INFO - Processing /home/airflow/.local/lib/python3.12/site-packages/airflow/example_dags/example_xcomargs.py took 0.071 seconds
[2024-09-26T13:36:24.599+0000] {processor.py:186} INFO - Started process (PID=22723) to work on /home/airflow/.local/lib/python3.12/site-packages/airflow/example_dags/example_xcomargs.py
[2024-09-26T13:36:24.600+0000] {processor.py:914} INFO - Processing file /home/airflow/.local/lib/python3.12/site-packages/airflow/example_dags/example_xcomargs.py for tasks to queue
[2024-09-26T13:36:24.602+0000] {logging_mixin.py:190} INFO - [2024-09-26T13:36:24.601+0000] {dagbag.py:588} INFO - Filling up the DagBag from /home/airflow/.local/lib/python3.12/site-packages/airflow/example_dags/example_xcomargs.py
[2024-09-26T13:36:24.611+0000] {processor.py:925} INFO - DAG(s) 'example_xcom_args', 'example_xcom_args_with_operators' retrieved from /home/airflow/.local/lib/python3.12/site-packages/airflow/example_dags/example_xcomargs.py
[2024-09-26T13:36:24.632+0000] {logging_mixin.py:190} INFO - [2024-09-26T13:36:24.632+0000] {dag.py:3239} INFO - Sync 2 DAGs
[2024-09-26T13:36:24.646+0000] {logging_mixin.py:190} INFO - [2024-09-26T13:36:24.646+0000] {dag.py:4180} INFO - Setting next_dagrun for example_xcom_args to None, run_after=None
[2024-09-26T13:36:24.650+0000] {logging_mixin.py:190} INFO - [2024-09-26T13:36:24.649+0000] {dag.py:4180} INFO - Setting next_dagrun for example_xcom_args_with_operators to None, run_after=None
[2024-09-26T13:36:24.663+0000] {processor.py:208} INFO - Processing /home/airflow/.local/lib/python3.12/site-packages/airflow/example_dags/example_xcomargs.py took 0.069 seconds
[2024-09-26T13:36:54.949+0000] {processor.py:186} INFO - Started process (PID=23016) to work on /home/airflow/.local/lib/python3.12/site-packages/airflow/example_dags/example_xcomargs.py
[2024-09-26T13:36:54.950+0000] {processor.py:914} INFO - Processing file /home/airflow/.local/lib/python3.12/site-packages/airflow/example_dags/example_xcomargs.py for tasks to queue
[2024-09-26T13:36:54.952+0000] {logging_mixin.py:190} INFO - [2024-09-26T13:36:54.951+0000] {dagbag.py:588} INFO - Filling up the DagBag from /home/airflow/.local/lib/python3.12/site-packages/airflow/example_dags/example_xcomargs.py
[2024-09-26T13:36:54.960+0000] {processor.py:925} INFO - DAG(s) 'example_xcom_args', 'example_xcom_args_with_operators' retrieved from /home/airflow/.local/lib/python3.12/site-packages/airflow/example_dags/example_xcomargs.py
[2024-09-26T13:36:54.978+0000] {logging_mixin.py:190} INFO - [2024-09-26T13:36:54.978+0000] {dag.py:3239} INFO - Sync 2 DAGs
[2024-09-26T13:36:54.991+0000] {logging_mixin.py:190} INFO - [2024-09-26T13:36:54.991+0000] {dag.py:4180} INFO - Setting next_dagrun for example_xcom_args to None, run_after=None
[2024-09-26T13:36:54.995+0000] {logging_mixin.py:190} INFO - [2024-09-26T13:36:54.995+0000] {dag.py:4180} INFO - Setting next_dagrun for example_xcom_args_with_operators to None, run_after=None
[2024-09-26T13:36:55.008+0000] {processor.py:208} INFO - Processing /home/airflow/.local/lib/python3.12/site-packages/airflow/example_dags/example_xcomargs.py took 0.063 seconds
[2024-09-26T13:37:25.238+0000] {processor.py:186} INFO - Started process (PID=23307) to work on /home/airflow/.local/lib/python3.12/site-packages/airflow/example_dags/example_xcomargs.py
[2024-09-26T13:37:25.239+0000] {processor.py:914} INFO - Processing file /home/airflow/.local/lib/python3.12/site-packages/airflow/example_dags/example_xcomargs.py for tasks to queue
[2024-09-26T13:37:25.241+0000] {logging_mixin.py:190} INFO - [2024-09-26T13:37:25.241+0000] {dagbag.py:588} INFO - Filling up the DagBag from /home/airflow/.local/lib/python3.12/site-packages/airflow/example_dags/example_xcomargs.py
[2024-09-26T13:37:25.249+0000] {processor.py:925} INFO - DAG(s) 'example_xcom_args', 'example_xcom_args_with_operators' retrieved from /home/airflow/.local/lib/python3.12/site-packages/airflow/example_dags/example_xcomargs.py
[2024-09-26T13:37:25.267+0000] {logging_mixin.py:190} INFO - [2024-09-26T13:37:25.266+0000] {dag.py:3239} INFO - Sync 2 DAGs
[2024-09-26T13:37:25.280+0000] {logging_mixin.py:190} INFO - [2024-09-26T13:37:25.280+0000] {dag.py:4180} INFO - Setting next_dagrun for example_xcom_args to None, run_after=None
[2024-09-26T13:37:25.283+0000] {logging_mixin.py:190} INFO - [2024-09-26T13:37:25.283+0000] {dag.py:4180} INFO - Setting next_dagrun for example_xcom_args_with_operators to None, run_after=None
[2024-09-26T13:37:25.297+0000] {processor.py:208} INFO - Processing /home/airflow/.local/lib/python3.12/site-packages/airflow/example_dags/example_xcomargs.py took 0.063 seconds
[2024-09-26T13:37:56.152+0000] {processor.py:186} INFO - Started process (PID=23596) to work on /home/airflow/.local/lib/python3.12/site-packages/airflow/example_dags/example_xcomargs.py
[2024-09-26T13:37:56.153+0000] {processor.py:914} INFO - Processing file /home/airflow/.local/lib/python3.12/site-packages/airflow/example_dags/example_xcomargs.py for tasks to queue
[2024-09-26T13:37:56.155+0000] {logging_mixin.py:190} INFO - [2024-09-26T13:37:56.154+0000] {dagbag.py:588} INFO - Filling up the DagBag from /home/airflow/.local/lib/python3.12/site-packages/airflow/example_dags/example_xcomargs.py
[2024-09-26T13:37:56.162+0000] {processor.py:925} INFO - DAG(s) 'example_xcom_args', 'example_xcom_args_with_operators' retrieved from /home/airflow/.local/lib/python3.12/site-packages/airflow/example_dags/example_xcomargs.py
[2024-09-26T13:37:56.181+0000] {logging_mixin.py:190} INFO - [2024-09-26T13:37:56.181+0000] {dag.py:3239} INFO - Sync 2 DAGs
[2024-09-26T13:37:56.194+0000] {logging_mixin.py:190} INFO - [2024-09-26T13:37:56.194+0000] {dag.py:4180} INFO - Setting next_dagrun for example_xcom_args to None, run_after=None
[2024-09-26T13:37:56.198+0000] {logging_mixin.py:190} INFO - [2024-09-26T13:37:56.198+0000] {dag.py:4180} INFO - Setting next_dagrun for example_xcom_args_with_operators to None, run_after=None
[2024-09-26T13:37:56.211+0000] {processor.py:208} INFO - Processing /home/airflow/.local/lib/python3.12/site-packages/airflow/example_dags/example_xcomargs.py took 0.063 seconds
[2024-09-26T13:38:26.360+0000] {processor.py:186} INFO - Started process (PID=23884) to work on /home/airflow/.local/lib/python3.12/site-packages/airflow/example_dags/example_xcomargs.py
[2024-09-26T13:38:26.361+0000] {processor.py:914} INFO - Processing file /home/airflow/.local/lib/python3.12/site-packages/airflow/example_dags/example_xcomargs.py for tasks to queue
[2024-09-26T13:38:26.363+0000] {logging_mixin.py:190} INFO - [2024-09-26T13:38:26.363+0000] {dagbag.py:588} INFO - Filling up the DagBag from /home/airflow/.local/lib/python3.12/site-packages/airflow/example_dags/example_xcomargs.py
[2024-09-26T13:38:26.371+0000] {processor.py:925} INFO - DAG(s) 'example_xcom_args_with_operators', 'example_xcom_args' retrieved from /home/airflow/.local/lib/python3.12/site-packages/airflow/example_dags/example_xcomargs.py
[2024-09-26T13:38:26.388+0000] {logging_mixin.py:190} INFO - [2024-09-26T13:38:26.387+0000] {dag.py:3239} INFO - Sync 2 DAGs
[2024-09-26T13:38:26.400+0000] {logging_mixin.py:190} INFO - [2024-09-26T13:38:26.400+0000] {dag.py:4180} INFO - Setting next_dagrun for example_xcom_args to None, run_after=None
[2024-09-26T13:38:26.403+0000] {logging_mixin.py:190} INFO - [2024-09-26T13:38:26.403+0000] {dag.py:4180} INFO - Setting next_dagrun for example_xcom_args_with_operators to None, run_after=None
[2024-09-26T13:38:26.416+0000] {processor.py:208} INFO - Processing /home/airflow/.local/lib/python3.12/site-packages/airflow/example_dags/example_xcomargs.py took 0.061 seconds
[2024-09-26T13:38:56.500+0000] {processor.py:186} INFO - Started process (PID=24175) to work on /home/airflow/.local/lib/python3.12/site-packages/airflow/example_dags/example_xcomargs.py
[2024-09-26T13:38:56.500+0000] {processor.py:914} INFO - Processing file /home/airflow/.local/lib/python3.12/site-packages/airflow/example_dags/example_xcomargs.py for tasks to queue
[2024-09-26T13:38:56.502+0000] {logging_mixin.py:190} INFO - [2024-09-26T13:38:56.502+0000] {dagbag.py:588} INFO - Filling up the DagBag from /home/airflow/.local/lib/python3.12/site-packages/airflow/example_dags/example_xcomargs.py
[2024-09-26T13:38:56.510+0000] {processor.py:925} INFO - DAG(s) 'example_xcom_args', 'example_xcom_args_with_operators' retrieved from /home/airflow/.local/lib/python3.12/site-packages/airflow/example_dags/example_xcomargs.py
[2024-09-26T13:38:56.528+0000] {logging_mixin.py:190} INFO - [2024-09-26T13:38:56.528+0000] {dag.py:3239} INFO - Sync 2 DAGs
[2024-09-26T13:38:56.540+0000] {logging_mixin.py:190} INFO - [2024-09-26T13:38:56.540+0000] {dag.py:4180} INFO - Setting next_dagrun for example_xcom_args to None, run_after=None
[2024-09-26T13:38:56.543+0000] {logging_mixin.py:190} INFO - [2024-09-26T13:38:56.543+0000] {dag.py:4180} INFO - Setting next_dagrun for example_xcom_args_with_operators to None, run_after=None
[2024-09-26T13:38:56.556+0000] {processor.py:208} INFO - Processing /home/airflow/.local/lib/python3.12/site-packages/airflow/example_dags/example_xcomargs.py took 0.061 seconds
[2024-09-26T13:39:26.743+0000] {processor.py:186} INFO - Started process (PID=24466) to work on /home/airflow/.local/lib/python3.12/site-packages/airflow/example_dags/example_xcomargs.py
[2024-09-26T13:39:26.744+0000] {processor.py:914} INFO - Processing file /home/airflow/.local/lib/python3.12/site-packages/airflow/example_dags/example_xcomargs.py for tasks to queue
[2024-09-26T13:39:26.746+0000] {logging_mixin.py:190} INFO - [2024-09-26T13:39:26.746+0000] {dagbag.py:588} INFO - Filling up the DagBag from /home/airflow/.local/lib/python3.12/site-packages/airflow/example_dags/example_xcomargs.py
[2024-09-26T13:39:26.754+0000] {processor.py:925} INFO - DAG(s) 'example_xcom_args', 'example_xcom_args_with_operators' retrieved from /home/airflow/.local/lib/python3.12/site-packages/airflow/example_dags/example_xcomargs.py
[2024-09-26T13:39:26.773+0000] {logging_mixin.py:190} INFO - [2024-09-26T13:39:26.772+0000] {dag.py:3239} INFO - Sync 2 DAGs
[2024-09-26T13:39:26.787+0000] {logging_mixin.py:190} INFO - [2024-09-26T13:39:26.787+0000] {dag.py:4180} INFO - Setting next_dagrun for example_xcom_args to None, run_after=None
[2024-09-26T13:39:26.790+0000] {logging_mixin.py:190} INFO - [2024-09-26T13:39:26.790+0000] {dag.py:4180} INFO - Setting next_dagrun for example_xcom_args_with_operators to None, run_after=None
[2024-09-26T13:39:26.804+0000] {processor.py:208} INFO - Processing /home/airflow/.local/lib/python3.12/site-packages/airflow/example_dags/example_xcomargs.py took 0.065 seconds
[2024-09-26T13:39:57.001+0000] {processor.py:186} INFO - Started process (PID=24757) to work on /home/airflow/.local/lib/python3.12/site-packages/airflow/example_dags/example_xcomargs.py
[2024-09-26T13:39:57.002+0000] {processor.py:914} INFO - Processing file /home/airflow/.local/lib/python3.12/site-packages/airflow/example_dags/example_xcomargs.py for tasks to queue
[2024-09-26T13:39:57.004+0000] {logging_mixin.py:190} INFO - [2024-09-26T13:39:57.003+0000] {dagbag.py:588} INFO - Filling up the DagBag from /home/airflow/.local/lib/python3.12/site-packages/airflow/example_dags/example_xcomargs.py
[2024-09-26T13:39:57.012+0000] {processor.py:925} INFO - DAG(s) 'example_xcom_args', 'example_xcom_args_with_operators' retrieved from /home/airflow/.local/lib/python3.12/site-packages/airflow/example_dags/example_xcomargs.py
[2024-09-26T13:39:57.030+0000] {logging_mixin.py:190} INFO - [2024-09-26T13:39:57.030+0000] {dag.py:3239} INFO - Sync 2 DAGs
[2024-09-26T13:39:57.042+0000] {logging_mixin.py:190} INFO - [2024-09-26T13:39:57.042+0000] {dag.py:4180} INFO - Setting next_dagrun for example_xcom_args to None, run_after=None
[2024-09-26T13:39:57.045+0000] {logging_mixin.py:190} INFO - [2024-09-26T13:39:57.045+0000] {dag.py:4180} INFO - Setting next_dagrun for example_xcom_args_with_operators to None, run_after=None
[2024-09-26T13:39:57.061+0000] {processor.py:208} INFO - Processing /home/airflow/.local/lib/python3.12/site-packages/airflow/example_dags/example_xcomargs.py took 0.064 seconds
[2024-09-26T13:40:27.148+0000] {processor.py:186} INFO - Started process (PID=25046) to work on /home/airflow/.local/lib/python3.12/site-packages/airflow/example_dags/example_xcomargs.py
[2024-09-26T13:40:27.149+0000] {processor.py:914} INFO - Processing file /home/airflow/.local/lib/python3.12/site-packages/airflow/example_dags/example_xcomargs.py for tasks to queue
[2024-09-26T13:40:27.151+0000] {logging_mixin.py:190} INFO - [2024-09-26T13:40:27.151+0000] {dagbag.py:588} INFO - Filling up the DagBag from /home/airflow/.local/lib/python3.12/site-packages/airflow/example_dags/example_xcomargs.py
[2024-09-26T13:40:27.159+0000] {processor.py:925} INFO - DAG(s) 'example_xcom_args', 'example_xcom_args_with_operators' retrieved from /home/airflow/.local/lib/python3.12/site-packages/airflow/example_dags/example_xcomargs.py
[2024-09-26T13:40:27.178+0000] {logging_mixin.py:190} INFO - [2024-09-26T13:40:27.177+0000] {dag.py:3239} INFO - Sync 2 DAGs
[2024-09-26T13:40:27.191+0000] {logging_mixin.py:190} INFO - [2024-09-26T13:40:27.191+0000] {dag.py:4180} INFO - Setting next_dagrun for example_xcom_args to None, run_after=None
[2024-09-26T13:40:27.194+0000] {logging_mixin.py:190} INFO - [2024-09-26T13:40:27.194+0000] {dag.py:4180} INFO - Setting next_dagrun for example_xcom_args_with_operators to None, run_after=None
[2024-09-26T13:40:27.207+0000] {processor.py:208} INFO - Processing /home/airflow/.local/lib/python3.12/site-packages/airflow/example_dags/example_xcomargs.py took 0.063 seconds
[2024-09-26T13:40:57.504+0000] {processor.py:186} INFO - Started process (PID=25339) to work on /home/airflow/.local/lib/python3.12/site-packages/airflow/example_dags/example_xcomargs.py
[2024-09-26T13:40:57.504+0000] {processor.py:914} INFO - Processing file /home/airflow/.local/lib/python3.12/site-packages/airflow/example_dags/example_xcomargs.py for tasks to queue
[2024-09-26T13:40:57.506+0000] {logging_mixin.py:190} INFO - [2024-09-26T13:40:57.506+0000] {dagbag.py:588} INFO - Filling up the DagBag from /home/airflow/.local/lib/python3.12/site-packages/airflow/example_dags/example_xcomargs.py
[2024-09-26T13:40:57.514+0000] {processor.py:925} INFO - DAG(s) 'example_xcom_args_with_operators', 'example_xcom_args' retrieved from /home/airflow/.local/lib/python3.12/site-packages/airflow/example_dags/example_xcomargs.py
[2024-09-26T13:40:57.531+0000] {logging_mixin.py:190} INFO - [2024-09-26T13:40:57.531+0000] {dag.py:3239} INFO - Sync 2 DAGs
[2024-09-26T13:40:57.543+0000] {logging_mixin.py:190} INFO - [2024-09-26T13:40:57.543+0000] {dag.py:4180} INFO - Setting next_dagrun for example_xcom_args to None, run_after=None
[2024-09-26T13:40:57.546+0000] {logging_mixin.py:190} INFO - [2024-09-26T13:40:57.546+0000] {dag.py:4180} INFO - Setting next_dagrun for example_xcom_args_with_operators to None, run_after=None
[2024-09-26T13:40:57.559+0000] {processor.py:208} INFO - Processing /home/airflow/.local/lib/python3.12/site-packages/airflow/example_dags/example_xcomargs.py took 0.060 seconds
[2024-09-26T13:41:27.710+0000] {processor.py:186} INFO - Started process (PID=25630) to work on /home/airflow/.local/lib/python3.12/site-packages/airflow/example_dags/example_xcomargs.py
[2024-09-26T13:41:27.711+0000] {processor.py:914} INFO - Processing file /home/airflow/.local/lib/python3.12/site-packages/airflow/example_dags/example_xcomargs.py for tasks to queue
[2024-09-26T13:41:27.713+0000] {logging_mixin.py:190} INFO - [2024-09-26T13:41:27.712+0000] {dagbag.py:588} INFO - Filling up the DagBag from /home/airflow/.local/lib/python3.12/site-packages/airflow/example_dags/example_xcomargs.py
[2024-09-26T13:41:27.720+0000] {processor.py:925} INFO - DAG(s) 'example_xcom_args_with_operators', 'example_xcom_args' retrieved from /home/airflow/.local/lib/python3.12/site-packages/airflow/example_dags/example_xcomargs.py
[2024-09-26T13:41:27.738+0000] {logging_mixin.py:190} INFO - [2024-09-26T13:41:27.738+0000] {dag.py:3239} INFO - Sync 2 DAGs
[2024-09-26T13:41:27.750+0000] {logging_mixin.py:190} INFO - [2024-09-26T13:41:27.750+0000] {dag.py:4180} INFO - Setting next_dagrun for example_xcom_args to None, run_after=None
[2024-09-26T13:41:27.753+0000] {logging_mixin.py:190} INFO - [2024-09-26T13:41:27.753+0000] {dag.py:4180} INFO - Setting next_dagrun for example_xcom_args_with_operators to None, run_after=None
[2024-09-26T13:41:27.766+0000] {processor.py:208} INFO - Processing /home/airflow/.local/lib/python3.12/site-packages/airflow/example_dags/example_xcomargs.py took 0.060 seconds
[2024-09-26T13:41:57.980+0000] {processor.py:186} INFO - Started process (PID=25921) to work on /home/airflow/.local/lib/python3.12/site-packages/airflow/example_dags/example_xcomargs.py
[2024-09-26T13:41:57.981+0000] {processor.py:914} INFO - Processing file /home/airflow/.local/lib/python3.12/site-packages/airflow/example_dags/example_xcomargs.py for tasks to queue
[2024-09-26T13:41:57.982+0000] {logging_mixin.py:190} INFO - [2024-09-26T13:41:57.982+0000] {dagbag.py:588} INFO - Filling up the DagBag from /home/airflow/.local/lib/python3.12/site-packages/airflow/example_dags/example_xcomargs.py
[2024-09-26T13:41:57.990+0000] {processor.py:925} INFO - DAG(s) 'example_xcom_args_with_operators', 'example_xcom_args' retrieved from /home/airflow/.local/lib/python3.12/site-packages/airflow/example_dags/example_xcomargs.py
[2024-09-26T13:41:58.008+0000] {logging_mixin.py:190} INFO - [2024-09-26T13:41:58.007+0000] {dag.py:3239} INFO - Sync 2 DAGs
[2024-09-26T13:41:58.020+0000] {logging_mixin.py:190} INFO - [2024-09-26T13:41:58.020+0000] {dag.py:4180} INFO - Setting next_dagrun for example_xcom_args to None, run_after=None
[2024-09-26T13:41:58.023+0000] {logging_mixin.py:190} INFO - [2024-09-26T13:41:58.023+0000] {dag.py:4180} INFO - Setting next_dagrun for example_xcom_args_with_operators to None, run_after=None
[2024-09-26T13:41:58.036+0000] {processor.py:208} INFO - Processing /home/airflow/.local/lib/python3.12/site-packages/airflow/example_dags/example_xcomargs.py took 0.061 seconds
[2024-09-26T13:42:28.478+0000] {processor.py:186} INFO - Started process (PID=26210) to work on /home/airflow/.local/lib/python3.12/site-packages/airflow/example_dags/example_xcomargs.py
[2024-09-26T13:42:28.479+0000] {processor.py:914} INFO - Processing file /home/airflow/.local/lib/python3.12/site-packages/airflow/example_dags/example_xcomargs.py for tasks to queue
[2024-09-26T13:42:28.481+0000] {logging_mixin.py:190} INFO - [2024-09-26T13:42:28.480+0000] {dagbag.py:588} INFO - Filling up the DagBag from /home/airflow/.local/lib/python3.12/site-packages/airflow/example_dags/example_xcomargs.py
[2024-09-26T13:42:28.488+0000] {processor.py:925} INFO - DAG(s) 'example_xcom_args_with_operators', 'example_xcom_args' retrieved from /home/airflow/.local/lib/python3.12/site-packages/airflow/example_dags/example_xcomargs.py
[2024-09-26T13:42:28.507+0000] {logging_mixin.py:190} INFO - [2024-09-26T13:42:28.507+0000] {dag.py:3239} INFO - Sync 2 DAGs
[2024-09-26T13:42:28.520+0000] {logging_mixin.py:190} INFO - [2024-09-26T13:42:28.520+0000] {dag.py:4180} INFO - Setting next_dagrun for example_xcom_args to None, run_after=None
[2024-09-26T13:42:28.524+0000] {logging_mixin.py:190} INFO - [2024-09-26T13:42:28.523+0000] {dag.py:4180} INFO - Setting next_dagrun for example_xcom_args_with_operators to None, run_after=None
[2024-09-26T13:42:28.536+0000] {processor.py:208} INFO - Processing /home/airflow/.local/lib/python3.12/site-packages/airflow/example_dags/example_xcomargs.py took 0.063 seconds
[2024-09-26T13:42:58.812+0000] {processor.py:186} INFO - Started process (PID=26503) to work on /home/airflow/.local/lib/python3.12/site-packages/airflow/example_dags/example_xcomargs.py
[2024-09-26T13:42:58.813+0000] {processor.py:914} INFO - Processing file /home/airflow/.local/lib/python3.12/site-packages/airflow/example_dags/example_xcomargs.py for tasks to queue
[2024-09-26T13:42:58.815+0000] {logging_mixin.py:190} INFO - [2024-09-26T13:42:58.814+0000] {dagbag.py:588} INFO - Filling up the DagBag from /home/airflow/.local/lib/python3.12/site-packages/airflow/example_dags/example_xcomargs.py
[2024-09-26T13:42:58.822+0000] {processor.py:925} INFO - DAG(s) 'example_xcom_args_with_operators', 'example_xcom_args' retrieved from /home/airflow/.local/lib/python3.12/site-packages/airflow/example_dags/example_xcomargs.py
[2024-09-26T13:42:58.839+0000] {logging_mixin.py:190} INFO - [2024-09-26T13:42:58.839+0000] {dag.py:3239} INFO - Sync 2 DAGs
[2024-09-26T13:42:58.852+0000] {logging_mixin.py:190} INFO - [2024-09-26T13:42:58.852+0000] {dag.py:4180} INFO - Setting next_dagrun for example_xcom_args to None, run_after=None
[2024-09-26T13:42:58.855+0000] {logging_mixin.py:190} INFO - [2024-09-26T13:42:58.855+0000] {dag.py:4180} INFO - Setting next_dagrun for example_xcom_args_with_operators to None, run_after=None
[2024-09-26T13:42:58.867+0000] {processor.py:208} INFO - Processing /home/airflow/.local/lib/python3.12/site-packages/airflow/example_dags/example_xcomargs.py took 0.060 seconds
[2024-09-26T13:43:29.777+0000] {processor.py:186} INFO - Started process (PID=26792) to work on /home/airflow/.local/lib/python3.12/site-packages/airflow/example_dags/example_xcomargs.py
[2024-09-26T13:43:29.778+0000] {processor.py:914} INFO - Processing file /home/airflow/.local/lib/python3.12/site-packages/airflow/example_dags/example_xcomargs.py for tasks to queue
[2024-09-26T13:43:29.779+0000] {logging_mixin.py:190} INFO - [2024-09-26T13:43:29.779+0000] {dagbag.py:588} INFO - Filling up the DagBag from /home/airflow/.local/lib/python3.12/site-packages/airflow/example_dags/example_xcomargs.py
[2024-09-26T13:43:29.787+0000] {processor.py:925} INFO - DAG(s) 'example_xcom_args', 'example_xcom_args_with_operators' retrieved from /home/airflow/.local/lib/python3.12/site-packages/airflow/example_dags/example_xcomargs.py
[2024-09-26T13:43:29.805+0000] {logging_mixin.py:190} INFO - [2024-09-26T13:43:29.805+0000] {dag.py:3239} INFO - Sync 2 DAGs
[2024-09-26T13:43:29.817+0000] {logging_mixin.py:190} INFO - [2024-09-26T13:43:29.817+0000] {dag.py:4180} INFO - Setting next_dagrun for example_xcom_args to None, run_after=None
[2024-09-26T13:43:29.821+0000] {logging_mixin.py:190} INFO - [2024-09-26T13:43:29.821+0000] {dag.py:4180} INFO - Setting next_dagrun for example_xcom_args_with_operators to None, run_after=None
[2024-09-26T13:43:29.834+0000] {processor.py:208} INFO - Processing /home/airflow/.local/lib/python3.12/site-packages/airflow/example_dags/example_xcomargs.py took 0.061 seconds
[2024-09-26T13:44:00.028+0000] {processor.py:186} INFO - Started process (PID=27083) to work on /home/airflow/.local/lib/python3.12/site-packages/airflow/example_dags/example_xcomargs.py
[2024-09-26T13:44:00.029+0000] {processor.py:914} INFO - Processing file /home/airflow/.local/lib/python3.12/site-packages/airflow/example_dags/example_xcomargs.py for tasks to queue
[2024-09-26T13:44:00.030+0000] {logging_mixin.py:190} INFO - [2024-09-26T13:44:00.030+0000] {dagbag.py:588} INFO - Filling up the DagBag from /home/airflow/.local/lib/python3.12/site-packages/airflow/example_dags/example_xcomargs.py
[2024-09-26T13:44:00.038+0000] {processor.py:925} INFO - DAG(s) 'example_xcom_args', 'example_xcom_args_with_operators' retrieved from /home/airflow/.local/lib/python3.12/site-packages/airflow/example_dags/example_xcomargs.py
[2024-09-26T13:44:00.057+0000] {logging_mixin.py:190} INFO - [2024-09-26T13:44:00.057+0000] {dag.py:3239} INFO - Sync 2 DAGs
[2024-09-26T13:44:00.070+0000] {logging_mixin.py:190} INFO - [2024-09-26T13:44:00.070+0000] {dag.py:4180} INFO - Setting next_dagrun for example_xcom_args to None, run_after=None
[2024-09-26T13:44:00.073+0000] {logging_mixin.py:190} INFO - [2024-09-26T13:44:00.073+0000] {dag.py:4180} INFO - Setting next_dagrun for example_xcom_args_with_operators to None, run_after=None
[2024-09-26T13:44:00.087+0000] {processor.py:208} INFO - Processing /home/airflow/.local/lib/python3.12/site-packages/airflow/example_dags/example_xcomargs.py took 0.064 seconds
[2024-09-26T13:44:30.306+0000] {processor.py:186} INFO - Started process (PID=27376) to work on /home/airflow/.local/lib/python3.12/site-packages/airflow/example_dags/example_xcomargs.py
[2024-09-26T13:44:30.307+0000] {processor.py:914} INFO - Processing file /home/airflow/.local/lib/python3.12/site-packages/airflow/example_dags/example_xcomargs.py for tasks to queue
[2024-09-26T13:44:30.309+0000] {logging_mixin.py:190} INFO - [2024-09-26T13:44:30.308+0000] {dagbag.py:588} INFO - Filling up the DagBag from /home/airflow/.local/lib/python3.12/site-packages/airflow/example_dags/example_xcomargs.py
[2024-09-26T13:44:30.316+0000] {processor.py:925} INFO - DAG(s) 'example_xcom_args_with_operators', 'example_xcom_args' retrieved from /home/airflow/.local/lib/python3.12/site-packages/airflow/example_dags/example_xcomargs.py
[2024-09-26T13:44:30.334+0000] {logging_mixin.py:190} INFO - [2024-09-26T13:44:30.334+0000] {dag.py:3239} INFO - Sync 2 DAGs
[2024-09-26T13:44:30.346+0000] {logging_mixin.py:190} INFO - [2024-09-26T13:44:30.346+0000] {dag.py:4180} INFO - Setting next_dagrun for example_xcom_args to None, run_after=None
[2024-09-26T13:44:30.349+0000] {logging_mixin.py:190} INFO - [2024-09-26T13:44:30.349+0000] {dag.py:4180} INFO - Setting next_dagrun for example_xcom_args_with_operators to None, run_after=None
[2024-09-26T13:44:30.362+0000] {processor.py:208} INFO - Processing /home/airflow/.local/lib/python3.12/site-packages/airflow/example_dags/example_xcomargs.py took 0.061 seconds
[2024-09-26T13:45:00.482+0000] {processor.py:186} INFO - Started process (PID=27665) to work on /home/airflow/.local/lib/python3.12/site-packages/airflow/example_dags/example_xcomargs.py
[2024-09-26T13:45:00.483+0000] {processor.py:914} INFO - Processing file /home/airflow/.local/lib/python3.12/site-packages/airflow/example_dags/example_xcomargs.py for tasks to queue
[2024-09-26T13:45:00.485+0000] {logging_mixin.py:190} INFO - [2024-09-26T13:45:00.484+0000] {dagbag.py:588} INFO - Filling up the DagBag from /home/airflow/.local/lib/python3.12/site-packages/airflow/example_dags/example_xcomargs.py
[2024-09-26T13:45:00.492+0000] {processor.py:925} INFO - DAG(s) 'example_xcom_args', 'example_xcom_args_with_operators' retrieved from /home/airflow/.local/lib/python3.12/site-packages/airflow/example_dags/example_xcomargs.py
[2024-09-26T13:45:00.513+0000] {logging_mixin.py:190} INFO - [2024-09-26T13:45:00.513+0000] {dag.py:3239} INFO - Sync 2 DAGs
[2024-09-26T13:45:00.526+0000] {logging_mixin.py:190} INFO - [2024-09-26T13:45:00.526+0000] {dag.py:4180} INFO - Setting next_dagrun for example_xcom_args to None, run_after=None
[2024-09-26T13:45:00.529+0000] {logging_mixin.py:190} INFO - [2024-09-26T13:45:00.529+0000] {dag.py:4180} INFO - Setting next_dagrun for example_xcom_args_with_operators to None, run_after=None
[2024-09-26T13:45:00.544+0000] {processor.py:208} INFO - Processing /home/airflow/.local/lib/python3.12/site-packages/airflow/example_dags/example_xcomargs.py took 0.066 seconds
[2024-09-26T13:45:31.480+0000] {processor.py:186} INFO - Started process (PID=27957) to work on /home/airflow/.local/lib/python3.12/site-packages/airflow/example_dags/example_xcomargs.py
[2024-09-26T13:45:31.481+0000] {processor.py:914} INFO - Processing file /home/airflow/.local/lib/python3.12/site-packages/airflow/example_dags/example_xcomargs.py for tasks to queue
[2024-09-26T13:45:31.482+0000] {logging_mixin.py:190} INFO - [2024-09-26T13:45:31.482+0000] {dagbag.py:588} INFO - Filling up the DagBag from /home/airflow/.local/lib/python3.12/site-packages/airflow/example_dags/example_xcomargs.py
[2024-09-26T13:45:31.491+0000] {processor.py:925} INFO - DAG(s) 'example_xcom_args', 'example_xcom_args_with_operators' retrieved from /home/airflow/.local/lib/python3.12/site-packages/airflow/example_dags/example_xcomargs.py
[2024-09-26T13:45:31.509+0000] {logging_mixin.py:190} INFO - [2024-09-26T13:45:31.508+0000] {dag.py:3239} INFO - Sync 2 DAGs
[2024-09-26T13:45:31.521+0000] {logging_mixin.py:190} INFO - [2024-09-26T13:45:31.521+0000] {dag.py:4180} INFO - Setting next_dagrun for example_xcom_args to None, run_after=None
[2024-09-26T13:45:31.524+0000] {logging_mixin.py:190} INFO - [2024-09-26T13:45:31.524+0000] {dag.py:4180} INFO - Setting next_dagrun for example_xcom_args_with_operators to None, run_after=None
[2024-09-26T13:45:31.537+0000] {processor.py:208} INFO - Processing /home/airflow/.local/lib/python3.12/site-packages/airflow/example_dags/example_xcomargs.py took 0.062 seconds
[2024-09-26T13:46:02.446+0000] {processor.py:186} INFO - Started process (PID=28250) to work on /home/airflow/.local/lib/python3.12/site-packages/airflow/example_dags/example_xcomargs.py
[2024-09-26T13:46:02.446+0000] {processor.py:914} INFO - Processing file /home/airflow/.local/lib/python3.12/site-packages/airflow/example_dags/example_xcomargs.py for tasks to queue
[2024-09-26T13:46:02.448+0000] {logging_mixin.py:190} INFO - [2024-09-26T13:46:02.448+0000] {dagbag.py:588} INFO - Filling up the DagBag from /home/airflow/.local/lib/python3.12/site-packages/airflow/example_dags/example_xcomargs.py
[2024-09-26T13:46:02.455+0000] {processor.py:925} INFO - DAG(s) 'example_xcom_args', 'example_xcom_args_with_operators' retrieved from /home/airflow/.local/lib/python3.12/site-packages/airflow/example_dags/example_xcomargs.py
[2024-09-26T13:46:02.473+0000] {logging_mixin.py:190} INFO - [2024-09-26T13:46:02.473+0000] {dag.py:3239} INFO - Sync 2 DAGs
[2024-09-26T13:46:02.486+0000] {logging_mixin.py:190} INFO - [2024-09-26T13:46:02.485+0000] {dag.py:4180} INFO - Setting next_dagrun for example_xcom_args to None, run_after=None
[2024-09-26T13:46:02.488+0000] {logging_mixin.py:190} INFO - [2024-09-26T13:46:02.488+0000] {dag.py:4180} INFO - Setting next_dagrun for example_xcom_args_with_operators to None, run_after=None
[2024-09-26T13:46:02.500+0000] {processor.py:208} INFO - Processing /home/airflow/.local/lib/python3.12/site-packages/airflow/example_dags/example_xcomargs.py took 0.059 seconds
[2024-09-26T13:46:32.620+0000] {processor.py:186} INFO - Started process (PID=28539) to work on /home/airflow/.local/lib/python3.12/site-packages/airflow/example_dags/example_xcomargs.py
[2024-09-26T13:46:32.620+0000] {processor.py:914} INFO - Processing file /home/airflow/.local/lib/python3.12/site-packages/airflow/example_dags/example_xcomargs.py for tasks to queue
[2024-09-26T13:46:32.622+0000] {logging_mixin.py:190} INFO - [2024-09-26T13:46:32.622+0000] {dagbag.py:588} INFO - Filling up the DagBag from /home/airflow/.local/lib/python3.12/site-packages/airflow/example_dags/example_xcomargs.py
[2024-09-26T13:46:32.630+0000] {processor.py:925} INFO - DAG(s) 'example_xcom_args_with_operators', 'example_xcom_args' retrieved from /home/airflow/.local/lib/python3.12/site-packages/airflow/example_dags/example_xcomargs.py
[2024-09-26T13:46:32.648+0000] {logging_mixin.py:190} INFO - [2024-09-26T13:46:32.648+0000] {dag.py:3239} INFO - Sync 2 DAGs
[2024-09-26T13:46:32.661+0000] {logging_mixin.py:190} INFO - [2024-09-26T13:46:32.660+0000] {dag.py:4180} INFO - Setting next_dagrun for example_xcom_args to None, run_after=None
[2024-09-26T13:46:32.664+0000] {logging_mixin.py:190} INFO - [2024-09-26T13:46:32.664+0000] {dag.py:4180} INFO - Setting next_dagrun for example_xcom_args_with_operators to None, run_after=None
[2024-09-26T13:46:32.678+0000] {processor.py:208} INFO - Processing /home/airflow/.local/lib/python3.12/site-packages/airflow/example_dags/example_xcomargs.py took 0.063 seconds
[2024-09-26T13:47:03.007+0000] {processor.py:186} INFO - Started process (PID=28832) to work on /home/airflow/.local/lib/python3.12/site-packages/airflow/example_dags/example_xcomargs.py
[2024-09-26T13:47:03.007+0000] {processor.py:914} INFO - Processing file /home/airflow/.local/lib/python3.12/site-packages/airflow/example_dags/example_xcomargs.py for tasks to queue
[2024-09-26T13:47:03.009+0000] {logging_mixin.py:190} INFO - [2024-09-26T13:47:03.009+0000] {dagbag.py:588} INFO - Filling up the DagBag from /home/airflow/.local/lib/python3.12/site-packages/airflow/example_dags/example_xcomargs.py
[2024-09-26T13:47:03.017+0000] {processor.py:925} INFO - DAG(s) 'example_xcom_args', 'example_xcom_args_with_operators' retrieved from /home/airflow/.local/lib/python3.12/site-packages/airflow/example_dags/example_xcomargs.py
[2024-09-26T13:47:03.035+0000] {logging_mixin.py:190} INFO - [2024-09-26T13:47:03.034+0000] {dag.py:3239} INFO - Sync 2 DAGs
[2024-09-26T13:47:03.047+0000] {logging_mixin.py:190} INFO - [2024-09-26T13:47:03.047+0000] {dag.py:4180} INFO - Setting next_dagrun for example_xcom_args to None, run_after=None
[2024-09-26T13:47:03.050+0000] {logging_mixin.py:190} INFO - [2024-09-26T13:47:03.050+0000] {dag.py:4180} INFO - Setting next_dagrun for example_xcom_args_with_operators to None, run_after=None
[2024-09-26T13:47:03.062+0000] {processor.py:208} INFO - Processing /home/airflow/.local/lib/python3.12/site-packages/airflow/example_dags/example_xcomargs.py took 0.060 seconds
[2024-09-26T13:47:34.391+0000] {processor.py:186} INFO - Started process (PID=29126) to work on /home/airflow/.local/lib/python3.12/site-packages/airflow/example_dags/example_xcomargs.py
[2024-09-26T13:47:34.392+0000] {processor.py:914} INFO - Processing file /home/airflow/.local/lib/python3.12/site-packages/airflow/example_dags/example_xcomargs.py for tasks to queue
[2024-09-26T13:47:34.394+0000] {logging_mixin.py:190} INFO - [2024-09-26T13:47:34.393+0000] {dagbag.py:588} INFO - Filling up the DagBag from /home/airflow/.local/lib/python3.12/site-packages/airflow/example_dags/example_xcomargs.py
[2024-09-26T13:47:34.402+0000] {processor.py:925} INFO - DAG(s) 'example_xcom_args_with_operators', 'example_xcom_args' retrieved from /home/airflow/.local/lib/python3.12/site-packages/airflow/example_dags/example_xcomargs.py
[2024-09-26T13:47:34.420+0000] {logging_mixin.py:190} INFO - [2024-09-26T13:47:34.420+0000] {dag.py:3239} INFO - Sync 2 DAGs
[2024-09-26T13:47:34.433+0000] {logging_mixin.py:190} INFO - [2024-09-26T13:47:34.433+0000] {dag.py:4180} INFO - Setting next_dagrun for example_xcom_args to None, run_after=None
[2024-09-26T13:47:34.437+0000] {logging_mixin.py:190} INFO - [2024-09-26T13:47:34.437+0000] {dag.py:4180} INFO - Setting next_dagrun for example_xcom_args_with_operators to None, run_after=None
[2024-09-26T13:47:34.450+0000] {processor.py:208} INFO - Processing /home/airflow/.local/lib/python3.12/site-packages/airflow/example_dags/example_xcomargs.py took 0.064 seconds
