[2024-09-26T13:24:57.829+0000] {processor.py:186} INFO - Started process (PID=16249) to work on /home/airflow/.local/lib/python3.12/site-packages/airflow/example_dags/example_sla_dag.py
[2024-09-26T13:24:57.830+0000] {processor.py:914} INFO - Processing file /home/airflow/.local/lib/python3.12/site-packages/airflow/example_dags/example_sla_dag.py for tasks to queue
[2024-09-26T13:24:57.832+0000] {logging_mixin.py:190} INFO - [2024-09-26T13:24:57.832+0000] {dagbag.py:588} INFO - Filling up the DagBag from /home/airflow/.local/lib/python3.12/site-packages/airflow/example_dags/example_sla_dag.py
[2024-09-26T13:24:57.841+0000] {processor.py:925} INFO - DAG(s) 'example_sla_dag' retrieved from /home/airflow/.local/lib/python3.12/site-packages/airflow/example_dags/example_sla_dag.py
[2024-09-26T13:24:57.856+0000] {logging_mixin.py:190} INFO - [2024-09-26T13:24:57.856+0000] {dag.py:3239} INFO - Sync 1 DAGs
[2024-09-26T13:24:57.878+0000] {logging_mixin.py:190} INFO - [2024-09-26T13:24:57.877+0000] {dag.py:4180} INFO - Setting next_dagrun for example_sla_dag to 2024-09-26 13:22:00+00:00, run_after=2024-09-26 13:24:00+00:00
[2024-09-26T13:24:57.892+0000] {processor.py:208} INFO - Processing /home/airflow/.local/lib/python3.12/site-packages/airflow/example_dags/example_sla_dag.py took 0.067 seconds
[2024-09-26T13:25:28.140+0000] {processor.py:186} INFO - Started process (PID=16535) to work on /home/airflow/.local/lib/python3.12/site-packages/airflow/example_dags/example_sla_dag.py
[2024-09-26T13:25:28.141+0000] {processor.py:914} INFO - Processing file /home/airflow/.local/lib/python3.12/site-packages/airflow/example_dags/example_sla_dag.py for tasks to queue
[2024-09-26T13:25:28.143+0000] {logging_mixin.py:190} INFO - [2024-09-26T13:25:28.143+0000] {dagbag.py:588} INFO - Filling up the DagBag from /home/airflow/.local/lib/python3.12/site-packages/airflow/example_dags/example_sla_dag.py
[2024-09-26T13:25:28.150+0000] {processor.py:925} INFO - DAG(s) 'example_sla_dag' retrieved from /home/airflow/.local/lib/python3.12/site-packages/airflow/example_dags/example_sla_dag.py
[2024-09-26T13:25:28.164+0000] {logging_mixin.py:190} INFO - [2024-09-26T13:25:28.164+0000] {dag.py:3239} INFO - Sync 1 DAGs
[2024-09-26T13:25:28.185+0000] {logging_mixin.py:190} INFO - [2024-09-26T13:25:28.185+0000] {dag.py:4180} INFO - Setting next_dagrun for example_sla_dag to 2024-09-26 13:22:00+00:00, run_after=2024-09-26 13:24:00+00:00
[2024-09-26T13:25:28.199+0000] {processor.py:208} INFO - Processing /home/airflow/.local/lib/python3.12/site-packages/airflow/example_dags/example_sla_dag.py took 0.063 seconds
[2024-09-26T13:25:58.790+0000] {processor.py:186} INFO - Started process (PID=16823) to work on /home/airflow/.local/lib/python3.12/site-packages/airflow/example_dags/example_sla_dag.py
[2024-09-26T13:25:58.790+0000] {processor.py:914} INFO - Processing file /home/airflow/.local/lib/python3.12/site-packages/airflow/example_dags/example_sla_dag.py for tasks to queue
[2024-09-26T13:25:58.792+0000] {logging_mixin.py:190} INFO - [2024-09-26T13:25:58.792+0000] {dagbag.py:588} INFO - Filling up the DagBag from /home/airflow/.local/lib/python3.12/site-packages/airflow/example_dags/example_sla_dag.py
[2024-09-26T13:25:58.801+0000] {processor.py:925} INFO - DAG(s) 'example_sla_dag' retrieved from /home/airflow/.local/lib/python3.12/site-packages/airflow/example_dags/example_sla_dag.py
[2024-09-26T13:25:58.815+0000] {logging_mixin.py:190} INFO - [2024-09-26T13:25:58.815+0000] {dag.py:3239} INFO - Sync 1 DAGs
[2024-09-26T13:25:58.837+0000] {logging_mixin.py:190} INFO - [2024-09-26T13:25:58.837+0000] {dag.py:4180} INFO - Setting next_dagrun for example_sla_dag to 2024-09-26 13:22:00+00:00, run_after=2024-09-26 13:24:00+00:00
[2024-09-26T13:25:58.852+0000] {processor.py:208} INFO - Processing /home/airflow/.local/lib/python3.12/site-packages/airflow/example_dags/example_sla_dag.py took 0.067 seconds
[2024-09-26T13:26:29.603+0000] {processor.py:186} INFO - Started process (PID=17107) to work on /home/airflow/.local/lib/python3.12/site-packages/airflow/example_dags/example_sla_dag.py
[2024-09-26T13:26:29.604+0000] {processor.py:914} INFO - Processing file /home/airflow/.local/lib/python3.12/site-packages/airflow/example_dags/example_sla_dag.py for tasks to queue
[2024-09-26T13:26:29.606+0000] {logging_mixin.py:190} INFO - [2024-09-26T13:26:29.606+0000] {dagbag.py:588} INFO - Filling up the DagBag from /home/airflow/.local/lib/python3.12/site-packages/airflow/example_dags/example_sla_dag.py
[2024-09-26T13:26:29.616+0000] {processor.py:925} INFO - DAG(s) 'example_sla_dag' retrieved from /home/airflow/.local/lib/python3.12/site-packages/airflow/example_dags/example_sla_dag.py
[2024-09-26T13:26:29.630+0000] {logging_mixin.py:190} INFO - [2024-09-26T13:26:29.630+0000] {dag.py:3239} INFO - Sync 1 DAGs
[2024-09-26T13:26:29.651+0000] {logging_mixin.py:190} INFO - [2024-09-26T13:26:29.651+0000] {dag.py:4180} INFO - Setting next_dagrun for example_sla_dag to 2024-09-26 13:24:00+00:00, run_after=2024-09-26 13:26:00+00:00
[2024-09-26T13:26:29.666+0000] {processor.py:208} INFO - Processing /home/airflow/.local/lib/python3.12/site-packages/airflow/example_dags/example_sla_dag.py took 0.067 seconds
[2024-09-26T13:27:00.124+0000] {processor.py:186} INFO - Started process (PID=17393) to work on /home/airflow/.local/lib/python3.12/site-packages/airflow/example_dags/example_sla_dag.py
[2024-09-26T13:27:00.124+0000] {processor.py:914} INFO - Processing file /home/airflow/.local/lib/python3.12/site-packages/airflow/example_dags/example_sla_dag.py for tasks to queue
[2024-09-26T13:27:00.126+0000] {logging_mixin.py:190} INFO - [2024-09-26T13:27:00.126+0000] {dagbag.py:588} INFO - Filling up the DagBag from /home/airflow/.local/lib/python3.12/site-packages/airflow/example_dags/example_sla_dag.py
[2024-09-26T13:27:00.134+0000] {processor.py:925} INFO - DAG(s) 'example_sla_dag' retrieved from /home/airflow/.local/lib/python3.12/site-packages/airflow/example_dags/example_sla_dag.py
[2024-09-26T13:27:00.148+0000] {logging_mixin.py:190} INFO - [2024-09-26T13:27:00.148+0000] {dag.py:3239} INFO - Sync 1 DAGs
[2024-09-26T13:27:00.169+0000] {logging_mixin.py:190} INFO - [2024-09-26T13:27:00.169+0000] {dag.py:4180} INFO - Setting next_dagrun for example_sla_dag to 2024-09-26 13:24:00+00:00, run_after=2024-09-26 13:26:00+00:00
[2024-09-26T13:27:00.183+0000] {processor.py:208} INFO - Processing /home/airflow/.local/lib/python3.12/site-packages/airflow/example_dags/example_sla_dag.py took 0.063 seconds
[2024-09-26T13:27:30.782+0000] {processor.py:186} INFO - Started process (PID=17681) to work on /home/airflow/.local/lib/python3.12/site-packages/airflow/example_dags/example_sla_dag.py
[2024-09-26T13:27:30.785+0000] {processor.py:914} INFO - Processing file /home/airflow/.local/lib/python3.12/site-packages/airflow/example_dags/example_sla_dag.py for tasks to queue
[2024-09-26T13:27:30.788+0000] {logging_mixin.py:190} INFO - [2024-09-26T13:27:30.787+0000] {dagbag.py:588} INFO - Filling up the DagBag from /home/airflow/.local/lib/python3.12/site-packages/airflow/example_dags/example_sla_dag.py
[2024-09-26T13:27:30.796+0000] {processor.py:925} INFO - DAG(s) 'example_sla_dag' retrieved from /home/airflow/.local/lib/python3.12/site-packages/airflow/example_dags/example_sla_dag.py
[2024-09-26T13:27:30.810+0000] {logging_mixin.py:190} INFO - [2024-09-26T13:27:30.810+0000] {dag.py:3239} INFO - Sync 1 DAGs
[2024-09-26T13:27:30.950+0000] {logging_mixin.py:190} INFO - [2024-09-26T13:27:30.950+0000] {dag.py:4180} INFO - Setting next_dagrun for example_sla_dag to 2024-09-26 13:24:00+00:00, run_after=2024-09-26 13:26:00+00:00
[2024-09-26T13:27:30.969+0000] {processor.py:208} INFO - Processing /home/airflow/.local/lib/python3.12/site-packages/airflow/example_dags/example_sla_dag.py took 0.193 seconds
[2024-09-26T13:28:01.940+0000] {processor.py:186} INFO - Started process (PID=17965) to work on /home/airflow/.local/lib/python3.12/site-packages/airflow/example_dags/example_sla_dag.py
[2024-09-26T13:28:01.941+0000] {processor.py:914} INFO - Processing file /home/airflow/.local/lib/python3.12/site-packages/airflow/example_dags/example_sla_dag.py for tasks to queue
[2024-09-26T13:28:01.943+0000] {logging_mixin.py:190} INFO - [2024-09-26T13:28:01.942+0000] {dagbag.py:588} INFO - Filling up the DagBag from /home/airflow/.local/lib/python3.12/site-packages/airflow/example_dags/example_sla_dag.py
[2024-09-26T13:28:01.951+0000] {processor.py:925} INFO - DAG(s) 'example_sla_dag' retrieved from /home/airflow/.local/lib/python3.12/site-packages/airflow/example_dags/example_sla_dag.py
[2024-09-26T13:28:01.967+0000] {logging_mixin.py:190} INFO - [2024-09-26T13:28:01.967+0000] {dag.py:3239} INFO - Sync 1 DAGs
[2024-09-26T13:28:02.113+0000] {logging_mixin.py:190} INFO - [2024-09-26T13:28:02.113+0000] {dag.py:4180} INFO - Setting next_dagrun for example_sla_dag to 2024-09-26 13:26:00+00:00, run_after=2024-09-26 13:28:00+00:00
[2024-09-26T13:28:02.128+0000] {processor.py:208} INFO - Processing /home/airflow/.local/lib/python3.12/site-packages/airflow/example_dags/example_sla_dag.py took 0.193 seconds
[2024-09-26T13:28:32.439+0000] {processor.py:186} INFO - Started process (PID=18251) to work on /home/airflow/.local/lib/python3.12/site-packages/airflow/example_dags/example_sla_dag.py
[2024-09-26T13:28:32.440+0000] {processor.py:914} INFO - Processing file /home/airflow/.local/lib/python3.12/site-packages/airflow/example_dags/example_sla_dag.py for tasks to queue
[2024-09-26T13:28:32.442+0000] {logging_mixin.py:190} INFO - [2024-09-26T13:28:32.442+0000] {dagbag.py:588} INFO - Filling up the DagBag from /home/airflow/.local/lib/python3.12/site-packages/airflow/example_dags/example_sla_dag.py
[2024-09-26T13:28:32.450+0000] {processor.py:925} INFO - DAG(s) 'example_sla_dag' retrieved from /home/airflow/.local/lib/python3.12/site-packages/airflow/example_dags/example_sla_dag.py
[2024-09-26T13:28:32.464+0000] {logging_mixin.py:190} INFO - [2024-09-26T13:28:32.463+0000] {dag.py:3239} INFO - Sync 1 DAGs
[2024-09-26T13:28:32.485+0000] {logging_mixin.py:190} INFO - [2024-09-26T13:28:32.485+0000] {dag.py:4180} INFO - Setting next_dagrun for example_sla_dag to 2024-09-26 13:26:00+00:00, run_after=2024-09-26 13:28:00+00:00
[2024-09-26T13:28:32.500+0000] {processor.py:208} INFO - Processing /home/airflow/.local/lib/python3.12/site-packages/airflow/example_dags/example_sla_dag.py took 0.066 seconds
[2024-09-26T13:29:02.734+0000] {processor.py:186} INFO - Started process (PID=18538) to work on /home/airflow/.local/lib/python3.12/site-packages/airflow/example_dags/example_sla_dag.py
[2024-09-26T13:29:02.734+0000] {processor.py:914} INFO - Processing file /home/airflow/.local/lib/python3.12/site-packages/airflow/example_dags/example_sla_dag.py for tasks to queue
[2024-09-26T13:29:02.736+0000] {logging_mixin.py:190} INFO - [2024-09-26T13:29:02.736+0000] {dagbag.py:588} INFO - Filling up the DagBag from /home/airflow/.local/lib/python3.12/site-packages/airflow/example_dags/example_sla_dag.py
[2024-09-26T13:29:02.745+0000] {processor.py:925} INFO - DAG(s) 'example_sla_dag' retrieved from /home/airflow/.local/lib/python3.12/site-packages/airflow/example_dags/example_sla_dag.py
[2024-09-26T13:29:02.758+0000] {logging_mixin.py:190} INFO - [2024-09-26T13:29:02.758+0000] {dag.py:3239} INFO - Sync 1 DAGs
[2024-09-26T13:29:02.780+0000] {logging_mixin.py:190} INFO - [2024-09-26T13:29:02.780+0000] {dag.py:4180} INFO - Setting next_dagrun for example_sla_dag to 2024-09-26 13:26:00+00:00, run_after=2024-09-26 13:28:00+00:00
[2024-09-26T13:29:02.793+0000] {processor.py:208} INFO - Processing /home/airflow/.local/lib/python3.12/site-packages/airflow/example_dags/example_sla_dag.py took 0.065 seconds
[2024-09-26T13:29:33.766+0000] {processor.py:186} INFO - Started process (PID=18823) to work on /home/airflow/.local/lib/python3.12/site-packages/airflow/example_dags/example_sla_dag.py
[2024-09-26T13:29:33.766+0000] {processor.py:914} INFO - Processing file /home/airflow/.local/lib/python3.12/site-packages/airflow/example_dags/example_sla_dag.py for tasks to queue
[2024-09-26T13:29:33.768+0000] {logging_mixin.py:190} INFO - [2024-09-26T13:29:33.768+0000] {dagbag.py:588} INFO - Filling up the DagBag from /home/airflow/.local/lib/python3.12/site-packages/airflow/example_dags/example_sla_dag.py
[2024-09-26T13:29:33.776+0000] {processor.py:925} INFO - DAG(s) 'example_sla_dag' retrieved from /home/airflow/.local/lib/python3.12/site-packages/airflow/example_dags/example_sla_dag.py
[2024-09-26T13:29:33.789+0000] {logging_mixin.py:190} INFO - [2024-09-26T13:29:33.789+0000] {dag.py:3239} INFO - Sync 1 DAGs
[2024-09-26T13:29:33.810+0000] {logging_mixin.py:190} INFO - [2024-09-26T13:29:33.809+0000] {dag.py:4180} INFO - Setting next_dagrun for example_sla_dag to 2024-09-26 13:26:00+00:00, run_after=2024-09-26 13:28:00+00:00
[2024-09-26T13:29:33.824+0000] {processor.py:208} INFO - Processing /home/airflow/.local/lib/python3.12/site-packages/airflow/example_dags/example_sla_dag.py took 0.063 seconds
[2024-09-26T13:30:03.994+0000] {processor.py:186} INFO - Started process (PID=19111) to work on /home/airflow/.local/lib/python3.12/site-packages/airflow/example_dags/example_sla_dag.py
[2024-09-26T13:30:03.995+0000] {processor.py:914} INFO - Processing file /home/airflow/.local/lib/python3.12/site-packages/airflow/example_dags/example_sla_dag.py for tasks to queue
[2024-09-26T13:30:03.998+0000] {logging_mixin.py:190} INFO - [2024-09-26T13:30:03.998+0000] {dagbag.py:588} INFO - Filling up the DagBag from /home/airflow/.local/lib/python3.12/site-packages/airflow/example_dags/example_sla_dag.py
[2024-09-26T13:30:04.006+0000] {processor.py:925} INFO - DAG(s) 'example_sla_dag' retrieved from /home/airflow/.local/lib/python3.12/site-packages/airflow/example_dags/example_sla_dag.py
[2024-09-26T13:30:04.021+0000] {logging_mixin.py:190} INFO - [2024-09-26T13:30:04.021+0000] {dag.py:3239} INFO - Sync 1 DAGs
[2024-09-26T13:30:04.043+0000] {logging_mixin.py:190} INFO - [2024-09-26T13:30:04.043+0000] {dag.py:4180} INFO - Setting next_dagrun for example_sla_dag to 2024-09-26 13:28:00+00:00, run_after=2024-09-26 13:30:00+00:00
[2024-09-26T13:30:04.058+0000] {processor.py:208} INFO - Processing /home/airflow/.local/lib/python3.12/site-packages/airflow/example_dags/example_sla_dag.py took 0.068 seconds
[2024-09-26T13:30:34.205+0000] {processor.py:186} INFO - Started process (PID=19395) to work on /home/airflow/.local/lib/python3.12/site-packages/airflow/example_dags/example_sla_dag.py
[2024-09-26T13:30:34.206+0000] {processor.py:914} INFO - Processing file /home/airflow/.local/lib/python3.12/site-packages/airflow/example_dags/example_sla_dag.py for tasks to queue
[2024-09-26T13:30:34.208+0000] {logging_mixin.py:190} INFO - [2024-09-26T13:30:34.208+0000] {dagbag.py:588} INFO - Filling up the DagBag from /home/airflow/.local/lib/python3.12/site-packages/airflow/example_dags/example_sla_dag.py
[2024-09-26T13:30:34.217+0000] {processor.py:925} INFO - DAG(s) 'example_sla_dag' retrieved from /home/airflow/.local/lib/python3.12/site-packages/airflow/example_dags/example_sla_dag.py
[2024-09-26T13:30:34.233+0000] {logging_mixin.py:190} INFO - [2024-09-26T13:30:34.233+0000] {dag.py:3239} INFO - Sync 1 DAGs
[2024-09-26T13:30:34.256+0000] {logging_mixin.py:190} INFO - [2024-09-26T13:30:34.256+0000] {dag.py:4180} INFO - Setting next_dagrun for example_sla_dag to 2024-09-26 13:28:00+00:00, run_after=2024-09-26 13:30:00+00:00
[2024-09-26T13:30:34.272+0000] {processor.py:208} INFO - Processing /home/airflow/.local/lib/python3.12/site-packages/airflow/example_dags/example_sla_dag.py took 0.072 seconds
[2024-09-26T13:31:05.095+0000] {processor.py:186} INFO - Started process (PID=19681) to work on /home/airflow/.local/lib/python3.12/site-packages/airflow/example_dags/example_sla_dag.py
[2024-09-26T13:31:05.096+0000] {processor.py:914} INFO - Processing file /home/airflow/.local/lib/python3.12/site-packages/airflow/example_dags/example_sla_dag.py for tasks to queue
[2024-09-26T13:31:05.097+0000] {logging_mixin.py:190} INFO - [2024-09-26T13:31:05.097+0000] {dagbag.py:588} INFO - Filling up the DagBag from /home/airflow/.local/lib/python3.12/site-packages/airflow/example_dags/example_sla_dag.py
[2024-09-26T13:31:05.106+0000] {processor.py:925} INFO - DAG(s) 'example_sla_dag' retrieved from /home/airflow/.local/lib/python3.12/site-packages/airflow/example_dags/example_sla_dag.py
[2024-09-26T13:31:05.120+0000] {logging_mixin.py:190} INFO - [2024-09-26T13:31:05.119+0000] {dag.py:3239} INFO - Sync 1 DAGs
[2024-09-26T13:31:05.141+0000] {logging_mixin.py:190} INFO - [2024-09-26T13:31:05.141+0000] {dag.py:4180} INFO - Setting next_dagrun for example_sla_dag to 2024-09-26 13:28:00+00:00, run_after=2024-09-26 13:30:00+00:00
[2024-09-26T13:31:05.155+0000] {processor.py:208} INFO - Processing /home/airflow/.local/lib/python3.12/site-packages/airflow/example_dags/example_sla_dag.py took 0.065 seconds
