[2024-09-26T13:25:07.119+0000] {processor.py:186} INFO - Started process (PID=16349) to work on /home/airflow/.local/lib/python3.12/site-packages/airflow/example_dags/example_workday_timetable.py
[2024-09-26T13:25:07.120+0000] {processor.py:914} INFO - Processing file /home/airflow/.local/lib/python3.12/site-packages/airflow/example_dags/example_workday_timetable.py for tasks to queue
[2024-09-26T13:25:07.122+0000] {logging_mixin.py:190} INFO - [2024-09-26T13:25:07.122+0000] {dagbag.py:588} INFO - Filling up the DagBag from /home/airflow/.local/lib/python3.12/site-packages/airflow/example_dags/example_workday_timetable.py
[2024-09-26T13:25:07.126+0000] {processor.py:925} INFO - DAG(s) 'example_workday_timetable' retrieved from /home/airflow/.local/lib/python3.12/site-packages/airflow/example_dags/example_workday_timetable.py
[2024-09-26T13:25:07.140+0000] {logging_mixin.py:190} INFO - [2024-09-26T13:25:07.140+0000] {dag.py:3239} INFO - Sync 1 DAGs
[2024-09-26T13:25:07.198+0000] {logging_mixin.py:190} INFO - [2024-09-26T13:25:07.198+0000] {dag.py:4180} INFO - Setting next_dagrun for example_workday_timetable to 2021-01-04 00:00:00+00:00, run_after=2021-01-05 00:00:00+00:00
[2024-09-26T13:25:07.212+0000] {processor.py:208} INFO - Processing /home/airflow/.local/lib/python3.12/site-packages/airflow/example_dags/example_workday_timetable.py took 0.097 seconds
[2024-09-26T13:25:37.728+0000] {processor.py:186} INFO - Started process (PID=16637) to work on /home/airflow/.local/lib/python3.12/site-packages/airflow/example_dags/example_workday_timetable.py
[2024-09-26T13:25:37.728+0000] {processor.py:914} INFO - Processing file /home/airflow/.local/lib/python3.12/site-packages/airflow/example_dags/example_workday_timetable.py for tasks to queue
[2024-09-26T13:25:37.731+0000] {logging_mixin.py:190} INFO - [2024-09-26T13:25:37.731+0000] {dagbag.py:588} INFO - Filling up the DagBag from /home/airflow/.local/lib/python3.12/site-packages/airflow/example_dags/example_workday_timetable.py
[2024-09-26T13:25:37.735+0000] {processor.py:925} INFO - DAG(s) 'example_workday_timetable' retrieved from /home/airflow/.local/lib/python3.12/site-packages/airflow/example_dags/example_workday_timetable.py
[2024-09-26T13:25:37.752+0000] {logging_mixin.py:190} INFO - [2024-09-26T13:25:37.752+0000] {dag.py:3239} INFO - Sync 1 DAGs
[2024-09-26T13:25:37.823+0000] {logging_mixin.py:190} INFO - [2024-09-26T13:25:37.822+0000] {dag.py:4180} INFO - Setting next_dagrun for example_workday_timetable to 2021-01-04 00:00:00+00:00, run_after=2021-01-05 00:00:00+00:00
[2024-09-26T13:25:37.840+0000] {processor.py:208} INFO - Processing /home/airflow/.local/lib/python3.12/site-packages/airflow/example_dags/example_workday_timetable.py took 0.117 seconds
[2024-09-26T13:26:07.967+0000] {processor.py:186} INFO - Started process (PID=16921) to work on /home/airflow/.local/lib/python3.12/site-packages/airflow/example_dags/example_workday_timetable.py
[2024-09-26T13:26:07.968+0000] {processor.py:914} INFO - Processing file /home/airflow/.local/lib/python3.12/site-packages/airflow/example_dags/example_workday_timetable.py for tasks to queue
[2024-09-26T13:26:07.970+0000] {logging_mixin.py:190} INFO - [2024-09-26T13:26:07.970+0000] {dagbag.py:588} INFO - Filling up the DagBag from /home/airflow/.local/lib/python3.12/site-packages/airflow/example_dags/example_workday_timetable.py
[2024-09-26T13:26:07.974+0000] {processor.py:925} INFO - DAG(s) 'example_workday_timetable' retrieved from /home/airflow/.local/lib/python3.12/site-packages/airflow/example_dags/example_workday_timetable.py
[2024-09-26T13:26:07.988+0000] {logging_mixin.py:190} INFO - [2024-09-26T13:26:07.988+0000] {dag.py:3239} INFO - Sync 1 DAGs
[2024-09-26T13:26:08.043+0000] {logging_mixin.py:190} INFO - [2024-09-26T13:26:08.043+0000] {dag.py:4180} INFO - Setting next_dagrun for example_workday_timetable to 2021-01-04 00:00:00+00:00, run_after=2021-01-05 00:00:00+00:00
[2024-09-26T13:26:08.174+0000] {processor.py:208} INFO - Processing /home/airflow/.local/lib/python3.12/site-packages/airflow/example_dags/example_workday_timetable.py took 0.211 seconds
[2024-09-26T13:26:38.695+0000] {processor.py:186} INFO - Started process (PID=17207) to work on /home/airflow/.local/lib/python3.12/site-packages/airflow/example_dags/example_workday_timetable.py
[2024-09-26T13:26:38.696+0000] {processor.py:914} INFO - Processing file /home/airflow/.local/lib/python3.12/site-packages/airflow/example_dags/example_workday_timetable.py for tasks to queue
[2024-09-26T13:26:38.697+0000] {logging_mixin.py:190} INFO - [2024-09-26T13:26:38.697+0000] {dagbag.py:588} INFO - Filling up the DagBag from /home/airflow/.local/lib/python3.12/site-packages/airflow/example_dags/example_workday_timetable.py
[2024-09-26T13:26:38.701+0000] {processor.py:925} INFO - DAG(s) 'example_workday_timetable' retrieved from /home/airflow/.local/lib/python3.12/site-packages/airflow/example_dags/example_workday_timetable.py
[2024-09-26T13:26:38.715+0000] {logging_mixin.py:190} INFO - [2024-09-26T13:26:38.714+0000] {dag.py:3239} INFO - Sync 1 DAGs
[2024-09-26T13:26:38.767+0000] {logging_mixin.py:190} INFO - [2024-09-26T13:26:38.767+0000] {dag.py:4180} INFO - Setting next_dagrun for example_workday_timetable to 2021-01-04 00:00:00+00:00, run_after=2021-01-05 00:00:00+00:00
[2024-09-26T13:26:38.783+0000] {processor.py:208} INFO - Processing /home/airflow/.local/lib/python3.12/site-packages/airflow/example_dags/example_workday_timetable.py took 0.093 seconds
[2024-09-26T13:27:09.196+0000] {processor.py:186} INFO - Started process (PID=17493) to work on /home/airflow/.local/lib/python3.12/site-packages/airflow/example_dags/example_workday_timetable.py
[2024-09-26T13:27:09.196+0000] {processor.py:914} INFO - Processing file /home/airflow/.local/lib/python3.12/site-packages/airflow/example_dags/example_workday_timetable.py for tasks to queue
[2024-09-26T13:27:09.198+0000] {logging_mixin.py:190} INFO - [2024-09-26T13:27:09.198+0000] {dagbag.py:588} INFO - Filling up the DagBag from /home/airflow/.local/lib/python3.12/site-packages/airflow/example_dags/example_workday_timetable.py
[2024-09-26T13:27:09.202+0000] {processor.py:925} INFO - DAG(s) 'example_workday_timetable' retrieved from /home/airflow/.local/lib/python3.12/site-packages/airflow/example_dags/example_workday_timetable.py
[2024-09-26T13:27:09.216+0000] {logging_mixin.py:190} INFO - [2024-09-26T13:27:09.216+0000] {dag.py:3239} INFO - Sync 1 DAGs
[2024-09-26T13:27:09.272+0000] {logging_mixin.py:190} INFO - [2024-09-26T13:27:09.271+0000] {dag.py:4180} INFO - Setting next_dagrun for example_workday_timetable to 2021-01-04 00:00:00+00:00, run_after=2021-01-05 00:00:00+00:00
[2024-09-26T13:27:09.287+0000] {processor.py:208} INFO - Processing /home/airflow/.local/lib/python3.12/site-packages/airflow/example_dags/example_workday_timetable.py took 0.096 seconds
[2024-09-26T13:27:40.239+0000] {processor.py:186} INFO - Started process (PID=17781) to work on /home/airflow/.local/lib/python3.12/site-packages/airflow/example_dags/example_workday_timetable.py
[2024-09-26T13:27:40.240+0000] {processor.py:914} INFO - Processing file /home/airflow/.local/lib/python3.12/site-packages/airflow/example_dags/example_workday_timetable.py for tasks to queue
[2024-09-26T13:27:40.242+0000] {logging_mixin.py:190} INFO - [2024-09-26T13:27:40.241+0000] {dagbag.py:588} INFO - Filling up the DagBag from /home/airflow/.local/lib/python3.12/site-packages/airflow/example_dags/example_workday_timetable.py
[2024-09-26T13:27:40.246+0000] {processor.py:925} INFO - DAG(s) 'example_workday_timetable' retrieved from /home/airflow/.local/lib/python3.12/site-packages/airflow/example_dags/example_workday_timetable.py
[2024-09-26T13:27:40.260+0000] {logging_mixin.py:190} INFO - [2024-09-26T13:27:40.259+0000] {dag.py:3239} INFO - Sync 1 DAGs
[2024-09-26T13:27:40.319+0000] {logging_mixin.py:190} INFO - [2024-09-26T13:27:40.319+0000] {dag.py:4180} INFO - Setting next_dagrun for example_workday_timetable to 2021-01-04 00:00:00+00:00, run_after=2021-01-05 00:00:00+00:00
[2024-09-26T13:27:40.334+0000] {processor.py:208} INFO - Processing /home/airflow/.local/lib/python3.12/site-packages/airflow/example_dags/example_workday_timetable.py took 0.101 seconds
[2024-09-26T13:28:11.011+0000] {processor.py:186} INFO - Started process (PID=18065) to work on /home/airflow/.local/lib/python3.12/site-packages/airflow/example_dags/example_workday_timetable.py
[2024-09-26T13:28:11.012+0000] {processor.py:914} INFO - Processing file /home/airflow/.local/lib/python3.12/site-packages/airflow/example_dags/example_workday_timetable.py for tasks to queue
[2024-09-26T13:28:11.129+0000] {logging_mixin.py:190} INFO - [2024-09-26T13:28:11.129+0000] {dagbag.py:588} INFO - Filling up the DagBag from /home/airflow/.local/lib/python3.12/site-packages/airflow/example_dags/example_workday_timetable.py
[2024-09-26T13:28:11.132+0000] {processor.py:925} INFO - DAG(s) 'example_workday_timetable' retrieved from /home/airflow/.local/lib/python3.12/site-packages/airflow/example_dags/example_workday_timetable.py
[2024-09-26T13:28:11.144+0000] {logging_mixin.py:190} INFO - [2024-09-26T13:28:11.143+0000] {dag.py:3239} INFO - Sync 1 DAGs
[2024-09-26T13:28:11.193+0000] {logging_mixin.py:190} INFO - [2024-09-26T13:28:11.193+0000] {dag.py:4180} INFO - Setting next_dagrun for example_workday_timetable to 2021-01-04 00:00:00+00:00, run_after=2021-01-05 00:00:00+00:00
[2024-09-26T13:28:11.207+0000] {processor.py:208} INFO - Processing /home/airflow/.local/lib/python3.12/site-packages/airflow/example_dags/example_workday_timetable.py took 0.201 seconds
[2024-09-26T13:28:41.403+0000] {processor.py:186} INFO - Started process (PID=18351) to work on /home/airflow/.local/lib/python3.12/site-packages/airflow/example_dags/example_workday_timetable.py
[2024-09-26T13:28:41.404+0000] {processor.py:914} INFO - Processing file /home/airflow/.local/lib/python3.12/site-packages/airflow/example_dags/example_workday_timetable.py for tasks to queue
[2024-09-26T13:28:41.406+0000] {logging_mixin.py:190} INFO - [2024-09-26T13:28:41.405+0000] {dagbag.py:588} INFO - Filling up the DagBag from /home/airflow/.local/lib/python3.12/site-packages/airflow/example_dags/example_workday_timetable.py
[2024-09-26T13:28:41.410+0000] {processor.py:925} INFO - DAG(s) 'example_workday_timetable' retrieved from /home/airflow/.local/lib/python3.12/site-packages/airflow/example_dags/example_workday_timetable.py
[2024-09-26T13:28:41.424+0000] {logging_mixin.py:190} INFO - [2024-09-26T13:28:41.424+0000] {dag.py:3239} INFO - Sync 1 DAGs
[2024-09-26T13:28:41.478+0000] {logging_mixin.py:190} INFO - [2024-09-26T13:28:41.478+0000] {dag.py:4180} INFO - Setting next_dagrun for example_workday_timetable to 2021-01-04 00:00:00+00:00, run_after=2021-01-05 00:00:00+00:00
[2024-09-26T13:28:41.493+0000] {processor.py:208} INFO - Processing /home/airflow/.local/lib/python3.12/site-packages/airflow/example_dags/example_workday_timetable.py took 0.094 seconds
[2024-09-26T13:29:11.691+0000] {processor.py:186} INFO - Started process (PID=18637) to work on /home/airflow/.local/lib/python3.12/site-packages/airflow/example_dags/example_workday_timetable.py
[2024-09-26T13:29:11.692+0000] {processor.py:914} INFO - Processing file /home/airflow/.local/lib/python3.12/site-packages/airflow/example_dags/example_workday_timetable.py for tasks to queue
[2024-09-26T13:29:11.694+0000] {logging_mixin.py:190} INFO - [2024-09-26T13:29:11.694+0000] {dagbag.py:588} INFO - Filling up the DagBag from /home/airflow/.local/lib/python3.12/site-packages/airflow/example_dags/example_workday_timetable.py
[2024-09-26T13:29:11.698+0000] {processor.py:925} INFO - DAG(s) 'example_workday_timetable' retrieved from /home/airflow/.local/lib/python3.12/site-packages/airflow/example_dags/example_workday_timetable.py
[2024-09-26T13:29:11.711+0000] {logging_mixin.py:190} INFO - [2024-09-26T13:29:11.711+0000] {dag.py:3239} INFO - Sync 1 DAGs
[2024-09-26T13:29:11.765+0000] {logging_mixin.py:190} INFO - [2024-09-26T13:29:11.765+0000] {dag.py:4180} INFO - Setting next_dagrun for example_workday_timetable to 2021-01-04 00:00:00+00:00, run_after=2021-01-05 00:00:00+00:00
[2024-09-26T13:29:11.779+0000] {processor.py:208} INFO - Processing /home/airflow/.local/lib/python3.12/site-packages/airflow/example_dags/example_workday_timetable.py took 0.093 seconds
[2024-09-26T13:29:41.943+0000] {processor.py:186} INFO - Started process (PID=18923) to work on /home/airflow/.local/lib/python3.12/site-packages/airflow/example_dags/example_workday_timetable.py
[2024-09-26T13:29:41.944+0000] {processor.py:914} INFO - Processing file /home/airflow/.local/lib/python3.12/site-packages/airflow/example_dags/example_workday_timetable.py for tasks to queue
[2024-09-26T13:29:41.946+0000] {logging_mixin.py:190} INFO - [2024-09-26T13:29:41.946+0000] {dagbag.py:588} INFO - Filling up the DagBag from /home/airflow/.local/lib/python3.12/site-packages/airflow/example_dags/example_workday_timetable.py
[2024-09-26T13:29:41.950+0000] {processor.py:925} INFO - DAG(s) 'example_workday_timetable' retrieved from /home/airflow/.local/lib/python3.12/site-packages/airflow/example_dags/example_workday_timetable.py
[2024-09-26T13:29:41.965+0000] {logging_mixin.py:190} INFO - [2024-09-26T13:29:41.965+0000] {dag.py:3239} INFO - Sync 1 DAGs
[2024-09-26T13:29:42.020+0000] {logging_mixin.py:190} INFO - [2024-09-26T13:29:42.020+0000] {dag.py:4180} INFO - Setting next_dagrun for example_workday_timetable to 2021-01-04 00:00:00+00:00, run_after=2021-01-05 00:00:00+00:00
[2024-09-26T13:29:42.034+0000] {processor.py:208} INFO - Processing /home/airflow/.local/lib/python3.12/site-packages/airflow/example_dags/example_workday_timetable.py took 0.096 seconds
[2024-09-26T13:30:12.190+0000] {processor.py:186} INFO - Started process (PID=19209) to work on /home/airflow/.local/lib/python3.12/site-packages/airflow/example_dags/example_workday_timetable.py
[2024-09-26T13:30:12.191+0000] {processor.py:914} INFO - Processing file /home/airflow/.local/lib/python3.12/site-packages/airflow/example_dags/example_workday_timetable.py for tasks to queue
[2024-09-26T13:30:12.193+0000] {logging_mixin.py:190} INFO - [2024-09-26T13:30:12.193+0000] {dagbag.py:588} INFO - Filling up the DagBag from /home/airflow/.local/lib/python3.12/site-packages/airflow/example_dags/example_workday_timetable.py
[2024-09-26T13:30:12.197+0000] {processor.py:925} INFO - DAG(s) 'example_workday_timetable' retrieved from /home/airflow/.local/lib/python3.12/site-packages/airflow/example_dags/example_workday_timetable.py
[2024-09-26T13:30:12.211+0000] {logging_mixin.py:190} INFO - [2024-09-26T13:30:12.211+0000] {dag.py:3239} INFO - Sync 1 DAGs
[2024-09-26T13:30:12.264+0000] {logging_mixin.py:190} INFO - [2024-09-26T13:30:12.264+0000] {dag.py:4180} INFO - Setting next_dagrun for example_workday_timetable to 2021-01-04 00:00:00+00:00, run_after=2021-01-05 00:00:00+00:00
[2024-09-26T13:30:12.279+0000] {processor.py:208} INFO - Processing /home/airflow/.local/lib/python3.12/site-packages/airflow/example_dags/example_workday_timetable.py took 0.093 seconds
[2024-09-26T13:30:43.178+0000] {processor.py:186} INFO - Started process (PID=19495) to work on /home/airflow/.local/lib/python3.12/site-packages/airflow/example_dags/example_workday_timetable.py
[2024-09-26T13:30:43.178+0000] {processor.py:914} INFO - Processing file /home/airflow/.local/lib/python3.12/site-packages/airflow/example_dags/example_workday_timetable.py for tasks to queue
[2024-09-26T13:30:43.180+0000] {logging_mixin.py:190} INFO - [2024-09-26T13:30:43.180+0000] {dagbag.py:588} INFO - Filling up the DagBag from /home/airflow/.local/lib/python3.12/site-packages/airflow/example_dags/example_workday_timetable.py
[2024-09-26T13:30:43.184+0000] {processor.py:925} INFO - DAG(s) 'example_workday_timetable' retrieved from /home/airflow/.local/lib/python3.12/site-packages/airflow/example_dags/example_workday_timetable.py
[2024-09-26T13:30:43.199+0000] {logging_mixin.py:190} INFO - [2024-09-26T13:30:43.199+0000] {dag.py:3239} INFO - Sync 1 DAGs
[2024-09-26T13:30:43.265+0000] {logging_mixin.py:190} INFO - [2024-09-26T13:30:43.264+0000] {dag.py:4180} INFO - Setting next_dagrun for example_workday_timetable to 2021-01-04 00:00:00+00:00, run_after=2021-01-05 00:00:00+00:00
[2024-09-26T13:30:43.280+0000] {processor.py:208} INFO - Processing /home/airflow/.local/lib/python3.12/site-packages/airflow/example_dags/example_workday_timetable.py took 0.107 seconds
[2024-09-26T13:31:14.063+0000] {processor.py:186} INFO - Started process (PID=19781) to work on /home/airflow/.local/lib/python3.12/site-packages/airflow/example_dags/example_workday_timetable.py
[2024-09-26T13:31:14.064+0000] {processor.py:914} INFO - Processing file /home/airflow/.local/lib/python3.12/site-packages/airflow/example_dags/example_workday_timetable.py for tasks to queue
[2024-09-26T13:31:14.066+0000] {logging_mixin.py:190} INFO - [2024-09-26T13:31:14.066+0000] {dagbag.py:588} INFO - Filling up the DagBag from /home/airflow/.local/lib/python3.12/site-packages/airflow/example_dags/example_workday_timetable.py
[2024-09-26T13:31:14.070+0000] {processor.py:925} INFO - DAG(s) 'example_workday_timetable' retrieved from /home/airflow/.local/lib/python3.12/site-packages/airflow/example_dags/example_workday_timetable.py
[2024-09-26T13:31:14.086+0000] {logging_mixin.py:190} INFO - [2024-09-26T13:31:14.085+0000] {dag.py:3239} INFO - Sync 1 DAGs
[2024-09-26T13:31:14.141+0000] {logging_mixin.py:190} INFO - [2024-09-26T13:31:14.141+0000] {dag.py:4180} INFO - Setting next_dagrun for example_workday_timetable to 2021-01-04 00:00:00+00:00, run_after=2021-01-05 00:00:00+00:00
[2024-09-26T13:31:14.155+0000] {processor.py:208} INFO - Processing /home/airflow/.local/lib/python3.12/site-packages/airflow/example_dags/example_workday_timetable.py took 0.097 seconds
