[2024-09-26T13:25:07.001+0000] {processor.py:186} INFO - Started process (PID=16334) to work on /home/airflow/.local/lib/python3.12/site-packages/airflow/example_dags/example_trigger_controller_dag.py
[2024-09-26T13:25:07.002+0000] {processor.py:914} INFO - Processing file /home/airflow/.local/lib/python3.12/site-packages/airflow/example_dags/example_trigger_controller_dag.py for tasks to queue
[2024-09-26T13:25:07.004+0000] {logging_mixin.py:190} INFO - [2024-09-26T13:25:07.004+0000] {dagbag.py:588} INFO - Filling up the DagBag from /home/airflow/.local/lib/python3.12/site-packages/airflow/example_dags/example_trigger_controller_dag.py
[2024-09-26T13:25:07.009+0000] {processor.py:925} INFO - DAG(s) 'example_trigger_controller_dag' retrieved from /home/airflow/.local/lib/python3.12/site-packages/airflow/example_dags/example_trigger_controller_dag.py
[2024-09-26T13:25:07.024+0000] {logging_mixin.py:190} INFO - [2024-09-26T13:25:07.024+0000] {dag.py:3239} INFO - Sync 1 DAGs
[2024-09-26T13:25:07.043+0000] {logging_mixin.py:190} INFO - [2024-09-26T13:25:07.043+0000] {dag.py:4180} INFO - Setting next_dagrun for example_trigger_controller_dag to 2021-01-01 00:00:00+00:00, run_after=2021-01-01 00:00:00+00:00
[2024-09-26T13:25:07.057+0000] {processor.py:208} INFO - Processing /home/airflow/.local/lib/python3.12/site-packages/airflow/example_dags/example_trigger_controller_dag.py took 0.060 seconds
[2024-09-26T13:25:37.420+0000] {processor.py:186} INFO - Started process (PID=16620) to work on /home/airflow/.local/lib/python3.12/site-packages/airflow/example_dags/example_trigger_controller_dag.py
[2024-09-26T13:25:37.421+0000] {processor.py:914} INFO - Processing file /home/airflow/.local/lib/python3.12/site-packages/airflow/example_dags/example_trigger_controller_dag.py for tasks to queue
[2024-09-26T13:25:37.423+0000] {logging_mixin.py:190} INFO - [2024-09-26T13:25:37.423+0000] {dagbag.py:588} INFO - Filling up the DagBag from /home/airflow/.local/lib/python3.12/site-packages/airflow/example_dags/example_trigger_controller_dag.py
[2024-09-26T13:25:37.428+0000] {processor.py:925} INFO - DAG(s) 'example_trigger_controller_dag' retrieved from /home/airflow/.local/lib/python3.12/site-packages/airflow/example_dags/example_trigger_controller_dag.py
[2024-09-26T13:25:37.445+0000] {logging_mixin.py:190} INFO - [2024-09-26T13:25:37.444+0000] {dag.py:3239} INFO - Sync 1 DAGs
[2024-09-26T13:25:37.464+0000] {logging_mixin.py:190} INFO - [2024-09-26T13:25:37.464+0000] {dag.py:4180} INFO - Setting next_dagrun for example_trigger_controller_dag to 2021-01-01 00:00:00+00:00, run_after=2021-01-01 00:00:00+00:00
[2024-09-26T13:25:37.601+0000] {processor.py:208} INFO - Processing /home/airflow/.local/lib/python3.12/site-packages/airflow/example_dags/example_trigger_controller_dag.py took 0.185 seconds
[2024-09-26T13:26:07.833+0000] {processor.py:186} INFO - Started process (PID=16906) to work on /home/airflow/.local/lib/python3.12/site-packages/airflow/example_dags/example_trigger_controller_dag.py
[2024-09-26T13:26:07.834+0000] {processor.py:914} INFO - Processing file /home/airflow/.local/lib/python3.12/site-packages/airflow/example_dags/example_trigger_controller_dag.py for tasks to queue
[2024-09-26T13:26:07.836+0000] {logging_mixin.py:190} INFO - [2024-09-26T13:26:07.836+0000] {dagbag.py:588} INFO - Filling up the DagBag from /home/airflow/.local/lib/python3.12/site-packages/airflow/example_dags/example_trigger_controller_dag.py
[2024-09-26T13:26:07.841+0000] {processor.py:925} INFO - DAG(s) 'example_trigger_controller_dag' retrieved from /home/airflow/.local/lib/python3.12/site-packages/airflow/example_dags/example_trigger_controller_dag.py
[2024-09-26T13:26:07.857+0000] {logging_mixin.py:190} INFO - [2024-09-26T13:26:07.856+0000] {dag.py:3239} INFO - Sync 1 DAGs
[2024-09-26T13:26:07.878+0000] {logging_mixin.py:190} INFO - [2024-09-26T13:26:07.878+0000] {dag.py:4180} INFO - Setting next_dagrun for example_trigger_controller_dag to 2021-01-01 00:00:00+00:00, run_after=2021-01-01 00:00:00+00:00
[2024-09-26T13:26:07.893+0000] {processor.py:208} INFO - Processing /home/airflow/.local/lib/python3.12/site-packages/airflow/example_dags/example_trigger_controller_dag.py took 0.065 seconds
[2024-09-26T13:26:38.589+0000] {processor.py:186} INFO - Started process (PID=17192) to work on /home/airflow/.local/lib/python3.12/site-packages/airflow/example_dags/example_trigger_controller_dag.py
[2024-09-26T13:26:38.589+0000] {processor.py:914} INFO - Processing file /home/airflow/.local/lib/python3.12/site-packages/airflow/example_dags/example_trigger_controller_dag.py for tasks to queue
[2024-09-26T13:26:38.592+0000] {logging_mixin.py:190} INFO - [2024-09-26T13:26:38.591+0000] {dagbag.py:588} INFO - Filling up the DagBag from /home/airflow/.local/lib/python3.12/site-packages/airflow/example_dags/example_trigger_controller_dag.py
[2024-09-26T13:26:38.596+0000] {processor.py:925} INFO - DAG(s) 'example_trigger_controller_dag' retrieved from /home/airflow/.local/lib/python3.12/site-packages/airflow/example_dags/example_trigger_controller_dag.py
[2024-09-26T13:26:38.610+0000] {logging_mixin.py:190} INFO - [2024-09-26T13:26:38.610+0000] {dag.py:3239} INFO - Sync 1 DAGs
[2024-09-26T13:26:38.628+0000] {logging_mixin.py:190} INFO - [2024-09-26T13:26:38.628+0000] {dag.py:4180} INFO - Setting next_dagrun for example_trigger_controller_dag to 2021-01-01 00:00:00+00:00, run_after=2021-01-01 00:00:00+00:00
[2024-09-26T13:26:38.643+0000] {processor.py:208} INFO - Processing /home/airflow/.local/lib/python3.12/site-packages/airflow/example_dags/example_trigger_controller_dag.py took 0.058 seconds
[2024-09-26T13:27:09.086+0000] {processor.py:186} INFO - Started process (PID=17478) to work on /home/airflow/.local/lib/python3.12/site-packages/airflow/example_dags/example_trigger_controller_dag.py
[2024-09-26T13:27:09.087+0000] {processor.py:914} INFO - Processing file /home/airflow/.local/lib/python3.12/site-packages/airflow/example_dags/example_trigger_controller_dag.py for tasks to queue
[2024-09-26T13:27:09.089+0000] {logging_mixin.py:190} INFO - [2024-09-26T13:27:09.089+0000] {dagbag.py:588} INFO - Filling up the DagBag from /home/airflow/.local/lib/python3.12/site-packages/airflow/example_dags/example_trigger_controller_dag.py
[2024-09-26T13:27:09.094+0000] {processor.py:925} INFO - DAG(s) 'example_trigger_controller_dag' retrieved from /home/airflow/.local/lib/python3.12/site-packages/airflow/example_dags/example_trigger_controller_dag.py
[2024-09-26T13:27:09.108+0000] {logging_mixin.py:190} INFO - [2024-09-26T13:27:09.108+0000] {dag.py:3239} INFO - Sync 1 DAGs
[2024-09-26T13:27:09.126+0000] {logging_mixin.py:190} INFO - [2024-09-26T13:27:09.126+0000] {dag.py:4180} INFO - Setting next_dagrun for example_trigger_controller_dag to 2021-01-01 00:00:00+00:00, run_after=2021-01-01 00:00:00+00:00
[2024-09-26T13:27:09.140+0000] {processor.py:208} INFO - Processing /home/airflow/.local/lib/python3.12/site-packages/airflow/example_dags/example_trigger_controller_dag.py took 0.058 seconds
[2024-09-26T13:27:40.049+0000] {processor.py:186} INFO - Started process (PID=17764) to work on /home/airflow/.local/lib/python3.12/site-packages/airflow/example_dags/example_trigger_controller_dag.py
[2024-09-26T13:27:40.050+0000] {processor.py:914} INFO - Processing file /home/airflow/.local/lib/python3.12/site-packages/airflow/example_dags/example_trigger_controller_dag.py for tasks to queue
[2024-09-26T13:27:40.052+0000] {logging_mixin.py:190} INFO - [2024-09-26T13:27:40.052+0000] {dagbag.py:588} INFO - Filling up the DagBag from /home/airflow/.local/lib/python3.12/site-packages/airflow/example_dags/example_trigger_controller_dag.py
[2024-09-26T13:27:40.056+0000] {processor.py:925} INFO - DAG(s) 'example_trigger_controller_dag' retrieved from /home/airflow/.local/lib/python3.12/site-packages/airflow/example_dags/example_trigger_controller_dag.py
[2024-09-26T13:27:40.071+0000] {logging_mixin.py:190} INFO - [2024-09-26T13:27:40.071+0000] {dag.py:3239} INFO - Sync 1 DAGs
[2024-09-26T13:27:40.093+0000] {logging_mixin.py:190} INFO - [2024-09-26T13:27:40.093+0000] {dag.py:4180} INFO - Setting next_dagrun for example_trigger_controller_dag to 2021-01-01 00:00:00+00:00, run_after=2021-01-01 00:00:00+00:00
[2024-09-26T13:27:40.111+0000] {processor.py:208} INFO - Processing /home/airflow/.local/lib/python3.12/site-packages/airflow/example_dags/example_trigger_controller_dag.py took 0.066 seconds
[2024-09-26T13:28:10.794+0000] {processor.py:186} INFO - Started process (PID=18052) to work on /home/airflow/.local/lib/python3.12/site-packages/airflow/example_dags/example_trigger_controller_dag.py
[2024-09-26T13:28:10.795+0000] {processor.py:914} INFO - Processing file /home/airflow/.local/lib/python3.12/site-packages/airflow/example_dags/example_trigger_controller_dag.py for tasks to queue
[2024-09-26T13:28:10.917+0000] {logging_mixin.py:190} INFO - [2024-09-26T13:28:10.917+0000] {dagbag.py:588} INFO - Filling up the DagBag from /home/airflow/.local/lib/python3.12/site-packages/airflow/example_dags/example_trigger_controller_dag.py
[2024-09-26T13:28:10.921+0000] {processor.py:925} INFO - DAG(s) 'example_trigger_controller_dag' retrieved from /home/airflow/.local/lib/python3.12/site-packages/airflow/example_dags/example_trigger_controller_dag.py
[2024-09-26T13:28:10.932+0000] {logging_mixin.py:190} INFO - [2024-09-26T13:28:10.932+0000] {dag.py:3239} INFO - Sync 1 DAGs
[2024-09-26T13:28:10.948+0000] {logging_mixin.py:190} INFO - [2024-09-26T13:28:10.948+0000] {dag.py:4180} INFO - Setting next_dagrun for example_trigger_controller_dag to 2021-01-01 00:00:00+00:00, run_after=2021-01-01 00:00:00+00:00
[2024-09-26T13:28:10.961+0000] {processor.py:208} INFO - Processing /home/airflow/.local/lib/python3.12/site-packages/airflow/example_dags/example_trigger_controller_dag.py took 0.171 seconds
[2024-09-26T13:28:41.294+0000] {processor.py:186} INFO - Started process (PID=18336) to work on /home/airflow/.local/lib/python3.12/site-packages/airflow/example_dags/example_trigger_controller_dag.py
[2024-09-26T13:28:41.295+0000] {processor.py:914} INFO - Processing file /home/airflow/.local/lib/python3.12/site-packages/airflow/example_dags/example_trigger_controller_dag.py for tasks to queue
[2024-09-26T13:28:41.297+0000] {logging_mixin.py:190} INFO - [2024-09-26T13:28:41.297+0000] {dagbag.py:588} INFO - Filling up the DagBag from /home/airflow/.local/lib/python3.12/site-packages/airflow/example_dags/example_trigger_controller_dag.py
[2024-09-26T13:28:41.302+0000] {processor.py:925} INFO - DAG(s) 'example_trigger_controller_dag' retrieved from /home/airflow/.local/lib/python3.12/site-packages/airflow/example_dags/example_trigger_controller_dag.py
[2024-09-26T13:28:41.316+0000] {logging_mixin.py:190} INFO - [2024-09-26T13:28:41.315+0000] {dag.py:3239} INFO - Sync 1 DAGs
[2024-09-26T13:28:41.334+0000] {logging_mixin.py:190} INFO - [2024-09-26T13:28:41.334+0000] {dag.py:4180} INFO - Setting next_dagrun for example_trigger_controller_dag to 2021-01-01 00:00:00+00:00, run_after=2021-01-01 00:00:00+00:00
[2024-09-26T13:28:41.349+0000] {processor.py:208} INFO - Processing /home/airflow/.local/lib/python3.12/site-packages/airflow/example_dags/example_trigger_controller_dag.py took 0.060 seconds
[2024-09-26T13:29:11.586+0000] {processor.py:186} INFO - Started process (PID=18622) to work on /home/airflow/.local/lib/python3.12/site-packages/airflow/example_dags/example_trigger_controller_dag.py
[2024-09-26T13:29:11.586+0000] {processor.py:914} INFO - Processing file /home/airflow/.local/lib/python3.12/site-packages/airflow/example_dags/example_trigger_controller_dag.py for tasks to queue
[2024-09-26T13:29:11.589+0000] {logging_mixin.py:190} INFO - [2024-09-26T13:29:11.589+0000] {dagbag.py:588} INFO - Filling up the DagBag from /home/airflow/.local/lib/python3.12/site-packages/airflow/example_dags/example_trigger_controller_dag.py
[2024-09-26T13:29:11.595+0000] {processor.py:925} INFO - DAG(s) 'example_trigger_controller_dag' retrieved from /home/airflow/.local/lib/python3.12/site-packages/airflow/example_dags/example_trigger_controller_dag.py
[2024-09-26T13:29:11.609+0000] {logging_mixin.py:190} INFO - [2024-09-26T13:29:11.609+0000] {dag.py:3239} INFO - Sync 1 DAGs
[2024-09-26T13:29:11.630+0000] {logging_mixin.py:190} INFO - [2024-09-26T13:29:11.630+0000] {dag.py:4180} INFO - Setting next_dagrun for example_trigger_controller_dag to 2021-01-01 00:00:00+00:00, run_after=2021-01-01 00:00:00+00:00
[2024-09-26T13:29:11.645+0000] {processor.py:208} INFO - Processing /home/airflow/.local/lib/python3.12/site-packages/airflow/example_dags/example_trigger_controller_dag.py took 0.065 seconds
[2024-09-26T13:29:41.814+0000] {processor.py:186} INFO - Started process (PID=18908) to work on /home/airflow/.local/lib/python3.12/site-packages/airflow/example_dags/example_trigger_controller_dag.py
[2024-09-26T13:29:41.815+0000] {processor.py:914} INFO - Processing file /home/airflow/.local/lib/python3.12/site-packages/airflow/example_dags/example_trigger_controller_dag.py for tasks to queue
[2024-09-26T13:29:41.818+0000] {logging_mixin.py:190} INFO - [2024-09-26T13:29:41.818+0000] {dagbag.py:588} INFO - Filling up the DagBag from /home/airflow/.local/lib/python3.12/site-packages/airflow/example_dags/example_trigger_controller_dag.py
[2024-09-26T13:29:41.825+0000] {processor.py:925} INFO - DAG(s) 'example_trigger_controller_dag' retrieved from /home/airflow/.local/lib/python3.12/site-packages/airflow/example_dags/example_trigger_controller_dag.py
[2024-09-26T13:29:41.840+0000] {logging_mixin.py:190} INFO - [2024-09-26T13:29:41.840+0000] {dag.py:3239} INFO - Sync 1 DAGs
[2024-09-26T13:29:41.865+0000] {logging_mixin.py:190} INFO - [2024-09-26T13:29:41.865+0000] {dag.py:4180} INFO - Setting next_dagrun for example_trigger_controller_dag to 2021-01-01 00:00:00+00:00, run_after=2021-01-01 00:00:00+00:00
[2024-09-26T13:29:41.883+0000] {processor.py:208} INFO - Processing /home/airflow/.local/lib/python3.12/site-packages/airflow/example_dags/example_trigger_controller_dag.py took 0.077 seconds
[2024-09-26T13:30:12.084+0000] {processor.py:186} INFO - Started process (PID=19194) to work on /home/airflow/.local/lib/python3.12/site-packages/airflow/example_dags/example_trigger_controller_dag.py
[2024-09-26T13:30:12.085+0000] {processor.py:914} INFO - Processing file /home/airflow/.local/lib/python3.12/site-packages/airflow/example_dags/example_trigger_controller_dag.py for tasks to queue
[2024-09-26T13:30:12.087+0000] {logging_mixin.py:190} INFO - [2024-09-26T13:30:12.086+0000] {dagbag.py:588} INFO - Filling up the DagBag from /home/airflow/.local/lib/python3.12/site-packages/airflow/example_dags/example_trigger_controller_dag.py
[2024-09-26T13:30:12.091+0000] {processor.py:925} INFO - DAG(s) 'example_trigger_controller_dag' retrieved from /home/airflow/.local/lib/python3.12/site-packages/airflow/example_dags/example_trigger_controller_dag.py
[2024-09-26T13:30:12.105+0000] {logging_mixin.py:190} INFO - [2024-09-26T13:30:12.105+0000] {dag.py:3239} INFO - Sync 1 DAGs
[2024-09-26T13:30:12.125+0000] {logging_mixin.py:190} INFO - [2024-09-26T13:30:12.125+0000] {dag.py:4180} INFO - Setting next_dagrun for example_trigger_controller_dag to 2021-01-01 00:00:00+00:00, run_after=2021-01-01 00:00:00+00:00
[2024-09-26T13:30:12.140+0000] {processor.py:208} INFO - Processing /home/airflow/.local/lib/python3.12/site-packages/airflow/example_dags/example_trigger_controller_dag.py took 0.061 seconds
[2024-09-26T13:30:43.055+0000] {processor.py:186} INFO - Started process (PID=19482) to work on /home/airflow/.local/lib/python3.12/site-packages/airflow/example_dags/example_trigger_controller_dag.py
[2024-09-26T13:30:43.055+0000] {processor.py:914} INFO - Processing file /home/airflow/.local/lib/python3.12/site-packages/airflow/example_dags/example_trigger_controller_dag.py for tasks to queue
[2024-09-26T13:30:43.058+0000] {logging_mixin.py:190} INFO - [2024-09-26T13:30:43.057+0000] {dagbag.py:588} INFO - Filling up the DagBag from /home/airflow/.local/lib/python3.12/site-packages/airflow/example_dags/example_trigger_controller_dag.py
[2024-09-26T13:30:43.063+0000] {processor.py:925} INFO - DAG(s) 'example_trigger_controller_dag' retrieved from /home/airflow/.local/lib/python3.12/site-packages/airflow/example_dags/example_trigger_controller_dag.py
[2024-09-26T13:30:43.077+0000] {logging_mixin.py:190} INFO - [2024-09-26T13:30:43.077+0000] {dag.py:3239} INFO - Sync 1 DAGs
[2024-09-26T13:30:43.110+0000] {logging_mixin.py:190} INFO - [2024-09-26T13:30:43.110+0000] {dag.py:4180} INFO - Setting next_dagrun for example_trigger_controller_dag to 2021-01-01 00:00:00+00:00, run_after=2021-01-01 00:00:00+00:00
[2024-09-26T13:30:43.136+0000] {processor.py:208} INFO - Processing /home/airflow/.local/lib/python3.12/site-packages/airflow/example_dags/example_trigger_controller_dag.py took 0.085 seconds
[2024-09-26T13:31:13.942+0000] {processor.py:186} INFO - Started process (PID=19766) to work on /home/airflow/.local/lib/python3.12/site-packages/airflow/example_dags/example_trigger_controller_dag.py
[2024-09-26T13:31:13.943+0000] {processor.py:914} INFO - Processing file /home/airflow/.local/lib/python3.12/site-packages/airflow/example_dags/example_trigger_controller_dag.py for tasks to queue
[2024-09-26T13:31:13.945+0000] {logging_mixin.py:190} INFO - [2024-09-26T13:31:13.945+0000] {dagbag.py:588} INFO - Filling up the DagBag from /home/airflow/.local/lib/python3.12/site-packages/airflow/example_dags/example_trigger_controller_dag.py
[2024-09-26T13:31:13.950+0000] {processor.py:925} INFO - DAG(s) 'example_trigger_controller_dag' retrieved from /home/airflow/.local/lib/python3.12/site-packages/airflow/example_dags/example_trigger_controller_dag.py
[2024-09-26T13:31:13.966+0000] {logging_mixin.py:190} INFO - [2024-09-26T13:31:13.966+0000] {dag.py:3239} INFO - Sync 1 DAGs
[2024-09-26T13:31:13.992+0000] {logging_mixin.py:190} INFO - [2024-09-26T13:31:13.992+0000] {dag.py:4180} INFO - Setting next_dagrun for example_trigger_controller_dag to 2021-01-01 00:00:00+00:00, run_after=2021-01-01 00:00:00+00:00
[2024-09-26T13:31:14.009+0000] {processor.py:208} INFO - Processing /home/airflow/.local/lib/python3.12/site-packages/airflow/example_dags/example_trigger_controller_dag.py took 0.072 seconds
