[2024-09-26T12:56:33.242+0000] {processor.py:186} INFO - Started process (PID=343) to work on /home/airflow/.local/lib/python3.12/site-packages/airflow/example_dags/example_bash_operator.py
[2024-09-26T12:56:33.242+0000] {processor.py:914} INFO - Processing file /home/airflow/.local/lib/python3.12/site-packages/airflow/example_dags/example_bash_operator.py for tasks to queue
[2024-09-26T12:56:33.244+0000] {logging_mixin.py:190} INFO - [2024-09-26T12:56:33.244+0000] {dagbag.py:588} INFO - Filling up the DagBag from /home/airflow/.local/lib/python3.12/site-packages/airflow/example_dags/example_bash_operator.py
[2024-09-26T12:56:33.256+0000] {processor.py:925} INFO - DAG(s) 'example_bash_operator' retrieved from /home/airflow/.local/lib/python3.12/site-packages/airflow/example_dags/example_bash_operator.py
[2024-09-26T12:56:33.284+0000] {logging_mixin.py:190} INFO - [2024-09-26T12:56:33.283+0000] {dag.py:3239} INFO - Sync 1 DAGs
[2024-09-26T12:56:33.304+0000] {logging_mixin.py:190} INFO - [2024-09-26T12:56:33.303+0000] {dag.py:4180} INFO - Setting next_dagrun for example_bash_operator to 2024-09-25 00:00:00+00:00, run_after=2024-09-26 00:00:00+00:00
[2024-09-26T12:56:33.322+0000] {processor.py:208} INFO - Processing /home/airflow/.local/lib/python3.12/site-packages/airflow/example_dags/example_bash_operator.py took 0.084 seconds
[2024-09-26T12:57:03.497+0000] {processor.py:186} INFO - Started process (PID=633) to work on /home/airflow/.local/lib/python3.12/site-packages/airflow/example_dags/example_bash_operator.py
[2024-09-26T12:57:03.498+0000] {processor.py:914} INFO - Processing file /home/airflow/.local/lib/python3.12/site-packages/airflow/example_dags/example_bash_operator.py for tasks to queue
[2024-09-26T12:57:03.500+0000] {logging_mixin.py:190} INFO - [2024-09-26T12:57:03.500+0000] {dagbag.py:588} INFO - Filling up the DagBag from /home/airflow/.local/lib/python3.12/site-packages/airflow/example_dags/example_bash_operator.py
[2024-09-26T12:57:03.510+0000] {processor.py:925} INFO - DAG(s) 'example_bash_operator' retrieved from /home/airflow/.local/lib/python3.12/site-packages/airflow/example_dags/example_bash_operator.py
[2024-09-26T12:57:03.532+0000] {logging_mixin.py:190} INFO - [2024-09-26T12:57:03.532+0000] {dag.py:3239} INFO - Sync 1 DAGs
[2024-09-26T12:57:03.552+0000] {logging_mixin.py:190} INFO - [2024-09-26T12:57:03.552+0000] {dag.py:4180} INFO - Setting next_dagrun for example_bash_operator to 2024-09-25 00:00:00+00:00, run_after=2024-09-26 00:00:00+00:00
[2024-09-26T12:57:03.566+0000] {processor.py:208} INFO - Processing /home/airflow/.local/lib/python3.12/site-packages/airflow/example_dags/example_bash_operator.py took 0.073 seconds
[2024-09-26T12:57:34.375+0000] {processor.py:186} INFO - Started process (PID=919) to work on /home/airflow/.local/lib/python3.12/site-packages/airflow/example_dags/example_bash_operator.py
[2024-09-26T12:57:34.375+0000] {processor.py:914} INFO - Processing file /home/airflow/.local/lib/python3.12/site-packages/airflow/example_dags/example_bash_operator.py for tasks to queue
[2024-09-26T12:57:34.378+0000] {logging_mixin.py:190} INFO - [2024-09-26T12:57:34.377+0000] {dagbag.py:588} INFO - Filling up the DagBag from /home/airflow/.local/lib/python3.12/site-packages/airflow/example_dags/example_bash_operator.py
[2024-09-26T12:57:34.388+0000] {processor.py:925} INFO - DAG(s) 'example_bash_operator' retrieved from /home/airflow/.local/lib/python3.12/site-packages/airflow/example_dags/example_bash_operator.py
[2024-09-26T12:57:34.410+0000] {logging_mixin.py:190} INFO - [2024-09-26T12:57:34.410+0000] {dag.py:3239} INFO - Sync 1 DAGs
[2024-09-26T12:57:34.431+0000] {logging_mixin.py:190} INFO - [2024-09-26T12:57:34.430+0000] {dag.py:4180} INFO - Setting next_dagrun for example_bash_operator to 2024-09-25 00:00:00+00:00, run_after=2024-09-26 00:00:00+00:00
[2024-09-26T12:57:34.445+0000] {processor.py:208} INFO - Processing /home/airflow/.local/lib/python3.12/site-packages/airflow/example_dags/example_bash_operator.py took 0.075 seconds
[2024-09-26T12:58:05.430+0000] {processor.py:186} INFO - Started process (PID=1205) to work on /home/airflow/.local/lib/python3.12/site-packages/airflow/example_dags/example_bash_operator.py
[2024-09-26T12:58:05.430+0000] {processor.py:914} INFO - Processing file /home/airflow/.local/lib/python3.12/site-packages/airflow/example_dags/example_bash_operator.py for tasks to queue
[2024-09-26T12:58:05.432+0000] {logging_mixin.py:190} INFO - [2024-09-26T12:58:05.432+0000] {dagbag.py:588} INFO - Filling up the DagBag from /home/airflow/.local/lib/python3.12/site-packages/airflow/example_dags/example_bash_operator.py
[2024-09-26T12:58:05.442+0000] {processor.py:925} INFO - DAG(s) 'example_bash_operator' retrieved from /home/airflow/.local/lib/python3.12/site-packages/airflow/example_dags/example_bash_operator.py
[2024-09-26T12:58:05.466+0000] {logging_mixin.py:190} INFO - [2024-09-26T12:58:05.466+0000] {dag.py:3239} INFO - Sync 1 DAGs
[2024-09-26T12:58:05.488+0000] {logging_mixin.py:190} INFO - [2024-09-26T12:58:05.488+0000] {dag.py:4180} INFO - Setting next_dagrun for example_bash_operator to 2024-09-25 00:00:00+00:00, run_after=2024-09-26 00:00:00+00:00
[2024-09-26T12:58:05.503+0000] {processor.py:208} INFO - Processing /home/airflow/.local/lib/python3.12/site-packages/airflow/example_dags/example_bash_operator.py took 0.077 seconds
[2024-09-26T12:58:35.618+0000] {processor.py:186} INFO - Started process (PID=1493) to work on /home/airflow/.local/lib/python3.12/site-packages/airflow/example_dags/example_bash_operator.py
[2024-09-26T12:58:35.619+0000] {processor.py:914} INFO - Processing file /home/airflow/.local/lib/python3.12/site-packages/airflow/example_dags/example_bash_operator.py for tasks to queue
[2024-09-26T12:58:35.621+0000] {logging_mixin.py:190} INFO - [2024-09-26T12:58:35.620+0000] {dagbag.py:588} INFO - Filling up the DagBag from /home/airflow/.local/lib/python3.12/site-packages/airflow/example_dags/example_bash_operator.py
[2024-09-26T12:58:35.631+0000] {processor.py:925} INFO - DAG(s) 'example_bash_operator' retrieved from /home/airflow/.local/lib/python3.12/site-packages/airflow/example_dags/example_bash_operator.py
[2024-09-26T12:58:35.652+0000] {logging_mixin.py:190} INFO - [2024-09-26T12:58:35.652+0000] {dag.py:3239} INFO - Sync 1 DAGs
[2024-09-26T12:58:35.673+0000] {logging_mixin.py:190} INFO - [2024-09-26T12:58:35.673+0000] {dag.py:4180} INFO - Setting next_dagrun for example_bash_operator to 2024-09-25 00:00:00+00:00, run_after=2024-09-26 00:00:00+00:00
[2024-09-26T12:58:35.688+0000] {processor.py:208} INFO - Processing /home/airflow/.local/lib/python3.12/site-packages/airflow/example_dags/example_bash_operator.py took 0.074 seconds
[2024-09-26T12:59:06.589+0000] {processor.py:186} INFO - Started process (PID=1777) to work on /home/airflow/.local/lib/python3.12/site-packages/airflow/example_dags/example_bash_operator.py
[2024-09-26T12:59:06.590+0000] {processor.py:914} INFO - Processing file /home/airflow/.local/lib/python3.12/site-packages/airflow/example_dags/example_bash_operator.py for tasks to queue
[2024-09-26T12:59:06.592+0000] {logging_mixin.py:190} INFO - [2024-09-26T12:59:06.591+0000] {dagbag.py:588} INFO - Filling up the DagBag from /home/airflow/.local/lib/python3.12/site-packages/airflow/example_dags/example_bash_operator.py
[2024-09-26T12:59:06.601+0000] {processor.py:925} INFO - DAG(s) 'example_bash_operator' retrieved from /home/airflow/.local/lib/python3.12/site-packages/airflow/example_dags/example_bash_operator.py
[2024-09-26T12:59:06.623+0000] {logging_mixin.py:190} INFO - [2024-09-26T12:59:06.623+0000] {dag.py:3239} INFO - Sync 1 DAGs
[2024-09-26T12:59:06.643+0000] {logging_mixin.py:190} INFO - [2024-09-26T12:59:06.643+0000] {dag.py:4180} INFO - Setting next_dagrun for example_bash_operator to 2024-09-25 00:00:00+00:00, run_after=2024-09-26 00:00:00+00:00
[2024-09-26T12:59:06.658+0000] {processor.py:208} INFO - Processing /home/airflow/.local/lib/python3.12/site-packages/airflow/example_dags/example_bash_operator.py took 0.073 seconds
[2024-09-26T12:59:37.529+0000] {processor.py:186} INFO - Started process (PID=2065) to work on /home/airflow/.local/lib/python3.12/site-packages/airflow/example_dags/example_bash_operator.py
[2024-09-26T12:59:37.530+0000] {processor.py:914} INFO - Processing file /home/airflow/.local/lib/python3.12/site-packages/airflow/example_dags/example_bash_operator.py for tasks to queue
[2024-09-26T12:59:37.531+0000] {logging_mixin.py:190} INFO - [2024-09-26T12:59:37.531+0000] {dagbag.py:588} INFO - Filling up the DagBag from /home/airflow/.local/lib/python3.12/site-packages/airflow/example_dags/example_bash_operator.py
[2024-09-26T12:59:37.541+0000] {processor.py:925} INFO - DAG(s) 'example_bash_operator' retrieved from /home/airflow/.local/lib/python3.12/site-packages/airflow/example_dags/example_bash_operator.py
[2024-09-26T12:59:37.562+0000] {logging_mixin.py:190} INFO - [2024-09-26T12:59:37.562+0000] {dag.py:3239} INFO - Sync 1 DAGs
[2024-09-26T12:59:37.581+0000] {logging_mixin.py:190} INFO - [2024-09-26T12:59:37.581+0000] {dag.py:4180} INFO - Setting next_dagrun for example_bash_operator to 2024-09-25 00:00:00+00:00, run_after=2024-09-26 00:00:00+00:00
[2024-09-26T12:59:37.595+0000] {processor.py:208} INFO - Processing /home/airflow/.local/lib/python3.12/site-packages/airflow/example_dags/example_bash_operator.py took 0.070 seconds
[2024-09-26T13:00:08.516+0000] {processor.py:186} INFO - Started process (PID=2349) to work on /home/airflow/.local/lib/python3.12/site-packages/airflow/example_dags/example_bash_operator.py
[2024-09-26T13:00:08.517+0000] {processor.py:914} INFO - Processing file /home/airflow/.local/lib/python3.12/site-packages/airflow/example_dags/example_bash_operator.py for tasks to queue
[2024-09-26T13:00:08.519+0000] {logging_mixin.py:190} INFO - [2024-09-26T13:00:08.519+0000] {dagbag.py:588} INFO - Filling up the DagBag from /home/airflow/.local/lib/python3.12/site-packages/airflow/example_dags/example_bash_operator.py
[2024-09-26T13:00:08.529+0000] {processor.py:925} INFO - DAG(s) 'example_bash_operator' retrieved from /home/airflow/.local/lib/python3.12/site-packages/airflow/example_dags/example_bash_operator.py
[2024-09-26T13:00:08.552+0000] {logging_mixin.py:190} INFO - [2024-09-26T13:00:08.552+0000] {dag.py:3239} INFO - Sync 1 DAGs
[2024-09-26T13:00:08.574+0000] {logging_mixin.py:190} INFO - [2024-09-26T13:00:08.573+0000] {dag.py:4180} INFO - Setting next_dagrun for example_bash_operator to 2024-09-25 00:00:00+00:00, run_after=2024-09-26 00:00:00+00:00
[2024-09-26T13:00:08.589+0000] {processor.py:208} INFO - Processing /home/airflow/.local/lib/python3.12/site-packages/airflow/example_dags/example_bash_operator.py took 0.077 seconds
[2024-09-26T13:00:39.383+0000] {processor.py:186} INFO - Started process (PID=2635) to work on /home/airflow/.local/lib/python3.12/site-packages/airflow/example_dags/example_bash_operator.py
[2024-09-26T13:00:39.384+0000] {processor.py:914} INFO - Processing file /home/airflow/.local/lib/python3.12/site-packages/airflow/example_dags/example_bash_operator.py for tasks to queue
[2024-09-26T13:00:39.386+0000] {logging_mixin.py:190} INFO - [2024-09-26T13:00:39.386+0000] {dagbag.py:588} INFO - Filling up the DagBag from /home/airflow/.local/lib/python3.12/site-packages/airflow/example_dags/example_bash_operator.py
[2024-09-26T13:00:39.397+0000] {processor.py:925} INFO - DAG(s) 'example_bash_operator' retrieved from /home/airflow/.local/lib/python3.12/site-packages/airflow/example_dags/example_bash_operator.py
[2024-09-26T13:00:39.419+0000] {logging_mixin.py:190} INFO - [2024-09-26T13:00:39.419+0000] {dag.py:3239} INFO - Sync 1 DAGs
[2024-09-26T13:00:39.440+0000] {logging_mixin.py:190} INFO - [2024-09-26T13:00:39.440+0000] {dag.py:4180} INFO - Setting next_dagrun for example_bash_operator to 2024-09-25 00:00:00+00:00, run_after=2024-09-26 00:00:00+00:00
[2024-09-26T13:00:39.456+0000] {processor.py:208} INFO - Processing /home/airflow/.local/lib/python3.12/site-packages/airflow/example_dags/example_bash_operator.py took 0.077 seconds
[2024-09-26T13:01:10.300+0000] {processor.py:186} INFO - Started process (PID=2921) to work on /home/airflow/.local/lib/python3.12/site-packages/airflow/example_dags/example_bash_operator.py
[2024-09-26T13:01:10.301+0000] {processor.py:914} INFO - Processing file /home/airflow/.local/lib/python3.12/site-packages/airflow/example_dags/example_bash_operator.py for tasks to queue
[2024-09-26T13:01:10.304+0000] {logging_mixin.py:190} INFO - [2024-09-26T13:01:10.304+0000] {dagbag.py:588} INFO - Filling up the DagBag from /home/airflow/.local/lib/python3.12/site-packages/airflow/example_dags/example_bash_operator.py
[2024-09-26T13:01:10.318+0000] {processor.py:925} INFO - DAG(s) 'example_bash_operator' retrieved from /home/airflow/.local/lib/python3.12/site-packages/airflow/example_dags/example_bash_operator.py
[2024-09-26T13:01:10.341+0000] {logging_mixin.py:190} INFO - [2024-09-26T13:01:10.341+0000] {dag.py:3239} INFO - Sync 1 DAGs
[2024-09-26T13:01:10.361+0000] {logging_mixin.py:190} INFO - [2024-09-26T13:01:10.361+0000] {dag.py:4180} INFO - Setting next_dagrun for example_bash_operator to 2024-09-25 00:00:00+00:00, run_after=2024-09-26 00:00:00+00:00
[2024-09-26T13:01:10.375+0000] {processor.py:208} INFO - Processing /home/airflow/.local/lib/python3.12/site-packages/airflow/example_dags/example_bash_operator.py took 0.081 seconds
[2024-09-26T13:01:41.115+0000] {processor.py:186} INFO - Started process (PID=3209) to work on /home/airflow/.local/lib/python3.12/site-packages/airflow/example_dags/example_bash_operator.py
[2024-09-26T13:01:41.115+0000] {processor.py:914} INFO - Processing file /home/airflow/.local/lib/python3.12/site-packages/airflow/example_dags/example_bash_operator.py for tasks to queue
[2024-09-26T13:01:41.117+0000] {logging_mixin.py:190} INFO - [2024-09-26T13:01:41.117+0000] {dagbag.py:588} INFO - Filling up the DagBag from /home/airflow/.local/lib/python3.12/site-packages/airflow/example_dags/example_bash_operator.py
[2024-09-26T13:01:41.128+0000] {processor.py:925} INFO - DAG(s) 'example_bash_operator' retrieved from /home/airflow/.local/lib/python3.12/site-packages/airflow/example_dags/example_bash_operator.py
[2024-09-26T13:01:41.149+0000] {logging_mixin.py:190} INFO - [2024-09-26T13:01:41.149+0000] {dag.py:3239} INFO - Sync 1 DAGs
[2024-09-26T13:01:41.169+0000] {logging_mixin.py:190} INFO - [2024-09-26T13:01:41.169+0000] {dag.py:4180} INFO - Setting next_dagrun for example_bash_operator to 2024-09-25 00:00:00+00:00, run_after=2024-09-26 00:00:00+00:00
[2024-09-26T13:01:41.183+0000] {processor.py:208} INFO - Processing /home/airflow/.local/lib/python3.12/site-packages/airflow/example_dags/example_bash_operator.py took 0.073 seconds
[2024-09-26T13:02:12.018+0000] {processor.py:186} INFO - Started process (PID=3493) to work on /home/airflow/.local/lib/python3.12/site-packages/airflow/example_dags/example_bash_operator.py
[2024-09-26T13:02:12.018+0000] {processor.py:914} INFO - Processing file /home/airflow/.local/lib/python3.12/site-packages/airflow/example_dags/example_bash_operator.py for tasks to queue
[2024-09-26T13:02:12.020+0000] {logging_mixin.py:190} INFO - [2024-09-26T13:02:12.020+0000] {dagbag.py:588} INFO - Filling up the DagBag from /home/airflow/.local/lib/python3.12/site-packages/airflow/example_dags/example_bash_operator.py
[2024-09-26T13:02:12.030+0000] {processor.py:925} INFO - DAG(s) 'example_bash_operator' retrieved from /home/airflow/.local/lib/python3.12/site-packages/airflow/example_dags/example_bash_operator.py
[2024-09-26T13:02:12.051+0000] {logging_mixin.py:190} INFO - [2024-09-26T13:02:12.051+0000] {dag.py:3239} INFO - Sync 1 DAGs
[2024-09-26T13:02:12.072+0000] {logging_mixin.py:190} INFO - [2024-09-26T13:02:12.071+0000] {dag.py:4180} INFO - Setting next_dagrun for example_bash_operator to 2024-09-25 00:00:00+00:00, run_after=2024-09-26 00:00:00+00:00
[2024-09-26T13:02:12.085+0000] {processor.py:208} INFO - Processing /home/airflow/.local/lib/python3.12/site-packages/airflow/example_dags/example_bash_operator.py took 0.072 seconds
[2024-09-26T13:02:42.808+0000] {processor.py:186} INFO - Started process (PID=3779) to work on /home/airflow/.local/lib/python3.12/site-packages/airflow/example_dags/example_bash_operator.py
[2024-09-26T13:02:42.809+0000] {processor.py:914} INFO - Processing file /home/airflow/.local/lib/python3.12/site-packages/airflow/example_dags/example_bash_operator.py for tasks to queue
[2024-09-26T13:02:42.811+0000] {logging_mixin.py:190} INFO - [2024-09-26T13:02:42.811+0000] {dagbag.py:588} INFO - Filling up the DagBag from /home/airflow/.local/lib/python3.12/site-packages/airflow/example_dags/example_bash_operator.py
[2024-09-26T13:02:42.821+0000] {processor.py:925} INFO - DAG(s) 'example_bash_operator' retrieved from /home/airflow/.local/lib/python3.12/site-packages/airflow/example_dags/example_bash_operator.py
[2024-09-26T13:02:42.843+0000] {logging_mixin.py:190} INFO - [2024-09-26T13:02:42.843+0000] {dag.py:3239} INFO - Sync 1 DAGs
[2024-09-26T13:02:42.863+0000] {logging_mixin.py:190} INFO - [2024-09-26T13:02:42.863+0000] {dag.py:4180} INFO - Setting next_dagrun for example_bash_operator to 2024-09-25 00:00:00+00:00, run_after=2024-09-26 00:00:00+00:00
[2024-09-26T13:02:42.878+0000] {processor.py:208} INFO - Processing /home/airflow/.local/lib/python3.12/site-packages/airflow/example_dags/example_bash_operator.py took 0.074 seconds
[2024-09-26T13:03:13.759+0000] {processor.py:186} INFO - Started process (PID=4071) to work on /home/airflow/.local/lib/python3.12/site-packages/airflow/example_dags/example_bash_operator.py
[2024-09-26T13:03:13.760+0000] {processor.py:914} INFO - Processing file /home/airflow/.local/lib/python3.12/site-packages/airflow/example_dags/example_bash_operator.py for tasks to queue
[2024-09-26T13:03:13.762+0000] {logging_mixin.py:190} INFO - [2024-09-26T13:03:13.761+0000] {dagbag.py:588} INFO - Filling up the DagBag from /home/airflow/.local/lib/python3.12/site-packages/airflow/example_dags/example_bash_operator.py
[2024-09-26T13:03:13.772+0000] {processor.py:925} INFO - DAG(s) 'example_bash_operator' retrieved from /home/airflow/.local/lib/python3.12/site-packages/airflow/example_dags/example_bash_operator.py
[2024-09-26T13:03:13.793+0000] {logging_mixin.py:190} INFO - [2024-09-26T13:03:13.793+0000] {dag.py:3239} INFO - Sync 1 DAGs
[2024-09-26T13:03:13.812+0000] {logging_mixin.py:190} INFO - [2024-09-26T13:03:13.812+0000] {dag.py:4180} INFO - Setting next_dagrun for example_bash_operator to 2024-09-25 00:00:00+00:00, run_after=2024-09-26 00:00:00+00:00
[2024-09-26T13:03:13.826+0000] {processor.py:208} INFO - Processing /home/airflow/.local/lib/python3.12/site-packages/airflow/example_dags/example_bash_operator.py took 0.071 seconds
[2024-09-26T13:03:44.676+0000] {processor.py:186} INFO - Started process (PID=4357) to work on /home/airflow/.local/lib/python3.12/site-packages/airflow/example_dags/example_bash_operator.py
[2024-09-26T13:03:44.677+0000] {processor.py:914} INFO - Processing file /home/airflow/.local/lib/python3.12/site-packages/airflow/example_dags/example_bash_operator.py for tasks to queue
[2024-09-26T13:03:44.678+0000] {logging_mixin.py:190} INFO - [2024-09-26T13:03:44.678+0000] {dagbag.py:588} INFO - Filling up the DagBag from /home/airflow/.local/lib/python3.12/site-packages/airflow/example_dags/example_bash_operator.py
[2024-09-26T13:03:44.688+0000] {processor.py:925} INFO - DAG(s) 'example_bash_operator' retrieved from /home/airflow/.local/lib/python3.12/site-packages/airflow/example_dags/example_bash_operator.py
[2024-09-26T13:03:44.710+0000] {logging_mixin.py:190} INFO - [2024-09-26T13:03:44.710+0000] {dag.py:3239} INFO - Sync 1 DAGs
[2024-09-26T13:03:44.729+0000] {logging_mixin.py:190} INFO - [2024-09-26T13:03:44.729+0000] {dag.py:4180} INFO - Setting next_dagrun for example_bash_operator to 2024-09-25 00:00:00+00:00, run_after=2024-09-26 00:00:00+00:00
[2024-09-26T13:03:44.744+0000] {processor.py:208} INFO - Processing /home/airflow/.local/lib/python3.12/site-packages/airflow/example_dags/example_bash_operator.py took 0.072 seconds
[2024-09-26T13:04:15.589+0000] {processor.py:186} INFO - Started process (PID=4643) to work on /home/airflow/.local/lib/python3.12/site-packages/airflow/example_dags/example_bash_operator.py
[2024-09-26T13:04:15.590+0000] {processor.py:914} INFO - Processing file /home/airflow/.local/lib/python3.12/site-packages/airflow/example_dags/example_bash_operator.py for tasks to queue
[2024-09-26T13:04:15.591+0000] {logging_mixin.py:190} INFO - [2024-09-26T13:04:15.591+0000] {dagbag.py:588} INFO - Filling up the DagBag from /home/airflow/.local/lib/python3.12/site-packages/airflow/example_dags/example_bash_operator.py
[2024-09-26T13:04:15.602+0000] {processor.py:925} INFO - DAG(s) 'example_bash_operator' retrieved from /home/airflow/.local/lib/python3.12/site-packages/airflow/example_dags/example_bash_operator.py
[2024-09-26T13:04:15.624+0000] {logging_mixin.py:190} INFO - [2024-09-26T13:04:15.624+0000] {dag.py:3239} INFO - Sync 1 DAGs
[2024-09-26T13:04:15.644+0000] {logging_mixin.py:190} INFO - [2024-09-26T13:04:15.644+0000] {dag.py:4180} INFO - Setting next_dagrun for example_bash_operator to 2024-09-25 00:00:00+00:00, run_after=2024-09-26 00:00:00+00:00
[2024-09-26T13:04:15.659+0000] {processor.py:208} INFO - Processing /home/airflow/.local/lib/python3.12/site-packages/airflow/example_dags/example_bash_operator.py took 0.074 seconds
[2024-09-26T13:04:46.593+0000] {processor.py:186} INFO - Started process (PID=4929) to work on /home/airflow/.local/lib/python3.12/site-packages/airflow/example_dags/example_bash_operator.py
[2024-09-26T13:04:46.594+0000] {processor.py:914} INFO - Processing file /home/airflow/.local/lib/python3.12/site-packages/airflow/example_dags/example_bash_operator.py for tasks to queue
[2024-09-26T13:04:46.596+0000] {logging_mixin.py:190} INFO - [2024-09-26T13:04:46.596+0000] {dagbag.py:588} INFO - Filling up the DagBag from /home/airflow/.local/lib/python3.12/site-packages/airflow/example_dags/example_bash_operator.py
[2024-09-26T13:04:46.607+0000] {processor.py:925} INFO - DAG(s) 'example_bash_operator' retrieved from /home/airflow/.local/lib/python3.12/site-packages/airflow/example_dags/example_bash_operator.py
[2024-09-26T13:04:46.636+0000] {logging_mixin.py:190} INFO - [2024-09-26T13:04:46.635+0000] {dag.py:3239} INFO - Sync 1 DAGs
[2024-09-26T13:04:46.663+0000] {logging_mixin.py:190} INFO - [2024-09-26T13:04:46.663+0000] {dag.py:4180} INFO - Setting next_dagrun for example_bash_operator to 2024-09-25 00:00:00+00:00, run_after=2024-09-26 00:00:00+00:00
[2024-09-26T13:04:46.684+0000] {processor.py:208} INFO - Processing /home/airflow/.local/lib/python3.12/site-packages/airflow/example_dags/example_bash_operator.py took 0.096 seconds
[2024-09-26T13:05:16.823+0000] {processor.py:186} INFO - Started process (PID=5217) to work on /home/airflow/.local/lib/python3.12/site-packages/airflow/example_dags/example_bash_operator.py
[2024-09-26T13:05:16.823+0000] {processor.py:914} INFO - Processing file /home/airflow/.local/lib/python3.12/site-packages/airflow/example_dags/example_bash_operator.py for tasks to queue
[2024-09-26T13:05:16.825+0000] {logging_mixin.py:190} INFO - [2024-09-26T13:05:16.825+0000] {dagbag.py:588} INFO - Filling up the DagBag from /home/airflow/.local/lib/python3.12/site-packages/airflow/example_dags/example_bash_operator.py
[2024-09-26T13:05:16.836+0000] {processor.py:925} INFO - DAG(s) 'example_bash_operator' retrieved from /home/airflow/.local/lib/python3.12/site-packages/airflow/example_dags/example_bash_operator.py
[2024-09-26T13:05:16.859+0000] {logging_mixin.py:190} INFO - [2024-09-26T13:05:16.859+0000] {dag.py:3239} INFO - Sync 1 DAGs
[2024-09-26T13:05:16.880+0000] {logging_mixin.py:190} INFO - [2024-09-26T13:05:16.880+0000] {dag.py:4180} INFO - Setting next_dagrun for example_bash_operator to 2024-09-25 00:00:00+00:00, run_after=2024-09-26 00:00:00+00:00
[2024-09-26T13:05:16.894+0000] {processor.py:208} INFO - Processing /home/airflow/.local/lib/python3.12/site-packages/airflow/example_dags/example_bash_operator.py took 0.076 seconds
[2024-09-26T13:05:47.043+0000] {processor.py:186} INFO - Started process (PID=5501) to work on /home/airflow/.local/lib/python3.12/site-packages/airflow/example_dags/example_bash_operator.py
[2024-09-26T13:05:47.044+0000] {processor.py:914} INFO - Processing file /home/airflow/.local/lib/python3.12/site-packages/airflow/example_dags/example_bash_operator.py for tasks to queue
[2024-09-26T13:05:47.046+0000] {logging_mixin.py:190} INFO - [2024-09-26T13:05:47.045+0000] {dagbag.py:588} INFO - Filling up the DagBag from /home/airflow/.local/lib/python3.12/site-packages/airflow/example_dags/example_bash_operator.py
[2024-09-26T13:05:47.056+0000] {processor.py:925} INFO - DAG(s) 'example_bash_operator' retrieved from /home/airflow/.local/lib/python3.12/site-packages/airflow/example_dags/example_bash_operator.py
[2024-09-26T13:05:47.077+0000] {logging_mixin.py:190} INFO - [2024-09-26T13:05:47.077+0000] {dag.py:3239} INFO - Sync 1 DAGs
[2024-09-26T13:05:47.097+0000] {logging_mixin.py:190} INFO - [2024-09-26T13:05:47.097+0000] {dag.py:4180} INFO - Setting next_dagrun for example_bash_operator to 2024-09-25 00:00:00+00:00, run_after=2024-09-26 00:00:00+00:00
[2024-09-26T13:05:47.112+0000] {processor.py:208} INFO - Processing /home/airflow/.local/lib/python3.12/site-packages/airflow/example_dags/example_bash_operator.py took 0.073 seconds
