[2024-09-26T12:56:32.895+0000] {processor.py:186} INFO - Started process (PID=305) to work on /home/airflow/.local/lib/python3.12/site-packages/airflow/example_dags/example_latest_only_with_trigger.py
[2024-09-26T12:56:32.895+0000] {processor.py:914} INFO - Processing file /home/airflow/.local/lib/python3.12/site-packages/airflow/example_dags/example_latest_only_with_trigger.py for tasks to queue
[2024-09-26T12:56:32.897+0000] {logging_mixin.py:190} INFO - [2024-09-26T12:56:32.897+0000] {dagbag.py:588} INFO - Filling up the DagBag from /home/airflow/.local/lib/python3.12/site-packages/airflow/example_dags/example_latest_only_with_trigger.py
[2024-09-26T12:56:32.904+0000] {processor.py:925} INFO - DAG(s) 'latest_only_with_trigger' retrieved from /home/airflow/.local/lib/python3.12/site-packages/airflow/example_dags/example_latest_only_with_trigger.py
[2024-09-26T12:56:32.931+0000] {logging_mixin.py:190} INFO - [2024-09-26T12:56:32.930+0000] {dag.py:3239} INFO - Sync 1 DAGs
[2024-09-26T12:56:32.959+0000] {logging_mixin.py:190} INFO - [2024-09-26T12:56:32.959+0000] {dag.py:4180} INFO - Setting next_dagrun for latest_only_with_trigger to 2024-09-26 08:00:00+00:00, run_after=2024-09-26 12:00:00+00:00
[2024-09-26T12:56:32.975+0000] {processor.py:208} INFO - Processing /home/airflow/.local/lib/python3.12/site-packages/airflow/example_dags/example_latest_only_with_trigger.py took 0.085 seconds
[2024-09-26T12:57:03.162+0000] {processor.py:186} INFO - Started process (PID=603) to work on /home/airflow/.local/lib/python3.12/site-packages/airflow/example_dags/example_latest_only_with_trigger.py
[2024-09-26T12:57:03.163+0000] {processor.py:914} INFO - Processing file /home/airflow/.local/lib/python3.12/site-packages/airflow/example_dags/example_latest_only_with_trigger.py for tasks to queue
[2024-09-26T12:57:03.165+0000] {logging_mixin.py:190} INFO - [2024-09-26T12:57:03.165+0000] {dagbag.py:588} INFO - Filling up the DagBag from /home/airflow/.local/lib/python3.12/site-packages/airflow/example_dags/example_latest_only_with_trigger.py
[2024-09-26T12:57:03.170+0000] {processor.py:925} INFO - DAG(s) 'latest_only_with_trigger' retrieved from /home/airflow/.local/lib/python3.12/site-packages/airflow/example_dags/example_latest_only_with_trigger.py
[2024-09-26T12:57:03.185+0000] {logging_mixin.py:190} INFO - [2024-09-26T12:57:03.185+0000] {dag.py:3239} INFO - Sync 1 DAGs
[2024-09-26T12:57:03.204+0000] {logging_mixin.py:190} INFO - [2024-09-26T12:57:03.204+0000] {dag.py:4180} INFO - Setting next_dagrun for latest_only_with_trigger to 2024-09-26 08:00:00+00:00, run_after=2024-09-26 12:00:00+00:00
[2024-09-26T12:57:03.218+0000] {processor.py:208} INFO - Processing /home/airflow/.local/lib/python3.12/site-packages/airflow/example_dags/example_latest_only_with_trigger.py took 0.060 seconds
[2024-09-26T12:57:34.067+0000] {processor.py:186} INFO - Started process (PID=889) to work on /home/airflow/.local/lib/python3.12/site-packages/airflow/example_dags/example_latest_only_with_trigger.py
[2024-09-26T12:57:34.068+0000] {processor.py:914} INFO - Processing file /home/airflow/.local/lib/python3.12/site-packages/airflow/example_dags/example_latest_only_with_trigger.py for tasks to queue
[2024-09-26T12:57:34.069+0000] {logging_mixin.py:190} INFO - [2024-09-26T12:57:34.069+0000] {dagbag.py:588} INFO - Filling up the DagBag from /home/airflow/.local/lib/python3.12/site-packages/airflow/example_dags/example_latest_only_with_trigger.py
[2024-09-26T12:57:34.075+0000] {processor.py:925} INFO - DAG(s) 'latest_only_with_trigger' retrieved from /home/airflow/.local/lib/python3.12/site-packages/airflow/example_dags/example_latest_only_with_trigger.py
[2024-09-26T12:57:34.090+0000] {logging_mixin.py:190} INFO - [2024-09-26T12:57:34.090+0000] {dag.py:3239} INFO - Sync 1 DAGs
[2024-09-26T12:57:34.109+0000] {logging_mixin.py:190} INFO - [2024-09-26T12:57:34.109+0000] {dag.py:4180} INFO - Setting next_dagrun for latest_only_with_trigger to 2024-09-26 08:00:00+00:00, run_after=2024-09-26 12:00:00+00:00
[2024-09-26T12:57:34.123+0000] {processor.py:208} INFO - Processing /home/airflow/.local/lib/python3.12/site-packages/airflow/example_dags/example_latest_only_with_trigger.py took 0.060 seconds
[2024-09-26T12:58:05.084+0000] {processor.py:186} INFO - Started process (PID=1175) to work on /home/airflow/.local/lib/python3.12/site-packages/airflow/example_dags/example_latest_only_with_trigger.py
[2024-09-26T12:58:05.085+0000] {processor.py:914} INFO - Processing file /home/airflow/.local/lib/python3.12/site-packages/airflow/example_dags/example_latest_only_with_trigger.py for tasks to queue
[2024-09-26T12:58:05.086+0000] {logging_mixin.py:190} INFO - [2024-09-26T12:58:05.086+0000] {dagbag.py:588} INFO - Filling up the DagBag from /home/airflow/.local/lib/python3.12/site-packages/airflow/example_dags/example_latest_only_with_trigger.py
[2024-09-26T12:58:05.092+0000] {processor.py:925} INFO - DAG(s) 'latest_only_with_trigger' retrieved from /home/airflow/.local/lib/python3.12/site-packages/airflow/example_dags/example_latest_only_with_trigger.py
[2024-09-26T12:58:05.108+0000] {logging_mixin.py:190} INFO - [2024-09-26T12:58:05.108+0000] {dag.py:3239} INFO - Sync 1 DAGs
[2024-09-26T12:58:05.130+0000] {logging_mixin.py:190} INFO - [2024-09-26T12:58:05.130+0000] {dag.py:4180} INFO - Setting next_dagrun for latest_only_with_trigger to 2024-09-26 08:00:00+00:00, run_after=2024-09-26 12:00:00+00:00
[2024-09-26T12:58:05.147+0000] {processor.py:208} INFO - Processing /home/airflow/.local/lib/python3.12/site-packages/airflow/example_dags/example_latest_only_with_trigger.py took 0.067 seconds
[2024-09-26T12:58:35.247+0000] {processor.py:186} INFO - Started process (PID=1461) to work on /home/airflow/.local/lib/python3.12/site-packages/airflow/example_dags/example_latest_only_with_trigger.py
[2024-09-26T12:58:35.247+0000] {processor.py:914} INFO - Processing file /home/airflow/.local/lib/python3.12/site-packages/airflow/example_dags/example_latest_only_with_trigger.py for tasks to queue
[2024-09-26T12:58:35.249+0000] {logging_mixin.py:190} INFO - [2024-09-26T12:58:35.249+0000] {dagbag.py:588} INFO - Filling up the DagBag from /home/airflow/.local/lib/python3.12/site-packages/airflow/example_dags/example_latest_only_with_trigger.py
[2024-09-26T12:58:35.256+0000] {processor.py:925} INFO - DAG(s) 'latest_only_with_trigger' retrieved from /home/airflow/.local/lib/python3.12/site-packages/airflow/example_dags/example_latest_only_with_trigger.py
[2024-09-26T12:58:35.272+0000] {logging_mixin.py:190} INFO - [2024-09-26T12:58:35.271+0000] {dag.py:3239} INFO - Sync 1 DAGs
[2024-09-26T12:58:35.293+0000] {logging_mixin.py:190} INFO - [2024-09-26T12:58:35.293+0000] {dag.py:4180} INFO - Setting next_dagrun for latest_only_with_trigger to 2024-09-26 08:00:00+00:00, run_after=2024-09-26 12:00:00+00:00
[2024-09-26T12:58:35.307+0000] {processor.py:208} INFO - Processing /home/airflow/.local/lib/python3.12/site-packages/airflow/example_dags/example_latest_only_with_trigger.py took 0.065 seconds
[2024-09-26T12:59:06.187+0000] {processor.py:186} INFO - Started process (PID=1747) to work on /home/airflow/.local/lib/python3.12/site-packages/airflow/example_dags/example_latest_only_with_trigger.py
[2024-09-26T12:59:06.188+0000] {processor.py:914} INFO - Processing file /home/airflow/.local/lib/python3.12/site-packages/airflow/example_dags/example_latest_only_with_trigger.py for tasks to queue
[2024-09-26T12:59:06.189+0000] {logging_mixin.py:190} INFO - [2024-09-26T12:59:06.189+0000] {dagbag.py:588} INFO - Filling up the DagBag from /home/airflow/.local/lib/python3.12/site-packages/airflow/example_dags/example_latest_only_with_trigger.py
[2024-09-26T12:59:06.195+0000] {processor.py:925} INFO - DAG(s) 'latest_only_with_trigger' retrieved from /home/airflow/.local/lib/python3.12/site-packages/airflow/example_dags/example_latest_only_with_trigger.py
[2024-09-26T12:59:06.209+0000] {logging_mixin.py:190} INFO - [2024-09-26T12:59:06.209+0000] {dag.py:3239} INFO - Sync 1 DAGs
[2024-09-26T12:59:06.228+0000] {logging_mixin.py:190} INFO - [2024-09-26T12:59:06.227+0000] {dag.py:4180} INFO - Setting next_dagrun for latest_only_with_trigger to 2024-09-26 08:00:00+00:00, run_after=2024-09-26 12:00:00+00:00
[2024-09-26T12:59:06.242+0000] {processor.py:208} INFO - Processing /home/airflow/.local/lib/python3.12/site-packages/airflow/example_dags/example_latest_only_with_trigger.py took 0.060 seconds
[2024-09-26T12:59:37.205+0000] {processor.py:186} INFO - Started process (PID=2033) to work on /home/airflow/.local/lib/python3.12/site-packages/airflow/example_dags/example_latest_only_with_trigger.py
[2024-09-26T12:59:37.206+0000] {processor.py:914} INFO - Processing file /home/airflow/.local/lib/python3.12/site-packages/airflow/example_dags/example_latest_only_with_trigger.py for tasks to queue
[2024-09-26T12:59:37.208+0000] {logging_mixin.py:190} INFO - [2024-09-26T12:59:37.207+0000] {dagbag.py:588} INFO - Filling up the DagBag from /home/airflow/.local/lib/python3.12/site-packages/airflow/example_dags/example_latest_only_with_trigger.py
[2024-09-26T12:59:37.213+0000] {processor.py:925} INFO - DAG(s) 'latest_only_with_trigger' retrieved from /home/airflow/.local/lib/python3.12/site-packages/airflow/example_dags/example_latest_only_with_trigger.py
[2024-09-26T12:59:37.228+0000] {logging_mixin.py:190} INFO - [2024-09-26T12:59:37.228+0000] {dag.py:3239} INFO - Sync 1 DAGs
[2024-09-26T12:59:37.247+0000] {logging_mixin.py:190} INFO - [2024-09-26T12:59:37.246+0000] {dag.py:4180} INFO - Setting next_dagrun for latest_only_with_trigger to 2024-09-26 08:00:00+00:00, run_after=2024-09-26 12:00:00+00:00
[2024-09-26T12:59:37.261+0000] {processor.py:208} INFO - Processing /home/airflow/.local/lib/python3.12/site-packages/airflow/example_dags/example_latest_only_with_trigger.py took 0.060 seconds
[2024-09-26T13:00:08.195+0000] {processor.py:186} INFO - Started process (PID=2319) to work on /home/airflow/.local/lib/python3.12/site-packages/airflow/example_dags/example_latest_only_with_trigger.py
[2024-09-26T13:00:08.196+0000] {processor.py:914} INFO - Processing file /home/airflow/.local/lib/python3.12/site-packages/airflow/example_dags/example_latest_only_with_trigger.py for tasks to queue
[2024-09-26T13:00:08.198+0000] {logging_mixin.py:190} INFO - [2024-09-26T13:00:08.198+0000] {dagbag.py:588} INFO - Filling up the DagBag from /home/airflow/.local/lib/python3.12/site-packages/airflow/example_dags/example_latest_only_with_trigger.py
[2024-09-26T13:00:08.204+0000] {processor.py:925} INFO - DAG(s) 'latest_only_with_trigger' retrieved from /home/airflow/.local/lib/python3.12/site-packages/airflow/example_dags/example_latest_only_with_trigger.py
[2024-09-26T13:00:08.221+0000] {logging_mixin.py:190} INFO - [2024-09-26T13:00:08.221+0000] {dag.py:3239} INFO - Sync 1 DAGs
[2024-09-26T13:00:08.241+0000] {logging_mixin.py:190} INFO - [2024-09-26T13:00:08.241+0000] {dag.py:4180} INFO - Setting next_dagrun for latest_only_with_trigger to 2024-09-26 08:00:00+00:00, run_after=2024-09-26 12:00:00+00:00
[2024-09-26T13:00:08.257+0000] {processor.py:208} INFO - Processing /home/airflow/.local/lib/python3.12/site-packages/airflow/example_dags/example_latest_only_with_trigger.py took 0.066 seconds
[2024-09-26T13:00:39.077+0000] {processor.py:186} INFO - Started process (PID=2605) to work on /home/airflow/.local/lib/python3.12/site-packages/airflow/example_dags/example_latest_only_with_trigger.py
[2024-09-26T13:00:39.078+0000] {processor.py:914} INFO - Processing file /home/airflow/.local/lib/python3.12/site-packages/airflow/example_dags/example_latest_only_with_trigger.py for tasks to queue
[2024-09-26T13:00:39.080+0000] {logging_mixin.py:190} INFO - [2024-09-26T13:00:39.080+0000] {dagbag.py:588} INFO - Filling up the DagBag from /home/airflow/.local/lib/python3.12/site-packages/airflow/example_dags/example_latest_only_with_trigger.py
[2024-09-26T13:00:39.088+0000] {processor.py:925} INFO - DAG(s) 'latest_only_with_trigger' retrieved from /home/airflow/.local/lib/python3.12/site-packages/airflow/example_dags/example_latest_only_with_trigger.py
[2024-09-26T13:00:39.105+0000] {logging_mixin.py:190} INFO - [2024-09-26T13:00:39.105+0000] {dag.py:3239} INFO - Sync 1 DAGs
[2024-09-26T13:00:39.124+0000] {logging_mixin.py:190} INFO - [2024-09-26T13:00:39.124+0000] {dag.py:4180} INFO - Setting next_dagrun for latest_only_with_trigger to 2024-09-26 08:00:00+00:00, run_after=2024-09-26 12:00:00+00:00
[2024-09-26T13:00:39.139+0000] {processor.py:208} INFO - Processing /home/airflow/.local/lib/python3.12/site-packages/airflow/example_dags/example_latest_only_with_trigger.py took 0.066 seconds
[2024-09-26T13:01:09.993+0000] {processor.py:186} INFO - Started process (PID=2891) to work on /home/airflow/.local/lib/python3.12/site-packages/airflow/example_dags/example_latest_only_with_trigger.py
[2024-09-26T13:01:09.993+0000] {processor.py:914} INFO - Processing file /home/airflow/.local/lib/python3.12/site-packages/airflow/example_dags/example_latest_only_with_trigger.py for tasks to queue
[2024-09-26T13:01:09.995+0000] {logging_mixin.py:190} INFO - [2024-09-26T13:01:09.995+0000] {dagbag.py:588} INFO - Filling up the DagBag from /home/airflow/.local/lib/python3.12/site-packages/airflow/example_dags/example_latest_only_with_trigger.py
[2024-09-26T13:01:10.000+0000] {processor.py:925} INFO - DAG(s) 'latest_only_with_trigger' retrieved from /home/airflow/.local/lib/python3.12/site-packages/airflow/example_dags/example_latest_only_with_trigger.py
[2024-09-26T13:01:10.015+0000] {logging_mixin.py:190} INFO - [2024-09-26T13:01:10.015+0000] {dag.py:3239} INFO - Sync 1 DAGs
[2024-09-26T13:01:10.034+0000] {logging_mixin.py:190} INFO - [2024-09-26T13:01:10.033+0000] {dag.py:4180} INFO - Setting next_dagrun for latest_only_with_trigger to 2024-09-26 08:00:00+00:00, run_after=2024-09-26 12:00:00+00:00
[2024-09-26T13:01:10.048+0000] {processor.py:208} INFO - Processing /home/airflow/.local/lib/python3.12/site-packages/airflow/example_dags/example_latest_only_with_trigger.py took 0.060 seconds
[2024-09-26T13:01:40.824+0000] {processor.py:186} INFO - Started process (PID=3177) to work on /home/airflow/.local/lib/python3.12/site-packages/airflow/example_dags/example_latest_only_with_trigger.py
[2024-09-26T13:01:40.825+0000] {processor.py:914} INFO - Processing file /home/airflow/.local/lib/python3.12/site-packages/airflow/example_dags/example_latest_only_with_trigger.py for tasks to queue
[2024-09-26T13:01:40.826+0000] {logging_mixin.py:190} INFO - [2024-09-26T13:01:40.826+0000] {dagbag.py:588} INFO - Filling up the DagBag from /home/airflow/.local/lib/python3.12/site-packages/airflow/example_dags/example_latest_only_with_trigger.py
[2024-09-26T13:01:40.832+0000] {processor.py:925} INFO - DAG(s) 'latest_only_with_trigger' retrieved from /home/airflow/.local/lib/python3.12/site-packages/airflow/example_dags/example_latest_only_with_trigger.py
[2024-09-26T13:01:40.847+0000] {logging_mixin.py:190} INFO - [2024-09-26T13:01:40.847+0000] {dag.py:3239} INFO - Sync 1 DAGs
[2024-09-26T13:01:40.868+0000] {logging_mixin.py:190} INFO - [2024-09-26T13:01:40.868+0000] {dag.py:4180} INFO - Setting next_dagrun for latest_only_with_trigger to 2024-09-26 08:00:00+00:00, run_after=2024-09-26 12:00:00+00:00
[2024-09-26T13:01:40.882+0000] {processor.py:208} INFO - Processing /home/airflow/.local/lib/python3.12/site-packages/airflow/example_dags/example_latest_only_with_trigger.py took 0.062 seconds
[2024-09-26T13:02:11.738+0000] {processor.py:186} INFO - Started process (PID=3463) to work on /home/airflow/.local/lib/python3.12/site-packages/airflow/example_dags/example_latest_only_with_trigger.py
[2024-09-26T13:02:11.738+0000] {processor.py:914} INFO - Processing file /home/airflow/.local/lib/python3.12/site-packages/airflow/example_dags/example_latest_only_with_trigger.py for tasks to queue
[2024-09-26T13:02:11.740+0000] {logging_mixin.py:190} INFO - [2024-09-26T13:02:11.740+0000] {dagbag.py:588} INFO - Filling up the DagBag from /home/airflow/.local/lib/python3.12/site-packages/airflow/example_dags/example_latest_only_with_trigger.py
[2024-09-26T13:02:11.745+0000] {processor.py:925} INFO - DAG(s) 'latest_only_with_trigger' retrieved from /home/airflow/.local/lib/python3.12/site-packages/airflow/example_dags/example_latest_only_with_trigger.py
[2024-09-26T13:02:11.760+0000] {logging_mixin.py:190} INFO - [2024-09-26T13:02:11.760+0000] {dag.py:3239} INFO - Sync 1 DAGs
[2024-09-26T13:02:11.779+0000] {logging_mixin.py:190} INFO - [2024-09-26T13:02:11.778+0000] {dag.py:4180} INFO - Setting next_dagrun for latest_only_with_trigger to 2024-09-26 08:00:00+00:00, run_after=2024-09-26 12:00:00+00:00
[2024-09-26T13:02:11.792+0000] {processor.py:208} INFO - Processing /home/airflow/.local/lib/python3.12/site-packages/airflow/example_dags/example_latest_only_with_trigger.py took 0.059 seconds
[2024-09-26T13:02:42.522+0000] {processor.py:186} INFO - Started process (PID=3749) to work on /home/airflow/.local/lib/python3.12/site-packages/airflow/example_dags/example_latest_only_with_trigger.py
[2024-09-26T13:02:42.522+0000] {processor.py:914} INFO - Processing file /home/airflow/.local/lib/python3.12/site-packages/airflow/example_dags/example_latest_only_with_trigger.py for tasks to queue
[2024-09-26T13:02:42.524+0000] {logging_mixin.py:190} INFO - [2024-09-26T13:02:42.524+0000] {dagbag.py:588} INFO - Filling up the DagBag from /home/airflow/.local/lib/python3.12/site-packages/airflow/example_dags/example_latest_only_with_trigger.py
[2024-09-26T13:02:42.530+0000] {processor.py:925} INFO - DAG(s) 'latest_only_with_trigger' retrieved from /home/airflow/.local/lib/python3.12/site-packages/airflow/example_dags/example_latest_only_with_trigger.py
[2024-09-26T13:02:42.545+0000] {logging_mixin.py:190} INFO - [2024-09-26T13:02:42.544+0000] {dag.py:3239} INFO - Sync 1 DAGs
[2024-09-26T13:02:42.563+0000] {logging_mixin.py:190} INFO - [2024-09-26T13:02:42.563+0000] {dag.py:4180} INFO - Setting next_dagrun for latest_only_with_trigger to 2024-09-26 08:00:00+00:00, run_after=2024-09-26 12:00:00+00:00
[2024-09-26T13:02:42.577+0000] {processor.py:208} INFO - Processing /home/airflow/.local/lib/python3.12/site-packages/airflow/example_dags/example_latest_only_with_trigger.py took 0.059 seconds
[2024-09-26T13:03:13.451+0000] {processor.py:186} INFO - Started process (PID=4041) to work on /home/airflow/.local/lib/python3.12/site-packages/airflow/example_dags/example_latest_only_with_trigger.py
[2024-09-26T13:03:13.452+0000] {processor.py:914} INFO - Processing file /home/airflow/.local/lib/python3.12/site-packages/airflow/example_dags/example_latest_only_with_trigger.py for tasks to queue
[2024-09-26T13:03:13.453+0000] {logging_mixin.py:190} INFO - [2024-09-26T13:03:13.453+0000] {dagbag.py:588} INFO - Filling up the DagBag from /home/airflow/.local/lib/python3.12/site-packages/airflow/example_dags/example_latest_only_with_trigger.py
[2024-09-26T13:03:13.459+0000] {processor.py:925} INFO - DAG(s) 'latest_only_with_trigger' retrieved from /home/airflow/.local/lib/python3.12/site-packages/airflow/example_dags/example_latest_only_with_trigger.py
[2024-09-26T13:03:13.475+0000] {logging_mixin.py:190} INFO - [2024-09-26T13:03:13.475+0000] {dag.py:3239} INFO - Sync 1 DAGs
[2024-09-26T13:03:13.495+0000] {logging_mixin.py:190} INFO - [2024-09-26T13:03:13.494+0000] {dag.py:4180} INFO - Setting next_dagrun for latest_only_with_trigger to 2024-09-26 08:00:00+00:00, run_after=2024-09-26 12:00:00+00:00
[2024-09-26T13:03:13.509+0000] {processor.py:208} INFO - Processing /home/airflow/.local/lib/python3.12/site-packages/airflow/example_dags/example_latest_only_with_trigger.py took 0.063 seconds
[2024-09-26T13:03:44.384+0000] {processor.py:186} INFO - Started process (PID=4327) to work on /home/airflow/.local/lib/python3.12/site-packages/airflow/example_dags/example_latest_only_with_trigger.py
[2024-09-26T13:03:44.385+0000] {processor.py:914} INFO - Processing file /home/airflow/.local/lib/python3.12/site-packages/airflow/example_dags/example_latest_only_with_trigger.py for tasks to queue
[2024-09-26T13:03:44.386+0000] {logging_mixin.py:190} INFO - [2024-09-26T13:03:44.386+0000] {dagbag.py:588} INFO - Filling up the DagBag from /home/airflow/.local/lib/python3.12/site-packages/airflow/example_dags/example_latest_only_with_trigger.py
[2024-09-26T13:03:44.392+0000] {processor.py:925} INFO - DAG(s) 'latest_only_with_trigger' retrieved from /home/airflow/.local/lib/python3.12/site-packages/airflow/example_dags/example_latest_only_with_trigger.py
[2024-09-26T13:03:44.407+0000] {logging_mixin.py:190} INFO - [2024-09-26T13:03:44.407+0000] {dag.py:3239} INFO - Sync 1 DAGs
[2024-09-26T13:03:44.425+0000] {logging_mixin.py:190} INFO - [2024-09-26T13:03:44.425+0000] {dag.py:4180} INFO - Setting next_dagrun for latest_only_with_trigger to 2024-09-26 08:00:00+00:00, run_after=2024-09-26 12:00:00+00:00
[2024-09-26T13:03:44.439+0000] {processor.py:208} INFO - Processing /home/airflow/.local/lib/python3.12/site-packages/airflow/example_dags/example_latest_only_with_trigger.py took 0.060 seconds
[2024-09-26T13:04:15.296+0000] {processor.py:186} INFO - Started process (PID=4613) to work on /home/airflow/.local/lib/python3.12/site-packages/airflow/example_dags/example_latest_only_with_trigger.py
[2024-09-26T13:04:15.297+0000] {processor.py:914} INFO - Processing file /home/airflow/.local/lib/python3.12/site-packages/airflow/example_dags/example_latest_only_with_trigger.py for tasks to queue
[2024-09-26T13:04:15.299+0000] {logging_mixin.py:190} INFO - [2024-09-26T13:04:15.298+0000] {dagbag.py:588} INFO - Filling up the DagBag from /home/airflow/.local/lib/python3.12/site-packages/airflow/example_dags/example_latest_only_with_trigger.py
[2024-09-26T13:04:15.304+0000] {processor.py:925} INFO - DAG(s) 'latest_only_with_trigger' retrieved from /home/airflow/.local/lib/python3.12/site-packages/airflow/example_dags/example_latest_only_with_trigger.py
[2024-09-26T13:04:15.319+0000] {logging_mixin.py:190} INFO - [2024-09-26T13:04:15.319+0000] {dag.py:3239} INFO - Sync 1 DAGs
[2024-09-26T13:04:15.338+0000] {logging_mixin.py:190} INFO - [2024-09-26T13:04:15.338+0000] {dag.py:4180} INFO - Setting next_dagrun for latest_only_with_trigger to 2024-09-26 08:00:00+00:00, run_after=2024-09-26 12:00:00+00:00
[2024-09-26T13:04:15.352+0000] {processor.py:208} INFO - Processing /home/airflow/.local/lib/python3.12/site-packages/airflow/example_dags/example_latest_only_with_trigger.py took 0.060 seconds
[2024-09-26T13:04:46.214+0000] {processor.py:186} INFO - Started process (PID=4899) to work on /home/airflow/.local/lib/python3.12/site-packages/airflow/example_dags/example_latest_only_with_trigger.py
[2024-09-26T13:04:46.215+0000] {processor.py:914} INFO - Processing file /home/airflow/.local/lib/python3.12/site-packages/airflow/example_dags/example_latest_only_with_trigger.py for tasks to queue
[2024-09-26T13:04:46.217+0000] {logging_mixin.py:190} INFO - [2024-09-26T13:04:46.217+0000] {dagbag.py:588} INFO - Filling up the DagBag from /home/airflow/.local/lib/python3.12/site-packages/airflow/example_dags/example_latest_only_with_trigger.py
[2024-09-26T13:04:46.222+0000] {processor.py:925} INFO - DAG(s) 'latest_only_with_trigger' retrieved from /home/airflow/.local/lib/python3.12/site-packages/airflow/example_dags/example_latest_only_with_trigger.py
[2024-09-26T13:04:46.238+0000] {logging_mixin.py:190} INFO - [2024-09-26T13:04:46.238+0000] {dag.py:3239} INFO - Sync 1 DAGs
[2024-09-26T13:04:46.258+0000] {logging_mixin.py:190} INFO - [2024-09-26T13:04:46.258+0000] {dag.py:4180} INFO - Setting next_dagrun for latest_only_with_trigger to 2024-09-26 08:00:00+00:00, run_after=2024-09-26 12:00:00+00:00
[2024-09-26T13:04:46.273+0000] {processor.py:208} INFO - Processing /home/airflow/.local/lib/python3.12/site-packages/airflow/example_dags/example_latest_only_with_trigger.py took 0.063 seconds
[2024-09-26T13:05:16.417+0000] {processor.py:186} INFO - Started process (PID=5185) to work on /home/airflow/.local/lib/python3.12/site-packages/airflow/example_dags/example_latest_only_with_trigger.py
[2024-09-26T13:05:16.418+0000] {processor.py:914} INFO - Processing file /home/airflow/.local/lib/python3.12/site-packages/airflow/example_dags/example_latest_only_with_trigger.py for tasks to queue
[2024-09-26T13:05:16.420+0000] {logging_mixin.py:190} INFO - [2024-09-26T13:05:16.419+0000] {dagbag.py:588} INFO - Filling up the DagBag from /home/airflow/.local/lib/python3.12/site-packages/airflow/example_dags/example_latest_only_with_trigger.py
[2024-09-26T13:05:16.427+0000] {processor.py:925} INFO - DAG(s) 'latest_only_with_trigger' retrieved from /home/airflow/.local/lib/python3.12/site-packages/airflow/example_dags/example_latest_only_with_trigger.py
[2024-09-26T13:05:16.445+0000] {logging_mixin.py:190} INFO - [2024-09-26T13:05:16.445+0000] {dag.py:3239} INFO - Sync 1 DAGs
[2024-09-26T13:05:16.467+0000] {logging_mixin.py:190} INFO - [2024-09-26T13:05:16.467+0000] {dag.py:4180} INFO - Setting next_dagrun for latest_only_with_trigger to 2024-09-26 08:00:00+00:00, run_after=2024-09-26 12:00:00+00:00
[2024-09-26T13:05:16.484+0000] {processor.py:208} INFO - Processing /home/airflow/.local/lib/python3.12/site-packages/airflow/example_dags/example_latest_only_with_trigger.py took 0.073 seconds
[2024-09-26T13:05:46.582+0000] {processor.py:186} INFO - Started process (PID=5466) to work on /home/airflow/.local/lib/python3.12/site-packages/airflow/example_dags/example_latest_only_with_trigger.py
[2024-09-26T13:05:46.583+0000] {processor.py:914} INFO - Processing file /home/airflow/.local/lib/python3.12/site-packages/airflow/example_dags/example_latest_only_with_trigger.py for tasks to queue
[2024-09-26T13:05:46.584+0000] {logging_mixin.py:190} INFO - [2024-09-26T13:05:46.584+0000] {dagbag.py:588} INFO - Filling up the DagBag from /home/airflow/.local/lib/python3.12/site-packages/airflow/example_dags/example_latest_only_with_trigger.py
[2024-09-26T13:05:46.590+0000] {processor.py:925} INFO - DAG(s) 'latest_only_with_trigger' retrieved from /home/airflow/.local/lib/python3.12/site-packages/airflow/example_dags/example_latest_only_with_trigger.py
[2024-09-26T13:05:46.605+0000] {logging_mixin.py:190} INFO - [2024-09-26T13:05:46.605+0000] {dag.py:3239} INFO - Sync 1 DAGs
[2024-09-26T13:05:46.623+0000] {logging_mixin.py:190} INFO - [2024-09-26T13:05:46.623+0000] {dag.py:4180} INFO - Setting next_dagrun for latest_only_with_trigger to 2024-09-26 08:00:00+00:00, run_after=2024-09-26 12:00:00+00:00
[2024-09-26T13:05:46.639+0000] {processor.py:208} INFO - Processing /home/airflow/.local/lib/python3.12/site-packages/airflow/example_dags/example_latest_only_with_trigger.py took 0.061 seconds
