[2024-09-26T13:25:04.281+0000] {processor.py:186} INFO - Started process (PID=16309) to work on /home/airflow/.local/lib/python3.12/site-packages/airflow/example_dags/example_dynamic_task_mapping.py
[2024-09-26T13:25:04.281+0000] {processor.py:914} INFO - Processing file /home/airflow/.local/lib/python3.12/site-packages/airflow/example_dags/example_dynamic_task_mapping.py for tasks to queue
[2024-09-26T13:25:04.283+0000] {logging_mixin.py:190} INFO - [2024-09-26T13:25:04.283+0000] {dagbag.py:588} INFO - Filling up the DagBag from /home/airflow/.local/lib/python3.12/site-packages/airflow/example_dags/example_dynamic_task_mapping.py
[2024-09-26T13:25:04.290+0000] {processor.py:925} INFO - DAG(s) 'example_dynamic_task_mapping' retrieved from /home/airflow/.local/lib/python3.12/site-packages/airflow/example_dags/example_dynamic_task_mapping.py
[2024-09-26T13:25:04.305+0000] {logging_mixin.py:190} INFO - [2024-09-26T13:25:04.305+0000] {dag.py:3239} INFO - Sync 1 DAGs
[2024-09-26T13:25:04.319+0000] {logging_mixin.py:190} INFO - [2024-09-26T13:25:04.318+0000] {dag.py:4180} INFO - Setting next_dagrun for example_dynamic_task_mapping to None, run_after=None
[2024-09-26T13:25:04.333+0000] {processor.py:208} INFO - Processing /home/airflow/.local/lib/python3.12/site-packages/airflow/example_dags/example_dynamic_task_mapping.py took 0.057 seconds
[2024-09-26T13:25:34.658+0000] {processor.py:186} INFO - Started process (PID=16595) to work on /home/airflow/.local/lib/python3.12/site-packages/airflow/example_dags/example_dynamic_task_mapping.py
[2024-09-26T13:25:34.658+0000] {processor.py:914} INFO - Processing file /home/airflow/.local/lib/python3.12/site-packages/airflow/example_dags/example_dynamic_task_mapping.py for tasks to queue
[2024-09-26T13:25:34.660+0000] {logging_mixin.py:190} INFO - [2024-09-26T13:25:34.660+0000] {dagbag.py:588} INFO - Filling up the DagBag from /home/airflow/.local/lib/python3.12/site-packages/airflow/example_dags/example_dynamic_task_mapping.py
[2024-09-26T13:25:34.666+0000] {processor.py:925} INFO - DAG(s) 'example_dynamic_task_mapping' retrieved from /home/airflow/.local/lib/python3.12/site-packages/airflow/example_dags/example_dynamic_task_mapping.py
[2024-09-26T13:25:34.680+0000] {logging_mixin.py:190} INFO - [2024-09-26T13:25:34.680+0000] {dag.py:3239} INFO - Sync 1 DAGs
[2024-09-26T13:25:34.693+0000] {logging_mixin.py:190} INFO - [2024-09-26T13:25:34.693+0000] {dag.py:4180} INFO - Setting next_dagrun for example_dynamic_task_mapping to None, run_after=None
[2024-09-26T13:25:34.710+0000] {processor.py:208} INFO - Processing /home/airflow/.local/lib/python3.12/site-packages/airflow/example_dags/example_dynamic_task_mapping.py took 0.056 seconds
[2024-09-26T13:26:05.339+0000] {processor.py:186} INFO - Started process (PID=16881) to work on /home/airflow/.local/lib/python3.12/site-packages/airflow/example_dags/example_dynamic_task_mapping.py
[2024-09-26T13:26:05.340+0000] {processor.py:914} INFO - Processing file /home/airflow/.local/lib/python3.12/site-packages/airflow/example_dags/example_dynamic_task_mapping.py for tasks to queue
[2024-09-26T13:26:05.341+0000] {logging_mixin.py:190} INFO - [2024-09-26T13:26:05.341+0000] {dagbag.py:588} INFO - Filling up the DagBag from /home/airflow/.local/lib/python3.12/site-packages/airflow/example_dags/example_dynamic_task_mapping.py
[2024-09-26T13:26:05.349+0000] {processor.py:925} INFO - DAG(s) 'example_dynamic_task_mapping' retrieved from /home/airflow/.local/lib/python3.12/site-packages/airflow/example_dags/example_dynamic_task_mapping.py
[2024-09-26T13:26:05.365+0000] {logging_mixin.py:190} INFO - [2024-09-26T13:26:05.365+0000] {dag.py:3239} INFO - Sync 1 DAGs
[2024-09-26T13:26:05.377+0000] {logging_mixin.py:190} INFO - [2024-09-26T13:26:05.377+0000] {dag.py:4180} INFO - Setting next_dagrun for example_dynamic_task_mapping to None, run_after=None
[2024-09-26T13:26:05.393+0000] {processor.py:208} INFO - Processing /home/airflow/.local/lib/python3.12/site-packages/airflow/example_dags/example_dynamic_task_mapping.py took 0.058 seconds
[2024-09-26T13:26:36.124+0000] {processor.py:186} INFO - Started process (PID=17167) to work on /home/airflow/.local/lib/python3.12/site-packages/airflow/example_dags/example_dynamic_task_mapping.py
[2024-09-26T13:26:36.125+0000] {processor.py:914} INFO - Processing file /home/airflow/.local/lib/python3.12/site-packages/airflow/example_dags/example_dynamic_task_mapping.py for tasks to queue
[2024-09-26T13:26:36.126+0000] {logging_mixin.py:190} INFO - [2024-09-26T13:26:36.126+0000] {dagbag.py:588} INFO - Filling up the DagBag from /home/airflow/.local/lib/python3.12/site-packages/airflow/example_dags/example_dynamic_task_mapping.py
[2024-09-26T13:26:36.132+0000] {processor.py:925} INFO - DAG(s) 'example_dynamic_task_mapping' retrieved from /home/airflow/.local/lib/python3.12/site-packages/airflow/example_dags/example_dynamic_task_mapping.py
[2024-09-26T13:26:36.147+0000] {logging_mixin.py:190} INFO - [2024-09-26T13:26:36.147+0000] {dag.py:3239} INFO - Sync 1 DAGs
[2024-09-26T13:26:36.159+0000] {logging_mixin.py:190} INFO - [2024-09-26T13:26:36.158+0000] {dag.py:4180} INFO - Setting next_dagrun for example_dynamic_task_mapping to None, run_after=None
[2024-09-26T13:26:36.176+0000] {processor.py:208} INFO - Processing /home/airflow/.local/lib/python3.12/site-packages/airflow/example_dags/example_dynamic_task_mapping.py took 0.056 seconds
[2024-09-26T13:27:06.634+0000] {processor.py:186} INFO - Started process (PID=17453) to work on /home/airflow/.local/lib/python3.12/site-packages/airflow/example_dags/example_dynamic_task_mapping.py
[2024-09-26T13:27:06.635+0000] {processor.py:914} INFO - Processing file /home/airflow/.local/lib/python3.12/site-packages/airflow/example_dags/example_dynamic_task_mapping.py for tasks to queue
[2024-09-26T13:27:06.637+0000] {logging_mixin.py:190} INFO - [2024-09-26T13:27:06.636+0000] {dagbag.py:588} INFO - Filling up the DagBag from /home/airflow/.local/lib/python3.12/site-packages/airflow/example_dags/example_dynamic_task_mapping.py
[2024-09-26T13:27:06.643+0000] {processor.py:925} INFO - DAG(s) 'example_dynamic_task_mapping' retrieved from /home/airflow/.local/lib/python3.12/site-packages/airflow/example_dags/example_dynamic_task_mapping.py
[2024-09-26T13:27:06.657+0000] {logging_mixin.py:190} INFO - [2024-09-26T13:27:06.657+0000] {dag.py:3239} INFO - Sync 1 DAGs
[2024-09-26T13:27:06.669+0000] {logging_mixin.py:190} INFO - [2024-09-26T13:27:06.669+0000] {dag.py:4180} INFO - Setting next_dagrun for example_dynamic_task_mapping to None, run_after=None
[2024-09-26T13:27:06.686+0000] {processor.py:208} INFO - Processing /home/airflow/.local/lib/python3.12/site-packages/airflow/example_dags/example_dynamic_task_mapping.py took 0.055 seconds
[2024-09-26T13:27:37.529+0000] {processor.py:186} INFO - Started process (PID=17739) to work on /home/airflow/.local/lib/python3.12/site-packages/airflow/example_dags/example_dynamic_task_mapping.py
[2024-09-26T13:27:37.530+0000] {processor.py:914} INFO - Processing file /home/airflow/.local/lib/python3.12/site-packages/airflow/example_dags/example_dynamic_task_mapping.py for tasks to queue
[2024-09-26T13:27:37.532+0000] {logging_mixin.py:190} INFO - [2024-09-26T13:27:37.531+0000] {dagbag.py:588} INFO - Filling up the DagBag from /home/airflow/.local/lib/python3.12/site-packages/airflow/example_dags/example_dynamic_task_mapping.py
[2024-09-26T13:27:37.538+0000] {processor.py:925} INFO - DAG(s) 'example_dynamic_task_mapping' retrieved from /home/airflow/.local/lib/python3.12/site-packages/airflow/example_dags/example_dynamic_task_mapping.py
[2024-09-26T13:27:37.554+0000] {logging_mixin.py:190} INFO - [2024-09-26T13:27:37.553+0000] {dag.py:3239} INFO - Sync 1 DAGs
[2024-09-26T13:27:37.566+0000] {logging_mixin.py:190} INFO - [2024-09-26T13:27:37.566+0000] {dag.py:4180} INFO - Setting next_dagrun for example_dynamic_task_mapping to None, run_after=None
[2024-09-26T13:27:37.583+0000] {processor.py:208} INFO - Processing /home/airflow/.local/lib/python3.12/site-packages/airflow/example_dags/example_dynamic_task_mapping.py took 0.058 seconds
[2024-09-26T13:28:08.086+0000] {processor.py:186} INFO - Started process (PID=18025) to work on /home/airflow/.local/lib/python3.12/site-packages/airflow/example_dags/example_dynamic_task_mapping.py
[2024-09-26T13:28:08.086+0000] {processor.py:914} INFO - Processing file /home/airflow/.local/lib/python3.12/site-packages/airflow/example_dags/example_dynamic_task_mapping.py for tasks to queue
[2024-09-26T13:28:08.088+0000] {logging_mixin.py:190} INFO - [2024-09-26T13:28:08.088+0000] {dagbag.py:588} INFO - Filling up the DagBag from /home/airflow/.local/lib/python3.12/site-packages/airflow/example_dags/example_dynamic_task_mapping.py
[2024-09-26T13:28:08.226+0000] {processor.py:925} INFO - DAG(s) 'example_dynamic_task_mapping' retrieved from /home/airflow/.local/lib/python3.12/site-packages/airflow/example_dags/example_dynamic_task_mapping.py
[2024-09-26T13:28:08.238+0000] {logging_mixin.py:190} INFO - [2024-09-26T13:28:08.237+0000] {dag.py:3239} INFO - Sync 1 DAGs
[2024-09-26T13:28:08.248+0000] {logging_mixin.py:190} INFO - [2024-09-26T13:28:08.248+0000] {dag.py:4180} INFO - Setting next_dagrun for example_dynamic_task_mapping to None, run_after=None
[2024-09-26T13:28:08.260+0000] {processor.py:208} INFO - Processing /home/airflow/.local/lib/python3.12/site-packages/airflow/example_dags/example_dynamic_task_mapping.py took 0.179 seconds
[2024-09-26T13:28:38.929+0000] {processor.py:186} INFO - Started process (PID=18311) to work on /home/airflow/.local/lib/python3.12/site-packages/airflow/example_dags/example_dynamic_task_mapping.py
[2024-09-26T13:28:38.930+0000] {processor.py:914} INFO - Processing file /home/airflow/.local/lib/python3.12/site-packages/airflow/example_dags/example_dynamic_task_mapping.py for tasks to queue
[2024-09-26T13:28:38.931+0000] {logging_mixin.py:190} INFO - [2024-09-26T13:28:38.931+0000] {dagbag.py:588} INFO - Filling up the DagBag from /home/airflow/.local/lib/python3.12/site-packages/airflow/example_dags/example_dynamic_task_mapping.py
[2024-09-26T13:28:38.938+0000] {processor.py:925} INFO - DAG(s) 'example_dynamic_task_mapping' retrieved from /home/airflow/.local/lib/python3.12/site-packages/airflow/example_dags/example_dynamic_task_mapping.py
[2024-09-26T13:28:38.954+0000] {logging_mixin.py:190} INFO - [2024-09-26T13:28:38.953+0000] {dag.py:3239} INFO - Sync 1 DAGs
[2024-09-26T13:28:38.970+0000] {logging_mixin.py:190} INFO - [2024-09-26T13:28:38.970+0000] {dag.py:4180} INFO - Setting next_dagrun for example_dynamic_task_mapping to None, run_after=None
[2024-09-26T13:28:38.990+0000] {processor.py:208} INFO - Processing /home/airflow/.local/lib/python3.12/site-packages/airflow/example_dags/example_dynamic_task_mapping.py took 0.065 seconds
[2024-09-26T13:29:09.229+0000] {processor.py:186} INFO - Started process (PID=18597) to work on /home/airflow/.local/lib/python3.12/site-packages/airflow/example_dags/example_dynamic_task_mapping.py
[2024-09-26T13:29:09.230+0000] {processor.py:914} INFO - Processing file /home/airflow/.local/lib/python3.12/site-packages/airflow/example_dags/example_dynamic_task_mapping.py for tasks to queue
[2024-09-26T13:29:09.233+0000] {logging_mixin.py:190} INFO - [2024-09-26T13:29:09.233+0000] {dagbag.py:588} INFO - Filling up the DagBag from /home/airflow/.local/lib/python3.12/site-packages/airflow/example_dags/example_dynamic_task_mapping.py
[2024-09-26T13:29:09.240+0000] {processor.py:925} INFO - DAG(s) 'example_dynamic_task_mapping' retrieved from /home/airflow/.local/lib/python3.12/site-packages/airflow/example_dags/example_dynamic_task_mapping.py
[2024-09-26T13:29:09.256+0000] {logging_mixin.py:190} INFO - [2024-09-26T13:29:09.256+0000] {dag.py:3239} INFO - Sync 1 DAGs
[2024-09-26T13:29:09.268+0000] {logging_mixin.py:190} INFO - [2024-09-26T13:29:09.268+0000] {dag.py:4180} INFO - Setting next_dagrun for example_dynamic_task_mapping to None, run_after=None
[2024-09-26T13:29:09.284+0000] {processor.py:208} INFO - Processing /home/airflow/.local/lib/python3.12/site-packages/airflow/example_dags/example_dynamic_task_mapping.py took 0.061 seconds
[2024-09-26T13:29:39.319+0000] {processor.py:186} INFO - Started process (PID=18880) to work on /home/airflow/.local/lib/python3.12/site-packages/airflow/example_dags/example_dynamic_task_mapping.py
[2024-09-26T13:29:39.320+0000] {processor.py:914} INFO - Processing file /home/airflow/.local/lib/python3.12/site-packages/airflow/example_dags/example_dynamic_task_mapping.py for tasks to queue
[2024-09-26T13:29:39.321+0000] {logging_mixin.py:190} INFO - [2024-09-26T13:29:39.321+0000] {dagbag.py:588} INFO - Filling up the DagBag from /home/airflow/.local/lib/python3.12/site-packages/airflow/example_dags/example_dynamic_task_mapping.py
[2024-09-26T13:29:39.327+0000] {processor.py:925} INFO - DAG(s) 'example_dynamic_task_mapping' retrieved from /home/airflow/.local/lib/python3.12/site-packages/airflow/example_dags/example_dynamic_task_mapping.py
[2024-09-26T13:29:39.343+0000] {logging_mixin.py:190} INFO - [2024-09-26T13:29:39.343+0000] {dag.py:3239} INFO - Sync 1 DAGs
[2024-09-26T13:29:39.355+0000] {logging_mixin.py:190} INFO - [2024-09-26T13:29:39.355+0000] {dag.py:4180} INFO - Setting next_dagrun for example_dynamic_task_mapping to None, run_after=None
[2024-09-26T13:29:39.370+0000] {processor.py:208} INFO - Processing /home/airflow/.local/lib/python3.12/site-packages/airflow/example_dags/example_dynamic_task_mapping.py took 0.056 seconds
[2024-09-26T13:30:09.504+0000] {processor.py:186} INFO - Started process (PID=19166) to work on /home/airflow/.local/lib/python3.12/site-packages/airflow/example_dags/example_dynamic_task_mapping.py
[2024-09-26T13:30:09.505+0000] {processor.py:914} INFO - Processing file /home/airflow/.local/lib/python3.12/site-packages/airflow/example_dags/example_dynamic_task_mapping.py for tasks to queue
[2024-09-26T13:30:09.506+0000] {logging_mixin.py:190} INFO - [2024-09-26T13:30:09.506+0000] {dagbag.py:588} INFO - Filling up the DagBag from /home/airflow/.local/lib/python3.12/site-packages/airflow/example_dags/example_dynamic_task_mapping.py
[2024-09-26T13:30:09.513+0000] {processor.py:925} INFO - DAG(s) 'example_dynamic_task_mapping' retrieved from /home/airflow/.local/lib/python3.12/site-packages/airflow/example_dags/example_dynamic_task_mapping.py
[2024-09-26T13:30:09.527+0000] {logging_mixin.py:190} INFO - [2024-09-26T13:30:09.527+0000] {dag.py:3239} INFO - Sync 1 DAGs
[2024-09-26T13:30:09.540+0000] {logging_mixin.py:190} INFO - [2024-09-26T13:30:09.540+0000] {dag.py:4180} INFO - Setting next_dagrun for example_dynamic_task_mapping to None, run_after=None
[2024-09-26T13:30:09.557+0000] {processor.py:208} INFO - Processing /home/airflow/.local/lib/python3.12/site-packages/airflow/example_dags/example_dynamic_task_mapping.py took 0.058 seconds
[2024-09-26T13:30:39.700+0000] {processor.py:186} INFO - Started process (PID=19452) to work on /home/airflow/.local/lib/python3.12/site-packages/airflow/example_dags/example_dynamic_task_mapping.py
[2024-09-26T13:30:39.701+0000] {processor.py:914} INFO - Processing file /home/airflow/.local/lib/python3.12/site-packages/airflow/example_dags/example_dynamic_task_mapping.py for tasks to queue
[2024-09-26T13:30:39.703+0000] {logging_mixin.py:190} INFO - [2024-09-26T13:30:39.702+0000] {dagbag.py:588} INFO - Filling up the DagBag from /home/airflow/.local/lib/python3.12/site-packages/airflow/example_dags/example_dynamic_task_mapping.py
[2024-09-26T13:30:39.709+0000] {processor.py:925} INFO - DAG(s) 'example_dynamic_task_mapping' retrieved from /home/airflow/.local/lib/python3.12/site-packages/airflow/example_dags/example_dynamic_task_mapping.py
[2024-09-26T13:30:39.723+0000] {logging_mixin.py:190} INFO - [2024-09-26T13:30:39.723+0000] {dag.py:3239} INFO - Sync 1 DAGs
[2024-09-26T13:30:39.735+0000] {logging_mixin.py:190} INFO - [2024-09-26T13:30:39.735+0000] {dag.py:4180} INFO - Setting next_dagrun for example_dynamic_task_mapping to None, run_after=None
[2024-09-26T13:30:39.749+0000] {processor.py:208} INFO - Processing /home/airflow/.local/lib/python3.12/site-packages/airflow/example_dags/example_dynamic_task_mapping.py took 0.053 seconds
[2024-09-26T13:31:10.565+0000] {processor.py:186} INFO - Started process (PID=19738) to work on /home/airflow/.local/lib/python3.12/site-packages/airflow/example_dags/example_dynamic_task_mapping.py
[2024-09-26T13:31:10.566+0000] {processor.py:914} INFO - Processing file /home/airflow/.local/lib/python3.12/site-packages/airflow/example_dags/example_dynamic_task_mapping.py for tasks to queue
[2024-09-26T13:31:10.568+0000] {logging_mixin.py:190} INFO - [2024-09-26T13:31:10.568+0000] {dagbag.py:588} INFO - Filling up the DagBag from /home/airflow/.local/lib/python3.12/site-packages/airflow/example_dags/example_dynamic_task_mapping.py
[2024-09-26T13:31:10.574+0000] {processor.py:925} INFO - DAG(s) 'example_dynamic_task_mapping' retrieved from /home/airflow/.local/lib/python3.12/site-packages/airflow/example_dags/example_dynamic_task_mapping.py
[2024-09-26T13:31:10.589+0000] {logging_mixin.py:190} INFO - [2024-09-26T13:31:10.588+0000] {dag.py:3239} INFO - Sync 1 DAGs
[2024-09-26T13:31:10.600+0000] {logging_mixin.py:190} INFO - [2024-09-26T13:31:10.600+0000] {dag.py:4180} INFO - Setting next_dagrun for example_dynamic_task_mapping to None, run_after=None
[2024-09-26T13:31:10.617+0000] {processor.py:208} INFO - Processing /home/airflow/.local/lib/python3.12/site-packages/airflow/example_dags/example_dynamic_task_mapping.py took 0.056 seconds
[2024-09-26T13:31:41.463+0000] {processor.py:186} INFO - Started process (PID=20025) to work on /home/airflow/.local/lib/python3.12/site-packages/airflow/example_dags/example_dynamic_task_mapping.py
[2024-09-26T13:31:41.464+0000] {processor.py:914} INFO - Processing file /home/airflow/.local/lib/python3.12/site-packages/airflow/example_dags/example_dynamic_task_mapping.py for tasks to queue
[2024-09-26T13:31:41.465+0000] {logging_mixin.py:190} INFO - [2024-09-26T13:31:41.465+0000] {dagbag.py:588} INFO - Filling up the DagBag from /home/airflow/.local/lib/python3.12/site-packages/airflow/example_dags/example_dynamic_task_mapping.py
[2024-09-26T13:31:41.472+0000] {processor.py:925} INFO - DAG(s) 'example_dynamic_task_mapping' retrieved from /home/airflow/.local/lib/python3.12/site-packages/airflow/example_dags/example_dynamic_task_mapping.py
[2024-09-26T13:31:41.486+0000] {logging_mixin.py:190} INFO - [2024-09-26T13:31:41.486+0000] {dag.py:3239} INFO - Sync 1 DAGs
[2024-09-26T13:31:41.499+0000] {logging_mixin.py:190} INFO - [2024-09-26T13:31:41.499+0000] {dag.py:4180} INFO - Setting next_dagrun for example_dynamic_task_mapping to None, run_after=None
[2024-09-26T13:31:41.515+0000] {processor.py:208} INFO - Processing /home/airflow/.local/lib/python3.12/site-packages/airflow/example_dags/example_dynamic_task_mapping.py took 0.057 seconds
[2024-09-26T13:32:12.286+0000] {processor.py:186} INFO - Started process (PID=20311) to work on /home/airflow/.local/lib/python3.12/site-packages/airflow/example_dags/example_dynamic_task_mapping.py
[2024-09-26T13:32:12.287+0000] {processor.py:914} INFO - Processing file /home/airflow/.local/lib/python3.12/site-packages/airflow/example_dags/example_dynamic_task_mapping.py for tasks to queue
[2024-09-26T13:32:12.288+0000] {logging_mixin.py:190} INFO - [2024-09-26T13:32:12.288+0000] {dagbag.py:588} INFO - Filling up the DagBag from /home/airflow/.local/lib/python3.12/site-packages/airflow/example_dags/example_dynamic_task_mapping.py
[2024-09-26T13:32:12.295+0000] {processor.py:925} INFO - DAG(s) 'example_dynamic_task_mapping' retrieved from /home/airflow/.local/lib/python3.12/site-packages/airflow/example_dags/example_dynamic_task_mapping.py
[2024-09-26T13:32:12.309+0000] {logging_mixin.py:190} INFO - [2024-09-26T13:32:12.309+0000] {dag.py:3239} INFO - Sync 1 DAGs
[2024-09-26T13:32:12.321+0000] {logging_mixin.py:190} INFO - [2024-09-26T13:32:12.320+0000] {dag.py:4180} INFO - Setting next_dagrun for example_dynamic_task_mapping to None, run_after=None
[2024-09-26T13:32:12.335+0000] {processor.py:208} INFO - Processing /home/airflow/.local/lib/python3.12/site-packages/airflow/example_dags/example_dynamic_task_mapping.py took 0.053 seconds
[2024-09-26T13:32:43.026+0000] {processor.py:186} INFO - Started process (PID=20597) to work on /home/airflow/.local/lib/python3.12/site-packages/airflow/example_dags/example_dynamic_task_mapping.py
[2024-09-26T13:32:43.027+0000] {processor.py:914} INFO - Processing file /home/airflow/.local/lib/python3.12/site-packages/airflow/example_dags/example_dynamic_task_mapping.py for tasks to queue
[2024-09-26T13:32:43.029+0000] {logging_mixin.py:190} INFO - [2024-09-26T13:32:43.028+0000] {dagbag.py:588} INFO - Filling up the DagBag from /home/airflow/.local/lib/python3.12/site-packages/airflow/example_dags/example_dynamic_task_mapping.py
[2024-09-26T13:32:43.035+0000] {processor.py:925} INFO - DAG(s) 'example_dynamic_task_mapping' retrieved from /home/airflow/.local/lib/python3.12/site-packages/airflow/example_dags/example_dynamic_task_mapping.py
[2024-09-26T13:32:43.049+0000] {logging_mixin.py:190} INFO - [2024-09-26T13:32:43.049+0000] {dag.py:3239} INFO - Sync 1 DAGs
[2024-09-26T13:32:43.061+0000] {logging_mixin.py:190} INFO - [2024-09-26T13:32:43.060+0000] {dag.py:4180} INFO - Setting next_dagrun for example_dynamic_task_mapping to None, run_after=None
[2024-09-26T13:32:43.074+0000] {processor.py:208} INFO - Processing /home/airflow/.local/lib/python3.12/site-packages/airflow/example_dags/example_dynamic_task_mapping.py took 0.052 seconds
[2024-09-26T13:33:13.876+0000] {processor.py:186} INFO - Started process (PID=20883) to work on /home/airflow/.local/lib/python3.12/site-packages/airflow/example_dags/example_dynamic_task_mapping.py
[2024-09-26T13:33:13.877+0000] {processor.py:914} INFO - Processing file /home/airflow/.local/lib/python3.12/site-packages/airflow/example_dags/example_dynamic_task_mapping.py for tasks to queue
[2024-09-26T13:33:13.878+0000] {logging_mixin.py:190} INFO - [2024-09-26T13:33:13.878+0000] {dagbag.py:588} INFO - Filling up the DagBag from /home/airflow/.local/lib/python3.12/site-packages/airflow/example_dags/example_dynamic_task_mapping.py
[2024-09-26T13:33:13.884+0000] {processor.py:925} INFO - DAG(s) 'example_dynamic_task_mapping' retrieved from /home/airflow/.local/lib/python3.12/site-packages/airflow/example_dags/example_dynamic_task_mapping.py
[2024-09-26T13:33:13.899+0000] {logging_mixin.py:190} INFO - [2024-09-26T13:33:13.899+0000] {dag.py:3239} INFO - Sync 1 DAGs
[2024-09-26T13:33:13.911+0000] {logging_mixin.py:190} INFO - [2024-09-26T13:33:13.911+0000] {dag.py:4180} INFO - Setting next_dagrun for example_dynamic_task_mapping to None, run_after=None
[2024-09-26T13:33:13.928+0000] {processor.py:208} INFO - Processing /home/airflow/.local/lib/python3.12/site-packages/airflow/example_dags/example_dynamic_task_mapping.py took 0.056 seconds
[2024-09-26T13:33:44.735+0000] {processor.py:186} INFO - Started process (PID=21175) to work on /home/airflow/.local/lib/python3.12/site-packages/airflow/example_dags/example_dynamic_task_mapping.py
[2024-09-26T13:33:44.736+0000] {processor.py:914} INFO - Processing file /home/airflow/.local/lib/python3.12/site-packages/airflow/example_dags/example_dynamic_task_mapping.py for tasks to queue
[2024-09-26T13:33:44.738+0000] {logging_mixin.py:190} INFO - [2024-09-26T13:33:44.737+0000] {dagbag.py:588} INFO - Filling up the DagBag from /home/airflow/.local/lib/python3.12/site-packages/airflow/example_dags/example_dynamic_task_mapping.py
[2024-09-26T13:33:44.745+0000] {processor.py:925} INFO - DAG(s) 'example_dynamic_task_mapping' retrieved from /home/airflow/.local/lib/python3.12/site-packages/airflow/example_dags/example_dynamic_task_mapping.py
[2024-09-26T13:33:44.760+0000] {logging_mixin.py:190} INFO - [2024-09-26T13:33:44.760+0000] {dag.py:3239} INFO - Sync 1 DAGs
[2024-09-26T13:33:44.772+0000] {logging_mixin.py:190} INFO - [2024-09-26T13:33:44.772+0000] {dag.py:4180} INFO - Setting next_dagrun for example_dynamic_task_mapping to None, run_after=None
[2024-09-26T13:33:44.786+0000] {processor.py:208} INFO - Processing /home/airflow/.local/lib/python3.12/site-packages/airflow/example_dags/example_dynamic_task_mapping.py took 0.056 seconds
[2024-09-26T13:34:15.693+0000] {processor.py:186} INFO - Started process (PID=21461) to work on /home/airflow/.local/lib/python3.12/site-packages/airflow/example_dags/example_dynamic_task_mapping.py
[2024-09-26T13:34:15.694+0000] {processor.py:914} INFO - Processing file /home/airflow/.local/lib/python3.12/site-packages/airflow/example_dags/example_dynamic_task_mapping.py for tasks to queue
[2024-09-26T13:34:15.695+0000] {logging_mixin.py:190} INFO - [2024-09-26T13:34:15.695+0000] {dagbag.py:588} INFO - Filling up the DagBag from /home/airflow/.local/lib/python3.12/site-packages/airflow/example_dags/example_dynamic_task_mapping.py
[2024-09-26T13:34:15.701+0000] {processor.py:925} INFO - DAG(s) 'example_dynamic_task_mapping' retrieved from /home/airflow/.local/lib/python3.12/site-packages/airflow/example_dags/example_dynamic_task_mapping.py
[2024-09-26T13:34:15.716+0000] {logging_mixin.py:190} INFO - [2024-09-26T13:34:15.716+0000] {dag.py:3239} INFO - Sync 1 DAGs
[2024-09-26T13:34:15.730+0000] {logging_mixin.py:190} INFO - [2024-09-26T13:34:15.730+0000] {dag.py:4180} INFO - Setting next_dagrun for example_dynamic_task_mapping to None, run_after=None
[2024-09-26T13:34:15.745+0000] {processor.py:208} INFO - Processing /home/airflow/.local/lib/python3.12/site-packages/airflow/example_dags/example_dynamic_task_mapping.py took 0.056 seconds
[2024-09-26T13:34:46.397+0000] {processor.py:186} INFO - Started process (PID=21747) to work on /home/airflow/.local/lib/python3.12/site-packages/airflow/example_dags/example_dynamic_task_mapping.py
[2024-09-26T13:34:46.398+0000] {processor.py:914} INFO - Processing file /home/airflow/.local/lib/python3.12/site-packages/airflow/example_dags/example_dynamic_task_mapping.py for tasks to queue
[2024-09-26T13:34:46.399+0000] {logging_mixin.py:190} INFO - [2024-09-26T13:34:46.399+0000] {dagbag.py:588} INFO - Filling up the DagBag from /home/airflow/.local/lib/python3.12/site-packages/airflow/example_dags/example_dynamic_task_mapping.py
[2024-09-26T13:34:46.405+0000] {processor.py:925} INFO - DAG(s) 'example_dynamic_task_mapping' retrieved from /home/airflow/.local/lib/python3.12/site-packages/airflow/example_dags/example_dynamic_task_mapping.py
[2024-09-26T13:34:46.420+0000] {logging_mixin.py:190} INFO - [2024-09-26T13:34:46.420+0000] {dag.py:3239} INFO - Sync 1 DAGs
[2024-09-26T13:34:46.432+0000] {logging_mixin.py:190} INFO - [2024-09-26T13:34:46.432+0000] {dag.py:4180} INFO - Setting next_dagrun for example_dynamic_task_mapping to None, run_after=None
[2024-09-26T13:34:46.445+0000] {processor.py:208} INFO - Processing /home/airflow/.local/lib/python3.12/site-packages/airflow/example_dags/example_dynamic_task_mapping.py took 0.053 seconds
[2024-09-26T13:35:17.390+0000] {processor.py:186} INFO - Started process (PID=22033) to work on /home/airflow/.local/lib/python3.12/site-packages/airflow/example_dags/example_dynamic_task_mapping.py
[2024-09-26T13:35:17.391+0000] {processor.py:914} INFO - Processing file /home/airflow/.local/lib/python3.12/site-packages/airflow/example_dags/example_dynamic_task_mapping.py for tasks to queue
[2024-09-26T13:35:17.393+0000] {logging_mixin.py:190} INFO - [2024-09-26T13:35:17.392+0000] {dagbag.py:588} INFO - Filling up the DagBag from /home/airflow/.local/lib/python3.12/site-packages/airflow/example_dags/example_dynamic_task_mapping.py
[2024-09-26T13:35:17.399+0000] {processor.py:925} INFO - DAG(s) 'example_dynamic_task_mapping' retrieved from /home/airflow/.local/lib/python3.12/site-packages/airflow/example_dags/example_dynamic_task_mapping.py
[2024-09-26T13:35:17.414+0000] {logging_mixin.py:190} INFO - [2024-09-26T13:35:17.413+0000] {dag.py:3239} INFO - Sync 1 DAGs
[2024-09-26T13:35:17.426+0000] {logging_mixin.py:190} INFO - [2024-09-26T13:35:17.426+0000] {dag.py:4180} INFO - Setting next_dagrun for example_dynamic_task_mapping to None, run_after=None
[2024-09-26T13:35:17.444+0000] {processor.py:208} INFO - Processing /home/airflow/.local/lib/python3.12/site-packages/airflow/example_dags/example_dynamic_task_mapping.py took 0.058 seconds
[2024-09-26T13:35:47.856+0000] {processor.py:186} INFO - Started process (PID=22319) to work on /home/airflow/.local/lib/python3.12/site-packages/airflow/example_dags/example_dynamic_task_mapping.py
[2024-09-26T13:35:47.857+0000] {processor.py:914} INFO - Processing file /home/airflow/.local/lib/python3.12/site-packages/airflow/example_dags/example_dynamic_task_mapping.py for tasks to queue
[2024-09-26T13:35:47.859+0000] {logging_mixin.py:190} INFO - [2024-09-26T13:35:47.859+0000] {dagbag.py:588} INFO - Filling up the DagBag from /home/airflow/.local/lib/python3.12/site-packages/airflow/example_dags/example_dynamic_task_mapping.py
[2024-09-26T13:35:47.865+0000] {processor.py:925} INFO - DAG(s) 'example_dynamic_task_mapping' retrieved from /home/airflow/.local/lib/python3.12/site-packages/airflow/example_dags/example_dynamic_task_mapping.py
[2024-09-26T13:35:47.880+0000] {logging_mixin.py:190} INFO - [2024-09-26T13:35:47.880+0000] {dag.py:3239} INFO - Sync 1 DAGs
[2024-09-26T13:35:47.893+0000] {logging_mixin.py:190} INFO - [2024-09-26T13:35:47.893+0000] {dag.py:4180} INFO - Setting next_dagrun for example_dynamic_task_mapping to None, run_after=None
[2024-09-26T13:35:47.906+0000] {processor.py:208} INFO - Processing /home/airflow/.local/lib/python3.12/site-packages/airflow/example_dags/example_dynamic_task_mapping.py took 0.055 seconds
[2024-09-26T13:36:17.997+0000] {processor.py:186} INFO - Started process (PID=22605) to work on /home/airflow/.local/lib/python3.12/site-packages/airflow/example_dags/example_dynamic_task_mapping.py
[2024-09-26T13:36:17.997+0000] {processor.py:914} INFO - Processing file /home/airflow/.local/lib/python3.12/site-packages/airflow/example_dags/example_dynamic_task_mapping.py for tasks to queue
[2024-09-26T13:36:17.999+0000] {logging_mixin.py:190} INFO - [2024-09-26T13:36:17.999+0000] {dagbag.py:588} INFO - Filling up the DagBag from /home/airflow/.local/lib/python3.12/site-packages/airflow/example_dags/example_dynamic_task_mapping.py
[2024-09-26T13:36:18.005+0000] {processor.py:925} INFO - DAG(s) 'example_dynamic_task_mapping' retrieved from /home/airflow/.local/lib/python3.12/site-packages/airflow/example_dags/example_dynamic_task_mapping.py
[2024-09-26T13:36:18.020+0000] {logging_mixin.py:190} INFO - [2024-09-26T13:36:18.020+0000] {dag.py:3239} INFO - Sync 1 DAGs
[2024-09-26T13:36:18.032+0000] {logging_mixin.py:190} INFO - [2024-09-26T13:36:18.032+0000] {dag.py:4180} INFO - Setting next_dagrun for example_dynamic_task_mapping to None, run_after=None
[2024-09-26T13:36:18.047+0000] {processor.py:208} INFO - Processing /home/airflow/.local/lib/python3.12/site-packages/airflow/example_dags/example_dynamic_task_mapping.py took 0.055 seconds
[2024-09-26T13:36:48.224+0000] {processor.py:186} INFO - Started process (PID=22896) to work on /home/airflow/.local/lib/python3.12/site-packages/airflow/example_dags/example_dynamic_task_mapping.py
[2024-09-26T13:36:48.225+0000] {processor.py:914} INFO - Processing file /home/airflow/.local/lib/python3.12/site-packages/airflow/example_dags/example_dynamic_task_mapping.py for tasks to queue
[2024-09-26T13:36:48.226+0000] {logging_mixin.py:190} INFO - [2024-09-26T13:36:48.226+0000] {dagbag.py:588} INFO - Filling up the DagBag from /home/airflow/.local/lib/python3.12/site-packages/airflow/example_dags/example_dynamic_task_mapping.py
[2024-09-26T13:36:48.232+0000] {processor.py:925} INFO - DAG(s) 'example_dynamic_task_mapping' retrieved from /home/airflow/.local/lib/python3.12/site-packages/airflow/example_dags/example_dynamic_task_mapping.py
[2024-09-26T13:36:48.246+0000] {logging_mixin.py:190} INFO - [2024-09-26T13:36:48.246+0000] {dag.py:3239} INFO - Sync 1 DAGs
[2024-09-26T13:36:48.259+0000] {logging_mixin.py:190} INFO - [2024-09-26T13:36:48.259+0000] {dag.py:4180} INFO - Setting next_dagrun for example_dynamic_task_mapping to None, run_after=None
[2024-09-26T13:36:48.274+0000] {processor.py:208} INFO - Processing /home/airflow/.local/lib/python3.12/site-packages/airflow/example_dags/example_dynamic_task_mapping.py took 0.055 seconds
[2024-09-26T13:37:18.496+0000] {processor.py:186} INFO - Started process (PID=23187) to work on /home/airflow/.local/lib/python3.12/site-packages/airflow/example_dags/example_dynamic_task_mapping.py
[2024-09-26T13:37:18.496+0000] {processor.py:914} INFO - Processing file /home/airflow/.local/lib/python3.12/site-packages/airflow/example_dags/example_dynamic_task_mapping.py for tasks to queue
[2024-09-26T13:37:18.498+0000] {logging_mixin.py:190} INFO - [2024-09-26T13:37:18.498+0000] {dagbag.py:588} INFO - Filling up the DagBag from /home/airflow/.local/lib/python3.12/site-packages/airflow/example_dags/example_dynamic_task_mapping.py
[2024-09-26T13:37:18.504+0000] {processor.py:925} INFO - DAG(s) 'example_dynamic_task_mapping' retrieved from /home/airflow/.local/lib/python3.12/site-packages/airflow/example_dags/example_dynamic_task_mapping.py
[2024-09-26T13:37:18.520+0000] {logging_mixin.py:190} INFO - [2024-09-26T13:37:18.519+0000] {dag.py:3239} INFO - Sync 1 DAGs
[2024-09-26T13:37:18.532+0000] {logging_mixin.py:190} INFO - [2024-09-26T13:37:18.532+0000] {dag.py:4180} INFO - Setting next_dagrun for example_dynamic_task_mapping to None, run_after=None
[2024-09-26T13:37:18.549+0000] {processor.py:208} INFO - Processing /home/airflow/.local/lib/python3.12/site-packages/airflow/example_dags/example_dynamic_task_mapping.py took 0.058 seconds
[2024-09-26T13:37:48.819+0000] {processor.py:186} INFO - Started process (PID=23478) to work on /home/airflow/.local/lib/python3.12/site-packages/airflow/example_dags/example_dynamic_task_mapping.py
[2024-09-26T13:37:48.819+0000] {processor.py:914} INFO - Processing file /home/airflow/.local/lib/python3.12/site-packages/airflow/example_dags/example_dynamic_task_mapping.py for tasks to queue
[2024-09-26T13:37:48.821+0000] {logging_mixin.py:190} INFO - [2024-09-26T13:37:48.821+0000] {dagbag.py:588} INFO - Filling up the DagBag from /home/airflow/.local/lib/python3.12/site-packages/airflow/example_dags/example_dynamic_task_mapping.py
[2024-09-26T13:37:48.827+0000] {processor.py:925} INFO - DAG(s) 'example_dynamic_task_mapping' retrieved from /home/airflow/.local/lib/python3.12/site-packages/airflow/example_dags/example_dynamic_task_mapping.py
[2024-09-26T13:37:48.842+0000] {logging_mixin.py:190} INFO - [2024-09-26T13:37:48.842+0000] {dag.py:3239} INFO - Sync 1 DAGs
[2024-09-26T13:37:48.854+0000] {logging_mixin.py:190} INFO - [2024-09-26T13:37:48.854+0000] {dag.py:4180} INFO - Setting next_dagrun for example_dynamic_task_mapping to None, run_after=None
[2024-09-26T13:37:48.869+0000] {processor.py:208} INFO - Processing /home/airflow/.local/lib/python3.12/site-packages/airflow/example_dags/example_dynamic_task_mapping.py took 0.055 seconds
[2024-09-26T13:38:18.902+0000] {processor.py:186} INFO - Started process (PID=23769) to work on /home/airflow/.local/lib/python3.12/site-packages/airflow/example_dags/example_dynamic_task_mapping.py
[2024-09-26T13:38:18.903+0000] {processor.py:914} INFO - Processing file /home/airflow/.local/lib/python3.12/site-packages/airflow/example_dags/example_dynamic_task_mapping.py for tasks to queue
[2024-09-26T13:38:18.905+0000] {logging_mixin.py:190} INFO - [2024-09-26T13:38:18.905+0000] {dagbag.py:588} INFO - Filling up the DagBag from /home/airflow/.local/lib/python3.12/site-packages/airflow/example_dags/example_dynamic_task_mapping.py
[2024-09-26T13:38:18.911+0000] {processor.py:925} INFO - DAG(s) 'example_dynamic_task_mapping' retrieved from /home/airflow/.local/lib/python3.12/site-packages/airflow/example_dags/example_dynamic_task_mapping.py
[2024-09-26T13:38:18.926+0000] {logging_mixin.py:190} INFO - [2024-09-26T13:38:18.926+0000] {dag.py:3239} INFO - Sync 1 DAGs
[2024-09-26T13:38:18.939+0000] {logging_mixin.py:190} INFO - [2024-09-26T13:38:18.939+0000] {dag.py:4180} INFO - Setting next_dagrun for example_dynamic_task_mapping to None, run_after=None
[2024-09-26T13:38:18.956+0000] {processor.py:208} INFO - Processing /home/airflow/.local/lib/python3.12/site-packages/airflow/example_dags/example_dynamic_task_mapping.py took 0.059 seconds
[2024-09-26T13:38:49.125+0000] {processor.py:186} INFO - Started process (PID=24060) to work on /home/airflow/.local/lib/python3.12/site-packages/airflow/example_dags/example_dynamic_task_mapping.py
[2024-09-26T13:38:49.125+0000] {processor.py:914} INFO - Processing file /home/airflow/.local/lib/python3.12/site-packages/airflow/example_dags/example_dynamic_task_mapping.py for tasks to queue
[2024-09-26T13:38:49.127+0000] {logging_mixin.py:190} INFO - [2024-09-26T13:38:49.127+0000] {dagbag.py:588} INFO - Filling up the DagBag from /home/airflow/.local/lib/python3.12/site-packages/airflow/example_dags/example_dynamic_task_mapping.py
[2024-09-26T13:38:49.133+0000] {processor.py:925} INFO - DAG(s) 'example_dynamic_task_mapping' retrieved from /home/airflow/.local/lib/python3.12/site-packages/airflow/example_dags/example_dynamic_task_mapping.py
[2024-09-26T13:38:49.148+0000] {logging_mixin.py:190} INFO - [2024-09-26T13:38:49.148+0000] {dag.py:3239} INFO - Sync 1 DAGs
[2024-09-26T13:38:49.160+0000] {logging_mixin.py:190} INFO - [2024-09-26T13:38:49.160+0000] {dag.py:4180} INFO - Setting next_dagrun for example_dynamic_task_mapping to None, run_after=None
[2024-09-26T13:38:49.174+0000] {processor.py:208} INFO - Processing /home/airflow/.local/lib/python3.12/site-packages/airflow/example_dags/example_dynamic_task_mapping.py took 0.054 seconds
[2024-09-26T13:39:19.258+0000] {processor.py:186} INFO - Started process (PID=24351) to work on /home/airflow/.local/lib/python3.12/site-packages/airflow/example_dags/example_dynamic_task_mapping.py
[2024-09-26T13:39:19.259+0000] {processor.py:914} INFO - Processing file /home/airflow/.local/lib/python3.12/site-packages/airflow/example_dags/example_dynamic_task_mapping.py for tasks to queue
[2024-09-26T13:39:19.261+0000] {logging_mixin.py:190} INFO - [2024-09-26T13:39:19.261+0000] {dagbag.py:588} INFO - Filling up the DagBag from /home/airflow/.local/lib/python3.12/site-packages/airflow/example_dags/example_dynamic_task_mapping.py
[2024-09-26T13:39:19.268+0000] {processor.py:925} INFO - DAG(s) 'example_dynamic_task_mapping' retrieved from /home/airflow/.local/lib/python3.12/site-packages/airflow/example_dags/example_dynamic_task_mapping.py
[2024-09-26T13:39:19.283+0000] {logging_mixin.py:190} INFO - [2024-09-26T13:39:19.283+0000] {dag.py:3239} INFO - Sync 1 DAGs
[2024-09-26T13:39:19.296+0000] {logging_mixin.py:190} INFO - [2024-09-26T13:39:19.296+0000] {dag.py:4180} INFO - Setting next_dagrun for example_dynamic_task_mapping to None, run_after=None
[2024-09-26T13:39:19.313+0000] {processor.py:208} INFO - Processing /home/airflow/.local/lib/python3.12/site-packages/airflow/example_dags/example_dynamic_task_mapping.py took 0.059 seconds
[2024-09-26T13:39:49.483+0000] {processor.py:186} INFO - Started process (PID=24642) to work on /home/airflow/.local/lib/python3.12/site-packages/airflow/example_dags/example_dynamic_task_mapping.py
[2024-09-26T13:39:49.483+0000] {processor.py:914} INFO - Processing file /home/airflow/.local/lib/python3.12/site-packages/airflow/example_dags/example_dynamic_task_mapping.py for tasks to queue
[2024-09-26T13:39:49.485+0000] {logging_mixin.py:190} INFO - [2024-09-26T13:39:49.485+0000] {dagbag.py:588} INFO - Filling up the DagBag from /home/airflow/.local/lib/python3.12/site-packages/airflow/example_dags/example_dynamic_task_mapping.py
[2024-09-26T13:39:49.491+0000] {processor.py:925} INFO - DAG(s) 'example_dynamic_task_mapping' retrieved from /home/airflow/.local/lib/python3.12/site-packages/airflow/example_dags/example_dynamic_task_mapping.py
[2024-09-26T13:39:49.506+0000] {logging_mixin.py:190} INFO - [2024-09-26T13:39:49.506+0000] {dag.py:3239} INFO - Sync 1 DAGs
[2024-09-26T13:39:49.518+0000] {logging_mixin.py:190} INFO - [2024-09-26T13:39:49.518+0000] {dag.py:4180} INFO - Setting next_dagrun for example_dynamic_task_mapping to None, run_after=None
[2024-09-26T13:39:49.533+0000] {processor.py:208} INFO - Processing /home/airflow/.local/lib/python3.12/site-packages/airflow/example_dags/example_dynamic_task_mapping.py took 0.055 seconds
[2024-09-26T13:40:19.683+0000] {processor.py:186} INFO - Started process (PID=24933) to work on /home/airflow/.local/lib/python3.12/site-packages/airflow/example_dags/example_dynamic_task_mapping.py
[2024-09-26T13:40:19.683+0000] {processor.py:914} INFO - Processing file /home/airflow/.local/lib/python3.12/site-packages/airflow/example_dags/example_dynamic_task_mapping.py for tasks to queue
[2024-09-26T13:40:19.685+0000] {logging_mixin.py:190} INFO - [2024-09-26T13:40:19.685+0000] {dagbag.py:588} INFO - Filling up the DagBag from /home/airflow/.local/lib/python3.12/site-packages/airflow/example_dags/example_dynamic_task_mapping.py
[2024-09-26T13:40:19.691+0000] {processor.py:925} INFO - DAG(s) 'example_dynamic_task_mapping' retrieved from /home/airflow/.local/lib/python3.12/site-packages/airflow/example_dags/example_dynamic_task_mapping.py
[2024-09-26T13:40:19.706+0000] {logging_mixin.py:190} INFO - [2024-09-26T13:40:19.705+0000] {dag.py:3239} INFO - Sync 1 DAGs
[2024-09-26T13:40:19.717+0000] {logging_mixin.py:190} INFO - [2024-09-26T13:40:19.717+0000] {dag.py:4180} INFO - Setting next_dagrun for example_dynamic_task_mapping to None, run_after=None
[2024-09-26T13:40:19.733+0000] {processor.py:208} INFO - Processing /home/airflow/.local/lib/python3.12/site-packages/airflow/example_dags/example_dynamic_task_mapping.py took 0.054 seconds
[2024-09-26T13:40:49.980+0000] {processor.py:186} INFO - Started process (PID=25224) to work on /home/airflow/.local/lib/python3.12/site-packages/airflow/example_dags/example_dynamic_task_mapping.py
[2024-09-26T13:40:49.981+0000] {processor.py:914} INFO - Processing file /home/airflow/.local/lib/python3.12/site-packages/airflow/example_dags/example_dynamic_task_mapping.py for tasks to queue
[2024-09-26T13:40:49.982+0000] {logging_mixin.py:190} INFO - [2024-09-26T13:40:49.982+0000] {dagbag.py:588} INFO - Filling up the DagBag from /home/airflow/.local/lib/python3.12/site-packages/airflow/example_dags/example_dynamic_task_mapping.py
[2024-09-26T13:40:49.988+0000] {processor.py:925} INFO - DAG(s) 'example_dynamic_task_mapping' retrieved from /home/airflow/.local/lib/python3.12/site-packages/airflow/example_dags/example_dynamic_task_mapping.py
[2024-09-26T13:40:50.004+0000] {logging_mixin.py:190} INFO - [2024-09-26T13:40:50.003+0000] {dag.py:3239} INFO - Sync 1 DAGs
[2024-09-26T13:40:50.016+0000] {logging_mixin.py:190} INFO - [2024-09-26T13:40:50.016+0000] {dag.py:4180} INFO - Setting next_dagrun for example_dynamic_task_mapping to None, run_after=None
[2024-09-26T13:40:50.030+0000] {processor.py:208} INFO - Processing /home/airflow/.local/lib/python3.12/site-packages/airflow/example_dags/example_dynamic_task_mapping.py took 0.055 seconds
[2024-09-26T13:41:20.285+0000] {processor.py:186} INFO - Started process (PID=25515) to work on /home/airflow/.local/lib/python3.12/site-packages/airflow/example_dags/example_dynamic_task_mapping.py
[2024-09-26T13:41:20.286+0000] {processor.py:914} INFO - Processing file /home/airflow/.local/lib/python3.12/site-packages/airflow/example_dags/example_dynamic_task_mapping.py for tasks to queue
[2024-09-26T13:41:20.287+0000] {logging_mixin.py:190} INFO - [2024-09-26T13:41:20.287+0000] {dagbag.py:588} INFO - Filling up the DagBag from /home/airflow/.local/lib/python3.12/site-packages/airflow/example_dags/example_dynamic_task_mapping.py
[2024-09-26T13:41:20.294+0000] {processor.py:925} INFO - DAG(s) 'example_dynamic_task_mapping' retrieved from /home/airflow/.local/lib/python3.12/site-packages/airflow/example_dags/example_dynamic_task_mapping.py
[2024-09-26T13:41:20.309+0000] {logging_mixin.py:190} INFO - [2024-09-26T13:41:20.308+0000] {dag.py:3239} INFO - Sync 1 DAGs
[2024-09-26T13:41:20.321+0000] {logging_mixin.py:190} INFO - [2024-09-26T13:41:20.320+0000] {dag.py:4180} INFO - Setting next_dagrun for example_dynamic_task_mapping to None, run_after=None
[2024-09-26T13:41:20.335+0000] {processor.py:208} INFO - Processing /home/airflow/.local/lib/python3.12/site-packages/airflow/example_dags/example_dynamic_task_mapping.py took 0.054 seconds
[2024-09-26T13:41:50.441+0000] {processor.py:186} INFO - Started process (PID=25806) to work on /home/airflow/.local/lib/python3.12/site-packages/airflow/example_dags/example_dynamic_task_mapping.py
[2024-09-26T13:41:50.441+0000] {processor.py:914} INFO - Processing file /home/airflow/.local/lib/python3.12/site-packages/airflow/example_dags/example_dynamic_task_mapping.py for tasks to queue
[2024-09-26T13:41:50.443+0000] {logging_mixin.py:190} INFO - [2024-09-26T13:41:50.443+0000] {dagbag.py:588} INFO - Filling up the DagBag from /home/airflow/.local/lib/python3.12/site-packages/airflow/example_dags/example_dynamic_task_mapping.py
[2024-09-26T13:41:50.449+0000] {processor.py:925} INFO - DAG(s) 'example_dynamic_task_mapping' retrieved from /home/airflow/.local/lib/python3.12/site-packages/airflow/example_dags/example_dynamic_task_mapping.py
[2024-09-26T13:41:50.464+0000] {logging_mixin.py:190} INFO - [2024-09-26T13:41:50.464+0000] {dag.py:3239} INFO - Sync 1 DAGs
[2024-09-26T13:41:50.477+0000] {logging_mixin.py:190} INFO - [2024-09-26T13:41:50.476+0000] {dag.py:4180} INFO - Setting next_dagrun for example_dynamic_task_mapping to None, run_after=None
[2024-09-26T13:41:50.491+0000] {processor.py:208} INFO - Processing /home/airflow/.local/lib/python3.12/site-packages/airflow/example_dags/example_dynamic_task_mapping.py took 0.054 seconds
[2024-09-26T13:42:20.926+0000] {processor.py:186} INFO - Started process (PID=26097) to work on /home/airflow/.local/lib/python3.12/site-packages/airflow/example_dags/example_dynamic_task_mapping.py
[2024-09-26T13:42:20.927+0000] {processor.py:914} INFO - Processing file /home/airflow/.local/lib/python3.12/site-packages/airflow/example_dags/example_dynamic_task_mapping.py for tasks to queue
[2024-09-26T13:42:20.928+0000] {logging_mixin.py:190} INFO - [2024-09-26T13:42:20.928+0000] {dagbag.py:588} INFO - Filling up the DagBag from /home/airflow/.local/lib/python3.12/site-packages/airflow/example_dags/example_dynamic_task_mapping.py
[2024-09-26T13:42:20.934+0000] {processor.py:925} INFO - DAG(s) 'example_dynamic_task_mapping' retrieved from /home/airflow/.local/lib/python3.12/site-packages/airflow/example_dags/example_dynamic_task_mapping.py
[2024-09-26T13:42:20.950+0000] {logging_mixin.py:190} INFO - [2024-09-26T13:42:20.950+0000] {dag.py:3239} INFO - Sync 1 DAGs
[2024-09-26T13:42:20.963+0000] {logging_mixin.py:190} INFO - [2024-09-26T13:42:20.962+0000] {dag.py:4180} INFO - Setting next_dagrun for example_dynamic_task_mapping to None, run_after=None
[2024-09-26T13:42:20.978+0000] {processor.py:208} INFO - Processing /home/airflow/.local/lib/python3.12/site-packages/airflow/example_dags/example_dynamic_task_mapping.py took 0.057 seconds
[2024-09-26T13:42:51.258+0000] {processor.py:186} INFO - Started process (PID=26388) to work on /home/airflow/.local/lib/python3.12/site-packages/airflow/example_dags/example_dynamic_task_mapping.py
[2024-09-26T13:42:51.259+0000] {processor.py:914} INFO - Processing file /home/airflow/.local/lib/python3.12/site-packages/airflow/example_dags/example_dynamic_task_mapping.py for tasks to queue
[2024-09-26T13:42:51.260+0000] {logging_mixin.py:190} INFO - [2024-09-26T13:42:51.260+0000] {dagbag.py:588} INFO - Filling up the DagBag from /home/airflow/.local/lib/python3.12/site-packages/airflow/example_dags/example_dynamic_task_mapping.py
[2024-09-26T13:42:51.266+0000] {processor.py:925} INFO - DAG(s) 'example_dynamic_task_mapping' retrieved from /home/airflow/.local/lib/python3.12/site-packages/airflow/example_dags/example_dynamic_task_mapping.py
[2024-09-26T13:42:51.281+0000] {logging_mixin.py:190} INFO - [2024-09-26T13:42:51.281+0000] {dag.py:3239} INFO - Sync 1 DAGs
[2024-09-26T13:42:51.294+0000] {logging_mixin.py:190} INFO - [2024-09-26T13:42:51.294+0000] {dag.py:4180} INFO - Setting next_dagrun for example_dynamic_task_mapping to None, run_after=None
[2024-09-26T13:42:51.309+0000] {processor.py:208} INFO - Processing /home/airflow/.local/lib/python3.12/site-packages/airflow/example_dags/example_dynamic_task_mapping.py took 0.056 seconds
[2024-09-26T13:43:21.399+0000] {processor.py:186} INFO - Started process (PID=26679) to work on /home/airflow/.local/lib/python3.12/site-packages/airflow/example_dags/example_dynamic_task_mapping.py
[2024-09-26T13:43:21.400+0000] {processor.py:914} INFO - Processing file /home/airflow/.local/lib/python3.12/site-packages/airflow/example_dags/example_dynamic_task_mapping.py for tasks to queue
[2024-09-26T13:43:21.401+0000] {logging_mixin.py:190} INFO - [2024-09-26T13:43:21.401+0000] {dagbag.py:588} INFO - Filling up the DagBag from /home/airflow/.local/lib/python3.12/site-packages/airflow/example_dags/example_dynamic_task_mapping.py
[2024-09-26T13:43:21.407+0000] {processor.py:925} INFO - DAG(s) 'example_dynamic_task_mapping' retrieved from /home/airflow/.local/lib/python3.12/site-packages/airflow/example_dags/example_dynamic_task_mapping.py
[2024-09-26T13:43:21.422+0000] {logging_mixin.py:190} INFO - [2024-09-26T13:43:21.422+0000] {dag.py:3239} INFO - Sync 1 DAGs
[2024-09-26T13:43:21.434+0000] {logging_mixin.py:190} INFO - [2024-09-26T13:43:21.434+0000] {dag.py:4180} INFO - Setting next_dagrun for example_dynamic_task_mapping to None, run_after=None
[2024-09-26T13:43:21.451+0000] {processor.py:208} INFO - Processing /home/airflow/.local/lib/python3.12/site-packages/airflow/example_dags/example_dynamic_task_mapping.py took 0.056 seconds
[2024-09-26T13:43:51.627+0000] {processor.py:186} INFO - Started process (PID=26970) to work on /home/airflow/.local/lib/python3.12/site-packages/airflow/example_dags/example_dynamic_task_mapping.py
[2024-09-26T13:43:51.628+0000] {processor.py:914} INFO - Processing file /home/airflow/.local/lib/python3.12/site-packages/airflow/example_dags/example_dynamic_task_mapping.py for tasks to queue
[2024-09-26T13:43:51.629+0000] {logging_mixin.py:190} INFO - [2024-09-26T13:43:51.629+0000] {dagbag.py:588} INFO - Filling up the DagBag from /home/airflow/.local/lib/python3.12/site-packages/airflow/example_dags/example_dynamic_task_mapping.py
[2024-09-26T13:43:51.635+0000] {processor.py:925} INFO - DAG(s) 'example_dynamic_task_mapping' retrieved from /home/airflow/.local/lib/python3.12/site-packages/airflow/example_dags/example_dynamic_task_mapping.py
[2024-09-26T13:43:51.650+0000] {logging_mixin.py:190} INFO - [2024-09-26T13:43:51.649+0000] {dag.py:3239} INFO - Sync 1 DAGs
[2024-09-26T13:43:51.662+0000] {logging_mixin.py:190} INFO - [2024-09-26T13:43:51.662+0000] {dag.py:4180} INFO - Setting next_dagrun for example_dynamic_task_mapping to None, run_after=None
[2024-09-26T13:43:51.676+0000] {processor.py:208} INFO - Processing /home/airflow/.local/lib/python3.12/site-packages/airflow/example_dags/example_dynamic_task_mapping.py took 0.053 seconds
[2024-09-26T13:44:21.838+0000] {processor.py:186} INFO - Started process (PID=27261) to work on /home/airflow/.local/lib/python3.12/site-packages/airflow/example_dags/example_dynamic_task_mapping.py
[2024-09-26T13:44:21.839+0000] {processor.py:914} INFO - Processing file /home/airflow/.local/lib/python3.12/site-packages/airflow/example_dags/example_dynamic_task_mapping.py for tasks to queue
[2024-09-26T13:44:21.840+0000] {logging_mixin.py:190} INFO - [2024-09-26T13:44:21.840+0000] {dagbag.py:588} INFO - Filling up the DagBag from /home/airflow/.local/lib/python3.12/site-packages/airflow/example_dags/example_dynamic_task_mapping.py
[2024-09-26T13:44:21.846+0000] {processor.py:925} INFO - DAG(s) 'example_dynamic_task_mapping' retrieved from /home/airflow/.local/lib/python3.12/site-packages/airflow/example_dags/example_dynamic_task_mapping.py
[2024-09-26T13:44:21.861+0000] {logging_mixin.py:190} INFO - [2024-09-26T13:44:21.861+0000] {dag.py:3239} INFO - Sync 1 DAGs
[2024-09-26T13:44:21.873+0000] {logging_mixin.py:190} INFO - [2024-09-26T13:44:21.873+0000] {dag.py:4180} INFO - Setting next_dagrun for example_dynamic_task_mapping to None, run_after=None
[2024-09-26T13:44:21.887+0000] {processor.py:208} INFO - Processing /home/airflow/.local/lib/python3.12/site-packages/airflow/example_dags/example_dynamic_task_mapping.py took 0.054 seconds
[2024-09-26T13:44:52.092+0000] {processor.py:186} INFO - Started process (PID=27552) to work on /home/airflow/.local/lib/python3.12/site-packages/airflow/example_dags/example_dynamic_task_mapping.py
[2024-09-26T13:44:52.093+0000] {processor.py:914} INFO - Processing file /home/airflow/.local/lib/python3.12/site-packages/airflow/example_dags/example_dynamic_task_mapping.py for tasks to queue
[2024-09-26T13:44:52.095+0000] {logging_mixin.py:190} INFO - [2024-09-26T13:44:52.095+0000] {dagbag.py:588} INFO - Filling up the DagBag from /home/airflow/.local/lib/python3.12/site-packages/airflow/example_dags/example_dynamic_task_mapping.py
[2024-09-26T13:44:52.101+0000] {processor.py:925} INFO - DAG(s) 'example_dynamic_task_mapping' retrieved from /home/airflow/.local/lib/python3.12/site-packages/airflow/example_dags/example_dynamic_task_mapping.py
[2024-09-26T13:44:52.116+0000] {logging_mixin.py:190} INFO - [2024-09-26T13:44:52.116+0000] {dag.py:3239} INFO - Sync 1 DAGs
[2024-09-26T13:44:52.128+0000] {logging_mixin.py:190} INFO - [2024-09-26T13:44:52.128+0000] {dag.py:4180} INFO - Setting next_dagrun for example_dynamic_task_mapping to None, run_after=None
[2024-09-26T13:44:52.142+0000] {processor.py:208} INFO - Processing /home/airflow/.local/lib/python3.12/site-packages/airflow/example_dags/example_dynamic_task_mapping.py took 0.054 seconds
[2024-09-26T13:45:23.075+0000] {processor.py:186} INFO - Started process (PID=27844) to work on /home/airflow/.local/lib/python3.12/site-packages/airflow/example_dags/example_dynamic_task_mapping.py
[2024-09-26T13:45:23.076+0000] {processor.py:914} INFO - Processing file /home/airflow/.local/lib/python3.12/site-packages/airflow/example_dags/example_dynamic_task_mapping.py for tasks to queue
[2024-09-26T13:45:23.078+0000] {logging_mixin.py:190} INFO - [2024-09-26T13:45:23.077+0000] {dagbag.py:588} INFO - Filling up the DagBag from /home/airflow/.local/lib/python3.12/site-packages/airflow/example_dags/example_dynamic_task_mapping.py
[2024-09-26T13:45:23.084+0000] {processor.py:925} INFO - DAG(s) 'example_dynamic_task_mapping' retrieved from /home/airflow/.local/lib/python3.12/site-packages/airflow/example_dags/example_dynamic_task_mapping.py
[2024-09-26T13:45:23.099+0000] {logging_mixin.py:190} INFO - [2024-09-26T13:45:23.099+0000] {dag.py:3239} INFO - Sync 1 DAGs
[2024-09-26T13:45:23.111+0000] {logging_mixin.py:190} INFO - [2024-09-26T13:45:23.111+0000] {dag.py:4180} INFO - Setting next_dagrun for example_dynamic_task_mapping to None, run_after=None
[2024-09-26T13:45:23.125+0000] {processor.py:208} INFO - Processing /home/airflow/.local/lib/python3.12/site-packages/airflow/example_dags/example_dynamic_task_mapping.py took 0.054 seconds
[2024-09-26T13:45:54.004+0000] {processor.py:186} INFO - Started process (PID=28135) to work on /home/airflow/.local/lib/python3.12/site-packages/airflow/example_dags/example_dynamic_task_mapping.py
[2024-09-26T13:45:54.004+0000] {processor.py:914} INFO - Processing file /home/airflow/.local/lib/python3.12/site-packages/airflow/example_dags/example_dynamic_task_mapping.py for tasks to queue
[2024-09-26T13:45:54.006+0000] {logging_mixin.py:190} INFO - [2024-09-26T13:45:54.006+0000] {dagbag.py:588} INFO - Filling up the DagBag from /home/airflow/.local/lib/python3.12/site-packages/airflow/example_dags/example_dynamic_task_mapping.py
[2024-09-26T13:45:54.012+0000] {processor.py:925} INFO - DAG(s) 'example_dynamic_task_mapping' retrieved from /home/airflow/.local/lib/python3.12/site-packages/airflow/example_dags/example_dynamic_task_mapping.py
[2024-09-26T13:45:54.028+0000] {logging_mixin.py:190} INFO - [2024-09-26T13:45:54.028+0000] {dag.py:3239} INFO - Sync 1 DAGs
[2024-09-26T13:45:54.040+0000] {logging_mixin.py:190} INFO - [2024-09-26T13:45:54.040+0000] {dag.py:4180} INFO - Setting next_dagrun for example_dynamic_task_mapping to None, run_after=None
[2024-09-26T13:45:54.057+0000] {processor.py:208} INFO - Processing /home/airflow/.local/lib/python3.12/site-packages/airflow/example_dags/example_dynamic_task_mapping.py took 0.058 seconds
[2024-09-26T13:46:24.338+0000] {processor.py:186} INFO - Started process (PID=28426) to work on /home/airflow/.local/lib/python3.12/site-packages/airflow/example_dags/example_dynamic_task_mapping.py
[2024-09-26T13:46:24.339+0000] {processor.py:914} INFO - Processing file /home/airflow/.local/lib/python3.12/site-packages/airflow/example_dags/example_dynamic_task_mapping.py for tasks to queue
[2024-09-26T13:46:24.341+0000] {logging_mixin.py:190} INFO - [2024-09-26T13:46:24.341+0000] {dagbag.py:588} INFO - Filling up the DagBag from /home/airflow/.local/lib/python3.12/site-packages/airflow/example_dags/example_dynamic_task_mapping.py
[2024-09-26T13:46:24.349+0000] {processor.py:925} INFO - DAG(s) 'example_dynamic_task_mapping' retrieved from /home/airflow/.local/lib/python3.12/site-packages/airflow/example_dags/example_dynamic_task_mapping.py
[2024-09-26T13:46:24.365+0000] {logging_mixin.py:190} INFO - [2024-09-26T13:46:24.365+0000] {dag.py:3239} INFO - Sync 1 DAGs
[2024-09-26T13:46:24.378+0000] {logging_mixin.py:190} INFO - [2024-09-26T13:46:24.378+0000] {dag.py:4180} INFO - Setting next_dagrun for example_dynamic_task_mapping to None, run_after=None
[2024-09-26T13:46:24.393+0000] {processor.py:208} INFO - Processing /home/airflow/.local/lib/python3.12/site-packages/airflow/example_dags/example_dynamic_task_mapping.py took 0.061 seconds
[2024-09-26T13:46:54.527+0000] {processor.py:186} INFO - Started process (PID=28717) to work on /home/airflow/.local/lib/python3.12/site-packages/airflow/example_dags/example_dynamic_task_mapping.py
[2024-09-26T13:46:54.527+0000] {processor.py:914} INFO - Processing file /home/airflow/.local/lib/python3.12/site-packages/airflow/example_dags/example_dynamic_task_mapping.py for tasks to queue
[2024-09-26T13:46:54.529+0000] {logging_mixin.py:190} INFO - [2024-09-26T13:46:54.529+0000] {dagbag.py:588} INFO - Filling up the DagBag from /home/airflow/.local/lib/python3.12/site-packages/airflow/example_dags/example_dynamic_task_mapping.py
[2024-09-26T13:46:54.535+0000] {processor.py:925} INFO - DAG(s) 'example_dynamic_task_mapping' retrieved from /home/airflow/.local/lib/python3.12/site-packages/airflow/example_dags/example_dynamic_task_mapping.py
[2024-09-26T13:46:54.550+0000] {logging_mixin.py:190} INFO - [2024-09-26T13:46:54.549+0000] {dag.py:3239} INFO - Sync 1 DAGs
[2024-09-26T13:46:54.562+0000] {logging_mixin.py:190} INFO - [2024-09-26T13:46:54.561+0000] {dag.py:4180} INFO - Setting next_dagrun for example_dynamic_task_mapping to None, run_after=None
[2024-09-26T13:46:54.577+0000] {processor.py:208} INFO - Processing /home/airflow/.local/lib/python3.12/site-packages/airflow/example_dags/example_dynamic_task_mapping.py took 0.055 seconds
[2024-09-26T13:47:24.707+0000] {processor.py:186} INFO - Started process (PID=29008) to work on /home/airflow/.local/lib/python3.12/site-packages/airflow/example_dags/example_dynamic_task_mapping.py
[2024-09-26T13:47:24.708+0000] {processor.py:914} INFO - Processing file /home/airflow/.local/lib/python3.12/site-packages/airflow/example_dags/example_dynamic_task_mapping.py for tasks to queue
[2024-09-26T13:47:24.709+0000] {logging_mixin.py:190} INFO - [2024-09-26T13:47:24.709+0000] {dagbag.py:588} INFO - Filling up the DagBag from /home/airflow/.local/lib/python3.12/site-packages/airflow/example_dags/example_dynamic_task_mapping.py
[2024-09-26T13:47:24.716+0000] {processor.py:925} INFO - DAG(s) 'example_dynamic_task_mapping' retrieved from /home/airflow/.local/lib/python3.12/site-packages/airflow/example_dags/example_dynamic_task_mapping.py
[2024-09-26T13:47:24.731+0000] {logging_mixin.py:190} INFO - [2024-09-26T13:47:24.731+0000] {dag.py:3239} INFO - Sync 1 DAGs
[2024-09-26T13:47:24.744+0000] {logging_mixin.py:190} INFO - [2024-09-26T13:47:24.743+0000] {dag.py:4180} INFO - Setting next_dagrun for example_dynamic_task_mapping to None, run_after=None
[2024-09-26T13:47:24.760+0000] {processor.py:208} INFO - Processing /home/airflow/.local/lib/python3.12/site-packages/airflow/example_dags/example_dynamic_task_mapping.py took 0.057 seconds
