[2024-09-26T12:56:34.442+0000] {processor.py:186} INFO - Started process (PID=436) to work on /home/airflow/.local/lib/python3.12/site-packages/airflow/example_dags/example_display_name.py
[2024-09-26T12:56:34.443+0000] {processor.py:914} INFO - Processing file /home/airflow/.local/lib/python3.12/site-packages/airflow/example_dags/example_display_name.py for tasks to queue
[2024-09-26T12:56:34.445+0000] {logging_mixin.py:190} INFO - [2024-09-26T12:56:34.445+0000] {dagbag.py:588} INFO - Filling up the DagBag from /home/airflow/.local/lib/python3.12/site-packages/airflow/example_dags/example_display_name.py
[2024-09-26T12:56:34.453+0000] {processor.py:925} INFO - DAG(s) 'example_display_name' retrieved from /home/airflow/.local/lib/python3.12/site-packages/airflow/example_dags/example_display_name.py
[2024-09-26T12:56:34.469+0000] {logging_mixin.py:190} INFO - [2024-09-26T12:56:34.469+0000] {dag.py:3239} INFO - Sync 1 DAGs
[2024-09-26T12:56:34.482+0000] {logging_mixin.py:190} INFO - [2024-09-26T12:56:34.481+0000] {dag.py:4180} INFO - Setting next_dagrun for example_display_name to None, run_after=None
[2024-09-26T12:56:34.496+0000] {processor.py:208} INFO - Processing /home/airflow/.local/lib/python3.12/site-packages/airflow/example_dags/example_display_name.py took 0.058 seconds
[2024-09-26T12:57:05.371+0000] {processor.py:186} INFO - Started process (PID=730) to work on /home/airflow/.local/lib/python3.12/site-packages/airflow/example_dags/example_display_name.py
[2024-09-26T12:57:05.372+0000] {processor.py:914} INFO - Processing file /home/airflow/.local/lib/python3.12/site-packages/airflow/example_dags/example_display_name.py for tasks to queue
[2024-09-26T12:57:05.373+0000] {logging_mixin.py:190} INFO - [2024-09-26T12:57:05.373+0000] {dagbag.py:588} INFO - Filling up the DagBag from /home/airflow/.local/lib/python3.12/site-packages/airflow/example_dags/example_display_name.py
[2024-09-26T12:57:05.378+0000] {processor.py:925} INFO - DAG(s) 'example_display_name' retrieved from /home/airflow/.local/lib/python3.12/site-packages/airflow/example_dags/example_display_name.py
[2024-09-26T12:57:05.392+0000] {logging_mixin.py:190} INFO - [2024-09-26T12:57:05.392+0000] {dag.py:3239} INFO - Sync 1 DAGs
[2024-09-26T12:57:05.404+0000] {logging_mixin.py:190} INFO - [2024-09-26T12:57:05.404+0000] {dag.py:4180} INFO - Setting next_dagrun for example_display_name to None, run_after=None
[2024-09-26T12:57:05.418+0000] {processor.py:208} INFO - Processing /home/airflow/.local/lib/python3.12/site-packages/airflow/example_dags/example_display_name.py took 0.052 seconds
[2024-09-26T12:57:36.295+0000] {processor.py:186} INFO - Started process (PID=1014) to work on /home/airflow/.local/lib/python3.12/site-packages/airflow/example_dags/example_display_name.py
[2024-09-26T12:57:36.296+0000] {processor.py:914} INFO - Processing file /home/airflow/.local/lib/python3.12/site-packages/airflow/example_dags/example_display_name.py for tasks to queue
[2024-09-26T12:57:36.297+0000] {logging_mixin.py:190} INFO - [2024-09-26T12:57:36.297+0000] {dagbag.py:588} INFO - Filling up the DagBag from /home/airflow/.local/lib/python3.12/site-packages/airflow/example_dags/example_display_name.py
[2024-09-26T12:57:36.304+0000] {processor.py:925} INFO - DAG(s) 'example_display_name' retrieved from /home/airflow/.local/lib/python3.12/site-packages/airflow/example_dags/example_display_name.py
[2024-09-26T12:57:36.319+0000] {logging_mixin.py:190} INFO - [2024-09-26T12:57:36.319+0000] {dag.py:3239} INFO - Sync 1 DAGs
[2024-09-26T12:57:36.331+0000] {logging_mixin.py:190} INFO - [2024-09-26T12:57:36.331+0000] {dag.py:4180} INFO - Setting next_dagrun for example_display_name to None, run_after=None
[2024-09-26T12:57:36.345+0000] {processor.py:208} INFO - Processing /home/airflow/.local/lib/python3.12/site-packages/airflow/example_dags/example_display_name.py took 0.055 seconds
[2024-09-26T12:58:06.487+0000] {processor.py:186} INFO - Started process (PID=1300) to work on /home/airflow/.local/lib/python3.12/site-packages/airflow/example_dags/example_display_name.py
[2024-09-26T12:58:06.487+0000] {processor.py:914} INFO - Processing file /home/airflow/.local/lib/python3.12/site-packages/airflow/example_dags/example_display_name.py for tasks to queue
[2024-09-26T12:58:06.489+0000] {logging_mixin.py:190} INFO - [2024-09-26T12:58:06.489+0000] {dagbag.py:588} INFO - Filling up the DagBag from /home/airflow/.local/lib/python3.12/site-packages/airflow/example_dags/example_display_name.py
[2024-09-26T12:58:06.496+0000] {processor.py:925} INFO - DAG(s) 'example_display_name' retrieved from /home/airflow/.local/lib/python3.12/site-packages/airflow/example_dags/example_display_name.py
[2024-09-26T12:58:06.520+0000] {logging_mixin.py:190} INFO - [2024-09-26T12:58:06.520+0000] {dag.py:3239} INFO - Sync 1 DAGs
[2024-09-26T12:58:06.536+0000] {logging_mixin.py:190} INFO - [2024-09-26T12:58:06.536+0000] {dag.py:4180} INFO - Setting next_dagrun for example_display_name to None, run_after=None
[2024-09-26T12:58:06.555+0000] {processor.py:208} INFO - Processing /home/airflow/.local/lib/python3.12/site-packages/airflow/example_dags/example_display_name.py took 0.073 seconds
[2024-09-26T12:58:37.565+0000] {processor.py:186} INFO - Started process (PID=1586) to work on /home/airflow/.local/lib/python3.12/site-packages/airflow/example_dags/example_display_name.py
[2024-09-26T12:58:37.566+0000] {processor.py:914} INFO - Processing file /home/airflow/.local/lib/python3.12/site-packages/airflow/example_dags/example_display_name.py for tasks to queue
[2024-09-26T12:58:37.567+0000] {logging_mixin.py:190} INFO - [2024-09-26T12:58:37.567+0000] {dagbag.py:588} INFO - Filling up the DagBag from /home/airflow/.local/lib/python3.12/site-packages/airflow/example_dags/example_display_name.py
[2024-09-26T12:58:37.573+0000] {processor.py:925} INFO - DAG(s) 'example_display_name' retrieved from /home/airflow/.local/lib/python3.12/site-packages/airflow/example_dags/example_display_name.py
[2024-09-26T12:58:37.588+0000] {logging_mixin.py:190} INFO - [2024-09-26T12:58:37.588+0000] {dag.py:3239} INFO - Sync 1 DAGs
[2024-09-26T12:58:37.601+0000] {logging_mixin.py:190} INFO - [2024-09-26T12:58:37.601+0000] {dag.py:4180} INFO - Setting next_dagrun for example_display_name to None, run_after=None
[2024-09-26T12:58:37.616+0000] {processor.py:208} INFO - Processing /home/airflow/.local/lib/python3.12/site-packages/airflow/example_dags/example_display_name.py took 0.056 seconds
[2024-09-26T12:59:08.463+0000] {processor.py:186} INFO - Started process (PID=1872) to work on /home/airflow/.local/lib/python3.12/site-packages/airflow/example_dags/example_display_name.py
[2024-09-26T12:59:08.464+0000] {processor.py:914} INFO - Processing file /home/airflow/.local/lib/python3.12/site-packages/airflow/example_dags/example_display_name.py for tasks to queue
[2024-09-26T12:59:08.465+0000] {logging_mixin.py:190} INFO - [2024-09-26T12:59:08.465+0000] {dagbag.py:588} INFO - Filling up the DagBag from /home/airflow/.local/lib/python3.12/site-packages/airflow/example_dags/example_display_name.py
[2024-09-26T12:59:08.471+0000] {processor.py:925} INFO - DAG(s) 'example_display_name' retrieved from /home/airflow/.local/lib/python3.12/site-packages/airflow/example_dags/example_display_name.py
[2024-09-26T12:59:08.485+0000] {logging_mixin.py:190} INFO - [2024-09-26T12:59:08.484+0000] {dag.py:3239} INFO - Sync 1 DAGs
[2024-09-26T12:59:08.497+0000] {logging_mixin.py:190} INFO - [2024-09-26T12:59:08.497+0000] {dag.py:4180} INFO - Setting next_dagrun for example_display_name to None, run_after=None
[2024-09-26T12:59:08.512+0000] {processor.py:208} INFO - Processing /home/airflow/.local/lib/python3.12/site-packages/airflow/example_dags/example_display_name.py took 0.053 seconds
[2024-09-26T12:59:39.458+0000] {processor.py:186} INFO - Started process (PID=2158) to work on /home/airflow/.local/lib/python3.12/site-packages/airflow/example_dags/example_display_name.py
[2024-09-26T12:59:39.459+0000] {processor.py:914} INFO - Processing file /home/airflow/.local/lib/python3.12/site-packages/airflow/example_dags/example_display_name.py for tasks to queue
[2024-09-26T12:59:39.461+0000] {logging_mixin.py:190} INFO - [2024-09-26T12:59:39.461+0000] {dagbag.py:588} INFO - Filling up the DagBag from /home/airflow/.local/lib/python3.12/site-packages/airflow/example_dags/example_display_name.py
[2024-09-26T12:59:39.467+0000] {processor.py:925} INFO - DAG(s) 'example_display_name' retrieved from /home/airflow/.local/lib/python3.12/site-packages/airflow/example_dags/example_display_name.py
[2024-09-26T12:59:39.481+0000] {logging_mixin.py:190} INFO - [2024-09-26T12:59:39.481+0000] {dag.py:3239} INFO - Sync 1 DAGs
[2024-09-26T12:59:39.494+0000] {logging_mixin.py:190} INFO - [2024-09-26T12:59:39.493+0000] {dag.py:4180} INFO - Setting next_dagrun for example_display_name to None, run_after=None
[2024-09-26T12:59:39.508+0000] {processor.py:208} INFO - Processing /home/airflow/.local/lib/python3.12/site-packages/airflow/example_dags/example_display_name.py took 0.055 seconds
[2024-09-26T13:00:10.430+0000] {processor.py:186} INFO - Started process (PID=2444) to work on /home/airflow/.local/lib/python3.12/site-packages/airflow/example_dags/example_display_name.py
[2024-09-26T13:00:10.431+0000] {processor.py:914} INFO - Processing file /home/airflow/.local/lib/python3.12/site-packages/airflow/example_dags/example_display_name.py for tasks to queue
[2024-09-26T13:00:10.433+0000] {logging_mixin.py:190} INFO - [2024-09-26T13:00:10.433+0000] {dagbag.py:588} INFO - Filling up the DagBag from /home/airflow/.local/lib/python3.12/site-packages/airflow/example_dags/example_display_name.py
[2024-09-26T13:00:10.440+0000] {processor.py:925} INFO - DAG(s) 'example_display_name' retrieved from /home/airflow/.local/lib/python3.12/site-packages/airflow/example_dags/example_display_name.py
[2024-09-26T13:00:10.456+0000] {logging_mixin.py:190} INFO - [2024-09-26T13:00:10.456+0000] {dag.py:3239} INFO - Sync 1 DAGs
[2024-09-26T13:00:10.469+0000] {logging_mixin.py:190} INFO - [2024-09-26T13:00:10.469+0000] {dag.py:4180} INFO - Setting next_dagrun for example_display_name to None, run_after=None
[2024-09-26T13:00:10.483+0000] {processor.py:208} INFO - Processing /home/airflow/.local/lib/python3.12/site-packages/airflow/example_dags/example_display_name.py took 0.059 seconds
[2024-09-26T13:00:41.319+0000] {processor.py:186} INFO - Started process (PID=2730) to work on /home/airflow/.local/lib/python3.12/site-packages/airflow/example_dags/example_display_name.py
[2024-09-26T13:00:41.319+0000] {processor.py:914} INFO - Processing file /home/airflow/.local/lib/python3.12/site-packages/airflow/example_dags/example_display_name.py for tasks to queue
[2024-09-26T13:00:41.321+0000] {logging_mixin.py:190} INFO - [2024-09-26T13:00:41.321+0000] {dagbag.py:588} INFO - Filling up the DagBag from /home/airflow/.local/lib/python3.12/site-packages/airflow/example_dags/example_display_name.py
[2024-09-26T13:00:41.326+0000] {processor.py:925} INFO - DAG(s) 'example_display_name' retrieved from /home/airflow/.local/lib/python3.12/site-packages/airflow/example_dags/example_display_name.py
[2024-09-26T13:00:41.340+0000] {logging_mixin.py:190} INFO - [2024-09-26T13:00:41.340+0000] {dag.py:3239} INFO - Sync 1 DAGs
[2024-09-26T13:00:41.352+0000] {logging_mixin.py:190} INFO - [2024-09-26T13:00:41.352+0000] {dag.py:4180} INFO - Setting next_dagrun for example_display_name to None, run_after=None
[2024-09-26T13:00:41.366+0000] {processor.py:208} INFO - Processing /home/airflow/.local/lib/python3.12/site-packages/airflow/example_dags/example_display_name.py took 0.051 seconds
[2024-09-26T13:01:12.146+0000] {processor.py:186} INFO - Started process (PID=3016) to work on /home/airflow/.local/lib/python3.12/site-packages/airflow/example_dags/example_display_name.py
[2024-09-26T13:01:12.147+0000] {processor.py:914} INFO - Processing file /home/airflow/.local/lib/python3.12/site-packages/airflow/example_dags/example_display_name.py for tasks to queue
[2024-09-26T13:01:12.149+0000] {logging_mixin.py:190} INFO - [2024-09-26T13:01:12.148+0000] {dagbag.py:588} INFO - Filling up the DagBag from /home/airflow/.local/lib/python3.12/site-packages/airflow/example_dags/example_display_name.py
[2024-09-26T13:01:12.154+0000] {processor.py:925} INFO - DAG(s) 'example_display_name' retrieved from /home/airflow/.local/lib/python3.12/site-packages/airflow/example_dags/example_display_name.py
[2024-09-26T13:01:12.168+0000] {logging_mixin.py:190} INFO - [2024-09-26T13:01:12.168+0000] {dag.py:3239} INFO - Sync 1 DAGs
[2024-09-26T13:01:12.181+0000] {logging_mixin.py:190} INFO - [2024-09-26T13:01:12.181+0000] {dag.py:4180} INFO - Setting next_dagrun for example_display_name to None, run_after=None
[2024-09-26T13:01:12.196+0000] {processor.py:208} INFO - Processing /home/airflow/.local/lib/python3.12/site-packages/airflow/example_dags/example_display_name.py took 0.054 seconds
[2024-09-26T13:01:43.041+0000] {processor.py:186} INFO - Started process (PID=3302) to work on /home/airflow/.local/lib/python3.12/site-packages/airflow/example_dags/example_display_name.py
[2024-09-26T13:01:43.042+0000] {processor.py:914} INFO - Processing file /home/airflow/.local/lib/python3.12/site-packages/airflow/example_dags/example_display_name.py for tasks to queue
[2024-09-26T13:01:43.043+0000] {logging_mixin.py:190} INFO - [2024-09-26T13:01:43.043+0000] {dagbag.py:588} INFO - Filling up the DagBag from /home/airflow/.local/lib/python3.12/site-packages/airflow/example_dags/example_display_name.py
[2024-09-26T13:01:43.049+0000] {processor.py:925} INFO - DAG(s) 'example_display_name' retrieved from /home/airflow/.local/lib/python3.12/site-packages/airflow/example_dags/example_display_name.py
[2024-09-26T13:01:43.062+0000] {logging_mixin.py:190} INFO - [2024-09-26T13:01:43.062+0000] {dag.py:3239} INFO - Sync 1 DAGs
[2024-09-26T13:01:43.074+0000] {logging_mixin.py:190} INFO - [2024-09-26T13:01:43.074+0000] {dag.py:4180} INFO - Setting next_dagrun for example_display_name to None, run_after=None
[2024-09-26T13:01:43.089+0000] {processor.py:208} INFO - Processing /home/airflow/.local/lib/python3.12/site-packages/airflow/example_dags/example_display_name.py took 0.053 seconds
[2024-09-26T13:02:13.845+0000] {processor.py:186} INFO - Started process (PID=3594) to work on /home/airflow/.local/lib/python3.12/site-packages/airflow/example_dags/example_display_name.py
[2024-09-26T13:02:13.846+0000] {processor.py:914} INFO - Processing file /home/airflow/.local/lib/python3.12/site-packages/airflow/example_dags/example_display_name.py for tasks to queue
[2024-09-26T13:02:13.848+0000] {logging_mixin.py:190} INFO - [2024-09-26T13:02:13.847+0000] {dagbag.py:588} INFO - Filling up the DagBag from /home/airflow/.local/lib/python3.12/site-packages/airflow/example_dags/example_display_name.py
[2024-09-26T13:02:13.853+0000] {processor.py:925} INFO - DAG(s) 'example_display_name' retrieved from /home/airflow/.local/lib/python3.12/site-packages/airflow/example_dags/example_display_name.py
[2024-09-26T13:02:13.867+0000] {logging_mixin.py:190} INFO - [2024-09-26T13:02:13.867+0000] {dag.py:3239} INFO - Sync 1 DAGs
[2024-09-26T13:02:13.879+0000] {logging_mixin.py:190} INFO - [2024-09-26T13:02:13.879+0000] {dag.py:4180} INFO - Setting next_dagrun for example_display_name to None, run_after=None
[2024-09-26T13:02:13.895+0000] {processor.py:208} INFO - Processing /home/airflow/.local/lib/python3.12/site-packages/airflow/example_dags/example_display_name.py took 0.054 seconds
[2024-09-26T13:02:44.718+0000] {processor.py:186} INFO - Started process (PID=3880) to work on /home/airflow/.local/lib/python3.12/site-packages/airflow/example_dags/example_display_name.py
[2024-09-26T13:02:44.719+0000] {processor.py:914} INFO - Processing file /home/airflow/.local/lib/python3.12/site-packages/airflow/example_dags/example_display_name.py for tasks to queue
[2024-09-26T13:02:44.721+0000] {logging_mixin.py:190} INFO - [2024-09-26T13:02:44.720+0000] {dagbag.py:588} INFO - Filling up the DagBag from /home/airflow/.local/lib/python3.12/site-packages/airflow/example_dags/example_display_name.py
[2024-09-26T13:02:44.726+0000] {processor.py:925} INFO - DAG(s) 'example_display_name' retrieved from /home/airflow/.local/lib/python3.12/site-packages/airflow/example_dags/example_display_name.py
[2024-09-26T13:02:44.740+0000] {logging_mixin.py:190} INFO - [2024-09-26T13:02:44.740+0000] {dag.py:3239} INFO - Sync 1 DAGs
[2024-09-26T13:02:44.752+0000] {logging_mixin.py:190} INFO - [2024-09-26T13:02:44.751+0000] {dag.py:4180} INFO - Setting next_dagrun for example_display_name to None, run_after=None
[2024-09-26T13:02:44.767+0000] {processor.py:208} INFO - Processing /home/airflow/.local/lib/python3.12/site-packages/airflow/example_dags/example_display_name.py took 0.053 seconds
[2024-09-26T13:03:15.626+0000] {processor.py:186} INFO - Started process (PID=4166) to work on /home/airflow/.local/lib/python3.12/site-packages/airflow/example_dags/example_display_name.py
[2024-09-26T13:03:15.627+0000] {processor.py:914} INFO - Processing file /home/airflow/.local/lib/python3.12/site-packages/airflow/example_dags/example_display_name.py for tasks to queue
[2024-09-26T13:03:15.629+0000] {logging_mixin.py:190} INFO - [2024-09-26T13:03:15.628+0000] {dagbag.py:588} INFO - Filling up the DagBag from /home/airflow/.local/lib/python3.12/site-packages/airflow/example_dags/example_display_name.py
[2024-09-26T13:03:15.634+0000] {processor.py:925} INFO - DAG(s) 'example_display_name' retrieved from /home/airflow/.local/lib/python3.12/site-packages/airflow/example_dags/example_display_name.py
[2024-09-26T13:03:15.648+0000] {logging_mixin.py:190} INFO - [2024-09-26T13:03:15.648+0000] {dag.py:3239} INFO - Sync 1 DAGs
[2024-09-26T13:03:15.661+0000] {logging_mixin.py:190} INFO - [2024-09-26T13:03:15.660+0000] {dag.py:4180} INFO - Setting next_dagrun for example_display_name to None, run_after=None
[2024-09-26T13:03:15.674+0000] {processor.py:208} INFO - Processing /home/airflow/.local/lib/python3.12/site-packages/airflow/example_dags/example_display_name.py took 0.052 seconds
[2024-09-26T13:03:46.573+0000] {processor.py:186} INFO - Started process (PID=4452) to work on /home/airflow/.local/lib/python3.12/site-packages/airflow/example_dags/example_display_name.py
[2024-09-26T13:03:46.574+0000] {processor.py:914} INFO - Processing file /home/airflow/.local/lib/python3.12/site-packages/airflow/example_dags/example_display_name.py for tasks to queue
[2024-09-26T13:03:46.575+0000] {logging_mixin.py:190} INFO - [2024-09-26T13:03:46.575+0000] {dagbag.py:588} INFO - Filling up the DagBag from /home/airflow/.local/lib/python3.12/site-packages/airflow/example_dags/example_display_name.py
[2024-09-26T13:03:46.581+0000] {processor.py:925} INFO - DAG(s) 'example_display_name' retrieved from /home/airflow/.local/lib/python3.12/site-packages/airflow/example_dags/example_display_name.py
[2024-09-26T13:03:46.595+0000] {logging_mixin.py:190} INFO - [2024-09-26T13:03:46.595+0000] {dag.py:3239} INFO - Sync 1 DAGs
[2024-09-26T13:03:46.607+0000] {logging_mixin.py:190} INFO - [2024-09-26T13:03:46.607+0000] {dag.py:4180} INFO - Setting next_dagrun for example_display_name to None, run_after=None
[2024-09-26T13:03:46.624+0000] {processor.py:208} INFO - Processing /home/airflow/.local/lib/python3.12/site-packages/airflow/example_dags/example_display_name.py took 0.056 seconds
[2024-09-26T13:04:17.533+0000] {processor.py:186} INFO - Started process (PID=4738) to work on /home/airflow/.local/lib/python3.12/site-packages/airflow/example_dags/example_display_name.py
[2024-09-26T13:04:17.534+0000] {processor.py:914} INFO - Processing file /home/airflow/.local/lib/python3.12/site-packages/airflow/example_dags/example_display_name.py for tasks to queue
[2024-09-26T13:04:17.536+0000] {logging_mixin.py:190} INFO - [2024-09-26T13:04:17.536+0000] {dagbag.py:588} INFO - Filling up the DagBag from /home/airflow/.local/lib/python3.12/site-packages/airflow/example_dags/example_display_name.py
[2024-09-26T13:04:17.542+0000] {processor.py:925} INFO - DAG(s) 'example_display_name' retrieved from /home/airflow/.local/lib/python3.12/site-packages/airflow/example_dags/example_display_name.py
[2024-09-26T13:04:17.556+0000] {logging_mixin.py:190} INFO - [2024-09-26T13:04:17.556+0000] {dag.py:3239} INFO - Sync 1 DAGs
[2024-09-26T13:04:17.568+0000] {logging_mixin.py:190} INFO - [2024-09-26T13:04:17.568+0000] {dag.py:4180} INFO - Setting next_dagrun for example_display_name to None, run_after=None
[2024-09-26T13:04:17.582+0000] {processor.py:208} INFO - Processing /home/airflow/.local/lib/python3.12/site-packages/airflow/example_dags/example_display_name.py took 0.054 seconds
[2024-09-26T13:04:48.607+0000] {processor.py:186} INFO - Started process (PID=5024) to work on /home/airflow/.local/lib/python3.12/site-packages/airflow/example_dags/example_display_name.py
[2024-09-26T13:04:48.607+0000] {processor.py:914} INFO - Processing file /home/airflow/.local/lib/python3.12/site-packages/airflow/example_dags/example_display_name.py for tasks to queue
[2024-09-26T13:04:48.609+0000] {logging_mixin.py:190} INFO - [2024-09-26T13:04:48.609+0000] {dagbag.py:588} INFO - Filling up the DagBag from /home/airflow/.local/lib/python3.12/site-packages/airflow/example_dags/example_display_name.py
[2024-09-26T13:04:48.615+0000] {processor.py:925} INFO - DAG(s) 'example_display_name' retrieved from /home/airflow/.local/lib/python3.12/site-packages/airflow/example_dags/example_display_name.py
[2024-09-26T13:04:48.629+0000] {logging_mixin.py:190} INFO - [2024-09-26T13:04:48.628+0000] {dag.py:3239} INFO - Sync 1 DAGs
[2024-09-26T13:04:48.641+0000] {logging_mixin.py:190} INFO - [2024-09-26T13:04:48.641+0000] {dag.py:4180} INFO - Setting next_dagrun for example_display_name to None, run_after=None
[2024-09-26T13:04:48.656+0000] {processor.py:208} INFO - Processing /home/airflow/.local/lib/python3.12/site-packages/airflow/example_dags/example_display_name.py took 0.055 seconds
[2024-09-26T13:05:18.775+0000] {processor.py:186} INFO - Started process (PID=5310) to work on /home/airflow/.local/lib/python3.12/site-packages/airflow/example_dags/example_display_name.py
[2024-09-26T13:05:18.775+0000] {processor.py:914} INFO - Processing file /home/airflow/.local/lib/python3.12/site-packages/airflow/example_dags/example_display_name.py for tasks to queue
[2024-09-26T13:05:18.777+0000] {logging_mixin.py:190} INFO - [2024-09-26T13:05:18.777+0000] {dagbag.py:588} INFO - Filling up the DagBag from /home/airflow/.local/lib/python3.12/site-packages/airflow/example_dags/example_display_name.py
[2024-09-26T13:05:18.784+0000] {processor.py:925} INFO - DAG(s) 'example_display_name' retrieved from /home/airflow/.local/lib/python3.12/site-packages/airflow/example_dags/example_display_name.py
[2024-09-26T13:05:18.799+0000] {logging_mixin.py:190} INFO - [2024-09-26T13:05:18.798+0000] {dag.py:3239} INFO - Sync 1 DAGs
[2024-09-26T13:05:18.812+0000] {logging_mixin.py:190} INFO - [2024-09-26T13:05:18.812+0000] {dag.py:4180} INFO - Setting next_dagrun for example_display_name to None, run_after=None
[2024-09-26T13:05:18.829+0000] {processor.py:208} INFO - Processing /home/airflow/.local/lib/python3.12/site-packages/airflow/example_dags/example_display_name.py took 0.059 seconds
[2024-09-26T13:05:48.973+0000] {processor.py:186} INFO - Started process (PID=5596) to work on /home/airflow/.local/lib/python3.12/site-packages/airflow/example_dags/example_display_name.py
[2024-09-26T13:05:48.973+0000] {processor.py:914} INFO - Processing file /home/airflow/.local/lib/python3.12/site-packages/airflow/example_dags/example_display_name.py for tasks to queue
[2024-09-26T13:05:48.975+0000] {logging_mixin.py:190} INFO - [2024-09-26T13:05:48.975+0000] {dagbag.py:588} INFO - Filling up the DagBag from /home/airflow/.local/lib/python3.12/site-packages/airflow/example_dags/example_display_name.py
[2024-09-26T13:05:48.981+0000] {processor.py:925} INFO - DAG(s) 'example_display_name' retrieved from /home/airflow/.local/lib/python3.12/site-packages/airflow/example_dags/example_display_name.py
[2024-09-26T13:05:48.994+0000] {logging_mixin.py:190} INFO - [2024-09-26T13:05:48.994+0000] {dag.py:3239} INFO - Sync 1 DAGs
[2024-09-26T13:05:49.006+0000] {logging_mixin.py:190} INFO - [2024-09-26T13:05:49.006+0000] {dag.py:4180} INFO - Setting next_dagrun for example_display_name to None, run_after=None
[2024-09-26T13:05:49.021+0000] {processor.py:208} INFO - Processing /home/airflow/.local/lib/python3.12/site-packages/airflow/example_dags/example_display_name.py took 0.053 seconds
