[2024-09-26T13:24:57.854+0000] {processor.py:186} INFO - Started process (PID=16254) to work on /home/airflow/.local/lib/python3.12/site-packages/airflow/example_dags/example_branch_operator.py
[2024-09-26T13:24:57.855+0000] {processor.py:914} INFO - Processing file /home/airflow/.local/lib/python3.12/site-packages/airflow/example_dags/example_branch_operator.py for tasks to queue
[2024-09-26T13:24:57.857+0000] {logging_mixin.py:190} INFO - [2024-09-26T13:24:57.857+0000] {dagbag.py:588} INFO - Filling up the DagBag from /home/airflow/.local/lib/python3.12/site-packages/airflow/example_dags/example_branch_operator.py
[2024-09-26T13:24:57.872+0000] {processor.py:925} INFO - DAG(s) 'example_branch_operator' retrieved from /home/airflow/.local/lib/python3.12/site-packages/airflow/example_dags/example_branch_operator.py
[2024-09-26T13:24:57.897+0000] {logging_mixin.py:190} INFO - [2024-09-26T13:24:57.897+0000] {dag.py:3239} INFO - Sync 1 DAGs
[2024-09-26T13:24:57.919+0000] {logging_mixin.py:190} INFO - [2024-09-26T13:24:57.919+0000] {dag.py:4180} INFO - Setting next_dagrun for example_branch_operator to 2024-09-25 00:00:00+00:00, run_after=2024-09-26 00:00:00+00:00
[2024-09-26T13:24:57.935+0000] {processor.py:208} INFO - Processing /home/airflow/.local/lib/python3.12/site-packages/airflow/example_dags/example_branch_operator.py took 0.085 seconds
[2024-09-26T13:25:28.158+0000] {processor.py:186} INFO - Started process (PID=16540) to work on /home/airflow/.local/lib/python3.12/site-packages/airflow/example_dags/example_branch_operator.py
[2024-09-26T13:25:28.159+0000] {processor.py:914} INFO - Processing file /home/airflow/.local/lib/python3.12/site-packages/airflow/example_dags/example_branch_operator.py for tasks to queue
[2024-09-26T13:25:28.161+0000] {logging_mixin.py:190} INFO - [2024-09-26T13:25:28.161+0000] {dagbag.py:588} INFO - Filling up the DagBag from /home/airflow/.local/lib/python3.12/site-packages/airflow/example_dags/example_branch_operator.py
[2024-09-26T13:25:28.175+0000] {processor.py:925} INFO - DAG(s) 'example_branch_operator' retrieved from /home/airflow/.local/lib/python3.12/site-packages/airflow/example_dags/example_branch_operator.py
[2024-09-26T13:25:28.198+0000] {logging_mixin.py:190} INFO - [2024-09-26T13:25:28.198+0000] {dag.py:3239} INFO - Sync 1 DAGs
[2024-09-26T13:25:28.219+0000] {logging_mixin.py:190} INFO - [2024-09-26T13:25:28.219+0000] {dag.py:4180} INFO - Setting next_dagrun for example_branch_operator to 2024-09-25 00:00:00+00:00, run_after=2024-09-26 00:00:00+00:00
[2024-09-26T13:25:28.234+0000] {processor.py:208} INFO - Processing /home/airflow/.local/lib/python3.12/site-packages/airflow/example_dags/example_branch_operator.py took 0.080 seconds
[2024-09-26T13:25:58.803+0000] {processor.py:186} INFO - Started process (PID=16826) to work on /home/airflow/.local/lib/python3.12/site-packages/airflow/example_dags/example_branch_operator.py
[2024-09-26T13:25:58.804+0000] {processor.py:914} INFO - Processing file /home/airflow/.local/lib/python3.12/site-packages/airflow/example_dags/example_branch_operator.py for tasks to queue
[2024-09-26T13:25:58.805+0000] {logging_mixin.py:190} INFO - [2024-09-26T13:25:58.805+0000] {dagbag.py:588} INFO - Filling up the DagBag from /home/airflow/.local/lib/python3.12/site-packages/airflow/example_dags/example_branch_operator.py
[2024-09-26T13:25:58.820+0000] {processor.py:925} INFO - DAG(s) 'example_branch_operator' retrieved from /home/airflow/.local/lib/python3.12/site-packages/airflow/example_dags/example_branch_operator.py
[2024-09-26T13:25:58.845+0000] {logging_mixin.py:190} INFO - [2024-09-26T13:25:58.845+0000] {dag.py:3239} INFO - Sync 1 DAGs
[2024-09-26T13:25:58.866+0000] {logging_mixin.py:190} INFO - [2024-09-26T13:25:58.866+0000] {dag.py:4180} INFO - Setting next_dagrun for example_branch_operator to 2024-09-25 00:00:00+00:00, run_after=2024-09-26 00:00:00+00:00
[2024-09-26T13:25:58.882+0000] {processor.py:208} INFO - Processing /home/airflow/.local/lib/python3.12/site-packages/airflow/example_dags/example_branch_operator.py took 0.084 seconds
[2024-09-26T13:26:29.621+0000] {processor.py:186} INFO - Started process (PID=17112) to work on /home/airflow/.local/lib/python3.12/site-packages/airflow/example_dags/example_branch_operator.py
[2024-09-26T13:26:29.621+0000] {processor.py:914} INFO - Processing file /home/airflow/.local/lib/python3.12/site-packages/airflow/example_dags/example_branch_operator.py for tasks to queue
[2024-09-26T13:26:29.623+0000] {logging_mixin.py:190} INFO - [2024-09-26T13:26:29.623+0000] {dagbag.py:588} INFO - Filling up the DagBag from /home/airflow/.local/lib/python3.12/site-packages/airflow/example_dags/example_branch_operator.py
[2024-09-26T13:26:29.638+0000] {processor.py:925} INFO - DAG(s) 'example_branch_operator' retrieved from /home/airflow/.local/lib/python3.12/site-packages/airflow/example_dags/example_branch_operator.py
[2024-09-26T13:26:29.661+0000] {logging_mixin.py:190} INFO - [2024-09-26T13:26:29.661+0000] {dag.py:3239} INFO - Sync 1 DAGs
[2024-09-26T13:26:29.685+0000] {logging_mixin.py:190} INFO - [2024-09-26T13:26:29.685+0000] {dag.py:4180} INFO - Setting next_dagrun for example_branch_operator to 2024-09-25 00:00:00+00:00, run_after=2024-09-26 00:00:00+00:00
[2024-09-26T13:26:29.700+0000] {processor.py:208} INFO - Processing /home/airflow/.local/lib/python3.12/site-packages/airflow/example_dags/example_branch_operator.py took 0.084 seconds
[2024-09-26T13:27:00.143+0000] {processor.py:186} INFO - Started process (PID=17398) to work on /home/airflow/.local/lib/python3.12/site-packages/airflow/example_dags/example_branch_operator.py
[2024-09-26T13:27:00.144+0000] {processor.py:914} INFO - Processing file /home/airflow/.local/lib/python3.12/site-packages/airflow/example_dags/example_branch_operator.py for tasks to queue
[2024-09-26T13:27:00.146+0000] {logging_mixin.py:190} INFO - [2024-09-26T13:27:00.145+0000] {dagbag.py:588} INFO - Filling up the DagBag from /home/airflow/.local/lib/python3.12/site-packages/airflow/example_dags/example_branch_operator.py
[2024-09-26T13:27:00.160+0000] {processor.py:925} INFO - DAG(s) 'example_branch_operator' retrieved from /home/airflow/.local/lib/python3.12/site-packages/airflow/example_dags/example_branch_operator.py
[2024-09-26T13:27:00.183+0000] {logging_mixin.py:190} INFO - [2024-09-26T13:27:00.182+0000] {dag.py:3239} INFO - Sync 1 DAGs
[2024-09-26T13:27:00.203+0000] {logging_mixin.py:190} INFO - [2024-09-26T13:27:00.203+0000] {dag.py:4180} INFO - Setting next_dagrun for example_branch_operator to 2024-09-25 00:00:00+00:00, run_after=2024-09-26 00:00:00+00:00
[2024-09-26T13:27:00.217+0000] {processor.py:208} INFO - Processing /home/airflow/.local/lib/python3.12/site-packages/airflow/example_dags/example_branch_operator.py took 0.078 seconds
[2024-09-26T13:27:31.003+0000] {processor.py:186} INFO - Started process (PID=17686) to work on /home/airflow/.local/lib/python3.12/site-packages/airflow/example_dags/example_branch_operator.py
[2024-09-26T13:27:31.003+0000] {processor.py:914} INFO - Processing file /home/airflow/.local/lib/python3.12/site-packages/airflow/example_dags/example_branch_operator.py for tasks to queue
[2024-09-26T13:27:31.005+0000] {logging_mixin.py:190} INFO - [2024-09-26T13:27:31.005+0000] {dagbag.py:588} INFO - Filling up the DagBag from /home/airflow/.local/lib/python3.12/site-packages/airflow/example_dags/example_branch_operator.py
[2024-09-26T13:27:31.024+0000] {processor.py:925} INFO - DAG(s) 'example_branch_operator' retrieved from /home/airflow/.local/lib/python3.12/site-packages/airflow/example_dags/example_branch_operator.py
[2024-09-26T13:27:31.051+0000] {logging_mixin.py:190} INFO - [2024-09-26T13:27:31.051+0000] {dag.py:3239} INFO - Sync 1 DAGs
[2024-09-26T13:27:31.072+0000] {logging_mixin.py:190} INFO - [2024-09-26T13:27:31.072+0000] {dag.py:4180} INFO - Setting next_dagrun for example_branch_operator to 2024-09-25 00:00:00+00:00, run_after=2024-09-26 00:00:00+00:00
[2024-09-26T13:27:31.089+0000] {processor.py:208} INFO - Processing /home/airflow/.local/lib/python3.12/site-packages/airflow/example_dags/example_branch_operator.py took 0.091 seconds
[2024-09-26T13:28:01.965+0000] {processor.py:186} INFO - Started process (PID=17970) to work on /home/airflow/.local/lib/python3.12/site-packages/airflow/example_dags/example_branch_operator.py
[2024-09-26T13:28:01.966+0000] {processor.py:914} INFO - Processing file /home/airflow/.local/lib/python3.12/site-packages/airflow/example_dags/example_branch_operator.py for tasks to queue
[2024-09-26T13:28:01.968+0000] {logging_mixin.py:190} INFO - [2024-09-26T13:28:01.968+0000] {dagbag.py:588} INFO - Filling up the DagBag from /home/airflow/.local/lib/python3.12/site-packages/airflow/example_dags/example_branch_operator.py
[2024-09-26T13:28:01.982+0000] {processor.py:925} INFO - DAG(s) 'example_branch_operator' retrieved from /home/airflow/.local/lib/python3.12/site-packages/airflow/example_dags/example_branch_operator.py
[2024-09-26T13:28:02.126+0000] {logging_mixin.py:190} INFO - [2024-09-26T13:28:02.125+0000] {dag.py:3239} INFO - Sync 1 DAGs
[2024-09-26T13:28:02.145+0000] {logging_mixin.py:190} INFO - [2024-09-26T13:28:02.144+0000] {dag.py:4180} INFO - Setting next_dagrun for example_branch_operator to 2024-09-25 00:00:00+00:00, run_after=2024-09-26 00:00:00+00:00
[2024-09-26T13:28:02.160+0000] {processor.py:208} INFO - Processing /home/airflow/.local/lib/python3.12/site-packages/airflow/example_dags/example_branch_operator.py took 0.200 seconds
[2024-09-26T13:28:32.459+0000] {processor.py:186} INFO - Started process (PID=18256) to work on /home/airflow/.local/lib/python3.12/site-packages/airflow/example_dags/example_branch_operator.py
[2024-09-26T13:28:32.460+0000] {processor.py:914} INFO - Processing file /home/airflow/.local/lib/python3.12/site-packages/airflow/example_dags/example_branch_operator.py for tasks to queue
[2024-09-26T13:28:32.462+0000] {logging_mixin.py:190} INFO - [2024-09-26T13:28:32.461+0000] {dagbag.py:588} INFO - Filling up the DagBag from /home/airflow/.local/lib/python3.12/site-packages/airflow/example_dags/example_branch_operator.py
[2024-09-26T13:28:32.476+0000] {processor.py:925} INFO - DAG(s) 'example_branch_operator' retrieved from /home/airflow/.local/lib/python3.12/site-packages/airflow/example_dags/example_branch_operator.py
[2024-09-26T13:28:32.501+0000] {logging_mixin.py:190} INFO - [2024-09-26T13:28:32.500+0000] {dag.py:3239} INFO - Sync 1 DAGs
[2024-09-26T13:28:32.522+0000] {logging_mixin.py:190} INFO - [2024-09-26T13:28:32.522+0000] {dag.py:4180} INFO - Setting next_dagrun for example_branch_operator to 2024-09-25 00:00:00+00:00, run_after=2024-09-26 00:00:00+00:00
[2024-09-26T13:28:32.537+0000] {processor.py:208} INFO - Processing /home/airflow/.local/lib/python3.12/site-packages/airflow/example_dags/example_branch_operator.py took 0.082 seconds
[2024-09-26T13:29:02.749+0000] {processor.py:186} INFO - Started process (PID=18542) to work on /home/airflow/.local/lib/python3.12/site-packages/airflow/example_dags/example_branch_operator.py
[2024-09-26T13:29:02.749+0000] {processor.py:914} INFO - Processing file /home/airflow/.local/lib/python3.12/site-packages/airflow/example_dags/example_branch_operator.py for tasks to queue
[2024-09-26T13:29:02.751+0000] {logging_mixin.py:190} INFO - [2024-09-26T13:29:02.751+0000] {dagbag.py:588} INFO - Filling up the DagBag from /home/airflow/.local/lib/python3.12/site-packages/airflow/example_dags/example_branch_operator.py
[2024-09-26T13:29:02.765+0000] {processor.py:925} INFO - DAG(s) 'example_branch_operator' retrieved from /home/airflow/.local/lib/python3.12/site-packages/airflow/example_dags/example_branch_operator.py
[2024-09-26T13:29:02.788+0000] {logging_mixin.py:190} INFO - [2024-09-26T13:29:02.788+0000] {dag.py:3239} INFO - Sync 1 DAGs
[2024-09-26T13:29:02.810+0000] {logging_mixin.py:190} INFO - [2024-09-26T13:29:02.810+0000] {dag.py:4180} INFO - Setting next_dagrun for example_branch_operator to 2024-09-25 00:00:00+00:00, run_after=2024-09-26 00:00:00+00:00
[2024-09-26T13:29:02.824+0000] {processor.py:208} INFO - Processing /home/airflow/.local/lib/python3.12/site-packages/airflow/example_dags/example_branch_operator.py took 0.080 seconds
[2024-09-26T13:29:33.782+0000] {processor.py:186} INFO - Started process (PID=18828) to work on /home/airflow/.local/lib/python3.12/site-packages/airflow/example_dags/example_branch_operator.py
[2024-09-26T13:29:33.783+0000] {processor.py:914} INFO - Processing file /home/airflow/.local/lib/python3.12/site-packages/airflow/example_dags/example_branch_operator.py for tasks to queue
[2024-09-26T13:29:33.785+0000] {logging_mixin.py:190} INFO - [2024-09-26T13:29:33.785+0000] {dagbag.py:588} INFO - Filling up the DagBag from /home/airflow/.local/lib/python3.12/site-packages/airflow/example_dags/example_branch_operator.py
[2024-09-26T13:29:33.799+0000] {processor.py:925} INFO - DAG(s) 'example_branch_operator' retrieved from /home/airflow/.local/lib/python3.12/site-packages/airflow/example_dags/example_branch_operator.py
[2024-09-26T13:29:33.822+0000] {logging_mixin.py:190} INFO - [2024-09-26T13:29:33.822+0000] {dag.py:3239} INFO - Sync 1 DAGs
[2024-09-26T13:29:33.844+0000] {logging_mixin.py:190} INFO - [2024-09-26T13:29:33.844+0000] {dag.py:4180} INFO - Setting next_dagrun for example_branch_operator to 2024-09-25 00:00:00+00:00, run_after=2024-09-26 00:00:00+00:00
[2024-09-26T13:29:33.859+0000] {processor.py:208} INFO - Processing /home/airflow/.local/lib/python3.12/site-packages/airflow/example_dags/example_branch_operator.py took 0.081 seconds
[2024-09-26T13:30:04.009+0000] {processor.py:186} INFO - Started process (PID=19114) to work on /home/airflow/.local/lib/python3.12/site-packages/airflow/example_dags/example_branch_operator.py
[2024-09-26T13:30:04.010+0000] {processor.py:914} INFO - Processing file /home/airflow/.local/lib/python3.12/site-packages/airflow/example_dags/example_branch_operator.py for tasks to queue
[2024-09-26T13:30:04.012+0000] {logging_mixin.py:190} INFO - [2024-09-26T13:30:04.012+0000] {dagbag.py:588} INFO - Filling up the DagBag from /home/airflow/.local/lib/python3.12/site-packages/airflow/example_dags/example_branch_operator.py
[2024-09-26T13:30:04.026+0000] {processor.py:925} INFO - DAG(s) 'example_branch_operator' retrieved from /home/airflow/.local/lib/python3.12/site-packages/airflow/example_dags/example_branch_operator.py
[2024-09-26T13:30:04.050+0000] {logging_mixin.py:190} INFO - [2024-09-26T13:30:04.050+0000] {dag.py:3239} INFO - Sync 1 DAGs
[2024-09-26T13:30:04.072+0000] {logging_mixin.py:190} INFO - [2024-09-26T13:30:04.072+0000] {dag.py:4180} INFO - Setting next_dagrun for example_branch_operator to 2024-09-25 00:00:00+00:00, run_after=2024-09-26 00:00:00+00:00
[2024-09-26T13:30:04.094+0000] {processor.py:208} INFO - Processing /home/airflow/.local/lib/python3.12/site-packages/airflow/example_dags/example_branch_operator.py took 0.089 seconds
[2024-09-26T13:30:34.224+0000] {processor.py:186} INFO - Started process (PID=19400) to work on /home/airflow/.local/lib/python3.12/site-packages/airflow/example_dags/example_branch_operator.py
[2024-09-26T13:30:34.225+0000] {processor.py:914} INFO - Processing file /home/airflow/.local/lib/python3.12/site-packages/airflow/example_dags/example_branch_operator.py for tasks to queue
[2024-09-26T13:30:34.227+0000] {logging_mixin.py:190} INFO - [2024-09-26T13:30:34.226+0000] {dagbag.py:588} INFO - Filling up the DagBag from /home/airflow/.local/lib/python3.12/site-packages/airflow/example_dags/example_branch_operator.py
[2024-09-26T13:30:34.242+0000] {processor.py:925} INFO - DAG(s) 'example_branch_operator' retrieved from /home/airflow/.local/lib/python3.12/site-packages/airflow/example_dags/example_branch_operator.py
[2024-09-26T13:30:34.266+0000] {logging_mixin.py:190} INFO - [2024-09-26T13:30:34.266+0000] {dag.py:3239} INFO - Sync 1 DAGs
[2024-09-26T13:30:34.293+0000] {logging_mixin.py:190} INFO - [2024-09-26T13:30:34.292+0000] {dag.py:4180} INFO - Setting next_dagrun for example_branch_operator to 2024-09-25 00:00:00+00:00, run_after=2024-09-26 00:00:00+00:00
[2024-09-26T13:30:34.311+0000] {processor.py:208} INFO - Processing /home/airflow/.local/lib/python3.12/site-packages/airflow/example_dags/example_branch_operator.py took 0.092 seconds
[2024-09-26T13:31:05.114+0000] {processor.py:186} INFO - Started process (PID=19686) to work on /home/airflow/.local/lib/python3.12/site-packages/airflow/example_dags/example_branch_operator.py
[2024-09-26T13:31:05.115+0000] {processor.py:914} INFO - Processing file /home/airflow/.local/lib/python3.12/site-packages/airflow/example_dags/example_branch_operator.py for tasks to queue
[2024-09-26T13:31:05.117+0000] {logging_mixin.py:190} INFO - [2024-09-26T13:31:05.116+0000] {dagbag.py:588} INFO - Filling up the DagBag from /home/airflow/.local/lib/python3.12/site-packages/airflow/example_dags/example_branch_operator.py
[2024-09-26T13:31:05.132+0000] {processor.py:925} INFO - DAG(s) 'example_branch_operator' retrieved from /home/airflow/.local/lib/python3.12/site-packages/airflow/example_dags/example_branch_operator.py
[2024-09-26T13:31:05.156+0000] {logging_mixin.py:190} INFO - [2024-09-26T13:31:05.156+0000] {dag.py:3239} INFO - Sync 1 DAGs
[2024-09-26T13:31:05.179+0000] {logging_mixin.py:190} INFO - [2024-09-26T13:31:05.179+0000] {dag.py:4180} INFO - Setting next_dagrun for example_branch_operator to 2024-09-25 00:00:00+00:00, run_after=2024-09-26 00:00:00+00:00
[2024-09-26T13:31:05.194+0000] {processor.py:208} INFO - Processing /home/airflow/.local/lib/python3.12/site-packages/airflow/example_dags/example_branch_operator.py took 0.085 seconds
