[2024-09-26T13:24:57.770+0000] {processor.py:186} INFO - Started process (PID=16244) to work on /home/airflow/.local/lib/python3.12/site-packages/airflow/example_dags/tutorial_objectstorage.py
[2024-09-26T13:24:57.770+0000] {processor.py:914} INFO - Processing file /home/airflow/.local/lib/python3.12/site-packages/airflow/example_dags/tutorial_objectstorage.py for tasks to queue
[2024-09-26T13:24:57.772+0000] {logging_mixin.py:190} INFO - [2024-09-26T13:24:57.772+0000] {dagbag.py:588} INFO - Filling up the DagBag from /home/airflow/.local/lib/python3.12/site-packages/airflow/example_dags/tutorial_objectstorage.py
[2024-09-26T13:24:57.779+0000] {processor.py:925} INFO - DAG(s) 'tutorial_objectstorage' retrieved from /home/airflow/.local/lib/python3.12/site-packages/airflow/example_dags/tutorial_objectstorage.py
[2024-09-26T13:24:57.795+0000] {logging_mixin.py:190} INFO - [2024-09-26T13:24:57.795+0000] {dag.py:3239} INFO - Sync 1 DAGs
[2024-09-26T13:24:57.808+0000] {logging_mixin.py:190} INFO - [2024-09-26T13:24:57.808+0000] {dag.py:4180} INFO - Setting next_dagrun for tutorial_objectstorage to None, run_after=None
[2024-09-26T13:24:57.825+0000] {processor.py:208} INFO - Processing /home/airflow/.local/lib/python3.12/site-packages/airflow/example_dags/tutorial_objectstorage.py took 0.061 seconds
[2024-09-26T13:25:28.081+0000] {processor.py:186} INFO - Started process (PID=16530) to work on /home/airflow/.local/lib/python3.12/site-packages/airflow/example_dags/tutorial_objectstorage.py
[2024-09-26T13:25:28.082+0000] {processor.py:914} INFO - Processing file /home/airflow/.local/lib/python3.12/site-packages/airflow/example_dags/tutorial_objectstorage.py for tasks to queue
[2024-09-26T13:25:28.084+0000] {logging_mixin.py:190} INFO - [2024-09-26T13:25:28.083+0000] {dagbag.py:588} INFO - Filling up the DagBag from /home/airflow/.local/lib/python3.12/site-packages/airflow/example_dags/tutorial_objectstorage.py
[2024-09-26T13:25:28.090+0000] {processor.py:925} INFO - DAG(s) 'tutorial_objectstorage' retrieved from /home/airflow/.local/lib/python3.12/site-packages/airflow/example_dags/tutorial_objectstorage.py
[2024-09-26T13:25:28.104+0000] {logging_mixin.py:190} INFO - [2024-09-26T13:25:28.104+0000] {dag.py:3239} INFO - Sync 1 DAGs
[2024-09-26T13:25:28.116+0000] {logging_mixin.py:190} INFO - [2024-09-26T13:25:28.115+0000] {dag.py:4180} INFO - Setting next_dagrun for tutorial_objectstorage to None, run_after=None
[2024-09-26T13:25:28.131+0000] {processor.py:208} INFO - Processing /home/airflow/.local/lib/python3.12/site-packages/airflow/example_dags/tutorial_objectstorage.py took 0.054 seconds
[2024-09-26T13:25:58.725+0000] {processor.py:186} INFO - Started process (PID=16816) to work on /home/airflow/.local/lib/python3.12/site-packages/airflow/example_dags/tutorial_objectstorage.py
[2024-09-26T13:25:58.725+0000] {processor.py:914} INFO - Processing file /home/airflow/.local/lib/python3.12/site-packages/airflow/example_dags/tutorial_objectstorage.py for tasks to queue
[2024-09-26T13:25:58.727+0000] {logging_mixin.py:190} INFO - [2024-09-26T13:25:58.727+0000] {dagbag.py:588} INFO - Filling up the DagBag from /home/airflow/.local/lib/python3.12/site-packages/airflow/example_dags/tutorial_objectstorage.py
[2024-09-26T13:25:58.734+0000] {processor.py:925} INFO - DAG(s) 'tutorial_objectstorage' retrieved from /home/airflow/.local/lib/python3.12/site-packages/airflow/example_dags/tutorial_objectstorage.py
[2024-09-26T13:25:58.748+0000] {logging_mixin.py:190} INFO - [2024-09-26T13:25:58.748+0000] {dag.py:3239} INFO - Sync 1 DAGs
[2024-09-26T13:25:58.760+0000] {logging_mixin.py:190} INFO - [2024-09-26T13:25:58.760+0000] {dag.py:4180} INFO - Setting next_dagrun for tutorial_objectstorage to None, run_after=None
[2024-09-26T13:25:58.776+0000] {processor.py:208} INFO - Processing /home/airflow/.local/lib/python3.12/site-packages/airflow/example_dags/tutorial_objectstorage.py took 0.056 seconds
[2024-09-26T13:26:29.544+0000] {processor.py:186} INFO - Started process (PID=17102) to work on /home/airflow/.local/lib/python3.12/site-packages/airflow/example_dags/tutorial_objectstorage.py
[2024-09-26T13:26:29.544+0000] {processor.py:914} INFO - Processing file /home/airflow/.local/lib/python3.12/site-packages/airflow/example_dags/tutorial_objectstorage.py for tasks to queue
[2024-09-26T13:26:29.546+0000] {logging_mixin.py:190} INFO - [2024-09-26T13:26:29.546+0000] {dagbag.py:588} INFO - Filling up the DagBag from /home/airflow/.local/lib/python3.12/site-packages/airflow/example_dags/tutorial_objectstorage.py
[2024-09-26T13:26:29.553+0000] {processor.py:925} INFO - DAG(s) 'tutorial_objectstorage' retrieved from /home/airflow/.local/lib/python3.12/site-packages/airflow/example_dags/tutorial_objectstorage.py
[2024-09-26T13:26:29.567+0000] {logging_mixin.py:190} INFO - [2024-09-26T13:26:29.567+0000] {dag.py:3239} INFO - Sync 1 DAGs
[2024-09-26T13:26:29.579+0000] {logging_mixin.py:190} INFO - [2024-09-26T13:26:29.579+0000] {dag.py:4180} INFO - Setting next_dagrun for tutorial_objectstorage to None, run_after=None
[2024-09-26T13:26:29.594+0000] {processor.py:208} INFO - Processing /home/airflow/.local/lib/python3.12/site-packages/airflow/example_dags/tutorial_objectstorage.py took 0.055 seconds
[2024-09-26T13:27:00.066+0000] {processor.py:186} INFO - Started process (PID=17388) to work on /home/airflow/.local/lib/python3.12/site-packages/airflow/example_dags/tutorial_objectstorage.py
[2024-09-26T13:27:00.066+0000] {processor.py:914} INFO - Processing file /home/airflow/.local/lib/python3.12/site-packages/airflow/example_dags/tutorial_objectstorage.py for tasks to queue
[2024-09-26T13:27:00.068+0000] {logging_mixin.py:190} INFO - [2024-09-26T13:27:00.068+0000] {dagbag.py:588} INFO - Filling up the DagBag from /home/airflow/.local/lib/python3.12/site-packages/airflow/example_dags/tutorial_objectstorage.py
[2024-09-26T13:27:00.075+0000] {processor.py:925} INFO - DAG(s) 'tutorial_objectstorage' retrieved from /home/airflow/.local/lib/python3.12/site-packages/airflow/example_dags/tutorial_objectstorage.py
[2024-09-26T13:27:00.089+0000] {logging_mixin.py:190} INFO - [2024-09-26T13:27:00.088+0000] {dag.py:3239} INFO - Sync 1 DAGs
[2024-09-26T13:27:00.101+0000] {logging_mixin.py:190} INFO - [2024-09-26T13:27:00.101+0000] {dag.py:4180} INFO - Setting next_dagrun for tutorial_objectstorage to None, run_after=None
[2024-09-26T13:27:00.117+0000] {processor.py:208} INFO - Processing /home/airflow/.local/lib/python3.12/site-packages/airflow/example_dags/tutorial_objectstorage.py took 0.056 seconds
[2024-09-26T13:27:30.537+0000] {processor.py:186} INFO - Started process (PID=17674) to work on /home/airflow/.local/lib/python3.12/site-packages/airflow/example_dags/tutorial_objectstorage.py
[2024-09-26T13:27:30.538+0000] {processor.py:914} INFO - Processing file /home/airflow/.local/lib/python3.12/site-packages/airflow/example_dags/tutorial_objectstorage.py for tasks to queue
[2024-09-26T13:27:30.540+0000] {logging_mixin.py:190} INFO - [2024-09-26T13:27:30.540+0000] {dagbag.py:588} INFO - Filling up the DagBag from /home/airflow/.local/lib/python3.12/site-packages/airflow/example_dags/tutorial_objectstorage.py
[2024-09-26T13:27:30.547+0000] {processor.py:925} INFO - DAG(s) 'tutorial_objectstorage' retrieved from /home/airflow/.local/lib/python3.12/site-packages/airflow/example_dags/tutorial_objectstorage.py
[2024-09-26T13:27:30.564+0000] {logging_mixin.py:190} INFO - [2024-09-26T13:27:30.564+0000] {dag.py:3239} INFO - Sync 1 DAGs
[2024-09-26T13:27:30.737+0000] {logging_mixin.py:190} INFO - [2024-09-26T13:27:30.737+0000] {dag.py:4180} INFO - Setting next_dagrun for tutorial_objectstorage to None, run_after=None
[2024-09-26T13:27:30.751+0000] {processor.py:208} INFO - Processing /home/airflow/.local/lib/python3.12/site-packages/airflow/example_dags/tutorial_objectstorage.py took 0.218 seconds
[2024-09-26T13:28:01.764+0000] {processor.py:186} INFO - Started process (PID=17960) to work on /home/airflow/.local/lib/python3.12/site-packages/airflow/example_dags/tutorial_objectstorage.py
[2024-09-26T13:28:01.765+0000] {processor.py:914} INFO - Processing file /home/airflow/.local/lib/python3.12/site-packages/airflow/example_dags/tutorial_objectstorage.py for tasks to queue
[2024-09-26T13:28:01.766+0000] {logging_mixin.py:190} INFO - [2024-09-26T13:28:01.766+0000] {dagbag.py:588} INFO - Filling up the DagBag from /home/airflow/.local/lib/python3.12/site-packages/airflow/example_dags/tutorial_objectstorage.py
[2024-09-26T13:28:01.773+0000] {processor.py:925} INFO - DAG(s) 'tutorial_objectstorage' retrieved from /home/airflow/.local/lib/python3.12/site-packages/airflow/example_dags/tutorial_objectstorage.py
[2024-09-26T13:28:01.789+0000] {logging_mixin.py:190} INFO - [2024-09-26T13:28:01.788+0000] {dag.py:3239} INFO - Sync 1 DAGs
[2024-09-26T13:28:01.919+0000] {logging_mixin.py:190} INFO - [2024-09-26T13:28:01.918+0000] {dag.py:4180} INFO - Setting next_dagrun for tutorial_objectstorage to None, run_after=None
[2024-09-26T13:28:01.935+0000] {processor.py:208} INFO - Processing /home/airflow/.local/lib/python3.12/site-packages/airflow/example_dags/tutorial_objectstorage.py took 0.175 seconds
[2024-09-26T13:28:32.378+0000] {processor.py:186} INFO - Started process (PID=18246) to work on /home/airflow/.local/lib/python3.12/site-packages/airflow/example_dags/tutorial_objectstorage.py
[2024-09-26T13:28:32.379+0000] {processor.py:914} INFO - Processing file /home/airflow/.local/lib/python3.12/site-packages/airflow/example_dags/tutorial_objectstorage.py for tasks to queue
[2024-09-26T13:28:32.381+0000] {logging_mixin.py:190} INFO - [2024-09-26T13:28:32.381+0000] {dagbag.py:588} INFO - Filling up the DagBag from /home/airflow/.local/lib/python3.12/site-packages/airflow/example_dags/tutorial_objectstorage.py
[2024-09-26T13:28:32.388+0000] {processor.py:925} INFO - DAG(s) 'tutorial_objectstorage' retrieved from /home/airflow/.local/lib/python3.12/site-packages/airflow/example_dags/tutorial_objectstorage.py
[2024-09-26T13:28:32.402+0000] {logging_mixin.py:190} INFO - [2024-09-26T13:28:32.402+0000] {dag.py:3239} INFO - Sync 1 DAGs
[2024-09-26T13:28:32.415+0000] {logging_mixin.py:190} INFO - [2024-09-26T13:28:32.414+0000] {dag.py:4180} INFO - Setting next_dagrun for tutorial_objectstorage to None, run_after=None
[2024-09-26T13:28:32.430+0000] {processor.py:208} INFO - Processing /home/airflow/.local/lib/python3.12/site-packages/airflow/example_dags/tutorial_objectstorage.py took 0.057 seconds
[2024-09-26T13:29:02.657+0000] {processor.py:186} INFO - Started process (PID=18532) to work on /home/airflow/.local/lib/python3.12/site-packages/airflow/example_dags/tutorial_objectstorage.py
[2024-09-26T13:29:02.658+0000] {processor.py:914} INFO - Processing file /home/airflow/.local/lib/python3.12/site-packages/airflow/example_dags/tutorial_objectstorage.py for tasks to queue
[2024-09-26T13:29:02.660+0000] {logging_mixin.py:190} INFO - [2024-09-26T13:29:02.660+0000] {dagbag.py:588} INFO - Filling up the DagBag from /home/airflow/.local/lib/python3.12/site-packages/airflow/example_dags/tutorial_objectstorage.py
[2024-09-26T13:29:02.668+0000] {processor.py:925} INFO - DAG(s) 'tutorial_objectstorage' retrieved from /home/airflow/.local/lib/python3.12/site-packages/airflow/example_dags/tutorial_objectstorage.py
[2024-09-26T13:29:02.690+0000] {logging_mixin.py:190} INFO - [2024-09-26T13:29:02.689+0000] {dag.py:3239} INFO - Sync 1 DAGs
[2024-09-26T13:29:02.704+0000] {logging_mixin.py:190} INFO - [2024-09-26T13:29:02.704+0000] {dag.py:4180} INFO - Setting next_dagrun for tutorial_objectstorage to None, run_after=None
[2024-09-26T13:29:02.721+0000] {processor.py:208} INFO - Processing /home/airflow/.local/lib/python3.12/site-packages/airflow/example_dags/tutorial_objectstorage.py took 0.068 seconds
[2024-09-26T13:29:33.705+0000] {processor.py:186} INFO - Started process (PID=18818) to work on /home/airflow/.local/lib/python3.12/site-packages/airflow/example_dags/tutorial_objectstorage.py
[2024-09-26T13:29:33.706+0000] {processor.py:914} INFO - Processing file /home/airflow/.local/lib/python3.12/site-packages/airflow/example_dags/tutorial_objectstorage.py for tasks to queue
[2024-09-26T13:29:33.707+0000] {logging_mixin.py:190} INFO - [2024-09-26T13:29:33.707+0000] {dagbag.py:588} INFO - Filling up the DagBag from /home/airflow/.local/lib/python3.12/site-packages/airflow/example_dags/tutorial_objectstorage.py
[2024-09-26T13:29:33.714+0000] {processor.py:925} INFO - DAG(s) 'tutorial_objectstorage' retrieved from /home/airflow/.local/lib/python3.12/site-packages/airflow/example_dags/tutorial_objectstorage.py
[2024-09-26T13:29:33.728+0000] {logging_mixin.py:190} INFO - [2024-09-26T13:29:33.728+0000] {dag.py:3239} INFO - Sync 1 DAGs
[2024-09-26T13:29:33.740+0000] {logging_mixin.py:190} INFO - [2024-09-26T13:29:33.739+0000] {dag.py:4180} INFO - Setting next_dagrun for tutorial_objectstorage to None, run_after=None
[2024-09-26T13:29:33.754+0000] {processor.py:208} INFO - Processing /home/airflow/.local/lib/python3.12/site-packages/airflow/example_dags/tutorial_objectstorage.py took 0.054 seconds
[2024-09-26T13:30:03.930+0000] {processor.py:186} INFO - Started process (PID=19104) to work on /home/airflow/.local/lib/python3.12/site-packages/airflow/example_dags/tutorial_objectstorage.py
[2024-09-26T13:30:03.931+0000] {processor.py:914} INFO - Processing file /home/airflow/.local/lib/python3.12/site-packages/airflow/example_dags/tutorial_objectstorage.py for tasks to queue
[2024-09-26T13:30:03.932+0000] {logging_mixin.py:190} INFO - [2024-09-26T13:30:03.932+0000] {dagbag.py:588} INFO - Filling up the DagBag from /home/airflow/.local/lib/python3.12/site-packages/airflow/example_dags/tutorial_objectstorage.py
[2024-09-26T13:30:03.939+0000] {processor.py:925} INFO - DAG(s) 'tutorial_objectstorage' retrieved from /home/airflow/.local/lib/python3.12/site-packages/airflow/example_dags/tutorial_objectstorage.py
[2024-09-26T13:30:03.953+0000] {logging_mixin.py:190} INFO - [2024-09-26T13:30:03.953+0000] {dag.py:3239} INFO - Sync 1 DAGs
[2024-09-26T13:30:03.965+0000] {logging_mixin.py:190} INFO - [2024-09-26T13:30:03.965+0000] {dag.py:4180} INFO - Setting next_dagrun for tutorial_objectstorage to None, run_after=None
[2024-09-26T13:30:03.980+0000] {processor.py:208} INFO - Processing /home/airflow/.local/lib/python3.12/site-packages/airflow/example_dags/tutorial_objectstorage.py took 0.055 seconds
[2024-09-26T13:30:34.137+0000] {processor.py:186} INFO - Started process (PID=19390) to work on /home/airflow/.local/lib/python3.12/site-packages/airflow/example_dags/tutorial_objectstorage.py
[2024-09-26T13:30:34.138+0000] {processor.py:914} INFO - Processing file /home/airflow/.local/lib/python3.12/site-packages/airflow/example_dags/tutorial_objectstorage.py for tasks to queue
[2024-09-26T13:30:34.139+0000] {logging_mixin.py:190} INFO - [2024-09-26T13:30:34.139+0000] {dagbag.py:588} INFO - Filling up the DagBag from /home/airflow/.local/lib/python3.12/site-packages/airflow/example_dags/tutorial_objectstorage.py
[2024-09-26T13:30:34.146+0000] {processor.py:925} INFO - DAG(s) 'tutorial_objectstorage' retrieved from /home/airflow/.local/lib/python3.12/site-packages/airflow/example_dags/tutorial_objectstorage.py
[2024-09-26T13:30:34.162+0000] {logging_mixin.py:190} INFO - [2024-09-26T13:30:34.161+0000] {dag.py:3239} INFO - Sync 1 DAGs
[2024-09-26T13:30:34.175+0000] {logging_mixin.py:190} INFO - [2024-09-26T13:30:34.175+0000] {dag.py:4180} INFO - Setting next_dagrun for tutorial_objectstorage to None, run_after=None
[2024-09-26T13:30:34.193+0000] {processor.py:208} INFO - Processing /home/airflow/.local/lib/python3.12/site-packages/airflow/example_dags/tutorial_objectstorage.py took 0.062 seconds
[2024-09-26T13:31:05.032+0000] {processor.py:186} INFO - Started process (PID=19676) to work on /home/airflow/.local/lib/python3.12/site-packages/airflow/example_dags/tutorial_objectstorage.py
[2024-09-26T13:31:05.033+0000] {processor.py:914} INFO - Processing file /home/airflow/.local/lib/python3.12/site-packages/airflow/example_dags/tutorial_objectstorage.py for tasks to queue
[2024-09-26T13:31:05.035+0000] {logging_mixin.py:190} INFO - [2024-09-26T13:31:05.034+0000] {dagbag.py:588} INFO - Filling up the DagBag from /home/airflow/.local/lib/python3.12/site-packages/airflow/example_dags/tutorial_objectstorage.py
[2024-09-26T13:31:05.042+0000] {processor.py:925} INFO - DAG(s) 'tutorial_objectstorage' retrieved from /home/airflow/.local/lib/python3.12/site-packages/airflow/example_dags/tutorial_objectstorage.py
[2024-09-26T13:31:05.056+0000] {logging_mixin.py:190} INFO - [2024-09-26T13:31:05.055+0000] {dag.py:3239} INFO - Sync 1 DAGs
[2024-09-26T13:31:05.068+0000] {logging_mixin.py:190} INFO - [2024-09-26T13:31:05.068+0000] {dag.py:4180} INFO - Setting next_dagrun for tutorial_objectstorage to None, run_after=None
[2024-09-26T13:31:05.084+0000] {processor.py:208} INFO - Processing /home/airflow/.local/lib/python3.12/site-packages/airflow/example_dags/tutorial_objectstorage.py took 0.056 seconds
