[2024-09-26T13:25:06.924+0000] {processor.py:186} INFO - Started process (PID=16326) to work on /home/airflow/.local/lib/python3.12/site-packages/airflow/example_dags/tutorial_taskflow_api.py
[2024-09-26T13:25:06.925+0000] {processor.py:914} INFO - Processing file /home/airflow/.local/lib/python3.12/site-packages/airflow/example_dags/tutorial_taskflow_api.py for tasks to queue
[2024-09-26T13:25:06.927+0000] {logging_mixin.py:190} INFO - [2024-09-26T13:25:06.927+0000] {dagbag.py:588} INFO - Filling up the DagBag from /home/airflow/.local/lib/python3.12/site-packages/airflow/example_dags/tutorial_taskflow_api.py
[2024-09-26T13:25:06.934+0000] {processor.py:925} INFO - DAG(s) 'tutorial_taskflow_api' retrieved from /home/airflow/.local/lib/python3.12/site-packages/airflow/example_dags/tutorial_taskflow_api.py
[2024-09-26T13:25:06.948+0000] {logging_mixin.py:190} INFO - [2024-09-26T13:25:06.948+0000] {dag.py:3239} INFO - Sync 1 DAGs
[2024-09-26T13:25:06.960+0000] {logging_mixin.py:190} INFO - [2024-09-26T13:25:06.960+0000] {dag.py:4180} INFO - Setting next_dagrun for tutorial_taskflow_api to None, run_after=None
[2024-09-26T13:25:06.975+0000] {processor.py:208} INFO - Processing /home/airflow/.local/lib/python3.12/site-packages/airflow/example_dags/tutorial_taskflow_api.py took 0.055 seconds
[2024-09-26T13:25:37.339+0000] {processor.py:186} INFO - Started process (PID=16612) to work on /home/airflow/.local/lib/python3.12/site-packages/airflow/example_dags/tutorial_taskflow_api.py
[2024-09-26T13:25:37.339+0000] {processor.py:914} INFO - Processing file /home/airflow/.local/lib/python3.12/site-packages/airflow/example_dags/tutorial_taskflow_api.py for tasks to queue
[2024-09-26T13:25:37.341+0000] {logging_mixin.py:190} INFO - [2024-09-26T13:25:37.341+0000] {dagbag.py:588} INFO - Filling up the DagBag from /home/airflow/.local/lib/python3.12/site-packages/airflow/example_dags/tutorial_taskflow_api.py
[2024-09-26T13:25:37.347+0000] {processor.py:925} INFO - DAG(s) 'tutorial_taskflow_api' retrieved from /home/airflow/.local/lib/python3.12/site-packages/airflow/example_dags/tutorial_taskflow_api.py
[2024-09-26T13:25:37.362+0000] {logging_mixin.py:190} INFO - [2024-09-26T13:25:37.362+0000] {dag.py:3239} INFO - Sync 1 DAGs
[2024-09-26T13:25:37.375+0000] {logging_mixin.py:190} INFO - [2024-09-26T13:25:37.375+0000] {dag.py:4180} INFO - Setting next_dagrun for tutorial_taskflow_api to None, run_after=None
[2024-09-26T13:25:37.390+0000] {processor.py:208} INFO - Processing /home/airflow/.local/lib/python3.12/site-packages/airflow/example_dags/tutorial_taskflow_api.py took 0.056 seconds
[2024-09-26T13:26:07.740+0000] {processor.py:186} INFO - Started process (PID=16896) to work on /home/airflow/.local/lib/python3.12/site-packages/airflow/example_dags/tutorial_taskflow_api.py
[2024-09-26T13:26:07.741+0000] {processor.py:914} INFO - Processing file /home/airflow/.local/lib/python3.12/site-packages/airflow/example_dags/tutorial_taskflow_api.py for tasks to queue
[2024-09-26T13:26:07.744+0000] {logging_mixin.py:190} INFO - [2024-09-26T13:26:07.743+0000] {dagbag.py:588} INFO - Filling up the DagBag from /home/airflow/.local/lib/python3.12/site-packages/airflow/example_dags/tutorial_taskflow_api.py
[2024-09-26T13:26:07.750+0000] {processor.py:925} INFO - DAG(s) 'tutorial_taskflow_api' retrieved from /home/airflow/.local/lib/python3.12/site-packages/airflow/example_dags/tutorial_taskflow_api.py
[2024-09-26T13:26:07.770+0000] {logging_mixin.py:190} INFO - [2024-09-26T13:26:07.769+0000] {dag.py:3239} INFO - Sync 1 DAGs
[2024-09-26T13:26:07.787+0000] {logging_mixin.py:190} INFO - [2024-09-26T13:26:07.786+0000] {dag.py:4180} INFO - Setting next_dagrun for tutorial_taskflow_api to None, run_after=None
[2024-09-26T13:26:07.804+0000] {processor.py:208} INFO - Processing /home/airflow/.local/lib/python3.12/site-packages/airflow/example_dags/tutorial_taskflow_api.py took 0.068 seconds
[2024-09-26T13:26:38.513+0000] {processor.py:186} INFO - Started process (PID=17184) to work on /home/airflow/.local/lib/python3.12/site-packages/airflow/example_dags/tutorial_taskflow_api.py
[2024-09-26T13:26:38.514+0000] {processor.py:914} INFO - Processing file /home/airflow/.local/lib/python3.12/site-packages/airflow/example_dags/tutorial_taskflow_api.py for tasks to queue
[2024-09-26T13:26:38.516+0000] {logging_mixin.py:190} INFO - [2024-09-26T13:26:38.516+0000] {dagbag.py:588} INFO - Filling up the DagBag from /home/airflow/.local/lib/python3.12/site-packages/airflow/example_dags/tutorial_taskflow_api.py
[2024-09-26T13:26:38.522+0000] {processor.py:925} INFO - DAG(s) 'tutorial_taskflow_api' retrieved from /home/airflow/.local/lib/python3.12/site-packages/airflow/example_dags/tutorial_taskflow_api.py
[2024-09-26T13:26:38.536+0000] {logging_mixin.py:190} INFO - [2024-09-26T13:26:38.536+0000] {dag.py:3239} INFO - Sync 1 DAGs
[2024-09-26T13:26:38.548+0000] {logging_mixin.py:190} INFO - [2024-09-26T13:26:38.548+0000] {dag.py:4180} INFO - Setting next_dagrun for tutorial_taskflow_api to None, run_after=None
[2024-09-26T13:26:38.562+0000] {processor.py:208} INFO - Processing /home/airflow/.local/lib/python3.12/site-packages/airflow/example_dags/tutorial_taskflow_api.py took 0.053 seconds
[2024-09-26T13:27:09.010+0000] {processor.py:186} INFO - Started process (PID=17470) to work on /home/airflow/.local/lib/python3.12/site-packages/airflow/example_dags/tutorial_taskflow_api.py
[2024-09-26T13:27:09.011+0000] {processor.py:914} INFO - Processing file /home/airflow/.local/lib/python3.12/site-packages/airflow/example_dags/tutorial_taskflow_api.py for tasks to queue
[2024-09-26T13:27:09.013+0000] {logging_mixin.py:190} INFO - [2024-09-26T13:27:09.013+0000] {dagbag.py:588} INFO - Filling up the DagBag from /home/airflow/.local/lib/python3.12/site-packages/airflow/example_dags/tutorial_taskflow_api.py
[2024-09-26T13:27:09.019+0000] {processor.py:925} INFO - DAG(s) 'tutorial_taskflow_api' retrieved from /home/airflow/.local/lib/python3.12/site-packages/airflow/example_dags/tutorial_taskflow_api.py
[2024-09-26T13:27:09.033+0000] {logging_mixin.py:190} INFO - [2024-09-26T13:27:09.033+0000] {dag.py:3239} INFO - Sync 1 DAGs
[2024-09-26T13:27:09.045+0000] {logging_mixin.py:190} INFO - [2024-09-26T13:27:09.045+0000] {dag.py:4180} INFO - Setting next_dagrun for tutorial_taskflow_api to None, run_after=None
[2024-09-26T13:27:09.060+0000] {processor.py:208} INFO - Processing /home/airflow/.local/lib/python3.12/site-packages/airflow/example_dags/tutorial_taskflow_api.py took 0.054 seconds
[2024-09-26T13:27:39.961+0000] {processor.py:186} INFO - Started process (PID=17756) to work on /home/airflow/.local/lib/python3.12/site-packages/airflow/example_dags/tutorial_taskflow_api.py
[2024-09-26T13:27:39.962+0000] {processor.py:914} INFO - Processing file /home/airflow/.local/lib/python3.12/site-packages/airflow/example_dags/tutorial_taskflow_api.py for tasks to queue
[2024-09-26T13:27:39.964+0000] {logging_mixin.py:190} INFO - [2024-09-26T13:27:39.964+0000] {dagbag.py:588} INFO - Filling up the DagBag from /home/airflow/.local/lib/python3.12/site-packages/airflow/example_dags/tutorial_taskflow_api.py
[2024-09-26T13:27:39.971+0000] {processor.py:925} INFO - DAG(s) 'tutorial_taskflow_api' retrieved from /home/airflow/.local/lib/python3.12/site-packages/airflow/example_dags/tutorial_taskflow_api.py
[2024-09-26T13:27:39.986+0000] {logging_mixin.py:190} INFO - [2024-09-26T13:27:39.986+0000] {dag.py:3239} INFO - Sync 1 DAGs
[2024-09-26T13:27:39.998+0000] {logging_mixin.py:190} INFO - [2024-09-26T13:27:39.998+0000] {dag.py:4180} INFO - Setting next_dagrun for tutorial_taskflow_api to None, run_after=None
[2024-09-26T13:27:40.016+0000] {processor.py:208} INFO - Processing /home/airflow/.local/lib/python3.12/site-packages/airflow/example_dags/tutorial_taskflow_api.py took 0.063 seconds
[2024-09-26T13:28:10.601+0000] {processor.py:186} INFO - Started process (PID=18042) to work on /home/airflow/.local/lib/python3.12/site-packages/airflow/example_dags/tutorial_taskflow_api.py
[2024-09-26T13:28:10.602+0000] {processor.py:914} INFO - Processing file /home/airflow/.local/lib/python3.12/site-packages/airflow/example_dags/tutorial_taskflow_api.py for tasks to queue
[2024-09-26T13:28:10.725+0000] {logging_mixin.py:190} INFO - [2024-09-26T13:28:10.724+0000] {dagbag.py:588} INFO - Filling up the DagBag from /home/airflow/.local/lib/python3.12/site-packages/airflow/example_dags/tutorial_taskflow_api.py
[2024-09-26T13:28:10.729+0000] {processor.py:925} INFO - DAG(s) 'tutorial_taskflow_api' retrieved from /home/airflow/.local/lib/python3.12/site-packages/airflow/example_dags/tutorial_taskflow_api.py
[2024-09-26T13:28:10.741+0000] {logging_mixin.py:190} INFO - [2024-09-26T13:28:10.741+0000] {dag.py:3239} INFO - Sync 1 DAGs
[2024-09-26T13:28:10.752+0000] {logging_mixin.py:190} INFO - [2024-09-26T13:28:10.752+0000] {dag.py:4180} INFO - Setting next_dagrun for tutorial_taskflow_api to None, run_after=None
[2024-09-26T13:28:10.767+0000] {processor.py:208} INFO - Processing /home/airflow/.local/lib/python3.12/site-packages/airflow/example_dags/tutorial_taskflow_api.py took 0.171 seconds
[2024-09-26T13:28:41.216+0000] {processor.py:186} INFO - Started process (PID=18328) to work on /home/airflow/.local/lib/python3.12/site-packages/airflow/example_dags/tutorial_taskflow_api.py
[2024-09-26T13:28:41.216+0000] {processor.py:914} INFO - Processing file /home/airflow/.local/lib/python3.12/site-packages/airflow/example_dags/tutorial_taskflow_api.py for tasks to queue
[2024-09-26T13:28:41.218+0000] {logging_mixin.py:190} INFO - [2024-09-26T13:28:41.218+0000] {dagbag.py:588} INFO - Filling up the DagBag from /home/airflow/.local/lib/python3.12/site-packages/airflow/example_dags/tutorial_taskflow_api.py
[2024-09-26T13:28:41.225+0000] {processor.py:925} INFO - DAG(s) 'tutorial_taskflow_api' retrieved from /home/airflow/.local/lib/python3.12/site-packages/airflow/example_dags/tutorial_taskflow_api.py
[2024-09-26T13:28:41.240+0000] {logging_mixin.py:190} INFO - [2024-09-26T13:28:41.240+0000] {dag.py:3239} INFO - Sync 1 DAGs
[2024-09-26T13:28:41.252+0000] {logging_mixin.py:190} INFO - [2024-09-26T13:28:41.252+0000] {dag.py:4180} INFO - Setting next_dagrun for tutorial_taskflow_api to None, run_after=None
[2024-09-26T13:28:41.266+0000] {processor.py:208} INFO - Processing /home/airflow/.local/lib/python3.12/site-packages/airflow/example_dags/tutorial_taskflow_api.py took 0.055 seconds
[2024-09-26T13:29:11.508+0000] {processor.py:186} INFO - Started process (PID=18614) to work on /home/airflow/.local/lib/python3.12/site-packages/airflow/example_dags/tutorial_taskflow_api.py
[2024-09-26T13:29:11.509+0000] {processor.py:914} INFO - Processing file /home/airflow/.local/lib/python3.12/site-packages/airflow/example_dags/tutorial_taskflow_api.py for tasks to queue
[2024-09-26T13:29:11.511+0000] {logging_mixin.py:190} INFO - [2024-09-26T13:29:11.511+0000] {dagbag.py:588} INFO - Filling up the DagBag from /home/airflow/.local/lib/python3.12/site-packages/airflow/example_dags/tutorial_taskflow_api.py
[2024-09-26T13:29:11.517+0000] {processor.py:925} INFO - DAG(s) 'tutorial_taskflow_api' retrieved from /home/airflow/.local/lib/python3.12/site-packages/airflow/example_dags/tutorial_taskflow_api.py
[2024-09-26T13:29:11.531+0000] {logging_mixin.py:190} INFO - [2024-09-26T13:29:11.531+0000] {dag.py:3239} INFO - Sync 1 DAGs
[2024-09-26T13:29:11.543+0000] {logging_mixin.py:190} INFO - [2024-09-26T13:29:11.543+0000] {dag.py:4180} INFO - Setting next_dagrun for tutorial_taskflow_api to None, run_after=None
[2024-09-26T13:29:11.557+0000] {processor.py:208} INFO - Processing /home/airflow/.local/lib/python3.12/site-packages/airflow/example_dags/tutorial_taskflow_api.py took 0.053 seconds
[2024-09-26T13:29:41.727+0000] {processor.py:186} INFO - Started process (PID=18900) to work on /home/airflow/.local/lib/python3.12/site-packages/airflow/example_dags/tutorial_taskflow_api.py
[2024-09-26T13:29:41.728+0000] {processor.py:914} INFO - Processing file /home/airflow/.local/lib/python3.12/site-packages/airflow/example_dags/tutorial_taskflow_api.py for tasks to queue
[2024-09-26T13:29:41.730+0000] {logging_mixin.py:190} INFO - [2024-09-26T13:29:41.730+0000] {dagbag.py:588} INFO - Filling up the DagBag from /home/airflow/.local/lib/python3.12/site-packages/airflow/example_dags/tutorial_taskflow_api.py
[2024-09-26T13:29:41.736+0000] {processor.py:925} INFO - DAG(s) 'tutorial_taskflow_api' retrieved from /home/airflow/.local/lib/python3.12/site-packages/airflow/example_dags/tutorial_taskflow_api.py
[2024-09-26T13:29:41.750+0000] {logging_mixin.py:190} INFO - [2024-09-26T13:29:41.750+0000] {dag.py:3239} INFO - Sync 1 DAGs
[2024-09-26T13:29:41.762+0000] {logging_mixin.py:190} INFO - [2024-09-26T13:29:41.762+0000] {dag.py:4180} INFO - Setting next_dagrun for tutorial_taskflow_api to None, run_after=None
[2024-09-26T13:29:41.776+0000] {processor.py:208} INFO - Processing /home/airflow/.local/lib/python3.12/site-packages/airflow/example_dags/tutorial_taskflow_api.py took 0.053 seconds
[2024-09-26T13:30:12.009+0000] {processor.py:186} INFO - Started process (PID=19186) to work on /home/airflow/.local/lib/python3.12/site-packages/airflow/example_dags/tutorial_taskflow_api.py
[2024-09-26T13:30:12.010+0000] {processor.py:914} INFO - Processing file /home/airflow/.local/lib/python3.12/site-packages/airflow/example_dags/tutorial_taskflow_api.py for tasks to queue
[2024-09-26T13:30:12.012+0000] {logging_mixin.py:190} INFO - [2024-09-26T13:30:12.011+0000] {dagbag.py:588} INFO - Filling up the DagBag from /home/airflow/.local/lib/python3.12/site-packages/airflow/example_dags/tutorial_taskflow_api.py
[2024-09-26T13:30:12.018+0000] {processor.py:925} INFO - DAG(s) 'tutorial_taskflow_api' retrieved from /home/airflow/.local/lib/python3.12/site-packages/airflow/example_dags/tutorial_taskflow_api.py
[2024-09-26T13:30:12.031+0000] {logging_mixin.py:190} INFO - [2024-09-26T13:30:12.031+0000] {dag.py:3239} INFO - Sync 1 DAGs
[2024-09-26T13:30:12.043+0000] {logging_mixin.py:190} INFO - [2024-09-26T13:30:12.043+0000] {dag.py:4180} INFO - Setting next_dagrun for tutorial_taskflow_api to None, run_after=None
[2024-09-26T13:30:12.058+0000] {processor.py:208} INFO - Processing /home/airflow/.local/lib/python3.12/site-packages/airflow/example_dags/tutorial_taskflow_api.py took 0.053 seconds
[2024-09-26T13:30:42.975+0000] {processor.py:186} INFO - Started process (PID=19472) to work on /home/airflow/.local/lib/python3.12/site-packages/airflow/example_dags/tutorial_taskflow_api.py
[2024-09-26T13:30:42.975+0000] {processor.py:914} INFO - Processing file /home/airflow/.local/lib/python3.12/site-packages/airflow/example_dags/tutorial_taskflow_api.py for tasks to queue
[2024-09-26T13:30:42.977+0000] {logging_mixin.py:190} INFO - [2024-09-26T13:30:42.977+0000] {dagbag.py:588} INFO - Filling up the DagBag from /home/airflow/.local/lib/python3.12/site-packages/airflow/example_dags/tutorial_taskflow_api.py
[2024-09-26T13:30:42.983+0000] {processor.py:925} INFO - DAG(s) 'tutorial_taskflow_api' retrieved from /home/airflow/.local/lib/python3.12/site-packages/airflow/example_dags/tutorial_taskflow_api.py
[2024-09-26T13:30:42.998+0000] {logging_mixin.py:190} INFO - [2024-09-26T13:30:42.997+0000] {dag.py:3239} INFO - Sync 1 DAGs
[2024-09-26T13:30:43.009+0000] {logging_mixin.py:190} INFO - [2024-09-26T13:30:43.009+0000] {dag.py:4180} INFO - Setting next_dagrun for tutorial_taskflow_api to None, run_after=None
[2024-09-26T13:30:43.026+0000] {processor.py:208} INFO - Processing /home/airflow/.local/lib/python3.12/site-packages/airflow/example_dags/tutorial_taskflow_api.py took 0.056 seconds
[2024-09-26T13:31:13.843+0000] {processor.py:186} INFO - Started process (PID=19758) to work on /home/airflow/.local/lib/python3.12/site-packages/airflow/example_dags/tutorial_taskflow_api.py
[2024-09-26T13:31:13.844+0000] {processor.py:914} INFO - Processing file /home/airflow/.local/lib/python3.12/site-packages/airflow/example_dags/tutorial_taskflow_api.py for tasks to queue
[2024-09-26T13:31:13.846+0000] {logging_mixin.py:190} INFO - [2024-09-26T13:31:13.846+0000] {dagbag.py:588} INFO - Filling up the DagBag from /home/airflow/.local/lib/python3.12/site-packages/airflow/example_dags/tutorial_taskflow_api.py
[2024-09-26T13:31:13.852+0000] {processor.py:925} INFO - DAG(s) 'tutorial_taskflow_api' retrieved from /home/airflow/.local/lib/python3.12/site-packages/airflow/example_dags/tutorial_taskflow_api.py
[2024-09-26T13:31:13.866+0000] {logging_mixin.py:190} INFO - [2024-09-26T13:31:13.865+0000] {dag.py:3239} INFO - Sync 1 DAGs
[2024-09-26T13:31:13.877+0000] {logging_mixin.py:190} INFO - [2024-09-26T13:31:13.877+0000] {dag.py:4180} INFO - Setting next_dagrun for tutorial_taskflow_api to None, run_after=None
[2024-09-26T13:31:13.903+0000] {processor.py:208} INFO - Processing /home/airflow/.local/lib/python3.12/site-packages/airflow/example_dags/tutorial_taskflow_api.py took 0.063 seconds
[2024-09-26T13:31:44.740+0000] {processor.py:186} INFO - Started process (PID=20051) to work on /home/airflow/.local/lib/python3.12/site-packages/airflow/example_dags/tutorial_taskflow_api.py
[2024-09-26T13:31:44.741+0000] {processor.py:914} INFO - Processing file /home/airflow/.local/lib/python3.12/site-packages/airflow/example_dags/tutorial_taskflow_api.py for tasks to queue
[2024-09-26T13:31:44.743+0000] {logging_mixin.py:190} INFO - [2024-09-26T13:31:44.743+0000] {dagbag.py:588} INFO - Filling up the DagBag from /home/airflow/.local/lib/python3.12/site-packages/airflow/example_dags/tutorial_taskflow_api.py
[2024-09-26T13:31:44.749+0000] {processor.py:925} INFO - DAG(s) 'tutorial_taskflow_api' retrieved from /home/airflow/.local/lib/python3.12/site-packages/airflow/example_dags/tutorial_taskflow_api.py
[2024-09-26T13:31:44.763+0000] {logging_mixin.py:190} INFO - [2024-09-26T13:31:44.763+0000] {dag.py:3239} INFO - Sync 1 DAGs
[2024-09-26T13:31:44.775+0000] {logging_mixin.py:190} INFO - [2024-09-26T13:31:44.775+0000] {dag.py:4180} INFO - Setting next_dagrun for tutorial_taskflow_api to None, run_after=None
[2024-09-26T13:31:44.790+0000] {processor.py:208} INFO - Processing /home/airflow/.local/lib/python3.12/site-packages/airflow/example_dags/tutorial_taskflow_api.py took 0.055 seconds
[2024-09-26T13:32:15.592+0000] {processor.py:186} INFO - Started process (PID=20337) to work on /home/airflow/.local/lib/python3.12/site-packages/airflow/example_dags/tutorial_taskflow_api.py
[2024-09-26T13:32:15.592+0000] {processor.py:914} INFO - Processing file /home/airflow/.local/lib/python3.12/site-packages/airflow/example_dags/tutorial_taskflow_api.py for tasks to queue
[2024-09-26T13:32:15.595+0000] {logging_mixin.py:190} INFO - [2024-09-26T13:32:15.594+0000] {dagbag.py:588} INFO - Filling up the DagBag from /home/airflow/.local/lib/python3.12/site-packages/airflow/example_dags/tutorial_taskflow_api.py
[2024-09-26T13:32:15.601+0000] {processor.py:925} INFO - DAG(s) 'tutorial_taskflow_api' retrieved from /home/airflow/.local/lib/python3.12/site-packages/airflow/example_dags/tutorial_taskflow_api.py
[2024-09-26T13:32:15.615+0000] {logging_mixin.py:190} INFO - [2024-09-26T13:32:15.615+0000] {dag.py:3239} INFO - Sync 1 DAGs
[2024-09-26T13:32:15.627+0000] {logging_mixin.py:190} INFO - [2024-09-26T13:32:15.627+0000] {dag.py:4180} INFO - Setting next_dagrun for tutorial_taskflow_api to None, run_after=None
[2024-09-26T13:32:15.642+0000] {processor.py:208} INFO - Processing /home/airflow/.local/lib/python3.12/site-packages/airflow/example_dags/tutorial_taskflow_api.py took 0.054 seconds
[2024-09-26T13:32:46.304+0000] {processor.py:186} INFO - Started process (PID=20623) to work on /home/airflow/.local/lib/python3.12/site-packages/airflow/example_dags/tutorial_taskflow_api.py
[2024-09-26T13:32:46.305+0000] {processor.py:914} INFO - Processing file /home/airflow/.local/lib/python3.12/site-packages/airflow/example_dags/tutorial_taskflow_api.py for tasks to queue
[2024-09-26T13:32:46.307+0000] {logging_mixin.py:190} INFO - [2024-09-26T13:32:46.307+0000] {dagbag.py:588} INFO - Filling up the DagBag from /home/airflow/.local/lib/python3.12/site-packages/airflow/example_dags/tutorial_taskflow_api.py
[2024-09-26T13:32:46.314+0000] {processor.py:925} INFO - DAG(s) 'tutorial_taskflow_api' retrieved from /home/airflow/.local/lib/python3.12/site-packages/airflow/example_dags/tutorial_taskflow_api.py
[2024-09-26T13:32:46.329+0000] {logging_mixin.py:190} INFO - [2024-09-26T13:32:46.329+0000] {dag.py:3239} INFO - Sync 1 DAGs
[2024-09-26T13:32:46.341+0000] {logging_mixin.py:190} INFO - [2024-09-26T13:32:46.341+0000] {dag.py:4180} INFO - Setting next_dagrun for tutorial_taskflow_api to None, run_after=None
[2024-09-26T13:32:46.355+0000] {processor.py:208} INFO - Processing /home/airflow/.local/lib/python3.12/site-packages/airflow/example_dags/tutorial_taskflow_api.py took 0.055 seconds
[2024-09-26T13:33:17.154+0000] {processor.py:186} INFO - Started process (PID=20909) to work on /home/airflow/.local/lib/python3.12/site-packages/airflow/example_dags/tutorial_taskflow_api.py
[2024-09-26T13:33:17.155+0000] {processor.py:914} INFO - Processing file /home/airflow/.local/lib/python3.12/site-packages/airflow/example_dags/tutorial_taskflow_api.py for tasks to queue
[2024-09-26T13:33:17.157+0000] {logging_mixin.py:190} INFO - [2024-09-26T13:33:17.156+0000] {dagbag.py:588} INFO - Filling up the DagBag from /home/airflow/.local/lib/python3.12/site-packages/airflow/example_dags/tutorial_taskflow_api.py
[2024-09-26T13:33:17.163+0000] {processor.py:925} INFO - DAG(s) 'tutorial_taskflow_api' retrieved from /home/airflow/.local/lib/python3.12/site-packages/airflow/example_dags/tutorial_taskflow_api.py
[2024-09-26T13:33:17.177+0000] {logging_mixin.py:190} INFO - [2024-09-26T13:33:17.177+0000] {dag.py:3239} INFO - Sync 1 DAGs
[2024-09-26T13:33:17.189+0000] {logging_mixin.py:190} INFO - [2024-09-26T13:33:17.188+0000] {dag.py:4180} INFO - Setting next_dagrun for tutorial_taskflow_api to None, run_after=None
[2024-09-26T13:33:17.204+0000] {processor.py:208} INFO - Processing /home/airflow/.local/lib/python3.12/site-packages/airflow/example_dags/tutorial_taskflow_api.py took 0.054 seconds
[2024-09-26T13:33:48.032+0000] {processor.py:186} INFO - Started process (PID=21195) to work on /home/airflow/.local/lib/python3.12/site-packages/airflow/example_dags/tutorial_taskflow_api.py
[2024-09-26T13:33:48.033+0000] {processor.py:914} INFO - Processing file /home/airflow/.local/lib/python3.12/site-packages/airflow/example_dags/tutorial_taskflow_api.py for tasks to queue
[2024-09-26T13:33:48.035+0000] {logging_mixin.py:190} INFO - [2024-09-26T13:33:48.035+0000] {dagbag.py:588} INFO - Filling up the DagBag from /home/airflow/.local/lib/python3.12/site-packages/airflow/example_dags/tutorial_taskflow_api.py
[2024-09-26T13:33:48.041+0000] {processor.py:925} INFO - DAG(s) 'tutorial_taskflow_api' retrieved from /home/airflow/.local/lib/python3.12/site-packages/airflow/example_dags/tutorial_taskflow_api.py
[2024-09-26T13:33:48.055+0000] {logging_mixin.py:190} INFO - [2024-09-26T13:33:48.055+0000] {dag.py:3239} INFO - Sync 1 DAGs
[2024-09-26T13:33:48.068+0000] {logging_mixin.py:190} INFO - [2024-09-26T13:33:48.068+0000] {dag.py:4180} INFO - Setting next_dagrun for tutorial_taskflow_api to None, run_after=None
[2024-09-26T13:33:48.085+0000] {processor.py:208} INFO - Processing /home/airflow/.local/lib/python3.12/site-packages/airflow/example_dags/tutorial_taskflow_api.py took 0.057 seconds
[2024-09-26T13:34:18.987+0000] {processor.py:186} INFO - Started process (PID=21481) to work on /home/airflow/.local/lib/python3.12/site-packages/airflow/example_dags/tutorial_taskflow_api.py
[2024-09-26T13:34:18.988+0000] {processor.py:914} INFO - Processing file /home/airflow/.local/lib/python3.12/site-packages/airflow/example_dags/tutorial_taskflow_api.py for tasks to queue
[2024-09-26T13:34:18.990+0000] {logging_mixin.py:190} INFO - [2024-09-26T13:34:18.990+0000] {dagbag.py:588} INFO - Filling up the DagBag from /home/airflow/.local/lib/python3.12/site-packages/airflow/example_dags/tutorial_taskflow_api.py
[2024-09-26T13:34:18.996+0000] {processor.py:925} INFO - DAG(s) 'tutorial_taskflow_api' retrieved from /home/airflow/.local/lib/python3.12/site-packages/airflow/example_dags/tutorial_taskflow_api.py
[2024-09-26T13:34:19.009+0000] {logging_mixin.py:190} INFO - [2024-09-26T13:34:19.009+0000] {dag.py:3239} INFO - Sync 1 DAGs
[2024-09-26T13:34:19.021+0000] {logging_mixin.py:190} INFO - [2024-09-26T13:34:19.021+0000] {dag.py:4180} INFO - Setting next_dagrun for tutorial_taskflow_api to None, run_after=None
[2024-09-26T13:34:19.035+0000] {processor.py:208} INFO - Processing /home/airflow/.local/lib/python3.12/site-packages/airflow/example_dags/tutorial_taskflow_api.py took 0.052 seconds
[2024-09-26T13:34:49.692+0000] {processor.py:186} INFO - Started process (PID=21767) to work on /home/airflow/.local/lib/python3.12/site-packages/airflow/example_dags/tutorial_taskflow_api.py
[2024-09-26T13:34:49.693+0000] {processor.py:914} INFO - Processing file /home/airflow/.local/lib/python3.12/site-packages/airflow/example_dags/tutorial_taskflow_api.py for tasks to queue
[2024-09-26T13:34:49.696+0000] {logging_mixin.py:190} INFO - [2024-09-26T13:34:49.695+0000] {dagbag.py:588} INFO - Filling up the DagBag from /home/airflow/.local/lib/python3.12/site-packages/airflow/example_dags/tutorial_taskflow_api.py
[2024-09-26T13:34:49.702+0000] {processor.py:925} INFO - DAG(s) 'tutorial_taskflow_api' retrieved from /home/airflow/.local/lib/python3.12/site-packages/airflow/example_dags/tutorial_taskflow_api.py
[2024-09-26T13:34:49.718+0000] {logging_mixin.py:190} INFO - [2024-09-26T13:34:49.717+0000] {dag.py:3239} INFO - Sync 1 DAGs
[2024-09-26T13:34:49.730+0000] {logging_mixin.py:190} INFO - [2024-09-26T13:34:49.730+0000] {dag.py:4180} INFO - Setting next_dagrun for tutorial_taskflow_api to None, run_after=None
[2024-09-26T13:34:49.747+0000] {processor.py:208} INFO - Processing /home/airflow/.local/lib/python3.12/site-packages/airflow/example_dags/tutorial_taskflow_api.py took 0.060 seconds
[2024-09-26T13:35:19.948+0000] {processor.py:186} INFO - Started process (PID=22053) to work on /home/airflow/.local/lib/python3.12/site-packages/airflow/example_dags/tutorial_taskflow_api.py
[2024-09-26T13:35:19.949+0000] {processor.py:914} INFO - Processing file /home/airflow/.local/lib/python3.12/site-packages/airflow/example_dags/tutorial_taskflow_api.py for tasks to queue
[2024-09-26T13:35:19.953+0000] {logging_mixin.py:190} INFO - [2024-09-26T13:35:19.952+0000] {dagbag.py:588} INFO - Filling up the DagBag from /home/airflow/.local/lib/python3.12/site-packages/airflow/example_dags/tutorial_taskflow_api.py
[2024-09-26T13:35:19.963+0000] {processor.py:925} INFO - DAG(s) 'tutorial_taskflow_api' retrieved from /home/airflow/.local/lib/python3.12/site-packages/airflow/example_dags/tutorial_taskflow_api.py
[2024-09-26T13:35:19.982+0000] {logging_mixin.py:190} INFO - [2024-09-26T13:35:19.982+0000] {dag.py:3239} INFO - Sync 1 DAGs
[2024-09-26T13:35:19.996+0000] {logging_mixin.py:190} INFO - [2024-09-26T13:35:19.996+0000] {dag.py:4180} INFO - Setting next_dagrun for tutorial_taskflow_api to None, run_after=None
[2024-09-26T13:35:20.015+0000] {processor.py:208} INFO - Processing /home/airflow/.local/lib/python3.12/site-packages/airflow/example_dags/tutorial_taskflow_api.py took 0.073 seconds
[2024-09-26T13:35:50.137+0000] {processor.py:186} INFO - Started process (PID=22337) to work on /home/airflow/.local/lib/python3.12/site-packages/airflow/example_dags/tutorial_taskflow_api.py
[2024-09-26T13:35:50.138+0000] {processor.py:914} INFO - Processing file /home/airflow/.local/lib/python3.12/site-packages/airflow/example_dags/tutorial_taskflow_api.py for tasks to queue
[2024-09-26T13:35:50.140+0000] {logging_mixin.py:190} INFO - [2024-09-26T13:35:50.140+0000] {dagbag.py:588} INFO - Filling up the DagBag from /home/airflow/.local/lib/python3.12/site-packages/airflow/example_dags/tutorial_taskflow_api.py
[2024-09-26T13:35:50.146+0000] {processor.py:925} INFO - DAG(s) 'tutorial_taskflow_api' retrieved from /home/airflow/.local/lib/python3.12/site-packages/airflow/example_dags/tutorial_taskflow_api.py
[2024-09-26T13:35:50.160+0000] {logging_mixin.py:190} INFO - [2024-09-26T13:35:50.160+0000] {dag.py:3239} INFO - Sync 1 DAGs
[2024-09-26T13:35:50.174+0000] {logging_mixin.py:190} INFO - [2024-09-26T13:35:50.173+0000] {dag.py:4180} INFO - Setting next_dagrun for tutorial_taskflow_api to None, run_after=None
[2024-09-26T13:35:50.189+0000] {processor.py:208} INFO - Processing /home/airflow/.local/lib/python3.12/site-packages/airflow/example_dags/tutorial_taskflow_api.py took 0.056 seconds
[2024-09-26T13:36:21.443+0000] {processor.py:186} INFO - Started process (PID=22625) to work on /home/airflow/.local/lib/python3.12/site-packages/airflow/example_dags/tutorial_taskflow_api.py
[2024-09-26T13:36:21.444+0000] {processor.py:914} INFO - Processing file /home/airflow/.local/lib/python3.12/site-packages/airflow/example_dags/tutorial_taskflow_api.py for tasks to queue
[2024-09-26T13:36:21.446+0000] {logging_mixin.py:190} INFO - [2024-09-26T13:36:21.446+0000] {dagbag.py:588} INFO - Filling up the DagBag from /home/airflow/.local/lib/python3.12/site-packages/airflow/example_dags/tutorial_taskflow_api.py
[2024-09-26T13:36:21.452+0000] {processor.py:925} INFO - DAG(s) 'tutorial_taskflow_api' retrieved from /home/airflow/.local/lib/python3.12/site-packages/airflow/example_dags/tutorial_taskflow_api.py
[2024-09-26T13:36:21.467+0000] {logging_mixin.py:190} INFO - [2024-09-26T13:36:21.467+0000] {dag.py:3239} INFO - Sync 1 DAGs
[2024-09-26T13:36:21.481+0000] {logging_mixin.py:190} INFO - [2024-09-26T13:36:21.480+0000] {dag.py:4180} INFO - Setting next_dagrun for tutorial_taskflow_api to None, run_after=None
[2024-09-26T13:36:21.498+0000] {processor.py:208} INFO - Processing /home/airflow/.local/lib/python3.12/site-packages/airflow/example_dags/tutorial_taskflow_api.py took 0.060 seconds
[2024-09-26T13:36:51.659+0000] {processor.py:186} INFO - Started process (PID=22916) to work on /home/airflow/.local/lib/python3.12/site-packages/airflow/example_dags/tutorial_taskflow_api.py
[2024-09-26T13:36:51.660+0000] {processor.py:914} INFO - Processing file /home/airflow/.local/lib/python3.12/site-packages/airflow/example_dags/tutorial_taskflow_api.py for tasks to queue
[2024-09-26T13:36:51.662+0000] {logging_mixin.py:190} INFO - [2024-09-26T13:36:51.661+0000] {dagbag.py:588} INFO - Filling up the DagBag from /home/airflow/.local/lib/python3.12/site-packages/airflow/example_dags/tutorial_taskflow_api.py
[2024-09-26T13:36:51.668+0000] {processor.py:925} INFO - DAG(s) 'tutorial_taskflow_api' retrieved from /home/airflow/.local/lib/python3.12/site-packages/airflow/example_dags/tutorial_taskflow_api.py
[2024-09-26T13:36:51.682+0000] {logging_mixin.py:190} INFO - [2024-09-26T13:36:51.682+0000] {dag.py:3239} INFO - Sync 1 DAGs
[2024-09-26T13:36:51.694+0000] {logging_mixin.py:190} INFO - [2024-09-26T13:36:51.694+0000] {dag.py:4180} INFO - Setting next_dagrun for tutorial_taskflow_api to None, run_after=None
[2024-09-26T13:36:51.710+0000] {processor.py:208} INFO - Processing /home/airflow/.local/lib/python3.12/site-packages/airflow/example_dags/tutorial_taskflow_api.py took 0.055 seconds
[2024-09-26T13:37:21.958+0000] {processor.py:186} INFO - Started process (PID=23207) to work on /home/airflow/.local/lib/python3.12/site-packages/airflow/example_dags/tutorial_taskflow_api.py
[2024-09-26T13:37:21.958+0000] {processor.py:914} INFO - Processing file /home/airflow/.local/lib/python3.12/site-packages/airflow/example_dags/tutorial_taskflow_api.py for tasks to queue
[2024-09-26T13:37:21.960+0000] {logging_mixin.py:190} INFO - [2024-09-26T13:37:21.960+0000] {dagbag.py:588} INFO - Filling up the DagBag from /home/airflow/.local/lib/python3.12/site-packages/airflow/example_dags/tutorial_taskflow_api.py
[2024-09-26T13:37:21.966+0000] {processor.py:925} INFO - DAG(s) 'tutorial_taskflow_api' retrieved from /home/airflow/.local/lib/python3.12/site-packages/airflow/example_dags/tutorial_taskflow_api.py
[2024-09-26T13:37:21.980+0000] {logging_mixin.py:190} INFO - [2024-09-26T13:37:21.980+0000] {dag.py:3239} INFO - Sync 1 DAGs
[2024-09-26T13:37:21.993+0000] {logging_mixin.py:190} INFO - [2024-09-26T13:37:21.993+0000] {dag.py:4180} INFO - Setting next_dagrun for tutorial_taskflow_api to None, run_after=None
[2024-09-26T13:37:22.009+0000] {processor.py:208} INFO - Processing /home/airflow/.local/lib/python3.12/site-packages/airflow/example_dags/tutorial_taskflow_api.py took 0.056 seconds
[2024-09-26T13:37:52.095+0000] {processor.py:186} INFO - Started process (PID=23496) to work on /home/airflow/.local/lib/python3.12/site-packages/airflow/example_dags/tutorial_taskflow_api.py
[2024-09-26T13:37:52.096+0000] {processor.py:914} INFO - Processing file /home/airflow/.local/lib/python3.12/site-packages/airflow/example_dags/tutorial_taskflow_api.py for tasks to queue
[2024-09-26T13:37:52.098+0000] {logging_mixin.py:190} INFO - [2024-09-26T13:37:52.097+0000] {dagbag.py:588} INFO - Filling up the DagBag from /home/airflow/.local/lib/python3.12/site-packages/airflow/example_dags/tutorial_taskflow_api.py
[2024-09-26T13:37:52.104+0000] {processor.py:925} INFO - DAG(s) 'tutorial_taskflow_api' retrieved from /home/airflow/.local/lib/python3.12/site-packages/airflow/example_dags/tutorial_taskflow_api.py
[2024-09-26T13:37:52.118+0000] {logging_mixin.py:190} INFO - [2024-09-26T13:37:52.118+0000] {dag.py:3239} INFO - Sync 1 DAGs
[2024-09-26T13:37:52.130+0000] {logging_mixin.py:190} INFO - [2024-09-26T13:37:52.130+0000] {dag.py:4180} INFO - Setting next_dagrun for tutorial_taskflow_api to None, run_after=None
[2024-09-26T13:37:52.146+0000] {processor.py:208} INFO - Processing /home/airflow/.local/lib/python3.12/site-packages/airflow/example_dags/tutorial_taskflow_api.py took 0.055 seconds
[2024-09-26T13:38:23.341+0000] {processor.py:186} INFO - Started process (PID=23789) to work on /home/airflow/.local/lib/python3.12/site-packages/airflow/example_dags/tutorial_taskflow_api.py
[2024-09-26T13:38:23.342+0000] {processor.py:914} INFO - Processing file /home/airflow/.local/lib/python3.12/site-packages/airflow/example_dags/tutorial_taskflow_api.py for tasks to queue
[2024-09-26T13:38:23.344+0000] {logging_mixin.py:190} INFO - [2024-09-26T13:38:23.343+0000] {dagbag.py:588} INFO - Filling up the DagBag from /home/airflow/.local/lib/python3.12/site-packages/airflow/example_dags/tutorial_taskflow_api.py
[2024-09-26T13:38:23.350+0000] {processor.py:925} INFO - DAG(s) 'tutorial_taskflow_api' retrieved from /home/airflow/.local/lib/python3.12/site-packages/airflow/example_dags/tutorial_taskflow_api.py
[2024-09-26T13:38:23.364+0000] {logging_mixin.py:190} INFO - [2024-09-26T13:38:23.364+0000] {dag.py:3239} INFO - Sync 1 DAGs
[2024-09-26T13:38:23.377+0000] {logging_mixin.py:190} INFO - [2024-09-26T13:38:23.377+0000] {dag.py:4180} INFO - Setting next_dagrun for tutorial_taskflow_api to None, run_after=None
[2024-09-26T13:38:23.392+0000] {processor.py:208} INFO - Processing /home/airflow/.local/lib/python3.12/site-packages/airflow/example_dags/tutorial_taskflow_api.py took 0.055 seconds
[2024-09-26T13:38:53.606+0000] {processor.py:186} INFO - Started process (PID=24080) to work on /home/airflow/.local/lib/python3.12/site-packages/airflow/example_dags/tutorial_taskflow_api.py
[2024-09-26T13:38:53.606+0000] {processor.py:914} INFO - Processing file /home/airflow/.local/lib/python3.12/site-packages/airflow/example_dags/tutorial_taskflow_api.py for tasks to queue
[2024-09-26T13:38:53.608+0000] {logging_mixin.py:190} INFO - [2024-09-26T13:38:53.608+0000] {dagbag.py:588} INFO - Filling up the DagBag from /home/airflow/.local/lib/python3.12/site-packages/airflow/example_dags/tutorial_taskflow_api.py
[2024-09-26T13:38:53.614+0000] {processor.py:925} INFO - DAG(s) 'tutorial_taskflow_api' retrieved from /home/airflow/.local/lib/python3.12/site-packages/airflow/example_dags/tutorial_taskflow_api.py
[2024-09-26T13:38:53.629+0000] {logging_mixin.py:190} INFO - [2024-09-26T13:38:53.629+0000] {dag.py:3239} INFO - Sync 1 DAGs
[2024-09-26T13:38:53.641+0000] {logging_mixin.py:190} INFO - [2024-09-26T13:38:53.641+0000] {dag.py:4180} INFO - Setting next_dagrun for tutorial_taskflow_api to None, run_after=None
[2024-09-26T13:38:53.657+0000] {processor.py:208} INFO - Processing /home/airflow/.local/lib/python3.12/site-packages/airflow/example_dags/tutorial_taskflow_api.py took 0.056 seconds
[2024-09-26T13:39:24.795+0000] {processor.py:186} INFO - Started process (PID=24371) to work on /home/airflow/.local/lib/python3.12/site-packages/airflow/example_dags/tutorial_taskflow_api.py
[2024-09-26T13:39:24.796+0000] {processor.py:914} INFO - Processing file /home/airflow/.local/lib/python3.12/site-packages/airflow/example_dags/tutorial_taskflow_api.py for tasks to queue
[2024-09-26T13:39:24.799+0000] {logging_mixin.py:190} INFO - [2024-09-26T13:39:24.799+0000] {dagbag.py:588} INFO - Filling up the DagBag from /home/airflow/.local/lib/python3.12/site-packages/airflow/example_dags/tutorial_taskflow_api.py
[2024-09-26T13:39:24.809+0000] {processor.py:925} INFO - DAG(s) 'tutorial_taskflow_api' retrieved from /home/airflow/.local/lib/python3.12/site-packages/airflow/example_dags/tutorial_taskflow_api.py
[2024-09-26T13:39:24.826+0000] {logging_mixin.py:190} INFO - [2024-09-26T13:39:24.826+0000] {dag.py:3239} INFO - Sync 1 DAGs
[2024-09-26T13:39:24.839+0000] {logging_mixin.py:190} INFO - [2024-09-26T13:39:24.838+0000] {dag.py:4180} INFO - Setting next_dagrun for tutorial_taskflow_api to None, run_after=None
[2024-09-26T13:39:24.857+0000] {processor.py:208} INFO - Processing /home/airflow/.local/lib/python3.12/site-packages/airflow/example_dags/tutorial_taskflow_api.py took 0.068 seconds
[2024-09-26T13:39:55.010+0000] {processor.py:186} INFO - Started process (PID=24662) to work on /home/airflow/.local/lib/python3.12/site-packages/airflow/example_dags/tutorial_taskflow_api.py
[2024-09-26T13:39:55.010+0000] {processor.py:914} INFO - Processing file /home/airflow/.local/lib/python3.12/site-packages/airflow/example_dags/tutorial_taskflow_api.py for tasks to queue
[2024-09-26T13:39:55.013+0000] {logging_mixin.py:190} INFO - [2024-09-26T13:39:55.012+0000] {dagbag.py:588} INFO - Filling up the DagBag from /home/airflow/.local/lib/python3.12/site-packages/airflow/example_dags/tutorial_taskflow_api.py
[2024-09-26T13:39:55.018+0000] {processor.py:925} INFO - DAG(s) 'tutorial_taskflow_api' retrieved from /home/airflow/.local/lib/python3.12/site-packages/airflow/example_dags/tutorial_taskflow_api.py
[2024-09-26T13:39:55.033+0000] {logging_mixin.py:190} INFO - [2024-09-26T13:39:55.032+0000] {dag.py:3239} INFO - Sync 1 DAGs
[2024-09-26T13:39:55.045+0000] {logging_mixin.py:190} INFO - [2024-09-26T13:39:55.044+0000] {dag.py:4180} INFO - Setting next_dagrun for tutorial_taskflow_api to None, run_after=None
[2024-09-26T13:39:55.060+0000] {processor.py:208} INFO - Processing /home/airflow/.local/lib/python3.12/site-packages/airflow/example_dags/tutorial_taskflow_api.py took 0.055 seconds
[2024-09-26T13:40:26.156+0000] {processor.py:186} INFO - Started process (PID=24953) to work on /home/airflow/.local/lib/python3.12/site-packages/airflow/example_dags/tutorial_taskflow_api.py
[2024-09-26T13:40:26.157+0000] {processor.py:914} INFO - Processing file /home/airflow/.local/lib/python3.12/site-packages/airflow/example_dags/tutorial_taskflow_api.py for tasks to queue
[2024-09-26T13:40:26.159+0000] {logging_mixin.py:190} INFO - [2024-09-26T13:40:26.159+0000] {dagbag.py:588} INFO - Filling up the DagBag from /home/airflow/.local/lib/python3.12/site-packages/airflow/example_dags/tutorial_taskflow_api.py
[2024-09-26T13:40:26.165+0000] {processor.py:925} INFO - DAG(s) 'tutorial_taskflow_api' retrieved from /home/airflow/.local/lib/python3.12/site-packages/airflow/example_dags/tutorial_taskflow_api.py
[2024-09-26T13:40:26.179+0000] {logging_mixin.py:190} INFO - [2024-09-26T13:40:26.178+0000] {dag.py:3239} INFO - Sync 1 DAGs
[2024-09-26T13:40:26.191+0000] {logging_mixin.py:190} INFO - [2024-09-26T13:40:26.190+0000] {dag.py:4180} INFO - Setting next_dagrun for tutorial_taskflow_api to None, run_after=None
[2024-09-26T13:40:26.206+0000] {processor.py:208} INFO - Processing /home/airflow/.local/lib/python3.12/site-packages/airflow/example_dags/tutorial_taskflow_api.py took 0.055 seconds
[2024-09-26T13:40:56.477+0000] {processor.py:186} INFO - Started process (PID=25244) to work on /home/airflow/.local/lib/python3.12/site-packages/airflow/example_dags/tutorial_taskflow_api.py
[2024-09-26T13:40:56.477+0000] {processor.py:914} INFO - Processing file /home/airflow/.local/lib/python3.12/site-packages/airflow/example_dags/tutorial_taskflow_api.py for tasks to queue
[2024-09-26T13:40:56.479+0000] {logging_mixin.py:190} INFO - [2024-09-26T13:40:56.479+0000] {dagbag.py:588} INFO - Filling up the DagBag from /home/airflow/.local/lib/python3.12/site-packages/airflow/example_dags/tutorial_taskflow_api.py
[2024-09-26T13:40:56.485+0000] {processor.py:925} INFO - DAG(s) 'tutorial_taskflow_api' retrieved from /home/airflow/.local/lib/python3.12/site-packages/airflow/example_dags/tutorial_taskflow_api.py
[2024-09-26T13:40:56.500+0000] {logging_mixin.py:190} INFO - [2024-09-26T13:40:56.500+0000] {dag.py:3239} INFO - Sync 1 DAGs
[2024-09-26T13:40:56.512+0000] {logging_mixin.py:190} INFO - [2024-09-26T13:40:56.512+0000] {dag.py:4180} INFO - Setting next_dagrun for tutorial_taskflow_api to None, run_after=None
[2024-09-26T13:40:56.527+0000] {processor.py:208} INFO - Processing /home/airflow/.local/lib/python3.12/site-packages/airflow/example_dags/tutorial_taskflow_api.py took 0.056 seconds
[2024-09-26T13:41:26.577+0000] {processor.py:186} INFO - Started process (PID=25533) to work on /home/airflow/.local/lib/python3.12/site-packages/airflow/example_dags/tutorial_taskflow_api.py
[2024-09-26T13:41:26.577+0000] {processor.py:914} INFO - Processing file /home/airflow/.local/lib/python3.12/site-packages/airflow/example_dags/tutorial_taskflow_api.py for tasks to queue
[2024-09-26T13:41:26.579+0000] {logging_mixin.py:190} INFO - [2024-09-26T13:41:26.579+0000] {dagbag.py:588} INFO - Filling up the DagBag from /home/airflow/.local/lib/python3.12/site-packages/airflow/example_dags/tutorial_taskflow_api.py
[2024-09-26T13:41:26.585+0000] {processor.py:925} INFO - DAG(s) 'tutorial_taskflow_api' retrieved from /home/airflow/.local/lib/python3.12/site-packages/airflow/example_dags/tutorial_taskflow_api.py
[2024-09-26T13:41:26.600+0000] {logging_mixin.py:190} INFO - [2024-09-26T13:41:26.600+0000] {dag.py:3239} INFO - Sync 1 DAGs
[2024-09-26T13:41:26.613+0000] {logging_mixin.py:190} INFO - [2024-09-26T13:41:26.612+0000] {dag.py:4180} INFO - Setting next_dagrun for tutorial_taskflow_api to None, run_after=None
[2024-09-26T13:41:26.627+0000] {processor.py:208} INFO - Processing /home/airflow/.local/lib/python3.12/site-packages/airflow/example_dags/tutorial_taskflow_api.py took 0.055 seconds
[2024-09-26T13:41:56.967+0000] {processor.py:186} INFO - Started process (PID=25826) to work on /home/airflow/.local/lib/python3.12/site-packages/airflow/example_dags/tutorial_taskflow_api.py
[2024-09-26T13:41:56.968+0000] {processor.py:914} INFO - Processing file /home/airflow/.local/lib/python3.12/site-packages/airflow/example_dags/tutorial_taskflow_api.py for tasks to queue
[2024-09-26T13:41:56.970+0000] {logging_mixin.py:190} INFO - [2024-09-26T13:41:56.970+0000] {dagbag.py:588} INFO - Filling up the DagBag from /home/airflow/.local/lib/python3.12/site-packages/airflow/example_dags/tutorial_taskflow_api.py
[2024-09-26T13:41:56.976+0000] {processor.py:925} INFO - DAG(s) 'tutorial_taskflow_api' retrieved from /home/airflow/.local/lib/python3.12/site-packages/airflow/example_dags/tutorial_taskflow_api.py
[2024-09-26T13:41:56.990+0000] {logging_mixin.py:190} INFO - [2024-09-26T13:41:56.990+0000] {dag.py:3239} INFO - Sync 1 DAGs
[2024-09-26T13:41:57.003+0000] {logging_mixin.py:190} INFO - [2024-09-26T13:41:57.003+0000] {dag.py:4180} INFO - Setting next_dagrun for tutorial_taskflow_api to None, run_after=None
[2024-09-26T13:41:57.018+0000] {processor.py:208} INFO - Processing /home/airflow/.local/lib/python3.12/site-packages/airflow/example_dags/tutorial_taskflow_api.py took 0.056 seconds
[2024-09-26T13:42:27.450+0000] {processor.py:186} INFO - Started process (PID=26117) to work on /home/airflow/.local/lib/python3.12/site-packages/airflow/example_dags/tutorial_taskflow_api.py
[2024-09-26T13:42:27.450+0000] {processor.py:914} INFO - Processing file /home/airflow/.local/lib/python3.12/site-packages/airflow/example_dags/tutorial_taskflow_api.py for tasks to queue
[2024-09-26T13:42:27.453+0000] {logging_mixin.py:190} INFO - [2024-09-26T13:42:27.452+0000] {dagbag.py:588} INFO - Filling up the DagBag from /home/airflow/.local/lib/python3.12/site-packages/airflow/example_dags/tutorial_taskflow_api.py
[2024-09-26T13:42:27.458+0000] {processor.py:925} INFO - DAG(s) 'tutorial_taskflow_api' retrieved from /home/airflow/.local/lib/python3.12/site-packages/airflow/example_dags/tutorial_taskflow_api.py
[2024-09-26T13:42:27.473+0000] {logging_mixin.py:190} INFO - [2024-09-26T13:42:27.473+0000] {dag.py:3239} INFO - Sync 1 DAGs
[2024-09-26T13:42:27.485+0000] {logging_mixin.py:190} INFO - [2024-09-26T13:42:27.485+0000] {dag.py:4180} INFO - Setting next_dagrun for tutorial_taskflow_api to None, run_after=None
[2024-09-26T13:42:27.500+0000] {processor.py:208} INFO - Processing /home/airflow/.local/lib/python3.12/site-packages/airflow/example_dags/tutorial_taskflow_api.py took 0.054 seconds
[2024-09-26T13:42:57.799+0000] {processor.py:186} INFO - Started process (PID=26408) to work on /home/airflow/.local/lib/python3.12/site-packages/airflow/example_dags/tutorial_taskflow_api.py
[2024-09-26T13:42:57.799+0000] {processor.py:914} INFO - Processing file /home/airflow/.local/lib/python3.12/site-packages/airflow/example_dags/tutorial_taskflow_api.py for tasks to queue
[2024-09-26T13:42:57.801+0000] {logging_mixin.py:190} INFO - [2024-09-26T13:42:57.801+0000] {dagbag.py:588} INFO - Filling up the DagBag from /home/airflow/.local/lib/python3.12/site-packages/airflow/example_dags/tutorial_taskflow_api.py
[2024-09-26T13:42:57.807+0000] {processor.py:925} INFO - DAG(s) 'tutorial_taskflow_api' retrieved from /home/airflow/.local/lib/python3.12/site-packages/airflow/example_dags/tutorial_taskflow_api.py
[2024-09-26T13:42:57.822+0000] {logging_mixin.py:190} INFO - [2024-09-26T13:42:57.822+0000] {dag.py:3239} INFO - Sync 1 DAGs
[2024-09-26T13:42:57.834+0000] {logging_mixin.py:190} INFO - [2024-09-26T13:42:57.834+0000] {dag.py:4180} INFO - Setting next_dagrun for tutorial_taskflow_api to None, run_after=None
[2024-09-26T13:42:57.849+0000] {processor.py:208} INFO - Processing /home/airflow/.local/lib/python3.12/site-packages/airflow/example_dags/tutorial_taskflow_api.py took 0.055 seconds
[2024-09-26T13:43:28.713+0000] {processor.py:186} INFO - Started process (PID=26697) to work on /home/airflow/.local/lib/python3.12/site-packages/airflow/example_dags/tutorial_taskflow_api.py
[2024-09-26T13:43:28.714+0000] {processor.py:914} INFO - Processing file /home/airflow/.local/lib/python3.12/site-packages/airflow/example_dags/tutorial_taskflow_api.py for tasks to queue
[2024-09-26T13:43:28.716+0000] {logging_mixin.py:190} INFO - [2024-09-26T13:43:28.716+0000] {dagbag.py:588} INFO - Filling up the DagBag from /home/airflow/.local/lib/python3.12/site-packages/airflow/example_dags/tutorial_taskflow_api.py
[2024-09-26T13:43:28.722+0000] {processor.py:925} INFO - DAG(s) 'tutorial_taskflow_api' retrieved from /home/airflow/.local/lib/python3.12/site-packages/airflow/example_dags/tutorial_taskflow_api.py
[2024-09-26T13:43:28.737+0000] {logging_mixin.py:190} INFO - [2024-09-26T13:43:28.736+0000] {dag.py:3239} INFO - Sync 1 DAGs
[2024-09-26T13:43:28.749+0000] {logging_mixin.py:190} INFO - [2024-09-26T13:43:28.749+0000] {dag.py:4180} INFO - Setting next_dagrun for tutorial_taskflow_api to None, run_after=None
[2024-09-26T13:43:28.764+0000] {processor.py:208} INFO - Processing /home/airflow/.local/lib/python3.12/site-packages/airflow/example_dags/tutorial_taskflow_api.py took 0.055 seconds
[2024-09-26T13:43:58.933+0000] {processor.py:186} INFO - Started process (PID=26988) to work on /home/airflow/.local/lib/python3.12/site-packages/airflow/example_dags/tutorial_taskflow_api.py
[2024-09-26T13:43:58.934+0000] {processor.py:914} INFO - Processing file /home/airflow/.local/lib/python3.12/site-packages/airflow/example_dags/tutorial_taskflow_api.py for tasks to queue
[2024-09-26T13:43:58.936+0000] {logging_mixin.py:190} INFO - [2024-09-26T13:43:58.936+0000] {dagbag.py:588} INFO - Filling up the DagBag from /home/airflow/.local/lib/python3.12/site-packages/airflow/example_dags/tutorial_taskflow_api.py
[2024-09-26T13:43:58.942+0000] {processor.py:925} INFO - DAG(s) 'tutorial_taskflow_api' retrieved from /home/airflow/.local/lib/python3.12/site-packages/airflow/example_dags/tutorial_taskflow_api.py
[2024-09-26T13:43:58.957+0000] {logging_mixin.py:190} INFO - [2024-09-26T13:43:58.956+0000] {dag.py:3239} INFO - Sync 1 DAGs
[2024-09-26T13:43:58.969+0000] {logging_mixin.py:190} INFO - [2024-09-26T13:43:58.968+0000] {dag.py:4180} INFO - Setting next_dagrun for tutorial_taskflow_api to None, run_after=None
[2024-09-26T13:43:58.983+0000] {processor.py:208} INFO - Processing /home/airflow/.local/lib/python3.12/site-packages/airflow/example_dags/tutorial_taskflow_api.py took 0.054 seconds
[2024-09-26T13:44:29.152+0000] {processor.py:186} INFO - Started process (PID=27279) to work on /home/airflow/.local/lib/python3.12/site-packages/airflow/example_dags/tutorial_taskflow_api.py
[2024-09-26T13:44:29.153+0000] {processor.py:914} INFO - Processing file /home/airflow/.local/lib/python3.12/site-packages/airflow/example_dags/tutorial_taskflow_api.py for tasks to queue
[2024-09-26T13:44:29.155+0000] {logging_mixin.py:190} INFO - [2024-09-26T13:44:29.154+0000] {dagbag.py:588} INFO - Filling up the DagBag from /home/airflow/.local/lib/python3.12/site-packages/airflow/example_dags/tutorial_taskflow_api.py
[2024-09-26T13:44:29.160+0000] {processor.py:925} INFO - DAG(s) 'tutorial_taskflow_api' retrieved from /home/airflow/.local/lib/python3.12/site-packages/airflow/example_dags/tutorial_taskflow_api.py
[2024-09-26T13:44:29.176+0000] {logging_mixin.py:190} INFO - [2024-09-26T13:44:29.175+0000] {dag.py:3239} INFO - Sync 1 DAGs
[2024-09-26T13:44:29.188+0000] {logging_mixin.py:190} INFO - [2024-09-26T13:44:29.188+0000] {dag.py:4180} INFO - Setting next_dagrun for tutorial_taskflow_api to None, run_after=None
[2024-09-26T13:44:29.203+0000] {processor.py:208} INFO - Processing /home/airflow/.local/lib/python3.12/site-packages/airflow/example_dags/tutorial_taskflow_api.py took 0.055 seconds
[2024-09-26T13:44:59.415+0000] {processor.py:186} INFO - Started process (PID=27570) to work on /home/airflow/.local/lib/python3.12/site-packages/airflow/example_dags/tutorial_taskflow_api.py
[2024-09-26T13:44:59.416+0000] {processor.py:914} INFO - Processing file /home/airflow/.local/lib/python3.12/site-packages/airflow/example_dags/tutorial_taskflow_api.py for tasks to queue
[2024-09-26T13:44:59.418+0000] {logging_mixin.py:190} INFO - [2024-09-26T13:44:59.417+0000] {dagbag.py:588} INFO - Filling up the DagBag from /home/airflow/.local/lib/python3.12/site-packages/airflow/example_dags/tutorial_taskflow_api.py
[2024-09-26T13:44:59.424+0000] {processor.py:925} INFO - DAG(s) 'tutorial_taskflow_api' retrieved from /home/airflow/.local/lib/python3.12/site-packages/airflow/example_dags/tutorial_taskflow_api.py
[2024-09-26T13:44:59.438+0000] {logging_mixin.py:190} INFO - [2024-09-26T13:44:59.438+0000] {dag.py:3239} INFO - Sync 1 DAGs
[2024-09-26T13:44:59.451+0000] {logging_mixin.py:190} INFO - [2024-09-26T13:44:59.450+0000] {dag.py:4180} INFO - Setting next_dagrun for tutorial_taskflow_api to None, run_after=None
[2024-09-26T13:44:59.466+0000] {processor.py:208} INFO - Processing /home/airflow/.local/lib/python3.12/site-packages/airflow/example_dags/tutorial_taskflow_api.py took 0.055 seconds
[2024-09-26T13:45:30.589+0000] {processor.py:186} INFO - Started process (PID=27864) to work on /home/airflow/.local/lib/python3.12/site-packages/airflow/example_dags/tutorial_taskflow_api.py
[2024-09-26T13:45:30.589+0000] {processor.py:914} INFO - Processing file /home/airflow/.local/lib/python3.12/site-packages/airflow/example_dags/tutorial_taskflow_api.py for tasks to queue
[2024-09-26T13:45:30.591+0000] {logging_mixin.py:190} INFO - [2024-09-26T13:45:30.591+0000] {dagbag.py:588} INFO - Filling up the DagBag from /home/airflow/.local/lib/python3.12/site-packages/airflow/example_dags/tutorial_taskflow_api.py
[2024-09-26T13:45:30.597+0000] {processor.py:925} INFO - DAG(s) 'tutorial_taskflow_api' retrieved from /home/airflow/.local/lib/python3.12/site-packages/airflow/example_dags/tutorial_taskflow_api.py
[2024-09-26T13:45:30.612+0000] {logging_mixin.py:190} INFO - [2024-09-26T13:45:30.612+0000] {dag.py:3239} INFO - Sync 1 DAGs
[2024-09-26T13:45:30.624+0000] {logging_mixin.py:190} INFO - [2024-09-26T13:45:30.624+0000] {dag.py:4180} INFO - Setting next_dagrun for tutorial_taskflow_api to None, run_after=None
[2024-09-26T13:45:30.640+0000] {processor.py:208} INFO - Processing /home/airflow/.local/lib/python3.12/site-packages/airflow/example_dags/tutorial_taskflow_api.py took 0.056 seconds
[2024-09-26T13:46:01.499+0000] {processor.py:186} INFO - Started process (PID=28155) to work on /home/airflow/.local/lib/python3.12/site-packages/airflow/example_dags/tutorial_taskflow_api.py
[2024-09-26T13:46:01.500+0000] {processor.py:914} INFO - Processing file /home/airflow/.local/lib/python3.12/site-packages/airflow/example_dags/tutorial_taskflow_api.py for tasks to queue
[2024-09-26T13:46:01.501+0000] {logging_mixin.py:190} INFO - [2024-09-26T13:46:01.501+0000] {dagbag.py:588} INFO - Filling up the DagBag from /home/airflow/.local/lib/python3.12/site-packages/airflow/example_dags/tutorial_taskflow_api.py
[2024-09-26T13:46:01.507+0000] {processor.py:925} INFO - DAG(s) 'tutorial_taskflow_api' retrieved from /home/airflow/.local/lib/python3.12/site-packages/airflow/example_dags/tutorial_taskflow_api.py
[2024-09-26T13:46:01.522+0000] {logging_mixin.py:190} INFO - [2024-09-26T13:46:01.522+0000] {dag.py:3239} INFO - Sync 1 DAGs
[2024-09-26T13:46:01.534+0000] {logging_mixin.py:190} INFO - [2024-09-26T13:46:01.534+0000] {dag.py:4180} INFO - Setting next_dagrun for tutorial_taskflow_api to None, run_after=None
[2024-09-26T13:46:01.548+0000] {processor.py:208} INFO - Processing /home/airflow/.local/lib/python3.12/site-packages/airflow/example_dags/tutorial_taskflow_api.py took 0.054 seconds
[2024-09-26T13:46:31.635+0000] {processor.py:186} INFO - Started process (PID=28444) to work on /home/airflow/.local/lib/python3.12/site-packages/airflow/example_dags/tutorial_taskflow_api.py
[2024-09-26T13:46:31.636+0000] {processor.py:914} INFO - Processing file /home/airflow/.local/lib/python3.12/site-packages/airflow/example_dags/tutorial_taskflow_api.py for tasks to queue
[2024-09-26T13:46:31.638+0000] {logging_mixin.py:190} INFO - [2024-09-26T13:46:31.637+0000] {dagbag.py:588} INFO - Filling up the DagBag from /home/airflow/.local/lib/python3.12/site-packages/airflow/example_dags/tutorial_taskflow_api.py
[2024-09-26T13:46:31.644+0000] {processor.py:925} INFO - DAG(s) 'tutorial_taskflow_api' retrieved from /home/airflow/.local/lib/python3.12/site-packages/airflow/example_dags/tutorial_taskflow_api.py
[2024-09-26T13:46:31.659+0000] {logging_mixin.py:190} INFO - [2024-09-26T13:46:31.659+0000] {dag.py:3239} INFO - Sync 1 DAGs
[2024-09-26T13:46:31.672+0000] {logging_mixin.py:190} INFO - [2024-09-26T13:46:31.672+0000] {dag.py:4180} INFO - Setting next_dagrun for tutorial_taskflow_api to None, run_after=None
[2024-09-26T13:46:31.689+0000] {processor.py:208} INFO - Processing /home/airflow/.local/lib/python3.12/site-packages/airflow/example_dags/tutorial_taskflow_api.py took 0.058 seconds
[2024-09-26T13:47:02.022+0000] {processor.py:186} INFO - Started process (PID=28737) to work on /home/airflow/.local/lib/python3.12/site-packages/airflow/example_dags/tutorial_taskflow_api.py
[2024-09-26T13:47:02.023+0000] {processor.py:914} INFO - Processing file /home/airflow/.local/lib/python3.12/site-packages/airflow/example_dags/tutorial_taskflow_api.py for tasks to queue
[2024-09-26T13:47:02.024+0000] {logging_mixin.py:190} INFO - [2024-09-26T13:47:02.024+0000] {dagbag.py:588} INFO - Filling up the DagBag from /home/airflow/.local/lib/python3.12/site-packages/airflow/example_dags/tutorial_taskflow_api.py
[2024-09-26T13:47:02.030+0000] {processor.py:925} INFO - DAG(s) 'tutorial_taskflow_api' retrieved from /home/airflow/.local/lib/python3.12/site-packages/airflow/example_dags/tutorial_taskflow_api.py
[2024-09-26T13:47:02.045+0000] {logging_mixin.py:190} INFO - [2024-09-26T13:47:02.044+0000] {dag.py:3239} INFO - Sync 1 DAGs
[2024-09-26T13:47:02.057+0000] {logging_mixin.py:190} INFO - [2024-09-26T13:47:02.056+0000] {dag.py:4180} INFO - Setting next_dagrun for tutorial_taskflow_api to None, run_after=None
[2024-09-26T13:47:02.071+0000] {processor.py:208} INFO - Processing /home/airflow/.local/lib/python3.12/site-packages/airflow/example_dags/tutorial_taskflow_api.py took 0.054 seconds
[2024-09-26T13:47:33.206+0000] {processor.py:186} INFO - Started process (PID=29028) to work on /home/airflow/.local/lib/python3.12/site-packages/airflow/example_dags/tutorial_taskflow_api.py
[2024-09-26T13:47:33.207+0000] {processor.py:914} INFO - Processing file /home/airflow/.local/lib/python3.12/site-packages/airflow/example_dags/tutorial_taskflow_api.py for tasks to queue
[2024-09-26T13:47:33.209+0000] {logging_mixin.py:190} INFO - [2024-09-26T13:47:33.208+0000] {dagbag.py:588} INFO - Filling up the DagBag from /home/airflow/.local/lib/python3.12/site-packages/airflow/example_dags/tutorial_taskflow_api.py
[2024-09-26T13:47:33.215+0000] {processor.py:925} INFO - DAG(s) 'tutorial_taskflow_api' retrieved from /home/airflow/.local/lib/python3.12/site-packages/airflow/example_dags/tutorial_taskflow_api.py
[2024-09-26T13:47:33.231+0000] {logging_mixin.py:190} INFO - [2024-09-26T13:47:33.231+0000] {dag.py:3239} INFO - Sync 1 DAGs
[2024-09-26T13:47:33.243+0000] {logging_mixin.py:190} INFO - [2024-09-26T13:47:33.243+0000] {dag.py:4180} INFO - Setting next_dagrun for tutorial_taskflow_api to None, run_after=None
[2024-09-26T13:47:33.258+0000] {processor.py:208} INFO - Processing /home/airflow/.local/lib/python3.12/site-packages/airflow/example_dags/tutorial_taskflow_api.py took 0.057 seconds
