[2024-09-26T13:25:10.189+0000] {processor.py:186} INFO - Started process (PID=16429) to work on /home/airflow/.local/lib/python3.12/site-packages/airflow/example_dags/tutorial_dag.py
[2024-09-26T13:25:10.190+0000] {processor.py:914} INFO - Processing file /home/airflow/.local/lib/python3.12/site-packages/airflow/example_dags/tutorial_dag.py for tasks to queue
[2024-09-26T13:25:10.192+0000] {logging_mixin.py:190} INFO - [2024-09-26T13:25:10.192+0000] {dagbag.py:588} INFO - Filling up the DagBag from /home/airflow/.local/lib/python3.12/site-packages/airflow/example_dags/tutorial_dag.py
[2024-09-26T13:25:10.198+0000] {processor.py:925} INFO - DAG(s) 'tutorial_dag' retrieved from /home/airflow/.local/lib/python3.12/site-packages/airflow/example_dags/tutorial_dag.py
[2024-09-26T13:25:10.213+0000] {logging_mixin.py:190} INFO - [2024-09-26T13:25:10.213+0000] {dag.py:3239} INFO - Sync 1 DAGs
[2024-09-26T13:25:10.226+0000] {logging_mixin.py:190} INFO - [2024-09-26T13:25:10.225+0000] {dag.py:4180} INFO - Setting next_dagrun for tutorial_dag to None, run_after=None
[2024-09-26T13:25:10.241+0000] {processor.py:208} INFO - Processing /home/airflow/.local/lib/python3.12/site-packages/airflow/example_dags/tutorial_dag.py took 0.056 seconds
[2024-09-26T13:25:40.811+0000] {processor.py:186} INFO - Started process (PID=16715) to work on /home/airflow/.local/lib/python3.12/site-packages/airflow/example_dags/tutorial_dag.py
[2024-09-26T13:25:40.811+0000] {processor.py:914} INFO - Processing file /home/airflow/.local/lib/python3.12/site-packages/airflow/example_dags/tutorial_dag.py for tasks to queue
[2024-09-26T13:25:40.813+0000] {logging_mixin.py:190} INFO - [2024-09-26T13:25:40.813+0000] {dagbag.py:588} INFO - Filling up the DagBag from /home/airflow/.local/lib/python3.12/site-packages/airflow/example_dags/tutorial_dag.py
[2024-09-26T13:25:40.819+0000] {processor.py:925} INFO - DAG(s) 'tutorial_dag' retrieved from /home/airflow/.local/lib/python3.12/site-packages/airflow/example_dags/tutorial_dag.py
[2024-09-26T13:25:40.833+0000] {logging_mixin.py:190} INFO - [2024-09-26T13:25:40.833+0000] {dag.py:3239} INFO - Sync 1 DAGs
[2024-09-26T13:25:40.846+0000] {logging_mixin.py:190} INFO - [2024-09-26T13:25:40.846+0000] {dag.py:4180} INFO - Setting next_dagrun for tutorial_dag to None, run_after=None
[2024-09-26T13:25:40.861+0000] {processor.py:208} INFO - Processing /home/airflow/.local/lib/python3.12/site-packages/airflow/example_dags/tutorial_dag.py took 0.055 seconds
[2024-09-26T13:26:11.473+0000] {processor.py:186} INFO - Started process (PID=17001) to work on /home/airflow/.local/lib/python3.12/site-packages/airflow/example_dags/tutorial_dag.py
[2024-09-26T13:26:11.474+0000] {processor.py:914} INFO - Processing file /home/airflow/.local/lib/python3.12/site-packages/airflow/example_dags/tutorial_dag.py for tasks to queue
[2024-09-26T13:26:11.476+0000] {logging_mixin.py:190} INFO - [2024-09-26T13:26:11.475+0000] {dagbag.py:588} INFO - Filling up the DagBag from /home/airflow/.local/lib/python3.12/site-packages/airflow/example_dags/tutorial_dag.py
[2024-09-26T13:26:11.481+0000] {processor.py:925} INFO - DAG(s) 'tutorial_dag' retrieved from /home/airflow/.local/lib/python3.12/site-packages/airflow/example_dags/tutorial_dag.py
[2024-09-26T13:26:11.497+0000] {logging_mixin.py:190} INFO - [2024-09-26T13:26:11.496+0000] {dag.py:3239} INFO - Sync 1 DAGs
[2024-09-26T13:26:11.509+0000] {logging_mixin.py:190} INFO - [2024-09-26T13:26:11.509+0000] {dag.py:4180} INFO - Setting next_dagrun for tutorial_dag to None, run_after=None
[2024-09-26T13:26:11.525+0000] {processor.py:208} INFO - Processing /home/airflow/.local/lib/python3.12/site-packages/airflow/example_dags/tutorial_dag.py took 0.056 seconds
[2024-09-26T13:26:41.923+0000] {processor.py:186} INFO - Started process (PID=17287) to work on /home/airflow/.local/lib/python3.12/site-packages/airflow/example_dags/tutorial_dag.py
[2024-09-26T13:26:41.924+0000] {processor.py:914} INFO - Processing file /home/airflow/.local/lib/python3.12/site-packages/airflow/example_dags/tutorial_dag.py for tasks to queue
[2024-09-26T13:26:41.926+0000] {logging_mixin.py:190} INFO - [2024-09-26T13:26:41.926+0000] {dagbag.py:588} INFO - Filling up the DagBag from /home/airflow/.local/lib/python3.12/site-packages/airflow/example_dags/tutorial_dag.py
[2024-09-26T13:26:41.932+0000] {processor.py:925} INFO - DAG(s) 'tutorial_dag' retrieved from /home/airflow/.local/lib/python3.12/site-packages/airflow/example_dags/tutorial_dag.py
[2024-09-26T13:26:41.947+0000] {logging_mixin.py:190} INFO - [2024-09-26T13:26:41.946+0000] {dag.py:3239} INFO - Sync 1 DAGs
[2024-09-26T13:26:41.959+0000] {logging_mixin.py:190} INFO - [2024-09-26T13:26:41.959+0000] {dag.py:4180} INFO - Setting next_dagrun for tutorial_dag to None, run_after=None
[2024-09-26T13:26:41.973+0000] {processor.py:208} INFO - Processing /home/airflow/.local/lib/python3.12/site-packages/airflow/example_dags/tutorial_dag.py took 0.054 seconds
[2024-09-26T13:27:12.233+0000] {processor.py:186} INFO - Started process (PID=17573) to work on /home/airflow/.local/lib/python3.12/site-packages/airflow/example_dags/tutorial_dag.py
[2024-09-26T13:27:12.234+0000] {processor.py:914} INFO - Processing file /home/airflow/.local/lib/python3.12/site-packages/airflow/example_dags/tutorial_dag.py for tasks to queue
[2024-09-26T13:27:12.236+0000] {logging_mixin.py:190} INFO - [2024-09-26T13:27:12.236+0000] {dagbag.py:588} INFO - Filling up the DagBag from /home/airflow/.local/lib/python3.12/site-packages/airflow/example_dags/tutorial_dag.py
[2024-09-26T13:27:12.241+0000] {processor.py:925} INFO - DAG(s) 'tutorial_dag' retrieved from /home/airflow/.local/lib/python3.12/site-packages/airflow/example_dags/tutorial_dag.py
[2024-09-26T13:27:12.257+0000] {logging_mixin.py:190} INFO - [2024-09-26T13:27:12.257+0000] {dag.py:3239} INFO - Sync 1 DAGs
[2024-09-26T13:27:12.270+0000] {logging_mixin.py:190} INFO - [2024-09-26T13:27:12.270+0000] {dag.py:4180} INFO - Setting next_dagrun for tutorial_dag to None, run_after=None
[2024-09-26T13:27:12.284+0000] {processor.py:208} INFO - Processing /home/airflow/.local/lib/python3.12/site-packages/airflow/example_dags/tutorial_dag.py took 0.056 seconds
[2024-09-26T13:27:43.334+0000] {processor.py:186} INFO - Started process (PID=17859) to work on /home/airflow/.local/lib/python3.12/site-packages/airflow/example_dags/tutorial_dag.py
[2024-09-26T13:27:43.335+0000] {processor.py:914} INFO - Processing file /home/airflow/.local/lib/python3.12/site-packages/airflow/example_dags/tutorial_dag.py for tasks to queue
[2024-09-26T13:27:43.336+0000] {logging_mixin.py:190} INFO - [2024-09-26T13:27:43.336+0000] {dagbag.py:588} INFO - Filling up the DagBag from /home/airflow/.local/lib/python3.12/site-packages/airflow/example_dags/tutorial_dag.py
[2024-09-26T13:27:43.342+0000] {processor.py:925} INFO - DAG(s) 'tutorial_dag' retrieved from /home/airflow/.local/lib/python3.12/site-packages/airflow/example_dags/tutorial_dag.py
[2024-09-26T13:27:43.357+0000] {logging_mixin.py:190} INFO - [2024-09-26T13:27:43.357+0000] {dag.py:3239} INFO - Sync 1 DAGs
[2024-09-26T13:27:43.371+0000] {logging_mixin.py:190} INFO - [2024-09-26T13:27:43.371+0000] {dag.py:4180} INFO - Setting next_dagrun for tutorial_dag to None, run_after=None
[2024-09-26T13:27:43.385+0000] {processor.py:208} INFO - Processing /home/airflow/.local/lib/python3.12/site-packages/airflow/example_dags/tutorial_dag.py took 0.059 seconds
[2024-09-26T13:28:14.381+0000] {processor.py:186} INFO - Started process (PID=18145) to work on /home/airflow/.local/lib/python3.12/site-packages/airflow/example_dags/tutorial_dag.py
[2024-09-26T13:28:14.382+0000] {processor.py:914} INFO - Processing file /home/airflow/.local/lib/python3.12/site-packages/airflow/example_dags/tutorial_dag.py for tasks to queue
[2024-09-26T13:28:14.385+0000] {logging_mixin.py:190} INFO - [2024-09-26T13:28:14.384+0000] {dagbag.py:588} INFO - Filling up the DagBag from /home/airflow/.local/lib/python3.12/site-packages/airflow/example_dags/tutorial_dag.py
[2024-09-26T13:28:14.390+0000] {processor.py:925} INFO - DAG(s) 'tutorial_dag' retrieved from /home/airflow/.local/lib/python3.12/site-packages/airflow/example_dags/tutorial_dag.py
[2024-09-26T13:28:14.405+0000] {logging_mixin.py:190} INFO - [2024-09-26T13:28:14.405+0000] {dag.py:3239} INFO - Sync 1 DAGs
[2024-09-26T13:28:14.417+0000] {logging_mixin.py:190} INFO - [2024-09-26T13:28:14.417+0000] {dag.py:4180} INFO - Setting next_dagrun for tutorial_dag to None, run_after=None
[2024-09-26T13:28:14.431+0000] {processor.py:208} INFO - Processing /home/airflow/.local/lib/python3.12/site-packages/airflow/example_dags/tutorial_dag.py took 0.056 seconds
[2024-09-26T13:28:45.501+0000] {processor.py:186} INFO - Started process (PID=18437) to work on /home/airflow/.local/lib/python3.12/site-packages/airflow/example_dags/tutorial_dag.py
[2024-09-26T13:28:45.502+0000] {processor.py:914} INFO - Processing file /home/airflow/.local/lib/python3.12/site-packages/airflow/example_dags/tutorial_dag.py for tasks to queue
[2024-09-26T13:28:45.504+0000] {logging_mixin.py:190} INFO - [2024-09-26T13:28:45.504+0000] {dagbag.py:588} INFO - Filling up the DagBag from /home/airflow/.local/lib/python3.12/site-packages/airflow/example_dags/tutorial_dag.py
[2024-09-26T13:28:45.509+0000] {processor.py:925} INFO - DAG(s) 'tutorial_dag' retrieved from /home/airflow/.local/lib/python3.12/site-packages/airflow/example_dags/tutorial_dag.py
[2024-09-26T13:28:45.526+0000] {logging_mixin.py:190} INFO - [2024-09-26T13:28:45.526+0000] {dag.py:3239} INFO - Sync 1 DAGs
[2024-09-26T13:28:45.539+0000] {logging_mixin.py:190} INFO - [2024-09-26T13:28:45.539+0000] {dag.py:4180} INFO - Setting next_dagrun for tutorial_dag to None, run_after=None
[2024-09-26T13:28:45.556+0000] {processor.py:208} INFO - Processing /home/airflow/.local/lib/python3.12/site-packages/airflow/example_dags/tutorial_dag.py took 0.059 seconds
[2024-09-26T13:29:15.725+0000] {processor.py:186} INFO - Started process (PID=18723) to work on /home/airflow/.local/lib/python3.12/site-packages/airflow/example_dags/tutorial_dag.py
[2024-09-26T13:29:15.725+0000] {processor.py:914} INFO - Processing file /home/airflow/.local/lib/python3.12/site-packages/airflow/example_dags/tutorial_dag.py for tasks to queue
[2024-09-26T13:29:15.727+0000] {logging_mixin.py:190} INFO - [2024-09-26T13:29:15.727+0000] {dagbag.py:588} INFO - Filling up the DagBag from /home/airflow/.local/lib/python3.12/site-packages/airflow/example_dags/tutorial_dag.py
[2024-09-26T13:29:15.733+0000] {processor.py:925} INFO - DAG(s) 'tutorial_dag' retrieved from /home/airflow/.local/lib/python3.12/site-packages/airflow/example_dags/tutorial_dag.py
[2024-09-26T13:29:15.750+0000] {logging_mixin.py:190} INFO - [2024-09-26T13:29:15.750+0000] {dag.py:3239} INFO - Sync 1 DAGs
[2024-09-26T13:29:15.763+0000] {logging_mixin.py:190} INFO - [2024-09-26T13:29:15.763+0000] {dag.py:4180} INFO - Setting next_dagrun for tutorial_dag to None, run_after=None
[2024-09-26T13:29:15.778+0000] {processor.py:208} INFO - Processing /home/airflow/.local/lib/python3.12/site-packages/airflow/example_dags/tutorial_dag.py took 0.059 seconds
[2024-09-26T13:29:45.940+0000] {processor.py:186} INFO - Started process (PID=19009) to work on /home/airflow/.local/lib/python3.12/site-packages/airflow/example_dags/tutorial_dag.py
[2024-09-26T13:29:45.941+0000] {processor.py:914} INFO - Processing file /home/airflow/.local/lib/python3.12/site-packages/airflow/example_dags/tutorial_dag.py for tasks to queue
[2024-09-26T13:29:45.942+0000] {logging_mixin.py:190} INFO - [2024-09-26T13:29:45.942+0000] {dagbag.py:588} INFO - Filling up the DagBag from /home/airflow/.local/lib/python3.12/site-packages/airflow/example_dags/tutorial_dag.py
[2024-09-26T13:29:45.948+0000] {processor.py:925} INFO - DAG(s) 'tutorial_dag' retrieved from /home/airflow/.local/lib/python3.12/site-packages/airflow/example_dags/tutorial_dag.py
[2024-09-26T13:29:45.962+0000] {logging_mixin.py:190} INFO - [2024-09-26T13:29:45.962+0000] {dag.py:3239} INFO - Sync 1 DAGs
[2024-09-26T13:29:45.975+0000] {logging_mixin.py:190} INFO - [2024-09-26T13:29:45.974+0000] {dag.py:4180} INFO - Setting next_dagrun for tutorial_dag to None, run_after=None
[2024-09-26T13:29:45.989+0000] {processor.py:208} INFO - Processing /home/airflow/.local/lib/python3.12/site-packages/airflow/example_dags/tutorial_dag.py took 0.054 seconds
[2024-09-26T13:30:16.169+0000] {processor.py:186} INFO - Started process (PID=19295) to work on /home/airflow/.local/lib/python3.12/site-packages/airflow/example_dags/tutorial_dag.py
[2024-09-26T13:30:16.170+0000] {processor.py:914} INFO - Processing file /home/airflow/.local/lib/python3.12/site-packages/airflow/example_dags/tutorial_dag.py for tasks to queue
[2024-09-26T13:30:16.171+0000] {logging_mixin.py:190} INFO - [2024-09-26T13:30:16.171+0000] {dagbag.py:588} INFO - Filling up the DagBag from /home/airflow/.local/lib/python3.12/site-packages/airflow/example_dags/tutorial_dag.py
[2024-09-26T13:30:16.176+0000] {processor.py:925} INFO - DAG(s) 'tutorial_dag' retrieved from /home/airflow/.local/lib/python3.12/site-packages/airflow/example_dags/tutorial_dag.py
[2024-09-26T13:30:16.191+0000] {logging_mixin.py:190} INFO - [2024-09-26T13:30:16.191+0000] {dag.py:3239} INFO - Sync 1 DAGs
[2024-09-26T13:30:16.203+0000] {logging_mixin.py:190} INFO - [2024-09-26T13:30:16.203+0000] {dag.py:4180} INFO - Setting next_dagrun for tutorial_dag to None, run_after=None
[2024-09-26T13:30:16.218+0000] {processor.py:208} INFO - Processing /home/airflow/.local/lib/python3.12/site-packages/airflow/example_dags/tutorial_dag.py took 0.053 seconds
[2024-09-26T13:30:47.134+0000] {processor.py:186} INFO - Started process (PID=19583) to work on /home/airflow/.local/lib/python3.12/site-packages/airflow/example_dags/tutorial_dag.py
[2024-09-26T13:30:47.134+0000] {processor.py:914} INFO - Processing file /home/airflow/.local/lib/python3.12/site-packages/airflow/example_dags/tutorial_dag.py for tasks to queue
[2024-09-26T13:30:47.136+0000] {logging_mixin.py:190} INFO - [2024-09-26T13:30:47.136+0000] {dagbag.py:588} INFO - Filling up the DagBag from /home/airflow/.local/lib/python3.12/site-packages/airflow/example_dags/tutorial_dag.py
[2024-09-26T13:30:47.142+0000] {processor.py:925} INFO - DAG(s) 'tutorial_dag' retrieved from /home/airflow/.local/lib/python3.12/site-packages/airflow/example_dags/tutorial_dag.py
[2024-09-26T13:30:47.157+0000] {logging_mixin.py:190} INFO - [2024-09-26T13:30:47.157+0000] {dag.py:3239} INFO - Sync 1 DAGs
[2024-09-26T13:30:47.172+0000] {logging_mixin.py:190} INFO - [2024-09-26T13:30:47.171+0000] {dag.py:4180} INFO - Setting next_dagrun for tutorial_dag to None, run_after=None
[2024-09-26T13:30:47.188+0000] {processor.py:208} INFO - Processing /home/airflow/.local/lib/python3.12/site-packages/airflow/example_dags/tutorial_dag.py took 0.059 seconds
[2024-09-26T13:31:17.916+0000] {processor.py:186} INFO - Started process (PID=19868) to work on /home/airflow/.local/lib/python3.12/site-packages/airflow/example_dags/tutorial_dag.py
[2024-09-26T13:31:17.917+0000] {processor.py:914} INFO - Processing file /home/airflow/.local/lib/python3.12/site-packages/airflow/example_dags/tutorial_dag.py for tasks to queue
[2024-09-26T13:31:17.919+0000] {logging_mixin.py:190} INFO - [2024-09-26T13:31:17.918+0000] {dagbag.py:588} INFO - Filling up the DagBag from /home/airflow/.local/lib/python3.12/site-packages/airflow/example_dags/tutorial_dag.py
[2024-09-26T13:31:17.924+0000] {processor.py:925} INFO - DAG(s) 'tutorial_dag' retrieved from /home/airflow/.local/lib/python3.12/site-packages/airflow/example_dags/tutorial_dag.py
[2024-09-26T13:31:17.939+0000] {logging_mixin.py:190} INFO - [2024-09-26T13:31:17.938+0000] {dag.py:3239} INFO - Sync 1 DAGs
[2024-09-26T13:31:17.951+0000] {logging_mixin.py:190} INFO - [2024-09-26T13:31:17.951+0000] {dag.py:4180} INFO - Setting next_dagrun for tutorial_dag to None, run_after=None
[2024-09-26T13:31:17.967+0000] {processor.py:208} INFO - Processing /home/airflow/.local/lib/python3.12/site-packages/airflow/example_dags/tutorial_dag.py took 0.055 seconds
[2024-09-26T13:31:48.839+0000] {processor.py:186} INFO - Started process (PID=20156) to work on /home/airflow/.local/lib/python3.12/site-packages/airflow/example_dags/tutorial_dag.py
[2024-09-26T13:31:48.840+0000] {processor.py:914} INFO - Processing file /home/airflow/.local/lib/python3.12/site-packages/airflow/example_dags/tutorial_dag.py for tasks to queue
[2024-09-26T13:31:48.842+0000] {logging_mixin.py:190} INFO - [2024-09-26T13:31:48.842+0000] {dagbag.py:588} INFO - Filling up the DagBag from /home/airflow/.local/lib/python3.12/site-packages/airflow/example_dags/tutorial_dag.py
[2024-09-26T13:31:48.847+0000] {processor.py:925} INFO - DAG(s) 'tutorial_dag' retrieved from /home/airflow/.local/lib/python3.12/site-packages/airflow/example_dags/tutorial_dag.py
[2024-09-26T13:31:48.862+0000] {logging_mixin.py:190} INFO - [2024-09-26T13:31:48.862+0000] {dag.py:3239} INFO - Sync 1 DAGs
[2024-09-26T13:31:48.875+0000] {logging_mixin.py:190} INFO - [2024-09-26T13:31:48.875+0000] {dag.py:4180} INFO - Setting next_dagrun for tutorial_dag to None, run_after=None
[2024-09-26T13:31:48.890+0000] {processor.py:208} INFO - Processing /home/airflow/.local/lib/python3.12/site-packages/airflow/example_dags/tutorial_dag.py took 0.055 seconds
[2024-09-26T13:32:19.611+0000] {processor.py:186} INFO - Started process (PID=20440) to work on /home/airflow/.local/lib/python3.12/site-packages/airflow/example_dags/tutorial_dag.py
[2024-09-26T13:32:19.611+0000] {processor.py:914} INFO - Processing file /home/airflow/.local/lib/python3.12/site-packages/airflow/example_dags/tutorial_dag.py for tasks to queue
[2024-09-26T13:32:19.613+0000] {logging_mixin.py:190} INFO - [2024-09-26T13:32:19.613+0000] {dagbag.py:588} INFO - Filling up the DagBag from /home/airflow/.local/lib/python3.12/site-packages/airflow/example_dags/tutorial_dag.py
[2024-09-26T13:32:19.619+0000] {processor.py:925} INFO - DAG(s) 'tutorial_dag' retrieved from /home/airflow/.local/lib/python3.12/site-packages/airflow/example_dags/tutorial_dag.py
[2024-09-26T13:32:19.633+0000] {logging_mixin.py:190} INFO - [2024-09-26T13:32:19.633+0000] {dag.py:3239} INFO - Sync 1 DAGs
[2024-09-26T13:32:19.645+0000] {logging_mixin.py:190} INFO - [2024-09-26T13:32:19.645+0000] {dag.py:4180} INFO - Setting next_dagrun for tutorial_dag to None, run_after=None
[2024-09-26T13:32:19.660+0000] {processor.py:208} INFO - Processing /home/airflow/.local/lib/python3.12/site-packages/airflow/example_dags/tutorial_dag.py took 0.053 seconds
[2024-09-26T13:32:50.417+0000] {processor.py:186} INFO - Started process (PID=20726) to work on /home/airflow/.local/lib/python3.12/site-packages/airflow/example_dags/tutorial_dag.py
[2024-09-26T13:32:50.418+0000] {processor.py:914} INFO - Processing file /home/airflow/.local/lib/python3.12/site-packages/airflow/example_dags/tutorial_dag.py for tasks to queue
[2024-09-26T13:32:50.420+0000] {logging_mixin.py:190} INFO - [2024-09-26T13:32:50.420+0000] {dagbag.py:588} INFO - Filling up the DagBag from /home/airflow/.local/lib/python3.12/site-packages/airflow/example_dags/tutorial_dag.py
[2024-09-26T13:32:50.425+0000] {processor.py:925} INFO - DAG(s) 'tutorial_dag' retrieved from /home/airflow/.local/lib/python3.12/site-packages/airflow/example_dags/tutorial_dag.py
[2024-09-26T13:32:50.441+0000] {logging_mixin.py:190} INFO - [2024-09-26T13:32:50.441+0000] {dag.py:3239} INFO - Sync 1 DAGs
[2024-09-26T13:32:50.454+0000] {logging_mixin.py:190} INFO - [2024-09-26T13:32:50.453+0000] {dag.py:4180} INFO - Setting next_dagrun for tutorial_dag to None, run_after=None
[2024-09-26T13:32:50.469+0000] {processor.py:208} INFO - Processing /home/airflow/.local/lib/python3.12/site-packages/airflow/example_dags/tutorial_dag.py took 0.056 seconds
[2024-09-26T13:33:21.292+0000] {processor.py:186} INFO - Started process (PID=21014) to work on /home/airflow/.local/lib/python3.12/site-packages/airflow/example_dags/tutorial_dag.py
[2024-09-26T13:33:21.293+0000] {processor.py:914} INFO - Processing file /home/airflow/.local/lib/python3.12/site-packages/airflow/example_dags/tutorial_dag.py for tasks to queue
[2024-09-26T13:33:21.294+0000] {logging_mixin.py:190} INFO - [2024-09-26T13:33:21.294+0000] {dagbag.py:588} INFO - Filling up the DagBag from /home/airflow/.local/lib/python3.12/site-packages/airflow/example_dags/tutorial_dag.py
[2024-09-26T13:33:21.300+0000] {processor.py:925} INFO - DAG(s) 'tutorial_dag' retrieved from /home/airflow/.local/lib/python3.12/site-packages/airflow/example_dags/tutorial_dag.py
[2024-09-26T13:33:21.314+0000] {logging_mixin.py:190} INFO - [2024-09-26T13:33:21.314+0000] {dag.py:3239} INFO - Sync 1 DAGs
[2024-09-26T13:33:21.327+0000] {logging_mixin.py:190} INFO - [2024-09-26T13:33:21.326+0000] {dag.py:4180} INFO - Setting next_dagrun for tutorial_dag to None, run_after=None
[2024-09-26T13:33:21.342+0000] {processor.py:208} INFO - Processing /home/airflow/.local/lib/python3.12/site-packages/airflow/example_dags/tutorial_dag.py took 0.055 seconds
[2024-09-26T13:33:52.190+0000] {processor.py:186} INFO - Started process (PID=21300) to work on /home/airflow/.local/lib/python3.12/site-packages/airflow/example_dags/tutorial_dag.py
[2024-09-26T13:33:52.190+0000] {processor.py:914} INFO - Processing file /home/airflow/.local/lib/python3.12/site-packages/airflow/example_dags/tutorial_dag.py for tasks to queue
[2024-09-26T13:33:52.192+0000] {logging_mixin.py:190} INFO - [2024-09-26T13:33:52.192+0000] {dagbag.py:588} INFO - Filling up the DagBag from /home/airflow/.local/lib/python3.12/site-packages/airflow/example_dags/tutorial_dag.py
[2024-09-26T13:33:52.197+0000] {processor.py:925} INFO - DAG(s) 'tutorial_dag' retrieved from /home/airflow/.local/lib/python3.12/site-packages/airflow/example_dags/tutorial_dag.py
[2024-09-26T13:33:52.213+0000] {logging_mixin.py:190} INFO - [2024-09-26T13:33:52.212+0000] {dag.py:3239} INFO - Sync 1 DAGs
[2024-09-26T13:33:52.233+0000] {logging_mixin.py:190} INFO - [2024-09-26T13:33:52.233+0000] {dag.py:4180} INFO - Setting next_dagrun for tutorial_dag to None, run_after=None
[2024-09-26T13:33:52.258+0000] {processor.py:208} INFO - Processing /home/airflow/.local/lib/python3.12/site-packages/airflow/example_dags/tutorial_dag.py took 0.073 seconds
[2024-09-26T13:34:23.066+0000] {processor.py:186} INFO - Started process (PID=21586) to work on /home/airflow/.local/lib/python3.12/site-packages/airflow/example_dags/tutorial_dag.py
[2024-09-26T13:34:23.067+0000] {processor.py:914} INFO - Processing file /home/airflow/.local/lib/python3.12/site-packages/airflow/example_dags/tutorial_dag.py for tasks to queue
[2024-09-26T13:34:23.068+0000] {logging_mixin.py:190} INFO - [2024-09-26T13:34:23.068+0000] {dagbag.py:588} INFO - Filling up the DagBag from /home/airflow/.local/lib/python3.12/site-packages/airflow/example_dags/tutorial_dag.py
[2024-09-26T13:34:23.074+0000] {processor.py:925} INFO - DAG(s) 'tutorial_dag' retrieved from /home/airflow/.local/lib/python3.12/site-packages/airflow/example_dags/tutorial_dag.py
[2024-09-26T13:34:23.089+0000] {logging_mixin.py:190} INFO - [2024-09-26T13:34:23.088+0000] {dag.py:3239} INFO - Sync 1 DAGs
[2024-09-26T13:34:23.101+0000] {logging_mixin.py:190} INFO - [2024-09-26T13:34:23.100+0000] {dag.py:4180} INFO - Setting next_dagrun for tutorial_dag to None, run_after=None
[2024-09-26T13:34:23.116+0000] {processor.py:208} INFO - Processing /home/airflow/.local/lib/python3.12/site-packages/airflow/example_dags/tutorial_dag.py took 0.054 seconds
[2024-09-26T13:34:53.844+0000] {processor.py:186} INFO - Started process (PID=21870) to work on /home/airflow/.local/lib/python3.12/site-packages/airflow/example_dags/tutorial_dag.py
[2024-09-26T13:34:53.845+0000] {processor.py:914} INFO - Processing file /home/airflow/.local/lib/python3.12/site-packages/airflow/example_dags/tutorial_dag.py for tasks to queue
[2024-09-26T13:34:53.846+0000] {logging_mixin.py:190} INFO - [2024-09-26T13:34:53.846+0000] {dagbag.py:588} INFO - Filling up the DagBag from /home/airflow/.local/lib/python3.12/site-packages/airflow/example_dags/tutorial_dag.py
[2024-09-26T13:34:53.852+0000] {processor.py:925} INFO - DAG(s) 'tutorial_dag' retrieved from /home/airflow/.local/lib/python3.12/site-packages/airflow/example_dags/tutorial_dag.py
[2024-09-26T13:34:53.867+0000] {logging_mixin.py:190} INFO - [2024-09-26T13:34:53.867+0000] {dag.py:3239} INFO - Sync 1 DAGs
[2024-09-26T13:34:53.880+0000] {logging_mixin.py:190} INFO - [2024-09-26T13:34:53.879+0000] {dag.py:4180} INFO - Setting next_dagrun for tutorial_dag to None, run_after=None
[2024-09-26T13:34:53.894+0000] {processor.py:208} INFO - Processing /home/airflow/.local/lib/python3.12/site-packages/airflow/example_dags/tutorial_dag.py took 0.055 seconds
[2024-09-26T13:35:24.219+0000] {processor.py:186} INFO - Started process (PID=22158) to work on /home/airflow/.local/lib/python3.12/site-packages/airflow/example_dags/tutorial_dag.py
[2024-09-26T13:35:24.220+0000] {processor.py:914} INFO - Processing file /home/airflow/.local/lib/python3.12/site-packages/airflow/example_dags/tutorial_dag.py for tasks to queue
[2024-09-26T13:35:24.221+0000] {logging_mixin.py:190} INFO - [2024-09-26T13:35:24.221+0000] {dagbag.py:588} INFO - Filling up the DagBag from /home/airflow/.local/lib/python3.12/site-packages/airflow/example_dags/tutorial_dag.py
[2024-09-26T13:35:24.227+0000] {processor.py:925} INFO - DAG(s) 'tutorial_dag' retrieved from /home/airflow/.local/lib/python3.12/site-packages/airflow/example_dags/tutorial_dag.py
[2024-09-26T13:35:24.243+0000] {logging_mixin.py:190} INFO - [2024-09-26T13:35:24.242+0000] {dag.py:3239} INFO - Sync 1 DAGs
[2024-09-26T13:35:24.255+0000] {logging_mixin.py:190} INFO - [2024-09-26T13:35:24.255+0000] {dag.py:4180} INFO - Setting next_dagrun for tutorial_dag to None, run_after=None
[2024-09-26T13:35:24.269+0000] {processor.py:208} INFO - Processing /home/airflow/.local/lib/python3.12/site-packages/airflow/example_dags/tutorial_dag.py took 0.054 seconds
[2024-09-26T13:35:54.409+0000] {processor.py:186} INFO - Started process (PID=22442) to work on /home/airflow/.local/lib/python3.12/site-packages/airflow/example_dags/tutorial_dag.py
[2024-09-26T13:35:54.410+0000] {processor.py:914} INFO - Processing file /home/airflow/.local/lib/python3.12/site-packages/airflow/example_dags/tutorial_dag.py for tasks to queue
[2024-09-26T13:35:54.411+0000] {logging_mixin.py:190} INFO - [2024-09-26T13:35:54.411+0000] {dagbag.py:588} INFO - Filling up the DagBag from /home/airflow/.local/lib/python3.12/site-packages/airflow/example_dags/tutorial_dag.py
[2024-09-26T13:35:54.417+0000] {processor.py:925} INFO - DAG(s) 'tutorial_dag' retrieved from /home/airflow/.local/lib/python3.12/site-packages/airflow/example_dags/tutorial_dag.py
[2024-09-26T13:35:54.434+0000] {logging_mixin.py:190} INFO - [2024-09-26T13:35:54.433+0000] {dag.py:3239} INFO - Sync 1 DAGs
[2024-09-26T13:35:54.447+0000] {logging_mixin.py:190} INFO - [2024-09-26T13:35:54.447+0000] {dag.py:4180} INFO - Setting next_dagrun for tutorial_dag to None, run_after=None
[2024-09-26T13:35:54.468+0000] {processor.py:208} INFO - Processing /home/airflow/.local/lib/python3.12/site-packages/airflow/example_dags/tutorial_dag.py took 0.064 seconds
[2024-09-26T13:36:24.629+0000] {processor.py:186} INFO - Started process (PID=22728) to work on /home/airflow/.local/lib/python3.12/site-packages/airflow/example_dags/tutorial_dag.py
[2024-09-26T13:36:24.629+0000] {processor.py:914} INFO - Processing file /home/airflow/.local/lib/python3.12/site-packages/airflow/example_dags/tutorial_dag.py for tasks to queue
[2024-09-26T13:36:24.631+0000] {logging_mixin.py:190} INFO - [2024-09-26T13:36:24.631+0000] {dagbag.py:588} INFO - Filling up the DagBag from /home/airflow/.local/lib/python3.12/site-packages/airflow/example_dags/tutorial_dag.py
[2024-09-26T13:36:24.639+0000] {processor.py:925} INFO - DAG(s) 'tutorial_dag' retrieved from /home/airflow/.local/lib/python3.12/site-packages/airflow/example_dags/tutorial_dag.py
[2024-09-26T13:36:24.654+0000] {logging_mixin.py:190} INFO - [2024-09-26T13:36:24.654+0000] {dag.py:3239} INFO - Sync 1 DAGs
[2024-09-26T13:36:24.666+0000] {logging_mixin.py:190} INFO - [2024-09-26T13:36:24.666+0000] {dag.py:4180} INFO - Setting next_dagrun for tutorial_dag to None, run_after=None
[2024-09-26T13:36:24.682+0000] {processor.py:208} INFO - Processing /home/airflow/.local/lib/python3.12/site-packages/airflow/example_dags/tutorial_dag.py took 0.058 seconds
[2024-09-26T13:36:55.039+0000] {processor.py:186} INFO - Started process (PID=23021) to work on /home/airflow/.local/lib/python3.12/site-packages/airflow/example_dags/tutorial_dag.py
[2024-09-26T13:36:55.040+0000] {processor.py:914} INFO - Processing file /home/airflow/.local/lib/python3.12/site-packages/airflow/example_dags/tutorial_dag.py for tasks to queue
[2024-09-26T13:36:55.042+0000] {logging_mixin.py:190} INFO - [2024-09-26T13:36:55.042+0000] {dagbag.py:588} INFO - Filling up the DagBag from /home/airflow/.local/lib/python3.12/site-packages/airflow/example_dags/tutorial_dag.py
[2024-09-26T13:36:55.047+0000] {processor.py:925} INFO - DAG(s) 'tutorial_dag' retrieved from /home/airflow/.local/lib/python3.12/site-packages/airflow/example_dags/tutorial_dag.py
[2024-09-26T13:36:55.062+0000] {logging_mixin.py:190} INFO - [2024-09-26T13:36:55.062+0000] {dag.py:3239} INFO - Sync 1 DAGs
[2024-09-26T13:36:55.075+0000] {logging_mixin.py:190} INFO - [2024-09-26T13:36:55.075+0000] {dag.py:4180} INFO - Setting next_dagrun for tutorial_dag to None, run_after=None
[2024-09-26T13:36:55.090+0000] {processor.py:208} INFO - Processing /home/airflow/.local/lib/python3.12/site-packages/airflow/example_dags/tutorial_dag.py took 0.055 seconds
[2024-09-26T13:37:25.240+0000] {processor.py:186} INFO - Started process (PID=23310) to work on /home/airflow/.local/lib/python3.12/site-packages/airflow/example_dags/tutorial_dag.py
[2024-09-26T13:37:25.240+0000] {processor.py:914} INFO - Processing file /home/airflow/.local/lib/python3.12/site-packages/airflow/example_dags/tutorial_dag.py for tasks to queue
[2024-09-26T13:37:25.242+0000] {logging_mixin.py:190} INFO - [2024-09-26T13:37:25.242+0000] {dagbag.py:588} INFO - Filling up the DagBag from /home/airflow/.local/lib/python3.12/site-packages/airflow/example_dags/tutorial_dag.py
[2024-09-26T13:37:25.248+0000] {processor.py:925} INFO - DAG(s) 'tutorial_dag' retrieved from /home/airflow/.local/lib/python3.12/site-packages/airflow/example_dags/tutorial_dag.py
[2024-09-26T13:37:25.263+0000] {logging_mixin.py:190} INFO - [2024-09-26T13:37:25.262+0000] {dag.py:3239} INFO - Sync 1 DAGs
[2024-09-26T13:37:25.276+0000] {logging_mixin.py:190} INFO - [2024-09-26T13:37:25.276+0000] {dag.py:4180} INFO - Setting next_dagrun for tutorial_dag to None, run_after=None
[2024-09-26T13:37:25.291+0000] {processor.py:208} INFO - Processing /home/airflow/.local/lib/python3.12/site-packages/airflow/example_dags/tutorial_dag.py took 0.056 seconds
[2024-09-26T13:37:56.237+0000] {processor.py:186} INFO - Started process (PID=23601) to work on /home/airflow/.local/lib/python3.12/site-packages/airflow/example_dags/tutorial_dag.py
[2024-09-26T13:37:56.238+0000] {processor.py:914} INFO - Processing file /home/airflow/.local/lib/python3.12/site-packages/airflow/example_dags/tutorial_dag.py for tasks to queue
[2024-09-26T13:37:56.239+0000] {logging_mixin.py:190} INFO - [2024-09-26T13:37:56.239+0000] {dagbag.py:588} INFO - Filling up the DagBag from /home/airflow/.local/lib/python3.12/site-packages/airflow/example_dags/tutorial_dag.py
[2024-09-26T13:37:56.245+0000] {processor.py:925} INFO - DAG(s) 'tutorial_dag' retrieved from /home/airflow/.local/lib/python3.12/site-packages/airflow/example_dags/tutorial_dag.py
[2024-09-26T13:37:56.260+0000] {logging_mixin.py:190} INFO - [2024-09-26T13:37:56.260+0000] {dag.py:3239} INFO - Sync 1 DAGs
[2024-09-26T13:37:56.272+0000] {logging_mixin.py:190} INFO - [2024-09-26T13:37:56.272+0000] {dag.py:4180} INFO - Setting next_dagrun for tutorial_dag to None, run_after=None
[2024-09-26T13:37:56.287+0000] {processor.py:208} INFO - Processing /home/airflow/.local/lib/python3.12/site-packages/airflow/example_dags/tutorial_dag.py took 0.055 seconds
[2024-09-26T13:38:26.361+0000] {processor.py:186} INFO - Started process (PID=23887) to work on /home/airflow/.local/lib/python3.12/site-packages/airflow/example_dags/tutorial_dag.py
[2024-09-26T13:38:26.362+0000] {processor.py:914} INFO - Processing file /home/airflow/.local/lib/python3.12/site-packages/airflow/example_dags/tutorial_dag.py for tasks to queue
[2024-09-26T13:38:26.364+0000] {logging_mixin.py:190} INFO - [2024-09-26T13:38:26.364+0000] {dagbag.py:588} INFO - Filling up the DagBag from /home/airflow/.local/lib/python3.12/site-packages/airflow/example_dags/tutorial_dag.py
[2024-09-26T13:38:26.369+0000] {processor.py:925} INFO - DAG(s) 'tutorial_dag' retrieved from /home/airflow/.local/lib/python3.12/site-packages/airflow/example_dags/tutorial_dag.py
[2024-09-26T13:38:26.384+0000] {logging_mixin.py:190} INFO - [2024-09-26T13:38:26.384+0000] {dag.py:3239} INFO - Sync 1 DAGs
[2024-09-26T13:38:26.396+0000] {logging_mixin.py:190} INFO - [2024-09-26T13:38:26.396+0000] {dag.py:4180} INFO - Setting next_dagrun for tutorial_dag to None, run_after=None
[2024-09-26T13:38:26.412+0000] {processor.py:208} INFO - Processing /home/airflow/.local/lib/python3.12/site-packages/airflow/example_dags/tutorial_dag.py took 0.055 seconds
[2024-09-26T13:38:56.500+0000] {processor.py:186} INFO - Started process (PID=24178) to work on /home/airflow/.local/lib/python3.12/site-packages/airflow/example_dags/tutorial_dag.py
[2024-09-26T13:38:56.501+0000] {processor.py:914} INFO - Processing file /home/airflow/.local/lib/python3.12/site-packages/airflow/example_dags/tutorial_dag.py for tasks to queue
[2024-09-26T13:38:56.503+0000] {logging_mixin.py:190} INFO - [2024-09-26T13:38:56.502+0000] {dagbag.py:588} INFO - Filling up the DagBag from /home/airflow/.local/lib/python3.12/site-packages/airflow/example_dags/tutorial_dag.py
[2024-09-26T13:38:56.508+0000] {processor.py:925} INFO - DAG(s) 'tutorial_dag' retrieved from /home/airflow/.local/lib/python3.12/site-packages/airflow/example_dags/tutorial_dag.py
[2024-09-26T13:38:56.524+0000] {logging_mixin.py:190} INFO - [2024-09-26T13:38:56.523+0000] {dag.py:3239} INFO - Sync 1 DAGs
[2024-09-26T13:38:56.536+0000] {logging_mixin.py:190} INFO - [2024-09-26T13:38:56.535+0000] {dag.py:4180} INFO - Setting next_dagrun for tutorial_dag to None, run_after=None
[2024-09-26T13:38:56.550+0000] {processor.py:208} INFO - Processing /home/airflow/.local/lib/python3.12/site-packages/airflow/example_dags/tutorial_dag.py took 0.054 seconds
[2024-09-26T13:39:26.745+0000] {processor.py:186} INFO - Started process (PID=24469) to work on /home/airflow/.local/lib/python3.12/site-packages/airflow/example_dags/tutorial_dag.py
[2024-09-26T13:39:26.746+0000] {processor.py:914} INFO - Processing file /home/airflow/.local/lib/python3.12/site-packages/airflow/example_dags/tutorial_dag.py for tasks to queue
[2024-09-26T13:39:26.748+0000] {logging_mixin.py:190} INFO - [2024-09-26T13:39:26.747+0000] {dagbag.py:588} INFO - Filling up the DagBag from /home/airflow/.local/lib/python3.12/site-packages/airflow/example_dags/tutorial_dag.py
[2024-09-26T13:39:26.753+0000] {processor.py:925} INFO - DAG(s) 'tutorial_dag' retrieved from /home/airflow/.local/lib/python3.12/site-packages/airflow/example_dags/tutorial_dag.py
[2024-09-26T13:39:26.769+0000] {logging_mixin.py:190} INFO - [2024-09-26T13:39:26.769+0000] {dag.py:3239} INFO - Sync 1 DAGs
[2024-09-26T13:39:26.782+0000] {logging_mixin.py:190} INFO - [2024-09-26T13:39:26.782+0000] {dag.py:4180} INFO - Setting next_dagrun for tutorial_dag to None, run_after=None
[2024-09-26T13:39:26.799+0000] {processor.py:208} INFO - Processing /home/airflow/.local/lib/python3.12/site-packages/airflow/example_dags/tutorial_dag.py took 0.059 seconds
[2024-09-26T13:39:57.004+0000] {processor.py:186} INFO - Started process (PID=24760) to work on /home/airflow/.local/lib/python3.12/site-packages/airflow/example_dags/tutorial_dag.py
[2024-09-26T13:39:57.004+0000] {processor.py:914} INFO - Processing file /home/airflow/.local/lib/python3.12/site-packages/airflow/example_dags/tutorial_dag.py for tasks to queue
[2024-09-26T13:39:57.006+0000] {logging_mixin.py:190} INFO - [2024-09-26T13:39:57.006+0000] {dagbag.py:588} INFO - Filling up the DagBag from /home/airflow/.local/lib/python3.12/site-packages/airflow/example_dags/tutorial_dag.py
[2024-09-26T13:39:57.011+0000] {processor.py:925} INFO - DAG(s) 'tutorial_dag' retrieved from /home/airflow/.local/lib/python3.12/site-packages/airflow/example_dags/tutorial_dag.py
[2024-09-26T13:39:57.027+0000] {logging_mixin.py:190} INFO - [2024-09-26T13:39:57.026+0000] {dag.py:3239} INFO - Sync 1 DAGs
[2024-09-26T13:39:57.039+0000] {logging_mixin.py:190} INFO - [2024-09-26T13:39:57.039+0000] {dag.py:4180} INFO - Setting next_dagrun for tutorial_dag to None, run_after=None
[2024-09-26T13:39:57.057+0000] {processor.py:208} INFO - Processing /home/airflow/.local/lib/python3.12/site-packages/airflow/example_dags/tutorial_dag.py took 0.057 seconds
[2024-09-26T13:40:27.203+0000] {processor.py:186} INFO - Started process (PID=25051) to work on /home/airflow/.local/lib/python3.12/site-packages/airflow/example_dags/tutorial_dag.py
[2024-09-26T13:40:27.203+0000] {processor.py:914} INFO - Processing file /home/airflow/.local/lib/python3.12/site-packages/airflow/example_dags/tutorial_dag.py for tasks to queue
[2024-09-26T13:40:27.205+0000] {logging_mixin.py:190} INFO - [2024-09-26T13:40:27.205+0000] {dagbag.py:588} INFO - Filling up the DagBag from /home/airflow/.local/lib/python3.12/site-packages/airflow/example_dags/tutorial_dag.py
[2024-09-26T13:40:27.211+0000] {processor.py:925} INFO - DAG(s) 'tutorial_dag' retrieved from /home/airflow/.local/lib/python3.12/site-packages/airflow/example_dags/tutorial_dag.py
[2024-09-26T13:40:27.226+0000] {logging_mixin.py:190} INFO - [2024-09-26T13:40:27.226+0000] {dag.py:3239} INFO - Sync 1 DAGs
[2024-09-26T13:40:27.238+0000] {logging_mixin.py:190} INFO - [2024-09-26T13:40:27.238+0000] {dag.py:4180} INFO - Setting next_dagrun for tutorial_dag to None, run_after=None
[2024-09-26T13:40:27.252+0000] {processor.py:208} INFO - Processing /home/airflow/.local/lib/python3.12/site-packages/airflow/example_dags/tutorial_dag.py took 0.054 seconds
[2024-09-26T13:40:57.512+0000] {processor.py:186} INFO - Started process (PID=25342) to work on /home/airflow/.local/lib/python3.12/site-packages/airflow/example_dags/tutorial_dag.py
[2024-09-26T13:40:57.513+0000] {processor.py:914} INFO - Processing file /home/airflow/.local/lib/python3.12/site-packages/airflow/example_dags/tutorial_dag.py for tasks to queue
[2024-09-26T13:40:57.514+0000] {logging_mixin.py:190} INFO - [2024-09-26T13:40:57.514+0000] {dagbag.py:588} INFO - Filling up the DagBag from /home/airflow/.local/lib/python3.12/site-packages/airflow/example_dags/tutorial_dag.py
[2024-09-26T13:40:57.520+0000] {processor.py:925} INFO - DAG(s) 'tutorial_dag' retrieved from /home/airflow/.local/lib/python3.12/site-packages/airflow/example_dags/tutorial_dag.py
[2024-09-26T13:40:57.534+0000] {logging_mixin.py:190} INFO - [2024-09-26T13:40:57.534+0000] {dag.py:3239} INFO - Sync 1 DAGs
[2024-09-26T13:40:57.546+0000] {logging_mixin.py:190} INFO - [2024-09-26T13:40:57.545+0000] {dag.py:4180} INFO - Setting next_dagrun for tutorial_dag to None, run_after=None
[2024-09-26T13:40:57.560+0000] {processor.py:208} INFO - Processing /home/airflow/.local/lib/python3.12/site-packages/airflow/example_dags/tutorial_dag.py took 0.052 seconds
[2024-09-26T13:41:27.796+0000] {processor.py:186} INFO - Started process (PID=25635) to work on /home/airflow/.local/lib/python3.12/site-packages/airflow/example_dags/tutorial_dag.py
[2024-09-26T13:41:27.797+0000] {processor.py:914} INFO - Processing file /home/airflow/.local/lib/python3.12/site-packages/airflow/example_dags/tutorial_dag.py for tasks to queue
[2024-09-26T13:41:27.799+0000] {logging_mixin.py:190} INFO - [2024-09-26T13:41:27.798+0000] {dagbag.py:588} INFO - Filling up the DagBag from /home/airflow/.local/lib/python3.12/site-packages/airflow/example_dags/tutorial_dag.py
[2024-09-26T13:41:27.804+0000] {processor.py:925} INFO - DAG(s) 'tutorial_dag' retrieved from /home/airflow/.local/lib/python3.12/site-packages/airflow/example_dags/tutorial_dag.py
[2024-09-26T13:41:27.818+0000] {logging_mixin.py:190} INFO - [2024-09-26T13:41:27.818+0000] {dag.py:3239} INFO - Sync 1 DAGs
[2024-09-26T13:41:27.831+0000] {logging_mixin.py:190} INFO - [2024-09-26T13:41:27.830+0000] {dag.py:4180} INFO - Setting next_dagrun for tutorial_dag to None, run_after=None
[2024-09-26T13:41:27.845+0000] {processor.py:208} INFO - Processing /home/airflow/.local/lib/python3.12/site-packages/airflow/example_dags/tutorial_dag.py took 0.053 seconds
[2024-09-26T13:41:58.065+0000] {processor.py:186} INFO - Started process (PID=25926) to work on /home/airflow/.local/lib/python3.12/site-packages/airflow/example_dags/tutorial_dag.py
[2024-09-26T13:41:58.066+0000] {processor.py:914} INFO - Processing file /home/airflow/.local/lib/python3.12/site-packages/airflow/example_dags/tutorial_dag.py for tasks to queue
[2024-09-26T13:41:58.068+0000] {logging_mixin.py:190} INFO - [2024-09-26T13:41:58.068+0000] {dagbag.py:588} INFO - Filling up the DagBag from /home/airflow/.local/lib/python3.12/site-packages/airflow/example_dags/tutorial_dag.py
[2024-09-26T13:41:58.073+0000] {processor.py:925} INFO - DAG(s) 'tutorial_dag' retrieved from /home/airflow/.local/lib/python3.12/site-packages/airflow/example_dags/tutorial_dag.py
[2024-09-26T13:41:58.088+0000] {logging_mixin.py:190} INFO - [2024-09-26T13:41:58.088+0000] {dag.py:3239} INFO - Sync 1 DAGs
[2024-09-26T13:41:58.100+0000] {logging_mixin.py:190} INFO - [2024-09-26T13:41:58.100+0000] {dag.py:4180} INFO - Setting next_dagrun for tutorial_dag to None, run_after=None
[2024-09-26T13:41:58.115+0000] {processor.py:208} INFO - Processing /home/airflow/.local/lib/python3.12/site-packages/airflow/example_dags/tutorial_dag.py took 0.054 seconds
[2024-09-26T13:42:28.538+0000] {processor.py:186} INFO - Started process (PID=26215) to work on /home/airflow/.local/lib/python3.12/site-packages/airflow/example_dags/tutorial_dag.py
[2024-09-26T13:42:28.538+0000] {processor.py:914} INFO - Processing file /home/airflow/.local/lib/python3.12/site-packages/airflow/example_dags/tutorial_dag.py for tasks to queue
[2024-09-26T13:42:28.540+0000] {logging_mixin.py:190} INFO - [2024-09-26T13:42:28.540+0000] {dagbag.py:588} INFO - Filling up the DagBag from /home/airflow/.local/lib/python3.12/site-packages/airflow/example_dags/tutorial_dag.py
[2024-09-26T13:42:28.546+0000] {processor.py:925} INFO - DAG(s) 'tutorial_dag' retrieved from /home/airflow/.local/lib/python3.12/site-packages/airflow/example_dags/tutorial_dag.py
[2024-09-26T13:42:28.559+0000] {logging_mixin.py:190} INFO - [2024-09-26T13:42:28.559+0000] {dag.py:3239} INFO - Sync 1 DAGs
[2024-09-26T13:42:28.571+0000] {logging_mixin.py:190} INFO - [2024-09-26T13:42:28.571+0000] {dag.py:4180} INFO - Setting next_dagrun for tutorial_dag to None, run_after=None
[2024-09-26T13:42:28.585+0000] {processor.py:208} INFO - Processing /home/airflow/.local/lib/python3.12/site-packages/airflow/example_dags/tutorial_dag.py took 0.052 seconds
[2024-09-26T13:42:58.817+0000] {processor.py:186} INFO - Started process (PID=26506) to work on /home/airflow/.local/lib/python3.12/site-packages/airflow/example_dags/tutorial_dag.py
[2024-09-26T13:42:58.818+0000] {processor.py:914} INFO - Processing file /home/airflow/.local/lib/python3.12/site-packages/airflow/example_dags/tutorial_dag.py for tasks to queue
[2024-09-26T13:42:58.820+0000] {logging_mixin.py:190} INFO - [2024-09-26T13:42:58.820+0000] {dagbag.py:588} INFO - Filling up the DagBag from /home/airflow/.local/lib/python3.12/site-packages/airflow/example_dags/tutorial_dag.py
[2024-09-26T13:42:58.825+0000] {processor.py:925} INFO - DAG(s) 'tutorial_dag' retrieved from /home/airflow/.local/lib/python3.12/site-packages/airflow/example_dags/tutorial_dag.py
[2024-09-26T13:42:58.840+0000] {logging_mixin.py:190} INFO - [2024-09-26T13:42:58.839+0000] {dag.py:3239} INFO - Sync 1 DAGs
[2024-09-26T13:42:58.851+0000] {logging_mixin.py:190} INFO - [2024-09-26T13:42:58.851+0000] {dag.py:4180} INFO - Setting next_dagrun for tutorial_dag to None, run_after=None
[2024-09-26T13:42:58.865+0000] {processor.py:208} INFO - Processing /home/airflow/.local/lib/python3.12/site-packages/airflow/example_dags/tutorial_dag.py took 0.052 seconds
[2024-09-26T13:43:29.864+0000] {processor.py:186} INFO - Started process (PID=26799) to work on /home/airflow/.local/lib/python3.12/site-packages/airflow/example_dags/tutorial_dag.py
[2024-09-26T13:43:29.865+0000] {processor.py:914} INFO - Processing file /home/airflow/.local/lib/python3.12/site-packages/airflow/example_dags/tutorial_dag.py for tasks to queue
[2024-09-26T13:43:29.867+0000] {logging_mixin.py:190} INFO - [2024-09-26T13:43:29.867+0000] {dagbag.py:588} INFO - Filling up the DagBag from /home/airflow/.local/lib/python3.12/site-packages/airflow/example_dags/tutorial_dag.py
[2024-09-26T13:43:29.872+0000] {processor.py:925} INFO - DAG(s) 'tutorial_dag' retrieved from /home/airflow/.local/lib/python3.12/site-packages/airflow/example_dags/tutorial_dag.py
[2024-09-26T13:43:29.887+0000] {logging_mixin.py:190} INFO - [2024-09-26T13:43:29.887+0000] {dag.py:3239} INFO - Sync 1 DAGs
[2024-09-26T13:43:29.899+0000] {logging_mixin.py:190} INFO - [2024-09-26T13:43:29.899+0000] {dag.py:4180} INFO - Setting next_dagrun for tutorial_dag to None, run_after=None
[2024-09-26T13:43:29.913+0000] {processor.py:208} INFO - Processing /home/airflow/.local/lib/python3.12/site-packages/airflow/example_dags/tutorial_dag.py took 0.054 seconds
[2024-09-26T13:44:00.067+0000] {processor.py:186} INFO - Started process (PID=27088) to work on /home/airflow/.local/lib/python3.12/site-packages/airflow/example_dags/tutorial_dag.py
[2024-09-26T13:44:00.068+0000] {processor.py:914} INFO - Processing file /home/airflow/.local/lib/python3.12/site-packages/airflow/example_dags/tutorial_dag.py for tasks to queue
[2024-09-26T13:44:00.070+0000] {logging_mixin.py:190} INFO - [2024-09-26T13:44:00.069+0000] {dagbag.py:588} INFO - Filling up the DagBag from /home/airflow/.local/lib/python3.12/site-packages/airflow/example_dags/tutorial_dag.py
[2024-09-26T13:44:00.075+0000] {processor.py:925} INFO - DAG(s) 'tutorial_dag' retrieved from /home/airflow/.local/lib/python3.12/site-packages/airflow/example_dags/tutorial_dag.py
[2024-09-26T13:44:00.090+0000] {logging_mixin.py:190} INFO - [2024-09-26T13:44:00.090+0000] {dag.py:3239} INFO - Sync 1 DAGs
[2024-09-26T13:44:00.103+0000] {logging_mixin.py:190} INFO - [2024-09-26T13:44:00.103+0000] {dag.py:4180} INFO - Setting next_dagrun for tutorial_dag to None, run_after=None
[2024-09-26T13:44:00.117+0000] {processor.py:208} INFO - Processing /home/airflow/.local/lib/python3.12/site-packages/airflow/example_dags/tutorial_dag.py took 0.054 seconds
[2024-09-26T13:44:30.394+0000] {processor.py:186} INFO - Started process (PID=27381) to work on /home/airflow/.local/lib/python3.12/site-packages/airflow/example_dags/tutorial_dag.py
[2024-09-26T13:44:30.395+0000] {processor.py:914} INFO - Processing file /home/airflow/.local/lib/python3.12/site-packages/airflow/example_dags/tutorial_dag.py for tasks to queue
[2024-09-26T13:44:30.397+0000] {logging_mixin.py:190} INFO - [2024-09-26T13:44:30.397+0000] {dagbag.py:588} INFO - Filling up the DagBag from /home/airflow/.local/lib/python3.12/site-packages/airflow/example_dags/tutorial_dag.py
[2024-09-26T13:44:30.402+0000] {processor.py:925} INFO - DAG(s) 'tutorial_dag' retrieved from /home/airflow/.local/lib/python3.12/site-packages/airflow/example_dags/tutorial_dag.py
[2024-09-26T13:44:30.418+0000] {logging_mixin.py:190} INFO - [2024-09-26T13:44:30.417+0000] {dag.py:3239} INFO - Sync 1 DAGs
[2024-09-26T13:44:30.430+0000] {logging_mixin.py:190} INFO - [2024-09-26T13:44:30.430+0000] {dag.py:4180} INFO - Setting next_dagrun for tutorial_dag to None, run_after=None
[2024-09-26T13:44:30.444+0000] {processor.py:208} INFO - Processing /home/airflow/.local/lib/python3.12/site-packages/airflow/example_dags/tutorial_dag.py took 0.055 seconds
[2024-09-26T13:45:00.559+0000] {processor.py:186} INFO - Started process (PID=27672) to work on /home/airflow/.local/lib/python3.12/site-packages/airflow/example_dags/tutorial_dag.py
[2024-09-26T13:45:00.559+0000] {processor.py:914} INFO - Processing file /home/airflow/.local/lib/python3.12/site-packages/airflow/example_dags/tutorial_dag.py for tasks to queue
[2024-09-26T13:45:00.561+0000] {logging_mixin.py:190} INFO - [2024-09-26T13:45:00.561+0000] {dagbag.py:588} INFO - Filling up the DagBag from /home/airflow/.local/lib/python3.12/site-packages/airflow/example_dags/tutorial_dag.py
[2024-09-26T13:45:00.567+0000] {processor.py:925} INFO - DAG(s) 'tutorial_dag' retrieved from /home/airflow/.local/lib/python3.12/site-packages/airflow/example_dags/tutorial_dag.py
[2024-09-26T13:45:00.583+0000] {logging_mixin.py:190} INFO - [2024-09-26T13:45:00.582+0000] {dag.py:3239} INFO - Sync 1 DAGs
[2024-09-26T13:45:00.595+0000] {logging_mixin.py:190} INFO - [2024-09-26T13:45:00.594+0000] {dag.py:4180} INFO - Setting next_dagrun for tutorial_dag to None, run_after=None
[2024-09-26T13:45:00.610+0000] {processor.py:208} INFO - Processing /home/airflow/.local/lib/python3.12/site-packages/airflow/example_dags/tutorial_dag.py took 0.056 seconds
[2024-09-26T13:45:31.504+0000] {processor.py:186} INFO - Started process (PID=27962) to work on /home/airflow/.local/lib/python3.12/site-packages/airflow/example_dags/tutorial_dag.py
[2024-09-26T13:45:31.505+0000] {processor.py:914} INFO - Processing file /home/airflow/.local/lib/python3.12/site-packages/airflow/example_dags/tutorial_dag.py for tasks to queue
[2024-09-26T13:45:31.507+0000] {logging_mixin.py:190} INFO - [2024-09-26T13:45:31.506+0000] {dagbag.py:588} INFO - Filling up the DagBag from /home/airflow/.local/lib/python3.12/site-packages/airflow/example_dags/tutorial_dag.py
[2024-09-26T13:45:31.512+0000] {processor.py:925} INFO - DAG(s) 'tutorial_dag' retrieved from /home/airflow/.local/lib/python3.12/site-packages/airflow/example_dags/tutorial_dag.py
[2024-09-26T13:45:31.527+0000] {logging_mixin.py:190} INFO - [2024-09-26T13:45:31.527+0000] {dag.py:3239} INFO - Sync 1 DAGs
[2024-09-26T13:45:31.539+0000] {logging_mixin.py:190} INFO - [2024-09-26T13:45:31.539+0000] {dag.py:4180} INFO - Setting next_dagrun for tutorial_dag to None, run_after=None
[2024-09-26T13:45:31.555+0000] {processor.py:208} INFO - Processing /home/airflow/.local/lib/python3.12/site-packages/airflow/example_dags/tutorial_dag.py took 0.056 seconds
[2024-09-26T13:46:02.531+0000] {processor.py:186} INFO - Started process (PID=28255) to work on /home/airflow/.local/lib/python3.12/site-packages/airflow/example_dags/tutorial_dag.py
[2024-09-26T13:46:02.532+0000] {processor.py:914} INFO - Processing file /home/airflow/.local/lib/python3.12/site-packages/airflow/example_dags/tutorial_dag.py for tasks to queue
[2024-09-26T13:46:02.534+0000] {logging_mixin.py:190} INFO - [2024-09-26T13:46:02.533+0000] {dagbag.py:588} INFO - Filling up the DagBag from /home/airflow/.local/lib/python3.12/site-packages/airflow/example_dags/tutorial_dag.py
[2024-09-26T13:46:02.539+0000] {processor.py:925} INFO - DAG(s) 'tutorial_dag' retrieved from /home/airflow/.local/lib/python3.12/site-packages/airflow/example_dags/tutorial_dag.py
[2024-09-26T13:46:02.554+0000] {logging_mixin.py:190} INFO - [2024-09-26T13:46:02.554+0000] {dag.py:3239} INFO - Sync 1 DAGs
[2024-09-26T13:46:02.567+0000] {logging_mixin.py:190} INFO - [2024-09-26T13:46:02.566+0000] {dag.py:4180} INFO - Setting next_dagrun for tutorial_dag to None, run_after=None
[2024-09-26T13:46:02.582+0000] {processor.py:208} INFO - Processing /home/airflow/.local/lib/python3.12/site-packages/airflow/example_dags/tutorial_dag.py took 0.056 seconds
[2024-09-26T13:46:32.644+0000] {processor.py:186} INFO - Started process (PID=28544) to work on /home/airflow/.local/lib/python3.12/site-packages/airflow/example_dags/tutorial_dag.py
[2024-09-26T13:46:32.645+0000] {processor.py:914} INFO - Processing file /home/airflow/.local/lib/python3.12/site-packages/airflow/example_dags/tutorial_dag.py for tasks to queue
[2024-09-26T13:46:32.647+0000] {logging_mixin.py:190} INFO - [2024-09-26T13:46:32.647+0000] {dagbag.py:588} INFO - Filling up the DagBag from /home/airflow/.local/lib/python3.12/site-packages/airflow/example_dags/tutorial_dag.py
[2024-09-26T13:46:32.652+0000] {processor.py:925} INFO - DAG(s) 'tutorial_dag' retrieved from /home/airflow/.local/lib/python3.12/site-packages/airflow/example_dags/tutorial_dag.py
[2024-09-26T13:46:32.667+0000] {logging_mixin.py:190} INFO - [2024-09-26T13:46:32.667+0000] {dag.py:3239} INFO - Sync 1 DAGs
[2024-09-26T13:46:32.679+0000] {logging_mixin.py:190} INFO - [2024-09-26T13:46:32.679+0000] {dag.py:4180} INFO - Setting next_dagrun for tutorial_dag to None, run_after=None
[2024-09-26T13:46:32.694+0000] {processor.py:208} INFO - Processing /home/airflow/.local/lib/python3.12/site-packages/airflow/example_dags/tutorial_dag.py took 0.055 seconds
[2024-09-26T13:47:03.093+0000] {processor.py:186} INFO - Started process (PID=28837) to work on /home/airflow/.local/lib/python3.12/site-packages/airflow/example_dags/tutorial_dag.py
[2024-09-26T13:47:03.093+0000] {processor.py:914} INFO - Processing file /home/airflow/.local/lib/python3.12/site-packages/airflow/example_dags/tutorial_dag.py for tasks to queue
[2024-09-26T13:47:03.095+0000] {logging_mixin.py:190} INFO - [2024-09-26T13:47:03.095+0000] {dagbag.py:588} INFO - Filling up the DagBag from /home/airflow/.local/lib/python3.12/site-packages/airflow/example_dags/tutorial_dag.py
[2024-09-26T13:47:03.101+0000] {processor.py:925} INFO - DAG(s) 'tutorial_dag' retrieved from /home/airflow/.local/lib/python3.12/site-packages/airflow/example_dags/tutorial_dag.py
[2024-09-26T13:47:03.115+0000] {logging_mixin.py:190} INFO - [2024-09-26T13:47:03.115+0000] {dag.py:3239} INFO - Sync 1 DAGs
[2024-09-26T13:47:03.128+0000] {logging_mixin.py:190} INFO - [2024-09-26T13:47:03.127+0000] {dag.py:4180} INFO - Setting next_dagrun for tutorial_dag to None, run_after=None
[2024-09-26T13:47:03.143+0000] {processor.py:208} INFO - Processing /home/airflow/.local/lib/python3.12/site-packages/airflow/example_dags/tutorial_dag.py took 0.055 seconds
[2024-09-26T13:47:34.434+0000] {processor.py:186} INFO - Started process (PID=29131) to work on /home/airflow/.local/lib/python3.12/site-packages/airflow/example_dags/tutorial_dag.py
[2024-09-26T13:47:34.435+0000] {processor.py:914} INFO - Processing file /home/airflow/.local/lib/python3.12/site-packages/airflow/example_dags/tutorial_dag.py for tasks to queue
[2024-09-26T13:47:34.437+0000] {logging_mixin.py:190} INFO - [2024-09-26T13:47:34.436+0000] {dagbag.py:588} INFO - Filling up the DagBag from /home/airflow/.local/lib/python3.12/site-packages/airflow/example_dags/tutorial_dag.py
[2024-09-26T13:47:34.442+0000] {processor.py:925} INFO - DAG(s) 'tutorial_dag' retrieved from /home/airflow/.local/lib/python3.12/site-packages/airflow/example_dags/tutorial_dag.py
[2024-09-26T13:47:34.458+0000] {logging_mixin.py:190} INFO - [2024-09-26T13:47:34.458+0000] {dag.py:3239} INFO - Sync 1 DAGs
[2024-09-26T13:47:34.471+0000] {logging_mixin.py:190} INFO - [2024-09-26T13:47:34.471+0000] {dag.py:4180} INFO - Setting next_dagrun for tutorial_dag to None, run_after=None
[2024-09-26T13:47:34.486+0000] {processor.py:208} INFO - Processing /home/airflow/.local/lib/python3.12/site-packages/airflow/example_dags/tutorial_dag.py took 0.057 seconds
