[2024-09-26T12:56:33.354+0000] {processor.py:186} INFO - Started process (PID=353) to work on /home/airflow/.local/lib/python3.12/site-packages/airflow/example_dags/tutorial.py
[2024-09-26T12:56:33.354+0000] {processor.py:914} INFO - Processing file /home/airflow/.local/lib/python3.12/site-packages/airflow/example_dags/tutorial.py for tasks to queue
[2024-09-26T12:56:33.356+0000] {logging_mixin.py:190} INFO - [2024-09-26T12:56:33.356+0000] {dagbag.py:588} INFO - Filling up the DagBag from /home/airflow/.local/lib/python3.12/site-packages/airflow/example_dags/tutorial.py
[2024-09-26T12:56:33.362+0000] {processor.py:925} INFO - DAG(s) 'tutorial' retrieved from /home/airflow/.local/lib/python3.12/site-packages/airflow/example_dags/tutorial.py
[2024-09-26T12:56:33.381+0000] {logging_mixin.py:190} INFO - [2024-09-26T12:56:33.381+0000] {dag.py:3239} INFO - Sync 1 DAGs
[2024-09-26T12:56:33.401+0000] {logging_mixin.py:190} INFO - [2024-09-26T12:56:33.401+0000] {dag.py:4180} INFO - Setting next_dagrun for tutorial to 2024-09-25 00:00:00+00:00, run_after=2024-09-26 00:00:00+00:00
[2024-09-26T12:56:33.415+0000] {processor.py:208} INFO - Processing /home/airflow/.local/lib/python3.12/site-packages/airflow/example_dags/tutorial.py took 0.066 seconds
[2024-09-26T12:57:03.590+0000] {processor.py:186} INFO - Started process (PID=644) to work on /home/airflow/.local/lib/python3.12/site-packages/airflow/example_dags/tutorial.py
[2024-09-26T12:57:03.591+0000] {processor.py:914} INFO - Processing file /home/airflow/.local/lib/python3.12/site-packages/airflow/example_dags/tutorial.py for tasks to queue
[2024-09-26T12:57:03.593+0000] {logging_mixin.py:190} INFO - [2024-09-26T12:57:03.593+0000] {dagbag.py:588} INFO - Filling up the DagBag from /home/airflow/.local/lib/python3.12/site-packages/airflow/example_dags/tutorial.py
[2024-09-26T12:57:03.599+0000] {processor.py:925} INFO - DAG(s) 'tutorial' retrieved from /home/airflow/.local/lib/python3.12/site-packages/airflow/example_dags/tutorial.py
[2024-09-26T12:57:03.613+0000] {logging_mixin.py:190} INFO - [2024-09-26T12:57:03.613+0000] {dag.py:3239} INFO - Sync 1 DAGs
[2024-09-26T12:57:03.632+0000] {logging_mixin.py:190} INFO - [2024-09-26T12:57:03.632+0000] {dag.py:4180} INFO - Setting next_dagrun for tutorial to 2024-09-25 00:00:00+00:00, run_after=2024-09-26 00:00:00+00:00
[2024-09-26T12:57:03.646+0000] {processor.py:208} INFO - Processing /home/airflow/.local/lib/python3.12/site-packages/airflow/example_dags/tutorial.py took 0.060 seconds
[2024-09-26T12:57:34.472+0000] {processor.py:186} INFO - Started process (PID=929) to work on /home/airflow/.local/lib/python3.12/site-packages/airflow/example_dags/tutorial.py
[2024-09-26T12:57:34.472+0000] {processor.py:914} INFO - Processing file /home/airflow/.local/lib/python3.12/site-packages/airflow/example_dags/tutorial.py for tasks to queue
[2024-09-26T12:57:34.474+0000] {logging_mixin.py:190} INFO - [2024-09-26T12:57:34.474+0000] {dagbag.py:588} INFO - Filling up the DagBag from /home/airflow/.local/lib/python3.12/site-packages/airflow/example_dags/tutorial.py
[2024-09-26T12:57:34.480+0000] {processor.py:925} INFO - DAG(s) 'tutorial' retrieved from /home/airflow/.local/lib/python3.12/site-packages/airflow/example_dags/tutorial.py
[2024-09-26T12:57:34.494+0000] {logging_mixin.py:190} INFO - [2024-09-26T12:57:34.494+0000] {dag.py:3239} INFO - Sync 1 DAGs
[2024-09-26T12:57:34.513+0000] {logging_mixin.py:190} INFO - [2024-09-26T12:57:34.513+0000] {dag.py:4180} INFO - Setting next_dagrun for tutorial to 2024-09-25 00:00:00+00:00, run_after=2024-09-26 00:00:00+00:00
[2024-09-26T12:57:34.528+0000] {processor.py:208} INFO - Processing /home/airflow/.local/lib/python3.12/site-packages/airflow/example_dags/tutorial.py took 0.061 seconds
[2024-09-26T12:58:05.535+0000] {processor.py:186} INFO - Started process (PID=1217) to work on /home/airflow/.local/lib/python3.12/site-packages/airflow/example_dags/tutorial.py
[2024-09-26T12:58:05.536+0000] {processor.py:914} INFO - Processing file /home/airflow/.local/lib/python3.12/site-packages/airflow/example_dags/tutorial.py for tasks to queue
[2024-09-26T12:58:05.538+0000] {logging_mixin.py:190} INFO - [2024-09-26T12:58:05.538+0000] {dagbag.py:588} INFO - Filling up the DagBag from /home/airflow/.local/lib/python3.12/site-packages/airflow/example_dags/tutorial.py
[2024-09-26T12:58:05.545+0000] {processor.py:925} INFO - DAG(s) 'tutorial' retrieved from /home/airflow/.local/lib/python3.12/site-packages/airflow/example_dags/tutorial.py
[2024-09-26T12:58:05.560+0000] {logging_mixin.py:190} INFO - [2024-09-26T12:58:05.560+0000] {dag.py:3239} INFO - Sync 1 DAGs
[2024-09-26T12:58:05.580+0000] {logging_mixin.py:190} INFO - [2024-09-26T12:58:05.580+0000] {dag.py:4180} INFO - Setting next_dagrun for tutorial to 2024-09-25 00:00:00+00:00, run_after=2024-09-26 00:00:00+00:00
[2024-09-26T12:58:05.594+0000] {processor.py:208} INFO - Processing /home/airflow/.local/lib/python3.12/site-packages/airflow/example_dags/tutorial.py took 0.064 seconds
[2024-09-26T12:58:35.716+0000] {processor.py:186} INFO - Started process (PID=1503) to work on /home/airflow/.local/lib/python3.12/site-packages/airflow/example_dags/tutorial.py
[2024-09-26T12:58:35.716+0000] {processor.py:914} INFO - Processing file /home/airflow/.local/lib/python3.12/site-packages/airflow/example_dags/tutorial.py for tasks to queue
[2024-09-26T12:58:35.718+0000] {logging_mixin.py:190} INFO - [2024-09-26T12:58:35.718+0000] {dagbag.py:588} INFO - Filling up the DagBag from /home/airflow/.local/lib/python3.12/site-packages/airflow/example_dags/tutorial.py
[2024-09-26T12:58:35.724+0000] {processor.py:925} INFO - DAG(s) 'tutorial' retrieved from /home/airflow/.local/lib/python3.12/site-packages/airflow/example_dags/tutorial.py
[2024-09-26T12:58:35.739+0000] {logging_mixin.py:190} INFO - [2024-09-26T12:58:35.739+0000] {dag.py:3239} INFO - Sync 1 DAGs
[2024-09-26T12:58:35.757+0000] {logging_mixin.py:190} INFO - [2024-09-26T12:58:35.757+0000] {dag.py:4180} INFO - Setting next_dagrun for tutorial to 2024-09-25 00:00:00+00:00, run_after=2024-09-26 00:00:00+00:00
[2024-09-26T12:58:35.771+0000] {processor.py:208} INFO - Processing /home/airflow/.local/lib/python3.12/site-packages/airflow/example_dags/tutorial.py took 0.060 seconds
[2024-09-26T12:59:06.684+0000] {processor.py:186} INFO - Started process (PID=1787) to work on /home/airflow/.local/lib/python3.12/site-packages/airflow/example_dags/tutorial.py
[2024-09-26T12:59:06.684+0000] {processor.py:914} INFO - Processing file /home/airflow/.local/lib/python3.12/site-packages/airflow/example_dags/tutorial.py for tasks to queue
[2024-09-26T12:59:06.686+0000] {logging_mixin.py:190} INFO - [2024-09-26T12:59:06.686+0000] {dagbag.py:588} INFO - Filling up the DagBag from /home/airflow/.local/lib/python3.12/site-packages/airflow/example_dags/tutorial.py
[2024-09-26T12:59:06.692+0000] {processor.py:925} INFO - DAG(s) 'tutorial' retrieved from /home/airflow/.local/lib/python3.12/site-packages/airflow/example_dags/tutorial.py
[2024-09-26T12:59:06.706+0000] {logging_mixin.py:190} INFO - [2024-09-26T12:59:06.706+0000] {dag.py:3239} INFO - Sync 1 DAGs
[2024-09-26T12:59:06.725+0000] {logging_mixin.py:190} INFO - [2024-09-26T12:59:06.725+0000] {dag.py:4180} INFO - Setting next_dagrun for tutorial to 2024-09-25 00:00:00+00:00, run_after=2024-09-26 00:00:00+00:00
[2024-09-26T12:59:06.741+0000] {processor.py:208} INFO - Processing /home/airflow/.local/lib/python3.12/site-packages/airflow/example_dags/tutorial.py took 0.062 seconds
[2024-09-26T12:59:37.624+0000] {processor.py:186} INFO - Started process (PID=2073) to work on /home/airflow/.local/lib/python3.12/site-packages/airflow/example_dags/tutorial.py
[2024-09-26T12:59:37.625+0000] {processor.py:914} INFO - Processing file /home/airflow/.local/lib/python3.12/site-packages/airflow/example_dags/tutorial.py for tasks to queue
[2024-09-26T12:59:37.626+0000] {logging_mixin.py:190} INFO - [2024-09-26T12:59:37.626+0000] {dagbag.py:588} INFO - Filling up the DagBag from /home/airflow/.local/lib/python3.12/site-packages/airflow/example_dags/tutorial.py
[2024-09-26T12:59:37.632+0000] {processor.py:925} INFO - DAG(s) 'tutorial' retrieved from /home/airflow/.local/lib/python3.12/site-packages/airflow/example_dags/tutorial.py
[2024-09-26T12:59:37.645+0000] {logging_mixin.py:190} INFO - [2024-09-26T12:59:37.645+0000] {dag.py:3239} INFO - Sync 1 DAGs
[2024-09-26T12:59:37.664+0000] {logging_mixin.py:190} INFO - [2024-09-26T12:59:37.664+0000] {dag.py:4180} INFO - Setting next_dagrun for tutorial to 2024-09-25 00:00:00+00:00, run_after=2024-09-26 00:00:00+00:00
[2024-09-26T12:59:37.678+0000] {processor.py:208} INFO - Processing /home/airflow/.local/lib/python3.12/site-packages/airflow/example_dags/tutorial.py took 0.058 seconds
[2024-09-26T13:00:08.619+0000] {processor.py:186} INFO - Started process (PID=2361) to work on /home/airflow/.local/lib/python3.12/site-packages/airflow/example_dags/tutorial.py
[2024-09-26T13:00:08.620+0000] {processor.py:914} INFO - Processing file /home/airflow/.local/lib/python3.12/site-packages/airflow/example_dags/tutorial.py for tasks to queue
[2024-09-26T13:00:08.622+0000] {logging_mixin.py:190} INFO - [2024-09-26T13:00:08.622+0000] {dagbag.py:588} INFO - Filling up the DagBag from /home/airflow/.local/lib/python3.12/site-packages/airflow/example_dags/tutorial.py
[2024-09-26T13:00:08.628+0000] {processor.py:925} INFO - DAG(s) 'tutorial' retrieved from /home/airflow/.local/lib/python3.12/site-packages/airflow/example_dags/tutorial.py
[2024-09-26T13:00:08.643+0000] {logging_mixin.py:190} INFO - [2024-09-26T13:00:08.643+0000] {dag.py:3239} INFO - Sync 1 DAGs
[2024-09-26T13:00:08.663+0000] {logging_mixin.py:190} INFO - [2024-09-26T13:00:08.663+0000] {dag.py:4180} INFO - Setting next_dagrun for tutorial to 2024-09-25 00:00:00+00:00, run_after=2024-09-26 00:00:00+00:00
[2024-09-26T13:00:08.678+0000] {processor.py:208} INFO - Processing /home/airflow/.local/lib/python3.12/site-packages/airflow/example_dags/tutorial.py took 0.063 seconds
[2024-09-26T13:00:39.483+0000] {processor.py:186} INFO - Started process (PID=2645) to work on /home/airflow/.local/lib/python3.12/site-packages/airflow/example_dags/tutorial.py
[2024-09-26T13:00:39.484+0000] {processor.py:914} INFO - Processing file /home/airflow/.local/lib/python3.12/site-packages/airflow/example_dags/tutorial.py for tasks to queue
[2024-09-26T13:00:39.486+0000] {logging_mixin.py:190} INFO - [2024-09-26T13:00:39.485+0000] {dagbag.py:588} INFO - Filling up the DagBag from /home/airflow/.local/lib/python3.12/site-packages/airflow/example_dags/tutorial.py
[2024-09-26T13:00:39.492+0000] {processor.py:925} INFO - DAG(s) 'tutorial' retrieved from /home/airflow/.local/lib/python3.12/site-packages/airflow/example_dags/tutorial.py
[2024-09-26T13:00:39.507+0000] {logging_mixin.py:190} INFO - [2024-09-26T13:00:39.507+0000] {dag.py:3239} INFO - Sync 1 DAGs
[2024-09-26T13:00:39.526+0000] {logging_mixin.py:190} INFO - [2024-09-26T13:00:39.526+0000] {dag.py:4180} INFO - Setting next_dagrun for tutorial to 2024-09-25 00:00:00+00:00, run_after=2024-09-26 00:00:00+00:00
[2024-09-26T13:00:39.543+0000] {processor.py:208} INFO - Processing /home/airflow/.local/lib/python3.12/site-packages/airflow/example_dags/tutorial.py took 0.064 seconds
[2024-09-26T13:01:10.404+0000] {processor.py:186} INFO - Started process (PID=2933) to work on /home/airflow/.local/lib/python3.12/site-packages/airflow/example_dags/tutorial.py
[2024-09-26T13:01:10.405+0000] {processor.py:914} INFO - Processing file /home/airflow/.local/lib/python3.12/site-packages/airflow/example_dags/tutorial.py for tasks to queue
[2024-09-26T13:01:10.407+0000] {logging_mixin.py:190} INFO - [2024-09-26T13:01:10.406+0000] {dagbag.py:588} INFO - Filling up the DagBag from /home/airflow/.local/lib/python3.12/site-packages/airflow/example_dags/tutorial.py
[2024-09-26T13:01:10.412+0000] {processor.py:925} INFO - DAG(s) 'tutorial' retrieved from /home/airflow/.local/lib/python3.12/site-packages/airflow/example_dags/tutorial.py
[2024-09-26T13:01:10.427+0000] {logging_mixin.py:190} INFO - [2024-09-26T13:01:10.427+0000] {dag.py:3239} INFO - Sync 1 DAGs
[2024-09-26T13:01:10.447+0000] {logging_mixin.py:190} INFO - [2024-09-26T13:01:10.447+0000] {dag.py:4180} INFO - Setting next_dagrun for tutorial to 2024-09-25 00:00:00+00:00, run_after=2024-09-26 00:00:00+00:00
[2024-09-26T13:01:10.462+0000] {processor.py:208} INFO - Processing /home/airflow/.local/lib/python3.12/site-packages/airflow/example_dags/tutorial.py took 0.062 seconds
[2024-09-26T13:01:41.213+0000] {processor.py:186} INFO - Started process (PID=3217) to work on /home/airflow/.local/lib/python3.12/site-packages/airflow/example_dags/tutorial.py
[2024-09-26T13:01:41.214+0000] {processor.py:914} INFO - Processing file /home/airflow/.local/lib/python3.12/site-packages/airflow/example_dags/tutorial.py for tasks to queue
[2024-09-26T13:01:41.216+0000] {logging_mixin.py:190} INFO - [2024-09-26T13:01:41.216+0000] {dagbag.py:588} INFO - Filling up the DagBag from /home/airflow/.local/lib/python3.12/site-packages/airflow/example_dags/tutorial.py
[2024-09-26T13:01:41.221+0000] {processor.py:925} INFO - DAG(s) 'tutorial' retrieved from /home/airflow/.local/lib/python3.12/site-packages/airflow/example_dags/tutorial.py
[2024-09-26T13:01:41.236+0000] {logging_mixin.py:190} INFO - [2024-09-26T13:01:41.235+0000] {dag.py:3239} INFO - Sync 1 DAGs
[2024-09-26T13:01:41.255+0000] {logging_mixin.py:190} INFO - [2024-09-26T13:01:41.255+0000] {dag.py:4180} INFO - Setting next_dagrun for tutorial to 2024-09-25 00:00:00+00:00, run_after=2024-09-26 00:00:00+00:00
[2024-09-26T13:01:41.271+0000] {processor.py:208} INFO - Processing /home/airflow/.local/lib/python3.12/site-packages/airflow/example_dags/tutorial.py took 0.061 seconds
[2024-09-26T13:02:12.110+0000] {processor.py:186} INFO - Started process (PID=3503) to work on /home/airflow/.local/lib/python3.12/site-packages/airflow/example_dags/tutorial.py
[2024-09-26T13:02:12.111+0000] {processor.py:914} INFO - Processing file /home/airflow/.local/lib/python3.12/site-packages/airflow/example_dags/tutorial.py for tasks to queue
[2024-09-26T13:02:12.113+0000] {logging_mixin.py:190} INFO - [2024-09-26T13:02:12.113+0000] {dagbag.py:588} INFO - Filling up the DagBag from /home/airflow/.local/lib/python3.12/site-packages/airflow/example_dags/tutorial.py
[2024-09-26T13:02:12.119+0000] {processor.py:925} INFO - DAG(s) 'tutorial' retrieved from /home/airflow/.local/lib/python3.12/site-packages/airflow/example_dags/tutorial.py
[2024-09-26T13:02:12.134+0000] {logging_mixin.py:190} INFO - [2024-09-26T13:02:12.133+0000] {dag.py:3239} INFO - Sync 1 DAGs
[2024-09-26T13:02:12.153+0000] {logging_mixin.py:190} INFO - [2024-09-26T13:02:12.153+0000] {dag.py:4180} INFO - Setting next_dagrun for tutorial to 2024-09-25 00:00:00+00:00, run_after=2024-09-26 00:00:00+00:00
[2024-09-26T13:02:12.168+0000] {processor.py:208} INFO - Processing /home/airflow/.local/lib/python3.12/site-packages/airflow/example_dags/tutorial.py took 0.062 seconds
[2024-09-26T13:02:42.903+0000] {processor.py:186} INFO - Started process (PID=3789) to work on /home/airflow/.local/lib/python3.12/site-packages/airflow/example_dags/tutorial.py
[2024-09-26T13:02:42.903+0000] {processor.py:914} INFO - Processing file /home/airflow/.local/lib/python3.12/site-packages/airflow/example_dags/tutorial.py for tasks to queue
[2024-09-26T13:02:42.906+0000] {logging_mixin.py:190} INFO - [2024-09-26T13:02:42.905+0000] {dagbag.py:588} INFO - Filling up the DagBag from /home/airflow/.local/lib/python3.12/site-packages/airflow/example_dags/tutorial.py
[2024-09-26T13:02:42.912+0000] {processor.py:925} INFO - DAG(s) 'tutorial' retrieved from /home/airflow/.local/lib/python3.12/site-packages/airflow/example_dags/tutorial.py
[2024-09-26T13:02:42.927+0000] {logging_mixin.py:190} INFO - [2024-09-26T13:02:42.927+0000] {dag.py:3239} INFO - Sync 1 DAGs
[2024-09-26T13:02:42.947+0000] {logging_mixin.py:190} INFO - [2024-09-26T13:02:42.947+0000] {dag.py:4180} INFO - Setting next_dagrun for tutorial to 2024-09-25 00:00:00+00:00, run_after=2024-09-26 00:00:00+00:00
[2024-09-26T13:02:42.962+0000] {processor.py:208} INFO - Processing /home/airflow/.local/lib/python3.12/site-packages/airflow/example_dags/tutorial.py took 0.064 seconds
[2024-09-26T13:03:13.852+0000] {processor.py:186} INFO - Started process (PID=4081) to work on /home/airflow/.local/lib/python3.12/site-packages/airflow/example_dags/tutorial.py
[2024-09-26T13:03:13.853+0000] {processor.py:914} INFO - Processing file /home/airflow/.local/lib/python3.12/site-packages/airflow/example_dags/tutorial.py for tasks to queue
[2024-09-26T13:03:13.855+0000] {logging_mixin.py:190} INFO - [2024-09-26T13:03:13.855+0000] {dagbag.py:588} INFO - Filling up the DagBag from /home/airflow/.local/lib/python3.12/site-packages/airflow/example_dags/tutorial.py
[2024-09-26T13:03:13.860+0000] {processor.py:925} INFO - DAG(s) 'tutorial' retrieved from /home/airflow/.local/lib/python3.12/site-packages/airflow/example_dags/tutorial.py
[2024-09-26T13:03:13.874+0000] {logging_mixin.py:190} INFO - [2024-09-26T13:03:13.874+0000] {dag.py:3239} INFO - Sync 1 DAGs
[2024-09-26T13:03:13.893+0000] {logging_mixin.py:190} INFO - [2024-09-26T13:03:13.893+0000] {dag.py:4180} INFO - Setting next_dagrun for tutorial to 2024-09-25 00:00:00+00:00, run_after=2024-09-26 00:00:00+00:00
[2024-09-26T13:03:13.907+0000] {processor.py:208} INFO - Processing /home/airflow/.local/lib/python3.12/site-packages/airflow/example_dags/tutorial.py took 0.059 seconds
[2024-09-26T13:03:44.768+0000] {processor.py:186} INFO - Started process (PID=4367) to work on /home/airflow/.local/lib/python3.12/site-packages/airflow/example_dags/tutorial.py
[2024-09-26T13:03:44.769+0000] {processor.py:914} INFO - Processing file /home/airflow/.local/lib/python3.12/site-packages/airflow/example_dags/tutorial.py for tasks to queue
[2024-09-26T13:03:44.771+0000] {logging_mixin.py:190} INFO - [2024-09-26T13:03:44.771+0000] {dagbag.py:588} INFO - Filling up the DagBag from /home/airflow/.local/lib/python3.12/site-packages/airflow/example_dags/tutorial.py
[2024-09-26T13:03:44.777+0000] {processor.py:925} INFO - DAG(s) 'tutorial' retrieved from /home/airflow/.local/lib/python3.12/site-packages/airflow/example_dags/tutorial.py
[2024-09-26T13:03:44.791+0000] {logging_mixin.py:190} INFO - [2024-09-26T13:03:44.791+0000] {dag.py:3239} INFO - Sync 1 DAGs
[2024-09-26T13:03:44.809+0000] {logging_mixin.py:190} INFO - [2024-09-26T13:03:44.809+0000] {dag.py:4180} INFO - Setting next_dagrun for tutorial to 2024-09-25 00:00:00+00:00, run_after=2024-09-26 00:00:00+00:00
[2024-09-26T13:03:44.823+0000] {processor.py:208} INFO - Processing /home/airflow/.local/lib/python3.12/site-packages/airflow/example_dags/tutorial.py took 0.059 seconds
[2024-09-26T13:04:15.684+0000] {processor.py:186} INFO - Started process (PID=4653) to work on /home/airflow/.local/lib/python3.12/site-packages/airflow/example_dags/tutorial.py
[2024-09-26T13:04:15.685+0000] {processor.py:914} INFO - Processing file /home/airflow/.local/lib/python3.12/site-packages/airflow/example_dags/tutorial.py for tasks to queue
[2024-09-26T13:04:15.687+0000] {logging_mixin.py:190} INFO - [2024-09-26T13:04:15.687+0000] {dagbag.py:588} INFO - Filling up the DagBag from /home/airflow/.local/lib/python3.12/site-packages/airflow/example_dags/tutorial.py
[2024-09-26T13:04:15.693+0000] {processor.py:925} INFO - DAG(s) 'tutorial' retrieved from /home/airflow/.local/lib/python3.12/site-packages/airflow/example_dags/tutorial.py
[2024-09-26T13:04:15.707+0000] {logging_mixin.py:190} INFO - [2024-09-26T13:04:15.707+0000] {dag.py:3239} INFO - Sync 1 DAGs
[2024-09-26T13:04:15.726+0000] {logging_mixin.py:190} INFO - [2024-09-26T13:04:15.726+0000] {dag.py:4180} INFO - Setting next_dagrun for tutorial to 2024-09-25 00:00:00+00:00, run_after=2024-09-26 00:00:00+00:00
[2024-09-26T13:04:15.741+0000] {processor.py:208} INFO - Processing /home/airflow/.local/lib/python3.12/site-packages/airflow/example_dags/tutorial.py took 0.061 seconds
[2024-09-26T13:04:46.723+0000] {processor.py:186} INFO - Started process (PID=4939) to work on /home/airflow/.local/lib/python3.12/site-packages/airflow/example_dags/tutorial.py
[2024-09-26T13:04:46.724+0000] {processor.py:914} INFO - Processing file /home/airflow/.local/lib/python3.12/site-packages/airflow/example_dags/tutorial.py for tasks to queue
[2024-09-26T13:04:46.728+0000] {logging_mixin.py:190} INFO - [2024-09-26T13:04:46.727+0000] {dagbag.py:588} INFO - Filling up the DagBag from /home/airflow/.local/lib/python3.12/site-packages/airflow/example_dags/tutorial.py
[2024-09-26T13:04:46.736+0000] {processor.py:925} INFO - DAG(s) 'tutorial' retrieved from /home/airflow/.local/lib/python3.12/site-packages/airflow/example_dags/tutorial.py
[2024-09-26T13:04:46.753+0000] {logging_mixin.py:190} INFO - [2024-09-26T13:04:46.752+0000] {dag.py:3239} INFO - Sync 1 DAGs
[2024-09-26T13:04:46.787+0000] {logging_mixin.py:190} INFO - [2024-09-26T13:04:46.787+0000] {dag.py:4180} INFO - Setting next_dagrun for tutorial to 2024-09-25 00:00:00+00:00, run_after=2024-09-26 00:00:00+00:00
[2024-09-26T13:04:46.810+0000] {processor.py:208} INFO - Processing /home/airflow/.local/lib/python3.12/site-packages/airflow/example_dags/tutorial.py took 0.093 seconds
[2024-09-26T13:05:16.922+0000] {processor.py:186} INFO - Started process (PID=5227) to work on /home/airflow/.local/lib/python3.12/site-packages/airflow/example_dags/tutorial.py
[2024-09-26T13:05:16.925+0000] {processor.py:914} INFO - Processing file /home/airflow/.local/lib/python3.12/site-packages/airflow/example_dags/tutorial.py for tasks to queue
[2024-09-26T13:05:16.929+0000] {logging_mixin.py:190} INFO - [2024-09-26T13:05:16.928+0000] {dagbag.py:588} INFO - Filling up the DagBag from /home/airflow/.local/lib/python3.12/site-packages/airflow/example_dags/tutorial.py
[2024-09-26T13:05:16.936+0000] {processor.py:925} INFO - DAG(s) 'tutorial' retrieved from /home/airflow/.local/lib/python3.12/site-packages/airflow/example_dags/tutorial.py
[2024-09-26T13:05:16.959+0000] {logging_mixin.py:190} INFO - [2024-09-26T13:05:16.959+0000] {dag.py:3239} INFO - Sync 1 DAGs
[2024-09-26T13:05:16.985+0000] {logging_mixin.py:190} INFO - [2024-09-26T13:05:16.984+0000] {dag.py:4180} INFO - Setting next_dagrun for tutorial to 2024-09-25 00:00:00+00:00, run_after=2024-09-26 00:00:00+00:00
[2024-09-26T13:05:16.999+0000] {processor.py:208} INFO - Processing /home/airflow/.local/lib/python3.12/site-packages/airflow/example_dags/tutorial.py took 0.083 seconds
[2024-09-26T13:05:47.137+0000] {processor.py:186} INFO - Started process (PID=5513) to work on /home/airflow/.local/lib/python3.12/site-packages/airflow/example_dags/tutorial.py
[2024-09-26T13:05:47.138+0000] {processor.py:914} INFO - Processing file /home/airflow/.local/lib/python3.12/site-packages/airflow/example_dags/tutorial.py for tasks to queue
[2024-09-26T13:05:47.139+0000] {logging_mixin.py:190} INFO - [2024-09-26T13:05:47.139+0000] {dagbag.py:588} INFO - Filling up the DagBag from /home/airflow/.local/lib/python3.12/site-packages/airflow/example_dags/tutorial.py
[2024-09-26T13:05:47.145+0000] {processor.py:925} INFO - DAG(s) 'tutorial' retrieved from /home/airflow/.local/lib/python3.12/site-packages/airflow/example_dags/tutorial.py
[2024-09-26T13:05:47.159+0000] {logging_mixin.py:190} INFO - [2024-09-26T13:05:47.159+0000] {dag.py:3239} INFO - Sync 1 DAGs
[2024-09-26T13:05:47.178+0000] {logging_mixin.py:190} INFO - [2024-09-26T13:05:47.177+0000] {dag.py:4180} INFO - Setting next_dagrun for tutorial to 2024-09-25 00:00:00+00:00, run_after=2024-09-26 00:00:00+00:00
[2024-09-26T13:05:47.192+0000] {processor.py:208} INFO - Processing /home/airflow/.local/lib/python3.12/site-packages/airflow/example_dags/tutorial.py took 0.059 seconds
